2004.05.26 18:10 B E:\Documents and Settings\Adam Knox\My Documents\Web Sites\scripts\xmbforum\Files\images\CVS\Entries --> ftp.skate-world.net /public_html/forum/images/CVS Entries
2004.05.26 18:10 B E:\Documents and Settings\Adam Knox\My Documents\Web Sites\scripts\xmbforum\Files\images\CVS\Entries.Log --> ftp.skate-world.net /public_html/forum/images/CVS Entries.Log
2004.05.26 18:10 B E:\Documents and Settings\Adam Knox\My Documents\Web Sites\scripts\xmbforum\Files\images\CVS\Repository --> ftp.skate-world.net /public_html/forum/images/CVS Repository
2004.05.26 18:10 B E:\Documents and Settings\Adam Knox\My Documents\Web Sites\scripts\xmbforum\Files\images\CVS\Root --> ftp.skate-world.net /public_html/forum/images/CVS Root
2004.05.26 19:01 B E:\Documents and Settings\Adam Knox\My Documents\Web Sites\scripts\Xmbforum_noshop\Files\images\CVS\Entries --> ftp.skate-world.net /public_html/forum/images/CVS Entries
2004.05.26 19:01 B E:\Documents and Settings\Adam Knox\My Documents\Web Sites\scripts\Xmbforum_noshop\Files\images\CVS\Entries.Log --> ftp.skate-world.net /public_html/forum/images/CVS Entries.Log
2004.05.26 19:01 B E:\Documents and Settings\Adam Knox\My Documents\Web Sites\scripts\Xmbforum_noshop\Files\images\CVS\Repository --> ftp.skate-world.net /public_html/forum/images/CVS Repository
2004.05.26 19:01 B E:\Documents and Settings\Adam Knox\My Documents\Web Sites\scripts\Xmbforum_noshop\Files\images\CVS\Root --> ftp.skate-world.net /public_html/forum/images/CVS Root
2004.05.28 18:01 B E:\Documents and Settings\Adam Knox\My Documents\Web Sites\skate world\forumsite\images\CVS\WS_FTP.LOG <-- Skate world /public_html/forum/images/CVS WS_FTP.LOG
2004.05.28 18:17 B E:\Documents and Settings\Adam Knox\My Documents\Web Sites\skate world\forumsite\images\CVS\Entries --> ftp.skate-world.net /public_html/images/CVS Entries
2004.05.28 18:17 B E:\Documents and Settings\Adam Knox\My Documents\Web Sites\skate world\forumsite\images\CVS\Entries.Log --> ftp.skate-world.net /public_html/images/CVS Entries.Log
2004.05.28 18:17 B E:\Documents and Settings\Adam Knox\My Documents\Web Sites\skate world\forumsite\images\CVS\Repository --> ftp.skate-world.net /public_html/images/CVS Repository
2004.05.28 18:17 B E:\Documents and Settings\Adam Knox\My Documents\Web Sites\skate world\forumsite\images\CVS\Root --> ftp.skate-world.net /public_html/images/CVS Root
2004.08.26 15:42 B E:\Documents and Settings\Adam Knox\Desktop\SKATE WORLD UNCLEAN\public_html\images\CVS\WS_FTP.LOG <-- Skate world /public_html/images/CVS WS_FTP.LOG
2004.08.26 21:24 B E:\Documents and Settings\Adam Knox\Desktop\Skate world redone\forum\images\CVS\Entries --> ftp.skate-world.net /public_html/forum/images/CVS Entries
2004.08.26 21:24 B E:\Documents and Settings\Adam Knox\Desktop\Skate world redone\forum\images\CVS\Entries.Log --> ftp.skate-world.net /public_html/forum/images/CVS Entries.Log
2004.08.26 21:24 B E:\Documents and Settings\Adam Knox\Desktop\Skate world redone\forum\images\CVS\Repository --> ftp.skate-world.net /public_html/forum/images/CVS Repository
2004.08.26 21:24 B E:\Documents and Settings\Adam Knox\Desktop\Skate world redone\forum\images\CVS\Root --> ftp.skate-world.net /public_html/forum/images/CVS Root
2004.09.20 16:34 B E:\Documents and Settings\Adam Knox\My Documents\Skate World\backup\forum\images\CVS\WS_FTP.LOG <-- Skate world Temporary /public_html/forum/images/CVS WS_FTP.LOG
2004.10.02 20:24 B G:\Documents and Settings\bilbo\My Documents\Skate World\backup\FOLDERS\forum\images\CVS\Entries --> host215.ipowerweb.com /public_html/forum/images/CVS Entries
2004.10.02 20:24 B G:\Documents and Settings\bilbo\My Documents\Skate World\backup\FOLDERS\forum\images\CVS\Entries.Log --> host215.ipowerweb.com /public_html/forum/images/CVS Entries.Log
2004.10.02 20:24 B G:\Documents and Settings\bilbo\My Documents\Skate World\backup\FOLDERS\forum\images\CVS\Repository --> host215.ipowerweb.com /public_html/forum/images/CVS Repository
2004.10.02 20:24 B G:\Documents and Settings\bilbo\My Documents\Skate World\backup\FOLDERS\forum\images\CVS\Root --> host215.ipowerweb.com /public_html/forum/images/CVS Root
2004.10.02 20:24 B G:\Documents and Settings\bilbo\My Documents\Skate World\backup\FOLDERS\forum\images\CVS\WS_FTP.LOG --> host215.ipowerweb.com /public_html/forum/images/CVS WS_FTP.LOG
2005.08.29 22:32 B C:\Documents and Settings\Adam.ADAMK\My Documents\Programming\Switch Skate\Layouts\Backups\File Backups\public_html\forums\images\CVS\WS_FTP.LOG <-- Switch Skate /public_html/forums/images/CVS WS_FTP.LOG
