2004.05.26 18:11 B E:\Documents and Settings\Adam Knox\My Documents\Web Sites\scripts\xmbforum\Files\images\greyalliance\address.gif --> ftp.skate-world.net /public_html/forum/images/greyalliance address.gif
2004.05.26 18:11 B E:\Documents and Settings\Adam Knox\My Documents\Web Sites\scripts\xmbforum\Files\images\greyalliance\aim.gif --> ftp.skate-world.net /public_html/forum/images/greyalliance aim.gif
2004.05.26 18:11 B E:\Documents and Settings\Adam Knox\My Documents\Web Sites\scripts\xmbforum\Files\images\greyalliance\arrow_dw.gif --> ftp.skate-world.net /public_html/forum/images/greyalliance arrow_dw.gif
2004.05.26 18:11 B E:\Documents and Settings\Adam Knox\My Documents\Web Sites\scripts\xmbforum\Files\images\greyalliance\arrow_up.gif --> ftp.skate-world.net /public_html/forum/images/greyalliance arrow_up.gif
2004.05.26 18:11 B E:\Documents and Settings\Adam Knox\My Documents\Web Sites\scripts\xmbforum\Files\images\greyalliance\bar.gif --> ftp.skate-world.net /public_html/forum/images/greyalliance bar.gif
2004.05.26 18:11 B E:\Documents and Settings\Adam Knox\My Documents\Web Sites\scripts\xmbforum\Files\images\greyalliance\bb_bold.gif --> ftp.skate-world.net /public_html/forum/images/greyalliance bb_bold.gif
2004.05.26 18:11 B E:\Documents and Settings\Adam Knox\My Documents\Web Sites\scripts\xmbforum\Files\images\greyalliance\bb_center.gif --> ftp.skate-world.net /public_html/forum/images/greyalliance bb_center.gif
2004.05.26 18:11 B E:\Documents and Settings\Adam Knox\My Documents\Web Sites\scripts\xmbforum\Files\images\greyalliance\bb_code.gif --> ftp.skate-world.net /public_html/forum/images/greyalliance bb_code.gif
2004.05.26 18:11 B E:\Documents and Settings\Adam Knox\My Documents\Web Sites\scripts\xmbforum\Files\images\greyalliance\bb_email.gif --> ftp.skate-world.net /public_html/forum/images/greyalliance bb_email.gif
2004.05.26 18:11 B E:\Documents and Settings\Adam Knox\My Documents\Web Sites\scripts\xmbforum\Files\images\greyalliance\bb_image.gif --> ftp.skate-world.net /public_html/forum/images/greyalliance bb_image.gif
2004.05.26 18:11 B E:\Documents and Settings\Adam Knox\My Documents\Web Sites\scripts\xmbforum\Files\images\greyalliance\bb_italicize.gif --> ftp.skate-world.net /public_html/forum/images/greyalliance bb_italicize.gif
2004.05.26 18:11 B E:\Documents and Settings\Adam Knox\My Documents\Web Sites\scripts\xmbforum\Files\images\greyalliance\bb_list.gif --> ftp.skate-world.net /public_html/forum/images/greyalliance bb_list.gif
2004.05.26 18:11 B E:\Documents and Settings\Adam Knox\My Documents\Web Sites\scripts\xmbforum\Files\images\greyalliance\bb_quote.gif --> ftp.skate-world.net /public_html/forum/images/greyalliance bb_quote.gif
2004.05.26 18:11 B E:\Documents and Settings\Adam Knox\My Documents\Web Sites\scripts\xmbforum\Files\images\greyalliance\bb_underline.gif --> ftp.skate-world.net /public_html/forum/images/greyalliance bb_underline.gif
2004.05.26 18:11 B E:\Documents and Settings\Adam Knox\My Documents\Web Sites\scripts\xmbforum\Files\images\greyalliance\bb_url.gif --> ftp.skate-world.net /public_html/forum/images/greyalliance bb_url.gif
2004.05.26 18:11 B E:\Documents and Settings\Adam Knox\My Documents\Web Sites\scripts\xmbforum\Files\images\greyalliance\deletetopic.gif --> ftp.skate-world.net /public_html/forum/images/greyalliance deletetopic.gif
2004.05.26 18:11 B E:\Documents and Settings\Adam Knox\My Documents\Web Sites\scripts\xmbforum\Files\images\greyalliance\dot_folder.gif --> ftp.skate-world.net /public_html/forum/images/greyalliance dot_folder.gif
2004.05.26 18:11 B E:\Documents and Settings\Adam Knox\My Documents\Web Sites\scripts\xmbforum\Files\images\greyalliance\dot_hot_folder.gif --> ftp.skate-world.net /public_html/forum/images/greyalliance dot_hot_folder.gif
2004.05.26 18:11 B E:\Documents and Settings\Adam Knox\My Documents\Web Sites\scripts\xmbforum\Files\images\greyalliance\dot_hot_red_folder.gif --> ftp.skate-world.net /public_html/forum/images/greyalliance dot_hot_red_folder.gif
2004.05.26 18:11 B E:\Documents and Settings\Adam Knox\My Documents\Web Sites\scripts\xmbforum\Files\images\greyalliance\dot_red_folder.gif --> ftp.skate-world.net /public_html/forum/images/greyalliance dot_red_folder.gif
2004.05.26 18:11 B E:\Documents and Settings\Adam Knox\My Documents\Web Sites\scripts\xmbforum\Files\images\greyalliance\edit.gif --> ftp.skate-world.net /public_html/forum/images/greyalliance edit.gif
2004.05.26 18:11 B E:\Documents and Settings\Adam Knox\My Documents\Web Sites\scripts\xmbforum\Files\images\greyalliance\email.gif --> ftp.skate-world.net /public_html/forum/images/greyalliance email.gif
2004.05.26 18:11 B E:\Documents and Settings\Adam Knox\My Documents\Web Sites\scripts\xmbforum\Files\images\greyalliance\faq.gif --> ftp.skate-world.net /public_html/forum/images/greyalliance faq.gif
2004.05.26 18:11 B E:\Documents and Settings\Adam Knox\My Documents\Web Sites\scripts\xmbforum\Files\images\greyalliance\find.gif --> ftp.skate-world.net /public_html/forum/images/greyalliance find.gif
2004.05.26 18:11 B E:\Documents and Settings\Adam Knox\My Documents\Web Sites\scripts\xmbforum\Files\images\greyalliance\folder.gif --> ftp.skate-world.net /public_html/forum/images/greyalliance folder.gif
2004.05.26 18:11 B E:\Documents and Settings\Adam Knox\My Documents\Web Sites\scripts\xmbforum\Files\images\greyalliance\header.gif --> ftp.skate-world.net /public_html/forum/images/greyalliance header.gif
2004.05.26 18:11 B E:\Documents and Settings\Adam Knox\My Documents\Web Sites\scripts\xmbforum\Files\images\greyalliance\home.gif --> ftp.skate-world.net /public_html/forum/images/greyalliance home.gif
2004.05.26 18:11 B E:\Documents and Settings\Adam Knox\My Documents\Web Sites\scripts\xmbforum\Files\images\greyalliance\hot_folder.gif --> ftp.skate-world.net /public_html/forum/images/greyalliance hot_folder.gif
2004.05.26 18:11 B E:\Documents and Settings\Adam Knox\My Documents\Web Sites\scripts\xmbforum\Files\images\greyalliance\hot_red_folder.gif --> ftp.skate-world.net /public_html/forum/images/greyalliance hot_red_folder.gif
2004.05.26 18:11 B E:\Documents and Settings\Adam Knox\My Documents\Web Sites\scripts\xmbforum\Files\images\greyalliance\icq_add.gif --> ftp.skate-world.net /public_html/forum/images/greyalliance icq_add.gif
2004.05.26 18:11 B E:\Documents and Settings\Adam Knox\My Documents\Web Sites\scripts\xmbforum\Files\images\greyalliance\inbox.gif --> ftp.skate-world.net /public_html/forum/images/greyalliance inbox.gif
2004.05.26 18:11 B E:\Documents and Settings\Adam Knox\My Documents\Web Sites\scripts\xmbforum\Files\images\greyalliance\index.html --> ftp.skate-world.net /public_html/forum/images/greyalliance index.html
2004.05.26 18:11 B E:\Documents and Settings\Adam Knox\My Documents\Web Sites\scripts\xmbforum\Files\images\greyalliance\ip.gif --> ftp.skate-world.net /public_html/forum/images/greyalliance ip.gif
2004.05.26 18:11 B E:\Documents and Settings\Adam Knox\My Documents\Web Sites\scripts\xmbforum\Files\images\greyalliance\ipost.gif --> ftp.skate-world.net /public_html/forum/images/greyalliance ipost.gif
2004.05.26 18:11 B E:\Documents and Settings\Adam Knox\My Documents\Web Sites\scripts\xmbforum\Files\images\greyalliance\lastpost.gif --> ftp.skate-world.net /public_html/forum/images/greyalliance lastpost.gif
2004.05.26 18:11 B E:\Documents and Settings\Adam Knox\My Documents\Web Sites\scripts\xmbforum\Files\images\greyalliance\lock_folder.gif --> ftp.skate-world.net /public_html/forum/images/greyalliance lock_folder.gif
2004.05.26 18:11 B E:\Documents and Settings\Adam Knox\My Documents\Web Sites\scripts\xmbforum\Files\images\greyalliance\lockicon.gif --> ftp.skate-world.net /public_html/forum/images/greyalliance lockicon.gif
2004.05.26 18:11 B E:\Documents and Settings\Adam Knox\My Documents\Web Sites\scripts\xmbforum\Files\images\greyalliance\locku2u.gif --> ftp.skate-world.net /public_html/forum/images/greyalliance locku2u.gif
2004.05.26 18:11 B E:\Documents and Settings\Adam Knox\My Documents\Web Sites\scripts\xmbforum\Files\images\greyalliance\members_list.gif --> ftp.skate-world.net /public_html/forum/images/greyalliance members_list.gif
2004.05.26 18:11 B E:\Documents and Settings\Adam Knox\My Documents\Web Sites\scripts\xmbforum\Files\images\greyalliance\msn.gif --> ftp.skate-world.net /public_html/forum/images/greyalliance msn.gif
2004.05.26 18:11 B E:\Documents and Settings\Adam Knox\My Documents\Web Sites\scripts\xmbforum\Files\images\greyalliance\newtopic.gif --> ftp.skate-world.net /public_html/forum/images/greyalliance newtopic.gif
2004.05.26 18:12 B E:\Documents and Settings\Adam Knox\My Documents\Web Sites\scripts\xmbforum\Files\images\greyalliance\newu2u.gif --> ftp.skate-world.net /public_html/forum/images/greyalliance newu2u.gif
2004.05.26 18:12 B E:\Documents and Settings\Adam Knox\My Documents\Web Sites\scripts\xmbforum\Files\images\greyalliance\online.gif --> ftp.skate-world.net /public_html/forum/images/greyalliance online.gif
2004.05.26 18:12 B E:\Documents and Settings\Adam Knox\My Documents\Web Sites\scripts\xmbforum\Files\images\greyalliance\outbox.gif --> ftp.skate-world.net /public_html/forum/images/greyalliance outbox.gif
2004.05.26 18:12 B E:\Documents and Settings\Adam Knox\My Documents\Web Sites\scripts\xmbforum\Files\images\greyalliance\pin.gif --> ftp.skate-world.net /public_html/forum/images/greyalliance pin.gif
2004.05.26 18:12 B E:\Documents and Settings\Adam Knox\My Documents\Web Sites\scripts\xmbforum\Files\images\greyalliance\pixel.gif --> ftp.skate-world.net /public_html/forum/images/greyalliance pixel.gif
2004.05.26 18:12 B E:\Documents and Settings\Adam Knox\My Documents\Web Sites\scripts\xmbforum\Files\images\greyalliance\poll.gif --> ftp.skate-world.net /public_html/forum/images/greyalliance poll.gif
2004.05.26 18:12 B E:\Documents and Settings\Adam Knox\My Documents\Web Sites\scripts\xmbforum\Files\images\greyalliance\pollbar-e.gif --> ftp.skate-world.net /public_html/forum/images/greyalliance pollbar-e.gif
2004.05.26 18:12 B E:\Documents and Settings\Adam Knox\My Documents\Web Sites\scripts\xmbforum\Files\images\greyalliance\pollbar-s.gif --> ftp.skate-world.net /public_html/forum/images/greyalliance pollbar-s.gif
2004.05.26 18:12 B E:\Documents and Settings\Adam Knox\My Documents\Web Sites\scripts\xmbforum\Files\images\greyalliance\pollbar.gif --> ftp.skate-world.net /public_html/forum/images/greyalliance pollbar.gif
2004.05.26 18:12 B E:\Documents and Settings\Adam Knox\My Documents\Web Sites\scripts\xmbforum\Files\images\greyalliance\pollsmall.gif --> ftp.skate-world.net /public_html/forum/images/greyalliance pollsmall.gif
2004.05.26 18:12 B E:\Documents and Settings\Adam Knox\My Documents\Web Sites\scripts\xmbforum\Files\images\greyalliance\profile.gif --> ftp.skate-world.net /public_html/forum/images/greyalliance profile.gif
2004.05.26 18:12 B E:\Documents and Settings\Adam Knox\My Documents\Web Sites\scripts\xmbforum\Files\images\greyalliance\quote.gif --> ftp.skate-world.net /public_html/forum/images/greyalliance quote.gif
2004.05.26 18:12 B E:\Documents and Settings\Adam Knox\My Documents\Web Sites\scripts\xmbforum\Files\images\greyalliance\red_folder.gif --> ftp.skate-world.net /public_html/forum/images/greyalliance red_folder.gif
2004.05.26 18:12 B E:\Documents and Settings\Adam Knox\My Documents\Web Sites\scripts\xmbforum\Files\images\greyalliance\reply.gif --> ftp.skate-world.net /public_html/forum/images/greyalliance reply.gif
2004.05.26 18:12 B E:\Documents and Settings\Adam Knox\My Documents\Web Sites\scripts\xmbforum\Files\images\greyalliance\report.gif --> ftp.skate-world.net /public_html/forum/images/greyalliance report.gif
2004.05.26 18:12 B E:\Documents and Settings\Adam Knox\My Documents\Web Sites\scripts\xmbforum\Files\images\greyalliance\search.gif --> ftp.skate-world.net /public_html/forum/images/greyalliance search.gif
2004.05.26 18:12 B E:\Documents and Settings\Adam Knox\My Documents\Web Sites\scripts\xmbforum\Files\images\greyalliance\site.gif --> ftp.skate-world.net /public_html/forum/images/greyalliance site.gif
2004.05.26 18:12 B E:\Documents and Settings\Adam Knox\My Documents\Web Sites\scripts\xmbforum\Files\images\greyalliance\star.gif --> ftp.skate-world.net /public_html/forum/images/greyalliance star.gif
2004.05.26 18:12 B E:\Documents and Settings\Adam Knox\My Documents\Web Sites\scripts\xmbforum\Files\images\greyalliance\stats.gif --> ftp.skate-world.net /public_html/forum/images/greyalliance stats.gif
2004.05.26 18:12 B E:\Documents and Settings\Adam Knox\My Documents\Web Sites\scripts\xmbforum\Files\images\greyalliance\Thumbs.db --> ftp.skate-world.net /public_html/forum/images/greyalliance Thumbs.db
2004.05.26 18:12 B E:\Documents and Settings\Adam Knox\My Documents\Web Sites\scripts\xmbforum\Files\images\greyalliance\todays_posts.gif --> ftp.skate-world.net /public_html/forum/images/greyalliance todays_posts.gif
2004.05.26 18:12 B E:\Documents and Settings\Adam Knox\My Documents\Web Sites\scripts\xmbforum\Files\images\greyalliance\top.gif --> ftp.skate-world.net /public_html/forum/images/greyalliance top.gif
2004.05.26 18:12 B E:\Documents and Settings\Adam Knox\My Documents\Web Sites\scripts\xmbforum\Files\images\greyalliance\u2u.gif --> ftp.skate-world.net /public_html/forum/images/greyalliance u2u.gif
2004.05.26 18:12 B E:\Documents and Settings\Adam Knox\My Documents\Web Sites\scripts\xmbforum\Files\images\greyalliance\u2u_new.gif --> ftp.skate-world.net /public_html/forum/images/greyalliance u2u_new.gif
2004.05.26 18:12 B E:\Documents and Settings\Adam Knox\My Documents\Web Sites\scripts\xmbforum\Files\images\greyalliance\untop.gif --> ftp.skate-world.net /public_html/forum/images/greyalliance untop.gif
2004.05.26 18:12 B E:\Documents and Settings\Adam Knox\My Documents\Web Sites\scripts\xmbforum\Files\images\greyalliance\yahoo.gif --> ftp.skate-world.net /public_html/forum/images/greyalliance yahoo.gif
2004.05.26 19:02 B E:\Documents and Settings\Adam Knox\My Documents\Web Sites\scripts\Xmbforum_noshop\Files\images\greyalliance\address.gif --> ftp.skate-world.net /public_html/forum/images/greyalliance address.gif
2004.05.26 19:02 B E:\Documents and Settings\Adam Knox\My Documents\Web Sites\scripts\Xmbforum_noshop\Files\images\greyalliance\aim.gif --> ftp.skate-world.net /public_html/forum/images/greyalliance aim.gif
2004.05.26 19:02 B E:\Documents and Settings\Adam Knox\My Documents\Web Sites\scripts\Xmbforum_noshop\Files\images\greyalliance\arrow_dw.gif --> ftp.skate-world.net /public_html/forum/images/greyalliance arrow_dw.gif
2004.05.26 19:02 B E:\Documents and Settings\Adam Knox\My Documents\Web Sites\scripts\Xmbforum_noshop\Files\images\greyalliance\arrow_up.gif --> ftp.skate-world.net /public_html/forum/images/greyalliance arrow_up.gif
2004.05.26 19:02 B E:\Documents and Settings\Adam Knox\My Documents\Web Sites\scripts\Xmbforum_noshop\Files\images\greyalliance\bar.gif --> ftp.skate-world.net /public_html/forum/images/greyalliance bar.gif
2004.05.26 19:02 B E:\Documents and Settings\Adam Knox\My Documents\Web Sites\scripts\Xmbforum_noshop\Files\images\greyalliance\bb_bold.gif --> ftp.skate-world.net /public_html/forum/images/greyalliance bb_bold.gif
2004.05.26 19:02 B E:\Documents and Settings\Adam Knox\My Documents\Web Sites\scripts\Xmbforum_noshop\Files\images\greyalliance\bb_center.gif --> ftp.skate-world.net /public_html/forum/images/greyalliance bb_center.gif
2004.05.26 19:02 B E:\Documents and Settings\Adam Knox\My Documents\Web Sites\scripts\Xmbforum_noshop\Files\images\greyalliance\bb_code.gif --> ftp.skate-world.net /public_html/forum/images/greyalliance bb_code.gif
2004.05.26 19:02 B E:\Documents and Settings\Adam Knox\My Documents\Web Sites\scripts\Xmbforum_noshop\Files\images\greyalliance\bb_email.gif --> ftp.skate-world.net /public_html/forum/images/greyalliance bb_email.gif
2004.05.26 19:02 B E:\Documents and Settings\Adam Knox\My Documents\Web Sites\scripts\Xmbforum_noshop\Files\images\greyalliance\bb_image.gif --> ftp.skate-world.net /public_html/forum/images/greyalliance bb_image.gif
2004.05.26 19:02 B E:\Documents and Settings\Adam Knox\My Documents\Web Sites\scripts\Xmbforum_noshop\Files\images\greyalliance\bb_italicize.gif --> ftp.skate-world.net /public_html/forum/images/greyalliance bb_italicize.gif
2004.05.26 19:02 B E:\Documents and Settings\Adam Knox\My Documents\Web Sites\scripts\Xmbforum_noshop\Files\images\greyalliance\bb_list.gif --> ftp.skate-world.net /public_html/forum/images/greyalliance bb_list.gif
2004.05.26 19:02 B E:\Documents and Settings\Adam Knox\My Documents\Web Sites\scripts\Xmbforum_noshop\Files\images\greyalliance\bb_quote.gif --> ftp.skate-world.net /public_html/forum/images/greyalliance bb_quote.gif
2004.05.26 19:02 B E:\Documents and Settings\Adam Knox\My Documents\Web Sites\scripts\Xmbforum_noshop\Files\images\greyalliance\bb_underline.gif --> ftp.skate-world.net /public_html/forum/images/greyalliance bb_underline.gif
2004.05.26 19:02 B E:\Documents and Settings\Adam Knox\My Documents\Web Sites\scripts\Xmbforum_noshop\Files\images\greyalliance\bb_url.gif --> ftp.skate-world.net /public_html/forum/images/greyalliance bb_url.gif
2004.05.26 19:02 B E:\Documents and Settings\Adam Knox\My Documents\Web Sites\scripts\Xmbforum_noshop\Files\images\greyalliance\deletetopic.gif --> ftp.skate-world.net /public_html/forum/images/greyalliance deletetopic.gif
2004.05.26 19:02 B E:\Documents and Settings\Adam Knox\My Documents\Web Sites\scripts\Xmbforum_noshop\Files\images\greyalliance\dot_folder.gif --> ftp.skate-world.net /public_html/forum/images/greyalliance dot_folder.gif
2004.05.26 19:02 B E:\Documents and Settings\Adam Knox\My Documents\Web Sites\scripts\Xmbforum_noshop\Files\images\greyalliance\dot_hot_folder.gif --> ftp.skate-world.net /public_html/forum/images/greyalliance dot_hot_folder.gif
2004.05.26 19:02 B E:\Documents and Settings\Adam Knox\My Documents\Web Sites\scripts\Xmbforum_noshop\Files\images\greyalliance\dot_hot_red_folder.gif --> ftp.skate-world.net /public_html/forum/images/greyalliance dot_hot_red_folder.gif
2004.05.26 19:02 B E:\Documents and Settings\Adam Knox\My Documents\Web Sites\scripts\Xmbforum_noshop\Files\images\greyalliance\dot_red_folder.gif --> ftp.skate-world.net /public_html/forum/images/greyalliance dot_red_folder.gif
2004.05.26 19:02 B E:\Documents and Settings\Adam Knox\My Documents\Web Sites\scripts\Xmbforum_noshop\Files\images\greyalliance\edit.gif --> ftp.skate-world.net /public_html/forum/images/greyalliance edit.gif
2004.05.26 19:02 B E:\Documents and Settings\Adam Knox\My Documents\Web Sites\scripts\Xmbforum_noshop\Files\images\greyalliance\email.gif --> ftp.skate-world.net /public_html/forum/images/greyalliance email.gif
2004.05.26 19:02 B E:\Documents and Settings\Adam Knox\My Documents\Web Sites\scripts\Xmbforum_noshop\Files\images\greyalliance\faq.gif --> ftp.skate-world.net /public_html/forum/images/greyalliance faq.gif
2004.05.26 19:02 B E:\Documents and Settings\Adam Knox\My Documents\Web Sites\scripts\Xmbforum_noshop\Files\images\greyalliance\find.gif --> ftp.skate-world.net /public_html/forum/images/greyalliance find.gif
2004.05.26 19:02 B E:\Documents and Settings\Adam Knox\My Documents\Web Sites\scripts\Xmbforum_noshop\Files\images\greyalliance\folder.gif --> ftp.skate-world.net /public_html/forum/images/greyalliance folder.gif
2004.05.26 19:02 B E:\Documents and Settings\Adam Knox\My Documents\Web Sites\scripts\Xmbforum_noshop\Files\images\greyalliance\header.gif --> ftp.skate-world.net /public_html/forum/images/greyalliance header.gif
2004.05.26 19:02 B E:\Documents and Settings\Adam Knox\My Documents\Web Sites\scripts\Xmbforum_noshop\Files\images\greyalliance\home.gif --> ftp.skate-world.net /public_html/forum/images/greyalliance home.gif
2004.05.26 19:02 B E:\Documents and Settings\Adam Knox\My Documents\Web Sites\scripts\Xmbforum_noshop\Files\images\greyalliance\hot_folder.gif --> ftp.skate-world.net /public_html/forum/images/greyalliance hot_folder.gif
2004.05.26 19:03 B E:\Documents and Settings\Adam Knox\My Documents\Web Sites\scripts\Xmbforum_noshop\Files\images\greyalliance\hot_red_folder.gif --> ftp.skate-world.net /public_html/forum/images/greyalliance hot_red_folder.gif
2004.05.26 19:03 B E:\Documents and Settings\Adam Knox\My Documents\Web Sites\scripts\Xmbforum_noshop\Files\images\greyalliance\icq_add.gif --> ftp.skate-world.net /public_html/forum/images/greyalliance icq_add.gif
2004.05.26 19:03 B E:\Documents and Settings\Adam Knox\My Documents\Web Sites\scripts\Xmbforum_noshop\Files\images\greyalliance\inbox.gif --> ftp.skate-world.net /public_html/forum/images/greyalliance inbox.gif
2004.05.26 19:03 B E:\Documents and Settings\Adam Knox\My Documents\Web Sites\scripts\Xmbforum_noshop\Files\images\greyalliance\index.html --> ftp.skate-world.net /public_html/forum/images/greyalliance index.html
2004.05.26 19:03 B E:\Documents and Settings\Adam Knox\My Documents\Web Sites\scripts\Xmbforum_noshop\Files\images\greyalliance\ip.gif --> ftp.skate-world.net /public_html/forum/images/greyalliance ip.gif
2004.05.26 19:03 B E:\Documents and Settings\Adam Knox\My Documents\Web Sites\scripts\Xmbforum_noshop\Files\images\greyalliance\ipost.gif --> ftp.skate-world.net /public_html/forum/images/greyalliance ipost.gif
2004.05.26 19:03 B E:\Documents and Settings\Adam Knox\My Documents\Web Sites\scripts\Xmbforum_noshop\Files\images\greyalliance\lastpost.gif --> ftp.skate-world.net /public_html/forum/images/greyalliance lastpost.gif
2004.05.26 19:03 B E:\Documents and Settings\Adam Knox\My Documents\Web Sites\scripts\Xmbforum_noshop\Files\images\greyalliance\lock_folder.gif --> ftp.skate-world.net /public_html/forum/images/greyalliance lock_folder.gif
2004.05.26 19:03 B E:\Documents and Settings\Adam Knox\My Documents\Web Sites\scripts\Xmbforum_noshop\Files\images\greyalliance\lockicon.gif --> ftp.skate-world.net /public_html/forum/images/greyalliance lockicon.gif
2004.05.26 19:03 B E:\Documents and Settings\Adam Knox\My Documents\Web Sites\scripts\Xmbforum_noshop\Files\images\greyalliance\locku2u.gif --> ftp.skate-world.net /public_html/forum/images/greyalliance locku2u.gif
2004.05.26 19:03 B E:\Documents and Settings\Adam Knox\My Documents\Web Sites\scripts\Xmbforum_noshop\Files\images\greyalliance\members_list.gif --> ftp.skate-world.net /public_html/forum/images/greyalliance members_list.gif
2004.05.26 19:03 B E:\Documents and Settings\Adam Knox\My Documents\Web Sites\scripts\Xmbforum_noshop\Files\images\greyalliance\msn.gif --> ftp.skate-world.net /public_html/forum/images/greyalliance msn.gif
2004.05.26 19:03 B E:\Documents and Settings\Adam Knox\My Documents\Web Sites\scripts\Xmbforum_noshop\Files\images\greyalliance\newtopic.gif --> ftp.skate-world.net /public_html/forum/images/greyalliance newtopic.gif
2004.05.26 19:03 B E:\Documents and Settings\Adam Knox\My Documents\Web Sites\scripts\Xmbforum_noshop\Files\images\greyalliance\newu2u.gif --> ftp.skate-world.net /public_html/forum/images/greyalliance newu2u.gif
2004.05.26 19:03 B E:\Documents and Settings\Adam Knox\My Documents\Web Sites\scripts\Xmbforum_noshop\Files\images\greyalliance\online.gif --> ftp.skate-world.net /public_html/forum/images/greyalliance online.gif
2004.05.26 19:03 B E:\Documents and Settings\Adam Knox\My Documents\Web Sites\scripts\Xmbforum_noshop\Files\images\greyalliance\outbox.gif --> ftp.skate-world.net /public_html/forum/images/greyalliance outbox.gif
2004.05.26 19:03 B E:\Documents and Settings\Adam Knox\My Documents\Web Sites\scripts\Xmbforum_noshop\Files\images\greyalliance\pin.gif --> ftp.skate-world.net /public_html/forum/images/greyalliance pin.gif
2004.05.26 19:03 B E:\Documents and Settings\Adam Knox\My Documents\Web Sites\scripts\Xmbforum_noshop\Files\images\greyalliance\pixel.gif --> ftp.skate-world.net /public_html/forum/images/greyalliance pixel.gif
2004.05.26 19:03 B E:\Documents and Settings\Adam Knox\My Documents\Web Sites\scripts\Xmbforum_noshop\Files\images\greyalliance\poll.gif --> ftp.skate-world.net /public_html/forum/images/greyalliance poll.gif
2004.05.26 19:03 B E:\Documents and Settings\Adam Knox\My Documents\Web Sites\scripts\Xmbforum_noshop\Files\images\greyalliance\pollbar-e.gif --> ftp.skate-world.net /public_html/forum/images/greyalliance pollbar-e.gif
2004.05.26 19:03 B E:\Documents and Settings\Adam Knox\My Documents\Web Sites\scripts\Xmbforum_noshop\Files\images\greyalliance\pollbar-s.gif --> ftp.skate-world.net /public_html/forum/images/greyalliance pollbar-s.gif
2004.05.26 19:03 B E:\Documents and Settings\Adam Knox\My Documents\Web Sites\scripts\Xmbforum_noshop\Files\images\greyalliance\pollbar.gif --> ftp.skate-world.net /public_html/forum/images/greyalliance pollbar.gif
2004.05.26 19:03 B E:\Documents and Settings\Adam Knox\My Documents\Web Sites\scripts\Xmbforum_noshop\Files\images\greyalliance\pollsmall.gif --> ftp.skate-world.net /public_html/forum/images/greyalliance pollsmall.gif
2004.05.26 19:03 B E:\Documents and Settings\Adam Knox\My Documents\Web Sites\scripts\Xmbforum_noshop\Files\images\greyalliance\profile.gif --> ftp.skate-world.net /public_html/forum/images/greyalliance profile.gif
2004.05.26 19:03 B E:\Documents and Settings\Adam Knox\My Documents\Web Sites\scripts\Xmbforum_noshop\Files\images\greyalliance\quote.gif --> ftp.skate-world.net /public_html/forum/images/greyalliance quote.gif
2004.05.26 19:03 B E:\Documents and Settings\Adam Knox\My Documents\Web Sites\scripts\Xmbforum_noshop\Files\images\greyalliance\red_folder.gif --> ftp.skate-world.net /public_html/forum/images/greyalliance red_folder.gif
2004.05.26 19:03 B E:\Documents and Settings\Adam Knox\My Documents\Web Sites\scripts\Xmbforum_noshop\Files\images\greyalliance\reply.gif --> ftp.skate-world.net /public_html/forum/images/greyalliance reply.gif
2004.05.26 19:03 B E:\Documents and Settings\Adam Knox\My Documents\Web Sites\scripts\Xmbforum_noshop\Files\images\greyalliance\report.gif --> ftp.skate-world.net /public_html/forum/images/greyalliance report.gif
2004.05.26 19:03 B E:\Documents and Settings\Adam Knox\My Documents\Web Sites\scripts\Xmbforum_noshop\Files\images\greyalliance\search.gif --> ftp.skate-world.net /public_html/forum/images/greyalliance search.gif
2004.05.26 19:03 B E:\Documents and Settings\Adam Knox\My Documents\Web Sites\scripts\Xmbforum_noshop\Files\images\greyalliance\site.gif --> ftp.skate-world.net /public_html/forum/images/greyalliance site.gif
2004.05.26 19:03 B E:\Documents and Settings\Adam Knox\My Documents\Web Sites\scripts\Xmbforum_noshop\Files\images\greyalliance\star.gif --> ftp.skate-world.net /public_html/forum/images/greyalliance star.gif
2004.05.26 19:03 B E:\Documents and Settings\Adam Knox\My Documents\Web Sites\scripts\Xmbforum_noshop\Files\images\greyalliance\stats.gif --> ftp.skate-world.net /public_html/forum/images/greyalliance stats.gif
2004.05.26 19:03 B E:\Documents and Settings\Adam Knox\My Documents\Web Sites\scripts\Xmbforum_noshop\Files\images\greyalliance\Thumbs.db --> ftp.skate-world.net /public_html/forum/images/greyalliance Thumbs.db
2004.05.26 19:03 B E:\Documents and Settings\Adam Knox\My Documents\Web Sites\scripts\Xmbforum_noshop\Files\images\greyalliance\todays_posts.gif --> ftp.skate-world.net /public_html/forum/images/greyalliance todays_posts.gif
2004.05.26 19:04 B E:\Documents and Settings\Adam Knox\My Documents\Web Sites\scripts\Xmbforum_noshop\Files\images\greyalliance\top.gif --> ftp.skate-world.net /public_html/forum/images/greyalliance top.gif
2004.05.26 19:04 B E:\Documents and Settings\Adam Knox\My Documents\Web Sites\scripts\Xmbforum_noshop\Files\images\greyalliance\u2u.gif --> ftp.skate-world.net /public_html/forum/images/greyalliance u2u.gif
2004.05.26 19:04 B E:\Documents and Settings\Adam Knox\My Documents\Web Sites\scripts\Xmbforum_noshop\Files\images\greyalliance\u2u_new.gif --> ftp.skate-world.net /public_html/forum/images/greyalliance u2u_new.gif
2004.05.26 19:04 B E:\Documents and Settings\Adam Knox\My Documents\Web Sites\scripts\Xmbforum_noshop\Files\images\greyalliance\untop.gif --> ftp.skate-world.net /public_html/forum/images/greyalliance untop.gif
2004.05.28 18:02 B E:\Documents and Settings\Adam Knox\My Documents\Web Sites\skate world\forumsite\images\greyalliance\WS_FTP.LOG <-- Skate world /public_html/forum/images/greyalliance WS_FTP.LOG
2004.05.28 18:02 B E:\Documents and Settings\Adam Knox\My Documents\Web Sites\skate world\forumsite\images\greyalliance\yahoo.gif <-- Skate world /public_html/forum/images/greyalliance yahoo.gif
2004.05.28 18:17 B E:\Documents and Settings\Adam Knox\My Documents\Web Sites\skate world\forumsite\images\greyalliance\address.gif --> ftp.skate-world.net /public_html/images/greyalliance address.gif
2004.05.28 18:17 B E:\Documents and Settings\Adam Knox\My Documents\Web Sites\skate world\forumsite\images\greyalliance\aim.gif --> ftp.skate-world.net /public_html/images/greyalliance aim.gif
2004.05.28 18:17 B E:\Documents and Settings\Adam Knox\My Documents\Web Sites\skate world\forumsite\images\greyalliance\arrow_dw.gif --> ftp.skate-world.net /public_html/images/greyalliance arrow_dw.gif
2004.05.28 18:17 B E:\Documents and Settings\Adam Knox\My Documents\Web Sites\skate world\forumsite\images\greyalliance\arrow_up.gif --> ftp.skate-world.net /public_html/images/greyalliance arrow_up.gif
2004.05.28 18:17 B E:\Documents and Settings\Adam Knox\My Documents\Web Sites\skate world\forumsite\images\greyalliance\bar.gif --> ftp.skate-world.net /public_html/images/greyalliance bar.gif
2004.05.28 18:17 B E:\Documents and Settings\Adam Knox\My Documents\Web Sites\skate world\forumsite\images\greyalliance\bar2.gif --> ftp.skate-world.net /public_html/images/greyalliance bar2.gif
2004.05.28 18:17 B E:\Documents and Settings\Adam Knox\My Documents\Web Sites\skate world\forumsite\images\greyalliance\bb_bold.gif --> ftp.skate-world.net /public_html/images/greyalliance bb_bold.gif
2004.05.28 18:17 B E:\Documents and Settings\Adam Knox\My Documents\Web Sites\skate world\forumsite\images\greyalliance\bb_center.gif --> ftp.skate-world.net /public_html/images/greyalliance bb_center.gif
2004.05.28 18:17 B E:\Documents and Settings\Adam Knox\My Documents\Web Sites\skate world\forumsite\images\greyalliance\bb_code.gif --> ftp.skate-world.net /public_html/images/greyalliance bb_code.gif
2004.05.28 18:17 B E:\Documents and Settings\Adam Knox\My Documents\Web Sites\skate world\forumsite\images\greyalliance\bb_email.gif --> ftp.skate-world.net /public_html/images/greyalliance bb_email.gif
2004.05.28 18:17 B E:\Documents and Settings\Adam Knox\My Documents\Web Sites\skate world\forumsite\images\greyalliance\bb_image.gif --> ftp.skate-world.net /public_html/images/greyalliance bb_image.gif
2004.05.28 18:17 B E:\Documents and Settings\Adam Knox\My Documents\Web Sites\skate world\forumsite\images\greyalliance\bb_italicize.gif --> ftp.skate-world.net /public_html/images/greyalliance bb_italicize.gif
2004.05.28 18:17 B E:\Documents and Settings\Adam Knox\My Documents\Web Sites\skate world\forumsite\images\greyalliance\bb_list.gif --> ftp.skate-world.net /public_html/images/greyalliance bb_list.gif
2004.05.28 18:17 B E:\Documents and Settings\Adam Knox\My Documents\Web Sites\skate world\forumsite\images\greyalliance\bb_quote.gif --> ftp.skate-world.net /public_html/images/greyalliance bb_quote.gif
2004.05.28 18:17 B E:\Documents and Settings\Adam Knox\My Documents\Web Sites\skate world\forumsite\images\greyalliance\bb_underline.gif --> ftp.skate-world.net /public_html/images/greyalliance bb_underline.gif
2004.05.28 18:17 B E:\Documents and Settings\Adam Knox\My Documents\Web Sites\skate world\forumsite\images\greyalliance\bb_url.gif --> ftp.skate-world.net /public_html/images/greyalliance bb_url.gif
2004.05.28 18:17 B E:\Documents and Settings\Adam Knox\My Documents\Web Sites\skate world\forumsite\images\greyalliance\deletetopic.gif --> ftp.skate-world.net /public_html/images/greyalliance deletetopic.gif
2004.05.28 18:17 B E:\Documents and Settings\Adam Knox\My Documents\Web Sites\skate world\forumsite\images\greyalliance\dot_folder.gif --> ftp.skate-world.net /public_html/images/greyalliance dot_folder.gif
2004.05.28 18:17 B E:\Documents and Settings\Adam Knox\My Documents\Web Sites\skate world\forumsite\images\greyalliance\dot_hot_folder.gif --> ftp.skate-world.net /public_html/images/greyalliance dot_hot_folder.gif
2004.05.28 18:17 B E:\Documents and Settings\Adam Knox\My Documents\Web Sites\skate world\forumsite\images\greyalliance\dot_hot_red_folder.gif --> ftp.skate-world.net /public_html/images/greyalliance dot_hot_red_folder.gif
2004.05.28 18:17 B E:\Documents and Settings\Adam Knox\My Documents\Web Sites\skate world\forumsite\images\greyalliance\dot_red_folder.gif --> ftp.skate-world.net /public_html/images/greyalliance dot_red_folder.gif
2004.05.28 18:18 B E:\Documents and Settings\Adam Knox\My Documents\Web Sites\skate world\forumsite\images\greyalliance\edit.gif --> ftp.skate-world.net /public_html/images/greyalliance edit.gif
2004.05.28 18:18 B E:\Documents and Settings\Adam Knox\My Documents\Web Sites\skate world\forumsite\images\greyalliance\email.gif --> ftp.skate-world.net /public_html/images/greyalliance email.gif
2004.05.28 18:18 B E:\Documents and Settings\Adam Knox\My Documents\Web Sites\skate world\forumsite\images\greyalliance\faq.gif --> ftp.skate-world.net /public_html/images/greyalliance faq.gif
2004.05.28 18:18 B E:\Documents and Settings\Adam Knox\My Documents\Web Sites\skate world\forumsite\images\greyalliance\find.gif --> ftp.skate-world.net /public_html/images/greyalliance find.gif
2004.05.28 18:18 B E:\Documents and Settings\Adam Knox\My Documents\Web Sites\skate world\forumsite\images\greyalliance\folder.gif --> ftp.skate-world.net /public_html/images/greyalliance folder.gif
2004.05.28 18:18 B E:\Documents and Settings\Adam Knox\My Documents\Web Sites\skate world\forumsite\images\greyalliance\header.gif --> ftp.skate-world.net /public_html/images/greyalliance header.gif
2004.05.28 18:18 B E:\Documents and Settings\Adam Knox\My Documents\Web Sites\skate world\forumsite\images\greyalliance\header2.gif --> ftp.skate-world.net /public_html/images/greyalliance header2.gif
2004.05.28 18:18 B E:\Documents and Settings\Adam Knox\My Documents\Web Sites\skate world\forumsite\images\greyalliance\home.gif --> ftp.skate-world.net /public_html/images/greyalliance home.gif
2004.05.28 18:18 B E:\Documents and Settings\Adam Knox\My Documents\Web Sites\skate world\forumsite\images\greyalliance\hot_folder.gif --> ftp.skate-world.net /public_html/images/greyalliance hot_folder.gif
2004.05.28 18:18 B E:\Documents and Settings\Adam Knox\My Documents\Web Sites\skate world\forumsite\images\greyalliance\hot_red_folder.gif --> ftp.skate-world.net /public_html/images/greyalliance hot_red_folder.gif
2004.05.28 18:18 B E:\Documents and Settings\Adam Knox\My Documents\Web Sites\skate world\forumsite\images\greyalliance\icq_add.gif --> ftp.skate-world.net /public_html/images/greyalliance icq_add.gif
2004.05.28 18:18 B E:\Documents and Settings\Adam Knox\My Documents\Web Sites\skate world\forumsite\images\greyalliance\inbox.gif --> ftp.skate-world.net /public_html/images/greyalliance inbox.gif
2004.05.28 18:18 B E:\Documents and Settings\Adam Knox\My Documents\Web Sites\skate world\forumsite\images\greyalliance\index.html --> ftp.skate-world.net /public_html/images/greyalliance index.html
2004.05.28 18:18 B E:\Documents and Settings\Adam Knox\My Documents\Web Sites\skate world\forumsite\images\greyalliance\ip.gif --> ftp.skate-world.net /public_html/images/greyalliance ip.gif
2004.05.28 18:18 B E:\Documents and Settings\Adam Knox\My Documents\Web Sites\skate world\forumsite\images\greyalliance\ipost.gif --> ftp.skate-world.net /public_html/images/greyalliance ipost.gif
2004.05.28 18:18 B E:\Documents and Settings\Adam Knox\My Documents\Web Sites\skate world\forumsite\images\greyalliance\lastpost.gif --> ftp.skate-world.net /public_html/images/greyalliance lastpost.gif
2004.05.28 18:18 B E:\Documents and Settings\Adam Knox\My Documents\Web Sites\skate world\forumsite\images\greyalliance\lock_folder.gif --> ftp.skate-world.net /public_html/images/greyalliance lock_folder.gif
2004.05.28 18:18 B E:\Documents and Settings\Adam Knox\My Documents\Web Sites\skate world\forumsite\images\greyalliance\lockicon.gif --> ftp.skate-world.net /public_html/images/greyalliance lockicon.gif
2004.05.28 18:18 B E:\Documents and Settings\Adam Knox\My Documents\Web Sites\skate world\forumsite\images\greyalliance\locku2u.gif --> ftp.skate-world.net /public_html/images/greyalliance locku2u.gif
2004.05.28 18:18 B E:\Documents and Settings\Adam Knox\My Documents\Web Sites\skate world\forumsite\images\greyalliance\logo2.gif --> ftp.skate-world.net /public_html/images/greyalliance logo2.gif
2004.05.28 18:18 B E:\Documents and Settings\Adam Knox\My Documents\Web Sites\skate world\forumsite\images\greyalliance\members_list.gif --> ftp.skate-world.net /public_html/images/greyalliance members_list.gif
2004.05.28 18:18 B E:\Documents and Settings\Adam Knox\My Documents\Web Sites\skate world\forumsite\images\greyalliance\msn.gif --> ftp.skate-world.net /public_html/images/greyalliance msn.gif
2004.05.28 18:18 B E:\Documents and Settings\Adam Knox\My Documents\Web Sites\skate world\forumsite\images\greyalliance\newtopic.gif --> ftp.skate-world.net /public_html/images/greyalliance newtopic.gif
2004.05.28 18:18 B E:\Documents and Settings\Adam Knox\My Documents\Web Sites\skate world\forumsite\images\greyalliance\newu2u.gif --> ftp.skate-world.net /public_html/images/greyalliance newu2u.gif
2004.05.28 18:18 B E:\Documents and Settings\Adam Knox\My Documents\Web Sites\skate world\forumsite\images\greyalliance\online.gif --> ftp.skate-world.net /public_html/images/greyalliance online.gif
2004.05.28 18:18 B E:\Documents and Settings\Adam Knox\My Documents\Web Sites\skate world\forumsite\images\greyalliance\outbox.gif --> ftp.skate-world.net /public_html/images/greyalliance outbox.gif
2004.05.28 18:18 B E:\Documents and Settings\Adam Knox\My Documents\Web Sites\skate world\forumsite\images\greyalliance\pin.gif --> ftp.skate-world.net /public_html/images/greyalliance pin.gif
2004.05.28 18:18 B E:\Documents and Settings\Adam Knox\My Documents\Web Sites\skate world\forumsite\images\greyalliance\pixel.gif --> ftp.skate-world.net /public_html/images/greyalliance pixel.gif
2004.05.28 18:18 B E:\Documents and Settings\Adam Knox\My Documents\Web Sites\skate world\forumsite\images\greyalliance\poll.gif --> ftp.skate-world.net /public_html/images/greyalliance poll.gif
2004.05.28 18:18 B E:\Documents and Settings\Adam Knox\My Documents\Web Sites\skate world\forumsite\images\greyalliance\pollbar-e.gif --> ftp.skate-world.net /public_html/images/greyalliance pollbar-e.gif
2004.05.28 18:18 B E:\Documents and Settings\Adam Knox\My Documents\Web Sites\skate world\forumsite\images\greyalliance\pollbar-s.gif --> ftp.skate-world.net /public_html/images/greyalliance pollbar-s.gif
2004.05.28 18:18 B E:\Documents and Settings\Adam Knox\My Documents\Web Sites\skate world\forumsite\images\greyalliance\pollbar.gif --> ftp.skate-world.net /public_html/images/greyalliance pollbar.gif
2004.05.28 18:18 B E:\Documents and Settings\Adam Knox\My Documents\Web Sites\skate world\forumsite\images\greyalliance\pollsmall.gif --> ftp.skate-world.net /public_html/images/greyalliance pollsmall.gif
2004.05.28 18:18 B E:\Documents and Settings\Adam Knox\My Documents\Web Sites\skate world\forumsite\images\greyalliance\profile.gif --> ftp.skate-world.net /public_html/images/greyalliance profile.gif
2004.05.28 18:18 B E:\Documents and Settings\Adam Knox\My Documents\Web Sites\skate world\forumsite\images\greyalliance\quote.gif --> ftp.skate-world.net /public_html/images/greyalliance quote.gif
2004.05.28 18:18 B E:\Documents and Settings\Adam Knox\My Documents\Web Sites\skate world\forumsite\images\greyalliance\red_folder.gif --> ftp.skate-world.net /public_html/images/greyalliance red_folder.gif
2004.05.28 18:18 B E:\Documents and Settings\Adam Knox\My Documents\Web Sites\skate world\forumsite\images\greyalliance\reply.gif --> ftp.skate-world.net /public_html/images/greyalliance reply.gif
2004.05.28 18:18 B E:\Documents and Settings\Adam Knox\My Documents\Web Sites\skate world\forumsite\images\greyalliance\report.gif --> ftp.skate-world.net /public_html/images/greyalliance report.gif
2004.05.28 18:18 B E:\Documents and Settings\Adam Knox\My Documents\Web Sites\skate world\forumsite\images\greyalliance\resolved.gif --> ftp.skate-world.net /public_html/images/greyalliance resolved.gif
2004.05.28 18:18 B E:\Documents and Settings\Adam Knox\My Documents\Web Sites\skate world\forumsite\images\greyalliance\search.gif --> ftp.skate-world.net /public_html/images/greyalliance search.gif
2004.05.28 18:18 B E:\Documents and Settings\Adam Knox\My Documents\Web Sites\skate world\forumsite\images\greyalliance\send.gif --> ftp.skate-world.net /public_html/images/greyalliance send.gif
2004.05.28 18:18 B E:\Documents and Settings\Adam Knox\My Documents\Web Sites\skate world\forumsite\images\greyalliance\site.gif --> ftp.skate-world.net /public_html/images/greyalliance site.gif
2004.05.28 18:18 B E:\Documents and Settings\Adam Knox\My Documents\Web Sites\skate world\forumsite\images\greyalliance\star.gif --> ftp.skate-world.net /public_html/images/greyalliance star.gif
2004.05.28 18:18 B E:\Documents and Settings\Adam Knox\My Documents\Web Sites\skate world\forumsite\images\greyalliance\stats.gif --> ftp.skate-world.net /public_html/images/greyalliance stats.gif
2004.05.28 18:18 B E:\Documents and Settings\Adam Knox\My Documents\Web Sites\skate world\forumsite\images\greyalliance\Thumbs.db --> ftp.skate-world.net /public_html/images/greyalliance Thumbs.db
2004.05.28 18:18 B E:\Documents and Settings\Adam Knox\My Documents\Web Sites\skate world\forumsite\images\greyalliance\todays_posts.gif --> ftp.skate-world.net /public_html/images/greyalliance todays_posts.gif
2004.05.28 18:18 B E:\Documents and Settings\Adam Knox\My Documents\Web Sites\skate world\forumsite\images\greyalliance\top.gif --> ftp.skate-world.net /public_html/images/greyalliance top.gif
2004.05.28 18:18 B E:\Documents and Settings\Adam Knox\My Documents\Web Sites\skate world\forumsite\images\greyalliance\u2u.gif --> ftp.skate-world.net /public_html/images/greyalliance u2u.gif
2004.05.28 18:18 B E:\Documents and Settings\Adam Knox\My Documents\Web Sites\skate world\forumsite\images\greyalliance\u2u_new.gif --> ftp.skate-world.net /public_html/images/greyalliance u2u_new.gif
2004.05.28 18:18 B E:\Documents and Settings\Adam Knox\My Documents\Web Sites\skate world\forumsite\images\greyalliance\unresolved.gif --> ftp.skate-world.net /public_html/images/greyalliance unresolved.gif
2004.05.28 18:18 B E:\Documents and Settings\Adam Knox\My Documents\Web Sites\skate world\forumsite\images\greyalliance\untop.gif --> ftp.skate-world.net /public_html/images/greyalliance untop.gif
2004.08.26 15:48 B E:\Documents and Settings\Adam Knox\Desktop\SKATE WORLD UNCLEAN\public_html\images\greyalliance\WS_FTP.LOG <-- Skate world /public_html/images/greyalliance WS_FTP.LOG
2004.08.26 15:48 B E:\Documents and Settings\Adam Knox\Desktop\SKATE WORLD UNCLEAN\public_html\images\greyalliance\yahoo.gif <-- Skate world /public_html/images/greyalliance yahoo.gif
2004.08.26 21:27 B E:\Documents and Settings\Adam Knox\Desktop\Skate world redone\forum\images\greyalliance\address.gif --> ftp.skate-world.net /public_html/forum/images/greyalliance address.gif
2004.08.26 21:27 B E:\Documents and Settings\Adam Knox\Desktop\Skate world redone\forum\images\greyalliance\aim.gif --> ftp.skate-world.net /public_html/forum/images/greyalliance aim.gif
2004.08.26 21:27 B E:\Documents and Settings\Adam Knox\Desktop\Skate world redone\forum\images\greyalliance\arrow_dw.gif --> ftp.skate-world.net /public_html/forum/images/greyalliance arrow_dw.gif
2004.08.26 21:27 B E:\Documents and Settings\Adam Knox\Desktop\Skate world redone\forum\images\greyalliance\arrow_up.gif --> ftp.skate-world.net /public_html/forum/images/greyalliance arrow_up.gif
2004.08.26 21:27 B E:\Documents and Settings\Adam Knox\Desktop\Skate world redone\forum\images\greyalliance\avatars.gif --> ftp.skate-world.net /public_html/forum/images/greyalliance avatars.gif
2004.08.26 21:27 B E:\Documents and Settings\Adam Knox\Desktop\Skate world redone\forum\images\greyalliance\bar.gif --> ftp.skate-world.net /public_html/forum/images/greyalliance bar.gif
2004.08.26 21:27 B E:\Documents and Settings\Adam Knox\Desktop\Skate world redone\forum\images\greyalliance\bar2.gif --> ftp.skate-world.net /public_html/forum/images/greyalliance bar2.gif
2004.08.26 21:27 B E:\Documents and Settings\Adam Knox\Desktop\Skate world redone\forum\images\greyalliance\bar3.gif --> ftp.skate-world.net /public_html/forum/images/greyalliance bar3.gif
2004.08.26 21:27 B E:\Documents and Settings\Adam Knox\Desktop\Skate world redone\forum\images\greyalliance\bb_bold.gif --> ftp.skate-world.net /public_html/forum/images/greyalliance bb_bold.gif
2004.08.26 21:27 B E:\Documents and Settings\Adam Knox\Desktop\Skate world redone\forum\images\greyalliance\bb_center.gif --> ftp.skate-world.net /public_html/forum/images/greyalliance bb_center.gif
2004.08.26 21:27 B E:\Documents and Settings\Adam Knox\Desktop\Skate world redone\forum\images\greyalliance\bb_code.gif --> ftp.skate-world.net /public_html/forum/images/greyalliance bb_code.gif
2004.08.26 21:27 B E:\Documents and Settings\Adam Knox\Desktop\Skate world redone\forum\images\greyalliance\bb_email.gif --> ftp.skate-world.net /public_html/forum/images/greyalliance bb_email.gif
2004.08.26 21:27 B E:\Documents and Settings\Adam Knox\Desktop\Skate world redone\forum\images\greyalliance\bb_image.gif --> ftp.skate-world.net /public_html/forum/images/greyalliance bb_image.gif
2004.08.26 21:27 B E:\Documents and Settings\Adam Knox\Desktop\Skate world redone\forum\images\greyalliance\bb_italicize.gif --> ftp.skate-world.net /public_html/forum/images/greyalliance bb_italicize.gif
2004.08.26 21:27 B E:\Documents and Settings\Adam Knox\Desktop\Skate world redone\forum\images\greyalliance\bb_list.gif --> ftp.skate-world.net /public_html/forum/images/greyalliance bb_list.gif
2004.08.26 21:27 B E:\Documents and Settings\Adam Knox\Desktop\Skate world redone\forum\images\greyalliance\bb_quote.gif --> ftp.skate-world.net /public_html/forum/images/greyalliance bb_quote.gif
2004.08.26 21:27 B E:\Documents and Settings\Adam Knox\Desktop\Skate world redone\forum\images\greyalliance\bb_underline.gif --> ftp.skate-world.net /public_html/forum/images/greyalliance bb_underline.gif
2004.08.26 21:27 B E:\Documents and Settings\Adam Knox\Desktop\Skate world redone\forum\images\greyalliance\bb_url.gif --> ftp.skate-world.net /public_html/forum/images/greyalliance bb_url.gif
2004.08.26 21:27 B E:\Documents and Settings\Adam Knox\Desktop\Skate world redone\forum\images\greyalliance\closeav.gif --> ftp.skate-world.net /public_html/forum/images/greyalliance closeav.gif
2004.08.26 21:27 B E:\Documents and Settings\Adam Knox\Desktop\Skate world redone\forum\images\greyalliance\deletetopic.gif --> ftp.skate-world.net /public_html/forum/images/greyalliance deletetopic.gif
2004.08.26 21:27 B E:\Documents and Settings\Adam Knox\Desktop\Skate world redone\forum\images\greyalliance\dot_folder.gif --> ftp.skate-world.net /public_html/forum/images/greyalliance dot_folder.gif
2004.08.26 21:27 B E:\Documents and Settings\Adam Knox\Desktop\Skate world redone\forum\images\greyalliance\dot_hot_folder.gif --> ftp.skate-world.net /public_html/forum/images/greyalliance dot_hot_folder.gif
2004.08.26 21:27 B E:\Documents and Settings\Adam Knox\Desktop\Skate world redone\forum\images\greyalliance\dot_hot_red_folder.gif --> ftp.skate-world.net /public_html/forum/images/greyalliance dot_hot_red_folder.gif
2004.08.26 21:27 B E:\Documents and Settings\Adam Knox\Desktop\Skate world redone\forum\images\greyalliance\dot_red_folder.gif --> ftp.skate-world.net /public_html/forum/images/greyalliance dot_red_folder.gif
2004.08.26 21:27 B E:\Documents and Settings\Adam Knox\Desktop\Skate world redone\forum\images\greyalliance\edit.gif --> ftp.skate-world.net /public_html/forum/images/greyalliance edit.gif
2004.08.26 21:27 B E:\Documents and Settings\Adam Knox\Desktop\Skate world redone\forum\images\greyalliance\email.gif --> ftp.skate-world.net /public_html/forum/images/greyalliance email.gif
2004.08.26 21:27 B E:\Documents and Settings\Adam Knox\Desktop\Skate world redone\forum\images\greyalliance\faq.gif --> ftp.skate-world.net /public_html/forum/images/greyalliance faq.gif
2004.08.26 21:27 B E:\Documents and Settings\Adam Knox\Desktop\Skate world redone\forum\images\greyalliance\find.gif --> ftp.skate-world.net /public_html/forum/images/greyalliance find.gif
2004.08.26 21:27 B E:\Documents and Settings\Adam Knox\Desktop\Skate world redone\forum\images\greyalliance\folder.gif --> ftp.skate-world.net /public_html/forum/images/greyalliance folder.gif
2004.08.26 21:27 B E:\Documents and Settings\Adam Knox\Desktop\Skate world redone\forum\images\greyalliance\header.gif --> ftp.skate-world.net /public_html/forum/images/greyalliance header.gif
2004.08.26 21:27 B E:\Documents and Settings\Adam Knox\Desktop\Skate world redone\forum\images\greyalliance\header2.gif --> ftp.skate-world.net /public_html/forum/images/greyalliance header2.gif
2004.08.26 21:27 B E:\Documents and Settings\Adam Knox\Desktop\Skate world redone\forum\images\greyalliance\headerback.gif --> ftp.skate-world.net /public_html/forum/images/greyalliance headerback.gif
2004.08.26 21:27 B E:\Documents and Settings\Adam Knox\Desktop\Skate world redone\forum\images\greyalliance\home.gif --> ftp.skate-world.net /public_html/forum/images/greyalliance home.gif
2004.08.26 21:27 B E:\Documents and Settings\Adam Knox\Desktop\Skate world redone\forum\images\greyalliance\hot_folder.gif --> ftp.skate-world.net /public_html/forum/images/greyalliance hot_folder.gif
2004.08.26 21:27 B E:\Documents and Settings\Adam Knox\Desktop\Skate world redone\forum\images\greyalliance\hot_red_folder.gif --> ftp.skate-world.net /public_html/forum/images/greyalliance hot_red_folder.gif
2004.08.26 21:27 B E:\Documents and Settings\Adam Knox\Desktop\Skate world redone\forum\images\greyalliance\icq_add.gif --> ftp.skate-world.net /public_html/forum/images/greyalliance icq_add.gif
2004.08.26 21:27 B E:\Documents and Settings\Adam Knox\Desktop\Skate world redone\forum\images\greyalliance\inbox.gif --> ftp.skate-world.net /public_html/forum/images/greyalliance inbox.gif
2004.08.26 21:27 B E:\Documents and Settings\Adam Knox\Desktop\Skate world redone\forum\images\greyalliance\index.html --> ftp.skate-world.net /public_html/forum/images/greyalliance index.html
2004.08.26 21:27 B E:\Documents and Settings\Adam Knox\Desktop\Skate world redone\forum\images\greyalliance\ip.gif --> ftp.skate-world.net /public_html/forum/images/greyalliance ip.gif
2004.08.26 21:27 B E:\Documents and Settings\Adam Knox\Desktop\Skate world redone\forum\images\greyalliance\ipost.gif --> ftp.skate-world.net /public_html/forum/images/greyalliance ipost.gif
2004.08.26 21:27 B E:\Documents and Settings\Adam Knox\Desktop\Skate world redone\forum\images\greyalliance\lastpost.gif --> ftp.skate-world.net /public_html/forum/images/greyalliance lastpost.gif
2004.08.26 21:27 B E:\Documents and Settings\Adam Knox\Desktop\Skate world redone\forum\images\greyalliance\lock_folder.gif --> ftp.skate-world.net /public_html/forum/images/greyalliance lock_folder.gif
2004.08.26 21:27 B E:\Documents and Settings\Adam Knox\Desktop\Skate world redone\forum\images\greyalliance\lockicon.gif --> ftp.skate-world.net /public_html/forum/images/greyalliance lockicon.gif
2004.08.26 21:27 B E:\Documents and Settings\Adam Knox\Desktop\Skate world redone\forum\images\greyalliance\locku2u.gif --> ftp.skate-world.net /public_html/forum/images/greyalliance locku2u.gif
2004.08.26 21:27 B E:\Documents and Settings\Adam Knox\Desktop\Skate world redone\forum\images\greyalliance\logo2.gif --> ftp.skate-world.net /public_html/forum/images/greyalliance logo2.gif
2004.08.26 21:27 B E:\Documents and Settings\Adam Knox\Desktop\Skate world redone\forum\images\greyalliance\members_list.gif --> ftp.skate-world.net /public_html/forum/images/greyalliance members_list.gif
2004.08.26 21:27 B E:\Documents and Settings\Adam Knox\Desktop\Skate world redone\forum\images\greyalliance\msn.gif --> ftp.skate-world.net /public_html/forum/images/greyalliance msn.gif
2004.08.26 21:27 B E:\Documents and Settings\Adam Knox\Desktop\Skate world redone\forum\images\greyalliance\newtopic.gif --> ftp.skate-world.net /public_html/forum/images/greyalliance newtopic.gif
2004.08.26 21:27 B E:\Documents and Settings\Adam Knox\Desktop\Skate world redone\forum\images\greyalliance\newu2u.gif --> ftp.skate-world.net /public_html/forum/images/greyalliance newu2u.gif
2004.08.26 21:27 B E:\Documents and Settings\Adam Knox\Desktop\Skate world redone\forum\images\greyalliance\online.gif --> ftp.skate-world.net /public_html/forum/images/greyalliance online.gif
2004.08.26 21:27 B E:\Documents and Settings\Adam Knox\Desktop\Skate world redone\forum\images\greyalliance\openav.gif --> ftp.skate-world.net /public_html/forum/images/greyalliance openav.gif
2004.08.26 21:27 B E:\Documents and Settings\Adam Knox\Desktop\Skate world redone\forum\images\greyalliance\outbox.gif --> ftp.skate-world.net /public_html/forum/images/greyalliance outbox.gif
2004.08.26 21:27 B E:\Documents and Settings\Adam Knox\Desktop\Skate world redone\forum\images\greyalliance\pin.gif --> ftp.skate-world.net /public_html/forum/images/greyalliance pin.gif
2004.08.26 21:28 B E:\Documents and Settings\Adam Knox\Desktop\Skate world redone\forum\images\greyalliance\pixel.gif --> ftp.skate-world.net /public_html/forum/images/greyalliance pixel.gif
2004.08.26 21:28 B E:\Documents and Settings\Adam Knox\Desktop\Skate world redone\forum\images\greyalliance\poll.gif --> ftp.skate-world.net /public_html/forum/images/greyalliance poll.gif
2004.08.26 21:28 B E:\Documents and Settings\Adam Knox\Desktop\Skate world redone\forum\images\greyalliance\pollbar-e.gif --> ftp.skate-world.net /public_html/forum/images/greyalliance pollbar-e.gif
2004.08.26 21:28 B E:\Documents and Settings\Adam Knox\Desktop\Skate world redone\forum\images\greyalliance\pollbar-s.gif --> ftp.skate-world.net /public_html/forum/images/greyalliance pollbar-s.gif
2004.08.26 21:28 B E:\Documents and Settings\Adam Knox\Desktop\Skate world redone\forum\images\greyalliance\pollbar.gif --> ftp.skate-world.net /public_html/forum/images/greyalliance pollbar.gif
2004.08.26 21:28 B E:\Documents and Settings\Adam Knox\Desktop\Skate world redone\forum\images\greyalliance\pollsmall.gif --> ftp.skate-world.net /public_html/forum/images/greyalliance pollsmall.gif
2004.08.26 21:28 B E:\Documents and Settings\Adam Knox\Desktop\Skate world redone\forum\images\greyalliance\profile.gif --> ftp.skate-world.net /public_html/forum/images/greyalliance profile.gif
2004.08.26 21:28 B E:\Documents and Settings\Adam Knox\Desktop\Skate world redone\forum\images\greyalliance\quote.gif --> ftp.skate-world.net /public_html/forum/images/greyalliance quote.gif
2004.08.26 21:28 B E:\Documents and Settings\Adam Knox\Desktop\Skate world redone\forum\images\greyalliance\red_folder.gif --> ftp.skate-world.net /public_html/forum/images/greyalliance red_folder.gif
2004.08.26 21:28 B E:\Documents and Settings\Adam Knox\Desktop\Skate world redone\forum\images\greyalliance\reply.gif --> ftp.skate-world.net /public_html/forum/images/greyalliance reply.gif
2004.08.26 21:28 B E:\Documents and Settings\Adam Knox\Desktop\Skate world redone\forum\images\greyalliance\report.gif --> ftp.skate-world.net /public_html/forum/images/greyalliance report.gif
2004.08.26 21:28 B E:\Documents and Settings\Adam Knox\Desktop\Skate world redone\forum\images\greyalliance\resolved.gif --> ftp.skate-world.net /public_html/forum/images/greyalliance resolved.gif
2004.08.26 21:28 B E:\Documents and Settings\Adam Knox\Desktop\Skate world redone\forum\images\greyalliance\search.gif --> ftp.skate-world.net /public_html/forum/images/greyalliance search.gif
2004.08.26 21:28 B E:\Documents and Settings\Adam Knox\Desktop\Skate world redone\forum\images\greyalliance\send.gif --> ftp.skate-world.net /public_html/forum/images/greyalliance send.gif
2004.08.26 21:28 B E:\Documents and Settings\Adam Knox\Desktop\Skate world redone\forum\images\greyalliance\site.gif --> ftp.skate-world.net /public_html/forum/images/greyalliance site.gif
2004.08.26 21:28 B E:\Documents and Settings\Adam Knox\Desktop\Skate world redone\forum\images\greyalliance\star.gif --> ftp.skate-world.net /public_html/forum/images/greyalliance star.gif
2004.08.26 21:28 B E:\Documents and Settings\Adam Knox\Desktop\Skate world redone\forum\images\greyalliance\stats.gif --> ftp.skate-world.net /public_html/forum/images/greyalliance stats.gif
2004.08.26 21:28 B E:\Documents and Settings\Adam Knox\Desktop\Skate world redone\forum\images\greyalliance\Thumbs.db --> ftp.skate-world.net /public_html/forum/images/greyalliance Thumbs.db
2004.08.26 21:28 B E:\Documents and Settings\Adam Knox\Desktop\Skate world redone\forum\images\greyalliance\todays_posts.gif --> ftp.skate-world.net /public_html/forum/images/greyalliance todays_posts.gif
2004.08.26 21:28 B E:\Documents and Settings\Adam Knox\Desktop\Skate world redone\forum\images\greyalliance\top.gif --> ftp.skate-world.net /public_html/forum/images/greyalliance top.gif
2004.08.26 21:28 B E:\Documents and Settings\Adam Knox\Desktop\Skate world redone\forum\images\greyalliance\topav.gif --> ftp.skate-world.net /public_html/forum/images/greyalliance topav.gif
2004.08.26 21:28 B E:\Documents and Settings\Adam Knox\Desktop\Skate world redone\forum\images\greyalliance\u2u.gif --> ftp.skate-world.net /public_html/forum/images/greyalliance u2u.gif
2004.08.26 21:28 B E:\Documents and Settings\Adam Knox\Desktop\Skate world redone\forum\images\greyalliance\u2u_new.gif --> ftp.skate-world.net /public_html/forum/images/greyalliance u2u_new.gif
2004.08.26 21:28 B E:\Documents and Settings\Adam Knox\Desktop\Skate world redone\forum\images\greyalliance\unresolved.gif --> ftp.skate-world.net /public_html/forum/images/greyalliance unresolved.gif
2004.08.26 21:28 B E:\Documents and Settings\Adam Knox\Desktop\Skate world redone\forum\images\greyalliance\untop.gif --> ftp.skate-world.net /public_html/forum/images/greyalliance untop.gif
2004.09.20 16:38 B E:\Documents and Settings\Adam Knox\My Documents\Skate World\backup\forum\images\greyalliance\WS_FTP.LOG <-- Skate world Temporary /public_html/forum/images/greyalliance WS_FTP.LOG
2004.09.20 16:38 B E:\Documents and Settings\Adam Knox\My Documents\Skate World\backup\forum\images\greyalliance\yahoo.gif <-- Skate world Temporary /public_html/forum/images/greyalliance yahoo.gif
2004.10.02 20:38 B G:\Documents and Settings\bilbo\My Documents\Skate World\backup\FOLDERS\forum\images\greyalliance\address.gif --> host215.ipowerweb.com /public_html/forum/images/greyalliance address.gif
2004.10.02 20:38 B G:\Documents and Settings\bilbo\My Documents\Skate World\backup\FOLDERS\forum\images\greyalliance\aim.gif --> host215.ipowerweb.com /public_html/forum/images/greyalliance aim.gif
2004.10.02 20:38 B G:\Documents and Settings\bilbo\My Documents\Skate World\backup\FOLDERS\forum\images\greyalliance\arrow_dw.gif --> host215.ipowerweb.com /public_html/forum/images/greyalliance arrow_dw.gif
2004.10.02 20:38 B G:\Documents and Settings\bilbo\My Documents\Skate World\backup\FOLDERS\forum\images\greyalliance\arrow_up.gif --> host215.ipowerweb.com /public_html/forum/images/greyalliance arrow_up.gif
2004.10.02 20:38 B G:\Documents and Settings\bilbo\My Documents\Skate World\backup\FOLDERS\forum\images\greyalliance\avatars.gif --> host215.ipowerweb.com /public_html/forum/images/greyalliance avatars.gif
2004.10.02 20:38 B G:\Documents and Settings\bilbo\My Documents\Skate World\backup\FOLDERS\forum\images\greyalliance\bar.gif --> host215.ipowerweb.com /public_html/forum/images/greyalliance bar.gif
2004.10.02 20:38 B G:\Documents and Settings\bilbo\My Documents\Skate World\backup\FOLDERS\forum\images\greyalliance\bar2.gif --> host215.ipowerweb.com /public_html/forum/images/greyalliance bar2.gif
2004.10.02 20:38 B G:\Documents and Settings\bilbo\My Documents\Skate World\backup\FOLDERS\forum\images\greyalliance\bar3.gif --> host215.ipowerweb.com /public_html/forum/images/greyalliance bar3.gif
2004.10.02 20:38 B G:\Documents and Settings\bilbo\My Documents\Skate World\backup\FOLDERS\forum\images\greyalliance\bb_bold.gif --> host215.ipowerweb.com /public_html/forum/images/greyalliance bb_bold.gif
2004.10.02 20:38 B G:\Documents and Settings\bilbo\My Documents\Skate World\backup\FOLDERS\forum\images\greyalliance\bb_center.gif --> host215.ipowerweb.com /public_html/forum/images/greyalliance bb_center.gif
2004.10.02 20:38 B G:\Documents and Settings\bilbo\My Documents\Skate World\backup\FOLDERS\forum\images\greyalliance\bb_code.gif --> host215.ipowerweb.com /public_html/forum/images/greyalliance bb_code.gif
2004.10.02 20:38 B G:\Documents and Settings\bilbo\My Documents\Skate World\backup\FOLDERS\forum\images\greyalliance\bb_email.gif --> host215.ipowerweb.com /public_html/forum/images/greyalliance bb_email.gif
2004.10.02 20:38 B G:\Documents and Settings\bilbo\My Documents\Skate World\backup\FOLDERS\forum\images\greyalliance\bb_image.gif --> host215.ipowerweb.com /public_html/forum/images/greyalliance bb_image.gif
2004.10.02 20:38 B G:\Documents and Settings\bilbo\My Documents\Skate World\backup\FOLDERS\forum\images\greyalliance\bb_italicize.gif --> host215.ipowerweb.com /public_html/forum/images/greyalliance bb_italicize.gif
2004.10.02 20:38 B G:\Documents and Settings\bilbo\My Documents\Skate World\backup\FOLDERS\forum\images\greyalliance\bb_list.gif --> host215.ipowerweb.com /public_html/forum/images/greyalliance bb_list.gif
2004.10.02 20:38 B G:\Documents and Settings\bilbo\My Documents\Skate World\backup\FOLDERS\forum\images\greyalliance\bb_quote.gif --> host215.ipowerweb.com /public_html/forum/images/greyalliance bb_quote.gif
2004.10.02 20:38 B G:\Documents and Settings\bilbo\My Documents\Skate World\backup\FOLDERS\forum\images\greyalliance\bb_underline.gif --> host215.ipowerweb.com /public_html/forum/images/greyalliance bb_underline.gif
2004.10.02 20:38 B G:\Documents and Settings\bilbo\My Documents\Skate World\backup\FOLDERS\forum\images\greyalliance\bb_url.gif --> host215.ipowerweb.com /public_html/forum/images/greyalliance bb_url.gif
2004.10.02 20:38 B G:\Documents and Settings\bilbo\My Documents\Skate World\backup\FOLDERS\forum\images\greyalliance\closeav.gif --> host215.ipowerweb.com /public_html/forum/images/greyalliance closeav.gif
2004.10.02 20:38 B G:\Documents and Settings\bilbo\My Documents\Skate World\backup\FOLDERS\forum\images\greyalliance\deletetopic.gif --> host215.ipowerweb.com /public_html/forum/images/greyalliance deletetopic.gif
2004.10.02 20:38 B G:\Documents and Settings\bilbo\My Documents\Skate World\backup\FOLDERS\forum\images\greyalliance\dot_folder.gif --> host215.ipowerweb.com /public_html/forum/images/greyalliance dot_folder.gif
2004.10.02 20:38 B G:\Documents and Settings\bilbo\My Documents\Skate World\backup\FOLDERS\forum\images\greyalliance\dot_hot_folder.gif --> host215.ipowerweb.com /public_html/forum/images/greyalliance dot_hot_folder.gif
2004.10.02 20:38 B G:\Documents and Settings\bilbo\My Documents\Skate World\backup\FOLDERS\forum\images\greyalliance\dot_hot_red_folder.gif --> host215.ipowerweb.com /public_html/forum/images/greyalliance dot_hot_red_folder.gif
2004.10.02 20:38 B G:\Documents and Settings\bilbo\My Documents\Skate World\backup\FOLDERS\forum\images\greyalliance\dot_red_folder.gif --> host215.ipowerweb.com /public_html/forum/images/greyalliance dot_red_folder.gif
2004.10.02 20:38 B G:\Documents and Settings\bilbo\My Documents\Skate World\backup\FOLDERS\forum\images\greyalliance\edit.gif --> host215.ipowerweb.com /public_html/forum/images/greyalliance edit.gif
2004.10.02 20:38 B G:\Documents and Settings\bilbo\My Documents\Skate World\backup\FOLDERS\forum\images\greyalliance\email.gif --> host215.ipowerweb.com /public_html/forum/images/greyalliance email.gif
2004.10.02 20:38 B G:\Documents and Settings\bilbo\My Documents\Skate World\backup\FOLDERS\forum\images\greyalliance\faq.gif --> host215.ipowerweb.com /public_html/forum/images/greyalliance faq.gif
2004.10.02 20:38 B G:\Documents and Settings\bilbo\My Documents\Skate World\backup\FOLDERS\forum\images\greyalliance\find.gif --> host215.ipowerweb.com /public_html/forum/images/greyalliance find.gif
2004.10.02 20:38 B G:\Documents and Settings\bilbo\My Documents\Skate World\backup\FOLDERS\forum\images\greyalliance\folder.gif --> host215.ipowerweb.com /public_html/forum/images/greyalliance folder.gif
2004.10.02 20:38 B G:\Documents and Settings\bilbo\My Documents\Skate World\backup\FOLDERS\forum\images\greyalliance\header.gif --> host215.ipowerweb.com /public_html/forum/images/greyalliance header.gif
2004.10.02 20:38 B G:\Documents and Settings\bilbo\My Documents\Skate World\backup\FOLDERS\forum\images\greyalliance\header2.gif --> host215.ipowerweb.com /public_html/forum/images/greyalliance header2.gif
2004.10.02 20:39 B G:\Documents and Settings\bilbo\My Documents\Skate World\backup\FOLDERS\forum\images\greyalliance\headerback.gif --> host215.ipowerweb.com /public_html/forum/images/greyalliance headerback.gif
2004.10.02 20:39 B G:\Documents and Settings\bilbo\My Documents\Skate World\backup\FOLDERS\forum\images\greyalliance\home.gif --> host215.ipowerweb.com /public_html/forum/images/greyalliance home.gif
2004.10.02 20:39 B G:\Documents and Settings\bilbo\My Documents\Skate World\backup\FOLDERS\forum\images\greyalliance\hot_folder.gif --> host215.ipowerweb.com /public_html/forum/images/greyalliance hot_folder.gif
2004.10.02 20:39 B G:\Documents and Settings\bilbo\My Documents\Skate World\backup\FOLDERS\forum\images\greyalliance\hot_red_folder.gif --> host215.ipowerweb.com /public_html/forum/images/greyalliance hot_red_folder.gif
2004.10.02 20:39 B G:\Documents and Settings\bilbo\My Documents\Skate World\backup\FOLDERS\forum\images\greyalliance\icq_add.gif --> host215.ipowerweb.com /public_html/forum/images/greyalliance icq_add.gif
2004.10.02 20:39 B G:\Documents and Settings\bilbo\My Documents\Skate World\backup\FOLDERS\forum\images\greyalliance\inbox.gif --> host215.ipowerweb.com /public_html/forum/images/greyalliance inbox.gif
2004.10.02 20:39 B G:\Documents and Settings\bilbo\My Documents\Skate World\backup\FOLDERS\forum\images\greyalliance\index.html --> host215.ipowerweb.com /public_html/forum/images/greyalliance index.html
2004.10.02 20:39 B G:\Documents and Settings\bilbo\My Documents\Skate World\backup\FOLDERS\forum\images\greyalliance\ip.gif --> host215.ipowerweb.com /public_html/forum/images/greyalliance ip.gif
2004.10.02 20:39 B G:\Documents and Settings\bilbo\My Documents\Skate World\backup\FOLDERS\forum\images\greyalliance\ipost.gif --> host215.ipowerweb.com /public_html/forum/images/greyalliance ipost.gif
2004.10.02 20:39 B G:\Documents and Settings\bilbo\My Documents\Skate World\backup\FOLDERS\forum\images\greyalliance\lastpost.gif --> host215.ipowerweb.com /public_html/forum/images/greyalliance lastpost.gif
2004.10.02 20:39 B G:\Documents and Settings\bilbo\My Documents\Skate World\backup\FOLDERS\forum\images\greyalliance\lock_folder.gif --> host215.ipowerweb.com /public_html/forum/images/greyalliance lock_folder.gif
2004.10.02 20:39 B G:\Documents and Settings\bilbo\My Documents\Skate World\backup\FOLDERS\forum\images\greyalliance\lockicon.gif --> host215.ipowerweb.com /public_html/forum/images/greyalliance lockicon.gif
2004.10.02 20:39 B G:\Documents and Settings\bilbo\My Documents\Skate World\backup\FOLDERS\forum\images\greyalliance\locku2u.gif --> host215.ipowerweb.com /public_html/forum/images/greyalliance locku2u.gif
2004.10.02 20:39 B G:\Documents and Settings\bilbo\My Documents\Skate World\backup\FOLDERS\forum\images\greyalliance\logo2.gif --> host215.ipowerweb.com /public_html/forum/images/greyalliance logo2.gif
2004.10.02 20:39 B G:\Documents and Settings\bilbo\My Documents\Skate World\backup\FOLDERS\forum\images\greyalliance\members_list.gif --> host215.ipowerweb.com /public_html/forum/images/greyalliance members_list.gif
2004.10.02 20:39 B G:\Documents and Settings\bilbo\My Documents\Skate World\backup\FOLDERS\forum\images\greyalliance\msn.gif --> host215.ipowerweb.com /public_html/forum/images/greyalliance msn.gif
2004.10.02 20:39 B G:\Documents and Settings\bilbo\My Documents\Skate World\backup\FOLDERS\forum\images\greyalliance\newtopic.gif --> host215.ipowerweb.com /public_html/forum/images/greyalliance newtopic.gif
2004.10.02 20:39 B G:\Documents and Settings\bilbo\My Documents\Skate World\backup\FOLDERS\forum\images\greyalliance\newu2u.gif --> host215.ipowerweb.com /public_html/forum/images/greyalliance newu2u.gif
2004.10.02 20:39 B G:\Documents and Settings\bilbo\My Documents\Skate World\backup\FOLDERS\forum\images\greyalliance\online.gif --> host215.ipowerweb.com /public_html/forum/images/greyalliance online.gif
2004.10.02 20:39 B G:\Documents and Settings\bilbo\My Documents\Skate World\backup\FOLDERS\forum\images\greyalliance\openav.gif --> host215.ipowerweb.com /public_html/forum/images/greyalliance openav.gif
2004.10.02 20:39 B G:\Documents and Settings\bilbo\My Documents\Skate World\backup\FOLDERS\forum\images\greyalliance\outbox.gif --> host215.ipowerweb.com /public_html/forum/images/greyalliance outbox.gif
2004.10.02 20:39 B G:\Documents and Settings\bilbo\My Documents\Skate World\backup\FOLDERS\forum\images\greyalliance\pin.gif --> host215.ipowerweb.com /public_html/forum/images/greyalliance pin.gif
2004.10.02 20:39 B G:\Documents and Settings\bilbo\My Documents\Skate World\backup\FOLDERS\forum\images\greyalliance\pixel.gif --> host215.ipowerweb.com /public_html/forum/images/greyalliance pixel.gif
2004.10.02 20:39 B G:\Documents and Settings\bilbo\My Documents\Skate World\backup\FOLDERS\forum\images\greyalliance\poll.gif --> host215.ipowerweb.com /public_html/forum/images/greyalliance poll.gif
2004.10.02 20:39 B G:\Documents and Settings\bilbo\My Documents\Skate World\backup\FOLDERS\forum\images\greyalliance\pollbar-e.gif --> host215.ipowerweb.com /public_html/forum/images/greyalliance pollbar-e.gif
2004.10.02 20:39 B G:\Documents and Settings\bilbo\My Documents\Skate World\backup\FOLDERS\forum\images\greyalliance\pollbar-s.gif --> host215.ipowerweb.com /public_html/forum/images/greyalliance pollbar-s.gif
2004.10.02 20:39 B G:\Documents and Settings\bilbo\My Documents\Skate World\backup\FOLDERS\forum\images\greyalliance\pollbar.gif --> host215.ipowerweb.com /public_html/forum/images/greyalliance pollbar.gif
2004.10.02 20:39 B G:\Documents and Settings\bilbo\My Documents\Skate World\backup\FOLDERS\forum\images\greyalliance\pollsmall.gif --> host215.ipowerweb.com /public_html/forum/images/greyalliance pollsmall.gif
2004.10.02 20:39 B G:\Documents and Settings\bilbo\My Documents\Skate World\backup\FOLDERS\forum\images\greyalliance\profile.gif --> host215.ipowerweb.com /public_html/forum/images/greyalliance profile.gif
2004.10.02 20:39 B G:\Documents and Settings\bilbo\My Documents\Skate World\backup\FOLDERS\forum\images\greyalliance\quote.gif --> host215.ipowerweb.com /public_html/forum/images/greyalliance quote.gif
2004.10.02 20:39 B G:\Documents and Settings\bilbo\My Documents\Skate World\backup\FOLDERS\forum\images\greyalliance\red_folder.gif --> host215.ipowerweb.com /public_html/forum/images/greyalliance red_folder.gif
2004.10.02 20:39 B G:\Documents and Settings\bilbo\My Documents\Skate World\backup\FOLDERS\forum\images\greyalliance\reply.gif --> host215.ipowerweb.com /public_html/forum/images/greyalliance reply.gif
2004.10.02 20:39 B G:\Documents and Settings\bilbo\My Documents\Skate World\backup\FOLDERS\forum\images\greyalliance\report.gif --> host215.ipowerweb.com /public_html/forum/images/greyalliance report.gif
2004.10.02 20:39 B G:\Documents and Settings\bilbo\My Documents\Skate World\backup\FOLDERS\forum\images\greyalliance\resolved.gif --> host215.ipowerweb.com /public_html/forum/images/greyalliance resolved.gif
2004.10.02 20:39 B G:\Documents and Settings\bilbo\My Documents\Skate World\backup\FOLDERS\forum\images\greyalliance\search.gif --> host215.ipowerweb.com /public_html/forum/images/greyalliance search.gif
2004.10.02 20:39 B G:\Documents and Settings\bilbo\My Documents\Skate World\backup\FOLDERS\forum\images\greyalliance\send.gif --> host215.ipowerweb.com /public_html/forum/images/greyalliance send.gif
2004.10.02 20:39 B G:\Documents and Settings\bilbo\My Documents\Skate World\backup\FOLDERS\forum\images\greyalliance\site.gif --> host215.ipowerweb.com /public_html/forum/images/greyalliance site.gif
2004.10.02 20:39 B G:\Documents and Settings\bilbo\My Documents\Skate World\backup\FOLDERS\forum\images\greyalliance\star.gif --> host215.ipowerweb.com /public_html/forum/images/greyalliance star.gif
2004.10.02 20:39 B G:\Documents and Settings\bilbo\My Documents\Skate World\backup\FOLDERS\forum\images\greyalliance\stats.gif --> host215.ipowerweb.com /public_html/forum/images/greyalliance stats.gif
2004.10.02 20:39 B G:\Documents and Settings\bilbo\My Documents\Skate World\backup\FOLDERS\forum\images\greyalliance\Thumbs.db --> host215.ipowerweb.com /public_html/forum/images/greyalliance Thumbs.db
2004.10.02 20:39 B G:\Documents and Settings\bilbo\My Documents\Skate World\backup\FOLDERS\forum\images\greyalliance\todays_posts.gif --> host215.ipowerweb.com /public_html/forum/images/greyalliance todays_posts.gif
2004.10.02 20:39 B G:\Documents and Settings\bilbo\My Documents\Skate World\backup\FOLDERS\forum\images\greyalliance\top.gif --> host215.ipowerweb.com /public_html/forum/images/greyalliance top.gif
2004.10.02 20:39 B G:\Documents and Settings\bilbo\My Documents\Skate World\backup\FOLDERS\forum\images\greyalliance\topav.gif --> host215.ipowerweb.com /public_html/forum/images/greyalliance topav.gif
2004.10.02 20:39 B G:\Documents and Settings\bilbo\My Documents\Skate World\backup\FOLDERS\forum\images\greyalliance\u2u.gif --> host215.ipowerweb.com /public_html/forum/images/greyalliance u2u.gif
2004.10.02 20:39 B G:\Documents and Settings\bilbo\My Documents\Skate World\backup\FOLDERS\forum\images\greyalliance\u2u_new.gif --> host215.ipowerweb.com /public_html/forum/images/greyalliance u2u_new.gif
2004.10.02 20:39 B G:\Documents and Settings\bilbo\My Documents\Skate World\backup\FOLDERS\forum\images\greyalliance\unresolved.gif --> host215.ipowerweb.com /public_html/forum/images/greyalliance unresolved.gif
2004.10.02 20:39 B G:\Documents and Settings\bilbo\My Documents\Skate World\backup\FOLDERS\forum\images\greyalliance\untop.gif --> host215.ipowerweb.com /public_html/forum/images/greyalliance untop.gif
2005.08.29 22:49 B C:\Documents and Settings\Adam.ADAMK\My Documents\Programming\Switch Skate\Layouts\Backups\File Backups\public_html\forums\images\greyalliance\WS_FTP.LOG <-- Switch Skate /public_html/forums/images/greyalliance WS_FTP.LOG
2005.08.29 22:49 B C:\Documents and Settings\Adam.ADAMK\My Documents\Programming\Switch Skate\Layouts\Backups\File Backups\public_html\forums\images\greyalliance\yahoo.gif <-- Switch Skate /public_html/forums/images/greyalliance yahoo.gif
