2005.01.17 04:28 B G:\Documents and Settings\bilbo\My Documents\Switch Skate REOPENED\Forums\Themes\deepblue\address.gif --> host215.ipowerweb.com /public_html/forums/images/deepblue address.gif
2005.01.17 04:28 B G:\Documents and Settings\bilbo\My Documents\Switch Skate REOPENED\Forums\Themes\deepblue\aim.gif --> host215.ipowerweb.com /public_html/forums/images/deepblue aim.gif
2005.01.17 04:28 B G:\Documents and Settings\bilbo\My Documents\Switch Skate REOPENED\Forums\Themes\deepblue\arrow_dw.gif --> host215.ipowerweb.com /public_html/forums/images/deepblue arrow_dw.gif
2005.01.17 04:28 B G:\Documents and Settings\bilbo\My Documents\Switch Skate REOPENED\Forums\Themes\deepblue\arrow_up.gif --> host215.ipowerweb.com /public_html/forums/images/deepblue arrow_up.gif
2005.01.17 04:28 B G:\Documents and Settings\bilbo\My Documents\Switch Skate REOPENED\Forums\Themes\deepblue\bar.gif --> host215.ipowerweb.com /public_html/forums/images/deepblue bar.gif
2005.01.17 04:28 B G:\Documents and Settings\bilbo\My Documents\Switch Skate REOPENED\Forums\Themes\deepblue\bb_bold.gif --> host215.ipowerweb.com /public_html/forums/images/deepblue bb_bold.gif
2005.01.17 04:28 B G:\Documents and Settings\bilbo\My Documents\Switch Skate REOPENED\Forums\Themes\deepblue\bb_center.gif --> host215.ipowerweb.com /public_html/forums/images/deepblue bb_center.gif
2005.01.17 04:28 B G:\Documents and Settings\bilbo\My Documents\Switch Skate REOPENED\Forums\Themes\deepblue\bb_code.gif --> host215.ipowerweb.com /public_html/forums/images/deepblue bb_code.gif
2005.01.17 04:28 B G:\Documents and Settings\bilbo\My Documents\Switch Skate REOPENED\Forums\Themes\deepblue\bb_email.gif --> host215.ipowerweb.com /public_html/forums/images/deepblue bb_email.gif
2005.01.17 04:28 B G:\Documents and Settings\bilbo\My Documents\Switch Skate REOPENED\Forums\Themes\deepblue\bb_image.gif --> host215.ipowerweb.com /public_html/forums/images/deepblue bb_image.gif
2005.01.17 04:28 B G:\Documents and Settings\bilbo\My Documents\Switch Skate REOPENED\Forums\Themes\deepblue\bb_italicize.gif --> host215.ipowerweb.com /public_html/forums/images/deepblue bb_italicize.gif
2005.01.17 04:28 B G:\Documents and Settings\bilbo\My Documents\Switch Skate REOPENED\Forums\Themes\deepblue\bb_list.gif --> host215.ipowerweb.com /public_html/forums/images/deepblue bb_list.gif
2005.01.17 04:28 B G:\Documents and Settings\bilbo\My Documents\Switch Skate REOPENED\Forums\Themes\deepblue\bb_quote.gif --> host215.ipowerweb.com /public_html/forums/images/deepblue bb_quote.gif
2005.01.17 04:28 B G:\Documents and Settings\bilbo\My Documents\Switch Skate REOPENED\Forums\Themes\deepblue\bb_underline.gif --> host215.ipowerweb.com /public_html/forums/images/deepblue bb_underline.gif
2005.01.17 04:28 B G:\Documents and Settings\bilbo\My Documents\Switch Skate REOPENED\Forums\Themes\deepblue\bb_url.gif --> host215.ipowerweb.com /public_html/forums/images/deepblue bb_url.gif
2005.01.17 04:28 B G:\Documents and Settings\bilbo\My Documents\Switch Skate REOPENED\Forums\Themes\deepblue\bbrules.gif --> host215.ipowerweb.com /public_html/forums/images/deepblue bbrules.gif
2005.01.17 04:28 B G:\Documents and Settings\bilbo\My Documents\Switch Skate REOPENED\Forums\Themes\deepblue\bluebar.gif --> host215.ipowerweb.com /public_html/forums/images/deepblue bluebar.gif
2005.01.17 04:28 B G:\Documents and Settings\bilbo\My Documents\Switch Skate REOPENED\Forums\Themes\deepblue\boardheader.gif --> host215.ipowerweb.com /public_html/forums/images/deepblue boardheader.gif
2005.01.17 04:28 B G:\Documents and Settings\bilbo\My Documents\Switch Skate REOPENED\Forums\Themes\deepblue\deepblueheader.gif --> host215.ipowerweb.com /public_html/forums/images/deepblue deepblueheader.gif
2005.01.17 04:28 B G:\Documents and Settings\bilbo\My Documents\Switch Skate REOPENED\Forums\Themes\deepblue\dot_folder.gif --> host215.ipowerweb.com /public_html/forums/images/deepblue dot_folder.gif
2005.01.17 04:28 B G:\Documents and Settings\bilbo\My Documents\Switch Skate REOPENED\Forums\Themes\deepblue\dot_hot_folder.gif --> host215.ipowerweb.com /public_html/forums/images/deepblue dot_hot_folder.gif
2005.01.17 04:28 B G:\Documents and Settings\bilbo\My Documents\Switch Skate REOPENED\Forums\Themes\deepblue\dot_hot_red_folder.gif --> host215.ipowerweb.com /public_html/forums/images/deepblue dot_hot_red_folder.gif
2005.01.17 04:28 B G:\Documents and Settings\bilbo\My Documents\Switch Skate REOPENED\Forums\Themes\deepblue\dot_red_folder.gif --> host215.ipowerweb.com /public_html/forums/images/deepblue dot_red_folder.gif
2005.01.17 04:28 B G:\Documents and Settings\bilbo\My Documents\Switch Skate REOPENED\Forums\Themes\deepblue\edit.gif --> host215.ipowerweb.com /public_html/forums/images/deepblue edit.gif
2005.01.17 04:28 B G:\Documents and Settings\bilbo\My Documents\Switch Skate REOPENED\Forums\Themes\deepblue\email.gif --> host215.ipowerweb.com /public_html/forums/images/deepblue email.gif
2005.01.17 04:28 B G:\Documents and Settings\bilbo\My Documents\Switch Skate REOPENED\Forums\Themes\deepblue\faq.gif --> host215.ipowerweb.com /public_html/forums/images/deepblue faq.gif
2005.01.17 04:28 B G:\Documents and Settings\bilbo\My Documents\Switch Skate REOPENED\Forums\Themes\deepblue\find.gif --> host215.ipowerweb.com /public_html/forums/images/deepblue find.gif
2005.01.17 04:28 B G:\Documents and Settings\bilbo\My Documents\Switch Skate REOPENED\Forums\Themes\deepblue\folder.gif --> host215.ipowerweb.com /public_html/forums/images/deepblue folder.gif
2005.01.17 04:28 B G:\Documents and Settings\bilbo\My Documents\Switch Skate REOPENED\Forums\Themes\deepblue\forumhead.gif --> host215.ipowerweb.com /public_html/forums/images/deepblue forumhead.gif
2005.01.17 04:28 B G:\Documents and Settings\bilbo\My Documents\Switch Skate REOPENED\Forums\Themes\deepblue\home.gif --> host215.ipowerweb.com /public_html/forums/images/deepblue home.gif
2005.01.17 04:28 B G:\Documents and Settings\bilbo\My Documents\Switch Skate REOPENED\Forums\Themes\deepblue\hot_folder.gif --> host215.ipowerweb.com /public_html/forums/images/deepblue hot_folder.gif
2005.01.17 04:28 B G:\Documents and Settings\bilbo\My Documents\Switch Skate REOPENED\Forums\Themes\deepblue\hot_red_folder.gif --> host215.ipowerweb.com /public_html/forums/images/deepblue hot_red_folder.gif
2005.01.17 04:28 B G:\Documents and Settings\bilbo\My Documents\Switch Skate REOPENED\Forums\Themes\deepblue\icq_add.gif --> host215.ipowerweb.com /public_html/forums/images/deepblue icq_add.gif
2005.01.17 04:28 B G:\Documents and Settings\bilbo\My Documents\Switch Skate REOPENED\Forums\Themes\deepblue\inbox.gif --> host215.ipowerweb.com /public_html/forums/images/deepblue inbox.gif
2005.01.17 04:28 B G:\Documents and Settings\bilbo\My Documents\Switch Skate REOPENED\Forums\Themes\deepblue\ip.gif --> host215.ipowerweb.com /public_html/forums/images/deepblue ip.gif
2005.01.17 04:28 B G:\Documents and Settings\bilbo\My Documents\Switch Skate REOPENED\Forums\Themes\deepblue\ipost.gif --> host215.ipowerweb.com /public_html/forums/images/deepblue ipost.gif
2005.01.17 04:28 B G:\Documents and Settings\bilbo\My Documents\Switch Skate REOPENED\Forums\Themes\deepblue\lastpost.gif --> host215.ipowerweb.com /public_html/forums/images/deepblue lastpost.gif
2005.01.17 04:28 B G:\Documents and Settings\bilbo\My Documents\Switch Skate REOPENED\Forums\Themes\deepblue\lock_folder.gif --> host215.ipowerweb.com /public_html/forums/images/deepblue lock_folder.gif
2005.01.17 04:28 B G:\Documents and Settings\bilbo\My Documents\Switch Skate REOPENED\Forums\Themes\deepblue\locku2u.gif --> host215.ipowerweb.com /public_html/forums/images/deepblue locku2u.gif
2005.01.17 04:28 B G:\Documents and Settings\bilbo\My Documents\Switch Skate REOPENED\Forums\Themes\deepblue\members_list.gif --> host215.ipowerweb.com /public_html/forums/images/deepblue members_list.gif
2005.01.17 04:28 B G:\Documents and Settings\bilbo\My Documents\Switch Skate REOPENED\Forums\Themes\deepblue\msn.gif --> host215.ipowerweb.com /public_html/forums/images/deepblue msn.gif
2005.01.17 04:28 B G:\Documents and Settings\bilbo\My Documents\Switch Skate REOPENED\Forums\Themes\deepblue\newmessage.gif --> host215.ipowerweb.com /public_html/forums/images/deepblue newmessage.gif
2005.01.17 04:28 B G:\Documents and Settings\bilbo\My Documents\Switch Skate REOPENED\Forums\Themes\deepblue\newtopic.gif --> host215.ipowerweb.com /public_html/forums/images/deepblue newtopic.gif
2005.01.17 04:28 B G:\Documents and Settings\bilbo\My Documents\Switch Skate REOPENED\Forums\Themes\deepblue\newu2u.gif --> host215.ipowerweb.com /public_html/forums/images/deepblue newu2u.gif
2005.01.17 04:28 B G:\Documents and Settings\bilbo\My Documents\Switch Skate REOPENED\Forums\Themes\deepblue\online.gif --> host215.ipowerweb.com /public_html/forums/images/deepblue online.gif
2005.01.17 04:28 B G:\Documents and Settings\bilbo\My Documents\Switch Skate REOPENED\Forums\Themes\deepblue\outbox.gif --> host215.ipowerweb.com /public_html/forums/images/deepblue outbox.gif
2005.01.17 04:28 B G:\Documents and Settings\bilbo\My Documents\Switch Skate REOPENED\Forums\Themes\deepblue\pin.gif --> host215.ipowerweb.com /public_html/forums/images/deepblue pin.gif
2005.01.17 04:28 B G:\Documents and Settings\bilbo\My Documents\Switch Skate REOPENED\Forums\Themes\deepblue\pixel.gif --> host215.ipowerweb.com /public_html/forums/images/deepblue pixel.gif
2005.01.17 04:28 B G:\Documents and Settings\bilbo\My Documents\Switch Skate REOPENED\Forums\Themes\deepblue\poll.gif --> host215.ipowerweb.com /public_html/forums/images/deepblue poll.gif
2005.01.17 04:28 B G:\Documents and Settings\bilbo\My Documents\Switch Skate REOPENED\Forums\Themes\deepblue\pollbar-e.gif --> host215.ipowerweb.com /public_html/forums/images/deepblue pollbar-e.gif
2005.01.17 04:28 B G:\Documents and Settings\bilbo\My Documents\Switch Skate REOPENED\Forums\Themes\deepblue\pollbar-s.gif --> host215.ipowerweb.com /public_html/forums/images/deepblue pollbar-s.gif
2005.01.17 04:28 B G:\Documents and Settings\bilbo\My Documents\Switch Skate REOPENED\Forums\Themes\deepblue\pollbar.gif --> host215.ipowerweb.com /public_html/forums/images/deepblue pollbar.gif
2005.01.17 04:28 B G:\Documents and Settings\bilbo\My Documents\Switch Skate REOPENED\Forums\Themes\deepblue\pollsmall.gif --> host215.ipowerweb.com /public_html/forums/images/deepblue pollsmall.gif
2005.01.17 04:28 B G:\Documents and Settings\bilbo\My Documents\Switch Skate REOPENED\Forums\Themes\deepblue\profile.gif --> host215.ipowerweb.com /public_html/forums/images/deepblue profile.gif
2005.01.17 04:28 B G:\Documents and Settings\bilbo\My Documents\Switch Skate REOPENED\Forums\Themes\deepblue\quote.gif --> host215.ipowerweb.com /public_html/forums/images/deepblue quote.gif
2005.01.17 04:28 B G:\Documents and Settings\bilbo\My Documents\Switch Skate REOPENED\Forums\Themes\deepblue\red_folder.gif --> host215.ipowerweb.com /public_html/forums/images/deepblue red_folder.gif
2005.01.17 04:28 B G:\Documents and Settings\bilbo\My Documents\Switch Skate REOPENED\Forums\Themes\deepblue\reply.gif --> host215.ipowerweb.com /public_html/forums/images/deepblue reply.gif
2005.01.17 04:28 B G:\Documents and Settings\bilbo\My Documents\Switch Skate REOPENED\Forums\Themes\deepblue\report.gif --> host215.ipowerweb.com /public_html/forums/images/deepblue report.gif
2005.01.17 04:28 B G:\Documents and Settings\bilbo\My Documents\Switch Skate REOPENED\Forums\Themes\deepblue\search.gif --> host215.ipowerweb.com /public_html/forums/images/deepblue search.gif
2005.01.17 04:28 B G:\Documents and Settings\bilbo\My Documents\Switch Skate REOPENED\Forums\Themes\deepblue\silverbar.gif --> host215.ipowerweb.com /public_html/forums/images/deepblue silverbar.gif
2005.01.17 04:28 B G:\Documents and Settings\bilbo\My Documents\Switch Skate REOPENED\Forums\Themes\deepblue\site.gif --> host215.ipowerweb.com /public_html/forums/images/deepblue site.gif
2005.01.17 04:28 B G:\Documents and Settings\bilbo\My Documents\Switch Skate REOPENED\Forums\Themes\deepblue\star.gif --> host215.ipowerweb.com /public_html/forums/images/deepblue star.gif
2005.01.17 04:28 B G:\Documents and Settings\bilbo\My Documents\Switch Skate REOPENED\Forums\Themes\deepblue\stats.gif --> host215.ipowerweb.com /public_html/forums/images/deepblue stats.gif
2005.01.17 04:28 B G:\Documents and Settings\bilbo\My Documents\Switch Skate REOPENED\Forums\Themes\deepblue\todays_posts.gif --> host215.ipowerweb.com /public_html/forums/images/deepblue todays_posts.gif
2005.01.17 04:28 B G:\Documents and Settings\bilbo\My Documents\Switch Skate REOPENED\Forums\Themes\deepblue\u2u.gif --> host215.ipowerweb.com /public_html/forums/images/deepblue u2u.gif
2005.01.17 04:28 B G:\Documents and Settings\bilbo\My Documents\Switch Skate REOPENED\Forums\Themes\deepblue\xmbheader.gif --> host215.ipowerweb.com /public_html/forums/images/deepblue xmbheader.gif
2005.01.17 04:28 B G:\Documents and Settings\bilbo\My Documents\Switch Skate REOPENED\Forums\Themes\deepblue\xplogo.gif --> host215.ipowerweb.com /public_html/forums/images/deepblue xplogo.gif
2005.01.17 04:28 B G:\Documents and Settings\bilbo\My Documents\Switch Skate REOPENED\Forums\Themes\deepblue\yahoo.gif --> host215.ipowerweb.com /public_html/forums/images/deepblue yahoo.gif
