2005.08.29 23:03 B C:\Documents and Settings\Adam.ADAMK\My Documents\Programming\Switch Skate\Layouts\Backups\File Backups\public_html\forums\images\reborn\address.gif <-- Switch Skate /public_html/forums/images/reborn address.gif
2005.08.29 23:03 B C:\Documents and Settings\Adam.ADAMK\My Documents\Programming\Switch Skate\Layouts\Backups\File Backups\public_html\forums\images\reborn\aim.gif <-- Switch Skate /public_html/forums/images/reborn aim.gif
2005.08.29 23:03 B C:\Documents and Settings\Adam.ADAMK\My Documents\Programming\Switch Skate\Layouts\Backups\File Backups\public_html\forums\images\reborn\arrow_dw.gif <-- Switch Skate /public_html/forums/images/reborn arrow_dw.gif
2005.08.29 23:03 B C:\Documents and Settings\Adam.ADAMK\My Documents\Programming\Switch Skate\Layouts\Backups\File Backups\public_html\forums\images\reborn\arrow_up.gif <-- Switch Skate /public_html/forums/images/reborn arrow_up.gif
2005.08.29 23:03 B C:\Documents and Settings\Adam.ADAMK\My Documents\Programming\Switch Skate\Layouts\Backups\File Backups\public_html\forums\images\reborn\b.gif <-- Switch Skate /public_html/forums/images/reborn b.gif
2005.08.29 23:03 B C:\Documents and Settings\Adam.ADAMK\My Documents\Programming\Switch Skate\Layouts\Backups\File Backups\public_html\forums\images\reborn\bb_bold.gif <-- Switch Skate /public_html/forums/images/reborn bb_bold.gif
2005.08.29 23:03 B C:\Documents and Settings\Adam.ADAMK\My Documents\Programming\Switch Skate\Layouts\Backups\File Backups\public_html\forums\images\reborn\bb_center.gif <-- Switch Skate /public_html/forums/images/reborn bb_center.gif
2005.08.29 23:03 B C:\Documents and Settings\Adam.ADAMK\My Documents\Programming\Switch Skate\Layouts\Backups\File Backups\public_html\forums\images\reborn\bb_code.gif <-- Switch Skate /public_html/forums/images/reborn bb_code.gif
2005.08.29 23:03 B C:\Documents and Settings\Adam.ADAMK\My Documents\Programming\Switch Skate\Layouts\Backups\File Backups\public_html\forums\images\reborn\bb_email.gif <-- Switch Skate /public_html/forums/images/reborn bb_email.gif
2005.08.29 23:03 B C:\Documents and Settings\Adam.ADAMK\My Documents\Programming\Switch Skate\Layouts\Backups\File Backups\public_html\forums\images\reborn\bb_hide.gif <-- Switch Skate /public_html/forums/images/reborn bb_hide.gif
2005.08.29 23:03 B C:\Documents and Settings\Adam.ADAMK\My Documents\Programming\Switch Skate\Layouts\Backups\File Backups\public_html\forums\images\reborn\bb_image.gif <-- Switch Skate /public_html/forums/images/reborn bb_image.gif
2005.08.29 23:03 B C:\Documents and Settings\Adam.ADAMK\My Documents\Programming\Switch Skate\Layouts\Backups\File Backups\public_html\forums\images\reborn\bb_italicize.gif <-- Switch Skate /public_html/forums/images/reborn bb_italicize.gif
2005.08.29 23:03 B C:\Documents and Settings\Adam.ADAMK\My Documents\Programming\Switch Skate\Layouts\Backups\File Backups\public_html\forums\images\reborn\bb_list.gif <-- Switch Skate /public_html/forums/images/reborn bb_list.gif
2005.08.29 23:03 B C:\Documents and Settings\Adam.ADAMK\My Documents\Programming\Switch Skate\Layouts\Backups\File Backups\public_html\forums\images\reborn\bb_quote.gif <-- Switch Skate /public_html/forums/images/reborn bb_quote.gif
2005.08.29 23:03 B C:\Documents and Settings\Adam.ADAMK\My Documents\Programming\Switch Skate\Layouts\Backups\File Backups\public_html\forums\images\reborn\bb_underline.gif <-- Switch Skate /public_html/forums/images/reborn bb_underline.gif
2005.08.29 23:03 B C:\Documents and Settings\Adam.ADAMK\My Documents\Programming\Switch Skate\Layouts\Backups\File Backups\public_html\forums\images\reborn\bb_url.gif <-- Switch Skate /public_html/forums/images/reborn bb_url.gif
2005.08.29 23:03 B C:\Documents and Settings\Adam.ADAMK\My Documents\Programming\Switch Skate\Layouts\Backups\File Backups\public_html\forums\images\reborn\bbrules.gif <-- Switch Skate /public_html/forums/images/reborn bbrules.gif
2005.08.29 23:03 B C:\Documents and Settings\Adam.ADAMK\My Documents\Programming\Switch Skate\Layouts\Backups\File Backups\public_html\forums\images\reborn\catbar.gif <-- Switch Skate /public_html/forums/images/reborn catbar.gif
2005.08.29 23:03 B C:\Documents and Settings\Adam.ADAMK\My Documents\Programming\Switch Skate\Layouts\Backups\File Backups\public_html\forums\images\reborn\dot_folder.gif <-- Switch Skate /public_html/forums/images/reborn dot_folder.gif
2005.08.29 23:03 B C:\Documents and Settings\Adam.ADAMK\My Documents\Programming\Switch Skate\Layouts\Backups\File Backups\public_html\forums\images\reborn\dot_hot_folder.gif <-- Switch Skate /public_html/forums/images/reborn dot_hot_folder.gif
2005.08.29 23:03 B C:\Documents and Settings\Adam.ADAMK\My Documents\Programming\Switch Skate\Layouts\Backups\File Backups\public_html\forums\images\reborn\edit.gif <-- Switch Skate /public_html/forums/images/reborn edit.gif
2005.08.29 23:03 B C:\Documents and Settings\Adam.ADAMK\My Documents\Programming\Switch Skate\Layouts\Backups\File Backups\public_html\forums\images\reborn\email.gif <-- Switch Skate /public_html/forums/images/reborn email.gif
2005.08.29 23:03 B C:\Documents and Settings\Adam.ADAMK\My Documents\Programming\Switch Skate\Layouts\Backups\File Backups\public_html\forums\images\reborn\faq.gif <-- Switch Skate /public_html/forums/images/reborn faq.gif
2005.08.29 23:03 B C:\Documents and Settings\Adam.ADAMK\My Documents\Programming\Switch Skate\Layouts\Backups\File Backups\public_html\forums\images\reborn\find.gif <-- Switch Skate /public_html/forums/images/reborn find.gif
2005.08.29 23:03 B C:\Documents and Settings\Adam.ADAMK\My Documents\Programming\Switch Skate\Layouts\Backups\File Backups\public_html\forums\images\reborn\folder.gif <-- Switch Skate /public_html/forums/images/reborn folder.gif
2005.08.29 23:03 B C:\Documents and Settings\Adam.ADAMK\My Documents\Programming\Switch Skate\Layouts\Backups\File Backups\public_html\forums\images\reborn\forumhead2.gif <-- Switch Skate /public_html/forums/images/reborn forumhead2.gif
2005.08.29 23:03 B C:\Documents and Settings\Adam.ADAMK\My Documents\Programming\Switch Skate\Layouts\Backups\File Backups\public_html\forums\images\reborn\g.gif <-- Switch Skate /public_html/forums/images/reborn g.gif
2005.08.29 23:03 B C:\Documents and Settings\Adam.ADAMK\My Documents\Programming\Switch Skate\Layouts\Backups\File Backups\public_html\forums\images\reborn\home.gif <-- Switch Skate /public_html/forums/images/reborn home.gif
2005.08.29 23:03 B C:\Documents and Settings\Adam.ADAMK\My Documents\Programming\Switch Skate\Layouts\Backups\File Backups\public_html\forums\images\reborn\hot_folder.gif <-- Switch Skate /public_html/forums/images/reborn hot_folder.gif
2005.08.29 23:03 B C:\Documents and Settings\Adam.ADAMK\My Documents\Programming\Switch Skate\Layouts\Backups\File Backups\public_html\forums\images\reborn\hot_red_folder.gif <-- Switch Skate /public_html/forums/images/reborn hot_red_folder.gif
2005.08.29 23:03 B C:\Documents and Settings\Adam.ADAMK\My Documents\Programming\Switch Skate\Layouts\Backups\File Backups\public_html\forums\images\reborn\icq_add.gif <-- Switch Skate /public_html/forums/images/reborn icq_add.gif
2005.08.29 23:03 B C:\Documents and Settings\Adam.ADAMK\My Documents\Programming\Switch Skate\Layouts\Backups\File Backups\public_html\forums\images\reborn\inbox.gif <-- Switch Skate /public_html/forums/images/reborn inbox.gif
2005.08.29 23:03 B C:\Documents and Settings\Adam.ADAMK\My Documents\Programming\Switch Skate\Layouts\Backups\File Backups\public_html\forums\images\reborn\ip.gif <-- Switch Skate /public_html/forums/images/reborn ip.gif
2005.08.29 23:03 B C:\Documents and Settings\Adam.ADAMK\My Documents\Programming\Switch Skate\Layouts\Backups\File Backups\public_html\forums\images\reborn\ipost.gif <-- Switch Skate /public_html/forums/images/reborn ipost.gif
2005.08.29 23:03 B C:\Documents and Settings\Adam.ADAMK\My Documents\Programming\Switch Skate\Layouts\Backups\File Backups\public_html\forums\images\reborn\lastpost.gif <-- Switch Skate /public_html/forums/images/reborn lastpost.gif
2005.08.29 23:03 B C:\Documents and Settings\Adam.ADAMK\My Documents\Programming\Switch Skate\Layouts\Backups\File Backups\public_html\forums\images\reborn\lock_folder.gif <-- Switch Skate /public_html/forums/images/reborn lock_folder.gif
2005.08.29 23:03 B C:\Documents and Settings\Adam.ADAMK\My Documents\Programming\Switch Skate\Layouts\Backups\File Backups\public_html\forums\images\reborn\locku2u.gif <-- Switch Skate /public_html/forums/images/reborn locku2u.gif
2005.08.29 23:03 B C:\Documents and Settings\Adam.ADAMK\My Documents\Programming\Switch Skate\Layouts\Backups\File Backups\public_html\forums\images\reborn\logo.gif <-- Switch Skate /public_html/forums/images/reborn logo.gif
2005.08.29 23:03 B C:\Documents and Settings\Adam.ADAMK\My Documents\Programming\Switch Skate\Layouts\Backups\File Backups\public_html\forums\images\reborn\members_list.gif <-- Switch Skate /public_html/forums/images/reborn members_list.gif
2005.08.29 23:03 B C:\Documents and Settings\Adam.ADAMK\My Documents\Programming\Switch Skate\Layouts\Backups\File Backups\public_html\forums\images\reborn\msn.gif <-- Switch Skate /public_html/forums/images/reborn msn.gif
2005.08.29 23:03 B C:\Documents and Settings\Adam.ADAMK\My Documents\Programming\Switch Skate\Layouts\Backups\File Backups\public_html\forums\images\reborn\newtopic.gif <-- Switch Skate /public_html/forums/images/reborn newtopic.gif
2005.08.29 23:03 B C:\Documents and Settings\Adam.ADAMK\My Documents\Programming\Switch Skate\Layouts\Backups\File Backups\public_html\forums\images\reborn\newu2u.gif <-- Switch Skate /public_html/forums/images/reborn newu2u.gif
2005.08.29 23:03 B C:\Documents and Settings\Adam.ADAMK\My Documents\Programming\Switch Skate\Layouts\Backups\File Backups\public_html\forums\images\reborn\online.gif <-- Switch Skate /public_html/forums/images/reborn online.gif
2005.08.29 23:03 B C:\Documents and Settings\Adam.ADAMK\My Documents\Programming\Switch Skate\Layouts\Backups\File Backups\public_html\forums\images\reborn\online_guest.gif <-- Switch Skate /public_html/forums/images/reborn online_guest.gif
2005.08.29 23:03 B C:\Documents and Settings\Adam.ADAMK\My Documents\Programming\Switch Skate\Layouts\Backups\File Backups\public_html\forums\images\reborn\outbox.gif <-- Switch Skate /public_html/forums/images/reborn outbox.gif
2005.08.29 23:03 B C:\Documents and Settings\Adam.ADAMK\My Documents\Programming\Switch Skate\Layouts\Backups\File Backups\public_html\forums\images\reborn\pin.gif <-- Switch Skate /public_html/forums/images/reborn pin.gif
2005.08.29 23:03 B C:\Documents and Settings\Adam.ADAMK\My Documents\Programming\Switch Skate\Layouts\Backups\File Backups\public_html\forums\images\reborn\poll.gif <-- Switch Skate /public_html/forums/images/reborn poll.gif
2005.08.29 23:03 B C:\Documents and Settings\Adam.ADAMK\My Documents\Programming\Switch Skate\Layouts\Backups\File Backups\public_html\forums\images\reborn\pollbar-e.gif <-- Switch Skate /public_html/forums/images/reborn pollbar-e.gif
2005.08.29 23:03 B C:\Documents and Settings\Adam.ADAMK\My Documents\Programming\Switch Skate\Layouts\Backups\File Backups\public_html\forums\images\reborn\pollbar-s.gif <-- Switch Skate /public_html/forums/images/reborn pollbar-s.gif
2005.08.29 23:03 B C:\Documents and Settings\Adam.ADAMK\My Documents\Programming\Switch Skate\Layouts\Backups\File Backups\public_html\forums\images\reborn\pollbar.gif <-- Switch Skate /public_html/forums/images/reborn pollbar.gif
2005.08.29 23:03 B C:\Documents and Settings\Adam.ADAMK\My Documents\Programming\Switch Skate\Layouts\Backups\File Backups\public_html\forums\images\reborn\pollsmall.gif <-- Switch Skate /public_html/forums/images/reborn pollsmall.gif
2005.08.29 23:03 B C:\Documents and Settings\Adam.ADAMK\My Documents\Programming\Switch Skate\Layouts\Backups\File Backups\public_html\forums\images\reborn\profile.gif <-- Switch Skate /public_html/forums/images/reborn profile.gif
2005.08.29 23:03 B C:\Documents and Settings\Adam.ADAMK\My Documents\Programming\Switch Skate\Layouts\Backups\File Backups\public_html\forums\images\reborn\quote.gif <-- Switch Skate /public_html/forums/images/reborn quote.gif
2005.08.29 23:03 B C:\Documents and Settings\Adam.ADAMK\My Documents\Programming\Switch Skate\Layouts\Backups\File Backups\public_html\forums\images\reborn\reborn.xmb <-- Switch Skate /public_html/forums/images/reborn reborn.xmb
2005.08.29 23:03 B C:\Documents and Settings\Adam.ADAMK\My Documents\Programming\Switch Skate\Layouts\Backups\File Backups\public_html\forums\images\reborn\red_folder.gif <-- Switch Skate /public_html/forums/images/reborn red_folder.gif
2005.08.29 23:03 B C:\Documents and Settings\Adam.ADAMK\My Documents\Programming\Switch Skate\Layouts\Backups\File Backups\public_html\forums\images\reborn\reply.gif <-- Switch Skate /public_html/forums/images/reborn reply.gif
2005.08.29 23:03 B C:\Documents and Settings\Adam.ADAMK\My Documents\Programming\Switch Skate\Layouts\Backups\File Backups\public_html\forums\images\reborn\report.gif <-- Switch Skate /public_html/forums/images/reborn report.gif
2005.08.29 23:03 B C:\Documents and Settings\Adam.ADAMK\My Documents\Programming\Switch Skate\Layouts\Backups\File Backups\public_html\forums\images\reborn\search.gif <-- Switch Skate /public_html/forums/images/reborn search.gif
2005.08.29 23:03 B C:\Documents and Settings\Adam.ADAMK\My Documents\Programming\Switch Skate\Layouts\Backups\File Backups\public_html\forums\images\reborn\site.gif <-- Switch Skate /public_html/forums/images/reborn site.gif
2005.08.29 23:03 B C:\Documents and Settings\Adam.ADAMK\My Documents\Programming\Switch Skate\Layouts\Backups\File Backups\public_html\forums\images\reborn\star.gif <-- Switch Skate /public_html/forums/images/reborn star.gif
2005.08.29 23:03 B C:\Documents and Settings\Adam.ADAMK\My Documents\Programming\Switch Skate\Layouts\Backups\File Backups\public_html\forums\images\reborn\stats.gif <-- Switch Skate /public_html/forums/images/reborn stats.gif
2005.08.29 23:03 B C:\Documents and Settings\Adam.ADAMK\My Documents\Programming\Switch Skate\Layouts\Backups\File Backups\public_html\forums\images\reborn\todays_posts.gif <-- Switch Skate /public_html/forums/images/reborn todays_posts.gif
2005.08.29 23:03 B C:\Documents and Settings\Adam.ADAMK\My Documents\Programming\Switch Skate\Layouts\Backups\File Backups\public_html\forums\images\reborn\u2u.gif <-- Switch Skate /public_html/forums/images/reborn u2u.gif
2005.08.29 23:03 B C:\Documents and Settings\Adam.ADAMK\My Documents\Programming\Switch Skate\Layouts\Backups\File Backups\public_html\forums\images\reborn\u2u_in.gif <-- Switch Skate /public_html/forums/images/reborn u2u_in.gif
2005.08.29 23:03 B C:\Documents and Settings\Adam.ADAMK\My Documents\Programming\Switch Skate\Layouts\Backups\File Backups\public_html\forums\images\reborn\u2u_none.gif <-- Switch Skate /public_html/forums/images/reborn u2u_none.gif
2005.08.29 23:03 B C:\Documents and Settings\Adam.ADAMK\My Documents\Programming\Switch Skate\Layouts\Backups\File Backups\public_html\forums\images\reborn\yahoo.gif <-- Switch Skate /public_html/forums/images/reborn yahoo.gif
