2004.08.23 14:28 B E:\Documents and Settings\Adam Knox\Desktop\last skate world\photoshop\design2\sb_links\add.html --> ftp.skate-world.net /public_html/sb_links add.html
2004.08.23 14:28 B E:\Documents and Settings\Adam Knox\Desktop\last skate world\photoshop\design2\sb_links\add_links.php --> ftp.skate-world.net /public_html/sb_links add_links.php
2004.08.23 14:28 B E:\Documents and Settings\Adam Knox\Desktop\last skate world\photoshop\design2\sb_links\links.php --> ftp.skate-world.net /public_html/sb_links links.php
2004.08.23 14:34 B E:\Documents and Settings\Adam Knox\Desktop\last skate world\photoshop\design2\sb_links\delete.php --> ftp.skate-world.net /public_html/sb_links delete.php
2004.08.23 14:34 B E:\Documents and Settings\Adam Knox\Desktop\last skate world\photoshop\design2\sb_links\delete_links.php --> ftp.skate-world.net /public_html/sb_links delete_links.php
2004.08.23 14:34 B E:\Documents and Settings\Adam Knox\Desktop\last skate world\photoshop\design2\sb_links\WS_FTP.LOG --> ftp.skate-world.net /public_html/sb_links WS_FTP.LOG
2004.08.23 14:47 B E:\Documents and Settings\Adam Knox\Desktop\last skate world\photoshop\design2\sb_links\add.html --> ftp.skate-world.net /public_html/content/sb_links add.html
2004.08.23 14:47 B E:\Documents and Settings\Adam Knox\Desktop\last skate world\photoshop\design2\sb_links\add_links.php --> ftp.skate-world.net /public_html/content/sb_links add_links.php
2004.08.23 14:47 B E:\Documents and Settings\Adam Knox\Desktop\last skate world\photoshop\design2\sb_links\delete.php --> ftp.skate-world.net /public_html/content/sb_links delete.php
2004.08.23 14:47 B E:\Documents and Settings\Adam Knox\Desktop\last skate world\photoshop\design2\sb_links\delete_links.php --> ftp.skate-world.net /public_html/content/sb_links delete_links.php
2004.08.23 14:47 B E:\Documents and Settings\Adam Knox\Desktop\last skate world\photoshop\design2\sb_links\links.php --> ftp.skate-world.net /public_html/content/sb_links links.php
2004.08.23 14:48 B E:\Documents and Settings\Adam Knox\Desktop\last skate world\photoshop\design2\sb_links\add.html --> ftp.skate-world.net /public_html/content/sb_links add.html
2004.08.23 14:49 B E:\Documents and Settings\Adam Knox\Desktop\last skate world\photoshop\design2\sb_links\links.php --> ftp.skate-world.net /public_html/content/sb_links links.php
2004.08.23 14:55 B E:\Documents and Settings\Adam Knox\Desktop\last skate world\photoshop\design2\sb_links\add.html --> ftp.skate-world.net /public_html/content/sb_links add.html
2004.08.23 14:55 B E:\Documents and Settings\Adam Knox\Desktop\last skate world\photoshop\design2\sb_links\add_links.php --> ftp.skate-world.net /public_html/content/sb_links add_links.php
2004.08.23 14:55 B E:\Documents and Settings\Adam Knox\Desktop\last skate world\photoshop\design2\sb_links\delete.php --> ftp.skate-world.net /public_html/content/sb_links delete.php
2004.08.23 14:55 B E:\Documents and Settings\Adam Knox\Desktop\last skate world\photoshop\design2\sb_links\delete_links.php --> ftp.skate-world.net /public_html/content/sb_links delete_links.php
2004.08.23 14:55 B E:\Documents and Settings\Adam Knox\Desktop\last skate world\photoshop\design2\sb_links\links.php --> ftp.skate-world.net /public_html/content/sb_links links.php
2004.08.23 14:56 B E:\Documents and Settings\Adam Knox\Desktop\last skate world\photoshop\design2\sb_links\add.html --> ftp.skate-world.net /public_html/content/sb_links add.html
2004.08.23 14:56 B E:\Documents and Settings\Adam Knox\Desktop\last skate world\photoshop\design2\sb_links\add_links.php --> ftp.skate-world.net /public_html/content/sb_links add_links.php
2004.08.23 14:56 B E:\Documents and Settings\Adam Knox\Desktop\last skate world\photoshop\design2\sb_links\delete.php --> ftp.skate-world.net /public_html/content/sb_links delete.php
2004.08.23 14:56 B E:\Documents and Settings\Adam Knox\Desktop\last skate world\photoshop\design2\sb_links\delete_links.php --> ftp.skate-world.net /public_html/content/sb_links delete_links.php
2004.08.23 14:56 B E:\Documents and Settings\Adam Knox\Desktop\last skate world\photoshop\design2\sb_links\links.php --> ftp.skate-world.net /public_html/content/sb_links links.php
2004.08.23 14:58 B E:\Documents and Settings\Adam Knox\Desktop\last skate world\photoshop\design2\sb_links\add.html --> ftp.skate-world.net /public_html/content/sb_links add.html
2004.08.23 14:59 B E:\Documents and Settings\Adam Knox\Desktop\last skate world\photoshop\design2\sb_links\add_links.php --> ftp.skate-world.net /public_html/content/sb_links add_links.php
2004.08.23 14:59 B E:\Documents and Settings\Adam Knox\Desktop\last skate world\photoshop\design2\sb_links\delete.php --> ftp.skate-world.net /public_html/content/sb_links delete.php
2004.08.23 14:59 B E:\Documents and Settings\Adam Knox\Desktop\last skate world\photoshop\design2\sb_links\delete_links.php --> ftp.skate-world.net /public_html/content/sb_links delete_links.php
2004.08.23 14:59 B E:\Documents and Settings\Adam Knox\Desktop\last skate world\photoshop\design2\sb_links\links.php --> ftp.skate-world.net /public_html/content/sb_links links.php
2004.08.23 15:01 B E:\Documents and Settings\Adam Knox\Desktop\last skate world\photoshop\design2\sb_links\add.html --> ftp.skate-world.net /public_html/content/sb_links add.html
2004.08.23 15:01 B E:\Documents and Settings\Adam Knox\Desktop\last skate world\photoshop\design2\sb_links\add_links.php --> ftp.skate-world.net /public_html/content/sb_links add_links.php
2004.08.23 15:01 B E:\Documents and Settings\Adam Knox\Desktop\last skate world\photoshop\design2\sb_links\delete.php --> ftp.skate-world.net /public_html/content/sb_links delete.php
2004.08.23 15:01 B E:\Documents and Settings\Adam Knox\Desktop\last skate world\photoshop\design2\sb_links\delete_links.php --> ftp.skate-world.net /public_html/content/sb_links delete_links.php
2004.08.23 15:01 B E:\Documents and Settings\Adam Knox\Desktop\last skate world\photoshop\design2\sb_links\links.php --> ftp.skate-world.net /public_html/content/sb_links links.php
2004.08.23 15:09 B E:\Documents and Settings\Adam Knox\Desktop\last skate world\photoshop\design2\content\sb_links\add.html --> ftp.skate-world.net /public_html/content/sb_links add.html
2004.08.23 15:09 B E:\Documents and Settings\Adam Knox\Desktop\last skate world\photoshop\design2\content\sb_links\add_links.php --> ftp.skate-world.net /public_html/content/sb_links add_links.php
2004.08.23 15:09 B E:\Documents and Settings\Adam Knox\Desktop\last skate world\photoshop\design2\content\sb_links\delete.php --> ftp.skate-world.net /public_html/content/sb_links delete.php
2004.08.23 15:09 B E:\Documents and Settings\Adam Knox\Desktop\last skate world\photoshop\design2\content\sb_links\delete_links.php --> ftp.skate-world.net /public_html/content/sb_links delete_links.php
2004.08.23 15:09 B E:\Documents and Settings\Adam Knox\Desktop\last skate world\photoshop\design2\content\sb_links\links.php --> ftp.skate-world.net /public_html/content/sb_links links.php
2004.08.23 15:21 B E:\Documents and Settings\Adam Knox\Desktop\last skate world\photoshop\design2\content\c_links\add.html --> ftp.skate-world.net /public_html/content/c_links add.html
2004.08.23 15:21 B E:\Documents and Settings\Adam Knox\Desktop\last skate world\photoshop\design2\content\c_links\add_links.php --> ftp.skate-world.net /public_html/content/c_links add_links.php
2004.08.23 15:21 B E:\Documents and Settings\Adam Knox\Desktop\last skate world\photoshop\design2\content\c_links\delete.php --> ftp.skate-world.net /public_html/content/c_links delete.php
2004.08.23 15:21 B E:\Documents and Settings\Adam Knox\Desktop\last skate world\photoshop\design2\content\c_links\delete_links.php --> ftp.skate-world.net /public_html/content/c_links delete_links.php
2004.08.23 15:21 B E:\Documents and Settings\Adam Knox\Desktop\last skate world\photoshop\design2\content\c_links\links.php --> ftp.skate-world.net /public_html/content/c_links links.php
2004.08.23 15:21 B E:\Documents and Settings\Adam Knox\Desktop\last skate world\photoshop\design2\content\c_links\WS_FTP.LOG --> ftp.skate-world.net /public_html/content/c_links WS_FTP.LOG
2004.08.24 17:56 B E:\Documents and Settings\Adam Knox\Desktop\last skate world\photoshop\design2\content\c_links\index.php --> ftp.skate-world.net /public_html/content/c_links index.php
2004.08.24 20:28 B E:\Documents and Settings\Adam Knox\Desktop\last skate world\photoshop\design2\content\c_links\WS_FTP.LOG --> ftp.skate-world.net /public_html/content/c_links WS_FTP.LOG
2004.08.24 21:04 B E:\Documents and Settings\Adam Knox\Desktop\last skate world\photoshop\design2\content\c_links\add.html --> ftp.skate-world.net /public_html/content/c_links add.html
2004.08.24 21:04 B E:\Documents and Settings\Adam Knox\Desktop\last skate world\photoshop\design2\content\c_links\add_links.php --> ftp.skate-world.net /public_html/content/c_links add_links.php
2004.08.24 21:04 B E:\Documents and Settings\Adam Knox\Desktop\last skate world\photoshop\design2\content\c_links\delete.php --> ftp.skate-world.net /public_html/content/c_links delete.php
2004.08.24 21:04 B E:\Documents and Settings\Adam Knox\Desktop\last skate world\photoshop\design2\content\c_links\delete_links.php --> ftp.skate-world.net /public_html/content/c_links delete_links.php
2004.08.24 21:04 B E:\Documents and Settings\Adam Knox\Desktop\last skate world\photoshop\design2\content\c_links\index.php --> ftp.skate-world.net /public_html/content/c_links index.php
2004.08.24 21:16 B E:\Documents and Settings\Adam Knox\Desktop\last skate world\photoshop\design2\content\c_links\add.html --> ftp.skate-world.net /public_html/content/c_links add.html
2004.08.24 21:16 B E:\Documents and Settings\Adam Knox\Desktop\last skate world\photoshop\design2\content\c_links\add_links.php --> ftp.skate-world.net /public_html/content/c_links add_links.php
2004.08.24 21:16 B E:\Documents and Settings\Adam Knox\Desktop\last skate world\photoshop\design2\content\c_links\delete.php --> ftp.skate-world.net /public_html/content/c_links delete.php
2004.08.24 21:16 B E:\Documents and Settings\Adam Knox\Desktop\last skate world\photoshop\design2\content\c_links\delete_links.php --> ftp.skate-world.net /public_html/content/c_links delete_links.php
2004.08.24 21:16 B E:\Documents and Settings\Adam Knox\Desktop\last skate world\photoshop\design2\content\c_links\index.php --> ftp.skate-world.net /public_html/content/c_links index.php
2004.08.24 21:19 B E:\Documents and Settings\Adam Knox\Desktop\last skate world\photoshop\design2\content\c_links\index.php --> ftp.skate-world.net /public_html/content/c_links index.php
2004.08.24 21:20 B E:\Documents and Settings\Adam Knox\Desktop\last skate world\photoshop\design2\content\c_links\add.html --> ftp.skate-world.net /public_html/content/c_links add.html
2004.08.24 21:20 B E:\Documents and Settings\Adam Knox\Desktop\last skate world\photoshop\design2\content\c_links\add_links.php --> ftp.skate-world.net /public_html/content/c_links add_links.php
2004.08.24 21:20 B E:\Documents and Settings\Adam Knox\Desktop\last skate world\photoshop\design2\content\c_links\delete.php --> ftp.skate-world.net /public_html/content/c_links delete.php
2004.08.24 21:20 B E:\Documents and Settings\Adam Knox\Desktop\last skate world\photoshop\design2\content\c_links\delete_links.php --> ftp.skate-world.net /public_html/content/c_links delete_links.php
2004.08.24 21:20 B E:\Documents and Settings\Adam Knox\Desktop\last skate world\photoshop\design2\content\c_links\index.php --> ftp.skate-world.net /public_html/content/c_links index.php
2004.08.24 21:22 B E:\Documents and Settings\Adam Knox\Desktop\last skate world\photoshop\design2\content\c_links\index.php --> ftp.skate-world.net /public_html/content/c_links index.php
2004.08.24 21:22 B E:\Documents and Settings\Adam Knox\Desktop\last skate world\photoshop\design2\content\c_links\index.php --> ftp.skate-world.net /public_html/content/c_links index.php
2004.08.24 21:26 B E:\Documents and Settings\Adam Knox\Desktop\last skate world\photoshop\design2\content\c_links\add.html --> ftp.skate-world.net /public_html/content/c_links add.html
2004.08.24 21:26 B E:\Documents and Settings\Adam Knox\Desktop\last skate world\photoshop\design2\content\c_links\add_links.php --> ftp.skate-world.net /public_html/content/c_links add_links.php
2004.08.24 21:26 B E:\Documents and Settings\Adam Knox\Desktop\last skate world\photoshop\design2\content\c_links\delete.php --> ftp.skate-world.net /public_html/content/c_links delete.php
2004.08.24 21:26 B E:\Documents and Settings\Adam Knox\Desktop\last skate world\photoshop\design2\content\c_links\delete_links.php --> ftp.skate-world.net /public_html/content/c_links delete_links.php
2004.08.24 21:26 B E:\Documents and Settings\Adam Knox\Desktop\last skate world\photoshop\design2\content\c_links\index.php --> ftp.skate-world.net /public_html/content/c_links index.php
2004.08.24 21:31 B E:\Documents and Settings\Adam Knox\Desktop\last skate world\photoshop\design2\content\c_links\add.html --> ftp.skate-world.net /public_html/content/c_links add.html
2004.08.24 21:31 B E:\Documents and Settings\Adam Knox\Desktop\last skate world\photoshop\design2\content\c_links\add_links.php --> ftp.skate-world.net /public_html/content/c_links add_links.php
2004.08.24 21:31 B E:\Documents and Settings\Adam Knox\Desktop\last skate world\photoshop\design2\content\c_links\delete.php --> ftp.skate-world.net /public_html/content/c_links delete.php
2004.08.24 21:31 B E:\Documents and Settings\Adam Knox\Desktop\last skate world\photoshop\design2\content\c_links\delete_links.php --> ftp.skate-world.net /public_html/content/c_links delete_links.php
2004.08.24 21:31 B E:\Documents and Settings\Adam Knox\Desktop\last skate world\photoshop\design2\content\c_links\index.php --> ftp.skate-world.net /public_html/content/c_links index.php
2004.08.24 21:38 B E:\Documents and Settings\Adam Knox\Desktop\last skate world\photoshop\design2\content\c_links\add.html --> ftp.skate-world.net /public_html/content/c_links add.html
2004.08.24 21:38 B E:\Documents and Settings\Adam Knox\Desktop\last skate world\photoshop\design2\content\c_links\add_links.php --> ftp.skate-world.net /public_html/content/c_links add_links.php
2004.08.24 21:38 B E:\Documents and Settings\Adam Knox\Desktop\last skate world\photoshop\design2\content\c_links\delete.php --> ftp.skate-world.net /public_html/content/c_links delete.php
2004.08.24 21:38 B E:\Documents and Settings\Adam Knox\Desktop\last skate world\photoshop\design2\content\c_links\delete_links.php --> ftp.skate-world.net /public_html/content/c_links delete_links.php
2004.08.24 21:38 B E:\Documents and Settings\Adam Knox\Desktop\last skate world\photoshop\design2\content\c_links\index.php --> ftp.skate-world.net /public_html/content/c_links index.php
2004.08.26 13:07 B E:\Documents and Settings\Adam Knox\Desktop\last skate world\photoshop\design2\content\c_links\add_links.php --> ftp.skate-world.net /public_html/content/c_links add_links.php
2004.08.26 13:07 B E:\Documents and Settings\Adam Knox\Desktop\last skate world\photoshop\design2\content\c_links\delete.php --> ftp.skate-world.net /public_html/content/c_links delete.php
2004.08.26 13:07 B E:\Documents and Settings\Adam Knox\Desktop\last skate world\photoshop\design2\content\c_links\delete_links.php --> ftp.skate-world.net /public_html/content/c_links delete_links.php
2004.08.26 13:07 B E:\Documents and Settings\Adam Knox\Desktop\last skate world\photoshop\design2\content\c_links\index.php --> ftp.skate-world.net /public_html/content/c_links index.php
2004.08.27 16:09 B E:\Documents and Settings\Adam Knox\Desktop\Skate World\1 Current Design\V15\content\c_links\delete.php --> ftp.skate-world.net /public_html/content/c_links delete.php
2004.08.27 21:37 B E:\Documents and Settings\Adam Knox\Desktop\Skate World\1 Current Design\V15\content\c_links\delete.php --> ftp.skate-world.net /public_html/content/c_links delete.php
2004.08.27 21:55 B E:\Documents and Settings\Adam Knox\Desktop\Skate World\1 Current Design\V15\content\c_links\add.html --> ftp.skate-world.net /public_html/content/c_links add.html
2004.08.27 21:55 B E:\Documents and Settings\Adam Knox\Desktop\Skate World\1 Current Design\V15\content\c_links\add_links.php --> ftp.skate-world.net /public_html/content/c_links add_links.php
2004.08.27 21:55 B E:\Documents and Settings\Adam Knox\Desktop\Skate World\1 Current Design\V15\content\c_links\delete.php --> ftp.skate-world.net /public_html/content/c_links delete.php
2004.08.27 21:55 B E:\Documents and Settings\Adam Knox\Desktop\Skate World\1 Current Design\V15\content\c_links\delete_links.php --> ftp.skate-world.net /public_html/content/c_links delete_links.php
2004.08.27 21:55 B E:\Documents and Settings\Adam Knox\Desktop\Skate World\1 Current Design\V15\content\c_links\index.php --> ftp.skate-world.net /public_html/content/c_links index.php
2004.08.27 21:55 B E:\Documents and Settings\Adam Knox\Desktop\Skate World\1 Current Design\V15\content\c_links\links.php --> ftp.skate-world.net /public_html/content/c_links links.php
2004.08.27 22:02 B E:\Documents and Settings\Adam Knox\Desktop\Skate World\1 Current Design\V15\content\c_links\add_links.php --> ftp.skate-world.net /public_html/content/c_links add_links.php
2004.08.27 22:02 B E:\Documents and Settings\Adam Knox\Desktop\Skate World\1 Current Design\V15\content\c_links\delete.php --> ftp.skate-world.net /public_html/content/c_links delete.php
2004.08.27 22:02 B E:\Documents and Settings\Adam Knox\Desktop\Skate World\1 Current Design\V15\content\c_links\WS_FTP.LOG --> ftp.skate-world.net /public_html/content/c_links WS_FTP.LOG
2004.08.27 22:34 B E:\Documents and Settings\Adam Knox\Desktop\Skate World\1 Current Design\V15\content\c_links\add_links.php --> ftp.skate-world.net /public_html/content/c_links add_links.php
2004.08.27 22:34 B E:\Documents and Settings\Adam Knox\Desktop\Skate World\1 Current Design\V15\content\c_links\delete.php --> ftp.skate-world.net /public_html/content/c_links delete.php
2004.08.27 22:34 B E:\Documents and Settings\Adam Knox\Desktop\Skate World\1 Current Design\V15\content\c_links\WS_FTP.LOG --> ftp.skate-world.net /public_html/content/c_links WS_FTP.LOG
2004.08.27 22:53 B E:\Documents and Settings\Adam Knox\Desktop\Skate World\1 Current Design\V15\content\c_links\add_links.php --> ftp.skate-world.net /public_html/content/c_links add_links.php
2004.08.27 22:53 B E:\Documents and Settings\Adam Knox\Desktop\Skate World\1 Current Design\V15\content\c_links\delete.php --> ftp.skate-world.net /public_html/content/c_links delete.php
2004.08.27 22:53 B E:\Documents and Settings\Adam Knox\Desktop\Skate World\1 Current Design\V15\content\c_links\WS_FTP.LOG --> ftp.skate-world.net /public_html/content/c_links WS_FTP.LOG
2004.08.27 23:20 B E:\Documents and Settings\Adam Knox\Desktop\Skate World\1 Current Design\V15\content\c_links\add_links.php --> ftp.skate-world.net /public_html/content/c_links add_links.php
2004.08.27 23:20 B E:\Documents and Settings\Adam Knox\Desktop\Skate World\1 Current Design\V15\content\c_links\delete.php --> ftp.skate-world.net /public_html/content/c_links delete.php
2004.08.27 23:20 B E:\Documents and Settings\Adam Knox\Desktop\Skate World\1 Current Design\V15\content\c_links\WS_FTP.LOG --> ftp.skate-world.net /public_html/content/c_links WS_FTP.LOG
2004.09.20 16:27 B E:\Documents and Settings\Adam Knox\My Documents\Skate World\backup\content\c_links\WS_FTP.LOG <-- Skate world Temporary /public_html/content/c_links WS_FTP.LOG
2004.10.02 19:31 B G:\Documents and Settings\bilbo\My Documents\SwitchSkate\Current Design\V1\content\c_links\add.html --> host215.ipowerweb.com /public_html/content/c_links add.html
2004.10.02 19:31 B G:\Documents and Settings\bilbo\My Documents\SwitchSkate\Current Design\V1\content\c_links\add_links.php --> host215.ipowerweb.com /public_html/content/c_links add_links.php
2004.10.02 19:31 B G:\Documents and Settings\bilbo\My Documents\SwitchSkate\Current Design\V1\content\c_links\delete.php --> host215.ipowerweb.com /public_html/content/c_links delete.php
2004.10.02 19:31 B G:\Documents and Settings\bilbo\My Documents\SwitchSkate\Current Design\V1\content\c_links\delete_links.php --> host215.ipowerweb.com /public_html/content/c_links delete_links.php
2004.10.02 19:31 B G:\Documents and Settings\bilbo\My Documents\SwitchSkate\Current Design\V1\content\c_links\index.php --> host215.ipowerweb.com /public_html/content/c_links index.php
2004.10.02 19:31 B G:\Documents and Settings\bilbo\My Documents\SwitchSkate\Current Design\V1\content\c_links\links.php --> host215.ipowerweb.com /public_html/content/c_links links.php
2004.10.02 19:31 B G:\Documents and Settings\bilbo\My Documents\SwitchSkate\Current Design\V1\content\c_links\WS_FTP.LOG --> host215.ipowerweb.com /public_html/content/c_links WS_FTP.LOG
2004.10.02 22:18 B G:\Documents and Settings\bilbo\My Documents\SwitchSkate\Current Design\V1\content\c_links\WS_FTP.LOG --> host215.ipowerweb.com /public_html/content/c_links WS_FTP.LOG
2004.10.06 23:36 B G:\Documents and Settings\bilbo\My Documents\SwitchSkate\Current Design\V1\content\c_links\WS_FTP.LOG --> host215.ipowerweb.com /public_html/content/c_links WS_FTP.LOG
2004.10.06 23:49 B G:\Documents and Settings\bilbo\My Documents\SwitchSkate\Current Design\V1\content\c_links\WS_FTP.LOG --> host215.ipowerweb.com /public_html/content/c_links WS_FTP.LOG
