2004.11.22 16:36 B G:\Documents and Settings\bilbo\My Documents\Switch Skate REOPENED\panel\content\links.php --> host215.ipowerweb.com /public_html/panel/content links.php
2004.11.22 16:38 B G:\Documents and Settings\bilbo\My Documents\Switch Skate REOPENED\panel\content\links.php --> host215.ipowerweb.com /public_html/panel/content links.php
2004.11.22 16:38 B G:\Documents and Settings\bilbo\My Documents\Switch Skate REOPENED\panel\content\WS_FTP.LOG --> host215.ipowerweb.com /public_html/panel/content WS_FTP.LOG
2004.11.22 16:40 B G:\Documents and Settings\bilbo\My Documents\Switch Skate REOPENED\panel\content\colinks.php --> host215.ipowerweb.com /public_html/panel/content colinks.php
2004.11.22 16:47 B G:\Documents and Settings\bilbo\My Documents\Switch Skate REOPENED\panel\content\colinks.php --> host215.ipowerweb.com /public_html/panel/content colinks.php
2004.11.22 16:47 B G:\Documents and Settings\bilbo\My Documents\Switch Skate REOPENED\panel\content\links.php --> host215.ipowerweb.com /public_html/panel/content links.php
2004.11.22 16:47 B G:\Documents and Settings\bilbo\My Documents\Switch Skate REOPENED\panel\content\removetext.php --> host215.ipowerweb.com /public_html/panel/content removetext.php
2004.11.22 16:47 B G:\Documents and Settings\bilbo\My Documents\Switch Skate REOPENED\panel\content\WS_FTP.LOG --> host215.ipowerweb.com /public_html/panel/content WS_FTP.LOG
2004.11.22 16:50 B G:\Documents and Settings\bilbo\My Documents\Switch Skate REOPENED\panel\content\articles.php --> host215.ipowerweb.com /public_html/panel/content articles.php
2004.11.22 16:50 B G:\Documents and Settings\bilbo\My Documents\Switch Skate REOPENED\panel\content\games.php --> host215.ipowerweb.com /public_html/panel/content games.php
2004.11.22 16:50 B G:\Documents and Settings\bilbo\My Documents\Switch Skate REOPENED\panel\content\removetext.php --> host215.ipowerweb.com /public_html/panel/content removetext.php
2004.11.22 16:50 B G:\Documents and Settings\bilbo\My Documents\Switch Skate REOPENED\panel\content\stories.php --> host215.ipowerweb.com /public_html/panel/content stories.php
2004.11.22 16:50 B G:\Documents and Settings\bilbo\My Documents\Switch Skate REOPENED\panel\content\WS_FTP.LOG --> host215.ipowerweb.com /public_html/panel/content WS_FTP.LOG
2004.11.26 15:57 B G:\Documents and Settings\bilbo\My Documents\Switch Skate REOPENED\panel\content\articles.php --> host215.ipowerweb.com /public_html/panel/content articles.php
2004.11.26 15:57 B G:\Documents and Settings\bilbo\My Documents\Switch Skate REOPENED\panel\content\colinks.php --> host215.ipowerweb.com /public_html/panel/content colinks.php
2004.11.26 15:57 B G:\Documents and Settings\bilbo\My Documents\Switch Skate REOPENED\panel\content\coreviews.php --> host215.ipowerweb.com /public_html/panel/content coreviews.php
2004.11.26 15:57 B G:\Documents and Settings\bilbo\My Documents\Switch Skate REOPENED\panel\content\games.php --> host215.ipowerweb.com /public_html/panel/content games.php
2004.11.26 15:57 B G:\Documents and Settings\bilbo\My Documents\Switch Skate REOPENED\panel\content\links.php --> host215.ipowerweb.com /public_html/panel/content links.php
2004.11.26 15:57 B G:\Documents and Settings\bilbo\My Documents\Switch Skate REOPENED\panel\content\removetext.php --> host215.ipowerweb.com /public_html/panel/content removetext.php
2004.11.26 15:57 B G:\Documents and Settings\bilbo\My Documents\Switch Skate REOPENED\panel\content\stories.php --> host215.ipowerweb.com /public_html/panel/content stories.php
2004.11.26 15:58 B G:\Documents and Settings\bilbo\My Documents\Switch Skate REOPENED\panel\content\sbreviews.php --> host215.ipowerweb.com /public_html/panel/content sbreviews.php
2004.11.26 16:01 B G:\Documents and Settings\bilbo\My Documents\Switch Skate REOPENED\panel\content\articles.php --> host215.ipowerweb.com /public_html/panel/content articles.php
2004.11.26 16:01 B G:\Documents and Settings\bilbo\My Documents\Switch Skate REOPENED\panel\content\colinks.php --> host215.ipowerweb.com /public_html/panel/content colinks.php
2004.11.26 16:01 B G:\Documents and Settings\bilbo\My Documents\Switch Skate REOPENED\panel\content\coreviews.php --> host215.ipowerweb.com /public_html/panel/content coreviews.php
2004.11.26 16:01 B G:\Documents and Settings\bilbo\My Documents\Switch Skate REOPENED\panel\content\games.php --> host215.ipowerweb.com /public_html/panel/content games.php
2004.11.26 16:01 B G:\Documents and Settings\bilbo\My Documents\Switch Skate REOPENED\panel\content\links.php --> host215.ipowerweb.com /public_html/panel/content links.php
2004.11.26 16:01 B G:\Documents and Settings\bilbo\My Documents\Switch Skate REOPENED\panel\content\removetext.php --> host215.ipowerweb.com /public_html/panel/content removetext.php
2004.11.26 16:01 B G:\Documents and Settings\bilbo\My Documents\Switch Skate REOPENED\panel\content\sbreviews.php --> host215.ipowerweb.com /public_html/panel/content sbreviews.php
2004.11.26 16:01 B G:\Documents and Settings\bilbo\My Documents\Switch Skate REOPENED\panel\content\stories.php --> host215.ipowerweb.com /public_html/panel/content stories.php
2004.11.26 16:01 B G:\Documents and Settings\bilbo\My Documents\Switch Skate REOPENED\panel\content\tutorials.php --> host215.ipowerweb.com /public_html/panel/content tutorials.php
2004.11.26 16:04 B G:\Documents and Settings\bilbo\My Documents\Switch Skate REOPENED\panel\content\articles.php --> host215.ipowerweb.com /public_html/panel/content articles.php
2004.11.26 16:04 B G:\Documents and Settings\bilbo\My Documents\Switch Skate REOPENED\panel\content\colinks.php --> host215.ipowerweb.com /public_html/panel/content colinks.php
2004.11.26 16:04 B G:\Documents and Settings\bilbo\My Documents\Switch Skate REOPENED\panel\content\coreviews.php --> host215.ipowerweb.com /public_html/panel/content coreviews.php
2004.11.26 16:04 B G:\Documents and Settings\bilbo\My Documents\Switch Skate REOPENED\panel\content\games.php --> host215.ipowerweb.com /public_html/panel/content games.php
2004.11.26 16:04 B G:\Documents and Settings\bilbo\My Documents\Switch Skate REOPENED\panel\content\links.php --> host215.ipowerweb.com /public_html/panel/content links.php
2004.11.26 16:04 B G:\Documents and Settings\bilbo\My Documents\Switch Skate REOPENED\panel\content\removetext.php --> host215.ipowerweb.com /public_html/panel/content removetext.php
2004.11.26 16:04 B G:\Documents and Settings\bilbo\My Documents\Switch Skate REOPENED\panel\content\sbreviews.php --> host215.ipowerweb.com /public_html/panel/content sbreviews.php
2004.11.26 16:04 B G:\Documents and Settings\bilbo\My Documents\Switch Skate REOPENED\panel\content\stories.php --> host215.ipowerweb.com /public_html/panel/content stories.php
2004.11.26 16:04 B G:\Documents and Settings\bilbo\My Documents\Switch Skate REOPENED\panel\content\tricktips.php --> host215.ipowerweb.com /public_html/panel/content tricktips.php
2004.11.26 16:04 B G:\Documents and Settings\bilbo\My Documents\Switch Skate REOPENED\panel\content\tutorials.php --> host215.ipowerweb.com /public_html/panel/content tutorials.php
2004.11.26 17:44 B G:\Documents and Settings\bilbo\My Documents\Switch Skate REOPENED\panel\content\coresites.php --> host215.ipowerweb.com /public_html/panel/content coresites.php
2004.11.26 17:47 B G:\Documents and Settings\bilbo\My Documents\Switch Skate REOPENED\panel\content\articles.php --> host215.ipowerweb.com /public_html/panel/content articles.php
2004.11.26 17:47 B G:\Documents and Settings\bilbo\My Documents\Switch Skate REOPENED\panel\content\colinks.php --> host215.ipowerweb.com /public_html/panel/content colinks.php
2004.11.26 17:47 B G:\Documents and Settings\bilbo\My Documents\Switch Skate REOPENED\panel\content\coreproducts.php --> host215.ipowerweb.com /public_html/panel/content coreproducts.php
2004.11.26 17:47 B G:\Documents and Settings\bilbo\My Documents\Switch Skate REOPENED\panel\content\coresites.php --> host215.ipowerweb.com /public_html/panel/content coresites.php
2004.11.26 17:47 B G:\Documents and Settings\bilbo\My Documents\Switch Skate REOPENED\panel\content\coreviews.php --> host215.ipowerweb.com /public_html/panel/content coreviews.php
2004.11.26 17:47 B G:\Documents and Settings\bilbo\My Documents\Switch Skate REOPENED\panel\content\games.php --> host215.ipowerweb.com /public_html/panel/content games.php
2004.11.26 17:47 B G:\Documents and Settings\bilbo\My Documents\Switch Skate REOPENED\panel\content\links.php --> host215.ipowerweb.com /public_html/panel/content links.php
2004.11.26 17:47 B G:\Documents and Settings\bilbo\My Documents\Switch Skate REOPENED\panel\content\removetext.php --> host215.ipowerweb.com /public_html/panel/content removetext.php
2004.11.26 17:47 B G:\Documents and Settings\bilbo\My Documents\Switch Skate REOPENED\panel\content\sbredecks.php --> host215.ipowerweb.com /public_html/panel/content sbredecks.php
2004.11.26 17:47 B G:\Documents and Settings\bilbo\My Documents\Switch Skate REOPENED\panel\content\sbreother.php --> host215.ipowerweb.com /public_html/panel/content sbreother.php
2004.11.26 17:47 B G:\Documents and Settings\bilbo\My Documents\Switch Skate REOPENED\panel\content\sbretrucks.php --> host215.ipowerweb.com /public_html/panel/content sbretrucks.php
2004.11.26 17:47 B G:\Documents and Settings\bilbo\My Documents\Switch Skate REOPENED\panel\content\sbreviews.php --> host215.ipowerweb.com /public_html/panel/content sbreviews.php
2004.11.26 17:47 B G:\Documents and Settings\bilbo\My Documents\Switch Skate REOPENED\panel\content\sbrewheels.php --> host215.ipowerweb.com /public_html/panel/content sbrewheels.php
2004.11.26 17:47 B G:\Documents and Settings\bilbo\My Documents\Switch Skate REOPENED\panel\content\stories.php --> host215.ipowerweb.com /public_html/panel/content stories.php
2004.11.26 17:47 B G:\Documents and Settings\bilbo\My Documents\Switch Skate REOPENED\panel\content\tricktips.php --> host215.ipowerweb.com /public_html/panel/content tricktips.php
2004.11.26 17:47 B G:\Documents and Settings\bilbo\My Documents\Switch Skate REOPENED\panel\content\tutorials.php --> host215.ipowerweb.com /public_html/panel/content tutorials.php
2004.11.26 17:49 B G:\Documents and Settings\bilbo\My Documents\Switch Skate REOPENED\panel\content\sbredecks.php --> host215.ipowerweb.com /public_html/panel/content sbredecks.php
2004.11.26 17:49 B G:\Documents and Settings\bilbo\My Documents\Switch Skate REOPENED\panel\content\sbreother.php --> host215.ipowerweb.com /public_html/panel/content sbreother.php
2004.11.26 17:49 B G:\Documents and Settings\bilbo\My Documents\Switch Skate REOPENED\panel\content\sbretrucks.php --> host215.ipowerweb.com /public_html/panel/content sbretrucks.php
2004.11.26 17:49 B G:\Documents and Settings\bilbo\My Documents\Switch Skate REOPENED\panel\content\sbreviews.php --> host215.ipowerweb.com /public_html/panel/content sbreviews.php
2004.11.26 17:49 B G:\Documents and Settings\bilbo\My Documents\Switch Skate REOPENED\panel\content\sbrewheels.php --> host215.ipowerweb.com /public_html/panel/content sbrewheels.php
2004.11.26 17:50 B G:\Documents and Settings\bilbo\My Documents\Switch Skate REOPENED\panel\content\sbredecks.php --> host215.ipowerweb.com /public_html/panel/content sbredecks.php
2004.11.26 17:50 B G:\Documents and Settings\bilbo\My Documents\Switch Skate REOPENED\panel\content\sbreother.php --> host215.ipowerweb.com /public_html/panel/content sbreother.php
2004.11.26 17:50 B G:\Documents and Settings\bilbo\My Documents\Switch Skate REOPENED\panel\content\sbretrucks.php --> host215.ipowerweb.com /public_html/panel/content sbretrucks.php
2004.11.26 17:50 B G:\Documents and Settings\bilbo\My Documents\Switch Skate REOPENED\panel\content\sbreviews.php --> host215.ipowerweb.com /public_html/panel/content sbreviews.php
2004.11.26 17:50 B G:\Documents and Settings\bilbo\My Documents\Switch Skate REOPENED\panel\content\sbrewheels.php --> host215.ipowerweb.com /public_html/panel/content sbrewheels.php
2004.11.26 17:52 B G:\Documents and Settings\bilbo\My Documents\Switch Skate REOPENED\panel\content\tteasy.php --> host215.ipowerweb.com /public_html/panel/content tteasy.php
2004.11.26 17:52 B G:\Documents and Settings\bilbo\My Documents\Switch Skate REOPENED\panel\content\tthard.php --> host215.ipowerweb.com /public_html/panel/content tthard.php
2004.11.26 17:52 B G:\Documents and Settings\bilbo\My Documents\Switch Skate REOPENED\panel\content\ttpro.php --> host215.ipowerweb.com /public_html/panel/content ttpro.php
2004.11.26 17:55 B G:\Documents and Settings\bilbo\My Documents\Switch Skate REOPENED\panel\content\articles.php --> host215.ipowerweb.com /public_html/panel/content articles.php
2004.11.26 17:55 B G:\Documents and Settings\bilbo\My Documents\Switch Skate REOPENED\panel\content\colinks.php --> host215.ipowerweb.com /public_html/panel/content colinks.php
2004.11.26 17:55 B G:\Documents and Settings\bilbo\My Documents\Switch Skate REOPENED\panel\content\coreproducts.php --> host215.ipowerweb.com /public_html/panel/content coreproducts.php
2004.11.26 17:55 B G:\Documents and Settings\bilbo\My Documents\Switch Skate REOPENED\panel\content\coresites.php --> host215.ipowerweb.com /public_html/panel/content coresites.php
2004.11.26 17:55 B G:\Documents and Settings\bilbo\My Documents\Switch Skate REOPENED\panel\content\coreviews.php --> host215.ipowerweb.com /public_html/panel/content coreviews.php
2004.11.26 17:55 B G:\Documents and Settings\bilbo\My Documents\Switch Skate REOPENED\panel\content\games.php --> host215.ipowerweb.com /public_html/panel/content games.php
2004.11.26 17:55 B G:\Documents and Settings\bilbo\My Documents\Switch Skate REOPENED\panel\content\links.php --> host215.ipowerweb.com /public_html/panel/content links.php
2004.11.26 17:55 B G:\Documents and Settings\bilbo\My Documents\Switch Skate REOPENED\panel\content\removetext.php --> host215.ipowerweb.com /public_html/panel/content removetext.php
2004.11.26 17:55 B G:\Documents and Settings\bilbo\My Documents\Switch Skate REOPENED\panel\content\sbredecks.php --> host215.ipowerweb.com /public_html/panel/content sbredecks.php
2004.11.26 17:55 B G:\Documents and Settings\bilbo\My Documents\Switch Skate REOPENED\panel\content\sbreother.php --> host215.ipowerweb.com /public_html/panel/content sbreother.php
2004.11.26 17:55 B G:\Documents and Settings\bilbo\My Documents\Switch Skate REOPENED\panel\content\sbretrucks.php --> host215.ipowerweb.com /public_html/panel/content sbretrucks.php
2004.11.26 17:55 B G:\Documents and Settings\bilbo\My Documents\Switch Skate REOPENED\panel\content\sbreviews.php --> host215.ipowerweb.com /public_html/panel/content sbreviews.php
2004.11.26 17:55 B G:\Documents and Settings\bilbo\My Documents\Switch Skate REOPENED\panel\content\sbrewheels.php --> host215.ipowerweb.com /public_html/panel/content sbrewheels.php
2004.11.26 17:55 B G:\Documents and Settings\bilbo\My Documents\Switch Skate REOPENED\panel\content\stories.php --> host215.ipowerweb.com /public_html/panel/content stories.php
2004.11.26 17:55 B G:\Documents and Settings\bilbo\My Documents\Switch Skate REOPENED\panel\content\tricktips.php --> host215.ipowerweb.com /public_html/panel/content tricktips.php
2004.11.26 17:55 B G:\Documents and Settings\bilbo\My Documents\Switch Skate REOPENED\panel\content\tteasy.php --> host215.ipowerweb.com /public_html/panel/content tteasy.php
2004.11.26 17:55 B G:\Documents and Settings\bilbo\My Documents\Switch Skate REOPENED\panel\content\tthard.php --> host215.ipowerweb.com /public_html/panel/content tthard.php
2004.11.26 17:55 B G:\Documents and Settings\bilbo\My Documents\Switch Skate REOPENED\panel\content\ttpro.php --> host215.ipowerweb.com /public_html/panel/content ttpro.php
2004.11.26 17:55 B G:\Documents and Settings\bilbo\My Documents\Switch Skate REOPENED\panel\content\tutcss.php --> host215.ipowerweb.com /public_html/panel/content tutcss.php
2004.11.26 17:55 B G:\Documents and Settings\bilbo\My Documents\Switch Skate REOPENED\panel\content\tuthtml.php --> host215.ipowerweb.com /public_html/panel/content tuthtml.php
2004.11.26 17:55 B G:\Documents and Settings\bilbo\My Documents\Switch Skate REOPENED\panel\content\tutorials.php --> host215.ipowerweb.com /public_html/panel/content tutorials.php
2004.11.26 17:55 B G:\Documents and Settings\bilbo\My Documents\Switch Skate REOPENED\panel\content\tutother.php --> host215.ipowerweb.com /public_html/panel/content tutother.php
2004.11.26 17:55 B G:\Documents and Settings\bilbo\My Documents\Switch Skate REOPENED\panel\content\tutphp.php --> host215.ipowerweb.com /public_html/panel/content tutphp.php
2004.11.26 18:15 B G:\Documents and Settings\bilbo\My Documents\Switch Skate REOPENED\panel\content\addarticle.php --> host215.ipowerweb.com /public_html/panel/content addarticle.php
2004.11.26 18:15 B G:\Documents and Settings\bilbo\My Documents\Switch Skate REOPENED\panel\content\addcoreview.php --> host215.ipowerweb.com /public_html/panel/content addcoreview.php
2004.11.26 18:15 B G:\Documents and Settings\bilbo\My Documents\Switch Skate REOPENED\panel\content\addlink.php --> host215.ipowerweb.com /public_html/panel/content addlink.php
2004.11.26 18:15 B G:\Documents and Settings\bilbo\My Documents\Switch Skate REOPENED\panel\content\addsbreview.php --> host215.ipowerweb.com /public_html/panel/content addsbreview.php
2004.11.26 18:15 B G:\Documents and Settings\bilbo\My Documents\Switch Skate REOPENED\panel\content\addtrick.php --> host215.ipowerweb.com /public_html/panel/content addtrick.php
2004.11.26 18:15 B G:\Documents and Settings\bilbo\My Documents\Switch Skate REOPENED\panel\content\addtutorial.php --> host215.ipowerweb.com /public_html/panel/content addtutorial.php
2004.11.26 18:15 B G:\Documents and Settings\bilbo\My Documents\Switch Skate REOPENED\panel\content\articles.php --> host215.ipowerweb.com /public_html/panel/content articles.php
2004.11.26 18:15 B G:\Documents and Settings\bilbo\My Documents\Switch Skate REOPENED\panel\content\colinks.php --> host215.ipowerweb.com /public_html/panel/content colinks.php
2004.11.26 18:15 B G:\Documents and Settings\bilbo\My Documents\Switch Skate REOPENED\panel\content\coreproducts.php --> host215.ipowerweb.com /public_html/panel/content coreproducts.php
2004.11.26 18:15 B G:\Documents and Settings\bilbo\My Documents\Switch Skate REOPENED\panel\content\coresites.php --> host215.ipowerweb.com /public_html/panel/content coresites.php
2004.11.26 18:15 B G:\Documents and Settings\bilbo\My Documents\Switch Skate REOPENED\panel\content\coreviews.php --> host215.ipowerweb.com /public_html/panel/content coreviews.php
2004.11.26 18:15 B G:\Documents and Settings\bilbo\My Documents\Switch Skate REOPENED\panel\content\games.php --> host215.ipowerweb.com /public_html/panel/content games.php
2004.11.26 18:15 B G:\Documents and Settings\bilbo\My Documents\Switch Skate REOPENED\panel\content\handle.php --> host215.ipowerweb.com /public_html/panel/content handle.php
2004.11.26 18:15 B G:\Documents and Settings\bilbo\My Documents\Switch Skate REOPENED\panel\content\links.php --> host215.ipowerweb.com /public_html/panel/content links.php
2004.11.26 18:15 B G:\Documents and Settings\bilbo\My Documents\Switch Skate REOPENED\panel\content\removetext.php --> host215.ipowerweb.com /public_html/panel/content removetext.php
2004.11.26 18:15 B G:\Documents and Settings\bilbo\My Documents\Switch Skate REOPENED\panel\content\sbredecks.php --> host215.ipowerweb.com /public_html/panel/content sbredecks.php
2004.11.26 18:15 B G:\Documents and Settings\bilbo\My Documents\Switch Skate REOPENED\panel\content\sbreother.php --> host215.ipowerweb.com /public_html/panel/content sbreother.php
2004.11.26 18:15 B G:\Documents and Settings\bilbo\My Documents\Switch Skate REOPENED\panel\content\sbretrucks.php --> host215.ipowerweb.com /public_html/panel/content sbretrucks.php
2004.11.26 18:15 B G:\Documents and Settings\bilbo\My Documents\Switch Skate REOPENED\panel\content\sbreviews.php --> host215.ipowerweb.com /public_html/panel/content sbreviews.php
2004.11.26 18:15 B G:\Documents and Settings\bilbo\My Documents\Switch Skate REOPENED\panel\content\sbrewheels.php --> host215.ipowerweb.com /public_html/panel/content sbrewheels.php
2004.11.26 18:15 B G:\Documents and Settings\bilbo\My Documents\Switch Skate REOPENED\panel\content\stories.php --> host215.ipowerweb.com /public_html/panel/content stories.php
2004.11.26 18:15 B G:\Documents and Settings\bilbo\My Documents\Switch Skate REOPENED\panel\content\tricktips.php --> host215.ipowerweb.com /public_html/panel/content tricktips.php
2004.11.26 18:15 B G:\Documents and Settings\bilbo\My Documents\Switch Skate REOPENED\panel\content\tteasy.php --> host215.ipowerweb.com /public_html/panel/content tteasy.php
2004.11.26 18:15 B G:\Documents and Settings\bilbo\My Documents\Switch Skate REOPENED\panel\content\tthard.php --> host215.ipowerweb.com /public_html/panel/content tthard.php
2004.11.26 18:15 B G:\Documents and Settings\bilbo\My Documents\Switch Skate REOPENED\panel\content\ttpro.php --> host215.ipowerweb.com /public_html/panel/content ttpro.php
2004.11.26 18:15 B G:\Documents and Settings\bilbo\My Documents\Switch Skate REOPENED\panel\content\tutcss.php --> host215.ipowerweb.com /public_html/panel/content tutcss.php
2004.11.26 18:15 B G:\Documents and Settings\bilbo\My Documents\Switch Skate REOPENED\panel\content\tuthtml.php --> host215.ipowerweb.com /public_html/panel/content tuthtml.php
2004.11.26 18:15 B G:\Documents and Settings\bilbo\My Documents\Switch Skate REOPENED\panel\content\tutorials.php --> host215.ipowerweb.com /public_html/panel/content tutorials.php
2004.11.26 18:15 B G:\Documents and Settings\bilbo\My Documents\Switch Skate REOPENED\panel\content\tutother.php --> host215.ipowerweb.com /public_html/panel/content tutother.php
2004.11.26 18:15 B G:\Documents and Settings\bilbo\My Documents\Switch Skate REOPENED\panel\content\tutphp.php --> host215.ipowerweb.com /public_html/panel/content tutphp.php
2004.11.26 18:20 B G:\Documents and Settings\bilbo\My Documents\Switch Skate REOPENED\panel\content\addarticle.php --> host215.ipowerweb.com /public_html/panel/content addarticle.php
2004.11.26 18:20 B G:\Documents and Settings\bilbo\My Documents\Switch Skate REOPENED\panel\content\addcoreview.php --> host215.ipowerweb.com /public_html/panel/content addcoreview.php
2004.11.26 18:20 B G:\Documents and Settings\bilbo\My Documents\Switch Skate REOPENED\panel\content\addlink.php --> host215.ipowerweb.com /public_html/panel/content addlink.php
2004.11.26 18:20 B G:\Documents and Settings\bilbo\My Documents\Switch Skate REOPENED\panel\content\addsbreview.php --> host215.ipowerweb.com /public_html/panel/content addsbreview.php
2004.11.26 18:20 B G:\Documents and Settings\bilbo\My Documents\Switch Skate REOPENED\panel\content\addtrick.php --> host215.ipowerweb.com /public_html/panel/content addtrick.php
2004.11.26 18:20 B G:\Documents and Settings\bilbo\My Documents\Switch Skate REOPENED\panel\content\addtutorial.php --> host215.ipowerweb.com /public_html/panel/content addtutorial.php
2004.11.26 18:21 B G:\Documents and Settings\bilbo\My Documents\Switch Skate REOPENED\panel\content\handle.php --> host215.ipowerweb.com /public_html/panel/content handle.php
2004.11.30 21:11 B G:\Documents and Settings\bilbo\My Documents\Switch Skate REOPENED\panel\content\addarticle.php --> host215.ipowerweb.com /public_html/panel/content addarticle.php
2004.11.30 21:11 B G:\Documents and Settings\bilbo\My Documents\Switch Skate REOPENED\panel\content\addcoreview.php --> host215.ipowerweb.com /public_html/panel/content addcoreview.php
2004.11.30 21:11 B G:\Documents and Settings\bilbo\My Documents\Switch Skate REOPENED\panel\content\addlink.php --> host215.ipowerweb.com /public_html/panel/content addlink.php
2004.11.30 21:11 B G:\Documents and Settings\bilbo\My Documents\Switch Skate REOPENED\panel\content\addsbreview.php --> host215.ipowerweb.com /public_html/panel/content addsbreview.php
2004.11.30 21:11 B G:\Documents and Settings\bilbo\My Documents\Switch Skate REOPENED\panel\content\addtrick.php --> host215.ipowerweb.com /public_html/panel/content addtrick.php
2004.11.30 21:11 B G:\Documents and Settings\bilbo\My Documents\Switch Skate REOPENED\panel\content\addtutorial.php --> host215.ipowerweb.com /public_html/panel/content addtutorial.php
2004.11.30 21:12 B G:\Documents and Settings\bilbo\My Documents\Switch Skate REOPENED\panel\content\handle.php --> host215.ipowerweb.com /public_html/panel/content handle.php
2004.11.30 21:12 B G:\Documents and Settings\bilbo\My Documents\Switch Skate REOPENED\panel\content\WS_FTP.LOG --> host215.ipowerweb.com /public_html/panel/content WS_FTP.LOG
2004.11.30 21:12 B G:\Documents and Settings\bilbo\My Documents\Switch Skate REOPENED\panel\content\handle.php --> host215.ipowerweb.com /public_html/panel/content handle.php
2004.11.30 21:12 B G:\Documents and Settings\bilbo\My Documents\Switch Skate REOPENED\panel\content\WS_FTP.LOG --> host215.ipowerweb.com /public_html/panel/content WS_FTP.LOG
2004.11.30 21:13 B G:\Documents and Settings\bilbo\My Documents\Switch Skate REOPENED\panel\content\handle.php --> host215.ipowerweb.com /public_html/panel/content handle.php
2004.11.30 21:14 B G:\Documents and Settings\bilbo\My Documents\Switch Skate REOPENED\panel\content\handle.php --> host215.ipowerweb.com /public_html/panel/content handle.php
2004.11.30 21:14 B G:\Documents and Settings\bilbo\My Documents\Switch Skate REOPENED\panel\content\addarticle.php --> host215.ipowerweb.com /public_html/panel/content addarticle.php
2004.12.02 16:32 B G:\Documents and Settings\bilbo\My Documents\Switch Skate REOPENED\panel\content\addarticle.php <-- Switch Skate /public_html/panel/content addarticle.php
2004.12.02 16:32 B G:\Documents and Settings\bilbo\My Documents\Switch Skate REOPENED\panel\content\addcoreview.php <-- Switch Skate /public_html/panel/content addcoreview.php
2004.12.02 16:32 B G:\Documents and Settings\bilbo\My Documents\Switch Skate REOPENED\panel\content\addlink.php <-- Switch Skate /public_html/panel/content addlink.php
2004.12.02 16:32 B G:\Documents and Settings\bilbo\My Documents\Switch Skate REOPENED\panel\content\addsbreview.php <-- Switch Skate /public_html/panel/content addsbreview.php
2004.12.02 16:32 B G:\Documents and Settings\bilbo\My Documents\Switch Skate REOPENED\panel\content\addtrick.php <-- Switch Skate /public_html/panel/content addtrick.php
2004.12.02 16:32 B G:\Documents and Settings\bilbo\My Documents\Switch Skate REOPENED\panel\content\addtutorial.php <-- Switch Skate /public_html/panel/content addtutorial.php
2004.12.02 16:32 B G:\Documents and Settings\bilbo\My Documents\Switch Skate REOPENED\panel\content\articles.php <-- Switch Skate /public_html/panel/content articles.php
2004.12.02 16:32 B G:\Documents and Settings\bilbo\My Documents\Switch Skate REOPENED\panel\content\colinks.php <-- Switch Skate /public_html/panel/content colinks.php
2004.12.02 16:32 B G:\Documents and Settings\bilbo\My Documents\Switch Skate REOPENED\panel\content\coreproducts.php <-- Switch Skate /public_html/panel/content coreproducts.php
2004.12.02 16:32 B G:\Documents and Settings\bilbo\My Documents\Switch Skate REOPENED\panel\content\coresites.php <-- Switch Skate /public_html/panel/content coresites.php
2004.12.02 16:32 B G:\Documents and Settings\bilbo\My Documents\Switch Skate REOPENED\panel\content\coreviews.php <-- Switch Skate /public_html/panel/content coreviews.php
2004.12.02 16:32 B G:\Documents and Settings\bilbo\My Documents\Switch Skate REOPENED\panel\content\games.php <-- Switch Skate /public_html/panel/content games.php
2004.12.02 16:32 B G:\Documents and Settings\bilbo\My Documents\Switch Skate REOPENED\panel\content\header.php <-- Switch Skate /public_html/panel/content header.php
2004.12.02 16:33 B G:\Documents and Settings\bilbo\My Documents\Switch Skate REOPENED\panel\content\links.php <-- Switch Skate /public_html/panel/content links.php
2004.12.02 16:33 B G:\Documents and Settings\bilbo\My Documents\Switch Skate REOPENED\panel\content\removetext.php <-- Switch Skate /public_html/panel/content removetext.php
2004.12.02 16:33 B G:\Documents and Settings\bilbo\My Documents\Switch Skate REOPENED\panel\content\sbredecks.php <-- Switch Skate /public_html/panel/content sbredecks.php
2004.12.02 16:33 B G:\Documents and Settings\bilbo\My Documents\Switch Skate REOPENED\panel\content\sbreother.php <-- Switch Skate /public_html/panel/content sbreother.php
2004.12.02 16:33 B G:\Documents and Settings\bilbo\My Documents\Switch Skate REOPENED\panel\content\sbretrucks.php <-- Switch Skate /public_html/panel/content sbretrucks.php
2004.12.02 16:33 B G:\Documents and Settings\bilbo\My Documents\Switch Skate REOPENED\panel\content\sbreviews.php <-- Switch Skate /public_html/panel/content sbreviews.php
2004.12.02 16:33 B G:\Documents and Settings\bilbo\My Documents\Switch Skate REOPENED\panel\content\sbrewheels.php <-- Switch Skate /public_html/panel/content sbrewheels.php
2004.12.02 16:33 B G:\Documents and Settings\bilbo\My Documents\Switch Skate REOPENED\panel\content\stories.php <-- Switch Skate /public_html/panel/content stories.php
2004.12.02 16:33 B G:\Documents and Settings\bilbo\My Documents\Switch Skate REOPENED\panel\content\tricktips.php <-- Switch Skate /public_html/panel/content tricktips.php
2004.12.02 16:33 B G:\Documents and Settings\bilbo\My Documents\Switch Skate REOPENED\panel\content\tteasy.php <-- Switch Skate /public_html/panel/content tteasy.php
2004.12.02 16:33 B G:\Documents and Settings\bilbo\My Documents\Switch Skate REOPENED\panel\content\tthard.php <-- Switch Skate /public_html/panel/content tthard.php
2004.12.02 16:33 B G:\Documents and Settings\bilbo\My Documents\Switch Skate REOPENED\panel\content\ttpro.php <-- Switch Skate /public_html/panel/content ttpro.php
2004.12.02 16:33 B G:\Documents and Settings\bilbo\My Documents\Switch Skate REOPENED\panel\content\tutcss.php <-- Switch Skate /public_html/panel/content tutcss.php
2004.12.02 16:33 B G:\Documents and Settings\bilbo\My Documents\Switch Skate REOPENED\panel\content\tuthtml.php <-- Switch Skate /public_html/panel/content tuthtml.php
2004.12.02 16:33 B G:\Documents and Settings\bilbo\My Documents\Switch Skate REOPENED\panel\content\tutorials.php <-- Switch Skate /public_html/panel/content tutorials.php
2004.12.02 16:33 B G:\Documents and Settings\bilbo\My Documents\Switch Skate REOPENED\panel\content\tutother.php <-- Switch Skate /public_html/panel/content tutother.php
2004.12.02 16:33 B G:\Documents and Settings\bilbo\My Documents\Switch Skate REOPENED\panel\content\tutphp.php <-- Switch Skate /public_html/panel/content tutphp.php
2004.12.03 20:01 B G:\Documents and Settings\bilbo\My Documents\Switch Skate REOPENED\panel\content\handle.php --> host215.ipowerweb.com /public_html/panel/content handle.php
2004.12.03 20:01 B G:\Documents and Settings\bilbo\My Documents\Switch Skate REOPENED\panel\content\tutcss.php --> host215.ipowerweb.com /public_html/panel/content tutcss.php
2004.12.03 20:01 B G:\Documents and Settings\bilbo\My Documents\Switch Skate REOPENED\panel\content\tuthtml.php --> host215.ipowerweb.com /public_html/panel/content tuthtml.php
2004.12.03 20:01 B G:\Documents and Settings\bilbo\My Documents\Switch Skate REOPENED\panel\content\tutother.php --> host215.ipowerweb.com /public_html/panel/content tutother.php
2004.12.03 20:01 B G:\Documents and Settings\bilbo\My Documents\Switch Skate REOPENED\panel\content\tutphp.php --> host215.ipowerweb.com /public_html/panel/content tutphp.php
2004.12.03 20:01 B G:\Documents and Settings\bilbo\My Documents\Switch Skate REOPENED\panel\content\WS_FTP.LOG --> host215.ipowerweb.com /public_html/panel/content WS_FTP.LOG
2004.12.03 20:26 B G:\Documents and Settings\bilbo\My Documents\Switch Skate REOPENED\panel\content\addtutorial.php --> host215.ipowerweb.com /public_html/panel/content addtutorial.php
2004.12.03 20:26 B G:\Documents and Settings\bilbo\My Documents\Switch Skate REOPENED\panel\content\tutcss.php --> host215.ipowerweb.com /public_html/panel/content tutcss.php
2004.12.03 20:26 B G:\Documents and Settings\bilbo\My Documents\Switch Skate REOPENED\panel\content\tuthtml.php --> host215.ipowerweb.com /public_html/panel/content tuthtml.php
2004.12.03 20:26 B G:\Documents and Settings\bilbo\My Documents\Switch Skate REOPENED\panel\content\tutother.php --> host215.ipowerweb.com /public_html/panel/content tutother.php
2004.12.03 20:26 B G:\Documents and Settings\bilbo\My Documents\Switch Skate REOPENED\panel\content\tutphp.php --> host215.ipowerweb.com /public_html/panel/content tutphp.php
2004.12.03 20:26 B G:\Documents and Settings\bilbo\My Documents\Switch Skate REOPENED\panel\content\WS_FTP.LOG --> host215.ipowerweb.com /public_html/panel/content WS_FTP.LOG
2004.12.20 15:47 B G:\Documents and Settings\bilbo\My Documents\Switch Skate REOPENED\panel\content\addsbreview.php --> host215.ipowerweb.com /public_html/panel/content addsbreview.php
2004.12.20 15:47 B G:\Documents and Settings\bilbo\My Documents\Switch Skate REOPENED\panel\content\addtutorial.php --> host215.ipowerweb.com /public_html/panel/content addtutorial.php
2004.12.20 15:47 B G:\Documents and Settings\bilbo\My Documents\Switch Skate REOPENED\panel\content\tutcss.php --> host215.ipowerweb.com /public_html/panel/content tutcss.php
2004.12.20 15:47 B G:\Documents and Settings\bilbo\My Documents\Switch Skate REOPENED\panel\content\tuthtml.php --> host215.ipowerweb.com /public_html/panel/content tuthtml.php
2004.12.20 15:47 B G:\Documents and Settings\bilbo\My Documents\Switch Skate REOPENED\panel\content\tutother.php --> host215.ipowerweb.com /public_html/panel/content tutother.php
2004.12.20 15:47 B G:\Documents and Settings\bilbo\My Documents\Switch Skate REOPENED\panel\content\tutphp.php --> host215.ipowerweb.com /public_html/panel/content tutphp.php
2004.12.20 15:47 B G:\Documents and Settings\bilbo\My Documents\Switch Skate REOPENED\panel\content\WS_FTP.LOG --> host215.ipowerweb.com /public_html/panel/content WS_FTP.LOG
2004.12.20 19:10 B G:\Documents and Settings\bilbo\My Documents\Switch Skate REOPENED\panel\content\pictures.php --> host215.ipowerweb.com /public_html/panel/content pictures.php
2004.12.20 19:21 B G:\Documents and Settings\bilbo\My Documents\Switch Skate REOPENED\panel\content\addpicture.php --> host215.ipowerweb.com /public_html/panel/content addpicture.php
2004.12.20 19:21 B G:\Documents and Settings\bilbo\My Documents\Switch Skate REOPENED\panel\content\pictures.php --> host215.ipowerweb.com /public_html/panel/content pictures.php
2004.12.20 19:26 B G:\Documents and Settings\bilbo\My Documents\Switch Skate REOPENED\panel\content\addpicture.php --> host215.ipowerweb.com /public_html/panel/content addpicture.php
2004.12.20 19:26 B G:\Documents and Settings\bilbo\My Documents\Switch Skate REOPENED\panel\content\addpicture.php --> host215.ipowerweb.com /public_html/panel/content addpicture.php
2004.12.20 19:28 B G:\Documents and Settings\bilbo\My Documents\Switch Skate REOPENED\panel\content\pictures.php --> host215.ipowerweb.com /public_html/panel/content pictures.php
2004.12.22 08:49 B G:\Documents and Settings\bilbo\My Documents\Switch Skate REOPENED\panel\content\addtrick.php --> host215.ipowerweb.com /public_html/panel/content addtrick.php
2004.12.22 08:50 B G:\Documents and Settings\bilbo\My Documents\Switch Skate REOPENED\panel\content\tricktips.php --> host215.ipowerweb.com /public_html/panel/content tricktips.php
2004.12.22 09:00 B G:\Documents and Settings\bilbo\My Documents\Switch Skate REOPENED\panel\content\addpicture.php --> host215.ipowerweb.com /public_html/panel/content addpicture.php
2004.12.22 09:00 B G:\Documents and Settings\bilbo\My Documents\Switch Skate REOPENED\panel\content\addsbreview.php --> host215.ipowerweb.com /public_html/panel/content addsbreview.php
2004.12.22 09:00 B G:\Documents and Settings\bilbo\My Documents\Switch Skate REOPENED\panel\content\addtrick.php --> host215.ipowerweb.com /public_html/panel/content addtrick.php
2004.12.22 09:00 B G:\Documents and Settings\bilbo\My Documents\Switch Skate REOPENED\panel\content\pictures.php --> host215.ipowerweb.com /public_html/panel/content pictures.php
2004.12.22 09:00 B G:\Documents and Settings\bilbo\My Documents\Switch Skate REOPENED\panel\content\tricktips.php --> host215.ipowerweb.com /public_html/panel/content tricktips.php
2004.12.22 09:00 B G:\Documents and Settings\bilbo\My Documents\Switch Skate REOPENED\panel\content\tteasy.php --> host215.ipowerweb.com /public_html/panel/content tteasy.php
2004.12.22 09:00 B G:\Documents and Settings\bilbo\My Documents\Switch Skate REOPENED\panel\content\tthard.php --> host215.ipowerweb.com /public_html/panel/content tthard.php
2004.12.22 09:00 B G:\Documents and Settings\bilbo\My Documents\Switch Skate REOPENED\panel\content\ttpro.php --> host215.ipowerweb.com /public_html/panel/content ttpro.php
2004.12.22 09:00 B G:\Documents and Settings\bilbo\My Documents\Switch Skate REOPENED\panel\content\WS_FTP.LOG --> host215.ipowerweb.com /public_html/panel/content WS_FTP.LOG
2004.12.22 13:22 B G:\Documents and Settings\bilbo\My Documents\Switch Skate REOPENED\panel\content\addarticle.php <-- Switch Skate /public_html/panel/content addarticle.php
2004.12.22 13:22 B G:\Documents and Settings\bilbo\My Documents\Switch Skate REOPENED\panel\content\addterm.php --> host215.ipowerweb.com /public_html/panel/content addterm.php
