2005.08.29 22:16 B C:\Documents and Settings\Adam.ADAMK\My Documents\Programming\Switch Skate\Layouts\Backups\File Backups\public_html\2006\images\Mystic\address.gif <-- Switch Skate /public_html/2006/images/Mystic address.gif
2005.08.29 22:16 B C:\Documents and Settings\Adam.ADAMK\My Documents\Programming\Switch Skate\Layouts\Backups\File Backups\public_html\2006\images\Mystic\aim.gif <-- Switch Skate /public_html/2006/images/Mystic aim.gif
2005.08.29 22:16 B C:\Documents and Settings\Adam.ADAMK\My Documents\Programming\Switch Skate\Layouts\Backups\File Backups\public_html\2006\images\Mystic\arrow_dw.gif <-- Switch Skate /public_html/2006/images/Mystic arrow_dw.gif
2005.08.29 22:16 B C:\Documents and Settings\Adam.ADAMK\My Documents\Programming\Switch Skate\Layouts\Backups\File Backups\public_html\2006\images\Mystic\arrow_up.gif <-- Switch Skate /public_html/2006/images/Mystic arrow_up.gif
2005.08.29 22:16 B C:\Documents and Settings\Adam.ADAMK\My Documents\Programming\Switch Skate\Layouts\Backups\File Backups\public_html\2006\images\Mystic\banner.jpg <-- Switch Skate /public_html/2006/images/Mystic banner.jpg
2005.08.29 22:16 B C:\Documents and Settings\Adam.ADAMK\My Documents\Programming\Switch Skate\Layouts\Backups\File Backups\public_html\2006\images\Mystic\bar.jpg <-- Switch Skate /public_html/2006/images/Mystic bar.jpg
2005.08.29 22:16 B C:\Documents and Settings\Adam.ADAMK\My Documents\Programming\Switch Skate\Layouts\Backups\File Backups\public_html\2006\images\Mystic\bb_bold.gif <-- Switch Skate /public_html/2006/images/Mystic bb_bold.gif
2005.08.29 22:16 B C:\Documents and Settings\Adam.ADAMK\My Documents\Programming\Switch Skate\Layouts\Backups\File Backups\public_html\2006\images\Mystic\bb_center.gif <-- Switch Skate /public_html/2006/images/Mystic bb_center.gif
2005.08.29 22:16 B C:\Documents and Settings\Adam.ADAMK\My Documents\Programming\Switch Skate\Layouts\Backups\File Backups\public_html\2006\images\Mystic\bb_code.gif <-- Switch Skate /public_html/2006/images/Mystic bb_code.gif
2005.08.29 22:16 B C:\Documents and Settings\Adam.ADAMK\My Documents\Programming\Switch Skate\Layouts\Backups\File Backups\public_html\2006\images\Mystic\bb_email.gif <-- Switch Skate /public_html/2006/images/Mystic bb_email.gif
2005.08.29 22:16 B C:\Documents and Settings\Adam.ADAMK\My Documents\Programming\Switch Skate\Layouts\Backups\File Backups\public_html\2006\images\Mystic\bb_image.gif <-- Switch Skate /public_html/2006/images/Mystic bb_image.gif
2005.08.29 22:16 B C:\Documents and Settings\Adam.ADAMK\My Documents\Programming\Switch Skate\Layouts\Backups\File Backups\public_html\2006\images\Mystic\bb_italicize.gif <-- Switch Skate /public_html/2006/images/Mystic bb_italicize.gif
2005.08.29 22:16 B C:\Documents and Settings\Adam.ADAMK\My Documents\Programming\Switch Skate\Layouts\Backups\File Backups\public_html\2006\images\Mystic\bb_list.gif <-- Switch Skate /public_html/2006/images/Mystic bb_list.gif
2005.08.29 22:16 B C:\Documents and Settings\Adam.ADAMK\My Documents\Programming\Switch Skate\Layouts\Backups\File Backups\public_html\2006\images\Mystic\bb_quote.gif <-- Switch Skate /public_html/2006/images/Mystic bb_quote.gif
2005.08.29 22:16 B C:\Documents and Settings\Adam.ADAMK\My Documents\Programming\Switch Skate\Layouts\Backups\File Backups\public_html\2006\images\Mystic\bb_underline.gif <-- Switch Skate /public_html/2006/images/Mystic bb_underline.gif
2005.08.29 22:16 B C:\Documents and Settings\Adam.ADAMK\My Documents\Programming\Switch Skate\Layouts\Backups\File Backups\public_html\2006\images\Mystic\bb_url.gif <-- Switch Skate /public_html/2006/images/Mystic bb_url.gif
2005.08.29 22:16 B C:\Documents and Settings\Adam.ADAMK\My Documents\Programming\Switch Skate\Layouts\Backups\File Backups\public_html\2006\images\Mystic\bbrules.gif <-- Switch Skate /public_html/2006/images/Mystic bbrules.gif
2005.08.29 22:16 B C:\Documents and Settings\Adam.ADAMK\My Documents\Programming\Switch Skate\Layouts\Backups\File Backups\public_html\2006\images\Mystic\dot_folder.gif <-- Switch Skate /public_html/2006/images/Mystic dot_folder.gif
2005.08.29 22:16 B C:\Documents and Settings\Adam.ADAMK\My Documents\Programming\Switch Skate\Layouts\Backups\File Backups\public_html\2006\images\Mystic\dot_hot_folder.gif <-- Switch Skate /public_html/2006/images/Mystic dot_hot_folder.gif
2005.08.29 22:16 B C:\Documents and Settings\Adam.ADAMK\My Documents\Programming\Switch Skate\Layouts\Backups\File Backups\public_html\2006\images\Mystic\edit.gif <-- Switch Skate /public_html/2006/images/Mystic edit.gif
2005.08.29 22:16 B C:\Documents and Settings\Adam.ADAMK\My Documents\Programming\Switch Skate\Layouts\Backups\File Backups\public_html\2006\images\Mystic\email.gif <-- Switch Skate /public_html/2006/images/Mystic email.gif
2005.08.29 22:16 B C:\Documents and Settings\Adam.ADAMK\My Documents\Programming\Switch Skate\Layouts\Backups\File Backups\public_html\2006\images\Mystic\faq.gif <-- Switch Skate /public_html/2006/images/Mystic faq.gif
2005.08.29 22:16 B C:\Documents and Settings\Adam.ADAMK\My Documents\Programming\Switch Skate\Layouts\Backups\File Backups\public_html\2006\images\Mystic\find.gif <-- Switch Skate /public_html/2006/images/Mystic find.gif
2005.08.29 22:16 B C:\Documents and Settings\Adam.ADAMK\My Documents\Programming\Switch Skate\Layouts\Backups\File Backups\public_html\2006\images\Mystic\folder.gif <-- Switch Skate /public_html/2006/images/Mystic folder.gif
2005.08.29 22:16 B C:\Documents and Settings\Adam.ADAMK\My Documents\Programming\Switch Skate\Layouts\Backups\File Backups\public_html\2006\images\Mystic\home.gif <-- Switch Skate /public_html/2006/images/Mystic home.gif
2005.08.29 22:16 B C:\Documents and Settings\Adam.ADAMK\My Documents\Programming\Switch Skate\Layouts\Backups\File Backups\public_html\2006\images\Mystic\hot_folder.gif <-- Switch Skate /public_html/2006/images/Mystic hot_folder.gif
2005.08.29 22:16 B C:\Documents and Settings\Adam.ADAMK\My Documents\Programming\Switch Skate\Layouts\Backups\File Backups\public_html\2006\images\Mystic\hot_red_folder.gif <-- Switch Skate /public_html/2006/images/Mystic hot_red_folder.gif
2005.08.29 22:16 B C:\Documents and Settings\Adam.ADAMK\My Documents\Programming\Switch Skate\Layouts\Backups\File Backups\public_html\2006\images\Mystic\icq_add.gif <-- Switch Skate /public_html/2006/images/Mystic icq_add.gif
2005.08.29 22:16 B C:\Documents and Settings\Adam.ADAMK\My Documents\Programming\Switch Skate\Layouts\Backups\File Backups\public_html\2006\images\Mystic\inbox.gif <-- Switch Skate /public_html/2006/images/Mystic inbox.gif
2005.08.29 22:16 B C:\Documents and Settings\Adam.ADAMK\My Documents\Programming\Switch Skate\Layouts\Backups\File Backups\public_html\2006\images\Mystic\index.htm <-- Switch Skate /public_html/2006/images/Mystic index.htm
2005.08.29 22:16 B C:\Documents and Settings\Adam.ADAMK\My Documents\Programming\Switch Skate\Layouts\Backups\File Backups\public_html\2006\images\Mystic\ip.gif <-- Switch Skate /public_html/2006/images/Mystic ip.gif
2005.08.29 22:16 B C:\Documents and Settings\Adam.ADAMK\My Documents\Programming\Switch Skate\Layouts\Backups\File Backups\public_html\2006\images\Mystic\ipost.gif <-- Switch Skate /public_html/2006/images/Mystic ipost.gif
2005.08.29 22:16 B C:\Documents and Settings\Adam.ADAMK\My Documents\Programming\Switch Skate\Layouts\Backups\File Backups\public_html\2006\images\Mystic\lastpost.gif <-- Switch Skate /public_html/2006/images/Mystic lastpost.gif
2005.08.29 22:16 B C:\Documents and Settings\Adam.ADAMK\My Documents\Programming\Switch Skate\Layouts\Backups\File Backups\public_html\2006\images\Mystic\lock_folder.gif <-- Switch Skate /public_html/2006/images/Mystic lock_folder.gif
2005.08.29 22:16 B C:\Documents and Settings\Adam.ADAMK\My Documents\Programming\Switch Skate\Layouts\Backups\File Backups\public_html\2006\images\Mystic\locku2u.gif <-- Switch Skate /public_html/2006/images/Mystic locku2u.gif
2005.08.29 22:16 B C:\Documents and Settings\Adam.ADAMK\My Documents\Programming\Switch Skate\Layouts\Backups\File Backups\public_html\2006\images\Mystic\members_list.gif <-- Switch Skate /public_html/2006/images/Mystic members_list.gif
2005.08.29 22:16 B C:\Documents and Settings\Adam.ADAMK\My Documents\Programming\Switch Skate\Layouts\Backups\File Backups\public_html\2006\images\Mystic\msn.gif <-- Switch Skate /public_html/2006/images/Mystic msn.gif
2005.08.29 22:17 B C:\Documents and Settings\Adam.ADAMK\My Documents\Programming\Switch Skate\Layouts\Backups\File Backups\public_html\2006\images\Mystic\Mystic-theme.xmb <-- Switch Skate /public_html/2006/images/Mystic Mystic-theme.xmb
2005.08.29 22:17 B C:\Documents and Settings\Adam.ADAMK\My Documents\Programming\Switch Skate\Layouts\Backups\File Backups\public_html\2006\images\Mystic\newtopic.gif <-- Switch Skate /public_html/2006/images/Mystic newtopic.gif
2005.08.29 22:17 B C:\Documents and Settings\Adam.ADAMK\My Documents\Programming\Switch Skate\Layouts\Backups\File Backups\public_html\2006\images\Mystic\newu2u.gif <-- Switch Skate /public_html/2006/images/Mystic newu2u.gif
2005.08.29 22:17 B C:\Documents and Settings\Adam.ADAMK\My Documents\Programming\Switch Skate\Layouts\Backups\File Backups\public_html\2006\images\Mystic\online.gif <-- Switch Skate /public_html/2006/images/Mystic online.gif
2005.08.29 22:17 B C:\Documents and Settings\Adam.ADAMK\My Documents\Programming\Switch Skate\Layouts\Backups\File Backups\public_html\2006\images\Mystic\outbox.gif <-- Switch Skate /public_html/2006/images/Mystic outbox.gif
2005.08.29 22:17 B C:\Documents and Settings\Adam.ADAMK\My Documents\Programming\Switch Skate\Layouts\Backups\File Backups\public_html\2006\images\Mystic\pin.gif <-- Switch Skate /public_html/2006/images/Mystic pin.gif
2005.08.29 22:17 B C:\Documents and Settings\Adam.ADAMK\My Documents\Programming\Switch Skate\Layouts\Backups\File Backups\public_html\2006\images\Mystic\poll.gif <-- Switch Skate /public_html/2006/images/Mystic poll.gif
2005.08.29 22:17 B C:\Documents and Settings\Adam.ADAMK\My Documents\Programming\Switch Skate\Layouts\Backups\File Backups\public_html\2006\images\Mystic\pollbar-e.gif <-- Switch Skate /public_html/2006/images/Mystic pollbar-e.gif
2005.08.29 22:17 B C:\Documents and Settings\Adam.ADAMK\My Documents\Programming\Switch Skate\Layouts\Backups\File Backups\public_html\2006\images\Mystic\pollbar-s.gif <-- Switch Skate /public_html/2006/images/Mystic pollbar-s.gif
2005.08.29 22:17 B C:\Documents and Settings\Adam.ADAMK\My Documents\Programming\Switch Skate\Layouts\Backups\File Backups\public_html\2006\images\Mystic\pollbar.gif <-- Switch Skate /public_html/2006/images/Mystic pollbar.gif
2005.08.29 22:17 B C:\Documents and Settings\Adam.ADAMK\My Documents\Programming\Switch Skate\Layouts\Backups\File Backups\public_html\2006\images\Mystic\pollsmall.gif <-- Switch Skate /public_html/2006/images/Mystic pollsmall.gif
2005.08.29 22:17 B C:\Documents and Settings\Adam.ADAMK\My Documents\Programming\Switch Skate\Layouts\Backups\File Backups\public_html\2006\images\Mystic\profile.gif <-- Switch Skate /public_html/2006/images/Mystic profile.gif
2005.08.29 22:17 B C:\Documents and Settings\Adam.ADAMK\My Documents\Programming\Switch Skate\Layouts\Backups\File Backups\public_html\2006\images\Mystic\quote.gif <-- Switch Skate /public_html/2006/images/Mystic quote.gif
2005.08.29 22:17 B C:\Documents and Settings\Adam.ADAMK\My Documents\Programming\Switch Skate\Layouts\Backups\File Backups\public_html\2006\images\Mystic\red_folder.gif <-- Switch Skate /public_html/2006/images/Mystic red_folder.gif
2005.08.29 22:17 B C:\Documents and Settings\Adam.ADAMK\My Documents\Programming\Switch Skate\Layouts\Backups\File Backups\public_html\2006\images\Mystic\reply.gif <-- Switch Skate /public_html/2006/images/Mystic reply.gif
2005.08.29 22:17 B C:\Documents and Settings\Adam.ADAMK\My Documents\Programming\Switch Skate\Layouts\Backups\File Backups\public_html\2006\images\Mystic\report.gif <-- Switch Skate /public_html/2006/images/Mystic report.gif
2005.08.29 22:17 B C:\Documents and Settings\Adam.ADAMK\My Documents\Programming\Switch Skate\Layouts\Backups\File Backups\public_html\2006\images\Mystic\search.gif <-- Switch Skate /public_html/2006/images/Mystic search.gif
2005.08.29 22:17 B C:\Documents and Settings\Adam.ADAMK\My Documents\Programming\Switch Skate\Layouts\Backups\File Backups\public_html\2006\images\Mystic\site.gif <-- Switch Skate /public_html/2006/images/Mystic site.gif
2005.08.29 22:17 B C:\Documents and Settings\Adam.ADAMK\My Documents\Programming\Switch Skate\Layouts\Backups\File Backups\public_html\2006\images\Mystic\star.gif <-- Switch Skate /public_html/2006/images/Mystic star.gif
2005.08.29 22:17 B C:\Documents and Settings\Adam.ADAMK\My Documents\Programming\Switch Skate\Layouts\Backups\File Backups\public_html\2006\images\Mystic\stats.gif <-- Switch Skate /public_html/2006/images/Mystic stats.gif
2005.08.29 22:17 B C:\Documents and Settings\Adam.ADAMK\My Documents\Programming\Switch Skate\Layouts\Backups\File Backups\public_html\2006\images\Mystic\todays_posts.gif <-- Switch Skate /public_html/2006/images/Mystic todays_posts.gif
2005.08.29 22:17 B C:\Documents and Settings\Adam.ADAMK\My Documents\Programming\Switch Skate\Layouts\Backups\File Backups\public_html\2006\images\Mystic\u2u.gif <-- Switch Skate /public_html/2006/images/Mystic u2u.gif
2005.08.29 22:17 B C:\Documents and Settings\Adam.ADAMK\My Documents\Programming\Switch Skate\Layouts\Backups\File Backups\public_html\2006\images\Mystic\yahoo.gif <-- Switch Skate /public_html/2006/images/Mystic yahoo.gif
