2005.08.29 22:46 B C:\Documents and Settings\Adam.ADAMK\My Documents\Programming\Switch Skate\Layouts\Backups\File Backups\public_html\forums\images\greenwave\address.gif <-- Switch Skate /public_html/forums/images/greenwave address.gif
2005.08.29 22:46 B C:\Documents and Settings\Adam.ADAMK\My Documents\Programming\Switch Skate\Layouts\Backups\File Backups\public_html\forums\images\greenwave\aim.gif <-- Switch Skate /public_html/forums/images/greenwave aim.gif
2005.08.29 22:46 B C:\Documents and Settings\Adam.ADAMK\My Documents\Programming\Switch Skate\Layouts\Backups\File Backups\public_html\forums\images\greenwave\arrow_dw.gif <-- Switch Skate /public_html/forums/images/greenwave arrow_dw.gif
2005.08.29 22:46 B C:\Documents and Settings\Adam.ADAMK\My Documents\Programming\Switch Skate\Layouts\Backups\File Backups\public_html\forums\images\greenwave\arrow_up.gif <-- Switch Skate /public_html/forums/images/greenwave arrow_up.gif
2005.08.29 22:46 B C:\Documents and Settings\Adam.ADAMK\My Documents\Programming\Switch Skate\Layouts\Backups\File Backups\public_html\forums\images\greenwave\b.gif <-- Switch Skate /public_html/forums/images/greenwave b.gif
2005.08.29 22:46 B C:\Documents and Settings\Adam.ADAMK\My Documents\Programming\Switch Skate\Layouts\Backups\File Backups\public_html\forums\images\greenwave\bb_bold.gif <-- Switch Skate /public_html/forums/images/greenwave bb_bold.gif
2005.08.29 22:46 B C:\Documents and Settings\Adam.ADAMK\My Documents\Programming\Switch Skate\Layouts\Backups\File Backups\public_html\forums\images\greenwave\bb_center.gif <-- Switch Skate /public_html/forums/images/greenwave bb_center.gif
2005.08.29 22:46 B C:\Documents and Settings\Adam.ADAMK\My Documents\Programming\Switch Skate\Layouts\Backups\File Backups\public_html\forums\images\greenwave\bb_code.gif <-- Switch Skate /public_html/forums/images/greenwave bb_code.gif
2005.08.29 22:46 B C:\Documents and Settings\Adam.ADAMK\My Documents\Programming\Switch Skate\Layouts\Backups\File Backups\public_html\forums\images\greenwave\bb_email.gif <-- Switch Skate /public_html/forums/images/greenwave bb_email.gif
2005.08.29 22:46 B C:\Documents and Settings\Adam.ADAMK\My Documents\Programming\Switch Skate\Layouts\Backups\File Backups\public_html\forums\images\greenwave\bb_hide.gif <-- Switch Skate /public_html/forums/images/greenwave bb_hide.gif
2005.08.29 22:46 B C:\Documents and Settings\Adam.ADAMK\My Documents\Programming\Switch Skate\Layouts\Backups\File Backups\public_html\forums\images\greenwave\bb_image.gif <-- Switch Skate /public_html/forums/images/greenwave bb_image.gif
2005.08.29 22:46 B C:\Documents and Settings\Adam.ADAMK\My Documents\Programming\Switch Skate\Layouts\Backups\File Backups\public_html\forums\images\greenwave\bb_italicize.gif <-- Switch Skate /public_html/forums/images/greenwave bb_italicize.gif
2005.08.29 22:46 B C:\Documents and Settings\Adam.ADAMK\My Documents\Programming\Switch Skate\Layouts\Backups\File Backups\public_html\forums\images\greenwave\bb_list.gif <-- Switch Skate /public_html/forums/images/greenwave bb_list.gif
2005.08.29 22:46 B C:\Documents and Settings\Adam.ADAMK\My Documents\Programming\Switch Skate\Layouts\Backups\File Backups\public_html\forums\images\greenwave\bb_quote.gif <-- Switch Skate /public_html/forums/images/greenwave bb_quote.gif
2005.08.29 22:47 B C:\Documents and Settings\Adam.ADAMK\My Documents\Programming\Switch Skate\Layouts\Backups\File Backups\public_html\forums\images\greenwave\bb_underline.gif <-- Switch Skate /public_html/forums/images/greenwave bb_underline.gif
2005.08.29 22:47 B C:\Documents and Settings\Adam.ADAMK\My Documents\Programming\Switch Skate\Layouts\Backups\File Backups\public_html\forums\images\greenwave\bb_url.gif <-- Switch Skate /public_html/forums/images/greenwave bb_url.gif
2005.08.29 22:47 B C:\Documents and Settings\Adam.ADAMK\My Documents\Programming\Switch Skate\Layouts\Backups\File Backups\public_html\forums\images\greenwave\bbrules.gif <-- Switch Skate /public_html/forums/images/greenwave bbrules.gif
2005.08.29 22:47 B C:\Documents and Settings\Adam.ADAMK\My Documents\Programming\Switch Skate\Layouts\Backups\File Backups\public_html\forums\images\greenwave\catbar.gif <-- Switch Skate /public_html/forums/images/greenwave catbar.gif
2005.08.29 22:47 B C:\Documents and Settings\Adam.ADAMK\My Documents\Programming\Switch Skate\Layouts\Backups\File Backups\public_html\forums\images\greenwave\dot_folder.gif <-- Switch Skate /public_html/forums/images/greenwave dot_folder.gif
2005.08.29 22:47 B C:\Documents and Settings\Adam.ADAMK\My Documents\Programming\Switch Skate\Layouts\Backups\File Backups\public_html\forums\images\greenwave\dot_hot_folder.gif <-- Switch Skate /public_html/forums/images/greenwave dot_hot_folder.gif
2005.08.29 22:47 B C:\Documents and Settings\Adam.ADAMK\My Documents\Programming\Switch Skate\Layouts\Backups\File Backups\public_html\forums\images\greenwave\dot_hot_red_folder.gif <-- Switch Skate /public_html/forums/images/greenwave dot_hot_red_folder.gif
2005.08.29 22:47 B C:\Documents and Settings\Adam.ADAMK\My Documents\Programming\Switch Skate\Layouts\Backups\File Backups\public_html\forums\images\greenwave\dot_red_folder.gif <-- Switch Skate /public_html/forums/images/greenwave dot_red_folder.gif
2005.08.29 22:47 B C:\Documents and Settings\Adam.ADAMK\My Documents\Programming\Switch Skate\Layouts\Backups\File Backups\public_html\forums\images\greenwave\edit.gif <-- Switch Skate /public_html/forums/images/greenwave edit.gif
2005.08.29 22:47 B C:\Documents and Settings\Adam.ADAMK\My Documents\Programming\Switch Skate\Layouts\Backups\File Backups\public_html\forums\images\greenwave\email.gif <-- Switch Skate /public_html/forums/images/greenwave email.gif
2005.08.29 22:47 B C:\Documents and Settings\Adam.ADAMK\My Documents\Programming\Switch Skate\Layouts\Backups\File Backups\public_html\forums\images\greenwave\faq.gif <-- Switch Skate /public_html/forums/images/greenwave faq.gif
2005.08.29 22:47 B C:\Documents and Settings\Adam.ADAMK\My Documents\Programming\Switch Skate\Layouts\Backups\File Backups\public_html\forums\images\greenwave\find.gif <-- Switch Skate /public_html/forums/images/greenwave find.gif
2005.08.29 22:47 B C:\Documents and Settings\Adam.ADAMK\My Documents\Programming\Switch Skate\Layouts\Backups\File Backups\public_html\forums\images\greenwave\folder.gif <-- Switch Skate /public_html/forums/images/greenwave folder.gif
2005.08.29 22:47 B C:\Documents and Settings\Adam.ADAMK\My Documents\Programming\Switch Skate\Layouts\Backups\File Backups\public_html\forums\images\greenwave\g.gif <-- Switch Skate /public_html/forums/images/greenwave g.gif
2005.08.29 22:47 B C:\Documents and Settings\Adam.ADAMK\My Documents\Programming\Switch Skate\Layouts\Backups\File Backups\public_html\forums\images\greenwave\header.gif <-- Switch Skate /public_html/forums/images/greenwave header.gif
2005.08.29 22:47 B C:\Documents and Settings\Adam.ADAMK\My Documents\Programming\Switch Skate\Layouts\Backups\File Backups\public_html\forums\images\greenwave\home.gif <-- Switch Skate /public_html/forums/images/greenwave home.gif
2005.08.29 22:47 B C:\Documents and Settings\Adam.ADAMK\My Documents\Programming\Switch Skate\Layouts\Backups\File Backups\public_html\forums\images\greenwave\hot_folder.gif <-- Switch Skate /public_html/forums/images/greenwave hot_folder.gif
2005.08.29 22:47 B C:\Documents and Settings\Adam.ADAMK\My Documents\Programming\Switch Skate\Layouts\Backups\File Backups\public_html\forums\images\greenwave\hot_red_folder.gif <-- Switch Skate /public_html/forums/images/greenwave hot_red_folder.gif
2005.08.29 22:47 B C:\Documents and Settings\Adam.ADAMK\My Documents\Programming\Switch Skate\Layouts\Backups\File Backups\public_html\forums\images\greenwave\icq_add.gif <-- Switch Skate /public_html/forums/images/greenwave icq_add.gif
2005.08.29 22:47 B C:\Documents and Settings\Adam.ADAMK\My Documents\Programming\Switch Skate\Layouts\Backups\File Backups\public_html\forums\images\greenwave\inbox.gif <-- Switch Skate /public_html/forums/images/greenwave inbox.gif
2005.08.29 22:47 B C:\Documents and Settings\Adam.ADAMK\My Documents\Programming\Switch Skate\Layouts\Backups\File Backups\public_html\forums\images\greenwave\ip.gif <-- Switch Skate /public_html/forums/images/greenwave ip.gif
2005.08.29 22:47 B C:\Documents and Settings\Adam.ADAMK\My Documents\Programming\Switch Skate\Layouts\Backups\File Backups\public_html\forums\images\greenwave\ipost.gif <-- Switch Skate /public_html/forums/images/greenwave ipost.gif
2005.08.29 22:47 B C:\Documents and Settings\Adam.ADAMK\My Documents\Programming\Switch Skate\Layouts\Backups\File Backups\public_html\forums\images\greenwave\lastpost.gif <-- Switch Skate /public_html/forums/images/greenwave lastpost.gif
2005.08.29 22:47 B C:\Documents and Settings\Adam.ADAMK\My Documents\Programming\Switch Skate\Layouts\Backups\File Backups\public_html\forums\images\greenwave\lock_folder.gif <-- Switch Skate /public_html/forums/images/greenwave lock_folder.gif
2005.08.29 22:47 B C:\Documents and Settings\Adam.ADAMK\My Documents\Programming\Switch Skate\Layouts\Backups\File Backups\public_html\forums\images\greenwave\locku2u.gif <-- Switch Skate /public_html/forums/images/greenwave locku2u.gif
2005.08.29 22:47 B C:\Documents and Settings\Adam.ADAMK\My Documents\Programming\Switch Skate\Layouts\Backups\File Backups\public_html\forums\images\greenwave\members_list.gif <-- Switch Skate /public_html/forums/images/greenwave members_list.gif
2005.08.29 22:47 B C:\Documents and Settings\Adam.ADAMK\My Documents\Programming\Switch Skate\Layouts\Backups\File Backups\public_html\forums\images\greenwave\msn.gif <-- Switch Skate /public_html/forums/images/greenwave msn.gif
2005.08.29 22:47 B C:\Documents and Settings\Adam.ADAMK\My Documents\Programming\Switch Skate\Layouts\Backups\File Backups\public_html\forums\images\greenwave\newbankrequest.gif <-- Switch Skate /public_html/forums/images/greenwave newbankrequest.gif
2005.08.29 22:47 B C:\Documents and Settings\Adam.ADAMK\My Documents\Programming\Switch Skate\Layouts\Backups\File Backups\public_html\forums\images\greenwave\newmessage.gif <-- Switch Skate /public_html/forums/images/greenwave newmessage.gif
2005.08.29 22:47 B C:\Documents and Settings\Adam.ADAMK\My Documents\Programming\Switch Skate\Layouts\Backups\File Backups\public_html\forums\images\greenwave\newtopic.gif <-- Switch Skate /public_html/forums/images/greenwave newtopic.gif
2005.08.29 22:47 B C:\Documents and Settings\Adam.ADAMK\My Documents\Programming\Switch Skate\Layouts\Backups\File Backups\public_html\forums\images\greenwave\newu2u.gif <-- Switch Skate /public_html/forums/images/greenwave newu2u.gif
2005.08.29 22:47 B C:\Documents and Settings\Adam.ADAMK\My Documents\Programming\Switch Skate\Layouts\Backups\File Backups\public_html\forums\images\greenwave\online.gif <-- Switch Skate /public_html/forums/images/greenwave online.gif
2005.08.29 22:47 B C:\Documents and Settings\Adam.ADAMK\My Documents\Programming\Switch Skate\Layouts\Backups\File Backups\public_html\forums\images\greenwave\online_guest.gif <-- Switch Skate /public_html/forums/images/greenwave online_guest.gif
2005.08.29 22:47 B C:\Documents and Settings\Adam.ADAMK\My Documents\Programming\Switch Skate\Layouts\Backups\File Backups\public_html\forums\images\greenwave\outbox.gif <-- Switch Skate /public_html/forums/images/greenwave outbox.gif
2005.08.29 22:47 B C:\Documents and Settings\Adam.ADAMK\My Documents\Programming\Switch Skate\Layouts\Backups\File Backups\public_html\forums\images\greenwave\pin.gif <-- Switch Skate /public_html/forums/images/greenwave pin.gif
2005.08.29 22:47 B C:\Documents and Settings\Adam.ADAMK\My Documents\Programming\Switch Skate\Layouts\Backups\File Backups\public_html\forums\images\greenwave\pixel.gif <-- Switch Skate /public_html/forums/images/greenwave pixel.gif
2005.08.29 22:47 B C:\Documents and Settings\Adam.ADAMK\My Documents\Programming\Switch Skate\Layouts\Backups\File Backups\public_html\forums\images\greenwave\poll.gif <-- Switch Skate /public_html/forums/images/greenwave poll.gif
2005.08.29 22:47 B C:\Documents and Settings\Adam.ADAMK\My Documents\Programming\Switch Skate\Layouts\Backups\File Backups\public_html\forums\images\greenwave\pollbar-e.gif <-- Switch Skate /public_html/forums/images/greenwave pollbar-e.gif
2005.08.29 22:47 B C:\Documents and Settings\Adam.ADAMK\My Documents\Programming\Switch Skate\Layouts\Backups\File Backups\public_html\forums\images\greenwave\pollbar-s.gif <-- Switch Skate /public_html/forums/images/greenwave pollbar-s.gif
2005.08.29 22:47 B C:\Documents and Settings\Adam.ADAMK\My Documents\Programming\Switch Skate\Layouts\Backups\File Backups\public_html\forums\images\greenwave\pollbar.gif <-- Switch Skate /public_html/forums/images/greenwave pollbar.gif
2005.08.29 22:47 B C:\Documents and Settings\Adam.ADAMK\My Documents\Programming\Switch Skate\Layouts\Backups\File Backups\public_html\forums\images\greenwave\pollsmall.gif <-- Switch Skate /public_html/forums/images/greenwave pollsmall.gif
2005.08.29 22:47 B C:\Documents and Settings\Adam.ADAMK\My Documents\Programming\Switch Skate\Layouts\Backups\File Backups\public_html\forums\images\greenwave\profile.gif <-- Switch Skate /public_html/forums/images/greenwave profile.gif
2005.08.29 22:47 B C:\Documents and Settings\Adam.ADAMK\My Documents\Programming\Switch Skate\Layouts\Backups\File Backups\public_html\forums\images\greenwave\quote.gif <-- Switch Skate /public_html/forums/images/greenwave quote.gif
2005.08.29 22:47 B C:\Documents and Settings\Adam.ADAMK\My Documents\Programming\Switch Skate\Layouts\Backups\File Backups\public_html\forums\images\greenwave\red_folder.gif <-- Switch Skate /public_html/forums/images/greenwave red_folder.gif
2005.08.29 22:47 B C:\Documents and Settings\Adam.ADAMK\My Documents\Programming\Switch Skate\Layouts\Backups\File Backups\public_html\forums\images\greenwave\red_hot_folder.gif <-- Switch Skate /public_html/forums/images/greenwave red_hot_folder.gif
2005.08.29 22:47 B C:\Documents and Settings\Adam.ADAMK\My Documents\Programming\Switch Skate\Layouts\Backups\File Backups\public_html\forums\images\greenwave\reply.gif <-- Switch Skate /public_html/forums/images/greenwave reply.gif
2005.08.29 22:47 B C:\Documents and Settings\Adam.ADAMK\My Documents\Programming\Switch Skate\Layouts\Backups\File Backups\public_html\forums\images\greenwave\report.gif <-- Switch Skate /public_html/forums/images/greenwave report.gif
2005.08.29 22:47 B C:\Documents and Settings\Adam.ADAMK\My Documents\Programming\Switch Skate\Layouts\Backups\File Backups\public_html\forums\images\greenwave\search.gif <-- Switch Skate /public_html/forums/images/greenwave search.gif
2005.08.29 22:47 B C:\Documents and Settings\Adam.ADAMK\My Documents\Programming\Switch Skate\Layouts\Backups\File Backups\public_html\forums\images\greenwave\site.gif <-- Switch Skate /public_html/forums/images/greenwave site.gif
2005.08.29 22:47 B C:\Documents and Settings\Adam.ADAMK\My Documents\Programming\Switch Skate\Layouts\Backups\File Backups\public_html\forums\images\greenwave\star.gif <-- Switch Skate /public_html/forums/images/greenwave star.gif
2005.08.29 22:47 B C:\Documents and Settings\Adam.ADAMK\My Documents\Programming\Switch Skate\Layouts\Backups\File Backups\public_html\forums\images\greenwave\stats.gif <-- Switch Skate /public_html/forums/images/greenwave stats.gif
2005.08.29 22:47 B C:\Documents and Settings\Adam.ADAMK\My Documents\Programming\Switch Skate\Layouts\Backups\File Backups\public_html\forums\images\greenwave\Thumbs.db <-- Switch Skate /public_html/forums/images/greenwave Thumbs.db
2005.08.29 22:47 B C:\Documents and Settings\Adam.ADAMK\My Documents\Programming\Switch Skate\Layouts\Backups\File Backups\public_html\forums\images\greenwave\todays_posts.gif <-- Switch Skate /public_html/forums/images/greenwave todays_posts.gif
2005.08.29 22:47 B C:\Documents and Settings\Adam.ADAMK\My Documents\Programming\Switch Skate\Layouts\Backups\File Backups\public_html\forums\images\greenwave\u2u.gif <-- Switch Skate /public_html/forums/images/greenwave u2u.gif
2005.08.29 22:47 B C:\Documents and Settings\Adam.ADAMK\My Documents\Programming\Switch Skate\Layouts\Backups\File Backups\public_html\forums\images\greenwave\u2u_in.gif <-- Switch Skate /public_html/forums/images/greenwave u2u_in.gif
2005.08.29 22:47 B C:\Documents and Settings\Adam.ADAMK\My Documents\Programming\Switch Skate\Layouts\Backups\File Backups\public_html\forums\images\greenwave\u2u_none.gif <-- Switch Skate /public_html/forums/images/greenwave u2u_none.gif
2005.08.29 22:47 B C:\Documents and Settings\Adam.ADAMK\My Documents\Programming\Switch Skate\Layouts\Backups\File Backups\public_html\forums\images\greenwave\yahoo.gif <-- Switch Skate /public_html/forums/images/greenwave yahoo.gif
