2005.08.29 22:50 B C:\Documents and Settings\Adam.ADAMK\My Documents\Programming\Switch Skate\Layouts\Backups\File Backups\public_html\forums\images\halo\address.gif <-- Switch Skate /public_html/forums/images/halo address.gif
2005.08.29 22:50 B C:\Documents and Settings\Adam.ADAMK\My Documents\Programming\Switch Skate\Layouts\Backups\File Backups\public_html\forums\images\halo\aim.gif <-- Switch Skate /public_html/forums/images/halo aim.gif
2005.08.29 22:50 B C:\Documents and Settings\Adam.ADAMK\My Documents\Programming\Switch Skate\Layouts\Backups\File Backups\public_html\forums\images\halo\arrow_dw.gif <-- Switch Skate /public_html/forums/images/halo arrow_dw.gif
2005.08.29 22:50 B C:\Documents and Settings\Adam.ADAMK\My Documents\Programming\Switch Skate\Layouts\Backups\File Backups\public_html\forums\images\halo\arrow_up.gif <-- Switch Skate /public_html/forums/images/halo arrow_up.gif
2005.08.29 22:50 B C:\Documents and Settings\Adam.ADAMK\My Documents\Programming\Switch Skate\Layouts\Backups\File Backups\public_html\forums\images\halo\b.gif <-- Switch Skate /public_html/forums/images/halo b.gif
2005.08.29 22:50 B C:\Documents and Settings\Adam.ADAMK\My Documents\Programming\Switch Skate\Layouts\Backups\File Backups\public_html\forums\images\halo\bar.gif <-- Switch Skate /public_html/forums/images/halo bar.gif
2005.08.29 22:51 B C:\Documents and Settings\Adam.ADAMK\My Documents\Programming\Switch Skate\Layouts\Backups\File Backups\public_html\forums\images\halo\bb_bold.gif <-- Switch Skate /public_html/forums/images/halo bb_bold.gif
2005.08.29 22:51 B C:\Documents and Settings\Adam.ADAMK\My Documents\Programming\Switch Skate\Layouts\Backups\File Backups\public_html\forums\images\halo\bb_center.gif <-- Switch Skate /public_html/forums/images/halo bb_center.gif
2005.08.29 22:51 B C:\Documents and Settings\Adam.ADAMK\My Documents\Programming\Switch Skate\Layouts\Backups\File Backups\public_html\forums\images\halo\bb_code.gif <-- Switch Skate /public_html/forums/images/halo bb_code.gif
2005.08.29 22:51 B C:\Documents and Settings\Adam.ADAMK\My Documents\Programming\Switch Skate\Layouts\Backups\File Backups\public_html\forums\images\halo\bb_email.gif <-- Switch Skate /public_html/forums/images/halo bb_email.gif
2005.08.29 22:51 B C:\Documents and Settings\Adam.ADAMK\My Documents\Programming\Switch Skate\Layouts\Backups\File Backups\public_html\forums\images\halo\bb_hide.gif <-- Switch Skate /public_html/forums/images/halo bb_hide.gif
2005.08.29 22:51 B C:\Documents and Settings\Adam.ADAMK\My Documents\Programming\Switch Skate\Layouts\Backups\File Backups\public_html\forums\images\halo\bb_image.gif <-- Switch Skate /public_html/forums/images/halo bb_image.gif
2005.08.29 22:51 B C:\Documents and Settings\Adam.ADAMK\My Documents\Programming\Switch Skate\Layouts\Backups\File Backups\public_html\forums\images\halo\bb_italicize.gif <-- Switch Skate /public_html/forums/images/halo bb_italicize.gif
2005.08.29 22:51 B C:\Documents and Settings\Adam.ADAMK\My Documents\Programming\Switch Skate\Layouts\Backups\File Backups\public_html\forums\images\halo\bb_list.gif <-- Switch Skate /public_html/forums/images/halo bb_list.gif
2005.08.29 22:51 B C:\Documents and Settings\Adam.ADAMK\My Documents\Programming\Switch Skate\Layouts\Backups\File Backups\public_html\forums\images\halo\bb_quote.gif <-- Switch Skate /public_html/forums/images/halo bb_quote.gif
2005.08.29 22:51 B C:\Documents and Settings\Adam.ADAMK\My Documents\Programming\Switch Skate\Layouts\Backups\File Backups\public_html\forums\images\halo\bb_underline.gif <-- Switch Skate /public_html/forums/images/halo bb_underline.gif
2005.08.29 22:51 B C:\Documents and Settings\Adam.ADAMK\My Documents\Programming\Switch Skate\Layouts\Backups\File Backups\public_html\forums\images\halo\bb_url.gif <-- Switch Skate /public_html/forums/images/halo bb_url.gif
2005.08.29 22:51 B C:\Documents and Settings\Adam.ADAMK\My Documents\Programming\Switch Skate\Layouts\Backups\File Backups\public_html\forums\images\halo\bbrules.gif <-- Switch Skate /public_html/forums/images/halo bbrules.gif
2005.08.29 22:51 B C:\Documents and Settings\Adam.ADAMK\My Documents\Programming\Switch Skate\Layouts\Backups\File Backups\public_html\forums\images\halo\catbg.gif <-- Switch Skate /public_html/forums/images/halo catbg.gif
2005.08.29 22:51 B C:\Documents and Settings\Adam.ADAMK\My Documents\Programming\Switch Skate\Layouts\Backups\File Backups\public_html\forums\images\halo\chat.gif <-- Switch Skate /public_html/forums/images/halo chat.gif
2005.08.29 22:51 B C:\Documents and Settings\Adam.ADAMK\My Documents\Programming\Switch Skate\Layouts\Backups\File Backups\public_html\forums\images\halo\dot_folder.gif <-- Switch Skate /public_html/forums/images/halo dot_folder.gif
2005.08.29 22:51 B C:\Documents and Settings\Adam.ADAMK\My Documents\Programming\Switch Skate\Layouts\Backups\File Backups\public_html\forums\images\halo\dot_hot_folder.gif <-- Switch Skate /public_html/forums/images/halo dot_hot_folder.gif
2005.08.29 22:51 B C:\Documents and Settings\Adam.ADAMK\My Documents\Programming\Switch Skate\Layouts\Backups\File Backups\public_html\forums\images\halo\dot_hot_red_folder.gif <-- Switch Skate /public_html/forums/images/halo dot_hot_red_folder.gif
2005.08.29 22:51 B C:\Documents and Settings\Adam.ADAMK\My Documents\Programming\Switch Skate\Layouts\Backups\File Backups\public_html\forums\images\halo\dot_red_folder.gif <-- Switch Skate /public_html/forums/images/halo dot_red_folder.gif
2005.08.29 22:51 B C:\Documents and Settings\Adam.ADAMK\My Documents\Programming\Switch Skate\Layouts\Backups\File Backups\public_html\forums\images\halo\downloads.gif <-- Switch Skate /public_html/forums/images/halo downloads.gif
2005.08.29 22:51 B C:\Documents and Settings\Adam.ADAMK\My Documents\Programming\Switch Skate\Layouts\Backups\File Backups\public_html\forums\images\halo\edit.gif <-- Switch Skate /public_html/forums/images/halo edit.gif
2005.08.29 22:51 B C:\Documents and Settings\Adam.ADAMK\My Documents\Programming\Switch Skate\Layouts\Backups\File Backups\public_html\forums\images\halo\email.gif <-- Switch Skate /public_html/forums/images/halo email.gif
2005.08.29 22:51 B C:\Documents and Settings\Adam.ADAMK\My Documents\Programming\Switch Skate\Layouts\Backups\File Backups\public_html\forums\images\halo\faq.gif <-- Switch Skate /public_html/forums/images/halo faq.gif
2005.08.29 22:51 B C:\Documents and Settings\Adam.ADAMK\My Documents\Programming\Switch Skate\Layouts\Backups\File Backups\public_html\forums\images\halo\find.gif <-- Switch Skate /public_html/forums/images/halo find.gif
2005.08.29 22:51 B C:\Documents and Settings\Adam.ADAMK\My Documents\Programming\Switch Skate\Layouts\Backups\File Backups\public_html\forums\images\halo\folder.gif <-- Switch Skate /public_html/forums/images/halo folder.gif
2005.08.29 22:51 B C:\Documents and Settings\Adam.ADAMK\My Documents\Programming\Switch Skate\Layouts\Backups\File Backups\public_html\forums\images\halo\forumhead2.gif <-- Switch Skate /public_html/forums/images/halo forumhead2.gif
2005.08.29 22:51 B C:\Documents and Settings\Adam.ADAMK\My Documents\Programming\Switch Skate\Layouts\Backups\File Backups\public_html\forums\images\halo\g.gif <-- Switch Skate /public_html/forums/images/halo g.gif
2005.08.29 22:51 B C:\Documents and Settings\Adam.ADAMK\My Documents\Programming\Switch Skate\Layouts\Backups\File Backups\public_html\forums\images\halo\HALO+2-theme.xmb <-- Switch Skate /public_html/forums/images/halo HALO+2-theme.xmb
2005.08.29 22:51 B C:\Documents and Settings\Adam.ADAMK\My Documents\Programming\Switch Skate\Layouts\Backups\File Backups\public_html\forums\images\halo\home.gif <-- Switch Skate /public_html/forums/images/halo home.gif
2005.08.29 22:51 B C:\Documents and Settings\Adam.ADAMK\My Documents\Programming\Switch Skate\Layouts\Backups\File Backups\public_html\forums\images\halo\hot_folder.gif <-- Switch Skate /public_html/forums/images/halo hot_folder.gif
2005.08.29 22:51 B C:\Documents and Settings\Adam.ADAMK\My Documents\Programming\Switch Skate\Layouts\Backups\File Backups\public_html\forums\images\halo\hot_red_folder.gif <-- Switch Skate /public_html/forums/images/halo hot_red_folder.gif
2005.08.29 22:51 B C:\Documents and Settings\Adam.ADAMK\My Documents\Programming\Switch Skate\Layouts\Backups\File Backups\public_html\forums\images\halo\icq_add.gif <-- Switch Skate /public_html/forums/images/halo icq_add.gif
2005.08.29 22:51 B C:\Documents and Settings\Adam.ADAMK\My Documents\Programming\Switch Skate\Layouts\Backups\File Backups\public_html\forums\images\halo\inbox.gif <-- Switch Skate /public_html/forums/images/halo inbox.gif
2005.08.29 22:51 B C:\Documents and Settings\Adam.ADAMK\My Documents\Programming\Switch Skate\Layouts\Backups\File Backups\public_html\forums\images\halo\index.htm <-- Switch Skate /public_html/forums/images/halo index.htm
2005.08.29 22:51 B C:\Documents and Settings\Adam.ADAMK\My Documents\Programming\Switch Skate\Layouts\Backups\File Backups\public_html\forums\images\halo\ip.gif <-- Switch Skate /public_html/forums/images/halo ip.gif
2005.08.29 22:51 B C:\Documents and Settings\Adam.ADAMK\My Documents\Programming\Switch Skate\Layouts\Backups\File Backups\public_html\forums\images\halo\ipost.gif <-- Switch Skate /public_html/forums/images/halo ipost.gif
2005.08.29 22:51 B C:\Documents and Settings\Adam.ADAMK\My Documents\Programming\Switch Skate\Layouts\Backups\File Backups\public_html\forums\images\halo\lastpost.gif <-- Switch Skate /public_html/forums/images/halo lastpost.gif
2005.08.29 22:51 B C:\Documents and Settings\Adam.ADAMK\My Documents\Programming\Switch Skate\Layouts\Backups\File Backups\public_html\forums\images\halo\lock_folder.gif <-- Switch Skate /public_html/forums/images/halo lock_folder.gif
2005.08.29 22:51 B C:\Documents and Settings\Adam.ADAMK\My Documents\Programming\Switch Skate\Layouts\Backups\File Backups\public_html\forums\images\halo\locku2u.gif <-- Switch Skate /public_html/forums/images/halo locku2u.gif
2005.08.29 22:51 B C:\Documents and Settings\Adam.ADAMK\My Documents\Programming\Switch Skate\Layouts\Backups\File Backups\public_html\forums\images\halo\members_list.gif <-- Switch Skate /public_html/forums/images/halo members_list.gif
2005.08.29 22:51 B C:\Documents and Settings\Adam.ADAMK\My Documents\Programming\Switch Skate\Layouts\Backups\File Backups\public_html\forums\images\halo\msn.gif <-- Switch Skate /public_html/forums/images/halo msn.gif
2005.08.29 22:51 B C:\Documents and Settings\Adam.ADAMK\My Documents\Programming\Switch Skate\Layouts\Backups\File Backups\public_html\forums\images\halo\newmessage.gif <-- Switch Skate /public_html/forums/images/halo newmessage.gif
2005.08.29 22:51 B C:\Documents and Settings\Adam.ADAMK\My Documents\Programming\Switch Skate\Layouts\Backups\File Backups\public_html\forums\images\halo\newtopic.gif <-- Switch Skate /public_html/forums/images/halo newtopic.gif
2005.08.29 22:51 B C:\Documents and Settings\Adam.ADAMK\My Documents\Programming\Switch Skate\Layouts\Backups\File Backups\public_html\forums\images\halo\newu2u.gif <-- Switch Skate /public_html/forums/images/halo newu2u.gif
2005.08.29 22:51 B C:\Documents and Settings\Adam.ADAMK\My Documents\Programming\Switch Skate\Layouts\Backups\File Backups\public_html\forums\images\halo\online.gif <-- Switch Skate /public_html/forums/images/halo online.gif
2005.08.29 22:51 B C:\Documents and Settings\Adam.ADAMK\My Documents\Programming\Switch Skate\Layouts\Backups\File Backups\public_html\forums\images\halo\online_guest.gif <-- Switch Skate /public_html/forums/images/halo online_guest.gif
2005.08.29 22:51 B C:\Documents and Settings\Adam.ADAMK\My Documents\Programming\Switch Skate\Layouts\Backups\File Backups\public_html\forums\images\halo\outbox.gif <-- Switch Skate /public_html/forums/images/halo outbox.gif
2005.08.29 22:51 B C:\Documents and Settings\Adam.ADAMK\My Documents\Programming\Switch Skate\Layouts\Backups\File Backups\public_html\forums\images\halo\pin.gif <-- Switch Skate /public_html/forums/images/halo pin.gif
2005.08.29 22:51 B C:\Documents and Settings\Adam.ADAMK\My Documents\Programming\Switch Skate\Layouts\Backups\File Backups\public_html\forums\images\halo\pixel.gif <-- Switch Skate /public_html/forums/images/halo pixel.gif
2005.08.29 22:51 B C:\Documents and Settings\Adam.ADAMK\My Documents\Programming\Switch Skate\Layouts\Backups\File Backups\public_html\forums\images\halo\poll.gif <-- Switch Skate /public_html/forums/images/halo poll.gif
2005.08.29 22:51 B C:\Documents and Settings\Adam.ADAMK\My Documents\Programming\Switch Skate\Layouts\Backups\File Backups\public_html\forums\images\halo\pollbar-e.gif <-- Switch Skate /public_html/forums/images/halo pollbar-e.gif
2005.08.29 22:51 B C:\Documents and Settings\Adam.ADAMK\My Documents\Programming\Switch Skate\Layouts\Backups\File Backups\public_html\forums\images\halo\pollbar-s.gif <-- Switch Skate /public_html/forums/images/halo pollbar-s.gif
2005.08.29 22:51 B C:\Documents and Settings\Adam.ADAMK\My Documents\Programming\Switch Skate\Layouts\Backups\File Backups\public_html\forums\images\halo\pollbar.gif <-- Switch Skate /public_html/forums/images/halo pollbar.gif
2005.08.29 22:51 B C:\Documents and Settings\Adam.ADAMK\My Documents\Programming\Switch Skate\Layouts\Backups\File Backups\public_html\forums\images\halo\pollsmall.gif <-- Switch Skate /public_html/forums/images/halo pollsmall.gif
2005.08.29 22:51 B C:\Documents and Settings\Adam.ADAMK\My Documents\Programming\Switch Skate\Layouts\Backups\File Backups\public_html\forums\images\halo\profile.gif <-- Switch Skate /public_html/forums/images/halo profile.gif
2005.08.29 22:51 B C:\Documents and Settings\Adam.ADAMK\My Documents\Programming\Switch Skate\Layouts\Backups\File Backups\public_html\forums\images\halo\quote.gif <-- Switch Skate /public_html/forums/images/halo quote.gif
2005.08.29 22:51 B C:\Documents and Settings\Adam.ADAMK\My Documents\Programming\Switch Skate\Layouts\Backups\File Backups\public_html\forums\images\halo\red_folder.gif <-- Switch Skate /public_html/forums/images/halo red_folder.gif
2005.08.29 22:51 B C:\Documents and Settings\Adam.ADAMK\My Documents\Programming\Switch Skate\Layouts\Backups\File Backups\public_html\forums\images\halo\reply.gif <-- Switch Skate /public_html/forums/images/halo reply.gif
2005.08.29 22:51 B C:\Documents and Settings\Adam.ADAMK\My Documents\Programming\Switch Skate\Layouts\Backups\File Backups\public_html\forums\images\halo\report.gif <-- Switch Skate /public_html/forums/images/halo report.gif
2005.08.29 22:51 B C:\Documents and Settings\Adam.ADAMK\My Documents\Programming\Switch Skate\Layouts\Backups\File Backups\public_html\forums\images\halo\search.gif <-- Switch Skate /public_html/forums/images/halo search.gif
2005.08.29 22:51 B C:\Documents and Settings\Adam.ADAMK\My Documents\Programming\Switch Skate\Layouts\Backups\File Backups\public_html\forums\images\halo\site.gif <-- Switch Skate /public_html/forums/images/halo site.gif
2005.08.29 22:51 B C:\Documents and Settings\Adam.ADAMK\My Documents\Programming\Switch Skate\Layouts\Backups\File Backups\public_html\forums\images\halo\star.gif <-- Switch Skate /public_html/forums/images/halo star.gif
2005.08.29 22:51 B C:\Documents and Settings\Adam.ADAMK\My Documents\Programming\Switch Skate\Layouts\Backups\File Backups\public_html\forums\images\halo\stats.gif <-- Switch Skate /public_html/forums/images/halo stats.gif
2005.08.29 22:51 B C:\Documents and Settings\Adam.ADAMK\My Documents\Programming\Switch Skate\Layouts\Backups\File Backups\public_html\forums\images\halo\todays_posts.gif <-- Switch Skate /public_html/forums/images/halo todays_posts.gif
2005.08.29 22:51 B C:\Documents and Settings\Adam.ADAMK\My Documents\Programming\Switch Skate\Layouts\Backups\File Backups\public_html\forums\images\halo\top.gif <-- Switch Skate /public_html/forums/images/halo top.gif
2005.08.29 22:51 B C:\Documents and Settings\Adam.ADAMK\My Documents\Programming\Switch Skate\Layouts\Backups\File Backups\public_html\forums\images\halo\top.jpg <-- Switch Skate /public_html/forums/images/halo top.jpg
2005.08.29 22:51 B C:\Documents and Settings\Adam.ADAMK\My Documents\Programming\Switch Skate\Layouts\Backups\File Backups\public_html\forums\images\halo\top.psd <-- Switch Skate /public_html/forums/images/halo top.psd
2005.08.29 22:51 B C:\Documents and Settings\Adam.ADAMK\My Documents\Programming\Switch Skate\Layouts\Backups\File Backups\public_html\forums\images\halo\u2u.gif <-- Switch Skate /public_html/forums/images/halo u2u.gif
2005.08.29 22:51 B C:\Documents and Settings\Adam.ADAMK\My Documents\Programming\Switch Skate\Layouts\Backups\File Backups\public_html\forums\images\halo\u2u_in.gif <-- Switch Skate /public_html/forums/images/halo u2u_in.gif
2005.08.29 22:51 B C:\Documents and Settings\Adam.ADAMK\My Documents\Programming\Switch Skate\Layouts\Backups\File Backups\public_html\forums\images\halo\u2u_none.gif <-- Switch Skate /public_html/forums/images/halo u2u_none.gif
2005.08.29 22:52 B C:\Documents and Settings\Adam.ADAMK\My Documents\Programming\Switch Skate\Layouts\Backups\File Backups\public_html\forums\images\halo\yahoo.gif <-- Switch Skate /public_html/forums/images/halo yahoo.gif
