2005.08.29 22:40 B C:\Documents and Settings\Adam.ADAMK\My Documents\Programming\Switch Skate\Layouts\Backups\File Backups\public_html\forums\images\demiZeSpliff\address.gif <-- Switch Skate /public_html/forums/images/demiZeSpliff address.gif
2005.08.29 22:40 B C:\Documents and Settings\Adam.ADAMK\My Documents\Programming\Switch Skate\Layouts\Backups\File Backups\public_html\forums\images\demiZeSpliff\aim.gif <-- Switch Skate /public_html/forums/images/demiZeSpliff aim.gif
2005.08.29 22:40 B C:\Documents and Settings\Adam.ADAMK\My Documents\Programming\Switch Skate\Layouts\Backups\File Backups\public_html\forums\images\demiZeSpliff\arrow_dw.gif <-- Switch Skate /public_html/forums/images/demiZeSpliff arrow_dw.gif
2005.08.29 22:40 B C:\Documents and Settings\Adam.ADAMK\My Documents\Programming\Switch Skate\Layouts\Backups\File Backups\public_html\forums\images\demiZeSpliff\arrow_up.gif <-- Switch Skate /public_html/forums/images/demiZeSpliff arrow_up.gif
2005.08.29 22:40 B C:\Documents and Settings\Adam.ADAMK\My Documents\Programming\Switch Skate\Layouts\Backups\File Backups\public_html\forums\images\demiZeSpliff\b.gif <-- Switch Skate /public_html/forums/images/demiZeSpliff b.gif
2005.08.29 22:40 B C:\Documents and Settings\Adam.ADAMK\My Documents\Programming\Switch Skate\Layouts\Backups\File Backups\public_html\forums\images\demiZeSpliff\bb_bold.gif <-- Switch Skate /public_html/forums/images/demiZeSpliff bb_bold.gif
2005.08.29 22:40 B C:\Documents and Settings\Adam.ADAMK\My Documents\Programming\Switch Skate\Layouts\Backups\File Backups\public_html\forums\images\demiZeSpliff\bb_center.gif <-- Switch Skate /public_html/forums/images/demiZeSpliff bb_center.gif
2005.08.29 22:40 B C:\Documents and Settings\Adam.ADAMK\My Documents\Programming\Switch Skate\Layouts\Backups\File Backups\public_html\forums\images\demiZeSpliff\bb_code.gif <-- Switch Skate /public_html/forums/images/demiZeSpliff bb_code.gif
2005.08.29 22:40 B C:\Documents and Settings\Adam.ADAMK\My Documents\Programming\Switch Skate\Layouts\Backups\File Backups\public_html\forums\images\demiZeSpliff\bb_email.gif <-- Switch Skate /public_html/forums/images/demiZeSpliff bb_email.gif
2005.08.29 22:40 B C:\Documents and Settings\Adam.ADAMK\My Documents\Programming\Switch Skate\Layouts\Backups\File Backups\public_html\forums\images\demiZeSpliff\bb_hide.gif <-- Switch Skate /public_html/forums/images/demiZeSpliff bb_hide.gif
2005.08.29 22:40 B C:\Documents and Settings\Adam.ADAMK\My Documents\Programming\Switch Skate\Layouts\Backups\File Backups\public_html\forums\images\demiZeSpliff\bb_image.gif <-- Switch Skate /public_html/forums/images/demiZeSpliff bb_image.gif
2005.08.29 22:40 B C:\Documents and Settings\Adam.ADAMK\My Documents\Programming\Switch Skate\Layouts\Backups\File Backups\public_html\forums\images\demiZeSpliff\bb_italicize.gif <-- Switch Skate /public_html/forums/images/demiZeSpliff bb_italicize.gif
2005.08.29 22:40 B C:\Documents and Settings\Adam.ADAMK\My Documents\Programming\Switch Skate\Layouts\Backups\File Backups\public_html\forums\images\demiZeSpliff\bb_list.gif <-- Switch Skate /public_html/forums/images/demiZeSpliff bb_list.gif
2005.08.29 22:40 B C:\Documents and Settings\Adam.ADAMK\My Documents\Programming\Switch Skate\Layouts\Backups\File Backups\public_html\forums\images\demiZeSpliff\bb_quote.gif <-- Switch Skate /public_html/forums/images/demiZeSpliff bb_quote.gif
2005.08.29 22:40 B C:\Documents and Settings\Adam.ADAMK\My Documents\Programming\Switch Skate\Layouts\Backups\File Backups\public_html\forums\images\demiZeSpliff\bb_underline.gif <-- Switch Skate /public_html/forums/images/demiZeSpliff bb_underline.gif
2005.08.29 22:40 B C:\Documents and Settings\Adam.ADAMK\My Documents\Programming\Switch Skate\Layouts\Backups\File Backups\public_html\forums\images\demiZeSpliff\bb_url.gif <-- Switch Skate /public_html/forums/images/demiZeSpliff bb_url.gif
2005.08.29 22:40 B C:\Documents and Settings\Adam.ADAMK\My Documents\Programming\Switch Skate\Layouts\Backups\File Backups\public_html\forums\images\demiZeSpliff\bbrules.gif <-- Switch Skate /public_html/forums/images/demiZeSpliff bbrules.gif
2005.08.29 22:40 B C:\Documents and Settings\Adam.ADAMK\My Documents\Programming\Switch Skate\Layouts\Backups\File Backups\public_html\forums\images\demiZeSpliff\catbar.gif <-- Switch Skate /public_html/forums/images/demiZeSpliff catbar.gif
2005.08.29 22:40 B C:\Documents and Settings\Adam.ADAMK\My Documents\Programming\Switch Skate\Layouts\Backups\File Backups\public_html\forums\images\demiZeSpliff\dot_folder.gif <-- Switch Skate /public_html/forums/images/demiZeSpliff dot_folder.gif
2005.08.29 22:40 B C:\Documents and Settings\Adam.ADAMK\My Documents\Programming\Switch Skate\Layouts\Backups\File Backups\public_html\forums\images\demiZeSpliff\dot_hot_folder.gif <-- Switch Skate /public_html/forums/images/demiZeSpliff dot_hot_folder.gif
2005.08.29 22:40 B C:\Documents and Settings\Adam.ADAMK\My Documents\Programming\Switch Skate\Layouts\Backups\File Backups\public_html\forums\images\demiZeSpliff\dot_hot_red_folder.gif <-- Switch Skate /public_html/forums/images/demiZeSpliff dot_hot_red_folder.gif
2005.08.29 22:40 B C:\Documents and Settings\Adam.ADAMK\My Documents\Programming\Switch Skate\Layouts\Backups\File Backups\public_html\forums\images\demiZeSpliff\dot_red_folder.gif <-- Switch Skate /public_html/forums/images/demiZeSpliff dot_red_folder.gif
2005.08.29 22:40 B C:\Documents and Settings\Adam.ADAMK\My Documents\Programming\Switch Skate\Layouts\Backups\File Backups\public_html\forums\images\demiZeSpliff\edit.gif <-- Switch Skate /public_html/forums/images/demiZeSpliff edit.gif
2005.08.29 22:40 B C:\Documents and Settings\Adam.ADAMK\My Documents\Programming\Switch Skate\Layouts\Backups\File Backups\public_html\forums\images\demiZeSpliff\email.gif <-- Switch Skate /public_html/forums/images/demiZeSpliff email.gif
2005.08.29 22:40 B C:\Documents and Settings\Adam.ADAMK\My Documents\Programming\Switch Skate\Layouts\Backups\File Backups\public_html\forums\images\demiZeSpliff\faq.gif <-- Switch Skate /public_html/forums/images/demiZeSpliff faq.gif
2005.08.29 22:41 B C:\Documents and Settings\Adam.ADAMK\My Documents\Programming\Switch Skate\Layouts\Backups\File Backups\public_html\forums\images\demiZeSpliff\find.gif <-- Switch Skate /public_html/forums/images/demiZeSpliff find.gif
2005.08.29 22:41 B C:\Documents and Settings\Adam.ADAMK\My Documents\Programming\Switch Skate\Layouts\Backups\File Backups\public_html\forums\images\demiZeSpliff\folder.gif <-- Switch Skate /public_html/forums/images/demiZeSpliff folder.gif
2005.08.29 22:41 B C:\Documents and Settings\Adam.ADAMK\My Documents\Programming\Switch Skate\Layouts\Backups\File Backups\public_html\forums\images\demiZeSpliff\forumhead2.gif <-- Switch Skate /public_html/forums/images/demiZeSpliff forumhead2.gif
2005.08.29 22:41 B C:\Documents and Settings\Adam.ADAMK\My Documents\Programming\Switch Skate\Layouts\Backups\File Backups\public_html\forums\images\demiZeSpliff\g.gif <-- Switch Skate /public_html/forums/images/demiZeSpliff g.gif
2005.08.29 22:41 B C:\Documents and Settings\Adam.ADAMK\My Documents\Programming\Switch Skate\Layouts\Backups\File Backups\public_html\forums\images\demiZeSpliff\home.gif <-- Switch Skate /public_html/forums/images/demiZeSpliff home.gif
2005.08.29 22:41 B C:\Documents and Settings\Adam.ADAMK\My Documents\Programming\Switch Skate\Layouts\Backups\File Backups\public_html\forums\images\demiZeSpliff\hot_folder.gif <-- Switch Skate /public_html/forums/images/demiZeSpliff hot_folder.gif
2005.08.29 22:41 B C:\Documents and Settings\Adam.ADAMK\My Documents\Programming\Switch Skate\Layouts\Backups\File Backups\public_html\forums\images\demiZeSpliff\hot_red_folder.gif <-- Switch Skate /public_html/forums/images/demiZeSpliff hot_red_folder.gif
2005.08.29 22:41 B C:\Documents and Settings\Adam.ADAMK\My Documents\Programming\Switch Skate\Layouts\Backups\File Backups\public_html\forums\images\demiZeSpliff\icq_add.gif <-- Switch Skate /public_html/forums/images/demiZeSpliff icq_add.gif
2005.08.29 22:41 B C:\Documents and Settings\Adam.ADAMK\My Documents\Programming\Switch Skate\Layouts\Backups\File Backups\public_html\forums\images\demiZeSpliff\inbox.gif <-- Switch Skate /public_html/forums/images/demiZeSpliff inbox.gif
2005.08.29 22:41 B C:\Documents and Settings\Adam.ADAMK\My Documents\Programming\Switch Skate\Layouts\Backups\File Backups\public_html\forums\images\demiZeSpliff\index.html <-- Switch Skate /public_html/forums/images/demiZeSpliff index.html
2005.08.29 22:41 B C:\Documents and Settings\Adam.ADAMK\My Documents\Programming\Switch Skate\Layouts\Backups\File Backups\public_html\forums\images\demiZeSpliff\ip.gif <-- Switch Skate /public_html/forums/images/demiZeSpliff ip.gif
2005.08.29 22:41 B C:\Documents and Settings\Adam.ADAMK\My Documents\Programming\Switch Skate\Layouts\Backups\File Backups\public_html\forums\images\demiZeSpliff\ipost.gif <-- Switch Skate /public_html/forums/images/demiZeSpliff ipost.gif
2005.08.29 22:41 B C:\Documents and Settings\Adam.ADAMK\My Documents\Programming\Switch Skate\Layouts\Backups\File Backups\public_html\forums\images\demiZeSpliff\lastpost.gif <-- Switch Skate /public_html/forums/images/demiZeSpliff lastpost.gif
2005.08.29 22:41 B C:\Documents and Settings\Adam.ADAMK\My Documents\Programming\Switch Skate\Layouts\Backups\File Backups\public_html\forums\images\demiZeSpliff\lock_folder.gif <-- Switch Skate /public_html/forums/images/demiZeSpliff lock_folder.gif
2005.08.29 22:41 B C:\Documents and Settings\Adam.ADAMK\My Documents\Programming\Switch Skate\Layouts\Backups\File Backups\public_html\forums\images\demiZeSpliff\locku2u.gif <-- Switch Skate /public_html/forums/images/demiZeSpliff locku2u.gif
2005.08.29 22:41 B C:\Documents and Settings\Adam.ADAMK\My Documents\Programming\Switch Skate\Layouts\Backups\File Backups\public_html\forums\images\demiZeSpliff\members_list.gif <-- Switch Skate /public_html/forums/images/demiZeSpliff members_list.gif
2005.08.29 22:41 B C:\Documents and Settings\Adam.ADAMK\My Documents\Programming\Switch Skate\Layouts\Backups\File Backups\public_html\forums\images\demiZeSpliff\msn.gif <-- Switch Skate /public_html/forums/images/demiZeSpliff msn.gif
2005.08.29 22:41 B C:\Documents and Settings\Adam.ADAMK\My Documents\Programming\Switch Skate\Layouts\Backups\File Backups\public_html\forums\images\demiZeSpliff\newbankrequest.gif <-- Switch Skate /public_html/forums/images/demiZeSpliff newbankrequest.gif
2005.08.29 22:41 B C:\Documents and Settings\Adam.ADAMK\My Documents\Programming\Switch Skate\Layouts\Backups\File Backups\public_html\forums\images\demiZeSpliff\newtopic.gif <-- Switch Skate /public_html/forums/images/demiZeSpliff newtopic.gif
2005.08.29 22:41 B C:\Documents and Settings\Adam.ADAMK\My Documents\Programming\Switch Skate\Layouts\Backups\File Backups\public_html\forums\images\demiZeSpliff\newu2u.gif <-- Switch Skate /public_html/forums/images/demiZeSpliff newu2u.gif
2005.08.29 22:41 B C:\Documents and Settings\Adam.ADAMK\My Documents\Programming\Switch Skate\Layouts\Backups\File Backups\public_html\forums\images\demiZeSpliff\online.gif <-- Switch Skate /public_html/forums/images/demiZeSpliff online.gif
2005.08.29 22:41 B C:\Documents and Settings\Adam.ADAMK\My Documents\Programming\Switch Skate\Layouts\Backups\File Backups\public_html\forums\images\demiZeSpliff\online_guest.gif <-- Switch Skate /public_html/forums/images/demiZeSpliff online_guest.gif
2005.08.29 22:41 B C:\Documents and Settings\Adam.ADAMK\My Documents\Programming\Switch Skate\Layouts\Backups\File Backups\public_html\forums\images\demiZeSpliff\outbox.gif <-- Switch Skate /public_html/forums/images/demiZeSpliff outbox.gif
2005.08.29 22:41 B C:\Documents and Settings\Adam.ADAMK\My Documents\Programming\Switch Skate\Layouts\Backups\File Backups\public_html\forums\images\demiZeSpliff\pin.gif <-- Switch Skate /public_html/forums/images/demiZeSpliff pin.gif
2005.08.29 22:41 B C:\Documents and Settings\Adam.ADAMK\My Documents\Programming\Switch Skate\Layouts\Backups\File Backups\public_html\forums\images\demiZeSpliff\pixel.gif <-- Switch Skate /public_html/forums/images/demiZeSpliff pixel.gif
2005.08.29 22:41 B C:\Documents and Settings\Adam.ADAMK\My Documents\Programming\Switch Skate\Layouts\Backups\File Backups\public_html\forums\images\demiZeSpliff\poll.gif <-- Switch Skate /public_html/forums/images/demiZeSpliff poll.gif
2005.08.29 22:41 B C:\Documents and Settings\Adam.ADAMK\My Documents\Programming\Switch Skate\Layouts\Backups\File Backups\public_html\forums\images\demiZeSpliff\pollbar-e.gif <-- Switch Skate /public_html/forums/images/demiZeSpliff pollbar-e.gif
2005.08.29 22:41 B C:\Documents and Settings\Adam.ADAMK\My Documents\Programming\Switch Skate\Layouts\Backups\File Backups\public_html\forums\images\demiZeSpliff\pollbar-s.gif <-- Switch Skate /public_html/forums/images/demiZeSpliff pollbar-s.gif
2005.08.29 22:41 B C:\Documents and Settings\Adam.ADAMK\My Documents\Programming\Switch Skate\Layouts\Backups\File Backups\public_html\forums\images\demiZeSpliff\pollbar.gif <-- Switch Skate /public_html/forums/images/demiZeSpliff pollbar.gif
2005.08.29 22:41 B C:\Documents and Settings\Adam.ADAMK\My Documents\Programming\Switch Skate\Layouts\Backups\File Backups\public_html\forums\images\demiZeSpliff\pollsmall.gif <-- Switch Skate /public_html/forums/images/demiZeSpliff pollsmall.gif
2005.08.29 22:41 B C:\Documents and Settings\Adam.ADAMK\My Documents\Programming\Switch Skate\Layouts\Backups\File Backups\public_html\forums\images\demiZeSpliff\profile.gif <-- Switch Skate /public_html/forums/images/demiZeSpliff profile.gif
2005.08.29 22:41 B C:\Documents and Settings\Adam.ADAMK\My Documents\Programming\Switch Skate\Layouts\Backups\File Backups\public_html\forums\images\demiZeSpliff\quote.gif <-- Switch Skate /public_html/forums/images/demiZeSpliff quote.gif
2005.08.29 22:41 B C:\Documents and Settings\Adam.ADAMK\My Documents\Programming\Switch Skate\Layouts\Backups\File Backups\public_html\forums\images\demiZeSpliff\red_folder.gif <-- Switch Skate /public_html/forums/images/demiZeSpliff red_folder.gif
2005.08.29 22:41 B C:\Documents and Settings\Adam.ADAMK\My Documents\Programming\Switch Skate\Layouts\Backups\File Backups\public_html\forums\images\demiZeSpliff\reply.gif <-- Switch Skate /public_html/forums/images/demiZeSpliff reply.gif
2005.08.29 22:41 B C:\Documents and Settings\Adam.ADAMK\My Documents\Programming\Switch Skate\Layouts\Backups\File Backups\public_html\forums\images\demiZeSpliff\report.gif <-- Switch Skate /public_html/forums/images/demiZeSpliff report.gif
2005.08.29 22:41 B C:\Documents and Settings\Adam.ADAMK\My Documents\Programming\Switch Skate\Layouts\Backups\File Backups\public_html\forums\images\demiZeSpliff\search.gif <-- Switch Skate /public_html/forums/images/demiZeSpliff search.gif
2005.08.29 22:41 B C:\Documents and Settings\Adam.ADAMK\My Documents\Programming\Switch Skate\Layouts\Backups\File Backups\public_html\forums\images\demiZeSpliff\site.gif <-- Switch Skate /public_html/forums/images/demiZeSpliff site.gif
2005.08.29 22:41 B C:\Documents and Settings\Adam.ADAMK\My Documents\Programming\Switch Skate\Layouts\Backups\File Backups\public_html\forums\images\demiZeSpliff\star.gif <-- Switch Skate /public_html/forums/images/demiZeSpliff star.gif
2005.08.29 22:41 B C:\Documents and Settings\Adam.ADAMK\My Documents\Programming\Switch Skate\Layouts\Backups\File Backups\public_html\forums\images\demiZeSpliff\stats.gif <-- Switch Skate /public_html/forums/images/demiZeSpliff stats.gif
2005.08.29 22:41 B C:\Documents and Settings\Adam.ADAMK\My Documents\Programming\Switch Skate\Layouts\Backups\File Backups\public_html\forums\images\demiZeSpliff\todays_posts.gif <-- Switch Skate /public_html/forums/images/demiZeSpliff todays_posts.gif
2005.08.29 22:41 B C:\Documents and Settings\Adam.ADAMK\My Documents\Programming\Switch Skate\Layouts\Backups\File Backups\public_html\forums\images\demiZeSpliff\u2u.gif <-- Switch Skate /public_html/forums/images/demiZeSpliff u2u.gif
2005.08.29 22:41 B C:\Documents and Settings\Adam.ADAMK\My Documents\Programming\Switch Skate\Layouts\Backups\File Backups\public_html\forums\images\demiZeSpliff\u2u_in.gif <-- Switch Skate /public_html/forums/images/demiZeSpliff u2u_in.gif
2005.08.29 22:41 B C:\Documents and Settings\Adam.ADAMK\My Documents\Programming\Switch Skate\Layouts\Backups\File Backups\public_html\forums\images\demiZeSpliff\u2u_none.gif <-- Switch Skate /public_html/forums/images/demiZeSpliff u2u_none.gif
2005.08.29 22:41 B C:\Documents and Settings\Adam.ADAMK\My Documents\Programming\Switch Skate\Layouts\Backups\File Backups\public_html\forums\images\demiZeSpliff\xmbheader.gif <-- Switch Skate /public_html/forums/images/demiZeSpliff xmbheader.gif
2005.08.29 22:41 B C:\Documents and Settings\Adam.ADAMK\My Documents\Programming\Switch Skate\Layouts\Backups\File Backups\public_html\forums\images\demiZeSpliff\yahoo.gif <-- Switch Skate /public_html/forums/images/demiZeSpliff yahoo.gif
