2004.08.27 22:34 B E:\Documents and Settings\Adam Knox\Desktop\Skate World\1 Current Design\V15\content\c_reviews\computers\add.html --> ftp.skate-world.net /public_html/content/c_reviews/computers add.html
2004.08.27 22:34 B E:\Documents and Settings\Adam Knox\Desktop\Skate World\1 Current Design\V15\content\c_reviews\computers\add_links.php --> ftp.skate-world.net /public_html/content/c_reviews/computers add_links.php
2004.08.27 22:34 B E:\Documents and Settings\Adam Knox\Desktop\Skate World\1 Current Design\V15\content\c_reviews\computers\delete.php --> ftp.skate-world.net /public_html/content/c_reviews/computers delete.php
2004.08.27 22:34 B E:\Documents and Settings\Adam Knox\Desktop\Skate World\1 Current Design\V15\content\c_reviews\computers\delete_links.php --> ftp.skate-world.net /public_html/content/c_reviews/computers delete_links.php
2004.08.27 22:34 B E:\Documents and Settings\Adam Knox\Desktop\Skate World\1 Current Design\V15\content\c_reviews\computers\index.php --> ftp.skate-world.net /public_html/content/c_reviews/computers index.php
2004.08.27 22:34 B E:\Documents and Settings\Adam Knox\Desktop\Skate World\1 Current Design\V15\content\c_reviews\computers\Thumbs.db --> ftp.skate-world.net /public_html/content/c_reviews/computers Thumbs.db
2004.08.27 22:53 B E:\Documents and Settings\Adam Knox\Desktop\Skate World\1 Current Design\V15\content\c_reviews\computers\add.html --> ftp.skate-world.net /public_html/content/c_reviews/computers add.html
2004.08.27 22:53 B E:\Documents and Settings\Adam Knox\Desktop\Skate World\1 Current Design\V15\content\c_reviews\computers\add_links.php --> ftp.skate-world.net /public_html/content/c_reviews/computers add_links.php
2004.08.27 22:53 B E:\Documents and Settings\Adam Knox\Desktop\Skate World\1 Current Design\V15\content\c_reviews\computers\delete.php --> ftp.skate-world.net /public_html/content/c_reviews/computers delete.php
2004.08.27 22:53 B E:\Documents and Settings\Adam Knox\Desktop\Skate World\1 Current Design\V15\content\c_reviews\computers\delete_links.php --> ftp.skate-world.net /public_html/content/c_reviews/computers delete_links.php
2004.08.27 22:53 B E:\Documents and Settings\Adam Knox\Desktop\Skate World\1 Current Design\V15\content\c_reviews\computers\index.php --> ftp.skate-world.net /public_html/content/c_reviews/computers index.php
2004.08.27 22:53 B E:\Documents and Settings\Adam Knox\Desktop\Skate World\1 Current Design\V15\content\c_reviews\computers\Thumbs.db --> ftp.skate-world.net /public_html/content/c_reviews/computers Thumbs.db
2004.08.27 22:53 B E:\Documents and Settings\Adam Knox\Desktop\Skate World\1 Current Design\V15\content\c_reviews\computers\WS_FTP.LOG --> ftp.skate-world.net /public_html/content/c_reviews/computers WS_FTP.LOG
2004.08.27 23:20 B E:\Documents and Settings\Adam Knox\Desktop\Skate World\1 Current Design\V15\content\c_reviews\computers\add.html --> ftp.skate-world.net /public_html/content/c_reviews/computers add.html
2004.08.27 23:20 B E:\Documents and Settings\Adam Knox\Desktop\Skate World\1 Current Design\V15\content\c_reviews\computers\add_links.php --> ftp.skate-world.net /public_html/content/c_reviews/computers add_links.php
2004.08.27 23:20 B E:\Documents and Settings\Adam Knox\Desktop\Skate World\1 Current Design\V15\content\c_reviews\computers\delete.php --> ftp.skate-world.net /public_html/content/c_reviews/computers delete.php
2004.08.27 23:20 B E:\Documents and Settings\Adam Knox\Desktop\Skate World\1 Current Design\V15\content\c_reviews\computers\delete_links.php --> ftp.skate-world.net /public_html/content/c_reviews/computers delete_links.php
2004.08.27 23:20 B E:\Documents and Settings\Adam Knox\Desktop\Skate World\1 Current Design\V15\content\c_reviews\computers\index.php --> ftp.skate-world.net /public_html/content/c_reviews/computers index.php
2004.08.27 23:20 B E:\Documents and Settings\Adam Knox\Desktop\Skate World\1 Current Design\V15\content\c_reviews\computers\Thumbs.db --> ftp.skate-world.net /public_html/content/c_reviews/computers Thumbs.db
2004.08.27 23:20 B E:\Documents and Settings\Adam Knox\Desktop\Skate World\1 Current Design\V15\content\c_reviews\computers\WS_FTP.LOG --> ftp.skate-world.net /public_html/content/c_reviews/computers WS_FTP.LOG
2004.09.20 16:27 B E:\Documents and Settings\Adam Knox\My Documents\Skate World\backup\content\c_reviews\computers\WS_FTP.LOG <-- Skate world Temporary /public_html/content/c_reviews/computers WS_FTP.LOG
2004.10.02 19:32 B G:\Documents and Settings\bilbo\My Documents\SwitchSkate\Current Design\V1\content\c_reviews\computers\add.html --> host215.ipowerweb.com /public_html/content/c_reviews/computers add.html
2004.10.02 19:32 B G:\Documents and Settings\bilbo\My Documents\SwitchSkate\Current Design\V1\content\c_reviews\computers\add_links.php --> host215.ipowerweb.com /public_html/content/c_reviews/computers add_links.php
2004.10.02 19:32 B G:\Documents and Settings\bilbo\My Documents\SwitchSkate\Current Design\V1\content\c_reviews\computers\delete.php --> host215.ipowerweb.com /public_html/content/c_reviews/computers delete.php
2004.10.02 19:32 B G:\Documents and Settings\bilbo\My Documents\SwitchSkate\Current Design\V1\content\c_reviews\computers\delete_links.php --> host215.ipowerweb.com /public_html/content/c_reviews/computers delete_links.php
2004.10.02 19:32 B G:\Documents and Settings\bilbo\My Documents\SwitchSkate\Current Design\V1\content\c_reviews\computers\index.php --> host215.ipowerweb.com /public_html/content/c_reviews/computers index.php
2004.10.02 19:32 B G:\Documents and Settings\bilbo\My Documents\SwitchSkate\Current Design\V1\content\c_reviews\computers\Thumbs.db --> host215.ipowerweb.com /public_html/content/c_reviews/computers Thumbs.db
2004.10.02 19:32 B G:\Documents and Settings\bilbo\My Documents\SwitchSkate\Current Design\V1\content\c_reviews\computers\WS_FTP.LOG --> host215.ipowerweb.com /public_html/content/c_reviews/computers WS_FTP.LOG
2004.10.02 22:19 B G:\Documents and Settings\bilbo\My Documents\SwitchSkate\Current Design\V1\content\c_reviews\computers\WS_FTP.LOG --> host215.ipowerweb.com /public_html/content/c_reviews/computers WS_FTP.LOG
2004.10.06 23:36 B G:\Documents and Settings\bilbo\My Documents\SwitchSkate\Current Design\V1\content\c_reviews\computers\WS_FTP.LOG --> host215.ipowerweb.com /public_html/content/c_reviews/computers WS_FTP.LOG
2004.10.06 23:49 B G:\Documents and Settings\bilbo\My Documents\SwitchSkate\Current Design\V1\content\c_reviews\computers\WS_FTP.LOG --> host215.ipowerweb.com /public_html/content/c_reviews/computers WS_FTP.LOG
