2005.08.29 22:55 B C:\Documents and Settings\Adam.ADAMK\My Documents\Programming\Switch Skate\Layouts\Backups\File Backups\public_html\forums\images\metalstyle\address.gif <-- Switch Skate /public_html/forums/images/metalstyle address.gif
2005.08.29 22:55 B C:\Documents and Settings\Adam.ADAMK\My Documents\Programming\Switch Skate\Layouts\Backups\File Backups\public_html\forums\images\metalstyle\aim.gif <-- Switch Skate /public_html/forums/images/metalstyle aim.gif
2005.08.29 22:55 B C:\Documents and Settings\Adam.ADAMK\My Documents\Programming\Switch Skate\Layouts\Backups\File Backups\public_html\forums\images\metalstyle\arrow_dw.gif <-- Switch Skate /public_html/forums/images/metalstyle arrow_dw.gif
2005.08.29 22:55 B C:\Documents and Settings\Adam.ADAMK\My Documents\Programming\Switch Skate\Layouts\Backups\File Backups\public_html\forums\images\metalstyle\arrow_up.gif <-- Switch Skate /public_html/forums/images/metalstyle arrow_up.gif
2005.08.29 22:55 B C:\Documents and Settings\Adam.ADAMK\My Documents\Programming\Switch Skate\Layouts\Backups\File Backups\public_html\forums\images\metalstyle\b.gif <-- Switch Skate /public_html/forums/images/metalstyle b.gif
2005.08.29 22:55 B C:\Documents and Settings\Adam.ADAMK\My Documents\Programming\Switch Skate\Layouts\Backups\File Backups\public_html\forums\images\metalstyle\bb_bold.gif <-- Switch Skate /public_html/forums/images/metalstyle bb_bold.gif
2005.08.29 22:55 B C:\Documents and Settings\Adam.ADAMK\My Documents\Programming\Switch Skate\Layouts\Backups\File Backups\public_html\forums\images\metalstyle\bb_center.gif <-- Switch Skate /public_html/forums/images/metalstyle bb_center.gif
2005.08.29 22:55 B C:\Documents and Settings\Adam.ADAMK\My Documents\Programming\Switch Skate\Layouts\Backups\File Backups\public_html\forums\images\metalstyle\bb_code.gif <-- Switch Skate /public_html/forums/images/metalstyle bb_code.gif
2005.08.29 22:55 B C:\Documents and Settings\Adam.ADAMK\My Documents\Programming\Switch Skate\Layouts\Backups\File Backups\public_html\forums\images\metalstyle\bb_email.gif <-- Switch Skate /public_html/forums/images/metalstyle bb_email.gif
2005.08.29 22:55 B C:\Documents and Settings\Adam.ADAMK\My Documents\Programming\Switch Skate\Layouts\Backups\File Backups\public_html\forums\images\metalstyle\bb_hide.gif <-- Switch Skate /public_html/forums/images/metalstyle bb_hide.gif
2005.08.29 22:55 B C:\Documents and Settings\Adam.ADAMK\My Documents\Programming\Switch Skate\Layouts\Backups\File Backups\public_html\forums\images\metalstyle\bb_image.gif <-- Switch Skate /public_html/forums/images/metalstyle bb_image.gif
2005.08.29 22:55 B C:\Documents and Settings\Adam.ADAMK\My Documents\Programming\Switch Skate\Layouts\Backups\File Backups\public_html\forums\images\metalstyle\bb_italicize.gif <-- Switch Skate /public_html/forums/images/metalstyle bb_italicize.gif
2005.08.29 22:55 B C:\Documents and Settings\Adam.ADAMK\My Documents\Programming\Switch Skate\Layouts\Backups\File Backups\public_html\forums\images\metalstyle\bb_list.gif <-- Switch Skate /public_html/forums/images/metalstyle bb_list.gif
2005.08.29 22:55 B C:\Documents and Settings\Adam.ADAMK\My Documents\Programming\Switch Skate\Layouts\Backups\File Backups\public_html\forums\images\metalstyle\bb_quote.gif <-- Switch Skate /public_html/forums/images/metalstyle bb_quote.gif
2005.08.29 22:55 B C:\Documents and Settings\Adam.ADAMK\My Documents\Programming\Switch Skate\Layouts\Backups\File Backups\public_html\forums\images\metalstyle\bb_underline.gif <-- Switch Skate /public_html/forums/images/metalstyle bb_underline.gif
2005.08.29 22:55 B C:\Documents and Settings\Adam.ADAMK\My Documents\Programming\Switch Skate\Layouts\Backups\File Backups\public_html\forums\images\metalstyle\bb_url.gif <-- Switch Skate /public_html/forums/images/metalstyle bb_url.gif
2005.08.29 22:55 B C:\Documents and Settings\Adam.ADAMK\My Documents\Programming\Switch Skate\Layouts\Backups\File Backups\public_html\forums\images\metalstyle\bbrules.gif <-- Switch Skate /public_html/forums/images/metalstyle bbrules.gif
2005.08.29 22:55 B C:\Documents and Settings\Adam.ADAMK\My Documents\Programming\Switch Skate\Layouts\Backups\File Backups\public_html\forums\images\metalstyle\boardheader.gif <-- Switch Skate /public_html/forums/images/metalstyle boardheader.gif
2005.08.29 22:55 B C:\Documents and Settings\Adam.ADAMK\My Documents\Programming\Switch Skate\Layouts\Backups\File Backups\public_html\forums\images\metalstyle\categorybar.gif <-- Switch Skate /public_html/forums/images/metalstyle categorybar.gif
2005.08.29 22:55 B C:\Documents and Settings\Adam.ADAMK\My Documents\Programming\Switch Skate\Layouts\Backups\File Backups\public_html\forums\images\metalstyle\dot_folder.gif <-- Switch Skate /public_html/forums/images/metalstyle dot_folder.gif
2005.08.29 22:55 B C:\Documents and Settings\Adam.ADAMK\My Documents\Programming\Switch Skate\Layouts\Backups\File Backups\public_html\forums\images\metalstyle\dot_hot_folder.gif <-- Switch Skate /public_html/forums/images/metalstyle dot_hot_folder.gif
2005.08.29 22:55 B C:\Documents and Settings\Adam.ADAMK\My Documents\Programming\Switch Skate\Layouts\Backups\File Backups\public_html\forums\images\metalstyle\dot_hot_red_folder.gif <-- Switch Skate /public_html/forums/images/metalstyle dot_hot_red_folder.gif
2005.08.29 22:55 B C:\Documents and Settings\Adam.ADAMK\My Documents\Programming\Switch Skate\Layouts\Backups\File Backups\public_html\forums\images\metalstyle\dot_red_folder.gif <-- Switch Skate /public_html/forums/images/metalstyle dot_red_folder.gif
2005.08.29 22:55 B C:\Documents and Settings\Adam.ADAMK\My Documents\Programming\Switch Skate\Layouts\Backups\File Backups\public_html\forums\images\metalstyle\edit.gif <-- Switch Skate /public_html/forums/images/metalstyle edit.gif
2005.08.29 22:55 B C:\Documents and Settings\Adam.ADAMK\My Documents\Programming\Switch Skate\Layouts\Backups\File Backups\public_html\forums\images\metalstyle\email.gif <-- Switch Skate /public_html/forums/images/metalstyle email.gif
2005.08.29 22:55 B C:\Documents and Settings\Adam.ADAMK\My Documents\Programming\Switch Skate\Layouts\Backups\File Backups\public_html\forums\images\metalstyle\faq.gif <-- Switch Skate /public_html/forums/images/metalstyle faq.gif
2005.08.29 22:55 B C:\Documents and Settings\Adam.ADAMK\My Documents\Programming\Switch Skate\Layouts\Backups\File Backups\public_html\forums\images\metalstyle\find.gif <-- Switch Skate /public_html/forums/images/metalstyle find.gif
2005.08.29 22:55 B C:\Documents and Settings\Adam.ADAMK\My Documents\Programming\Switch Skate\Layouts\Backups\File Backups\public_html\forums\images\metalstyle\folder.gif <-- Switch Skate /public_html/forums/images/metalstyle folder.gif
2005.08.29 22:55 B C:\Documents and Settings\Adam.ADAMK\My Documents\Programming\Switch Skate\Layouts\Backups\File Backups\public_html\forums\images\metalstyle\forumhead.gif <-- Switch Skate /public_html/forums/images/metalstyle forumhead.gif
2005.08.29 22:55 B C:\Documents and Settings\Adam.ADAMK\My Documents\Programming\Switch Skate\Layouts\Backups\File Backups\public_html\forums\images\metalstyle\g.gif <-- Switch Skate /public_html/forums/images/metalstyle g.gif
2005.08.29 22:55 B C:\Documents and Settings\Adam.ADAMK\My Documents\Programming\Switch Skate\Layouts\Backups\File Backups\public_html\forums\images\metalstyle\home.gif <-- Switch Skate /public_html/forums/images/metalstyle home.gif
2005.08.29 22:55 B C:\Documents and Settings\Adam.ADAMK\My Documents\Programming\Switch Skate\Layouts\Backups\File Backups\public_html\forums\images\metalstyle\hot_folder.gif <-- Switch Skate /public_html/forums/images/metalstyle hot_folder.gif
2005.08.29 22:55 B C:\Documents and Settings\Adam.ADAMK\My Documents\Programming\Switch Skate\Layouts\Backups\File Backups\public_html\forums\images\metalstyle\hot_red_folder.gif <-- Switch Skate /public_html/forums/images/metalstyle hot_red_folder.gif
2005.08.29 22:55 B C:\Documents and Settings\Adam.ADAMK\My Documents\Programming\Switch Skate\Layouts\Backups\File Backups\public_html\forums\images\metalstyle\icq_add.gif <-- Switch Skate /public_html/forums/images/metalstyle icq_add.gif
2005.08.29 22:55 B C:\Documents and Settings\Adam.ADAMK\My Documents\Programming\Switch Skate\Layouts\Backups\File Backups\public_html\forums\images\metalstyle\inbox.gif <-- Switch Skate /public_html/forums/images/metalstyle inbox.gif
2005.08.29 22:55 B C:\Documents and Settings\Adam.ADAMK\My Documents\Programming\Switch Skate\Layouts\Backups\File Backups\public_html\forums\images\metalstyle\ip.gif <-- Switch Skate /public_html/forums/images/metalstyle ip.gif
2005.08.29 22:55 B C:\Documents and Settings\Adam.ADAMK\My Documents\Programming\Switch Skate\Layouts\Backups\File Backups\public_html\forums\images\metalstyle\ipost.gif <-- Switch Skate /public_html/forums/images/metalstyle ipost.gif
2005.08.29 22:55 B C:\Documents and Settings\Adam.ADAMK\My Documents\Programming\Switch Skate\Layouts\Backups\File Backups\public_html\forums\images\metalstyle\lastpost.gif <-- Switch Skate /public_html/forums/images/metalstyle lastpost.gif
2005.08.29 22:55 B C:\Documents and Settings\Adam.ADAMK\My Documents\Programming\Switch Skate\Layouts\Backups\File Backups\public_html\forums\images\metalstyle\lock_folder.gif <-- Switch Skate /public_html/forums/images/metalstyle lock_folder.gif
2005.08.29 22:55 B C:\Documents and Settings\Adam.ADAMK\My Documents\Programming\Switch Skate\Layouts\Backups\File Backups\public_html\forums\images\metalstyle\locku2u.gif <-- Switch Skate /public_html/forums/images/metalstyle locku2u.gif
2005.08.29 22:55 B C:\Documents and Settings\Adam.ADAMK\My Documents\Programming\Switch Skate\Layouts\Backups\File Backups\public_html\forums\images\metalstyle\members_list.gif <-- Switch Skate /public_html/forums/images/metalstyle members_list.gif
2005.08.29 22:55 B C:\Documents and Settings\Adam.ADAMK\My Documents\Programming\Switch Skate\Layouts\Backups\File Backups\public_html\forums\images\metalstyle\metalheader.gif <-- Switch Skate /public_html/forums/images/metalstyle metalheader.gif
2005.08.29 22:55 B C:\Documents and Settings\Adam.ADAMK\My Documents\Programming\Switch Skate\Layouts\Backups\File Backups\public_html\forums\images\metalstyle\msn.gif <-- Switch Skate /public_html/forums/images/metalstyle msn.gif
2005.08.29 22:56 B C:\Documents and Settings\Adam.ADAMK\My Documents\Programming\Switch Skate\Layouts\Backups\File Backups\public_html\forums\images\metalstyle\newbankrequest.gif <-- Switch Skate /public_html/forums/images/metalstyle newbankrequest.gif
2005.08.29 22:56 B C:\Documents and Settings\Adam.ADAMK\My Documents\Programming\Switch Skate\Layouts\Backups\File Backups\public_html\forums\images\metalstyle\newmessage.gif <-- Switch Skate /public_html/forums/images/metalstyle newmessage.gif
2005.08.29 22:56 B C:\Documents and Settings\Adam.ADAMK\My Documents\Programming\Switch Skate\Layouts\Backups\File Backups\public_html\forums\images\metalstyle\newtopic.gif <-- Switch Skate /public_html/forums/images/metalstyle newtopic.gif
2005.08.29 22:56 B C:\Documents and Settings\Adam.ADAMK\My Documents\Programming\Switch Skate\Layouts\Backups\File Backups\public_html\forums\images\metalstyle\newu2u.gif <-- Switch Skate /public_html/forums/images/metalstyle newu2u.gif
2005.08.29 22:56 B C:\Documents and Settings\Adam.ADAMK\My Documents\Programming\Switch Skate\Layouts\Backups\File Backups\public_html\forums\images\metalstyle\online.gif <-- Switch Skate /public_html/forums/images/metalstyle online.gif
2005.08.29 22:56 B C:\Documents and Settings\Adam.ADAMK\My Documents\Programming\Switch Skate\Layouts\Backups\File Backups\public_html\forums\images\metalstyle\online_guest.gif <-- Switch Skate /public_html/forums/images/metalstyle online_guest.gif
2005.08.29 22:56 B C:\Documents and Settings\Adam.ADAMK\My Documents\Programming\Switch Skate\Layouts\Backups\File Backups\public_html\forums\images\metalstyle\outbox.gif <-- Switch Skate /public_html/forums/images/metalstyle outbox.gif
2005.08.29 22:56 B C:\Documents and Settings\Adam.ADAMK\My Documents\Programming\Switch Skate\Layouts\Backups\File Backups\public_html\forums\images\metalstyle\pin.gif <-- Switch Skate /public_html/forums/images/metalstyle pin.gif
2005.08.29 22:56 B C:\Documents and Settings\Adam.ADAMK\My Documents\Programming\Switch Skate\Layouts\Backups\File Backups\public_html\forums\images\metalstyle\pixel.gif <-- Switch Skate /public_html/forums/images/metalstyle pixel.gif
2005.08.29 22:56 B C:\Documents and Settings\Adam.ADAMK\My Documents\Programming\Switch Skate\Layouts\Backups\File Backups\public_html\forums\images\metalstyle\poll.gif <-- Switch Skate /public_html/forums/images/metalstyle poll.gif
2005.08.29 22:56 B C:\Documents and Settings\Adam.ADAMK\My Documents\Programming\Switch Skate\Layouts\Backups\File Backups\public_html\forums\images\metalstyle\pollbar-e.gif <-- Switch Skate /public_html/forums/images/metalstyle pollbar-e.gif
2005.08.29 22:56 B C:\Documents and Settings\Adam.ADAMK\My Documents\Programming\Switch Skate\Layouts\Backups\File Backups\public_html\forums\images\metalstyle\pollbar-s.gif <-- Switch Skate /public_html/forums/images/metalstyle pollbar-s.gif
2005.08.29 22:56 B C:\Documents and Settings\Adam.ADAMK\My Documents\Programming\Switch Skate\Layouts\Backups\File Backups\public_html\forums\images\metalstyle\pollbar.gif <-- Switch Skate /public_html/forums/images/metalstyle pollbar.gif
2005.08.29 22:56 B C:\Documents and Settings\Adam.ADAMK\My Documents\Programming\Switch Skate\Layouts\Backups\File Backups\public_html\forums\images\metalstyle\pollsmall.gif <-- Switch Skate /public_html/forums/images/metalstyle pollsmall.gif
2005.08.29 22:56 B C:\Documents and Settings\Adam.ADAMK\My Documents\Programming\Switch Skate\Layouts\Backups\File Backups\public_html\forums\images\metalstyle\profile.gif <-- Switch Skate /public_html/forums/images/metalstyle profile.gif
2005.08.29 22:56 B C:\Documents and Settings\Adam.ADAMK\My Documents\Programming\Switch Skate\Layouts\Backups\File Backups\public_html\forums\images\metalstyle\quote.gif <-- Switch Skate /public_html/forums/images/metalstyle quote.gif
2005.08.29 22:56 B C:\Documents and Settings\Adam.ADAMK\My Documents\Programming\Switch Skate\Layouts\Backups\File Backups\public_html\forums\images\metalstyle\red_folder.gif <-- Switch Skate /public_html/forums/images/metalstyle red_folder.gif
2005.08.29 22:56 B C:\Documents and Settings\Adam.ADAMK\My Documents\Programming\Switch Skate\Layouts\Backups\File Backups\public_html\forums\images\metalstyle\reply.gif <-- Switch Skate /public_html/forums/images/metalstyle reply.gif
2005.08.29 22:56 B C:\Documents and Settings\Adam.ADAMK\My Documents\Programming\Switch Skate\Layouts\Backups\File Backups\public_html\forums\images\metalstyle\report.gif <-- Switch Skate /public_html/forums/images/metalstyle report.gif
2005.08.29 22:56 B C:\Documents and Settings\Adam.ADAMK\My Documents\Programming\Switch Skate\Layouts\Backups\File Backups\public_html\forums\images\metalstyle\search.gif <-- Switch Skate /public_html/forums/images/metalstyle search.gif
2005.08.29 22:56 B C:\Documents and Settings\Adam.ADAMK\My Documents\Programming\Switch Skate\Layouts\Backups\File Backups\public_html\forums\images\metalstyle\sendpm.gif <-- Switch Skate /public_html/forums/images/metalstyle sendpm.gif
2005.08.29 22:56 B C:\Documents and Settings\Adam.ADAMK\My Documents\Programming\Switch Skate\Layouts\Backups\File Backups\public_html\forums\images\metalstyle\site.gif <-- Switch Skate /public_html/forums/images/metalstyle site.gif
2005.08.29 22:56 B C:\Documents and Settings\Adam.ADAMK\My Documents\Programming\Switch Skate\Layouts\Backups\File Backups\public_html\forums\images\metalstyle\star.gif <-- Switch Skate /public_html/forums/images/metalstyle star.gif
2005.08.29 22:56 B C:\Documents and Settings\Adam.ADAMK\My Documents\Programming\Switch Skate\Layouts\Backups\File Backups\public_html\forums\images\metalstyle\stats.gif <-- Switch Skate /public_html/forums/images/metalstyle stats.gif
2005.08.29 22:56 B C:\Documents and Settings\Adam.ADAMK\My Documents\Programming\Switch Skate\Layouts\Backups\File Backups\public_html\forums\images\metalstyle\todays_posts.gif <-- Switch Skate /public_html/forums/images/metalstyle todays_posts.gif
2005.08.29 22:56 B C:\Documents and Settings\Adam.ADAMK\My Documents\Programming\Switch Skate\Layouts\Backups\File Backups\public_html\forums\images\metalstyle\u2u.gif <-- Switch Skate /public_html/forums/images/metalstyle u2u.gif
2005.08.29 22:56 B C:\Documents and Settings\Adam.ADAMK\My Documents\Programming\Switch Skate\Layouts\Backups\File Backups\public_html\forums\images\metalstyle\u2u_in.gif <-- Switch Skate /public_html/forums/images/metalstyle u2u_in.gif
2005.08.29 22:56 B C:\Documents and Settings\Adam.ADAMK\My Documents\Programming\Switch Skate\Layouts\Backups\File Backups\public_html\forums\images\metalstyle\u2u_none.gif <-- Switch Skate /public_html/forums/images/metalstyle u2u_none.gif
2005.08.29 22:56 B C:\Documents and Settings\Adam.ADAMK\My Documents\Programming\Switch Skate\Layouts\Backups\File Backups\public_html\forums\images\metalstyle\xmbheader.gif <-- Switch Skate /public_html/forums/images/metalstyle xmbheader.gif
2005.08.29 22:56 B C:\Documents and Settings\Adam.ADAMK\My Documents\Programming\Switch Skate\Layouts\Backups\File Backups\public_html\forums\images\metalstyle\yahoo.gif <-- Switch Skate /public_html/forums/images/metalstyle yahoo.gif
