2004.08.27 22:36 B E:\Documents and Settings\Adam Knox\Desktop\Skate World\1 Current Design\V15\content\sb_tips\beginner\add.html --> ftp.skate-world.net /public_html/content/sb_tips/beginner add.html
2004.08.27 22:36 B E:\Documents and Settings\Adam Knox\Desktop\Skate World\1 Current Design\V15\content\sb_tips\beginner\add_links.php --> ftp.skate-world.net /public_html/content/sb_tips/beginner add_links.php
2004.08.27 22:36 B E:\Documents and Settings\Adam Knox\Desktop\Skate World\1 Current Design\V15\content\sb_tips\beginner\delete.php --> ftp.skate-world.net /public_html/content/sb_tips/beginner delete.php
2004.08.27 22:36 B E:\Documents and Settings\Adam Knox\Desktop\Skate World\1 Current Design\V15\content\sb_tips\beginner\delete_links.php --> ftp.skate-world.net /public_html/content/sb_tips/beginner delete_links.php
2004.08.27 22:36 B E:\Documents and Settings\Adam Knox\Desktop\Skate World\1 Current Design\V15\content\sb_tips\beginner\index.php --> ftp.skate-world.net /public_html/content/sb_tips/beginner index.php
2004.08.27 22:55 B E:\Documents and Settings\Adam Knox\Desktop\Skate World\1 Current Design\V15\content\sb_tips\grinds\add.html --> ftp.skate-world.net /public_html/content/sb_tips/grinds add.html
2004.08.27 22:55 B E:\Documents and Settings\Adam Knox\Desktop\Skate World\1 Current Design\V15\content\sb_tips\grinds\add_links.php --> ftp.skate-world.net /public_html/content/sb_tips/grinds add_links.php
2004.08.27 22:55 B E:\Documents and Settings\Adam Knox\Desktop\Skate World\1 Current Design\V15\content\sb_tips\grinds\delete.php --> ftp.skate-world.net /public_html/content/sb_tips/grinds delete.php
2004.08.27 22:55 B E:\Documents and Settings\Adam Knox\Desktop\Skate World\1 Current Design\V15\content\sb_tips\grinds\delete_links.php --> ftp.skate-world.net /public_html/content/sb_tips/grinds delete_links.php
2004.08.27 22:55 B E:\Documents and Settings\Adam Knox\Desktop\Skate World\1 Current Design\V15\content\sb_tips\grinds\index.php --> ftp.skate-world.net /public_html/content/sb_tips/grinds index.php
2004.08.27 22:55 B E:\Documents and Settings\Adam Knox\Desktop\Skate World\1 Current Design\V15\content\sb_tips\grinds\WS_FTP.LOG --> ftp.skate-world.net /public_html/content/sb_tips/grinds WS_FTP.LOG
2004.08.27 23:22 B E:\Documents and Settings\Adam Knox\Desktop\Skate World\1 Current Design\V15\content\sb_tips\grinds\add.html --> ftp.skate-world.net /public_html/content/sb_tips/grinds add.html
2004.08.27 23:22 B E:\Documents and Settings\Adam Knox\Desktop\Skate World\1 Current Design\V15\content\sb_tips\grinds\add_links.php --> ftp.skate-world.net /public_html/content/sb_tips/grinds add_links.php
2004.08.27 23:22 B E:\Documents and Settings\Adam Knox\Desktop\Skate World\1 Current Design\V15\content\sb_tips\grinds\delete.php --> ftp.skate-world.net /public_html/content/sb_tips/grinds delete.php
2004.08.27 23:22 B E:\Documents and Settings\Adam Knox\Desktop\Skate World\1 Current Design\V15\content\sb_tips\grinds\delete_links.php --> ftp.skate-world.net /public_html/content/sb_tips/grinds delete_links.php
2004.08.27 23:22 B E:\Documents and Settings\Adam Knox\Desktop\Skate World\1 Current Design\V15\content\sb_tips\grinds\index.php --> ftp.skate-world.net /public_html/content/sb_tips/grinds index.php
2004.08.27 23:22 B E:\Documents and Settings\Adam Knox\Desktop\Skate World\1 Current Design\V15\content\sb_tips\grinds\WS_FTP.LOG --> ftp.skate-world.net /public_html/content/sb_tips/grinds WS_FTP.LOG
2004.08.28 09:42 B E:\Documents and Settings\Adam Knox\Desktop\Skate World\1 Current Design\V15\content\sb_tips\grinds\add_links.php --> ftp.skate-world.net /public_html/content/sb_tips/grinds add_links.php
2004.08.28 09:42 B E:\Documents and Settings\Adam Knox\Desktop\Skate World\1 Current Design\V15\content\sb_tips\grinds\delete_links.php --> ftp.skate-world.net /public_html/content/sb_tips/grinds delete_links.php
2004.08.28 09:42 B E:\Documents and Settings\Adam Knox\Desktop\Skate World\1 Current Design\V15\content\sb_tips\grinds\index.php --> ftp.skate-world.net /public_html/content/sb_tips/grinds index.php
2004.09.20 16:30 B E:\Documents and Settings\Adam Knox\My Documents\Skate World\backup\content\sb_tips\grinds\WS_FTP.LOG <-- Skate world Temporary /public_html/content/sb_tips/grinds WS_FTP.LOG
2004.10.02 19:37 B G:\Documents and Settings\bilbo\My Documents\SwitchSkate\Current Design\V1\content\sb_tips\grinds\add.html --> host215.ipowerweb.com /public_html/content/sb_tips/grinds add.html
2004.10.02 19:37 B G:\Documents and Settings\bilbo\My Documents\SwitchSkate\Current Design\V1\content\sb_tips\grinds\add_links.php --> host215.ipowerweb.com /public_html/content/sb_tips/grinds add_links.php
2004.10.02 19:37 B G:\Documents and Settings\bilbo\My Documents\SwitchSkate\Current Design\V1\content\sb_tips\grinds\delete.php --> host215.ipowerweb.com /public_html/content/sb_tips/grinds delete.php
2004.10.02 19:37 B G:\Documents and Settings\bilbo\My Documents\SwitchSkate\Current Design\V1\content\sb_tips\grinds\delete_links.php --> host215.ipowerweb.com /public_html/content/sb_tips/grinds delete_links.php
2004.10.02 19:37 B G:\Documents and Settings\bilbo\My Documents\SwitchSkate\Current Design\V1\content\sb_tips\grinds\index.php --> host215.ipowerweb.com /public_html/content/sb_tips/grinds index.php
2004.10.02 19:37 B G:\Documents and Settings\bilbo\My Documents\SwitchSkate\Current Design\V1\content\sb_tips\grinds\WS_FTP.LOG --> host215.ipowerweb.com /public_html/content/sb_tips/grinds WS_FTP.LOG
2004.10.02 22:20 B G:\Documents and Settings\bilbo\My Documents\SwitchSkate\Current Design\V1\content\sb_tips\grinds\WS_FTP.LOG --> host215.ipowerweb.com /public_html/content/sb_tips/grinds WS_FTP.LOG
2004.10.02 22:26 B G:\Documents and Settings\bilbo\My Documents\SwitchSkate\Current Design\V1\content\sb_tips\grinds\WS_FTP.LOG --> host215.ipowerweb.com /public_html/content/sb_tips/grinds WS_FTP.LOG
2004.10.06 23:38 B G:\Documents and Settings\bilbo\My Documents\SwitchSkate\Current Design\V1\content\sb_tips\grinds\WS_FTP.LOG --> host215.ipowerweb.com /public_html/content/sb_tips/grinds WS_FTP.LOG
2004.10.06 23:50 B G:\Documents and Settings\bilbo\My Documents\SwitchSkate\Current Design\V1\content\sb_tips\grinds\WS_FTP.LOG --> host215.ipowerweb.com /public_html/content/sb_tips/grinds WS_FTP.LOG
