2004.08.26 15:59 B E:\Documents and Settings\Adam Knox\Desktop\SKATE WORLD UNCLEAN\public_html\images\zelda\address.gif <-- Skate world /public_html/images/zelda address.gif
2004.08.26 15:59 B E:\Documents and Settings\Adam Knox\Desktop\SKATE WORLD UNCLEAN\public_html\images\zelda\aim.gif <-- Skate world /public_html/images/zelda aim.gif
2004.08.26 15:59 B E:\Documents and Settings\Adam Knox\Desktop\SKATE WORLD UNCLEAN\public_html\images\zelda\arrow_dw.gif <-- Skate world /public_html/images/zelda arrow_dw.gif
2004.08.26 15:59 B E:\Documents and Settings\Adam Knox\Desktop\SKATE WORLD UNCLEAN\public_html\images\zelda\arrow_up.gif <-- Skate world /public_html/images/zelda arrow_up.gif
2004.08.26 15:59 B E:\Documents and Settings\Adam Knox\Desktop\SKATE WORLD UNCLEAN\public_html\images\zelda\avatars.gif <-- Skate world /public_html/images/zelda avatars.gif
2004.08.26 15:59 B E:\Documents and Settings\Adam Knox\Desktop\SKATE WORLD UNCLEAN\public_html\images\zelda\bb_bold.gif <-- Skate world /public_html/images/zelda bb_bold.gif
2004.08.26 15:59 B E:\Documents and Settings\Adam Knox\Desktop\SKATE WORLD UNCLEAN\public_html\images\zelda\bb_center.gif <-- Skate world /public_html/images/zelda bb_center.gif
2004.08.26 15:59 B E:\Documents and Settings\Adam Knox\Desktop\SKATE WORLD UNCLEAN\public_html\images\zelda\bb_code.gif <-- Skate world /public_html/images/zelda bb_code.gif
2004.08.26 15:59 B E:\Documents and Settings\Adam Knox\Desktop\SKATE WORLD UNCLEAN\public_html\images\zelda\bb_email.gif <-- Skate world /public_html/images/zelda bb_email.gif
2004.08.26 15:59 B E:\Documents and Settings\Adam Knox\Desktop\SKATE WORLD UNCLEAN\public_html\images\zelda\bb_image.gif <-- Skate world /public_html/images/zelda bb_image.gif
2004.08.26 15:59 B E:\Documents and Settings\Adam Knox\Desktop\SKATE WORLD UNCLEAN\public_html\images\zelda\bb_italicize.gif <-- Skate world /public_html/images/zelda bb_italicize.gif
2004.08.26 15:59 B E:\Documents and Settings\Adam Knox\Desktop\SKATE WORLD UNCLEAN\public_html\images\zelda\bb_list.gif <-- Skate world /public_html/images/zelda bb_list.gif
2004.08.26 15:59 B E:\Documents and Settings\Adam Knox\Desktop\SKATE WORLD UNCLEAN\public_html\images\zelda\bb_quote.gif <-- Skate world /public_html/images/zelda bb_quote.gif
2004.08.26 15:59 B E:\Documents and Settings\Adam Knox\Desktop\SKATE WORLD UNCLEAN\public_html\images\zelda\bb_underline.gif <-- Skate world /public_html/images/zelda bb_underline.gif
2004.08.26 15:59 B E:\Documents and Settings\Adam Knox\Desktop\SKATE WORLD UNCLEAN\public_html\images\zelda\bb_url.gif <-- Skate world /public_html/images/zelda bb_url.gif
2004.08.26 15:59 B E:\Documents and Settings\Adam Knox\Desktop\SKATE WORLD UNCLEAN\public_html\images\zelda\bbrules.gif <-- Skate world /public_html/images/zelda bbrules.gif
2004.08.26 15:59 B E:\Documents and Settings\Adam Knox\Desktop\SKATE WORLD UNCLEAN\public_html\images\zelda\closeav.gif <-- Skate world /public_html/images/zelda closeav.gif
2004.08.26 15:59 B E:\Documents and Settings\Adam Knox\Desktop\SKATE WORLD UNCLEAN\public_html\images\zelda\dot_folder.gif <-- Skate world /public_html/images/zelda dot_folder.gif
2004.08.26 15:59 B E:\Documents and Settings\Adam Knox\Desktop\SKATE WORLD UNCLEAN\public_html\images\zelda\dot_hot_folder.gif <-- Skate world /public_html/images/zelda dot_hot_folder.gif
2004.08.26 15:59 B E:\Documents and Settings\Adam Knox\Desktop\SKATE WORLD UNCLEAN\public_html\images\zelda\dot_hot_red_folder.gif <-- Skate world /public_html/images/zelda dot_hot_red_folder.gif
2004.08.26 15:59 B E:\Documents and Settings\Adam Knox\Desktop\SKATE WORLD UNCLEAN\public_html\images\zelda\dot_red_folder.gif <-- Skate world /public_html/images/zelda dot_red_folder.gif
2004.08.26 15:59 B E:\Documents and Settings\Adam Knox\Desktop\SKATE WORLD UNCLEAN\public_html\images\zelda\edit.gif <-- Skate world /public_html/images/zelda edit.gif
2004.08.26 15:59 B E:\Documents and Settings\Adam Knox\Desktop\SKATE WORLD UNCLEAN\public_html\images\zelda\email.gif <-- Skate world /public_html/images/zelda email.gif
2004.08.26 15:59 B E:\Documents and Settings\Adam Knox\Desktop\SKATE WORLD UNCLEAN\public_html\images\zelda\faq.gif <-- Skate world /public_html/images/zelda faq.gif
2004.08.26 15:59 B E:\Documents and Settings\Adam Knox\Desktop\SKATE WORLD UNCLEAN\public_html\images\zelda\find.gif <-- Skate world /public_html/images/zelda find.gif
2004.08.26 15:59 B E:\Documents and Settings\Adam Knox\Desktop\SKATE WORLD UNCLEAN\public_html\images\zelda\folder.gif <-- Skate world /public_html/images/zelda folder.gif
2004.08.26 15:59 B E:\Documents and Settings\Adam Knox\Desktop\SKATE WORLD UNCLEAN\public_html\images\zelda\home.gif <-- Skate world /public_html/images/zelda home.gif
2004.08.26 15:59 B E:\Documents and Settings\Adam Knox\Desktop\SKATE WORLD UNCLEAN\public_html\images\zelda\hot_folder.gif <-- Skate world /public_html/images/zelda hot_folder.gif
2004.08.26 15:59 B E:\Documents and Settings\Adam Knox\Desktop\SKATE WORLD UNCLEAN\public_html\images\zelda\hot_red_folder.gif <-- Skate world /public_html/images/zelda hot_red_folder.gif
2004.08.26 15:59 B E:\Documents and Settings\Adam Knox\Desktop\SKATE WORLD UNCLEAN\public_html\images\zelda\icq_add.gif <-- Skate world /public_html/images/zelda icq_add.gif
2004.08.26 15:59 B E:\Documents and Settings\Adam Knox\Desktop\SKATE WORLD UNCLEAN\public_html\images\zelda\inbox.gif <-- Skate world /public_html/images/zelda inbox.gif
2004.08.26 15:59 B E:\Documents and Settings\Adam Knox\Desktop\SKATE WORLD UNCLEAN\public_html\images\zelda\ip.gif <-- Skate world /public_html/images/zelda ip.gif
2004.08.26 15:59 B E:\Documents and Settings\Adam Knox\Desktop\SKATE WORLD UNCLEAN\public_html\images\zelda\ipost.gif <-- Skate world /public_html/images/zelda ipost.gif
2004.08.26 15:59 B E:\Documents and Settings\Adam Knox\Desktop\SKATE WORLD UNCLEAN\public_html\images\zelda\kback.gif <-- Skate world /public_html/images/zelda kback.gif
2004.08.26 15:59 B E:\Documents and Settings\Adam Knox\Desktop\SKATE WORLD UNCLEAN\public_html\images\zelda\kbar.gif <-- Skate world /public_html/images/zelda kbar.gif
2004.08.26 15:59 B E:\Documents and Settings\Adam Knox\Desktop\SKATE WORLD UNCLEAN\public_html\images\zelda\kbg.jpg <-- Skate world /public_html/images/zelda kbg.jpg
2004.08.26 15:59 B E:\Documents and Settings\Adam Knox\Desktop\SKATE WORLD UNCLEAN\public_html\images\zelda\lastpost.gif <-- Skate world /public_html/images/zelda lastpost.gif
2004.08.26 15:59 B E:\Documents and Settings\Adam Knox\Desktop\SKATE WORLD UNCLEAN\public_html\images\zelda\legendofzelda.xmb <-- Skate world /public_html/images/zelda legendofzelda.xmb
2004.08.26 15:59 B E:\Documents and Settings\Adam Knox\Desktop\SKATE WORLD UNCLEAN\public_html\images\zelda\lock_folder.gif <-- Skate world /public_html/images/zelda lock_folder.gif
2004.08.26 15:59 B E:\Documents and Settings\Adam Knox\Desktop\SKATE WORLD UNCLEAN\public_html\images\zelda\locku2u.gif <-- Skate world /public_html/images/zelda locku2u.gif
2004.08.26 15:59 B E:\Documents and Settings\Adam Knox\Desktop\SKATE WORLD UNCLEAN\public_html\images\zelda\members_list.gif <-- Skate world /public_html/images/zelda members_list.gif
2004.08.26 15:59 B E:\Documents and Settings\Adam Knox\Desktop\SKATE WORLD UNCLEAN\public_html\images\zelda\msn.gif <-- Skate world /public_html/images/zelda msn.gif
2004.08.26 15:59 B E:\Documents and Settings\Adam Knox\Desktop\SKATE WORLD UNCLEAN\public_html\images\zelda\newtopic.gif <-- Skate world /public_html/images/zelda newtopic.gif
2004.08.26 15:59 B E:\Documents and Settings\Adam Knox\Desktop\SKATE WORLD UNCLEAN\public_html\images\zelda\newu2u.gif <-- Skate world /public_html/images/zelda newu2u.gif
2004.08.26 15:59 B E:\Documents and Settings\Adam Knox\Desktop\SKATE WORLD UNCLEAN\public_html\images\zelda\online.gif <-- Skate world /public_html/images/zelda online.gif
2004.08.26 15:59 B E:\Documents and Settings\Adam Knox\Desktop\SKATE WORLD UNCLEAN\public_html\images\zelda\openav.gif <-- Skate world /public_html/images/zelda openav.gif
2004.08.26 15:59 B E:\Documents and Settings\Adam Knox\Desktop\SKATE WORLD UNCLEAN\public_html\images\zelda\outbox.gif <-- Skate world /public_html/images/zelda outbox.gif
2004.08.26 15:59 B E:\Documents and Settings\Adam Knox\Desktop\SKATE WORLD UNCLEAN\public_html\images\zelda\poll.gif <-- Skate world /public_html/images/zelda poll.gif
2004.08.26 15:59 B E:\Documents and Settings\Adam Knox\Desktop\SKATE WORLD UNCLEAN\public_html\images\zelda\pollbar-e.gif <-- Skate world /public_html/images/zelda pollbar-e.gif
2004.08.26 15:59 B E:\Documents and Settings\Adam Knox\Desktop\SKATE WORLD UNCLEAN\public_html\images\zelda\pollbar-s.gif <-- Skate world /public_html/images/zelda pollbar-s.gif
2004.08.26 15:59 B E:\Documents and Settings\Adam Knox\Desktop\SKATE WORLD UNCLEAN\public_html\images\zelda\pollbar.gif <-- Skate world /public_html/images/zelda pollbar.gif
2004.08.26 15:59 B E:\Documents and Settings\Adam Knox\Desktop\SKATE WORLD UNCLEAN\public_html\images\zelda\profile.gif <-- Skate world /public_html/images/zelda profile.gif
2004.08.26 15:59 B E:\Documents and Settings\Adam Knox\Desktop\SKATE WORLD UNCLEAN\public_html\images\zelda\quote.gif <-- Skate world /public_html/images/zelda quote.gif
2004.08.26 15:59 B E:\Documents and Settings\Adam Knox\Desktop\SKATE WORLD UNCLEAN\public_html\images\zelda\red_folder.gif <-- Skate world /public_html/images/zelda red_folder.gif
2004.08.26 15:59 B E:\Documents and Settings\Adam Knox\Desktop\SKATE WORLD UNCLEAN\public_html\images\zelda\reply.gif <-- Skate world /public_html/images/zelda reply.gif
2004.08.26 15:59 B E:\Documents and Settings\Adam Knox\Desktop\SKATE WORLD UNCLEAN\public_html\images\zelda\report.gif <-- Skate world /public_html/images/zelda report.gif
2004.08.26 15:59 B E:\Documents and Settings\Adam Knox\Desktop\SKATE WORLD UNCLEAN\public_html\images\zelda\search.gif <-- Skate world /public_html/images/zelda search.gif
2004.08.26 15:59 B E:\Documents and Settings\Adam Knox\Desktop\SKATE WORLD UNCLEAN\public_html\images\zelda\site.gif <-- Skate world /public_html/images/zelda site.gif
2004.08.26 15:59 B E:\Documents and Settings\Adam Knox\Desktop\SKATE WORLD UNCLEAN\public_html\images\zelda\star.gif <-- Skate world /public_html/images/zelda star.gif
2004.08.26 16:00 B E:\Documents and Settings\Adam Knox\Desktop\SKATE WORLD UNCLEAN\public_html\images\zelda\stats.gif <-- Skate world /public_html/images/zelda stats.gif
2004.08.26 16:00 B E:\Documents and Settings\Adam Knox\Desktop\SKATE WORLD UNCLEAN\public_html\images\zelda\Thumbs.db <-- Skate world /public_html/images/zelda Thumbs.db
2004.08.26 16:00 B E:\Documents and Settings\Adam Knox\Desktop\SKATE WORLD UNCLEAN\public_html\images\zelda\todays_posts.gif <-- Skate world /public_html/images/zelda todays_posts.gif
2004.08.26 16:00 B E:\Documents and Settings\Adam Knox\Desktop\SKATE WORLD UNCLEAN\public_html\images\zelda\topav.gif <-- Skate world /public_html/images/zelda topav.gif
2004.08.26 16:00 B E:\Documents and Settings\Adam Knox\Desktop\SKATE WORLD UNCLEAN\public_html\images\zelda\u2u.gif <-- Skate world /public_html/images/zelda u2u.gif
2004.08.26 16:00 B E:\Documents and Settings\Adam Knox\Desktop\SKATE WORLD UNCLEAN\public_html\images\zelda\xmbheader.gif <-- Skate world /public_html/images/zelda xmbheader.gif
2004.08.26 16:00 B E:\Documents and Settings\Adam Knox\Desktop\SKATE WORLD UNCLEAN\public_html\images\zelda\yahoo.gif <-- Skate world /public_html/images/zelda yahoo.gif
2004.08.26 16:00 B E:\Documents and Settings\Adam Knox\Desktop\SKATE WORLD UNCLEAN\public_html\images\zelda\zback.gif <-- Skate world /public_html/images/zelda zback.gif
2004.08.26 16:00 B E:\Documents and Settings\Adam Knox\Desktop\SKATE WORLD UNCLEAN\public_html\images\zelda\zpbg.jpg <-- Skate world /public_html/images/zelda zpbg.jpg
2004.08.26 21:35 B E:\Documents and Settings\Adam Knox\Desktop\Skate world redone\forum\images\zelda\address.gif --> ftp.skate-world.net /public_html/forum/images/zelda address.gif
2004.08.26 21:35 B E:\Documents and Settings\Adam Knox\Desktop\Skate world redone\forum\images\zelda\aim.gif --> ftp.skate-world.net /public_html/forum/images/zelda aim.gif
2004.08.26 21:35 B E:\Documents and Settings\Adam Knox\Desktop\Skate world redone\forum\images\zelda\arrow_dw.gif --> ftp.skate-world.net /public_html/forum/images/zelda arrow_dw.gif
2004.08.26 21:35 B E:\Documents and Settings\Adam Knox\Desktop\Skate world redone\forum\images\zelda\arrow_up.gif --> ftp.skate-world.net /public_html/forum/images/zelda arrow_up.gif
2004.08.26 21:35 B E:\Documents and Settings\Adam Knox\Desktop\Skate world redone\forum\images\zelda\avatars.gif --> ftp.skate-world.net /public_html/forum/images/zelda avatars.gif
2004.08.26 21:35 B E:\Documents and Settings\Adam Knox\Desktop\Skate world redone\forum\images\zelda\bb_bold.gif --> ftp.skate-world.net /public_html/forum/images/zelda bb_bold.gif
2004.08.26 21:35 B E:\Documents and Settings\Adam Knox\Desktop\Skate world redone\forum\images\zelda\bb_center.gif --> ftp.skate-world.net /public_html/forum/images/zelda bb_center.gif
2004.08.26 21:35 B E:\Documents and Settings\Adam Knox\Desktop\Skate world redone\forum\images\zelda\bb_code.gif --> ftp.skate-world.net /public_html/forum/images/zelda bb_code.gif
2004.08.26 21:35 B E:\Documents and Settings\Adam Knox\Desktop\Skate world redone\forum\images\zelda\bb_email.gif --> ftp.skate-world.net /public_html/forum/images/zelda bb_email.gif
2004.08.26 21:35 B E:\Documents and Settings\Adam Knox\Desktop\Skate world redone\forum\images\zelda\bb_image.gif --> ftp.skate-world.net /public_html/forum/images/zelda bb_image.gif
2004.08.26 21:35 B E:\Documents and Settings\Adam Knox\Desktop\Skate world redone\forum\images\zelda\bb_italicize.gif --> ftp.skate-world.net /public_html/forum/images/zelda bb_italicize.gif
2004.08.26 21:35 B E:\Documents and Settings\Adam Knox\Desktop\Skate world redone\forum\images\zelda\bb_list.gif --> ftp.skate-world.net /public_html/forum/images/zelda bb_list.gif
2004.08.26 21:35 B E:\Documents and Settings\Adam Knox\Desktop\Skate world redone\forum\images\zelda\bb_quote.gif --> ftp.skate-world.net /public_html/forum/images/zelda bb_quote.gif
2004.08.26 21:35 B E:\Documents and Settings\Adam Knox\Desktop\Skate world redone\forum\images\zelda\bb_underline.gif --> ftp.skate-world.net /public_html/forum/images/zelda bb_underline.gif
2004.08.26 21:35 B E:\Documents and Settings\Adam Knox\Desktop\Skate world redone\forum\images\zelda\bb_url.gif --> ftp.skate-world.net /public_html/forum/images/zelda bb_url.gif
2004.08.26 21:35 B E:\Documents and Settings\Adam Knox\Desktop\Skate world redone\forum\images\zelda\bbrules.gif --> ftp.skate-world.net /public_html/forum/images/zelda bbrules.gif
2004.08.26 21:35 B E:\Documents and Settings\Adam Knox\Desktop\Skate world redone\forum\images\zelda\closeav.gif --> ftp.skate-world.net /public_html/forum/images/zelda closeav.gif
2004.08.26 21:35 B E:\Documents and Settings\Adam Knox\Desktop\Skate world redone\forum\images\zelda\dot_folder.gif --> ftp.skate-world.net /public_html/forum/images/zelda dot_folder.gif
2004.08.26 21:36 B E:\Documents and Settings\Adam Knox\Desktop\Skate world redone\forum\images\zelda\dot_hot_folder.gif --> ftp.skate-world.net /public_html/forum/images/zelda dot_hot_folder.gif
2004.08.26 21:36 B E:\Documents and Settings\Adam Knox\Desktop\Skate world redone\forum\images\zelda\dot_hot_red_folder.gif --> ftp.skate-world.net /public_html/forum/images/zelda dot_hot_red_folder.gif
2004.08.26 21:36 B E:\Documents and Settings\Adam Knox\Desktop\Skate world redone\forum\images\zelda\dot_red_folder.gif --> ftp.skate-world.net /public_html/forum/images/zelda dot_red_folder.gif
2004.08.26 21:36 B E:\Documents and Settings\Adam Knox\Desktop\Skate world redone\forum\images\zelda\edit.gif --> ftp.skate-world.net /public_html/forum/images/zelda edit.gif
2004.08.26 21:36 B E:\Documents and Settings\Adam Knox\Desktop\Skate world redone\forum\images\zelda\email.gif --> ftp.skate-world.net /public_html/forum/images/zelda email.gif
2004.08.26 21:36 B E:\Documents and Settings\Adam Knox\Desktop\Skate world redone\forum\images\zelda\faq.gif --> ftp.skate-world.net /public_html/forum/images/zelda faq.gif
2004.08.26 21:36 B E:\Documents and Settings\Adam Knox\Desktop\Skate world redone\forum\images\zelda\find.gif --> ftp.skate-world.net /public_html/forum/images/zelda find.gif
2004.08.26 21:36 B E:\Documents and Settings\Adam Knox\Desktop\Skate world redone\forum\images\zelda\folder.gif --> ftp.skate-world.net /public_html/forum/images/zelda folder.gif
2004.08.26 21:36 B E:\Documents and Settings\Adam Knox\Desktop\Skate world redone\forum\images\zelda\home.gif --> ftp.skate-world.net /public_html/forum/images/zelda home.gif
2004.08.26 21:36 B E:\Documents and Settings\Adam Knox\Desktop\Skate world redone\forum\images\zelda\hot_folder.gif --> ftp.skate-world.net /public_html/forum/images/zelda hot_folder.gif
2004.08.26 21:36 B E:\Documents and Settings\Adam Knox\Desktop\Skate world redone\forum\images\zelda\hot_red_folder.gif --> ftp.skate-world.net /public_html/forum/images/zelda hot_red_folder.gif
2004.08.26 21:36 B E:\Documents and Settings\Adam Knox\Desktop\Skate world redone\forum\images\zelda\icq_add.gif --> ftp.skate-world.net /public_html/forum/images/zelda icq_add.gif
2004.08.26 21:36 B E:\Documents and Settings\Adam Knox\Desktop\Skate world redone\forum\images\zelda\inbox.gif --> ftp.skate-world.net /public_html/forum/images/zelda inbox.gif
2004.08.26 21:36 B E:\Documents and Settings\Adam Knox\Desktop\Skate world redone\forum\images\zelda\ip.gif --> ftp.skate-world.net /public_html/forum/images/zelda ip.gif
2004.08.26 21:36 B E:\Documents and Settings\Adam Knox\Desktop\Skate world redone\forum\images\zelda\ipost.gif --> ftp.skate-world.net /public_html/forum/images/zelda ipost.gif
2004.08.26 21:36 B E:\Documents and Settings\Adam Knox\Desktop\Skate world redone\forum\images\zelda\kback.gif --> ftp.skate-world.net /public_html/forum/images/zelda kback.gif
2004.08.26 21:36 B E:\Documents and Settings\Adam Knox\Desktop\Skate world redone\forum\images\zelda\kbar.gif --> ftp.skate-world.net /public_html/forum/images/zelda kbar.gif
2004.08.26 21:36 B E:\Documents and Settings\Adam Knox\Desktop\Skate world redone\forum\images\zelda\kbg.jpg --> ftp.skate-world.net /public_html/forum/images/zelda kbg.jpg
2004.08.26 21:36 B E:\Documents and Settings\Adam Knox\Desktop\Skate world redone\forum\images\zelda\lastpost.gif --> ftp.skate-world.net /public_html/forum/images/zelda lastpost.gif
2004.08.26 21:36 B E:\Documents and Settings\Adam Knox\Desktop\Skate world redone\forum\images\zelda\legendofzelda.xmb --> ftp.skate-world.net /public_html/forum/images/zelda legendofzelda.xmb
2004.08.26 21:36 B E:\Documents and Settings\Adam Knox\Desktop\Skate world redone\forum\images\zelda\lock_folder.gif --> ftp.skate-world.net /public_html/forum/images/zelda lock_folder.gif
2004.08.26 21:36 B E:\Documents and Settings\Adam Knox\Desktop\Skate world redone\forum\images\zelda\locku2u.gif --> ftp.skate-world.net /public_html/forum/images/zelda locku2u.gif
2004.08.26 21:36 B E:\Documents and Settings\Adam Knox\Desktop\Skate world redone\forum\images\zelda\members_list.gif --> ftp.skate-world.net /public_html/forum/images/zelda members_list.gif
2004.08.26 21:36 B E:\Documents and Settings\Adam Knox\Desktop\Skate world redone\forum\images\zelda\msn.gif --> ftp.skate-world.net /public_html/forum/images/zelda msn.gif
2004.08.26 21:36 B E:\Documents and Settings\Adam Knox\Desktop\Skate world redone\forum\images\zelda\newtopic.gif --> ftp.skate-world.net /public_html/forum/images/zelda newtopic.gif
2004.08.26 21:36 B E:\Documents and Settings\Adam Knox\Desktop\Skate world redone\forum\images\zelda\newu2u.gif --> ftp.skate-world.net /public_html/forum/images/zelda newu2u.gif
2004.08.26 21:36 B E:\Documents and Settings\Adam Knox\Desktop\Skate world redone\forum\images\zelda\online.gif --> ftp.skate-world.net /public_html/forum/images/zelda online.gif
2004.08.26 21:36 B E:\Documents and Settings\Adam Knox\Desktop\Skate world redone\forum\images\zelda\openav.gif --> ftp.skate-world.net /public_html/forum/images/zelda openav.gif
2004.08.26 21:36 B E:\Documents and Settings\Adam Knox\Desktop\Skate world redone\forum\images\zelda\outbox.gif --> ftp.skate-world.net /public_html/forum/images/zelda outbox.gif
2004.08.26 21:36 B E:\Documents and Settings\Adam Knox\Desktop\Skate world redone\forum\images\zelda\poll.gif --> ftp.skate-world.net /public_html/forum/images/zelda poll.gif
2004.08.26 21:36 B E:\Documents and Settings\Adam Knox\Desktop\Skate world redone\forum\images\zelda\pollbar-e.gif --> ftp.skate-world.net /public_html/forum/images/zelda pollbar-e.gif
2004.08.26 21:36 B E:\Documents and Settings\Adam Knox\Desktop\Skate world redone\forum\images\zelda\pollbar-s.gif --> ftp.skate-world.net /public_html/forum/images/zelda pollbar-s.gif
2004.08.26 21:36 B E:\Documents and Settings\Adam Knox\Desktop\Skate world redone\forum\images\zelda\pollbar.gif --> ftp.skate-world.net /public_html/forum/images/zelda pollbar.gif
2004.08.26 21:36 B E:\Documents and Settings\Adam Knox\Desktop\Skate world redone\forum\images\zelda\profile.gif --> ftp.skate-world.net /public_html/forum/images/zelda profile.gif
2004.08.26 21:36 B E:\Documents and Settings\Adam Knox\Desktop\Skate world redone\forum\images\zelda\quote.gif --> ftp.skate-world.net /public_html/forum/images/zelda quote.gif
2004.08.26 21:36 B E:\Documents and Settings\Adam Knox\Desktop\Skate world redone\forum\images\zelda\red_folder.gif --> ftp.skate-world.net /public_html/forum/images/zelda red_folder.gif
2004.08.26 21:36 B E:\Documents and Settings\Adam Knox\Desktop\Skate world redone\forum\images\zelda\reply.gif --> ftp.skate-world.net /public_html/forum/images/zelda reply.gif
2004.08.26 21:36 B E:\Documents and Settings\Adam Knox\Desktop\Skate world redone\forum\images\zelda\report.gif --> ftp.skate-world.net /public_html/forum/images/zelda report.gif
2004.08.26 21:36 B E:\Documents and Settings\Adam Knox\Desktop\Skate world redone\forum\images\zelda\search.gif --> ftp.skate-world.net /public_html/forum/images/zelda search.gif
2004.08.26 21:36 B E:\Documents and Settings\Adam Knox\Desktop\Skate world redone\forum\images\zelda\site.gif --> ftp.skate-world.net /public_html/forum/images/zelda site.gif
2004.08.26 21:36 B E:\Documents and Settings\Adam Knox\Desktop\Skate world redone\forum\images\zelda\star.gif --> ftp.skate-world.net /public_html/forum/images/zelda star.gif
2004.08.26 21:36 B E:\Documents and Settings\Adam Knox\Desktop\Skate world redone\forum\images\zelda\stats.gif --> ftp.skate-world.net /public_html/forum/images/zelda stats.gif
2004.08.26 21:36 B E:\Documents and Settings\Adam Knox\Desktop\Skate world redone\forum\images\zelda\Thumbs.db --> ftp.skate-world.net /public_html/forum/images/zelda Thumbs.db
2004.08.26 21:36 B E:\Documents and Settings\Adam Knox\Desktop\Skate world redone\forum\images\zelda\todays_posts.gif --> ftp.skate-world.net /public_html/forum/images/zelda todays_posts.gif
2004.08.26 21:36 B E:\Documents and Settings\Adam Knox\Desktop\Skate world redone\forum\images\zelda\topav.gif --> ftp.skate-world.net /public_html/forum/images/zelda topav.gif
2004.08.26 21:36 B E:\Documents and Settings\Adam Knox\Desktop\Skate world redone\forum\images\zelda\u2u.gif --> ftp.skate-world.net /public_html/forum/images/zelda u2u.gif
2004.09.20 16:45 B E:\Documents and Settings\Adam Knox\My Documents\Skate World\backup\forum\images\zelda\WS_FTP.LOG <-- Skate world Temporary /public_html/forum/images/zelda WS_FTP.LOG
2004.09.20 16:45 B E:\Documents and Settings\Adam Knox\My Documents\Skate World\backup\forum\images\zelda\xmbheader.gif <-- Skate world Temporary /public_html/forum/images/zelda xmbheader.gif
2004.09.20 16:45 B E:\Documents and Settings\Adam Knox\My Documents\Skate World\backup\forum\images\zelda\yahoo.gif <-- Skate world Temporary /public_html/forum/images/zelda yahoo.gif
2004.09.20 16:45 B E:\Documents and Settings\Adam Knox\My Documents\Skate World\backup\forum\images\zelda\zback.gif <-- Skate world Temporary /public_html/forum/images/zelda zback.gif
2004.09.20 16:45 B E:\Documents and Settings\Adam Knox\My Documents\Skate World\backup\forum\images\zelda\zpbg.jpg <-- Skate world Temporary /public_html/forum/images/zelda zpbg.jpg
2004.10.03 13:23 B G:\Documents and Settings\bilbo\My Documents\SwitchSkate\Skate World\backup\FOLDERS\forum\images\zelda\address.gif --> host215.ipowerweb.com /public_html/forum/images/zelda address.gif
2004.10.03 13:23 B G:\Documents and Settings\bilbo\My Documents\SwitchSkate\Skate World\backup\FOLDERS\forum\images\zelda\aim.gif --> host215.ipowerweb.com /public_html/forum/images/zelda aim.gif
2004.10.03 13:23 B G:\Documents and Settings\bilbo\My Documents\SwitchSkate\Skate World\backup\FOLDERS\forum\images\zelda\arrow_dw.gif --> host215.ipowerweb.com /public_html/forum/images/zelda arrow_dw.gif
2004.10.03 13:23 B G:\Documents and Settings\bilbo\My Documents\SwitchSkate\Skate World\backup\FOLDERS\forum\images\zelda\arrow_up.gif --> host215.ipowerweb.com /public_html/forum/images/zelda arrow_up.gif
2004.10.03 13:23 B G:\Documents and Settings\bilbo\My Documents\SwitchSkate\Skate World\backup\FOLDERS\forum\images\zelda\avatars.gif --> host215.ipowerweb.com /public_html/forum/images/zelda avatars.gif
2004.10.03 13:23 B G:\Documents and Settings\bilbo\My Documents\SwitchSkate\Skate World\backup\FOLDERS\forum\images\zelda\bb_bold.gif --> host215.ipowerweb.com /public_html/forum/images/zelda bb_bold.gif
2004.10.03 13:23 B G:\Documents and Settings\bilbo\My Documents\SwitchSkate\Skate World\backup\FOLDERS\forum\images\zelda\bb_center.gif --> host215.ipowerweb.com /public_html/forum/images/zelda bb_center.gif
2004.10.03 13:23 B G:\Documents and Settings\bilbo\My Documents\SwitchSkate\Skate World\backup\FOLDERS\forum\images\zelda\bb_code.gif --> host215.ipowerweb.com /public_html/forum/images/zelda bb_code.gif
2004.10.03 13:23 B G:\Documents and Settings\bilbo\My Documents\SwitchSkate\Skate World\backup\FOLDERS\forum\images\zelda\bb_email.gif --> host215.ipowerweb.com /public_html/forum/images/zelda bb_email.gif
2004.10.03 13:23 B G:\Documents and Settings\bilbo\My Documents\SwitchSkate\Skate World\backup\FOLDERS\forum\images\zelda\bb_image.gif --> host215.ipowerweb.com /public_html/forum/images/zelda bb_image.gif
2004.10.03 13:23 B G:\Documents and Settings\bilbo\My Documents\SwitchSkate\Skate World\backup\FOLDERS\forum\images\zelda\bb_italicize.gif --> host215.ipowerweb.com /public_html/forum/images/zelda bb_italicize.gif
2004.10.03 13:23 B G:\Documents and Settings\bilbo\My Documents\SwitchSkate\Skate World\backup\FOLDERS\forum\images\zelda\bb_list.gif --> host215.ipowerweb.com /public_html/forum/images/zelda bb_list.gif
2004.10.03 13:23 B G:\Documents and Settings\bilbo\My Documents\SwitchSkate\Skate World\backup\FOLDERS\forum\images\zelda\bb_quote.gif --> host215.ipowerweb.com /public_html/forum/images/zelda bb_quote.gif
2004.10.03 13:23 B G:\Documents and Settings\bilbo\My Documents\SwitchSkate\Skate World\backup\FOLDERS\forum\images\zelda\bb_underline.gif --> host215.ipowerweb.com /public_html/forum/images/zelda bb_underline.gif
2004.10.03 13:23 B G:\Documents and Settings\bilbo\My Documents\SwitchSkate\Skate World\backup\FOLDERS\forum\images\zelda\bb_url.gif --> host215.ipowerweb.com /public_html/forum/images/zelda bb_url.gif
2004.10.03 13:24 B G:\Documents and Settings\bilbo\My Documents\SwitchSkate\Skate World\backup\FOLDERS\forum\images\zelda\bbrules.gif --> host215.ipowerweb.com /public_html/forum/images/zelda bbrules.gif
2004.10.03 13:24 B G:\Documents and Settings\bilbo\My Documents\SwitchSkate\Skate World\backup\FOLDERS\forum\images\zelda\closeav.gif --> host215.ipowerweb.com /public_html/forum/images/zelda closeav.gif
2004.10.03 13:24 B G:\Documents and Settings\bilbo\My Documents\SwitchSkate\Skate World\backup\FOLDERS\forum\images\zelda\dot_folder.gif --> host215.ipowerweb.com /public_html/forum/images/zelda dot_folder.gif
2004.10.03 13:24 B G:\Documents and Settings\bilbo\My Documents\SwitchSkate\Skate World\backup\FOLDERS\forum\images\zelda\dot_hot_folder.gif --> host215.ipowerweb.com /public_html/forum/images/zelda dot_hot_folder.gif
2004.10.03 13:24 B G:\Documents and Settings\bilbo\My Documents\SwitchSkate\Skate World\backup\FOLDERS\forum\images\zelda\dot_hot_red_folder.gif --> host215.ipowerweb.com /public_html/forum/images/zelda dot_hot_red_folder.gif
2004.10.03 13:24 B G:\Documents and Settings\bilbo\My Documents\SwitchSkate\Skate World\backup\FOLDERS\forum\images\zelda\dot_red_folder.gif --> host215.ipowerweb.com /public_html/forum/images/zelda dot_red_folder.gif
2004.10.03 13:24 B G:\Documents and Settings\bilbo\My Documents\SwitchSkate\Skate World\backup\FOLDERS\forum\images\zelda\edit.gif --> host215.ipowerweb.com /public_html/forum/images/zelda edit.gif
2004.10.03 13:24 B G:\Documents and Settings\bilbo\My Documents\SwitchSkate\Skate World\backup\FOLDERS\forum\images\zelda\email.gif --> host215.ipowerweb.com /public_html/forum/images/zelda email.gif
2004.10.03 13:24 B G:\Documents and Settings\bilbo\My Documents\SwitchSkate\Skate World\backup\FOLDERS\forum\images\zelda\faq.gif --> host215.ipowerweb.com /public_html/forum/images/zelda faq.gif
2004.10.03 13:24 B G:\Documents and Settings\bilbo\My Documents\SwitchSkate\Skate World\backup\FOLDERS\forum\images\zelda\find.gif --> host215.ipowerweb.com /public_html/forum/images/zelda find.gif
2004.10.03 13:24 B G:\Documents and Settings\bilbo\My Documents\SwitchSkate\Skate World\backup\FOLDERS\forum\images\zelda\folder.gif --> host215.ipowerweb.com /public_html/forum/images/zelda folder.gif
2004.10.03 13:24 B G:\Documents and Settings\bilbo\My Documents\SwitchSkate\Skate World\backup\FOLDERS\forum\images\zelda\home.gif --> host215.ipowerweb.com /public_html/forum/images/zelda home.gif
2004.10.03 13:24 B G:\Documents and Settings\bilbo\My Documents\SwitchSkate\Skate World\backup\FOLDERS\forum\images\zelda\hot_folder.gif --> host215.ipowerweb.com /public_html/forum/images/zelda hot_folder.gif
2004.10.03 13:24 B G:\Documents and Settings\bilbo\My Documents\SwitchSkate\Skate World\backup\FOLDERS\forum\images\zelda\hot_red_folder.gif --> host215.ipowerweb.com /public_html/forum/images/zelda hot_red_folder.gif
2004.10.03 13:24 B G:\Documents and Settings\bilbo\My Documents\SwitchSkate\Skate World\backup\FOLDERS\forum\images\zelda\icq_add.gif --> host215.ipowerweb.com /public_html/forum/images/zelda icq_add.gif
2004.10.03 13:24 B G:\Documents and Settings\bilbo\My Documents\SwitchSkate\Skate World\backup\FOLDERS\forum\images\zelda\inbox.gif --> host215.ipowerweb.com /public_html/forum/images/zelda inbox.gif
2004.10.03 13:24 B G:\Documents and Settings\bilbo\My Documents\SwitchSkate\Skate World\backup\FOLDERS\forum\images\zelda\ip.gif --> host215.ipowerweb.com /public_html/forum/images/zelda ip.gif
2004.10.03 13:24 B G:\Documents and Settings\bilbo\My Documents\SwitchSkate\Skate World\backup\FOLDERS\forum\images\zelda\ipost.gif --> host215.ipowerweb.com /public_html/forum/images/zelda ipost.gif
2004.10.03 13:24 B G:\Documents and Settings\bilbo\My Documents\SwitchSkate\Skate World\backup\FOLDERS\forum\images\zelda\kback.gif --> host215.ipowerweb.com /public_html/forum/images/zelda kback.gif
2004.10.03 13:24 B G:\Documents and Settings\bilbo\My Documents\SwitchSkate\Skate World\backup\FOLDERS\forum\images\zelda\kbar.gif --> host215.ipowerweb.com /public_html/forum/images/zelda kbar.gif
2004.10.03 13:24 B G:\Documents and Settings\bilbo\My Documents\SwitchSkate\Skate World\backup\FOLDERS\forum\images\zelda\kbg.jpg --> host215.ipowerweb.com /public_html/forum/images/zelda kbg.jpg
2004.10.03 13:24 B G:\Documents and Settings\bilbo\My Documents\SwitchSkate\Skate World\backup\FOLDERS\forum\images\zelda\lastpost.gif --> host215.ipowerweb.com /public_html/forum/images/zelda lastpost.gif
2004.10.03 13:24 B G:\Documents and Settings\bilbo\My Documents\SwitchSkate\Skate World\backup\FOLDERS\forum\images\zelda\legendofzelda.xmb --> host215.ipowerweb.com /public_html/forum/images/zelda legendofzelda.xmb
2004.10.03 13:24 B G:\Documents and Settings\bilbo\My Documents\SwitchSkate\Skate World\backup\FOLDERS\forum\images\zelda\lock_folder.gif --> host215.ipowerweb.com /public_html/forum/images/zelda lock_folder.gif
2004.10.03 13:24 B G:\Documents and Settings\bilbo\My Documents\SwitchSkate\Skate World\backup\FOLDERS\forum\images\zelda\locku2u.gif --> host215.ipowerweb.com /public_html/forum/images/zelda locku2u.gif
2004.10.03 13:24 B G:\Documents and Settings\bilbo\My Documents\SwitchSkate\Skate World\backup\FOLDERS\forum\images\zelda\members_list.gif --> host215.ipowerweb.com /public_html/forum/images/zelda members_list.gif
2004.10.03 13:24 B G:\Documents and Settings\bilbo\My Documents\SwitchSkate\Skate World\backup\FOLDERS\forum\images\zelda\msn.gif --> host215.ipowerweb.com /public_html/forum/images/zelda msn.gif
2004.10.03 13:24 B G:\Documents and Settings\bilbo\My Documents\SwitchSkate\Skate World\backup\FOLDERS\forum\images\zelda\newtopic.gif --> host215.ipowerweb.com /public_html/forum/images/zelda newtopic.gif
2004.10.03 13:24 B G:\Documents and Settings\bilbo\My Documents\SwitchSkate\Skate World\backup\FOLDERS\forum\images\zelda\newu2u.gif --> host215.ipowerweb.com /public_html/forum/images/zelda newu2u.gif
2004.10.03 13:24 B G:\Documents and Settings\bilbo\My Documents\SwitchSkate\Skate World\backup\FOLDERS\forum\images\zelda\online.gif --> host215.ipowerweb.com /public_html/forum/images/zelda online.gif
2004.10.03 13:24 B G:\Documents and Settings\bilbo\My Documents\SwitchSkate\Skate World\backup\FOLDERS\forum\images\zelda\openav.gif --> host215.ipowerweb.com /public_html/forum/images/zelda openav.gif
2004.10.03 13:24 B G:\Documents and Settings\bilbo\My Documents\SwitchSkate\Skate World\backup\FOLDERS\forum\images\zelda\outbox.gif --> host215.ipowerweb.com /public_html/forum/images/zelda outbox.gif
2004.10.03 13:24 B G:\Documents and Settings\bilbo\My Documents\SwitchSkate\Skate World\backup\FOLDERS\forum\images\zelda\poll.gif --> host215.ipowerweb.com /public_html/forum/images/zelda poll.gif
2004.10.03 13:24 B G:\Documents and Settings\bilbo\My Documents\SwitchSkate\Skate World\backup\FOLDERS\forum\images\zelda\pollbar-e.gif --> host215.ipowerweb.com /public_html/forum/images/zelda pollbar-e.gif
2004.10.03 13:24 B G:\Documents and Settings\bilbo\My Documents\SwitchSkate\Skate World\backup\FOLDERS\forum\images\zelda\pollbar-s.gif --> host215.ipowerweb.com /public_html/forum/images/zelda pollbar-s.gif
2004.10.03 13:24 B G:\Documents and Settings\bilbo\My Documents\SwitchSkate\Skate World\backup\FOLDERS\forum\images\zelda\pollbar.gif --> host215.ipowerweb.com /public_html/forum/images/zelda pollbar.gif
2004.10.03 13:24 B G:\Documents and Settings\bilbo\My Documents\SwitchSkate\Skate World\backup\FOLDERS\forum\images\zelda\profile.gif --> host215.ipowerweb.com /public_html/forum/images/zelda profile.gif
2004.10.03 13:24 B G:\Documents and Settings\bilbo\My Documents\SwitchSkate\Skate World\backup\FOLDERS\forum\images\zelda\quote.gif --> host215.ipowerweb.com /public_html/forum/images/zelda quote.gif
2004.10.03 13:24 B G:\Documents and Settings\bilbo\My Documents\SwitchSkate\Skate World\backup\FOLDERS\forum\images\zelda\red_folder.gif --> host215.ipowerweb.com /public_html/forum/images/zelda red_folder.gif
2004.10.03 13:24 B G:\Documents and Settings\bilbo\My Documents\SwitchSkate\Skate World\backup\FOLDERS\forum\images\zelda\reply.gif --> host215.ipowerweb.com /public_html/forum/images/zelda reply.gif
2004.10.03 13:24 B G:\Documents and Settings\bilbo\My Documents\SwitchSkate\Skate World\backup\FOLDERS\forum\images\zelda\report.gif --> host215.ipowerweb.com /public_html/forum/images/zelda report.gif
2004.10.03 13:24 B G:\Documents and Settings\bilbo\My Documents\SwitchSkate\Skate World\backup\FOLDERS\forum\images\zelda\search.gif --> host215.ipowerweb.com /public_html/forum/images/zelda search.gif
2004.10.03 13:24 B G:\Documents and Settings\bilbo\My Documents\SwitchSkate\Skate World\backup\FOLDERS\forum\images\zelda\site.gif --> host215.ipowerweb.com /public_html/forum/images/zelda site.gif
2004.10.03 13:24 B G:\Documents and Settings\bilbo\My Documents\SwitchSkate\Skate World\backup\FOLDERS\forum\images\zelda\star.gif --> host215.ipowerweb.com /public_html/forum/images/zelda star.gif
2004.10.03 13:24 B G:\Documents and Settings\bilbo\My Documents\SwitchSkate\Skate World\backup\FOLDERS\forum\images\zelda\stats.gif --> host215.ipowerweb.com /public_html/forum/images/zelda stats.gif
2004.10.03 13:24 B G:\Documents and Settings\bilbo\My Documents\SwitchSkate\Skate World\backup\FOLDERS\forum\images\zelda\Thumbs.db --> host215.ipowerweb.com /public_html/forum/images/zelda Thumbs.db
2004.10.03 13:24 B G:\Documents and Settings\bilbo\My Documents\SwitchSkate\Skate World\backup\FOLDERS\forum\images\zelda\todays_posts.gif --> host215.ipowerweb.com /public_html/forum/images/zelda todays_posts.gif
2004.10.03 13:24 B G:\Documents and Settings\bilbo\My Documents\SwitchSkate\Skate World\backup\FOLDERS\forum\images\zelda\topav.gif --> host215.ipowerweb.com /public_html/forum/images/zelda topav.gif
2004.10.03 13:24 B G:\Documents and Settings\bilbo\My Documents\SwitchSkate\Skate World\backup\FOLDERS\forum\images\zelda\u2u.gif --> host215.ipowerweb.com /public_html/forum/images/zelda u2u.gif
2005.08.29 23:11 B C:\Documents and Settings\Adam.ADAMK\My Documents\Programming\Switch Skate\Layouts\Backups\File Backups\public_html\forums\images\zelda\WS_FTP.LOG <-- Switch Skate /public_html/forums/images/zelda WS_FTP.LOG
2005.08.29 23:12 B C:\Documents and Settings\Adam.ADAMK\My Documents\Programming\Switch Skate\Layouts\Backups\File Backups\public_html\forums\images\zelda\xmbheader.gif <-- Switch Skate /public_html/forums/images/zelda xmbheader.gif
2005.08.29 23:12 B C:\Documents and Settings\Adam.ADAMK\My Documents\Programming\Switch Skate\Layouts\Backups\File Backups\public_html\forums\images\zelda\yahoo.gif <-- Switch Skate /public_html/forums/images/zelda yahoo.gif
2005.08.29 23:12 B C:\Documents and Settings\Adam.ADAMK\My Documents\Programming\Switch Skate\Layouts\Backups\File Backups\public_html\forums\images\zelda\zback.gif <-- Switch Skate /public_html/forums/images/zelda zback.gif
2005.08.29 23:12 B C:\Documents and Settings\Adam.ADAMK\My Documents\Programming\Switch Skate\Layouts\Backups\File Backups\public_html\forums\images\zelda\zpbg.jpg <-- Switch Skate /public_html/forums/images/zelda zpbg.jpg
