2004.08.26 16:09 B E:\Documents and Settings\Adam Knox\Desktop\SKATE WORLD UNCLEAN\public_html\poll\blue.gif <-- Skate world /public_html/poll blue.gif
2004.08.26 16:09 B E:\Documents and Settings\Adam Knox\Desktop\SKATE WORLD UNCLEAN\public_html\poll\error_log <-- Skate world /public_html/poll error_log
2004.08.26 16:09 B E:\Documents and Settings\Adam Knox\Desktop\SKATE WORLD UNCLEAN\public_html\poll\index.php <-- Skate world /public_html/poll index.php
2004.08.26 16:09 B E:\Documents and Settings\Adam Knox\Desktop\SKATE WORLD UNCLEAN\public_html\poll\install.txt <-- Skate world /public_html/poll install.txt
2004.08.26 16:09 B E:\Documents and Settings\Adam Knox\Desktop\SKATE WORLD UNCLEAN\public_html\poll\pastpoll.php <-- Skate world /public_html/poll pastpoll.php
2004.08.26 16:09 B E:\Documents and Settings\Adam Knox\Desktop\SKATE WORLD UNCLEAN\public_html\poll\pastresults.php <-- Skate world /public_html/poll pastresults.php
2004.08.26 16:09 B E:\Documents and Settings\Adam Knox\Desktop\SKATE WORLD UNCLEAN\public_html\poll\poll.php <-- Skate world /public_html/poll poll.php
2004.08.26 21:44 B E:\Documents and Settings\Adam Knox\Desktop\Skate world redone\poll\blue.gif --> ftp.skate-world.net /public_html/poll blue.gif
2004.08.26 21:44 B E:\Documents and Settings\Adam Knox\Desktop\Skate world redone\poll\error_log --> ftp.skate-world.net /public_html/poll error_log
2004.08.26 21:44 B E:\Documents and Settings\Adam Knox\Desktop\Skate world redone\poll\index.php --> ftp.skate-world.net /public_html/poll index.php
2004.08.26 21:44 B E:\Documents and Settings\Adam Knox\Desktop\Skate world redone\poll\install.txt --> ftp.skate-world.net /public_html/poll install.txt
2004.08.26 21:44 B E:\Documents and Settings\Adam Knox\Desktop\Skate world redone\poll\pastpoll.php --> ftp.skate-world.net /public_html/poll pastpoll.php
2004.08.26 21:44 B E:\Documents and Settings\Adam Knox\Desktop\Skate world redone\poll\pastresults.php --> ftp.skate-world.net /public_html/poll pastresults.php
2004.08.26 21:44 B E:\Documents and Settings\Adam Knox\Desktop\Skate world redone\poll\poll.php --> ftp.skate-world.net /public_html/poll poll.php
2004.09.20 17:02 B E:\Documents and Settings\Adam Knox\My Documents\Skate World\backup\poll\WS_FTP.LOG <-- Skate world Temporary /public_html/poll WS_FTP.LOG
2004.10.02 21:06 B G:\Documents and Settings\bilbo\My Documents\SwitchSkate\Skate World\backup\FOLDERS\poll\blue.gif --> host215.ipowerweb.com /public_html/poll blue.gif
2004.10.02 21:06 B G:\Documents and Settings\bilbo\My Documents\SwitchSkate\Skate World\backup\FOLDERS\poll\error_log --> host215.ipowerweb.com /public_html/poll error_log
2004.10.02 21:06 B G:\Documents and Settings\bilbo\My Documents\SwitchSkate\Skate World\backup\FOLDERS\poll\index.php --> host215.ipowerweb.com /public_html/poll index.php
2004.10.02 21:06 B G:\Documents and Settings\bilbo\My Documents\SwitchSkate\Skate World\backup\FOLDERS\poll\install.txt --> host215.ipowerweb.com /public_html/poll install.txt
2004.10.02 21:06 B G:\Documents and Settings\bilbo\My Documents\SwitchSkate\Skate World\backup\FOLDERS\poll\pastpoll.php --> host215.ipowerweb.com /public_html/poll pastpoll.php
2004.10.02 21:06 B G:\Documents and Settings\bilbo\My Documents\SwitchSkate\Skate World\backup\FOLDERS\poll\pastresults.php --> host215.ipowerweb.com /public_html/poll pastresults.php
2004.10.02 21:06 B G:\Documents and Settings\bilbo\My Documents\SwitchSkate\Skate World\backup\FOLDERS\poll\poll.php --> host215.ipowerweb.com /public_html/poll poll.php
2004.10.26 18:30 B G:\Documents and Settings\bilbo\My Documents\SwitchSkate\Next Design\V3\SITE\cp\poll\WS_FTP.LOG <-- Switch Skate /public_html/poll WS_FTP.LOG
