2005.08.29 22:24 B C:\Documents and Settings\Adam.ADAMK\My Documents\Programming\Switch Skate\Layouts\Backups\File Backups\public_html\2006\buddy.php <-- Switch Skate /public_html/2006 buddy.php
2005.08.29 22:24 B C:\Documents and Settings\Adam.ADAMK\My Documents\Programming\Switch Skate\Layouts\Backups\File Backups\public_html\2006\config.php <-- Switch Skate /public_html/2006 config.php
2005.08.29 22:25 B C:\Documents and Settings\Adam.ADAMK\My Documents\Programming\Switch Skate\Layouts\Backups\File Backups\public_html\2006\cp.php <-- Switch Skate /public_html/2006 cp.php
2005.08.29 22:25 B C:\Documents and Settings\Adam.ADAMK\My Documents\Programming\Switch Skate\Layouts\Backups\File Backups\public_html\2006\cp2.php <-- Switch Skate /public_html/2006 cp2.php
2005.08.29 22:25 B C:\Documents and Settings\Adam.ADAMK\My Documents\Programming\Switch Skate\Layouts\Backups\File Backups\public_html\2006\dump_attachments.php <-- Switch Skate /public_html/2006 dump_attachments.php
2005.08.29 22:25 B C:\Documents and Settings\Adam.ADAMK\My Documents\Programming\Switch Skate\Layouts\Backups\File Backups\public_html\2006\editprofile.php <-- Switch Skate /public_html/2006 editprofile.php
2005.08.29 22:25 B C:\Documents and Settings\Adam.ADAMK\My Documents\Programming\Switch Skate\Layouts\Backups\File Backups\public_html\2006\faq.php <-- Switch Skate /public_html/2006 faq.php
2005.08.29 22:25 B C:\Documents and Settings\Adam.ADAMK\My Documents\Programming\Switch Skate\Layouts\Backups\File Backups\public_html\2006\forumdisplay.php <-- Switch Skate /public_html/2006 forumdisplay.php
2005.08.29 22:25 B C:\Documents and Settings\Adam.ADAMK\My Documents\Programming\Switch Skate\Layouts\Backups\File Backups\public_html\2006\functions.php <-- Switch Skate /public_html/2006 functions.php
2005.08.29 22:25 B C:\Documents and Settings\Adam.ADAMK\My Documents\Programming\Switch Skate\Layouts\Backups\File Backups\public_html\2006\header.php <-- Switch Skate /public_html/2006 header.php
2005.08.29 22:25 B C:\Documents and Settings\Adam.ADAMK\My Documents\Programming\Switch Skate\Layouts\Backups\File Backups\public_html\2006\index.php <-- Switch Skate /public_html/2006 index.php
2005.08.29 22:25 B C:\Documents and Settings\Adam.ADAMK\My Documents\Programming\Switch Skate\Layouts\Backups\File Backups\public_html\2006\member.php <-- Switch Skate /public_html/2006 member.php
2005.08.29 22:25 B C:\Documents and Settings\Adam.ADAMK\My Documents\Programming\Switch Skate\Layouts\Backups\File Backups\public_html\2006\memcp.php <-- Switch Skate /public_html/2006 memcp.php
2005.08.29 22:25 B C:\Documents and Settings\Adam.ADAMK\My Documents\Programming\Switch Skate\Layouts\Backups\File Backups\public_html\2006\misc.php <-- Switch Skate /public_html/2006 misc.php
2005.08.29 22:25 B C:\Documents and Settings\Adam.ADAMK\My Documents\Programming\Switch Skate\Layouts\Backups\File Backups\public_html\2006\phpinfo.php <-- Switch Skate /public_html/2006 phpinfo.php
2005.08.29 22:25 B C:\Documents and Settings\Adam.ADAMK\My Documents\Programming\Switch Skate\Layouts\Backups\File Backups\public_html\2006\post.php <-- Switch Skate /public_html/2006 post.php
2005.08.29 22:25 B C:\Documents and Settings\Adam.ADAMK\My Documents\Programming\Switch Skate\Layouts\Backups\File Backups\public_html\2006\stats.php <-- Switch Skate /public_html/2006 stats.php
2005.08.29 22:25 B C:\Documents and Settings\Adam.ADAMK\My Documents\Programming\Switch Skate\Layouts\Backups\File Backups\public_html\2006\templates.xmb <-- Switch Skate /public_html/2006 templates.xmb
2005.08.29 22:25 B C:\Documents and Settings\Adam.ADAMK\My Documents\Programming\Switch Skate\Layouts\Backups\File Backups\public_html\2006\today.php <-- Switch Skate /public_html/2006 today.php
2005.08.29 22:25 B C:\Documents and Settings\Adam.ADAMK\My Documents\Programming\Switch Skate\Layouts\Backups\File Backups\public_html\2006\tools.php <-- Switch Skate /public_html/2006 tools.php
2005.08.29 22:25 B C:\Documents and Settings\Adam.ADAMK\My Documents\Programming\Switch Skate\Layouts\Backups\File Backups\public_html\2006\topicadmin.php <-- Switch Skate /public_html/2006 topicadmin.php
2005.08.29 22:25 B C:\Documents and Settings\Adam.ADAMK\My Documents\Programming\Switch Skate\Layouts\Backups\File Backups\public_html\2006\u2u.php <-- Switch Skate /public_html/2006 u2u.php
2005.08.29 22:25 B C:\Documents and Settings\Adam.ADAMK\My Documents\Programming\Switch Skate\Layouts\Backups\File Backups\public_html\2006\u2uadmin.php <-- Switch Skate /public_html/2006 u2uadmin.php
2005.08.29 22:26 B C:\Documents and Settings\Adam.ADAMK\My Documents\Programming\Switch Skate\Layouts\Backups\File Backups\public_html\2006\viewthread.php <-- Switch Skate /public_html/2006 viewthread.php
2005.08.29 22:26 B C:\Documents and Settings\Adam.ADAMK\My Documents\Programming\Switch Skate\Layouts\Backups\File Backups\public_html\2006\xmb.php <-- Switch Skate /public_html/2006 xmb.php
