2004.05.28 18:08 B E:\Documents and Settings\Adam Knox\My Documents\Web Sites\skate world\forumsite\lang\Albanian.lang.php <-- Skate world /public_html/forum/lang Albanian.lang.php
2004.05.28 18:08 B E:\Documents and Settings\Adam Knox\My Documents\Web Sites\skate world\forumsite\lang\Dutch.lang.php <-- Skate world /public_html/forum/lang Dutch.lang.php
2004.05.28 18:08 B E:\Documents and Settings\Adam Knox\My Documents\Web Sites\skate world\forumsite\lang\English.lang.php <-- Skate world /public_html/forum/lang English.lang.php
2004.05.28 18:08 B E:\Documents and Settings\Adam Knox\My Documents\Web Sites\skate world\forumsite\lang\English.shop.php <-- Skate world /public_html/forum/lang English.shop.php
2004.05.28 18:08 B E:\Documents and Settings\Adam Knox\My Documents\Web Sites\skate world\forumsite\lang\Estonian.lang.php <-- Skate world /public_html/forum/lang Estonian.lang.php
2004.05.28 18:09 B E:\Documents and Settings\Adam Knox\My Documents\Web Sites\skate world\forumsite\lang\French.lang.php <-- Skate world /public_html/forum/lang French.lang.php
2004.05.28 18:09 B E:\Documents and Settings\Adam Knox\My Documents\Web Sites\skate world\forumsite\lang\German.lang.php <-- Skate world /public_html/forum/lang German.lang.php
2004.05.28 18:09 B E:\Documents and Settings\Adam Knox\My Documents\Web Sites\skate world\forumsite\lang\index.html <-- Skate world /public_html/forum/lang index.html
2004.05.28 18:09 B E:\Documents and Settings\Adam Knox\My Documents\Web Sites\skate world\forumsite\lang\Russian.lang.php <-- Skate world /public_html/forum/lang Russian.lang.php
2004.05.28 18:09 B E:\Documents and Settings\Adam Knox\My Documents\Web Sites\skate world\forumsite\lang\SimplifiedChinese.lang.php <-- Skate world /public_html/forum/lang SimplifiedChinese.lang.php
2004.05.28 18:09 B E:\Documents and Settings\Adam Knox\My Documents\Web Sites\skate world\forumsite\lang\Spanish.lang.php <-- Skate world /public_html/forum/lang Spanish.lang.php
2004.05.28 18:23 B E:\Documents and Settings\Adam Knox\My Documents\Web Sites\skate world\forumsite\lang\Albanian.lang.php --> ftp.skate-world.net /public_html/lang Albanian.lang.php
2004.05.28 18:23 B E:\Documents and Settings\Adam Knox\My Documents\Web Sites\skate world\forumsite\lang\Dutch.lang.php --> ftp.skate-world.net /public_html/lang Dutch.lang.php
2004.05.28 18:23 B E:\Documents and Settings\Adam Knox\My Documents\Web Sites\skate world\forumsite\lang\English.lang.php --> ftp.skate-world.net /public_html/lang English.lang.php
2004.05.28 18:23 B E:\Documents and Settings\Adam Knox\My Documents\Web Sites\skate world\forumsite\lang\English.shop.php --> ftp.skate-world.net /public_html/lang English.shop.php
2004.05.28 18:23 B E:\Documents and Settings\Adam Knox\My Documents\Web Sites\skate world\forumsite\lang\Estonian.lang.php --> ftp.skate-world.net /public_html/lang Estonian.lang.php
2004.05.28 18:23 B E:\Documents and Settings\Adam Knox\My Documents\Web Sites\skate world\forumsite\lang\French.lang.php --> ftp.skate-world.net /public_html/lang French.lang.php
2004.05.28 18:23 B E:\Documents and Settings\Adam Knox\My Documents\Web Sites\skate world\forumsite\lang\German.lang.php --> ftp.skate-world.net /public_html/lang German.lang.php
2004.05.28 18:23 B E:\Documents and Settings\Adam Knox\My Documents\Web Sites\skate world\forumsite\lang\index.html --> ftp.skate-world.net /public_html/lang index.html
2004.05.28 18:23 B E:\Documents and Settings\Adam Knox\My Documents\Web Sites\skate world\forumsite\lang\Russian.lang.php --> ftp.skate-world.net /public_html/lang Russian.lang.php
2004.05.28 18:23 B E:\Documents and Settings\Adam Knox\My Documents\Web Sites\skate world\forumsite\lang\SimplifiedChinese.lang.php --> ftp.skate-world.net /public_html/lang SimplifiedChinese.lang.php
2004.05.28 18:23 B E:\Documents and Settings\Adam Knox\My Documents\Web Sites\skate world\forumsite\lang\Spanish.lang.php --> ftp.skate-world.net /public_html/lang Spanish.lang.php
2004.08.26 16:05 B E:\Documents and Settings\Adam Knox\Desktop\SKATE WORLD UNCLEAN\public_html\lang\WS_FTP.LOG <-- Skate world /public_html/lang WS_FTP.LOG
2004.08.26 21:36 B E:\Documents and Settings\Adam Knox\Desktop\Skate world redone\forum\lang\English.lang.php --> ftp.skate-world.net /public_html/forum/lang English.lang.php
2004.08.26 21:37 B E:\Documents and Settings\Adam Knox\Desktop\Skate world redone\forum\lang\English.shop.php --> ftp.skate-world.net /public_html/forum/lang English.shop.php
2004.08.26 21:37 B E:\Documents and Settings\Adam Knox\Desktop\Skate world redone\forum\lang\index.html --> ftp.skate-world.net /public_html/forum/lang index.html
2004.08.26 21:37 B E:\Documents and Settings\Adam Knox\Desktop\Skate world redone\forum\lang\lang-mg.php --> ftp.skate-world.net /public_html/forum/lang lang-mg.php
2004.09.20 16:45 B E:\Documents and Settings\Adam Knox\My Documents\Skate World\backup\forum\lang\WS_FTP.LOG <-- Skate world Temporary /public_html/forum/lang WS_FTP.LOG
2004.10.02 20:57 B G:\Documents and Settings\bilbo\My Documents\SwitchSkate\Skate World\backup\FOLDERS\forum\lang\index.html --> host215.ipowerweb.com /public_html/forum/lang index.html
2004.10.02 20:57 B G:\Documents and Settings\bilbo\My Documents\SwitchSkate\Skate World\backup\FOLDERS\forum\lang\lang-mg.php --> host215.ipowerweb.com /public_html/forum/lang lang-mg.php
2005.08.29 23:13 B C:\Documents and Settings\Adam.ADAMK\My Documents\Programming\Switch Skate\Layouts\Backups\File Backups\public_html\forums\lang\WS_FTP.LOG <-- Switch Skate /public_html/forums/lang WS_FTP.LOG
