2005.08.29 23:08 B °ğB\address.gif <-- Switch Skate /public_html/forums/images/XtremeBlue/xtremeblue address.gif
2005.08.29 23:08 B °ğB\aim.gif <-- Switch Skate /public_html/forums/images/XtremeBlue/xtremeblue aim.gif
2005.08.29 23:08 B °ğB\arrow_dw.gif <-- Switch Skate /public_html/forums/images/XtremeBlue/xtremeblue arrow_dw.gif
2005.08.29 23:08 B °ğB\arrow_up.gif <-- Switch Skate /public_html/forums/images/XtremeBlue/xtremeblue arrow_up.gif
2005.08.29 23:08 B °ğB\b.gif <-- Switch Skate /public_html/forums/images/XtremeBlue/xtremeblue b.gif
2005.08.29 23:08 B °ğB\bb_bold.gif <-- Switch Skate /public_html/forums/images/XtremeBlue/xtremeblue bb_bold.gif
2005.08.29 23:08 B °ğB\bb_center.gif <-- Switch Skate /public_html/forums/images/XtremeBlue/xtremeblue bb_center.gif
2005.08.29 23:08 B °ğB\bb_code.gif <-- Switch Skate /public_html/forums/images/XtremeBlue/xtremeblue bb_code.gif
2005.08.29 23:08 B °ğB\bb_email.gif <-- Switch Skate /public_html/forums/images/XtremeBlue/xtremeblue bb_email.gif
2005.08.29 23:08 B °ğB\bb_hide.gif <-- Switch Skate /public_html/forums/images/XtremeBlue/xtremeblue bb_hide.gif
2005.08.29 23:08 B °ğB\bb_image.gif <-- Switch Skate /public_html/forums/images/XtremeBlue/xtremeblue bb_image.gif
2005.08.29 23:08 B °ğB\bb_italicize.gif <-- Switch Skate /public_html/forums/images/XtremeBlue/xtremeblue bb_italicize.gif
2005.08.29 23:08 B °ğB\bb_list.gif <-- Switch Skate /public_html/forums/images/XtremeBlue/xtremeblue bb_list.gif
2005.08.29 23:08 B °ğB\bb_quote.gif <-- Switch Skate /public_html/forums/images/XtremeBlue/xtremeblue bb_quote.gif
2005.08.29 23:08 B °ğB\bb_underline.gif <-- Switch Skate /public_html/forums/images/XtremeBlue/xtremeblue bb_underline.gif
2005.08.29 23:08 B °ğB\bb_url.gif <-- Switch Skate /public_html/forums/images/XtremeBlue/xtremeblue bb_url.gif
2005.08.29 23:09 B °ğB\bbrules.gif <-- Switch Skate /public_html/forums/images/XtremeBlue/xtremeblue bbrules.gif
2005.08.29 23:09 B °ğB\blank_head.gif <-- Switch Skate /public_html/forums/images/XtremeBlue/xtremeblue blank_head.gif
2005.08.29 23:09 B °ğB\blue.gif <-- Switch Skate /public_html/forums/images/XtremeBlue/xtremeblue blue.gif
2005.08.29 23:09 B °ğB\dot_folder.gif <-- Switch Skate /public_html/forums/images/XtremeBlue/xtremeblue dot_folder.gif
2005.08.29 23:09 B °ğB\dot_hot_folder.gif <-- Switch Skate /public_html/forums/images/XtremeBlue/xtremeblue dot_hot_folder.gif
2005.08.29 23:09 B °ğB\dot_hot_red_folder.gif <-- Switch Skate /public_html/forums/images/XtremeBlue/xtremeblue dot_hot_red_folder.gif
2005.08.29 23:09 B °ğB\dot_red_folder.gif <-- Switch Skate /public_html/forums/images/XtremeBlue/xtremeblue dot_red_folder.gif
2005.08.29 23:09 B °ğB\edit.gif <-- Switch Skate /public_html/forums/images/XtremeBlue/xtremeblue edit.gif
2005.08.29 23:09 B °ğB\email.gif <-- Switch Skate /public_html/forums/images/XtremeBlue/xtremeblue email.gif
2005.08.29 23:09 B °ğB\faq.gif <-- Switch Skate /public_html/forums/images/XtremeBlue/xtremeblue faq.gif
2005.08.29 23:09 B °ğB\find.gif <-- Switch Skate /public_html/forums/images/XtremeBlue/xtremeblue find.gif
2005.08.29 23:09 B °ğB\folder.gif <-- Switch Skate /public_html/forums/images/XtremeBlue/xtremeblue folder.gif
2005.08.29 23:09 B °ğB\g.gif <-- Switch Skate /public_html/forums/images/XtremeBlue/xtremeblue g.gif
2005.08.29 23:09 B °ğB\home.gif <-- Switch Skate /public_html/forums/images/XtremeBlue/xtremeblue home.gif
2005.08.29 23:09 B °ğB\hot_folder.gif <-- Switch Skate /public_html/forums/images/XtremeBlue/xtremeblue hot_folder.gif
2005.08.29 23:09 B °ğB\hot_red_folder.gif <-- Switch Skate /public_html/forums/images/XtremeBlue/xtremeblue hot_red_folder.gif
2005.08.29 23:09 B °ğB\icq_add.gif <-- Switch Skate /public_html/forums/images/XtremeBlue/xtremeblue icq_add.gif
2005.08.29 23:09 B °ğB\inbox.gif <-- Switch Skate /public_html/forums/images/XtremeBlue/xtremeblue inbox.gif
2005.08.29 23:09 B °ğB\index.html <-- Switch Skate /public_html/forums/images/XtremeBlue/xtremeblue index.html
2005.08.29 23:09 B °ğB\install.php <-- Switch Skate /public_html/forums/images/XtremeBlue/xtremeblue install.php
2005.08.29 23:09 B °ğB\ip.gif <-- Switch Skate /public_html/forums/images/XtremeBlue/xtremeblue ip.gif
2005.08.29 23:09 B °ğB\ipost.gif <-- Switch Skate /public_html/forums/images/XtremeBlue/xtremeblue ipost.gif
2005.08.29 23:09 B °ğB\lastpost.gif <-- Switch Skate /public_html/forums/images/XtremeBlue/xtremeblue lastpost.gif
2005.08.29 23:09 B °ğB\lock_folder.gif <-- Switch Skate /public_html/forums/images/XtremeBlue/xtremeblue lock_folder.gif
2005.08.29 23:09 B °ğB\locku2u.gif <-- Switch Skate /public_html/forums/images/XtremeBlue/xtremeblue locku2u.gif
2005.08.29 23:09 B °ğB\members_list.gif <-- Switch Skate /public_html/forums/images/XtremeBlue/xtremeblue members_list.gif
2005.08.29 23:09 B °ğB\msn.gif <-- Switch Skate /public_html/forums/images/XtremeBlue/xtremeblue msn.gif
2005.08.29 23:09 B °ğB\newtopic.gif <-- Switch Skate /public_html/forums/images/XtremeBlue/xtremeblue newtopic.gif
2005.08.29 23:09 B °ğB\newu2u.gif <-- Switch Skate /public_html/forums/images/XtremeBlue/xtremeblue newu2u.gif
2005.08.29 23:09 B °ğB\online.gif <-- Switch Skate /public_html/forums/images/XtremeBlue/xtremeblue online.gif
2005.08.29 23:09 B °ğB\online2.gif <-- Switch Skate /public_html/forums/images/XtremeBlue/xtremeblue online2.gif
2005.08.29 23:09 B °ğB\online_guest.gif <-- Switch Skate /public_html/forums/images/XtremeBlue/xtremeblue online_guest.gif
2005.08.29 23:09 B °ğB\outbox.gif <-- Switch Skate /public_html/forums/images/XtremeBlue/xtremeblue outbox.gif
2005.08.29 23:09 B °ğB\pin.gif <-- Switch Skate /public_html/forums/images/XtremeBlue/xtremeblue pin.gif
2005.08.29 23:09 B °ğB\pixel.gif <-- Switch Skate /public_html/forums/images/XtremeBlue/xtremeblue pixel.gif
2005.08.29 23:09 B °ğB\poll.gif <-- Switch Skate /public_html/forums/images/XtremeBlue/xtremeblue poll.gif
2005.08.29 23:09 B °ğB\pollbar-e.gif <-- Switch Skate /public_html/forums/images/XtremeBlue/xtremeblue pollbar-e.gif
2005.08.29 23:09 B °ğB\pollbar-s.gif <-- Switch Skate /public_html/forums/images/XtremeBlue/xtremeblue pollbar-s.gif
2005.08.29 23:09 B °ğB\pollbar.gif <-- Switch Skate /public_html/forums/images/XtremeBlue/xtremeblue pollbar.gif
2005.08.29 23:09 B °ğB\pollsmall.gif <-- Switch Skate /public_html/forums/images/XtremeBlue/xtremeblue pollsmall.gif
2005.08.29 23:09 B °ğB\profile.gif <-- Switch Skate /public_html/forums/images/XtremeBlue/xtremeblue profile.gif
2005.08.29 23:09 B °ğB\quote.gif <-- Switch Skate /public_html/forums/images/XtremeBlue/xtremeblue quote.gif
2005.08.29 23:09 B °ğB\red_folder.gif <-- Switch Skate /public_html/forums/images/XtremeBlue/xtremeblue red_folder.gif
2005.08.29 23:09 B °ğB\reply.gif <-- Switch Skate /public_html/forums/images/XtremeBlue/xtremeblue reply.gif
2005.08.29 23:09 B °ğB\report.gif <-- Switch Skate /public_html/forums/images/XtremeBlue/xtremeblue report.gif
2005.08.29 23:09 B °ğB\search.gif <-- Switch Skate /public_html/forums/images/XtremeBlue/xtremeblue search.gif
2005.08.29 23:09 B °ğB\site.gif <-- Switch Skate /public_html/forums/images/XtremeBlue/xtremeblue site.gif
2005.08.29 23:09 B °ğB\space2.gif <-- Switch Skate /public_html/forums/images/XtremeBlue/xtremeblue space2.gif
2005.08.29 23:09 B °ğB\star.gif <-- Switch Skate /public_html/forums/images/XtremeBlue/xtremeblue star.gif
2005.08.29 23:09 B °ğB\stats.gif <-- Switch Skate /public_html/forums/images/XtremeBlue/xtremeblue stats.gif
2005.08.29 23:09 B °ğB\Thumbs.db <-- Switch Skate /public_html/forums/images/XtremeBlue/xtremeblue Thumbs.db
2005.08.29 23:09 B °ğB\todays_posts.gif <-- Switch Skate /public_html/forums/images/XtremeBlue/xtremeblue todays_posts.gif
2005.08.29 23:09 B °ğB\u2u.gif <-- Switch Skate /public_html/forums/images/XtremeBlue/xtremeblue u2u.gif
2005.08.29 23:09 B °ğB\yahoo.gif <-- Switch Skate /public_html/forums/images/XtremeBlue/xtremeblue yahoo.gif
