2005.08.29 22:35 B C:\Documents and Settings\Adam.ADAMK\My Documents\Programming\Switch Skate\Layouts\Backups\File Backups\public_html\forums\images\demiZeBlood\address.gif <-- Switch Skate /public_html/forums/images/demiZeBlood address.gif
2005.08.29 22:35 B C:\Documents and Settings\Adam.ADAMK\My Documents\Programming\Switch Skate\Layouts\Backups\File Backups\public_html\forums\images\demiZeBlood\aim.gif <-- Switch Skate /public_html/forums/images/demiZeBlood aim.gif
2005.08.29 22:35 B C:\Documents and Settings\Adam.ADAMK\My Documents\Programming\Switch Skate\Layouts\Backups\File Backups\public_html\forums\images\demiZeBlood\arrow_dw.gif <-- Switch Skate /public_html/forums/images/demiZeBlood arrow_dw.gif
2005.08.29 22:35 B C:\Documents and Settings\Adam.ADAMK\My Documents\Programming\Switch Skate\Layouts\Backups\File Backups\public_html\forums\images\demiZeBlood\arrow_up.gif <-- Switch Skate /public_html/forums/images/demiZeBlood arrow_up.gif
2005.08.29 22:35 B C:\Documents and Settings\Adam.ADAMK\My Documents\Programming\Switch Skate\Layouts\Backups\File Backups\public_html\forums\images\demiZeBlood\b.gif <-- Switch Skate /public_html/forums/images/demiZeBlood b.gif
2005.08.29 22:35 B C:\Documents and Settings\Adam.ADAMK\My Documents\Programming\Switch Skate\Layouts\Backups\File Backups\public_html\forums\images\demiZeBlood\bb_bold.gif <-- Switch Skate /public_html/forums/images/demiZeBlood bb_bold.gif
2005.08.29 22:35 B C:\Documents and Settings\Adam.ADAMK\My Documents\Programming\Switch Skate\Layouts\Backups\File Backups\public_html\forums\images\demiZeBlood\bb_center.gif <-- Switch Skate /public_html/forums/images/demiZeBlood bb_center.gif
2005.08.29 22:35 B C:\Documents and Settings\Adam.ADAMK\My Documents\Programming\Switch Skate\Layouts\Backups\File Backups\public_html\forums\images\demiZeBlood\bb_code.gif <-- Switch Skate /public_html/forums/images/demiZeBlood bb_code.gif
2005.08.29 22:35 B C:\Documents and Settings\Adam.ADAMK\My Documents\Programming\Switch Skate\Layouts\Backups\File Backups\public_html\forums\images\demiZeBlood\bb_email.gif <-- Switch Skate /public_html/forums/images/demiZeBlood bb_email.gif
2005.08.29 22:35 B C:\Documents and Settings\Adam.ADAMK\My Documents\Programming\Switch Skate\Layouts\Backups\File Backups\public_html\forums\images\demiZeBlood\bb_hide.gif <-- Switch Skate /public_html/forums/images/demiZeBlood bb_hide.gif
2005.08.29 22:35 B C:\Documents and Settings\Adam.ADAMK\My Documents\Programming\Switch Skate\Layouts\Backups\File Backups\public_html\forums\images\demiZeBlood\bb_image.gif <-- Switch Skate /public_html/forums/images/demiZeBlood bb_image.gif
2005.08.29 22:35 B C:\Documents and Settings\Adam.ADAMK\My Documents\Programming\Switch Skate\Layouts\Backups\File Backups\public_html\forums\images\demiZeBlood\bb_italicize.gif <-- Switch Skate /public_html/forums/images/demiZeBlood bb_italicize.gif
2005.08.29 22:35 B C:\Documents and Settings\Adam.ADAMK\My Documents\Programming\Switch Skate\Layouts\Backups\File Backups\public_html\forums\images\demiZeBlood\bb_list.gif <-- Switch Skate /public_html/forums/images/demiZeBlood bb_list.gif
2005.08.29 22:35 B C:\Documents and Settings\Adam.ADAMK\My Documents\Programming\Switch Skate\Layouts\Backups\File Backups\public_html\forums\images\demiZeBlood\bb_quote.gif <-- Switch Skate /public_html/forums/images/demiZeBlood bb_quote.gif
2005.08.29 22:35 B C:\Documents and Settings\Adam.ADAMK\My Documents\Programming\Switch Skate\Layouts\Backups\File Backups\public_html\forums\images\demiZeBlood\bb_underline.gif <-- Switch Skate /public_html/forums/images/demiZeBlood bb_underline.gif
2005.08.29 22:35 B C:\Documents and Settings\Adam.ADAMK\My Documents\Programming\Switch Skate\Layouts\Backups\File Backups\public_html\forums\images\demiZeBlood\bb_url.gif <-- Switch Skate /public_html/forums/images/demiZeBlood bb_url.gif
2005.08.29 22:35 B C:\Documents and Settings\Adam.ADAMK\My Documents\Programming\Switch Skate\Layouts\Backups\File Backups\public_html\forums\images\demiZeBlood\bbrules.gif <-- Switch Skate /public_html/forums/images/demiZeBlood bbrules.gif
2005.08.29 22:35 B C:\Documents and Settings\Adam.ADAMK\My Documents\Programming\Switch Skate\Layouts\Backups\File Backups\public_html\forums\images\demiZeBlood\catbar.gif <-- Switch Skate /public_html/forums/images/demiZeBlood catbar.gif
2005.08.29 22:35 B C:\Documents and Settings\Adam.ADAMK\My Documents\Programming\Switch Skate\Layouts\Backups\File Backups\public_html\forums\images\demiZeBlood\dot_folder.gif <-- Switch Skate /public_html/forums/images/demiZeBlood dot_folder.gif
2005.08.29 22:35 B C:\Documents and Settings\Adam.ADAMK\My Documents\Programming\Switch Skate\Layouts\Backups\File Backups\public_html\forums\images\demiZeBlood\dot_hot_folder.gif <-- Switch Skate /public_html/forums/images/demiZeBlood dot_hot_folder.gif
2005.08.29 22:35 B C:\Documents and Settings\Adam.ADAMK\My Documents\Programming\Switch Skate\Layouts\Backups\File Backups\public_html\forums\images\demiZeBlood\dot_hot_red_folder.gif <-- Switch Skate /public_html/forums/images/demiZeBlood dot_hot_red_folder.gif
2005.08.29 22:35 B C:\Documents and Settings\Adam.ADAMK\My Documents\Programming\Switch Skate\Layouts\Backups\File Backups\public_html\forums\images\demiZeBlood\dot_red_folder.gif <-- Switch Skate /public_html/forums/images/demiZeBlood dot_red_folder.gif
2005.08.29 22:35 B C:\Documents and Settings\Adam.ADAMK\My Documents\Programming\Switch Skate\Layouts\Backups\File Backups\public_html\forums\images\demiZeBlood\edit.gif <-- Switch Skate /public_html/forums/images/demiZeBlood edit.gif
2005.08.29 22:35 B C:\Documents and Settings\Adam.ADAMK\My Documents\Programming\Switch Skate\Layouts\Backups\File Backups\public_html\forums\images\demiZeBlood\email.gif <-- Switch Skate /public_html/forums/images/demiZeBlood email.gif
2005.08.29 22:35 B C:\Documents and Settings\Adam.ADAMK\My Documents\Programming\Switch Skate\Layouts\Backups\File Backups\public_html\forums\images\demiZeBlood\faq.gif <-- Switch Skate /public_html/forums/images/demiZeBlood faq.gif
2005.08.29 22:35 B C:\Documents and Settings\Adam.ADAMK\My Documents\Programming\Switch Skate\Layouts\Backups\File Backups\public_html\forums\images\demiZeBlood\find.gif <-- Switch Skate /public_html/forums/images/demiZeBlood find.gif
2005.08.29 22:35 B C:\Documents and Settings\Adam.ADAMK\My Documents\Programming\Switch Skate\Layouts\Backups\File Backups\public_html\forums\images\demiZeBlood\folder.gif <-- Switch Skate /public_html/forums/images/demiZeBlood folder.gif
2005.08.29 22:35 B C:\Documents and Settings\Adam.ADAMK\My Documents\Programming\Switch Skate\Layouts\Backups\File Backups\public_html\forums\images\demiZeBlood\forumhead2.gif <-- Switch Skate /public_html/forums/images/demiZeBlood forumhead2.gif
2005.08.29 22:35 B C:\Documents and Settings\Adam.ADAMK\My Documents\Programming\Switch Skate\Layouts\Backups\File Backups\public_html\forums\images\demiZeBlood\g.gif <-- Switch Skate /public_html/forums/images/demiZeBlood g.gif
2005.08.29 22:35 B C:\Documents and Settings\Adam.ADAMK\My Documents\Programming\Switch Skate\Layouts\Backups\File Backups\public_html\forums\images\demiZeBlood\home.gif <-- Switch Skate /public_html/forums/images/demiZeBlood home.gif
2005.08.29 22:35 B C:\Documents and Settings\Adam.ADAMK\My Documents\Programming\Switch Skate\Layouts\Backups\File Backups\public_html\forums\images\demiZeBlood\hot_folder.gif <-- Switch Skate /public_html/forums/images/demiZeBlood hot_folder.gif
2005.08.29 22:35 B C:\Documents and Settings\Adam.ADAMK\My Documents\Programming\Switch Skate\Layouts\Backups\File Backups\public_html\forums\images\demiZeBlood\hot_red_folder.gif <-- Switch Skate /public_html/forums/images/demiZeBlood hot_red_folder.gif
2005.08.29 22:35 B C:\Documents and Settings\Adam.ADAMK\My Documents\Programming\Switch Skate\Layouts\Backups\File Backups\public_html\forums\images\demiZeBlood\icq_add.gif <-- Switch Skate /public_html/forums/images/demiZeBlood icq_add.gif
2005.08.29 22:35 B C:\Documents and Settings\Adam.ADAMK\My Documents\Programming\Switch Skate\Layouts\Backups\File Backups\public_html\forums\images\demiZeBlood\inbox.gif <-- Switch Skate /public_html/forums/images/demiZeBlood inbox.gif
2005.08.29 22:35 B C:\Documents and Settings\Adam.ADAMK\My Documents\Programming\Switch Skate\Layouts\Backups\File Backups\public_html\forums\images\demiZeBlood\index.html <-- Switch Skate /public_html/forums/images/demiZeBlood index.html
2005.08.29 22:35 B C:\Documents and Settings\Adam.ADAMK\My Documents\Programming\Switch Skate\Layouts\Backups\File Backups\public_html\forums\images\demiZeBlood\ip.gif <-- Switch Skate /public_html/forums/images/demiZeBlood ip.gif
2005.08.29 22:35 B C:\Documents and Settings\Adam.ADAMK\My Documents\Programming\Switch Skate\Layouts\Backups\File Backups\public_html\forums\images\demiZeBlood\ipost.gif <-- Switch Skate /public_html/forums/images/demiZeBlood ipost.gif
2005.08.29 22:35 B C:\Documents and Settings\Adam.ADAMK\My Documents\Programming\Switch Skate\Layouts\Backups\File Backups\public_html\forums\images\demiZeBlood\lastpost.gif <-- Switch Skate /public_html/forums/images/demiZeBlood lastpost.gif
2005.08.29 22:35 B C:\Documents and Settings\Adam.ADAMK\My Documents\Programming\Switch Skate\Layouts\Backups\File Backups\public_html\forums\images\demiZeBlood\lock_folder.gif <-- Switch Skate /public_html/forums/images/demiZeBlood lock_folder.gif
2005.08.29 22:35 B C:\Documents and Settings\Adam.ADAMK\My Documents\Programming\Switch Skate\Layouts\Backups\File Backups\public_html\forums\images\demiZeBlood\locku2u.gif <-- Switch Skate /public_html/forums/images/demiZeBlood locku2u.gif
2005.08.29 22:35 B C:\Documents and Settings\Adam.ADAMK\My Documents\Programming\Switch Skate\Layouts\Backups\File Backups\public_html\forums\images\demiZeBlood\members_list.gif <-- Switch Skate /public_html/forums/images/demiZeBlood members_list.gif
2005.08.29 22:35 B C:\Documents and Settings\Adam.ADAMK\My Documents\Programming\Switch Skate\Layouts\Backups\File Backups\public_html\forums\images\demiZeBlood\msn.gif <-- Switch Skate /public_html/forums/images/demiZeBlood msn.gif
2005.08.29 22:35 B C:\Documents and Settings\Adam.ADAMK\My Documents\Programming\Switch Skate\Layouts\Backups\File Backups\public_html\forums\images\demiZeBlood\newbankrequest.gif <-- Switch Skate /public_html/forums/images/demiZeBlood newbankrequest.gif
2005.08.29 22:35 B C:\Documents and Settings\Adam.ADAMK\My Documents\Programming\Switch Skate\Layouts\Backups\File Backups\public_html\forums\images\demiZeBlood\newtopic.gif <-- Switch Skate /public_html/forums/images/demiZeBlood newtopic.gif
2005.08.29 22:35 B C:\Documents and Settings\Adam.ADAMK\My Documents\Programming\Switch Skate\Layouts\Backups\File Backups\public_html\forums\images\demiZeBlood\newu2u.gif <-- Switch Skate /public_html/forums/images/demiZeBlood newu2u.gif
2005.08.29 22:35 B C:\Documents and Settings\Adam.ADAMK\My Documents\Programming\Switch Skate\Layouts\Backups\File Backups\public_html\forums\images\demiZeBlood\online.gif <-- Switch Skate /public_html/forums/images/demiZeBlood online.gif
2005.08.29 22:35 B C:\Documents and Settings\Adam.ADAMK\My Documents\Programming\Switch Skate\Layouts\Backups\File Backups\public_html\forums\images\demiZeBlood\online_guest.gif <-- Switch Skate /public_html/forums/images/demiZeBlood online_guest.gif
2005.08.29 22:35 B C:\Documents and Settings\Adam.ADAMK\My Documents\Programming\Switch Skate\Layouts\Backups\File Backups\public_html\forums\images\demiZeBlood\outbox.gif <-- Switch Skate /public_html/forums/images/demiZeBlood outbox.gif
2005.08.29 22:35 B C:\Documents and Settings\Adam.ADAMK\My Documents\Programming\Switch Skate\Layouts\Backups\File Backups\public_html\forums\images\demiZeBlood\pin.gif <-- Switch Skate /public_html/forums/images/demiZeBlood pin.gif
2005.08.29 22:35 B C:\Documents and Settings\Adam.ADAMK\My Documents\Programming\Switch Skate\Layouts\Backups\File Backups\public_html\forums\images\demiZeBlood\pixel.gif <-- Switch Skate /public_html/forums/images/demiZeBlood pixel.gif
2005.08.29 22:35 B C:\Documents and Settings\Adam.ADAMK\My Documents\Programming\Switch Skate\Layouts\Backups\File Backups\public_html\forums\images\demiZeBlood\poll.gif <-- Switch Skate /public_html/forums/images/demiZeBlood poll.gif
2005.08.29 22:35 B C:\Documents and Settings\Adam.ADAMK\My Documents\Programming\Switch Skate\Layouts\Backups\File Backups\public_html\forums\images\demiZeBlood\pollbar-e.gif <-- Switch Skate /public_html/forums/images/demiZeBlood pollbar-e.gif
2005.08.29 22:35 B C:\Documents and Settings\Adam.ADAMK\My Documents\Programming\Switch Skate\Layouts\Backups\File Backups\public_html\forums\images\demiZeBlood\pollbar-s.gif <-- Switch Skate /public_html/forums/images/demiZeBlood pollbar-s.gif
2005.08.29 22:35 B C:\Documents and Settings\Adam.ADAMK\My Documents\Programming\Switch Skate\Layouts\Backups\File Backups\public_html\forums\images\demiZeBlood\pollbar.gif <-- Switch Skate /public_html/forums/images/demiZeBlood pollbar.gif
2005.08.29 22:35 B C:\Documents and Settings\Adam.ADAMK\My Documents\Programming\Switch Skate\Layouts\Backups\File Backups\public_html\forums\images\demiZeBlood\pollsmall.gif <-- Switch Skate /public_html/forums/images/demiZeBlood pollsmall.gif
2005.08.29 22:35 B C:\Documents and Settings\Adam.ADAMK\My Documents\Programming\Switch Skate\Layouts\Backups\File Backups\public_html\forums\images\demiZeBlood\profile.gif <-- Switch Skate /public_html/forums/images/demiZeBlood profile.gif
2005.08.29 22:35 B C:\Documents and Settings\Adam.ADAMK\My Documents\Programming\Switch Skate\Layouts\Backups\File Backups\public_html\forums\images\demiZeBlood\quote.gif <-- Switch Skate /public_html/forums/images/demiZeBlood quote.gif
2005.08.29 22:35 B C:\Documents and Settings\Adam.ADAMK\My Documents\Programming\Switch Skate\Layouts\Backups\File Backups\public_html\forums\images\demiZeBlood\red_folder.gif <-- Switch Skate /public_html/forums/images/demiZeBlood red_folder.gif
2005.08.29 22:36 B C:\Documents and Settings\Adam.ADAMK\My Documents\Programming\Switch Skate\Layouts\Backups\File Backups\public_html\forums\images\demiZeBlood\reply.gif <-- Switch Skate /public_html/forums/images/demiZeBlood reply.gif
2005.08.29 22:36 B C:\Documents and Settings\Adam.ADAMK\My Documents\Programming\Switch Skate\Layouts\Backups\File Backups\public_html\forums\images\demiZeBlood\report.gif <-- Switch Skate /public_html/forums/images/demiZeBlood report.gif
2005.08.29 22:36 B C:\Documents and Settings\Adam.ADAMK\My Documents\Programming\Switch Skate\Layouts\Backups\File Backups\public_html\forums\images\demiZeBlood\search.gif <-- Switch Skate /public_html/forums/images/demiZeBlood search.gif
2005.08.29 22:36 B C:\Documents and Settings\Adam.ADAMK\My Documents\Programming\Switch Skate\Layouts\Backups\File Backups\public_html\forums\images\demiZeBlood\site.gif <-- Switch Skate /public_html/forums/images/demiZeBlood site.gif
2005.08.29 22:36 B C:\Documents and Settings\Adam.ADAMK\My Documents\Programming\Switch Skate\Layouts\Backups\File Backups\public_html\forums\images\demiZeBlood\star.gif <-- Switch Skate /public_html/forums/images/demiZeBlood star.gif
2005.08.29 22:36 B C:\Documents and Settings\Adam.ADAMK\My Documents\Programming\Switch Skate\Layouts\Backups\File Backups\public_html\forums\images\demiZeBlood\stats.gif <-- Switch Skate /public_html/forums/images/demiZeBlood stats.gif
2005.08.29 22:36 B C:\Documents and Settings\Adam.ADAMK\My Documents\Programming\Switch Skate\Layouts\Backups\File Backups\public_html\forums\images\demiZeBlood\todays_posts.gif <-- Switch Skate /public_html/forums/images/demiZeBlood todays_posts.gif
2005.08.29 22:36 B C:\Documents and Settings\Adam.ADAMK\My Documents\Programming\Switch Skate\Layouts\Backups\File Backups\public_html\forums\images\demiZeBlood\u2u.gif <-- Switch Skate /public_html/forums/images/demiZeBlood u2u.gif
2005.08.29 22:36 B C:\Documents and Settings\Adam.ADAMK\My Documents\Programming\Switch Skate\Layouts\Backups\File Backups\public_html\forums\images\demiZeBlood\u2u_in.gif <-- Switch Skate /public_html/forums/images/demiZeBlood u2u_in.gif
2005.08.29 22:36 B C:\Documents and Settings\Adam.ADAMK\My Documents\Programming\Switch Skate\Layouts\Backups\File Backups\public_html\forums\images\demiZeBlood\u2u_none.gif <-- Switch Skate /public_html/forums/images/demiZeBlood u2u_none.gif
2005.08.29 22:36 B C:\Documents and Settings\Adam.ADAMK\My Documents\Programming\Switch Skate\Layouts\Backups\File Backups\public_html\forums\images\demiZeBlood\xmbheader.gif <-- Switch Skate /public_html/forums/images/demiZeBlood xmbheader.gif
2005.08.29 22:36 B C:\Documents and Settings\Adam.ADAMK\My Documents\Programming\Switch Skate\Layouts\Backups\File Backups\public_html\forums\images\demiZeBlood\yahoo.gif <-- Switch Skate /public_html/forums/images/demiZeBlood yahoo.gif
