2005.08.29 22:10 B C:\Documents and Settings\Adam.ADAMK\My Documents\Programming\Switch Skate\Layouts\Backups\File Backups\public_html\2006\images\calm\address.gif <-- Switch Skate /public_html/2006/images/calm address.gif
2005.08.29 22:10 B C:\Documents and Settings\Adam.ADAMK\My Documents\Programming\Switch Skate\Layouts\Backups\File Backups\public_html\2006\images\calm\aim.gif <-- Switch Skate /public_html/2006/images/calm aim.gif
2005.08.29 22:10 B C:\Documents and Settings\Adam.ADAMK\My Documents\Programming\Switch Skate\Layouts\Backups\File Backups\public_html\2006\images\calm\arrow_dw.gif <-- Switch Skate /public_html/2006/images/calm arrow_dw.gif
2005.08.29 22:10 B C:\Documents and Settings\Adam.ADAMK\My Documents\Programming\Switch Skate\Layouts\Backups\File Backups\public_html\2006\images\calm\arrow_up.gif <-- Switch Skate /public_html/2006/images/calm arrow_up.gif
2005.08.29 22:10 B C:\Documents and Settings\Adam.ADAMK\My Documents\Programming\Switch Skate\Layouts\Backups\File Backups\public_html\2006\images\calm\bb_bold.gif <-- Switch Skate /public_html/2006/images/calm bb_bold.gif
2005.08.29 22:10 B C:\Documents and Settings\Adam.ADAMK\My Documents\Programming\Switch Skate\Layouts\Backups\File Backups\public_html\2006\images\calm\bb_center.gif <-- Switch Skate /public_html/2006/images/calm bb_center.gif
2005.08.29 22:11 B C:\Documents and Settings\Adam.ADAMK\My Documents\Programming\Switch Skate\Layouts\Backups\File Backups\public_html\2006\images\calm\bb_code.gif <-- Switch Skate /public_html/2006/images/calm bb_code.gif
2005.08.29 22:11 B C:\Documents and Settings\Adam.ADAMK\My Documents\Programming\Switch Skate\Layouts\Backups\File Backups\public_html\2006\images\calm\bb_email.gif <-- Switch Skate /public_html/2006/images/calm bb_email.gif
2005.08.29 22:11 B C:\Documents and Settings\Adam.ADAMK\My Documents\Programming\Switch Skate\Layouts\Backups\File Backups\public_html\2006\images\calm\bb_image.gif <-- Switch Skate /public_html/2006/images/calm bb_image.gif
2005.08.29 22:11 B C:\Documents and Settings\Adam.ADAMK\My Documents\Programming\Switch Skate\Layouts\Backups\File Backups\public_html\2006\images\calm\bb_italicize.gif <-- Switch Skate /public_html/2006/images/calm bb_italicize.gif
2005.08.29 22:11 B C:\Documents and Settings\Adam.ADAMK\My Documents\Programming\Switch Skate\Layouts\Backups\File Backups\public_html\2006\images\calm\bb_list.gif <-- Switch Skate /public_html/2006/images/calm bb_list.gif
2005.08.29 22:11 B C:\Documents and Settings\Adam.ADAMK\My Documents\Programming\Switch Skate\Layouts\Backups\File Backups\public_html\2006\images\calm\bb_quote.gif <-- Switch Skate /public_html/2006/images/calm bb_quote.gif
2005.08.29 22:11 B C:\Documents and Settings\Adam.ADAMK\My Documents\Programming\Switch Skate\Layouts\Backups\File Backups\public_html\2006\images\calm\bb_underline.gif <-- Switch Skate /public_html/2006/images/calm bb_underline.gif
2005.08.29 22:11 B C:\Documents and Settings\Adam.ADAMK\My Documents\Programming\Switch Skate\Layouts\Backups\File Backups\public_html\2006\images\calm\bb_url.gif <-- Switch Skate /public_html/2006/images/calm bb_url.gif
2005.08.29 22:11 B C:\Documents and Settings\Adam.ADAMK\My Documents\Programming\Switch Skate\Layouts\Backups\File Backups\public_html\2006\images\calm\bbrules.gif <-- Switch Skate /public_html/2006/images/calm bbrules.gif
2005.08.29 22:11 B C:\Documents and Settings\Adam.ADAMK\My Documents\Programming\Switch Skate\Layouts\Backups\File Backups\public_html\2006\images\calm\calm.xmb <-- Switch Skate /public_html/2006/images/calm calm.xmb
2005.08.29 22:11 B C:\Documents and Settings\Adam.ADAMK\My Documents\Programming\Switch Skate\Layouts\Backups\File Backups\public_html\2006\images\calm\catbar1.gif <-- Switch Skate /public_html/2006/images/calm catbar1.gif
2005.08.29 22:11 B C:\Documents and Settings\Adam.ADAMK\My Documents\Programming\Switch Skate\Layouts\Backups\File Backups\public_html\2006\images\calm\dot_folder.gif <-- Switch Skate /public_html/2006/images/calm dot_folder.gif
2005.08.29 22:11 B C:\Documents and Settings\Adam.ADAMK\My Documents\Programming\Switch Skate\Layouts\Backups\File Backups\public_html\2006\images\calm\dot_hot_folder.gif <-- Switch Skate /public_html/2006/images/calm dot_hot_folder.gif
2005.08.29 22:11 B C:\Documents and Settings\Adam.ADAMK\My Documents\Programming\Switch Skate\Layouts\Backups\File Backups\public_html\2006\images\calm\dot_red_folder.gif <-- Switch Skate /public_html/2006/images/calm dot_red_folder.gif
2005.08.29 22:11 B C:\Documents and Settings\Adam.ADAMK\My Documents\Programming\Switch Skate\Layouts\Backups\File Backups\public_html\2006\images\calm\edit.gif <-- Switch Skate /public_html/2006/images/calm edit.gif
2005.08.29 22:11 B C:\Documents and Settings\Adam.ADAMK\My Documents\Programming\Switch Skate\Layouts\Backups\File Backups\public_html\2006\images\calm\email.gif <-- Switch Skate /public_html/2006/images/calm email.gif
2005.08.29 22:11 B C:\Documents and Settings\Adam.ADAMK\My Documents\Programming\Switch Skate\Layouts\Backups\File Backups\public_html\2006\images\calm\faq.gif <-- Switch Skate /public_html/2006/images/calm faq.gif
2005.08.29 22:11 B C:\Documents and Settings\Adam.ADAMK\My Documents\Programming\Switch Skate\Layouts\Backups\File Backups\public_html\2006\images\calm\find.gif <-- Switch Skate /public_html/2006/images/calm find.gif
2005.08.29 22:11 B C:\Documents and Settings\Adam.ADAMK\My Documents\Programming\Switch Skate\Layouts\Backups\File Backups\public_html\2006\images\calm\folder.gif <-- Switch Skate /public_html/2006/images/calm folder.gif
2005.08.29 22:11 B C:\Documents and Settings\Adam.ADAMK\My Documents\Programming\Switch Skate\Layouts\Backups\File Backups\public_html\2006\images\calm\home.gif <-- Switch Skate /public_html/2006/images/calm home.gif
2005.08.29 22:11 B C:\Documents and Settings\Adam.ADAMK\My Documents\Programming\Switch Skate\Layouts\Backups\File Backups\public_html\2006\images\calm\hot_folder.gif <-- Switch Skate /public_html/2006/images/calm hot_folder.gif
2005.08.29 22:11 B C:\Documents and Settings\Adam.ADAMK\My Documents\Programming\Switch Skate\Layouts\Backups\File Backups\public_html\2006\images\calm\hot_red_folder.gif <-- Switch Skate /public_html/2006/images/calm hot_red_folder.gif
2005.08.29 22:11 B C:\Documents and Settings\Adam.ADAMK\My Documents\Programming\Switch Skate\Layouts\Backups\File Backups\public_html\2006\images\calm\icq_add.gif <-- Switch Skate /public_html/2006/images/calm icq_add.gif
2005.08.29 22:11 B C:\Documents and Settings\Adam.ADAMK\My Documents\Programming\Switch Skate\Layouts\Backups\File Backups\public_html\2006\images\calm\inbox.gif <-- Switch Skate /public_html/2006/images/calm inbox.gif
2005.08.29 22:11 B C:\Documents and Settings\Adam.ADAMK\My Documents\Programming\Switch Skate\Layouts\Backups\File Backups\public_html\2006\images\calm\index.html <-- Switch Skate /public_html/2006/images/calm index.html
2005.08.29 22:11 B C:\Documents and Settings\Adam.ADAMK\My Documents\Programming\Switch Skate\Layouts\Backups\File Backups\public_html\2006\images\calm\ip.gif <-- Switch Skate /public_html/2006/images/calm ip.gif
2005.08.29 22:11 B C:\Documents and Settings\Adam.ADAMK\My Documents\Programming\Switch Skate\Layouts\Backups\File Backups\public_html\2006\images\calm\ipost.gif <-- Switch Skate /public_html/2006/images/calm ipost.gif
2005.08.29 22:11 B C:\Documents and Settings\Adam.ADAMK\My Documents\Programming\Switch Skate\Layouts\Backups\File Backups\public_html\2006\images\calm\lastpost.gif <-- Switch Skate /public_html/2006/images/calm lastpost.gif
2005.08.29 22:11 B C:\Documents and Settings\Adam.ADAMK\My Documents\Programming\Switch Skate\Layouts\Backups\File Backups\public_html\2006\images\calm\lock_folder.gif <-- Switch Skate /public_html/2006/images/calm lock_folder.gif
2005.08.29 22:11 B C:\Documents and Settings\Adam.ADAMK\My Documents\Programming\Switch Skate\Layouts\Backups\File Backups\public_html\2006\images\calm\locku2u.gif <-- Switch Skate /public_html/2006/images/calm locku2u.gif
2005.08.29 22:11 B C:\Documents and Settings\Adam.ADAMK\My Documents\Programming\Switch Skate\Layouts\Backups\File Backups\public_html\2006\images\calm\members_list.gif <-- Switch Skate /public_html/2006/images/calm members_list.gif
2005.08.29 22:11 B C:\Documents and Settings\Adam.ADAMK\My Documents\Programming\Switch Skate\Layouts\Backups\File Backups\public_html\2006\images\calm\msn.gif <-- Switch Skate /public_html/2006/images/calm msn.gif
2005.08.29 22:11 B C:\Documents and Settings\Adam.ADAMK\My Documents\Programming\Switch Skate\Layouts\Backups\File Backups\public_html\2006\images\calm\newtopic.gif <-- Switch Skate /public_html/2006/images/calm newtopic.gif
2005.08.29 22:11 B C:\Documents and Settings\Adam.ADAMK\My Documents\Programming\Switch Skate\Layouts\Backups\File Backups\public_html\2006\images\calm\newu2u.gif <-- Switch Skate /public_html/2006/images/calm newu2u.gif
2005.08.29 22:11 B C:\Documents and Settings\Adam.ADAMK\My Documents\Programming\Switch Skate\Layouts\Backups\File Backups\public_html\2006\images\calm\online.gif <-- Switch Skate /public_html/2006/images/calm online.gif
2005.08.29 22:11 B C:\Documents and Settings\Adam.ADAMK\My Documents\Programming\Switch Skate\Layouts\Backups\File Backups\public_html\2006\images\calm\outbox.gif <-- Switch Skate /public_html/2006/images/calm outbox.gif
2005.08.29 22:11 B C:\Documents and Settings\Adam.ADAMK\My Documents\Programming\Switch Skate\Layouts\Backups\File Backups\public_html\2006\images\calm\pin.gif <-- Switch Skate /public_html/2006/images/calm pin.gif
2005.08.29 22:11 B C:\Documents and Settings\Adam.ADAMK\My Documents\Programming\Switch Skate\Layouts\Backups\File Backups\public_html\2006\images\calm\poll.gif <-- Switch Skate /public_html/2006/images/calm poll.gif
2005.08.29 22:11 B C:\Documents and Settings\Adam.ADAMK\My Documents\Programming\Switch Skate\Layouts\Backups\File Backups\public_html\2006\images\calm\pollbar-e.gif <-- Switch Skate /public_html/2006/images/calm pollbar-e.gif
2005.08.29 22:11 B C:\Documents and Settings\Adam.ADAMK\My Documents\Programming\Switch Skate\Layouts\Backups\File Backups\public_html\2006\images\calm\pollbar-s.gif <-- Switch Skate /public_html/2006/images/calm pollbar-s.gif
2005.08.29 22:11 B C:\Documents and Settings\Adam.ADAMK\My Documents\Programming\Switch Skate\Layouts\Backups\File Backups\public_html\2006\images\calm\pollbar.gif <-- Switch Skate /public_html/2006/images/calm pollbar.gif
2005.08.29 22:11 B C:\Documents and Settings\Adam.ADAMK\My Documents\Programming\Switch Skate\Layouts\Backups\File Backups\public_html\2006\images\calm\pollsmall.gif <-- Switch Skate /public_html/2006/images/calm pollsmall.gif
2005.08.29 22:11 B C:\Documents and Settings\Adam.ADAMK\My Documents\Programming\Switch Skate\Layouts\Backups\File Backups\public_html\2006\images\calm\profile.gif <-- Switch Skate /public_html/2006/images/calm profile.gif
2005.08.29 22:11 B C:\Documents and Settings\Adam.ADAMK\My Documents\Programming\Switch Skate\Layouts\Backups\File Backups\public_html\2006\images\calm\quote.gif <-- Switch Skate /public_html/2006/images/calm quote.gif
2005.08.29 22:11 B C:\Documents and Settings\Adam.ADAMK\My Documents\Programming\Switch Skate\Layouts\Backups\File Backups\public_html\2006\images\calm\red_folder.gif <-- Switch Skate /public_html/2006/images/calm red_folder.gif
2005.08.29 22:11 B C:\Documents and Settings\Adam.ADAMK\My Documents\Programming\Switch Skate\Layouts\Backups\File Backups\public_html\2006\images\calm\reply.gif <-- Switch Skate /public_html/2006/images/calm reply.gif
2005.08.29 22:11 B C:\Documents and Settings\Adam.ADAMK\My Documents\Programming\Switch Skate\Layouts\Backups\File Backups\public_html\2006\images\calm\report.gif <-- Switch Skate /public_html/2006/images/calm report.gif
2005.08.29 22:11 B C:\Documents and Settings\Adam.ADAMK\My Documents\Programming\Switch Skate\Layouts\Backups\File Backups\public_html\2006\images\calm\search.gif <-- Switch Skate /public_html/2006/images/calm search.gif
2005.08.29 22:11 B C:\Documents and Settings\Adam.ADAMK\My Documents\Programming\Switch Skate\Layouts\Backups\File Backups\public_html\2006\images\calm\site.gif <-- Switch Skate /public_html/2006/images/calm site.gif
2005.08.29 22:11 B C:\Documents and Settings\Adam.ADAMK\My Documents\Programming\Switch Skate\Layouts\Backups\File Backups\public_html\2006\images\calm\star.gif <-- Switch Skate /public_html/2006/images/calm star.gif
2005.08.29 22:11 B C:\Documents and Settings\Adam.ADAMK\My Documents\Programming\Switch Skate\Layouts\Backups\File Backups\public_html\2006\images\calm\stats.gif <-- Switch Skate /public_html/2006/images/calm stats.gif
2005.08.29 22:11 B C:\Documents and Settings\Adam.ADAMK\My Documents\Programming\Switch Skate\Layouts\Backups\File Backups\public_html\2006\images\calm\todays_posts.gif <-- Switch Skate /public_html/2006/images/calm todays_posts.gif
2005.08.29 22:11 B C:\Documents and Settings\Adam.ADAMK\My Documents\Programming\Switch Skate\Layouts\Backups\File Backups\public_html\2006\images\calm\u2u.gif <-- Switch Skate /public_html/2006/images/calm u2u.gif
2005.08.29 22:11 B C:\Documents and Settings\Adam.ADAMK\My Documents\Programming\Switch Skate\Layouts\Backups\File Backups\public_html\2006\images\calm\xmblogo.gif <-- Switch Skate /public_html/2006/images/calm xmblogo.gif
2005.08.29 22:11 B C:\Documents and Settings\Adam.ADAMK\My Documents\Programming\Switch Skate\Layouts\Backups\File Backups\public_html\2006\images\calm\yahoo.gif <-- Switch Skate /public_html/2006/images/calm yahoo.gif
