2004.12.19 17:50 B G:\Documents and Settings\bilbo\My Documents\Switch Skate REOPENED\Forums\Themes\theme headers\crush.gif <-- Switch Skate /public_html/forums/images/greyalliance crush.gif
2004.12.19 17:52 B G:\Documents and Settings\bilbo\My Documents\Switch Skate REOPENED\Forums\Themes\theme headers\crush.gif --> host215.ipowerweb.com /public_html/forums/images/greyalliance crush.gif
2004.12.19 17:53 B G:\Documents and Settings\bilbo\My Documents\Switch Skate REOPENED\Forums\Themes\theme headers\xmbheader.gif <-- Switch Skate /public_html/forums/images/demiZeBlack xmbheader.gif
2004.12.19 17:57 B G:\Documents and Settings\bilbo\My Documents\Switch Skate REOPENED\Forums\Themes\theme headers\xmbheader.gif --> host215.ipowerweb.com /public_html/forums/images/demiZeBlack xmbheader.gif
2004.12.19 17:59 B G:\Documents and Settings\bilbo\My Documents\Switch Skate REOPENED\Forums\Themes\theme headers\header.gif <-- Switch Skate /public_html/forums/images/greyalliance header.gif
2004.12.19 18:02 B G:\Documents and Settings\bilbo\My Documents\Switch Skate REOPENED\Forums\Themes\theme headers\header.gif --> host215.ipowerweb.com /public_html/forums/images/greyalliance header.gif
2004.12.19 18:03 B G:\Documents and Settings\bilbo\My Documents\Switch Skate REOPENED\Forums\Themes\theme headers\iconicheader.gif <-- Switch Skate /public_html/forums/images/iconic iconicheader.gif
2004.12.19 18:05 B G:\Documents and Settings\bilbo\My Documents\Switch Skate REOPENED\Forums\Themes\theme headers\iconicheader.gif --> host215.ipowerweb.com /public_html/forums/images/iconic iconicheader.gif
2004.12.19 18:06 B G:\Documents and Settings\bilbo\My Documents\Switch Skate REOPENED\Forums\Themes\theme headers\banner.gif <-- Switch Skate /public_html/forums/images/onepoint9 banner.gif
2004.12.19 18:06 B G:\Documents and Settings\bilbo\My Documents\Switch Skate REOPENED\Forums\Themes\theme headers\banner2.gif <-- Switch Skate /public_html/forums/images/onepoint9 banner2.gif
2004.12.19 18:09 B G:\Documents and Settings\bilbo\My Documents\Switch Skate REOPENED\Forums\Themes\theme headers\banner.gif --> host215.ipowerweb.com /public_html/forums/images/onepoint9 banner.gif
2004.12.19 18:11 B G:\Documents and Settings\bilbo\My Documents\Switch Skate REOPENED\Forums\Themes\theme headers\xplogo.gif <-- Switch Skate /public_html/forums/images/xpsilver xplogo.gif
2004.12.19 18:13 B G:\Documents and Settings\bilbo\My Documents\Switch Skate REOPENED\Forums\Themes\theme headers\xplogo.gif --> host215.ipowerweb.com /public_html/forums/images/xpsilver xplogo.gif
2004.12.19 18:13 B G:\Documents and Settings\bilbo\My Documents\Switch Skate REOPENED\Forums\Themes\theme headers\xplogo.gif --> host215.ipowerweb.com /public_html/forums/images/xpsilver xplogo.gif
2004.12.19 18:14 B G:\Documents and Settings\bilbo\My Documents\Switch Skate REOPENED\Forums\Themes\theme headers\xmbheader.gif <-- Switch Skate /public_html/forums/images/designx xmbheader.gif
2004.12.19 18:18 B G:\Documents and Settings\bilbo\My Documents\Switch Skate REOPENED\Forums\Themes\theme headers\xmbheader.gif --> host215.ipowerweb.com /public_html/forums/images/designx xmbheader.gif
2004.12.19 18:20 B G:\Documents and Settings\bilbo\My Documents\Switch Skate REOPENED\Forums\Themes\theme headers\xmbheader.gif --> host215.ipowerweb.com /public_html/forums/images/designx xmbheader.gif
2004.12.19 18:23 B G:\Documents and Settings\bilbo\My Documents\Switch Skate REOPENED\Forums\Themes\theme headers\xmbheader.gif --> host215.ipowerweb.com /public_html/forums/images/designx xmbheader.gif
2004.12.19 18:23 B G:\Documents and Settings\bilbo\My Documents\Switch Skate REOPENED\Forums\Themes\theme headers\xmbheader.gif --> host215.ipowerweb.com /public_html/forums/images/designx xmbheader.gif
2004.12.19 18:24 B G:\Documents and Settings\bilbo\My Documents\Switch Skate REOPENED\Forums\Themes\theme headers\xmbheader.gif --> host215.ipowerweb.com /public_html/forums/images/designx xmbheader.gif
2004.12.19 18:30 B G:\Documents and Settings\bilbo\My Documents\Switch Skate REOPENED\Forums\Themes\theme headers\xmbheader.gif --> host215.ipowerweb.com /public_html/forums/images/designx xmbheader.gif
2004.12.19 18:30 B G:\Documents and Settings\bilbo\My Documents\Switch Skate REOPENED\Forums\Themes\theme headers\xmbheader.gif --> host215.ipowerweb.com /public_html/forums/images/designx xmbheader.gif
2004.12.19 18:33 B G:\Documents and Settings\bilbo\My Documents\Switch Skate REOPENED\Forums\Themes\theme headers\xmbheader.gif --> host215.ipowerweb.com /public_html/forums/images/designx xmbheader.gif
