2004.08.26 15:45 B E:\Documents and Settings\Adam Knox\Desktop\SKATE WORLD UNCLEAN\public_html\images\designx\address.gif <-- Skate world /public_html/images/designx address.gif
2004.08.26 15:45 B E:\Documents and Settings\Adam Knox\Desktop\SKATE WORLD UNCLEAN\public_html\images\designx\aim.gif <-- Skate world /public_html/images/designx aim.gif
2004.08.26 15:45 B E:\Documents and Settings\Adam Knox\Desktop\SKATE WORLD UNCLEAN\public_html\images\designx\arrow_dw.gif <-- Skate world /public_html/images/designx arrow_dw.gif
2004.08.26 15:45 B E:\Documents and Settings\Adam Knox\Desktop\SKATE WORLD UNCLEAN\public_html\images\designx\arrow_up.gif <-- Skate world /public_html/images/designx arrow_up.gif
2004.08.26 15:45 B E:\Documents and Settings\Adam Knox\Desktop\SKATE WORLD UNCLEAN\public_html\images\designx\avatars.gif <-- Skate world /public_html/images/designx avatars.gif
2004.08.26 15:45 B E:\Documents and Settings\Adam Knox\Desktop\SKATE WORLD UNCLEAN\public_html\images\designx\bb_bold.gif <-- Skate world /public_html/images/designx bb_bold.gif
2004.08.26 15:45 B E:\Documents and Settings\Adam Knox\Desktop\SKATE WORLD UNCLEAN\public_html\images\designx\bb_center.gif <-- Skate world /public_html/images/designx bb_center.gif
2004.08.26 15:45 B E:\Documents and Settings\Adam Knox\Desktop\SKATE WORLD UNCLEAN\public_html\images\designx\bb_code.gif <-- Skate world /public_html/images/designx bb_code.gif
2004.08.26 15:45 B E:\Documents and Settings\Adam Knox\Desktop\SKATE WORLD UNCLEAN\public_html\images\designx\bb_email.gif <-- Skate world /public_html/images/designx bb_email.gif
2004.08.26 15:45 B E:\Documents and Settings\Adam Knox\Desktop\SKATE WORLD UNCLEAN\public_html\images\designx\bb_image.gif <-- Skate world /public_html/images/designx bb_image.gif
2004.08.26 15:45 B E:\Documents and Settings\Adam Knox\Desktop\SKATE WORLD UNCLEAN\public_html\images\designx\bb_italicize.gif <-- Skate world /public_html/images/designx bb_italicize.gif
2004.08.26 15:45 B E:\Documents and Settings\Adam Knox\Desktop\SKATE WORLD UNCLEAN\public_html\images\designx\bb_list.gif <-- Skate world /public_html/images/designx bb_list.gif
2004.08.26 15:45 B E:\Documents and Settings\Adam Knox\Desktop\SKATE WORLD UNCLEAN\public_html\images\designx\bb_quote.gif <-- Skate world /public_html/images/designx bb_quote.gif
2004.08.26 15:45 B E:\Documents and Settings\Adam Knox\Desktop\SKATE WORLD UNCLEAN\public_html\images\designx\bb_underline.gif <-- Skate world /public_html/images/designx bb_underline.gif
2004.08.26 15:45 B E:\Documents and Settings\Adam Knox\Desktop\SKATE WORLD UNCLEAN\public_html\images\designx\bb_url.gif <-- Skate world /public_html/images/designx bb_url.gif
2004.08.26 15:45 B E:\Documents and Settings\Adam Knox\Desktop\SKATE WORLD UNCLEAN\public_html\images\designx\bbrules.gif <-- Skate world /public_html/images/designx bbrules.gif
2004.08.26 15:45 B E:\Documents and Settings\Adam Knox\Desktop\SKATE WORLD UNCLEAN\public_html\images\designx\categ.gif <-- Skate world /public_html/images/designx categ.gif
2004.08.26 15:45 B E:\Documents and Settings\Adam Knox\Desktop\SKATE WORLD UNCLEAN\public_html\images\designx\closeav.gif <-- Skate world /public_html/images/designx closeav.gif
2004.08.26 15:45 B E:\Documents and Settings\Adam Knox\Desktop\SKATE WORLD UNCLEAN\public_html\images\designx\desbg.gif <-- Skate world /public_html/images/designx desbg.gif
2004.08.26 15:46 B E:\Documents and Settings\Adam Knox\Desktop\SKATE WORLD UNCLEAN\public_html\images\designx\desbg.psd <-- Skate world /public_html/images/designx desbg.psd
2004.08.26 15:46 B E:\Documents and Settings\Adam Knox\Desktop\SKATE WORLD UNCLEAN\public_html\images\designx\designx.xmb <-- Skate world /public_html/images/designx designx.xmb
2004.08.26 15:46 B E:\Documents and Settings\Adam Knox\Desktop\SKATE WORLD UNCLEAN\public_html\images\designx\dot_folder.gif <-- Skate world /public_html/images/designx dot_folder.gif
2004.08.26 15:46 B E:\Documents and Settings\Adam Knox\Desktop\SKATE WORLD UNCLEAN\public_html\images\designx\dot_hot_folder.gif <-- Skate world /public_html/images/designx dot_hot_folder.gif
2004.08.26 15:46 B E:\Documents and Settings\Adam Knox\Desktop\SKATE WORLD UNCLEAN\public_html\images\designx\dot_hot_red_folder.gif <-- Skate world /public_html/images/designx dot_hot_red_folder.gif
2004.08.26 15:46 B E:\Documents and Settings\Adam Knox\Desktop\SKATE WORLD UNCLEAN\public_html\images\designx\dot_red_folder.gif <-- Skate world /public_html/images/designx dot_red_folder.gif
2004.08.26 15:46 B E:\Documents and Settings\Adam Knox\Desktop\SKATE WORLD UNCLEAN\public_html\images\designx\edit.gif <-- Skate world /public_html/images/designx edit.gif
2004.08.26 15:46 B E:\Documents and Settings\Adam Knox\Desktop\SKATE WORLD UNCLEAN\public_html\images\designx\email.gif <-- Skate world /public_html/images/designx email.gif
2004.08.26 15:46 B E:\Documents and Settings\Adam Knox\Desktop\SKATE WORLD UNCLEAN\public_html\images\designx\faq.gif <-- Skate world /public_html/images/designx faq.gif
2004.08.26 15:46 B E:\Documents and Settings\Adam Knox\Desktop\SKATE WORLD UNCLEAN\public_html\images\designx\find.gif <-- Skate world /public_html/images/designx find.gif
2004.08.26 15:46 B E:\Documents and Settings\Adam Knox\Desktop\SKATE WORLD UNCLEAN\public_html\images\designx\folder.gif <-- Skate world /public_html/images/designx folder.gif
2004.08.26 15:46 B E:\Documents and Settings\Adam Knox\Desktop\SKATE WORLD UNCLEAN\public_html\images\designx\home.gif <-- Skate world /public_html/images/designx home.gif
2004.08.26 15:46 B E:\Documents and Settings\Adam Knox\Desktop\SKATE WORLD UNCLEAN\public_html\images\designx\hot_folder.gif <-- Skate world /public_html/images/designx hot_folder.gif
2004.08.26 15:46 B E:\Documents and Settings\Adam Knox\Desktop\SKATE WORLD UNCLEAN\public_html\images\designx\hot_red_folder.gif <-- Skate world /public_html/images/designx hot_red_folder.gif
2004.08.26 15:46 B E:\Documents and Settings\Adam Knox\Desktop\SKATE WORLD UNCLEAN\public_html\images\designx\icq_add.gif <-- Skate world /public_html/images/designx icq_add.gif
2004.08.26 15:46 B E:\Documents and Settings\Adam Knox\Desktop\SKATE WORLD UNCLEAN\public_html\images\designx\inbox.gif <-- Skate world /public_html/images/designx inbox.gif
2004.08.26 15:46 B E:\Documents and Settings\Adam Knox\Desktop\SKATE WORLD UNCLEAN\public_html\images\designx\ip.gif <-- Skate world /public_html/images/designx ip.gif
2004.08.26 15:46 B E:\Documents and Settings\Adam Knox\Desktop\SKATE WORLD UNCLEAN\public_html\images\designx\ipost.gif <-- Skate world /public_html/images/designx ipost.gif
2004.08.26 15:46 B E:\Documents and Settings\Adam Knox\Desktop\SKATE WORLD UNCLEAN\public_html\images\designx\lastpost.gif <-- Skate world /public_html/images/designx lastpost.gif
2004.08.26 15:46 B E:\Documents and Settings\Adam Knox\Desktop\SKATE WORLD UNCLEAN\public_html\images\designx\lock_folder.gif <-- Skate world /public_html/images/designx lock_folder.gif
2004.08.26 15:46 B E:\Documents and Settings\Adam Knox\Desktop\SKATE WORLD UNCLEAN\public_html\images\designx\locku2u.gif <-- Skate world /public_html/images/designx locku2u.gif
2004.08.26 15:46 B E:\Documents and Settings\Adam Knox\Desktop\SKATE WORLD UNCLEAN\public_html\images\designx\members_list.gif <-- Skate world /public_html/images/designx members_list.gif
2004.08.26 15:46 B E:\Documents and Settings\Adam Knox\Desktop\SKATE WORLD UNCLEAN\public_html\images\designx\msn.gif <-- Skate world /public_html/images/designx msn.gif
2004.08.26 15:46 B E:\Documents and Settings\Adam Knox\Desktop\SKATE WORLD UNCLEAN\public_html\images\designx\newtopic.gif <-- Skate world /public_html/images/designx newtopic.gif
2004.08.26 15:46 B E:\Documents and Settings\Adam Knox\Desktop\SKATE WORLD UNCLEAN\public_html\images\designx\newu2u.gif <-- Skate world /public_html/images/designx newu2u.gif
2004.08.26 15:46 B E:\Documents and Settings\Adam Knox\Desktop\SKATE WORLD UNCLEAN\public_html\images\designx\online.gif <-- Skate world /public_html/images/designx online.gif
2004.08.26 15:46 B E:\Documents and Settings\Adam Knox\Desktop\SKATE WORLD UNCLEAN\public_html\images\designx\openav.gif <-- Skate world /public_html/images/designx openav.gif
2004.08.26 15:46 B E:\Documents and Settings\Adam Knox\Desktop\SKATE WORLD UNCLEAN\public_html\images\designx\outbox.gif <-- Skate world /public_html/images/designx outbox.gif
2004.08.26 15:46 B E:\Documents and Settings\Adam Knox\Desktop\SKATE WORLD UNCLEAN\public_html\images\designx\pin.gif <-- Skate world /public_html/images/designx pin.gif
2004.08.26 15:46 B E:\Documents and Settings\Adam Knox\Desktop\SKATE WORLD UNCLEAN\public_html\images\designx\pixel.gif <-- Skate world /public_html/images/designx pixel.gif
2004.08.26 15:46 B E:\Documents and Settings\Adam Knox\Desktop\SKATE WORLD UNCLEAN\public_html\images\designx\poll.gif <-- Skate world /public_html/images/designx poll.gif
2004.08.26 15:46 B E:\Documents and Settings\Adam Knox\Desktop\SKATE WORLD UNCLEAN\public_html\images\designx\pollbar-e.gif <-- Skate world /public_html/images/designx pollbar-e.gif
2004.08.26 15:46 B E:\Documents and Settings\Adam Knox\Desktop\SKATE WORLD UNCLEAN\public_html\images\designx\pollbar-s.gif <-- Skate world /public_html/images/designx pollbar-s.gif
2004.08.26 15:46 B E:\Documents and Settings\Adam Knox\Desktop\SKATE WORLD UNCLEAN\public_html\images\designx\pollbar.gif <-- Skate world /public_html/images/designx pollbar.gif
2004.08.26 15:46 B E:\Documents and Settings\Adam Knox\Desktop\SKATE WORLD UNCLEAN\public_html\images\designx\profile.gif <-- Skate world /public_html/images/designx profile.gif
2004.08.26 15:46 B E:\Documents and Settings\Adam Knox\Desktop\SKATE WORLD UNCLEAN\public_html\images\designx\quote.gif <-- Skate world /public_html/images/designx quote.gif
2004.08.26 15:46 B E:\Documents and Settings\Adam Knox\Desktop\SKATE WORLD UNCLEAN\public_html\images\designx\red_folder.gif <-- Skate world /public_html/images/designx red_folder.gif
2004.08.26 15:46 B E:\Documents and Settings\Adam Knox\Desktop\SKATE WORLD UNCLEAN\public_html\images\designx\reply.gif <-- Skate world /public_html/images/designx reply.gif
2004.08.26 15:46 B E:\Documents and Settings\Adam Knox\Desktop\SKATE WORLD UNCLEAN\public_html\images\designx\report.gif <-- Skate world /public_html/images/designx report.gif
2004.08.26 15:46 B E:\Documents and Settings\Adam Knox\Desktop\SKATE WORLD UNCLEAN\public_html\images\designx\search.gif <-- Skate world /public_html/images/designx search.gif
2004.08.26 15:46 B E:\Documents and Settings\Adam Knox\Desktop\SKATE WORLD UNCLEAN\public_html\images\designx\send.gif <-- Skate world /public_html/images/designx send.gif
2004.08.26 15:46 B E:\Documents and Settings\Adam Knox\Desktop\SKATE WORLD UNCLEAN\public_html\images\designx\site.gif <-- Skate world /public_html/images/designx site.gif
2004.08.26 15:46 B E:\Documents and Settings\Adam Knox\Desktop\SKATE WORLD UNCLEAN\public_html\images\designx\star.gif <-- Skate world /public_html/images/designx star.gif
2004.08.26 15:46 B E:\Documents and Settings\Adam Knox\Desktop\SKATE WORLD UNCLEAN\public_html\images\designx\stats.gif <-- Skate world /public_html/images/designx stats.gif
2004.08.26 15:46 B E:\Documents and Settings\Adam Knox\Desktop\SKATE WORLD UNCLEAN\public_html\images\designx\Thumbs.db <-- Skate world /public_html/images/designx Thumbs.db
2004.08.26 15:46 B E:\Documents and Settings\Adam Knox\Desktop\SKATE WORLD UNCLEAN\public_html\images\designx\todays_posts.gif <-- Skate world /public_html/images/designx todays_posts.gif
2004.08.26 15:46 B E:\Documents and Settings\Adam Knox\Desktop\SKATE WORLD UNCLEAN\public_html\images\designx\topav.gif <-- Skate world /public_html/images/designx topav.gif
2004.08.26 15:46 B E:\Documents and Settings\Adam Knox\Desktop\SKATE WORLD UNCLEAN\public_html\images\designx\u2u.gif <-- Skate world /public_html/images/designx u2u.gif
2004.08.26 15:46 B E:\Documents and Settings\Adam Knox\Desktop\SKATE WORLD UNCLEAN\public_html\images\designx\xmbheader.gif <-- Skate world /public_html/images/designx xmbheader.gif
2004.08.26 15:46 B E:\Documents and Settings\Adam Knox\Desktop\SKATE WORLD UNCLEAN\public_html\images\designx\yahoo.gif <-- Skate world /public_html/images/designx yahoo.gif
2004.08.26 21:26 B E:\Documents and Settings\Adam Knox\Desktop\Skate world redone\forum\images\designx\address.gif --> ftp.skate-world.net /public_html/forum/images/designx address.gif
2004.08.26 21:26 B E:\Documents and Settings\Adam Knox\Desktop\Skate world redone\forum\images\designx\aim.gif --> ftp.skate-world.net /public_html/forum/images/designx aim.gif
2004.08.26 21:26 B E:\Documents and Settings\Adam Knox\Desktop\Skate world redone\forum\images\designx\arrow_dw.gif --> ftp.skate-world.net /public_html/forum/images/designx arrow_dw.gif
2004.08.26 21:26 B E:\Documents and Settings\Adam Knox\Desktop\Skate world redone\forum\images\designx\arrow_up.gif --> ftp.skate-world.net /public_html/forum/images/designx arrow_up.gif
2004.08.26 21:26 B E:\Documents and Settings\Adam Knox\Desktop\Skate world redone\forum\images\designx\avatars.gif --> ftp.skate-world.net /public_html/forum/images/designx avatars.gif
2004.08.26 21:26 B E:\Documents and Settings\Adam Knox\Desktop\Skate world redone\forum\images\designx\bb_bold.gif --> ftp.skate-world.net /public_html/forum/images/designx bb_bold.gif
2004.08.26 21:26 B E:\Documents and Settings\Adam Knox\Desktop\Skate world redone\forum\images\designx\bb_center.gif --> ftp.skate-world.net /public_html/forum/images/designx bb_center.gif
2004.08.26 21:26 B E:\Documents and Settings\Adam Knox\Desktop\Skate world redone\forum\images\designx\bb_code.gif --> ftp.skate-world.net /public_html/forum/images/designx bb_code.gif
2004.08.26 21:26 B E:\Documents and Settings\Adam Knox\Desktop\Skate world redone\forum\images\designx\bb_email.gif --> ftp.skate-world.net /public_html/forum/images/designx bb_email.gif
2004.08.26 21:26 B E:\Documents and Settings\Adam Knox\Desktop\Skate world redone\forum\images\designx\bb_image.gif --> ftp.skate-world.net /public_html/forum/images/designx bb_image.gif
2004.08.26 21:26 B E:\Documents and Settings\Adam Knox\Desktop\Skate world redone\forum\images\designx\bb_italicize.gif --> ftp.skate-world.net /public_html/forum/images/designx bb_italicize.gif
2004.08.26 21:26 B E:\Documents and Settings\Adam Knox\Desktop\Skate world redone\forum\images\designx\bb_list.gif --> ftp.skate-world.net /public_html/forum/images/designx bb_list.gif
2004.08.26 21:26 B E:\Documents and Settings\Adam Knox\Desktop\Skate world redone\forum\images\designx\bb_quote.gif --> ftp.skate-world.net /public_html/forum/images/designx bb_quote.gif
2004.08.26 21:26 B E:\Documents and Settings\Adam Knox\Desktop\Skate world redone\forum\images\designx\bb_underline.gif --> ftp.skate-world.net /public_html/forum/images/designx bb_underline.gif
2004.08.26 21:26 B E:\Documents and Settings\Adam Knox\Desktop\Skate world redone\forum\images\designx\bb_url.gif --> ftp.skate-world.net /public_html/forum/images/designx bb_url.gif
2004.08.26 21:26 B E:\Documents and Settings\Adam Knox\Desktop\Skate world redone\forum\images\designx\bbrules.gif --> ftp.skate-world.net /public_html/forum/images/designx bbrules.gif
2004.08.26 21:26 B E:\Documents and Settings\Adam Knox\Desktop\Skate world redone\forum\images\designx\categ.gif --> ftp.skate-world.net /public_html/forum/images/designx categ.gif
2004.08.26 21:26 B E:\Documents and Settings\Adam Knox\Desktop\Skate world redone\forum\images\designx\closeav.gif --> ftp.skate-world.net /public_html/forum/images/designx closeav.gif
2004.08.26 21:26 B E:\Documents and Settings\Adam Knox\Desktop\Skate world redone\forum\images\designx\desbg.gif --> ftp.skate-world.net /public_html/forum/images/designx desbg.gif
2004.08.26 21:26 B E:\Documents and Settings\Adam Knox\Desktop\Skate world redone\forum\images\designx\desbg.psd --> ftp.skate-world.net /public_html/forum/images/designx desbg.psd
2004.08.26 21:26 B E:\Documents and Settings\Adam Knox\Desktop\Skate world redone\forum\images\designx\designx.xmb --> ftp.skate-world.net /public_html/forum/images/designx designx.xmb
2004.08.26 21:26 B E:\Documents and Settings\Adam Knox\Desktop\Skate world redone\forum\images\designx\dot_folder.gif --> ftp.skate-world.net /public_html/forum/images/designx dot_folder.gif
2004.08.26 21:26 B E:\Documents and Settings\Adam Knox\Desktop\Skate world redone\forum\images\designx\dot_hot_folder.gif --> ftp.skate-world.net /public_html/forum/images/designx dot_hot_folder.gif
2004.08.26 21:26 B E:\Documents and Settings\Adam Knox\Desktop\Skate world redone\forum\images\designx\dot_hot_red_folder.gif --> ftp.skate-world.net /public_html/forum/images/designx dot_hot_red_folder.gif
2004.08.26 21:26 B E:\Documents and Settings\Adam Knox\Desktop\Skate world redone\forum\images\designx\dot_red_folder.gif --> ftp.skate-world.net /public_html/forum/images/designx dot_red_folder.gif
2004.08.26 21:26 B E:\Documents and Settings\Adam Knox\Desktop\Skate world redone\forum\images\designx\edit.gif --> ftp.skate-world.net /public_html/forum/images/designx edit.gif
2004.08.26 21:26 B E:\Documents and Settings\Adam Knox\Desktop\Skate world redone\forum\images\designx\email.gif --> ftp.skate-world.net /public_html/forum/images/designx email.gif
2004.08.26 21:26 B E:\Documents and Settings\Adam Knox\Desktop\Skate world redone\forum\images\designx\faq.gif --> ftp.skate-world.net /public_html/forum/images/designx faq.gif
2004.08.26 21:26 B E:\Documents and Settings\Adam Knox\Desktop\Skate world redone\forum\images\designx\find.gif --> ftp.skate-world.net /public_html/forum/images/designx find.gif
2004.08.26 21:26 B E:\Documents and Settings\Adam Knox\Desktop\Skate world redone\forum\images\designx\folder.gif --> ftp.skate-world.net /public_html/forum/images/designx folder.gif
2004.08.26 21:26 B E:\Documents and Settings\Adam Knox\Desktop\Skate world redone\forum\images\designx\home.gif --> ftp.skate-world.net /public_html/forum/images/designx home.gif
2004.08.26 21:26 B E:\Documents and Settings\Adam Knox\Desktop\Skate world redone\forum\images\designx\hot_folder.gif --> ftp.skate-world.net /public_html/forum/images/designx hot_folder.gif
2004.08.26 21:26 B E:\Documents and Settings\Adam Knox\Desktop\Skate world redone\forum\images\designx\hot_red_folder.gif --> ftp.skate-world.net /public_html/forum/images/designx hot_red_folder.gif
2004.08.26 21:26 B E:\Documents and Settings\Adam Knox\Desktop\Skate world redone\forum\images\designx\icq_add.gif --> ftp.skate-world.net /public_html/forum/images/designx icq_add.gif
2004.08.26 21:26 B E:\Documents and Settings\Adam Knox\Desktop\Skate world redone\forum\images\designx\inbox.gif --> ftp.skate-world.net /public_html/forum/images/designx inbox.gif
2004.08.26 21:26 B E:\Documents and Settings\Adam Knox\Desktop\Skate world redone\forum\images\designx\ip.gif --> ftp.skate-world.net /public_html/forum/images/designx ip.gif
2004.08.26 21:26 B E:\Documents and Settings\Adam Knox\Desktop\Skate world redone\forum\images\designx\ipost.gif --> ftp.skate-world.net /public_html/forum/images/designx ipost.gif
2004.08.26 21:26 B E:\Documents and Settings\Adam Knox\Desktop\Skate world redone\forum\images\designx\lastpost.gif --> ftp.skate-world.net /public_html/forum/images/designx lastpost.gif
2004.08.26 21:26 B E:\Documents and Settings\Adam Knox\Desktop\Skate world redone\forum\images\designx\lock_folder.gif --> ftp.skate-world.net /public_html/forum/images/designx lock_folder.gif
2004.08.26 21:26 B E:\Documents and Settings\Adam Knox\Desktop\Skate world redone\forum\images\designx\locku2u.gif --> ftp.skate-world.net /public_html/forum/images/designx locku2u.gif
2004.08.26 21:26 B E:\Documents and Settings\Adam Knox\Desktop\Skate world redone\forum\images\designx\members_list.gif --> ftp.skate-world.net /public_html/forum/images/designx members_list.gif
2004.08.26 21:26 B E:\Documents and Settings\Adam Knox\Desktop\Skate world redone\forum\images\designx\msn.gif --> ftp.skate-world.net /public_html/forum/images/designx msn.gif
2004.08.26 21:26 B E:\Documents and Settings\Adam Knox\Desktop\Skate world redone\forum\images\designx\newtopic.gif --> ftp.skate-world.net /public_html/forum/images/designx newtopic.gif
2004.08.26 21:26 B E:\Documents and Settings\Adam Knox\Desktop\Skate world redone\forum\images\designx\newu2u.gif --> ftp.skate-world.net /public_html/forum/images/designx newu2u.gif
2004.08.26 21:26 B E:\Documents and Settings\Adam Knox\Desktop\Skate world redone\forum\images\designx\online.gif --> ftp.skate-world.net /public_html/forum/images/designx online.gif
2004.08.26 21:26 B E:\Documents and Settings\Adam Knox\Desktop\Skate world redone\forum\images\designx\openav.gif --> ftp.skate-world.net /public_html/forum/images/designx openav.gif
2004.08.26 21:26 B E:\Documents and Settings\Adam Knox\Desktop\Skate world redone\forum\images\designx\outbox.gif --> ftp.skate-world.net /public_html/forum/images/designx outbox.gif
2004.08.26 21:26 B E:\Documents and Settings\Adam Knox\Desktop\Skate world redone\forum\images\designx\pin.gif --> ftp.skate-world.net /public_html/forum/images/designx pin.gif
2004.08.26 21:26 B E:\Documents and Settings\Adam Knox\Desktop\Skate world redone\forum\images\designx\pixel.gif --> ftp.skate-world.net /public_html/forum/images/designx pixel.gif
2004.08.26 21:26 B E:\Documents and Settings\Adam Knox\Desktop\Skate world redone\forum\images\designx\poll.gif --> ftp.skate-world.net /public_html/forum/images/designx poll.gif
2004.08.26 21:26 B E:\Documents and Settings\Adam Knox\Desktop\Skate world redone\forum\images\designx\pollbar-e.gif --> ftp.skate-world.net /public_html/forum/images/designx pollbar-e.gif
2004.08.26 21:26 B E:\Documents and Settings\Adam Knox\Desktop\Skate world redone\forum\images\designx\pollbar-s.gif --> ftp.skate-world.net /public_html/forum/images/designx pollbar-s.gif
2004.08.26 21:26 B E:\Documents and Settings\Adam Knox\Desktop\Skate world redone\forum\images\designx\pollbar.gif --> ftp.skate-world.net /public_html/forum/images/designx pollbar.gif
2004.08.26 21:26 B E:\Documents and Settings\Adam Knox\Desktop\Skate world redone\forum\images\designx\profile.gif --> ftp.skate-world.net /public_html/forum/images/designx profile.gif
2004.08.26 21:26 B E:\Documents and Settings\Adam Knox\Desktop\Skate world redone\forum\images\designx\quote.gif --> ftp.skate-world.net /public_html/forum/images/designx quote.gif
2004.08.26 21:26 B E:\Documents and Settings\Adam Knox\Desktop\Skate world redone\forum\images\designx\red_folder.gif --> ftp.skate-world.net /public_html/forum/images/designx red_folder.gif
2004.08.26 21:26 B E:\Documents and Settings\Adam Knox\Desktop\Skate world redone\forum\images\designx\reply.gif --> ftp.skate-world.net /public_html/forum/images/designx reply.gif
2004.08.26 21:26 B E:\Documents and Settings\Adam Knox\Desktop\Skate world redone\forum\images\designx\report.gif --> ftp.skate-world.net /public_html/forum/images/designx report.gif
2004.08.26 21:26 B E:\Documents and Settings\Adam Knox\Desktop\Skate world redone\forum\images\designx\search.gif --> ftp.skate-world.net /public_html/forum/images/designx search.gif
2004.08.26 21:26 B E:\Documents and Settings\Adam Knox\Desktop\Skate world redone\forum\images\designx\send.gif --> ftp.skate-world.net /public_html/forum/images/designx send.gif
2004.08.26 21:26 B E:\Documents and Settings\Adam Knox\Desktop\Skate world redone\forum\images\designx\site.gif --> ftp.skate-world.net /public_html/forum/images/designx site.gif
2004.08.26 21:26 B E:\Documents and Settings\Adam Knox\Desktop\Skate world redone\forum\images\designx\star.gif --> ftp.skate-world.net /public_html/forum/images/designx star.gif
2004.08.26 21:26 B E:\Documents and Settings\Adam Knox\Desktop\Skate world redone\forum\images\designx\stats.gif --> ftp.skate-world.net /public_html/forum/images/designx stats.gif
2004.08.26 21:26 B E:\Documents and Settings\Adam Knox\Desktop\Skate world redone\forum\images\designx\Thumbs.db --> ftp.skate-world.net /public_html/forum/images/designx Thumbs.db
2004.08.26 21:26 B E:\Documents and Settings\Adam Knox\Desktop\Skate world redone\forum\images\designx\todays_posts.gif --> ftp.skate-world.net /public_html/forum/images/designx todays_posts.gif
2004.08.26 21:26 B E:\Documents and Settings\Adam Knox\Desktop\Skate world redone\forum\images\designx\topav.gif --> ftp.skate-world.net /public_html/forum/images/designx topav.gif
2004.08.26 21:27 B E:\Documents and Settings\Adam Knox\Desktop\Skate world redone\forum\images\designx\u2u.gif --> ftp.skate-world.net /public_html/forum/images/designx u2u.gif
2004.09.20 16:37 B E:\Documents and Settings\Adam Knox\My Documents\Skate World\backup\forum\images\designx\WS_FTP.LOG <-- Skate world Temporary /public_html/forum/images/designx WS_FTP.LOG
2004.09.20 16:37 B E:\Documents and Settings\Adam Knox\My Documents\Skate World\backup\forum\images\designx\xmbheader.gif <-- Skate world Temporary /public_html/forum/images/designx xmbheader.gif
2004.09.20 16:37 B E:\Documents and Settings\Adam Knox\My Documents\Skate World\backup\forum\images\designx\yahoo.gif <-- Skate world Temporary /public_html/forum/images/designx yahoo.gif
2004.10.02 20:26 B G:\Documents and Settings\bilbo\My Documents\Skate World\backup\FOLDERS\forum\images\designx\address.gif --> host215.ipowerweb.com /public_html/forum/images/designx address.gif
2004.10.02 20:27 B G:\Documents and Settings\bilbo\My Documents\Skate World\backup\FOLDERS\forum\images\designx\aim.gif --> host215.ipowerweb.com /public_html/forum/images/designx aim.gif
2004.10.02 20:27 B G:\Documents and Settings\bilbo\My Documents\Skate World\backup\FOLDERS\forum\images\designx\arrow_dw.gif --> host215.ipowerweb.com /public_html/forum/images/designx arrow_dw.gif
2004.10.02 20:27 B G:\Documents and Settings\bilbo\My Documents\Skate World\backup\FOLDERS\forum\images\designx\arrow_up.gif --> host215.ipowerweb.com /public_html/forum/images/designx arrow_up.gif
2004.10.02 20:27 B G:\Documents and Settings\bilbo\My Documents\Skate World\backup\FOLDERS\forum\images\designx\avatars.gif --> host215.ipowerweb.com /public_html/forum/images/designx avatars.gif
2004.10.02 20:27 B G:\Documents and Settings\bilbo\My Documents\Skate World\backup\FOLDERS\forum\images\designx\bb_bold.gif --> host215.ipowerweb.com /public_html/forum/images/designx bb_bold.gif
2004.10.02 20:27 B G:\Documents and Settings\bilbo\My Documents\Skate World\backup\FOLDERS\forum\images\designx\bb_center.gif --> host215.ipowerweb.com /public_html/forum/images/designx bb_center.gif
2004.10.02 20:27 B G:\Documents and Settings\bilbo\My Documents\Skate World\backup\FOLDERS\forum\images\designx\bb_code.gif --> host215.ipowerweb.com /public_html/forum/images/designx bb_code.gif
2004.10.02 20:27 B G:\Documents and Settings\bilbo\My Documents\Skate World\backup\FOLDERS\forum\images\designx\bb_email.gif --> host215.ipowerweb.com /public_html/forum/images/designx bb_email.gif
2004.10.02 20:27 B G:\Documents and Settings\bilbo\My Documents\Skate World\backup\FOLDERS\forum\images\designx\bb_image.gif --> host215.ipowerweb.com /public_html/forum/images/designx bb_image.gif
2004.10.02 20:27 B G:\Documents and Settings\bilbo\My Documents\Skate World\backup\FOLDERS\forum\images\designx\bb_italicize.gif --> host215.ipowerweb.com /public_html/forum/images/designx bb_italicize.gif
2004.10.02 20:27 B G:\Documents and Settings\bilbo\My Documents\Skate World\backup\FOLDERS\forum\images\designx\bb_list.gif --> host215.ipowerweb.com /public_html/forum/images/designx bb_list.gif
2004.10.02 20:27 B G:\Documents and Settings\bilbo\My Documents\Skate World\backup\FOLDERS\forum\images\designx\bb_quote.gif --> host215.ipowerweb.com /public_html/forum/images/designx bb_quote.gif
2004.10.02 20:27 B G:\Documents and Settings\bilbo\My Documents\Skate World\backup\FOLDERS\forum\images\designx\bb_underline.gif --> host215.ipowerweb.com /public_html/forum/images/designx bb_underline.gif
2004.10.02 20:27 B G:\Documents and Settings\bilbo\My Documents\Skate World\backup\FOLDERS\forum\images\designx\bb_url.gif --> host215.ipowerweb.com /public_html/forum/images/designx bb_url.gif
2004.10.02 20:28 B G:\Documents and Settings\bilbo\My Documents\Skate World\backup\FOLDERS\forum\images\designx\bbrules.gif --> host215.ipowerweb.com /public_html/forum/images/designx bbrules.gif
2004.10.02 20:28 B G:\Documents and Settings\bilbo\My Documents\Skate World\backup\FOLDERS\forum\images\designx\categ.gif --> host215.ipowerweb.com /public_html/forum/images/designx categ.gif
2004.10.02 20:29 B G:\Documents and Settings\bilbo\My Documents\Skate World\backup\FOLDERS\forum\images\designx\closeav.gif --> host215.ipowerweb.com /public_html/forum/images/designx closeav.gif
2004.10.02 20:32 B G:\Documents and Settings\bilbo\My Documents\Skate World\backup\FOLDERS\forum\images\designx\desbg.gif --> host215.ipowerweb.com /public_html/forum/images/designx desbg.gif
2004.10.02 20:33 B G:\Documents and Settings\bilbo\My Documents\Skate World\backup\FOLDERS\forum\images\designx\desbg.psd --> host215.ipowerweb.com /public_html/forum/images/designx desbg.psd
2004.10.02 20:33 B G:\Documents and Settings\bilbo\My Documents\Skate World\backup\FOLDERS\forum\images\designx\designx.xmb --> host215.ipowerweb.com /public_html/forum/images/designx designx.xmb
2004.10.02 20:33 B G:\Documents and Settings\bilbo\My Documents\Skate World\backup\FOLDERS\forum\images\designx\dot_folder.gif --> host215.ipowerweb.com /public_html/forum/images/designx dot_folder.gif
2004.10.02 20:33 B G:\Documents and Settings\bilbo\My Documents\Skate World\backup\FOLDERS\forum\images\designx\dot_hot_folder.gif --> host215.ipowerweb.com /public_html/forum/images/designx dot_hot_folder.gif
2004.10.02 20:33 B G:\Documents and Settings\bilbo\My Documents\Skate World\backup\FOLDERS\forum\images\designx\dot_hot_red_folder.gif --> host215.ipowerweb.com /public_html/forum/images/designx dot_hot_red_folder.gif
2004.10.02 20:33 B G:\Documents and Settings\bilbo\My Documents\Skate World\backup\FOLDERS\forum\images\designx\dot_red_folder.gif --> host215.ipowerweb.com /public_html/forum/images/designx dot_red_folder.gif
2004.10.02 20:33 B G:\Documents and Settings\bilbo\My Documents\Skate World\backup\FOLDERS\forum\images\designx\edit.gif --> host215.ipowerweb.com /public_html/forum/images/designx edit.gif
2004.10.02 20:33 B G:\Documents and Settings\bilbo\My Documents\Skate World\backup\FOLDERS\forum\images\designx\email.gif --> host215.ipowerweb.com /public_html/forum/images/designx email.gif
2004.10.02 20:33 B G:\Documents and Settings\bilbo\My Documents\Skate World\backup\FOLDERS\forum\images\designx\faq.gif --> host215.ipowerweb.com /public_html/forum/images/designx faq.gif
2004.10.02 20:33 B G:\Documents and Settings\bilbo\My Documents\Skate World\backup\FOLDERS\forum\images\designx\find.gif --> host215.ipowerweb.com /public_html/forum/images/designx find.gif
2004.10.02 20:33 B G:\Documents and Settings\bilbo\My Documents\Skate World\backup\FOLDERS\forum\images\designx\folder.gif --> host215.ipowerweb.com /public_html/forum/images/designx folder.gif
2004.10.02 20:33 B G:\Documents and Settings\bilbo\My Documents\Skate World\backup\FOLDERS\forum\images\designx\home.gif --> host215.ipowerweb.com /public_html/forum/images/designx home.gif
2004.10.02 20:33 B G:\Documents and Settings\bilbo\My Documents\Skate World\backup\FOLDERS\forum\images\designx\hot_folder.gif --> host215.ipowerweb.com /public_html/forum/images/designx hot_folder.gif
2004.10.02 20:33 B G:\Documents and Settings\bilbo\My Documents\Skate World\backup\FOLDERS\forum\images\designx\hot_red_folder.gif --> host215.ipowerweb.com /public_html/forum/images/designx hot_red_folder.gif
2004.10.02 20:33 B G:\Documents and Settings\bilbo\My Documents\Skate World\backup\FOLDERS\forum\images\designx\icq_add.gif --> host215.ipowerweb.com /public_html/forum/images/designx icq_add.gif
2004.10.02 20:33 B G:\Documents and Settings\bilbo\My Documents\Skate World\backup\FOLDERS\forum\images\designx\inbox.gif --> host215.ipowerweb.com /public_html/forum/images/designx inbox.gif
2004.10.02 20:33 B G:\Documents and Settings\bilbo\My Documents\Skate World\backup\FOLDERS\forum\images\designx\ip.gif --> host215.ipowerweb.com /public_html/forum/images/designx ip.gif
2004.10.02 20:33 B G:\Documents and Settings\bilbo\My Documents\Skate World\backup\FOLDERS\forum\images\designx\ipost.gif --> host215.ipowerweb.com /public_html/forum/images/designx ipost.gif
2004.10.02 20:33 B G:\Documents and Settings\bilbo\My Documents\Skate World\backup\FOLDERS\forum\images\designx\lastpost.gif --> host215.ipowerweb.com /public_html/forum/images/designx lastpost.gif
2004.10.02 20:33 B G:\Documents and Settings\bilbo\My Documents\Skate World\backup\FOLDERS\forum\images\designx\lock_folder.gif --> host215.ipowerweb.com /public_html/forum/images/designx lock_folder.gif
2004.10.02 20:33 B G:\Documents and Settings\bilbo\My Documents\Skate World\backup\FOLDERS\forum\images\designx\locku2u.gif --> host215.ipowerweb.com /public_html/forum/images/designx locku2u.gif
2004.10.02 20:33 B G:\Documents and Settings\bilbo\My Documents\Skate World\backup\FOLDERS\forum\images\designx\members_list.gif --> host215.ipowerweb.com /public_html/forum/images/designx members_list.gif
2004.10.02 20:33 B G:\Documents and Settings\bilbo\My Documents\Skate World\backup\FOLDERS\forum\images\designx\msn.gif --> host215.ipowerweb.com /public_html/forum/images/designx msn.gif
2004.10.02 20:33 B G:\Documents and Settings\bilbo\My Documents\Skate World\backup\FOLDERS\forum\images\designx\newtopic.gif --> host215.ipowerweb.com /public_html/forum/images/designx newtopic.gif
2004.10.02 20:33 B G:\Documents and Settings\bilbo\My Documents\Skate World\backup\FOLDERS\forum\images\designx\newu2u.gif --> host215.ipowerweb.com /public_html/forum/images/designx newu2u.gif
2004.10.02 20:33 B G:\Documents and Settings\bilbo\My Documents\Skate World\backup\FOLDERS\forum\images\designx\online.gif --> host215.ipowerweb.com /public_html/forum/images/designx online.gif
2004.10.02 20:33 B G:\Documents and Settings\bilbo\My Documents\Skate World\backup\FOLDERS\forum\images\designx\openav.gif --> host215.ipowerweb.com /public_html/forum/images/designx openav.gif
2004.10.02 20:33 B G:\Documents and Settings\bilbo\My Documents\Skate World\backup\FOLDERS\forum\images\designx\outbox.gif --> host215.ipowerweb.com /public_html/forum/images/designx outbox.gif
2004.10.02 20:33 B G:\Documents and Settings\bilbo\My Documents\Skate World\backup\FOLDERS\forum\images\designx\pin.gif --> host215.ipowerweb.com /public_html/forum/images/designx pin.gif
2004.10.02 20:33 B G:\Documents and Settings\bilbo\My Documents\Skate World\backup\FOLDERS\forum\images\designx\pixel.gif --> host215.ipowerweb.com /public_html/forum/images/designx pixel.gif
2004.10.02 20:33 B G:\Documents and Settings\bilbo\My Documents\Skate World\backup\FOLDERS\forum\images\designx\poll.gif --> host215.ipowerweb.com /public_html/forum/images/designx poll.gif
2004.10.02 20:34 B G:\Documents and Settings\bilbo\My Documents\Skate World\backup\FOLDERS\forum\images\designx\pollbar-e.gif --> host215.ipowerweb.com /public_html/forum/images/designx pollbar-e.gif
2004.10.02 20:34 B G:\Documents and Settings\bilbo\My Documents\Skate World\backup\FOLDERS\forum\images\designx\pollbar-s.gif --> host215.ipowerweb.com /public_html/forum/images/designx pollbar-s.gif
2004.10.02 20:34 B G:\Documents and Settings\bilbo\My Documents\Skate World\backup\FOLDERS\forum\images\designx\pollbar.gif --> host215.ipowerweb.com /public_html/forum/images/designx pollbar.gif
2004.10.02 20:34 B G:\Documents and Settings\bilbo\My Documents\Skate World\backup\FOLDERS\forum\images\designx\profile.gif --> host215.ipowerweb.com /public_html/forum/images/designx profile.gif
2004.10.02 20:36 B G:\Documents and Settings\bilbo\My Documents\Skate World\backup\FOLDERS\forum\images\designx\quote.gif --> host215.ipowerweb.com /public_html/forum/images/designx quote.gif
2004.10.02 20:38 B G:\Documents and Settings\bilbo\My Documents\Skate World\backup\FOLDERS\forum\images\designx\red_folder.gif --> host215.ipowerweb.com /public_html/forum/images/designx red_folder.gif
2004.10.02 20:38 B G:\Documents and Settings\bilbo\My Documents\Skate World\backup\FOLDERS\forum\images\designx\reply.gif --> host215.ipowerweb.com /public_html/forum/images/designx reply.gif
2004.10.02 20:38 B G:\Documents and Settings\bilbo\My Documents\Skate World\backup\FOLDERS\forum\images\designx\report.gif --> host215.ipowerweb.com /public_html/forum/images/designx report.gif
2004.10.02 20:38 B G:\Documents and Settings\bilbo\My Documents\Skate World\backup\FOLDERS\forum\images\designx\search.gif --> host215.ipowerweb.com /public_html/forum/images/designx search.gif
2004.10.02 20:38 B G:\Documents and Settings\bilbo\My Documents\Skate World\backup\FOLDERS\forum\images\designx\send.gif --> host215.ipowerweb.com /public_html/forum/images/designx send.gif
2004.10.02 20:38 B G:\Documents and Settings\bilbo\My Documents\Skate World\backup\FOLDERS\forum\images\designx\site.gif --> host215.ipowerweb.com /public_html/forum/images/designx site.gif
2004.10.02 20:38 B G:\Documents and Settings\bilbo\My Documents\Skate World\backup\FOLDERS\forum\images\designx\star.gif --> host215.ipowerweb.com /public_html/forum/images/designx star.gif
2004.10.02 20:38 B G:\Documents and Settings\bilbo\My Documents\Skate World\backup\FOLDERS\forum\images\designx\stats.gif --> host215.ipowerweb.com /public_html/forum/images/designx stats.gif
2004.10.02 20:38 B G:\Documents and Settings\bilbo\My Documents\Skate World\backup\FOLDERS\forum\images\designx\Thumbs.db --> host215.ipowerweb.com /public_html/forum/images/designx Thumbs.db
2004.10.02 20:38 B G:\Documents and Settings\bilbo\My Documents\Skate World\backup\FOLDERS\forum\images\designx\todays_posts.gif --> host215.ipowerweb.com /public_html/forum/images/designx todays_posts.gif
2004.10.02 20:38 B G:\Documents and Settings\bilbo\My Documents\Skate World\backup\FOLDERS\forum\images\designx\topav.gif --> host215.ipowerweb.com /public_html/forum/images/designx topav.gif
2004.10.02 20:38 B G:\Documents and Settings\bilbo\My Documents\Skate World\backup\FOLDERS\forum\images\designx\u2u.gif --> host215.ipowerweb.com /public_html/forum/images/designx u2u.gif
2005.08.29 22:43 B C:\Documents and Settings\Adam.ADAMK\My Documents\Programming\Switch Skate\Layouts\Backups\File Backups\public_html\forums\images\designx\WS_FTP.LOG <-- Switch Skate /public_html/forums/images/designx WS_FTP.LOG
2005.08.29 22:43 B C:\Documents and Settings\Adam.ADAMK\My Documents\Programming\Switch Skate\Layouts\Backups\File Backups\public_html\forums\images\designx\xmbheader.gif <-- Switch Skate /public_html/forums/images/designx xmbheader.gif
2005.08.29 22:43 B C:\Documents and Settings\Adam.ADAMK\My Documents\Programming\Switch Skate\Layouts\Backups\File Backups\public_html\forums\images\designx\yahoo.gif <-- Switch Skate /public_html/forums/images/designx yahoo.gif
