2005.08.29 23:06 B °ğB\address.gif <-- Switch Skate /public_html/forums/images/Snowfall/snowfall address.gif
2005.08.29 23:06 B °ğB\aim.gif <-- Switch Skate /public_html/forums/images/Snowfall/snowfall aim.gif
2005.08.29 23:06 B °ğB\arrow_dw.gif <-- Switch Skate /public_html/forums/images/Snowfall/snowfall arrow_dw.gif
2005.08.29 23:06 B °ğB\arrow_up.gif <-- Switch Skate /public_html/forums/images/Snowfall/snowfall arrow_up.gif
2005.08.29 23:06 B °ğB\b.gif <-- Switch Skate /public_html/forums/images/Snowfall/snowfall b.gif
2005.08.29 23:06 B °ğB\bb_bold.gif <-- Switch Skate /public_html/forums/images/Snowfall/snowfall bb_bold.gif
2005.08.29 23:06 B °ğB\bb_center.gif <-- Switch Skate /public_html/forums/images/Snowfall/snowfall bb_center.gif
2005.08.29 23:06 B °ğB\bb_code.gif <-- Switch Skate /public_html/forums/images/Snowfall/snowfall bb_code.gif
2005.08.29 23:06 B °ğB\bb_email.gif <-- Switch Skate /public_html/forums/images/Snowfall/snowfall bb_email.gif
2005.08.29 23:06 B °ğB\bb_hide.gif <-- Switch Skate /public_html/forums/images/Snowfall/snowfall bb_hide.gif
2005.08.29 23:06 B °ğB\bb_image.gif <-- Switch Skate /public_html/forums/images/Snowfall/snowfall bb_image.gif
2005.08.29 23:06 B °ğB\bb_italicize.gif <-- Switch Skate /public_html/forums/images/Snowfall/snowfall bb_italicize.gif
2005.08.29 23:06 B °ğB\bb_list.gif <-- Switch Skate /public_html/forums/images/Snowfall/snowfall bb_list.gif
2005.08.29 23:06 B °ğB\bb_quote.gif <-- Switch Skate /public_html/forums/images/Snowfall/snowfall bb_quote.gif
2005.08.29 23:06 B °ğB\bb_underline.gif <-- Switch Skate /public_html/forums/images/Snowfall/snowfall bb_underline.gif
2005.08.29 23:06 B °ğB\bb_url.gif <-- Switch Skate /public_html/forums/images/Snowfall/snowfall bb_url.gif
2005.08.29 23:06 B °ğB\bbrules.gif <-- Switch Skate /public_html/forums/images/Snowfall/snowfall bbrules.gif
2005.08.29 23:06 B °ğB\bck.gif <-- Switch Skate /public_html/forums/images/Snowfall/snowfall bck.gif
2005.08.29 23:06 B °ğB\buddy.gif <-- Switch Skate /public_html/forums/images/Snowfall/snowfall buddy.gif
2005.08.29 23:06 B °ğB\dot_folder.gif <-- Switch Skate /public_html/forums/images/Snowfall/snowfall dot_folder.gif
2005.08.29 23:06 B °ğB\dot_hot_folder.gif <-- Switch Skate /public_html/forums/images/Snowfall/snowfall dot_hot_folder.gif
2005.08.29 23:06 B °ğB\dot_hot_red_folder.gif <-- Switch Skate /public_html/forums/images/Snowfall/snowfall dot_hot_red_folder.gif
2005.08.29 23:06 B °ğB\dot_red_folder.gif <-- Switch Skate /public_html/forums/images/Snowfall/snowfall dot_red_folder.gif
2005.08.29 23:06 B °ğB\edit.gif <-- Switch Skate /public_html/forums/images/Snowfall/snowfall edit.gif
2005.08.29 23:06 B °ğB\email.gif <-- Switch Skate /public_html/forums/images/Snowfall/snowfall email.gif
2005.08.29 23:06 B °ğB\faq.gif <-- Switch Skate /public_html/forums/images/Snowfall/snowfall faq.gif
2005.08.29 23:06 B °ğB\find.gif <-- Switch Skate /public_html/forums/images/Snowfall/snowfall find.gif
2005.08.29 23:06 B °ğB\folder-locked.gif <-- Switch Skate /public_html/forums/images/Snowfall/snowfall folder-locked.gif
2005.08.29 23:06 B °ğB\folder-off.gif <-- Switch Skate /public_html/forums/images/Snowfall/snowfall folder-off.gif
2005.08.29 23:06 B °ğB\folder-on.gif <-- Switch Skate /public_html/forums/images/Snowfall/snowfall folder-on.gif
2005.08.29 23:06 B °ğB\folder.gif <-- Switch Skate /public_html/forums/images/Snowfall/snowfall folder.gif
2005.08.29 23:06 B °ğB\g.gif <-- Switch Skate /public_html/forums/images/Snowfall/snowfall g.gif
2005.08.29 23:06 B °ğB\home.gif <-- Switch Skate /public_html/forums/images/Snowfall/snowfall home.gif
2005.08.29 23:06 B °ğB\hot_folder.gif <-- Switch Skate /public_html/forums/images/Snowfall/snowfall hot_folder.gif
2005.08.29 23:06 B °ğB\hot_red_folder.gif <-- Switch Skate /public_html/forums/images/Snowfall/snowfall hot_red_folder.gif
2005.08.29 23:06 B °ğB\icq.gif <-- Switch Skate /public_html/forums/images/Snowfall/snowfall icq.gif
2005.08.29 23:06 B °ğB\inbox.gif <-- Switch Skate /public_html/forums/images/Snowfall/snowfall inbox.gif
2005.08.29 23:06 B °ğB\ip.gif <-- Switch Skate /public_html/forums/images/Snowfall/snowfall ip.gif
2005.08.29 23:06 B °ğB\ipost.gif <-- Switch Skate /public_html/forums/images/Snowfall/snowfall ipost.gif
2005.08.29 23:06 B °ğB\lastpost.gif <-- Switch Skate /public_html/forums/images/Snowfall/snowfall lastpost.gif
2005.08.29 23:06 B °ğB\lock_folder.gif <-- Switch Skate /public_html/forums/images/Snowfall/snowfall lock_folder.gif
2005.08.29 23:06 B °ğB\locku2u.gif <-- Switch Skate /public_html/forums/images/Snowfall/snowfall locku2u.gif
2005.08.29 23:06 B °ğB\logo.gif <-- Switch Skate /public_html/forums/images/Snowfall/snowfall logo.gif
2005.08.29 23:06 B °ğB\logo_blank.gif <-- Switch Skate /public_html/forums/images/Snowfall/snowfall logo_blank.gif
2005.08.29 23:06 B °ğB\members_list.gif <-- Switch Skate /public_html/forums/images/Snowfall/snowfall members_list.gif
2005.08.29 23:06 B °ğB\msn.gif <-- Switch Skate /public_html/forums/images/Snowfall/snowfall msn.gif
2005.08.29 23:07 B °ğB\newtopic.gif <-- Switch Skate /public_html/forums/images/Snowfall/snowfall newtopic.gif
2005.08.29 23:07 B °ğB\newu2u.gif <-- Switch Skate /public_html/forums/images/Snowfall/snowfall newu2u.gif
2005.08.29 23:07 B °ğB\online.gif <-- Switch Skate /public_html/forums/images/Snowfall/snowfall online.gif
2005.08.29 23:07 B °ğB\online_guest.gif <-- Switch Skate /public_html/forums/images/Snowfall/snowfall online_guest.gif
2005.08.29 23:07 B °ğB\outbox.gif <-- Switch Skate /public_html/forums/images/Snowfall/snowfall outbox.gif
2005.08.29 23:07 B °ğB\pin.gif <-- Switch Skate /public_html/forums/images/Snowfall/snowfall pin.gif
2005.08.29 23:07 B °ğB\pixel.gif <-- Switch Skate /public_html/forums/images/Snowfall/snowfall pixel.gif
2005.08.29 23:07 B °ğB\poll.gif <-- Switch Skate /public_html/forums/images/Snowfall/snowfall poll.gif
2005.08.29 23:07 B °ğB\pollbar-e.gif <-- Switch Skate /public_html/forums/images/Snowfall/snowfall pollbar-e.gif
2005.08.29 23:07 B °ğB\pollbar-s.gif <-- Switch Skate /public_html/forums/images/Snowfall/snowfall pollbar-s.gif
2005.08.29 23:07 B °ğB\pollbar.gif <-- Switch Skate /public_html/forums/images/Snowfall/snowfall pollbar.gif
2005.08.29 23:07 B °ğB\profile.gif <-- Switch Skate /public_html/forums/images/Snowfall/snowfall profile.gif
2005.08.29 23:07 B °ğB\quote.gif <-- Switch Skate /public_html/forums/images/Snowfall/snowfall quote.gif
2005.08.29 23:07 B °ğB\red_folder.gif <-- Switch Skate /public_html/forums/images/Snowfall/snowfall red_folder.gif
2005.08.29 23:07 B °ğB\reply.gif <-- Switch Skate /public_html/forums/images/Snowfall/snowfall reply.gif
2005.08.29 23:07 B °ğB\report.gif <-- Switch Skate /public_html/forums/images/Snowfall/snowfall report.gif
2005.08.29 23:07 B °ğB\search.gif <-- Switch Skate /public_html/forums/images/Snowfall/snowfall search.gif
2005.08.29 23:07 B °ğB\site.gif <-- Switch Skate /public_html/forums/images/Snowfall/snowfall site.gif
2005.08.29 23:07 B °ğB\star.gif <-- Switch Skate /public_html/forums/images/Snowfall/snowfall star.gif
2005.08.29 23:07 B °ğB\stats.gif <-- Switch Skate /public_html/forums/images/Snowfall/snowfall stats.gif
2005.08.29 23:07 B °ğB\Thumbs.db <-- Switch Skate /public_html/forums/images/Snowfall/snowfall Thumbs.db
2005.08.29 23:07 B °ğB\todays_posts.gif <-- Switch Skate /public_html/forums/images/Snowfall/snowfall todays_posts.gif
2005.08.29 23:07 B °ğB\u2u.bmp <-- Switch Skate /public_html/forums/images/Snowfall/snowfall u2u.bmp
2005.08.29 23:07 B °ğB\u2u.gif <-- Switch Skate /public_html/forums/images/Snowfall/snowfall u2u.gif
2005.08.29 23:07 B °ğB\yahoo.gif <-- Switch Skate /public_html/forums/images/Snowfall/snowfall yahoo.gif
