2004.05.26 18:10 B E:\Documents and Settings\Adam Knox\My Documents\Web Sites\scripts\xmbforum\Files\images\greyalliance\CVS\Entries --> ftp.skate-world.net /public_html/forum/images/greyalliance/CVS Entries
2004.05.26 18:11 B E:\Documents and Settings\Adam Knox\My Documents\Web Sites\scripts\xmbforum\Files\images\greyalliance\CVS\Entries.Log --> ftp.skate-world.net /public_html/forum/images/greyalliance/CVS Entries.Log
2004.05.26 18:11 B E:\Documents and Settings\Adam Knox\My Documents\Web Sites\scripts\xmbforum\Files\images\greyalliance\CVS\Repository --> ftp.skate-world.net /public_html/forum/images/greyalliance/CVS Repository
2004.05.26 18:11 B E:\Documents and Settings\Adam Knox\My Documents\Web Sites\scripts\xmbforum\Files\images\greyalliance\CVS\Root --> ftp.skate-world.net /public_html/forum/images/greyalliance/CVS Root
2004.05.26 19:01 B E:\Documents and Settings\Adam Knox\My Documents\Web Sites\scripts\Xmbforum_noshop\Files\images\greyalliance\CVS\Entries --> ftp.skate-world.net /public_html/forum/images/greyalliance/CVS Entries
2004.05.26 19:01 B E:\Documents and Settings\Adam Knox\My Documents\Web Sites\scripts\Xmbforum_noshop\Files\images\greyalliance\CVS\Entries.Log --> ftp.skate-world.net /public_html/forum/images/greyalliance/CVS Entries.Log
2004.05.26 19:01 B E:\Documents and Settings\Adam Knox\My Documents\Web Sites\scripts\Xmbforum_noshop\Files\images\greyalliance\CVS\Repository --> ftp.skate-world.net /public_html/forum/images/greyalliance/CVS Repository
2004.05.26 19:01 B E:\Documents and Settings\Adam Knox\My Documents\Web Sites\scripts\Xmbforum_noshop\Files\images\greyalliance\CVS\Root --> ftp.skate-world.net /public_html/forum/images/greyalliance/CVS Root
2004.05.28 18:01 B E:\Documents and Settings\Adam Knox\My Documents\Web Sites\skate world\forumsite\images\greyalliance\CVS\WS_FTP.LOG <-- Skate world /public_html/forum/images/greyalliance/CVS WS_FTP.LOG
2004.05.28 18:17 B E:\Documents and Settings\Adam Knox\My Documents\Web Sites\skate world\forumsite\images\greyalliance\CVS\Entries --> ftp.skate-world.net /public_html/images/greyalliance/CVS Entries
2004.05.28 18:17 B E:\Documents and Settings\Adam Knox\My Documents\Web Sites\skate world\forumsite\images\greyalliance\CVS\Entries.Log --> ftp.skate-world.net /public_html/images/greyalliance/CVS Entries.Log
2004.05.28 18:17 B E:\Documents and Settings\Adam Knox\My Documents\Web Sites\skate world\forumsite\images\greyalliance\CVS\Repository --> ftp.skate-world.net /public_html/images/greyalliance/CVS Repository
2004.05.28 18:17 B E:\Documents and Settings\Adam Knox\My Documents\Web Sites\skate world\forumsite\images\greyalliance\CVS\Root --> ftp.skate-world.net /public_html/images/greyalliance/CVS Root
2004.08.26 15:47 B E:\Documents and Settings\Adam Knox\Desktop\SKATE WORLD UNCLEAN\public_html\images\greyalliance\CVS\WS_FTP.LOG <-- Skate world /public_html/images/greyalliance/CVS WS_FTP.LOG
2004.08.26 21:27 B E:\Documents and Settings\Adam Knox\Desktop\Skate world redone\forum\images\greyalliance\CVS\Entries --> ftp.skate-world.net /public_html/forum/images/greyalliance/CVS Entries
2004.08.26 21:27 B E:\Documents and Settings\Adam Knox\Desktop\Skate world redone\forum\images\greyalliance\CVS\Entries.Log --> ftp.skate-world.net /public_html/forum/images/greyalliance/CVS Entries.Log
2004.08.26 21:27 B E:\Documents and Settings\Adam Knox\Desktop\Skate world redone\forum\images\greyalliance\CVS\Repository --> ftp.skate-world.net /public_html/forum/images/greyalliance/CVS Repository
2004.08.26 21:27 B E:\Documents and Settings\Adam Knox\Desktop\Skate world redone\forum\images\greyalliance\CVS\Root --> ftp.skate-world.net /public_html/forum/images/greyalliance/CVS Root
2004.09.20 16:37 B E:\Documents and Settings\Adam Knox\My Documents\Skate World\backup\forum\images\greyalliance\CVS\WS_FTP.LOG <-- Skate world Temporary /public_html/forum/images/greyalliance/CVS WS_FTP.LOG
2004.10.02 20:38 B G:\Documents and Settings\bilbo\My Documents\Skate World\backup\FOLDERS\forum\images\greyalliance\CVS\Entries --> host215.ipowerweb.com /public_html/forum/images/greyalliance/CVS Entries
2004.10.02 20:38 B G:\Documents and Settings\bilbo\My Documents\Skate World\backup\FOLDERS\forum\images\greyalliance\CVS\Entries.Log --> host215.ipowerweb.com /public_html/forum/images/greyalliance/CVS Entries.Log
2004.10.02 20:38 B G:\Documents and Settings\bilbo\My Documents\Skate World\backup\FOLDERS\forum\images\greyalliance\CVS\Repository --> host215.ipowerweb.com /public_html/forum/images/greyalliance/CVS Repository
2004.10.02 20:38 B G:\Documents and Settings\bilbo\My Documents\Skate World\backup\FOLDERS\forum\images\greyalliance\CVS\Root --> host215.ipowerweb.com /public_html/forum/images/greyalliance/CVS Root
2005.08.29 22:47 B °ðB\WS_FTP.LOG <-- Switch Skate /public_html/forums/images/greyalliance/CVS WS_FTP.LOG
