2005.08.29 22:36 B C:\Documents and Settings\Adam.ADAMK\My Documents\Programming\Switch Skate\Layouts\Backups\File Backups\public_html\forums\images\demiZeClover\address.gif <-- Switch Skate /public_html/forums/images/demiZeClover address.gif
2005.08.29 22:36 B C:\Documents and Settings\Adam.ADAMK\My Documents\Programming\Switch Skate\Layouts\Backups\File Backups\public_html\forums\images\demiZeClover\aim.gif <-- Switch Skate /public_html/forums/images/demiZeClover aim.gif
2005.08.29 22:36 B C:\Documents and Settings\Adam.ADAMK\My Documents\Programming\Switch Skate\Layouts\Backups\File Backups\public_html\forums\images\demiZeClover\arrow_dw.gif <-- Switch Skate /public_html/forums/images/demiZeClover arrow_dw.gif
2005.08.29 22:36 B C:\Documents and Settings\Adam.ADAMK\My Documents\Programming\Switch Skate\Layouts\Backups\File Backups\public_html\forums\images\demiZeClover\arrow_up.gif <-- Switch Skate /public_html/forums/images/demiZeClover arrow_up.gif
2005.08.29 22:36 B C:\Documents and Settings\Adam.ADAMK\My Documents\Programming\Switch Skate\Layouts\Backups\File Backups\public_html\forums\images\demiZeClover\b.gif <-- Switch Skate /public_html/forums/images/demiZeClover b.gif
2005.08.29 22:36 B C:\Documents and Settings\Adam.ADAMK\My Documents\Programming\Switch Skate\Layouts\Backups\File Backups\public_html\forums\images\demiZeClover\bb_bold.gif <-- Switch Skate /public_html/forums/images/demiZeClover bb_bold.gif
2005.08.29 22:36 B C:\Documents and Settings\Adam.ADAMK\My Documents\Programming\Switch Skate\Layouts\Backups\File Backups\public_html\forums\images\demiZeClover\bb_center.gif <-- Switch Skate /public_html/forums/images/demiZeClover bb_center.gif
2005.08.29 22:36 B C:\Documents and Settings\Adam.ADAMK\My Documents\Programming\Switch Skate\Layouts\Backups\File Backups\public_html\forums\images\demiZeClover\bb_code.gif <-- Switch Skate /public_html/forums/images/demiZeClover bb_code.gif
2005.08.29 22:36 B C:\Documents and Settings\Adam.ADAMK\My Documents\Programming\Switch Skate\Layouts\Backups\File Backups\public_html\forums\images\demiZeClover\bb_email.gif <-- Switch Skate /public_html/forums/images/demiZeClover bb_email.gif
2005.08.29 22:36 B C:\Documents and Settings\Adam.ADAMK\My Documents\Programming\Switch Skate\Layouts\Backups\File Backups\public_html\forums\images\demiZeClover\bb_hide.gif <-- Switch Skate /public_html/forums/images/demiZeClover bb_hide.gif
2005.08.29 22:36 B C:\Documents and Settings\Adam.ADAMK\My Documents\Programming\Switch Skate\Layouts\Backups\File Backups\public_html\forums\images\demiZeClover\bb_image.gif <-- Switch Skate /public_html/forums/images/demiZeClover bb_image.gif
2005.08.29 22:36 B C:\Documents and Settings\Adam.ADAMK\My Documents\Programming\Switch Skate\Layouts\Backups\File Backups\public_html\forums\images\demiZeClover\bb_italicize.gif <-- Switch Skate /public_html/forums/images/demiZeClover bb_italicize.gif
2005.08.29 22:36 B C:\Documents and Settings\Adam.ADAMK\My Documents\Programming\Switch Skate\Layouts\Backups\File Backups\public_html\forums\images\demiZeClover\bb_list.gif <-- Switch Skate /public_html/forums/images/demiZeClover bb_list.gif
2005.08.29 22:36 B C:\Documents and Settings\Adam.ADAMK\My Documents\Programming\Switch Skate\Layouts\Backups\File Backups\public_html\forums\images\demiZeClover\bb_quote.gif <-- Switch Skate /public_html/forums/images/demiZeClover bb_quote.gif
2005.08.29 22:36 B C:\Documents and Settings\Adam.ADAMK\My Documents\Programming\Switch Skate\Layouts\Backups\File Backups\public_html\forums\images\demiZeClover\bb_underline.gif <-- Switch Skate /public_html/forums/images/demiZeClover bb_underline.gif
2005.08.29 22:36 B C:\Documents and Settings\Adam.ADAMK\My Documents\Programming\Switch Skate\Layouts\Backups\File Backups\public_html\forums\images\demiZeClover\bb_url.gif <-- Switch Skate /public_html/forums/images/demiZeClover bb_url.gif
2005.08.29 22:36 B C:\Documents and Settings\Adam.ADAMK\My Documents\Programming\Switch Skate\Layouts\Backups\File Backups\public_html\forums\images\demiZeClover\bbrules.gif <-- Switch Skate /public_html/forums/images/demiZeClover bbrules.gif
2005.08.29 22:36 B C:\Documents and Settings\Adam.ADAMK\My Documents\Programming\Switch Skate\Layouts\Backups\File Backups\public_html\forums\images\demiZeClover\catbar.gif <-- Switch Skate /public_html/forums/images/demiZeClover catbar.gif
2005.08.29 22:36 B C:\Documents and Settings\Adam.ADAMK\My Documents\Programming\Switch Skate\Layouts\Backups\File Backups\public_html\forums\images\demiZeClover\dot_folder.gif <-- Switch Skate /public_html/forums/images/demiZeClover dot_folder.gif
2005.08.29 22:36 B C:\Documents and Settings\Adam.ADAMK\My Documents\Programming\Switch Skate\Layouts\Backups\File Backups\public_html\forums\images\demiZeClover\dot_hot_folder.gif <-- Switch Skate /public_html/forums/images/demiZeClover dot_hot_folder.gif
2005.08.29 22:36 B C:\Documents and Settings\Adam.ADAMK\My Documents\Programming\Switch Skate\Layouts\Backups\File Backups\public_html\forums\images\demiZeClover\dot_hot_red_folder.gif <-- Switch Skate /public_html/forums/images/demiZeClover dot_hot_red_folder.gif
2005.08.29 22:36 B C:\Documents and Settings\Adam.ADAMK\My Documents\Programming\Switch Skate\Layouts\Backups\File Backups\public_html\forums\images\demiZeClover\dot_red_folder.gif <-- Switch Skate /public_html/forums/images/demiZeClover dot_red_folder.gif
2005.08.29 22:36 B C:\Documents and Settings\Adam.ADAMK\My Documents\Programming\Switch Skate\Layouts\Backups\File Backups\public_html\forums\images\demiZeClover\edit.gif <-- Switch Skate /public_html/forums/images/demiZeClover edit.gif
2005.08.29 22:36 B C:\Documents and Settings\Adam.ADAMK\My Documents\Programming\Switch Skate\Layouts\Backups\File Backups\public_html\forums\images\demiZeClover\email.gif <-- Switch Skate /public_html/forums/images/demiZeClover email.gif
2005.08.29 22:36 B C:\Documents and Settings\Adam.ADAMK\My Documents\Programming\Switch Skate\Layouts\Backups\File Backups\public_html\forums\images\demiZeClover\faq.gif <-- Switch Skate /public_html/forums/images/demiZeClover faq.gif
2005.08.29 22:36 B C:\Documents and Settings\Adam.ADAMK\My Documents\Programming\Switch Skate\Layouts\Backups\File Backups\public_html\forums\images\demiZeClover\find.gif <-- Switch Skate /public_html/forums/images/demiZeClover find.gif
2005.08.29 22:36 B C:\Documents and Settings\Adam.ADAMK\My Documents\Programming\Switch Skate\Layouts\Backups\File Backups\public_html\forums\images\demiZeClover\folder.gif <-- Switch Skate /public_html/forums/images/demiZeClover folder.gif
2005.08.29 22:36 B C:\Documents and Settings\Adam.ADAMK\My Documents\Programming\Switch Skate\Layouts\Backups\File Backups\public_html\forums\images\demiZeClover\forumhead2.gif <-- Switch Skate /public_html/forums/images/demiZeClover forumhead2.gif
2005.08.29 22:36 B C:\Documents and Settings\Adam.ADAMK\My Documents\Programming\Switch Skate\Layouts\Backups\File Backups\public_html\forums\images\demiZeClover\g.gif <-- Switch Skate /public_html/forums/images/demiZeClover g.gif
2005.08.29 22:36 B C:\Documents and Settings\Adam.ADAMK\My Documents\Programming\Switch Skate\Layouts\Backups\File Backups\public_html\forums\images\demiZeClover\home.gif <-- Switch Skate /public_html/forums/images/demiZeClover home.gif
2005.08.29 22:36 B C:\Documents and Settings\Adam.ADAMK\My Documents\Programming\Switch Skate\Layouts\Backups\File Backups\public_html\forums\images\demiZeClover\hot_folder.gif <-- Switch Skate /public_html/forums/images/demiZeClover hot_folder.gif
2005.08.29 22:36 B C:\Documents and Settings\Adam.ADAMK\My Documents\Programming\Switch Skate\Layouts\Backups\File Backups\public_html\forums\images\demiZeClover\hot_red_folder.gif <-- Switch Skate /public_html/forums/images/demiZeClover hot_red_folder.gif
2005.08.29 22:36 B C:\Documents and Settings\Adam.ADAMK\My Documents\Programming\Switch Skate\Layouts\Backups\File Backups\public_html\forums\images\demiZeClover\icq_add.gif <-- Switch Skate /public_html/forums/images/demiZeClover icq_add.gif
2005.08.29 22:36 B C:\Documents and Settings\Adam.ADAMK\My Documents\Programming\Switch Skate\Layouts\Backups\File Backups\public_html\forums\images\demiZeClover\inbox.gif <-- Switch Skate /public_html/forums/images/demiZeClover inbox.gif
2005.08.29 22:36 B C:\Documents and Settings\Adam.ADAMK\My Documents\Programming\Switch Skate\Layouts\Backups\File Backups\public_html\forums\images\demiZeClover\index.html <-- Switch Skate /public_html/forums/images/demiZeClover index.html
2005.08.29 22:36 B C:\Documents and Settings\Adam.ADAMK\My Documents\Programming\Switch Skate\Layouts\Backups\File Backups\public_html\forums\images\demiZeClover\ip.gif <-- Switch Skate /public_html/forums/images/demiZeClover ip.gif
2005.08.29 22:36 B C:\Documents and Settings\Adam.ADAMK\My Documents\Programming\Switch Skate\Layouts\Backups\File Backups\public_html\forums\images\demiZeClover\ipost.gif <-- Switch Skate /public_html/forums/images/demiZeClover ipost.gif
2005.08.29 22:36 B C:\Documents and Settings\Adam.ADAMK\My Documents\Programming\Switch Skate\Layouts\Backups\File Backups\public_html\forums\images\demiZeClover\lastpost.gif <-- Switch Skate /public_html/forums/images/demiZeClover lastpost.gif
2005.08.29 22:36 B C:\Documents and Settings\Adam.ADAMK\My Documents\Programming\Switch Skate\Layouts\Backups\File Backups\public_html\forums\images\demiZeClover\lock_folder.gif <-- Switch Skate /public_html/forums/images/demiZeClover lock_folder.gif
2005.08.29 22:36 B C:\Documents and Settings\Adam.ADAMK\My Documents\Programming\Switch Skate\Layouts\Backups\File Backups\public_html\forums\images\demiZeClover\locku2u.gif <-- Switch Skate /public_html/forums/images/demiZeClover locku2u.gif
2005.08.29 22:36 B C:\Documents and Settings\Adam.ADAMK\My Documents\Programming\Switch Skate\Layouts\Backups\File Backups\public_html\forums\images\demiZeClover\members_list.gif <-- Switch Skate /public_html/forums/images/demiZeClover members_list.gif
2005.08.29 22:36 B C:\Documents and Settings\Adam.ADAMK\My Documents\Programming\Switch Skate\Layouts\Backups\File Backups\public_html\forums\images\demiZeClover\msn.gif <-- Switch Skate /public_html/forums/images/demiZeClover msn.gif
2005.08.29 22:36 B C:\Documents and Settings\Adam.ADAMK\My Documents\Programming\Switch Skate\Layouts\Backups\File Backups\public_html\forums\images\demiZeClover\newbankrequest.gif <-- Switch Skate /public_html/forums/images/demiZeClover newbankrequest.gif
2005.08.29 22:36 B C:\Documents and Settings\Adam.ADAMK\My Documents\Programming\Switch Skate\Layouts\Backups\File Backups\public_html\forums\images\demiZeClover\newtopic.gif <-- Switch Skate /public_html/forums/images/demiZeClover newtopic.gif
2005.08.29 22:36 B C:\Documents and Settings\Adam.ADAMK\My Documents\Programming\Switch Skate\Layouts\Backups\File Backups\public_html\forums\images\demiZeClover\newu2u.gif <-- Switch Skate /public_html/forums/images/demiZeClover newu2u.gif
2005.08.29 22:36 B C:\Documents and Settings\Adam.ADAMK\My Documents\Programming\Switch Skate\Layouts\Backups\File Backups\public_html\forums\images\demiZeClover\online.gif <-- Switch Skate /public_html/forums/images/demiZeClover online.gif
2005.08.29 22:36 B C:\Documents and Settings\Adam.ADAMK\My Documents\Programming\Switch Skate\Layouts\Backups\File Backups\public_html\forums\images\demiZeClover\online_guest.gif <-- Switch Skate /public_html/forums/images/demiZeClover online_guest.gif
2005.08.29 22:36 B C:\Documents and Settings\Adam.ADAMK\My Documents\Programming\Switch Skate\Layouts\Backups\File Backups\public_html\forums\images\demiZeClover\outbox.gif <-- Switch Skate /public_html/forums/images/demiZeClover outbox.gif
2005.08.29 22:36 B C:\Documents and Settings\Adam.ADAMK\My Documents\Programming\Switch Skate\Layouts\Backups\File Backups\public_html\forums\images\demiZeClover\pin.gif <-- Switch Skate /public_html/forums/images/demiZeClover pin.gif
2005.08.29 22:36 B C:\Documents and Settings\Adam.ADAMK\My Documents\Programming\Switch Skate\Layouts\Backups\File Backups\public_html\forums\images\demiZeClover\pixel.gif <-- Switch Skate /public_html/forums/images/demiZeClover pixel.gif
2005.08.29 22:36 B C:\Documents and Settings\Adam.ADAMK\My Documents\Programming\Switch Skate\Layouts\Backups\File Backups\public_html\forums\images\demiZeClover\poll.gif <-- Switch Skate /public_html/forums/images/demiZeClover poll.gif
2005.08.29 22:36 B C:\Documents and Settings\Adam.ADAMK\My Documents\Programming\Switch Skate\Layouts\Backups\File Backups\public_html\forums\images\demiZeClover\pollbar-e.gif <-- Switch Skate /public_html/forums/images/demiZeClover pollbar-e.gif
2005.08.29 22:36 B C:\Documents and Settings\Adam.ADAMK\My Documents\Programming\Switch Skate\Layouts\Backups\File Backups\public_html\forums\images\demiZeClover\pollbar-s.gif <-- Switch Skate /public_html/forums/images/demiZeClover pollbar-s.gif
2005.08.29 22:36 B C:\Documents and Settings\Adam.ADAMK\My Documents\Programming\Switch Skate\Layouts\Backups\File Backups\public_html\forums\images\demiZeClover\pollbar.gif <-- Switch Skate /public_html/forums/images/demiZeClover pollbar.gif
2005.08.29 22:36 B C:\Documents and Settings\Adam.ADAMK\My Documents\Programming\Switch Skate\Layouts\Backups\File Backups\public_html\forums\images\demiZeClover\pollsmall.gif <-- Switch Skate /public_html/forums/images/demiZeClover pollsmall.gif
2005.08.29 22:36 B C:\Documents and Settings\Adam.ADAMK\My Documents\Programming\Switch Skate\Layouts\Backups\File Backups\public_html\forums\images\demiZeClover\profile.gif <-- Switch Skate /public_html/forums/images/demiZeClover profile.gif
2005.08.29 22:36 B C:\Documents and Settings\Adam.ADAMK\My Documents\Programming\Switch Skate\Layouts\Backups\File Backups\public_html\forums\images\demiZeClover\quote.gif <-- Switch Skate /public_html/forums/images/demiZeClover quote.gif
2005.08.29 22:36 B C:\Documents and Settings\Adam.ADAMK\My Documents\Programming\Switch Skate\Layouts\Backups\File Backups\public_html\forums\images\demiZeClover\red_folder.gif <-- Switch Skate /public_html/forums/images/demiZeClover red_folder.gif
2005.08.29 22:37 B C:\Documents and Settings\Adam.ADAMK\My Documents\Programming\Switch Skate\Layouts\Backups\File Backups\public_html\forums\images\demiZeClover\reply.gif <-- Switch Skate /public_html/forums/images/demiZeClover reply.gif
2005.08.29 22:37 B C:\Documents and Settings\Adam.ADAMK\My Documents\Programming\Switch Skate\Layouts\Backups\File Backups\public_html\forums\images\demiZeClover\report.gif <-- Switch Skate /public_html/forums/images/demiZeClover report.gif
2005.08.29 22:37 B C:\Documents and Settings\Adam.ADAMK\My Documents\Programming\Switch Skate\Layouts\Backups\File Backups\public_html\forums\images\demiZeClover\search.gif <-- Switch Skate /public_html/forums/images/demiZeClover search.gif
2005.08.29 22:37 B C:\Documents and Settings\Adam.ADAMK\My Documents\Programming\Switch Skate\Layouts\Backups\File Backups\public_html\forums\images\demiZeClover\site.gif <-- Switch Skate /public_html/forums/images/demiZeClover site.gif
2005.08.29 22:37 B C:\Documents and Settings\Adam.ADAMK\My Documents\Programming\Switch Skate\Layouts\Backups\File Backups\public_html\forums\images\demiZeClover\star.gif <-- Switch Skate /public_html/forums/images/demiZeClover star.gif
2005.08.29 22:37 B C:\Documents and Settings\Adam.ADAMK\My Documents\Programming\Switch Skate\Layouts\Backups\File Backups\public_html\forums\images\demiZeClover\stats.gif <-- Switch Skate /public_html/forums/images/demiZeClover stats.gif
2005.08.29 22:37 B C:\Documents and Settings\Adam.ADAMK\My Documents\Programming\Switch Skate\Layouts\Backups\File Backups\public_html\forums\images\demiZeClover\todays_posts.gif <-- Switch Skate /public_html/forums/images/demiZeClover todays_posts.gif
2005.08.29 22:37 B C:\Documents and Settings\Adam.ADAMK\My Documents\Programming\Switch Skate\Layouts\Backups\File Backups\public_html\forums\images\demiZeClover\u2u.gif <-- Switch Skate /public_html/forums/images/demiZeClover u2u.gif
2005.08.29 22:37 B C:\Documents and Settings\Adam.ADAMK\My Documents\Programming\Switch Skate\Layouts\Backups\File Backups\public_html\forums\images\demiZeClover\u2u_in.gif <-- Switch Skate /public_html/forums/images/demiZeClover u2u_in.gif
2005.08.29 22:37 B C:\Documents and Settings\Adam.ADAMK\My Documents\Programming\Switch Skate\Layouts\Backups\File Backups\public_html\forums\images\demiZeClover\u2u_none.gif <-- Switch Skate /public_html/forums/images/demiZeClover u2u_none.gif
2005.08.29 22:37 B C:\Documents and Settings\Adam.ADAMK\My Documents\Programming\Switch Skate\Layouts\Backups\File Backups\public_html\forums\images\demiZeClover\xmbheader.gif <-- Switch Skate /public_html/forums/images/demiZeClover xmbheader.gif
2005.08.29 22:37 B C:\Documents and Settings\Adam.ADAMK\My Documents\Programming\Switch Skate\Layouts\Backups\File Backups\public_html\forums\images\demiZeClover\yahoo.gif <-- Switch Skate /public_html/forums/images/demiZeClover yahoo.gif
