2004.10.26 18:48 B G:\Documents and Settings\bilbo\My Documents\SwitchSkate\Next Design\New\cp\extra\283.php <-- Switch Skate /public_html/cp/extra 283.php
2004.10.26 18:48 B G:\Documents and Settings\bilbo\My Documents\SwitchSkate\Next Design\New\cp\extra\453.php <-- Switch Skate /public_html/cp/extra 453.php
2004.10.26 18:48 B G:\Documents and Settings\bilbo\My Documents\SwitchSkate\Next Design\New\cp\extra\764.php <-- Switch Skate /public_html/cp/extra 764.php
2004.10.26 18:48 B G:\Documents and Settings\bilbo\My Documents\SwitchSkate\Next Design\New\cp\extra\blank.html <-- Switch Skate /public_html/cp/extra blank.html
2004.10.26 18:48 B G:\Documents and Settings\bilbo\My Documents\SwitchSkate\Next Design\New\cp\extra\blank.php <-- Switch Skate /public_html/cp/extra blank.php
2004.11.11 06:40 B G:\Documents and Settings\bilbo\My Documents\SwitchSkate\Next Design\New\cp\extra\283.php --> host215.ipowerweb.com /public_html/cp/extra 283.php
2004.11.11 06:40 B G:\Documents and Settings\bilbo\My Documents\SwitchSkate\Next Design\New\cp\extra\453.php --> host215.ipowerweb.com /public_html/cp/extra 453.php
2004.11.11 06:40 B G:\Documents and Settings\bilbo\My Documents\SwitchSkate\Next Design\New\cp\extra\764.php --> host215.ipowerweb.com /public_html/cp/extra 764.php
2004.11.11 06:40 B G:\Documents and Settings\bilbo\My Documents\SwitchSkate\Next Design\New\cp\extra\WS_FTP.LOG --> host215.ipowerweb.com /public_html/cp/extra WS_FTP.LOG
2004.11.11 06:41 B G:\Documents and Settings\bilbo\My Documents\SwitchSkate\Next Design\New\cp\extra\283.php --> host215.ipowerweb.com /public_html/cp/extra 283.php
2004.11.11 06:41 B G:\Documents and Settings\bilbo\My Documents\SwitchSkate\Next Design\New\cp\extra\453.php --> host215.ipowerweb.com /public_html/cp/extra 453.php
2004.11.11 06:41 B G:\Documents and Settings\bilbo\My Documents\SwitchSkate\Next Design\New\cp\extra\764.php --> host215.ipowerweb.com /public_html/cp/extra 764.php
2004.11.11 06:41 B G:\Documents and Settings\bilbo\My Documents\SwitchSkate\Next Design\New\cp\extra\WS_FTP.LOG --> host215.ipowerweb.com /public_html/cp/extra WS_FTP.LOG
2004.11.11 06:42 B G:\Documents and Settings\bilbo\My Documents\SwitchSkate\Next Design\New\cp\extra\283.php --> host215.ipowerweb.com /public_html/cp/extra 283.php
2004.11.11 06:42 B G:\Documents and Settings\bilbo\My Documents\SwitchSkate\Next Design\New\cp\extra\453.php --> host215.ipowerweb.com /public_html/cp/extra 453.php
2004.11.11 06:42 B G:\Documents and Settings\bilbo\My Documents\SwitchSkate\Next Design\New\cp\extra\764.php --> host215.ipowerweb.com /public_html/cp/extra 764.php
2004.11.11 06:42 B G:\Documents and Settings\bilbo\My Documents\SwitchSkate\Next Design\New\cp\extra\WS_FTP.LOG --> host215.ipowerweb.com /public_html/cp/extra WS_FTP.LOG
2004.11.11 06:46 B G:\Documents and Settings\bilbo\My Documents\SwitchSkate\Next Design\New\cp\extra\283.php --> host215.ipowerweb.com /public_html/cp/extra 283.php
2004.11.11 06:46 B G:\Documents and Settings\bilbo\My Documents\SwitchSkate\Next Design\New\cp\extra\453.php --> host215.ipowerweb.com /public_html/cp/extra 453.php
2004.11.11 06:46 B G:\Documents and Settings\bilbo\My Documents\SwitchSkate\Next Design\New\cp\extra\764.php --> host215.ipowerweb.com /public_html/cp/extra 764.php
2004.11.11 06:46 B G:\Documents and Settings\bilbo\My Documents\SwitchSkate\Next Design\New\cp\extra\WS_FTP.LOG --> host215.ipowerweb.com /public_html/cp/extra WS_FTP.LOG
