2004.05.26 18:17 B E:\Documents and Settings\Adam Knox\My Documents\Web Sites\scripts\xmbforum\Files\images\xpsilver\address.gif --> ftp.skate-world.net /public_html/forum/images/xpsilver address.gif
2004.05.26 18:17 B E:\Documents and Settings\Adam Knox\My Documents\Web Sites\scripts\xmbforum\Files\images\xpsilver\aim.gif --> ftp.skate-world.net /public_html/forum/images/xpsilver aim.gif
2004.05.26 18:17 B E:\Documents and Settings\Adam Knox\My Documents\Web Sites\scripts\xmbforum\Files\images\xpsilver\arrow_dw.gif --> ftp.skate-world.net /public_html/forum/images/xpsilver arrow_dw.gif
2004.05.26 18:17 B E:\Documents and Settings\Adam Knox\My Documents\Web Sites\scripts\xmbforum\Files\images\xpsilver\arrow_up.gif --> ftp.skate-world.net /public_html/forum/images/xpsilver arrow_up.gif
2004.05.26 18:17 B E:\Documents and Settings\Adam Knox\My Documents\Web Sites\scripts\xmbforum\Files\images\xpsilver\bb_bold.gif --> ftp.skate-world.net /public_html/forum/images/xpsilver bb_bold.gif
2004.05.26 18:17 B E:\Documents and Settings\Adam Knox\My Documents\Web Sites\scripts\xmbforum\Files\images\xpsilver\bb_center.gif --> ftp.skate-world.net /public_html/forum/images/xpsilver bb_center.gif
2004.05.26 18:17 B E:\Documents and Settings\Adam Knox\My Documents\Web Sites\scripts\xmbforum\Files\images\xpsilver\bb_code.gif --> ftp.skate-world.net /public_html/forum/images/xpsilver bb_code.gif
2004.05.26 18:17 B E:\Documents and Settings\Adam Knox\My Documents\Web Sites\scripts\xmbforum\Files\images\xpsilver\bb_email.gif --> ftp.skate-world.net /public_html/forum/images/xpsilver bb_email.gif
2004.05.26 18:17 B E:\Documents and Settings\Adam Knox\My Documents\Web Sites\scripts\xmbforum\Files\images\xpsilver\bb_image.gif --> ftp.skate-world.net /public_html/forum/images/xpsilver bb_image.gif
2004.05.26 18:18 B E:\Documents and Settings\Adam Knox\My Documents\Web Sites\scripts\xmbforum\Files\images\xpsilver\bb_italicize.gif --> ftp.skate-world.net /public_html/forum/images/xpsilver bb_italicize.gif
2004.05.26 18:18 B E:\Documents and Settings\Adam Knox\My Documents\Web Sites\scripts\xmbforum\Files\images\xpsilver\bb_list.gif --> ftp.skate-world.net /public_html/forum/images/xpsilver bb_list.gif
2004.05.26 18:18 B E:\Documents and Settings\Adam Knox\My Documents\Web Sites\scripts\xmbforum\Files\images\xpsilver\bb_quote.gif --> ftp.skate-world.net /public_html/forum/images/xpsilver bb_quote.gif
2004.05.26 18:18 B E:\Documents and Settings\Adam Knox\My Documents\Web Sites\scripts\xmbforum\Files\images\xpsilver\bb_underline.gif --> ftp.skate-world.net /public_html/forum/images/xpsilver bb_underline.gif
2004.05.26 18:18 B E:\Documents and Settings\Adam Knox\My Documents\Web Sites\scripts\xmbforum\Files\images\xpsilver\bb_url.gif --> ftp.skate-world.net /public_html/forum/images/xpsilver bb_url.gif
2004.05.26 18:18 B E:\Documents and Settings\Adam Knox\My Documents\Web Sites\scripts\xmbforum\Files\images\xpsilver\bbrules.gif --> ftp.skate-world.net /public_html/forum/images/xpsilver bbrules.gif
2004.05.26 18:18 B E:\Documents and Settings\Adam Knox\My Documents\Web Sites\scripts\xmbforum\Files\images\xpsilver\bluebar.gif --> ftp.skate-world.net /public_html/forum/images/xpsilver bluebar.gif
2004.05.26 18:18 B E:\Documents and Settings\Adam Knox\My Documents\Web Sites\scripts\xmbforum\Files\images\xpsilver\boardheader.gif --> ftp.skate-world.net /public_html/forum/images/xpsilver boardheader.gif
2004.05.26 18:18 B E:\Documents and Settings\Adam Knox\My Documents\Web Sites\scripts\xmbforum\Files\images\xpsilver\dot_folder.gif --> ftp.skate-world.net /public_html/forum/images/xpsilver dot_folder.gif
2004.05.26 18:18 B E:\Documents and Settings\Adam Knox\My Documents\Web Sites\scripts\xmbforum\Files\images\xpsilver\dot_hot_folder.gif --> ftp.skate-world.net /public_html/forum/images/xpsilver dot_hot_folder.gif
2004.05.26 18:18 B E:\Documents and Settings\Adam Knox\My Documents\Web Sites\scripts\xmbforum\Files\images\xpsilver\dot_hot_red_folder.gif --> ftp.skate-world.net /public_html/forum/images/xpsilver dot_hot_red_folder.gif
2004.05.26 18:18 B E:\Documents and Settings\Adam Knox\My Documents\Web Sites\scripts\xmbforum\Files\images\xpsilver\dot_red_folder.gif --> ftp.skate-world.net /public_html/forum/images/xpsilver dot_red_folder.gif
2004.05.26 18:18 B E:\Documents and Settings\Adam Knox\My Documents\Web Sites\scripts\xmbforum\Files\images\xpsilver\edit.gif --> ftp.skate-world.net /public_html/forum/images/xpsilver edit.gif
2004.05.26 18:18 B E:\Documents and Settings\Adam Knox\My Documents\Web Sites\scripts\xmbforum\Files\images\xpsilver\email.gif --> ftp.skate-world.net /public_html/forum/images/xpsilver email.gif
2004.05.26 18:18 B E:\Documents and Settings\Adam Knox\My Documents\Web Sites\scripts\xmbforum\Files\images\xpsilver\faq.gif --> ftp.skate-world.net /public_html/forum/images/xpsilver faq.gif
2004.05.26 18:18 B E:\Documents and Settings\Adam Knox\My Documents\Web Sites\scripts\xmbforum\Files\images\xpsilver\find.gif --> ftp.skate-world.net /public_html/forum/images/xpsilver find.gif
2004.05.26 18:18 B E:\Documents and Settings\Adam Knox\My Documents\Web Sites\scripts\xmbforum\Files\images\xpsilver\folder.gif --> ftp.skate-world.net /public_html/forum/images/xpsilver folder.gif
2004.05.26 18:18 B E:\Documents and Settings\Adam Knox\My Documents\Web Sites\scripts\xmbforum\Files\images\xpsilver\home.gif --> ftp.skate-world.net /public_html/forum/images/xpsilver home.gif
2004.05.26 18:18 B E:\Documents and Settings\Adam Knox\My Documents\Web Sites\scripts\xmbforum\Files\images\xpsilver\hot_folder.gif --> ftp.skate-world.net /public_html/forum/images/xpsilver hot_folder.gif
2004.05.26 18:18 B E:\Documents and Settings\Adam Knox\My Documents\Web Sites\scripts\xmbforum\Files\images\xpsilver\hot_red_folder.gif --> ftp.skate-world.net /public_html/forum/images/xpsilver hot_red_folder.gif
2004.05.26 18:18 B E:\Documents and Settings\Adam Knox\My Documents\Web Sites\scripts\xmbforum\Files\images\xpsilver\icq_add.gif --> ftp.skate-world.net /public_html/forum/images/xpsilver icq_add.gif
2004.05.26 18:18 B E:\Documents and Settings\Adam Knox\My Documents\Web Sites\scripts\xmbforum\Files\images\xpsilver\inbox.gif --> ftp.skate-world.net /public_html/forum/images/xpsilver inbox.gif
2004.05.26 18:18 B E:\Documents and Settings\Adam Knox\My Documents\Web Sites\scripts\xmbforum\Files\images\xpsilver\index.html --> ftp.skate-world.net /public_html/forum/images/xpsilver index.html
2004.05.26 18:18 B E:\Documents and Settings\Adam Knox\My Documents\Web Sites\scripts\xmbforum\Files\images\xpsilver\ip.gif --> ftp.skate-world.net /public_html/forum/images/xpsilver ip.gif
2004.05.26 18:18 B E:\Documents and Settings\Adam Knox\My Documents\Web Sites\scripts\xmbforum\Files\images\xpsilver\ipost.gif --> ftp.skate-world.net /public_html/forum/images/xpsilver ipost.gif
2004.05.26 18:18 B E:\Documents and Settings\Adam Knox\My Documents\Web Sites\scripts\xmbforum\Files\images\xpsilver\lastpost.gif --> ftp.skate-world.net /public_html/forum/images/xpsilver lastpost.gif
2004.05.26 18:18 B E:\Documents and Settings\Adam Knox\My Documents\Web Sites\scripts\xmbforum\Files\images\xpsilver\lock_folder.gif --> ftp.skate-world.net /public_html/forum/images/xpsilver lock_folder.gif
2004.05.26 18:18 B E:\Documents and Settings\Adam Knox\My Documents\Web Sites\scripts\xmbforum\Files\images\xpsilver\locku2u.gif --> ftp.skate-world.net /public_html/forum/images/xpsilver locku2u.gif
2004.05.26 18:18 B E:\Documents and Settings\Adam Knox\My Documents\Web Sites\scripts\xmbforum\Files\images\xpsilver\members_list.gif --> ftp.skate-world.net /public_html/forum/images/xpsilver members_list.gif
2004.05.26 18:18 B E:\Documents and Settings\Adam Knox\My Documents\Web Sites\scripts\xmbforum\Files\images\xpsilver\msn.gif --> ftp.skate-world.net /public_html/forum/images/xpsilver msn.gif
2004.05.26 18:18 B E:\Documents and Settings\Adam Knox\My Documents\Web Sites\scripts\xmbforum\Files\images\xpsilver\newmessage.gif --> ftp.skate-world.net /public_html/forum/images/xpsilver newmessage.gif
2004.05.26 18:18 B E:\Documents and Settings\Adam Knox\My Documents\Web Sites\scripts\xmbforum\Files\images\xpsilver\newtopic.gif --> ftp.skate-world.net /public_html/forum/images/xpsilver newtopic.gif
2004.05.26 18:18 B E:\Documents and Settings\Adam Knox\My Documents\Web Sites\scripts\xmbforum\Files\images\xpsilver\newu2u.gif --> ftp.skate-world.net /public_html/forum/images/xpsilver newu2u.gif
2004.05.26 18:18 B E:\Documents and Settings\Adam Knox\My Documents\Web Sites\scripts\xmbforum\Files\images\xpsilver\online.gif --> ftp.skate-world.net /public_html/forum/images/xpsilver online.gif
2004.05.26 18:18 B E:\Documents and Settings\Adam Knox\My Documents\Web Sites\scripts\xmbforum\Files\images\xpsilver\outbox.gif --> ftp.skate-world.net /public_html/forum/images/xpsilver outbox.gif
2004.05.26 18:18 B E:\Documents and Settings\Adam Knox\My Documents\Web Sites\scripts\xmbforum\Files\images\xpsilver\pin.gif --> ftp.skate-world.net /public_html/forum/images/xpsilver pin.gif
2004.05.26 18:18 B E:\Documents and Settings\Adam Knox\My Documents\Web Sites\scripts\xmbforum\Files\images\xpsilver\pixel.gif --> ftp.skate-world.net /public_html/forum/images/xpsilver pixel.gif
2004.05.26 18:18 B E:\Documents and Settings\Adam Knox\My Documents\Web Sites\scripts\xmbforum\Files\images\xpsilver\poll.gif --> ftp.skate-world.net /public_html/forum/images/xpsilver poll.gif
2004.05.26 18:18 B E:\Documents and Settings\Adam Knox\My Documents\Web Sites\scripts\xmbforum\Files\images\xpsilver\pollbar-e.gif --> ftp.skate-world.net /public_html/forum/images/xpsilver pollbar-e.gif
2004.05.26 18:18 B E:\Documents and Settings\Adam Knox\My Documents\Web Sites\scripts\xmbforum\Files\images\xpsilver\pollbar-s.gif --> ftp.skate-world.net /public_html/forum/images/xpsilver pollbar-s.gif
2004.05.26 18:18 B E:\Documents and Settings\Adam Knox\My Documents\Web Sites\scripts\xmbforum\Files\images\xpsilver\pollbar.gif --> ftp.skate-world.net /public_html/forum/images/xpsilver pollbar.gif
2004.05.26 18:18 B E:\Documents and Settings\Adam Knox\My Documents\Web Sites\scripts\xmbforum\Files\images\xpsilver\pollsmall.gif --> ftp.skate-world.net /public_html/forum/images/xpsilver pollsmall.gif
2004.05.26 18:18 B E:\Documents and Settings\Adam Knox\My Documents\Web Sites\scripts\xmbforum\Files\images\xpsilver\profile.gif --> ftp.skate-world.net /public_html/forum/images/xpsilver profile.gif
2004.05.26 18:18 B E:\Documents and Settings\Adam Knox\My Documents\Web Sites\scripts\xmbforum\Files\images\xpsilver\quote.gif --> ftp.skate-world.net /public_html/forum/images/xpsilver quote.gif
2004.05.26 18:18 B E:\Documents and Settings\Adam Knox\My Documents\Web Sites\scripts\xmbforum\Files\images\xpsilver\red_folder.gif --> ftp.skate-world.net /public_html/forum/images/xpsilver red_folder.gif
2004.05.26 18:18 B E:\Documents and Settings\Adam Knox\My Documents\Web Sites\scripts\xmbforum\Files\images\xpsilver\reply.gif --> ftp.skate-world.net /public_html/forum/images/xpsilver reply.gif
2004.05.26 18:18 B E:\Documents and Settings\Adam Knox\My Documents\Web Sites\scripts\xmbforum\Files\images\xpsilver\report.gif --> ftp.skate-world.net /public_html/forum/images/xpsilver report.gif
2004.05.26 18:18 B E:\Documents and Settings\Adam Knox\My Documents\Web Sites\scripts\xmbforum\Files\images\xpsilver\search.gif --> ftp.skate-world.net /public_html/forum/images/xpsilver search.gif
2004.05.26 18:18 B E:\Documents and Settings\Adam Knox\My Documents\Web Sites\scripts\xmbforum\Files\images\xpsilver\silverbar.gif --> ftp.skate-world.net /public_html/forum/images/xpsilver silverbar.gif
2004.05.26 18:18 B E:\Documents and Settings\Adam Knox\My Documents\Web Sites\scripts\xmbforum\Files\images\xpsilver\site.gif --> ftp.skate-world.net /public_html/forum/images/xpsilver site.gif
2004.05.26 18:18 B E:\Documents and Settings\Adam Knox\My Documents\Web Sites\scripts\xmbforum\Files\images\xpsilver\star.gif --> ftp.skate-world.net /public_html/forum/images/xpsilver star.gif
2004.05.26 18:18 B E:\Documents and Settings\Adam Knox\My Documents\Web Sites\scripts\xmbforum\Files\images\xpsilver\stats.gif --> ftp.skate-world.net /public_html/forum/images/xpsilver stats.gif
2004.05.26 18:18 B E:\Documents and Settings\Adam Knox\My Documents\Web Sites\scripts\xmbforum\Files\images\xpsilver\Thumbs.db --> ftp.skate-world.net /public_html/forum/images/xpsilver Thumbs.db
2004.05.26 18:18 B E:\Documents and Settings\Adam Knox\My Documents\Web Sites\scripts\xmbforum\Files\images\xpsilver\todays_posts.gif --> ftp.skate-world.net /public_html/forum/images/xpsilver todays_posts.gif
2004.05.26 18:18 B E:\Documents and Settings\Adam Knox\My Documents\Web Sites\scripts\xmbforum\Files\images\xpsilver\u2u.gif --> ftp.skate-world.net /public_html/forum/images/xpsilver u2u.gif
2004.05.26 18:18 B E:\Documents and Settings\Adam Knox\My Documents\Web Sites\scripts\xmbforum\Files\images\xpsilver\xplogo.gif --> ftp.skate-world.net /public_html/forum/images/xpsilver xplogo.gif
2004.05.26 18:18 B E:\Documents and Settings\Adam Knox\My Documents\Web Sites\scripts\xmbforum\Files\images\xpsilver\yahoo.gif --> ftp.skate-world.net /public_html/forum/images/xpsilver yahoo.gif
2004.05.26 19:13 B E:\Documents and Settings\Adam Knox\My Documents\Web Sites\scripts\Xmbforum_noshop\Files\images\xpsilver\address.gif --> ftp.skate-world.net /public_html/forum/images/xpsilver address.gif
2004.05.26 19:13 B E:\Documents and Settings\Adam Knox\My Documents\Web Sites\scripts\Xmbforum_noshop\Files\images\xpsilver\aim.gif --> ftp.skate-world.net /public_html/forum/images/xpsilver aim.gif
2004.05.26 19:13 B E:\Documents and Settings\Adam Knox\My Documents\Web Sites\scripts\Xmbforum_noshop\Files\images\xpsilver\arrow_dw.gif --> ftp.skate-world.net /public_html/forum/images/xpsilver arrow_dw.gif
2004.05.26 19:13 B E:\Documents and Settings\Adam Knox\My Documents\Web Sites\scripts\Xmbforum_noshop\Files\images\xpsilver\arrow_up.gif --> ftp.skate-world.net /public_html/forum/images/xpsilver arrow_up.gif
2004.05.26 19:13 B E:\Documents and Settings\Adam Knox\My Documents\Web Sites\scripts\Xmbforum_noshop\Files\images\xpsilver\bb_bold.gif --> ftp.skate-world.net /public_html/forum/images/xpsilver bb_bold.gif
2004.05.26 19:13 B E:\Documents and Settings\Adam Knox\My Documents\Web Sites\scripts\Xmbforum_noshop\Files\images\xpsilver\bb_center.gif --> ftp.skate-world.net /public_html/forum/images/xpsilver bb_center.gif
2004.05.26 19:13 B E:\Documents and Settings\Adam Knox\My Documents\Web Sites\scripts\Xmbforum_noshop\Files\images\xpsilver\bb_code.gif --> ftp.skate-world.net /public_html/forum/images/xpsilver bb_code.gif
2004.05.26 19:13 B E:\Documents and Settings\Adam Knox\My Documents\Web Sites\scripts\Xmbforum_noshop\Files\images\xpsilver\bb_email.gif --> ftp.skate-world.net /public_html/forum/images/xpsilver bb_email.gif
2004.05.26 19:13 B E:\Documents and Settings\Adam Knox\My Documents\Web Sites\scripts\Xmbforum_noshop\Files\images\xpsilver\bb_image.gif --> ftp.skate-world.net /public_html/forum/images/xpsilver bb_image.gif
2004.05.26 19:13 B E:\Documents and Settings\Adam Knox\My Documents\Web Sites\scripts\Xmbforum_noshop\Files\images\xpsilver\bb_italicize.gif --> ftp.skate-world.net /public_html/forum/images/xpsilver bb_italicize.gif
2004.05.26 19:13 B E:\Documents and Settings\Adam Knox\My Documents\Web Sites\scripts\Xmbforum_noshop\Files\images\xpsilver\bb_list.gif --> ftp.skate-world.net /public_html/forum/images/xpsilver bb_list.gif
2004.05.26 19:13 B E:\Documents and Settings\Adam Knox\My Documents\Web Sites\scripts\Xmbforum_noshop\Files\images\xpsilver\bb_quote.gif --> ftp.skate-world.net /public_html/forum/images/xpsilver bb_quote.gif
2004.05.26 19:13 B E:\Documents and Settings\Adam Knox\My Documents\Web Sites\scripts\Xmbforum_noshop\Files\images\xpsilver\bb_underline.gif --> ftp.skate-world.net /public_html/forum/images/xpsilver bb_underline.gif
2004.05.26 19:13 B E:\Documents and Settings\Adam Knox\My Documents\Web Sites\scripts\Xmbforum_noshop\Files\images\xpsilver\bb_url.gif --> ftp.skate-world.net /public_html/forum/images/xpsilver bb_url.gif
2004.05.26 19:13 B E:\Documents and Settings\Adam Knox\My Documents\Web Sites\scripts\Xmbforum_noshop\Files\images\xpsilver\bbrules.gif --> ftp.skate-world.net /public_html/forum/images/xpsilver bbrules.gif
2004.05.26 19:13 B E:\Documents and Settings\Adam Knox\My Documents\Web Sites\scripts\Xmbforum_noshop\Files\images\xpsilver\bluebar.gif --> ftp.skate-world.net /public_html/forum/images/xpsilver bluebar.gif
2004.05.26 19:13 B E:\Documents and Settings\Adam Knox\My Documents\Web Sites\scripts\Xmbforum_noshop\Files\images\xpsilver\boardheader.gif --> ftp.skate-world.net /public_html/forum/images/xpsilver boardheader.gif
2004.05.26 19:13 B E:\Documents and Settings\Adam Knox\My Documents\Web Sites\scripts\Xmbforum_noshop\Files\images\xpsilver\dot_folder.gif --> ftp.skate-world.net /public_html/forum/images/xpsilver dot_folder.gif
2004.05.26 19:14 B E:\Documents and Settings\Adam Knox\My Documents\Web Sites\scripts\Xmbforum_noshop\Files\images\xpsilver\dot_hot_folder.gif --> ftp.skate-world.net /public_html/forum/images/xpsilver dot_hot_folder.gif
2004.05.26 19:14 B E:\Documents and Settings\Adam Knox\My Documents\Web Sites\scripts\Xmbforum_noshop\Files\images\xpsilver\dot_hot_red_folder.gif --> ftp.skate-world.net /public_html/forum/images/xpsilver dot_hot_red_folder.gif
2004.05.26 19:14 B E:\Documents and Settings\Adam Knox\My Documents\Web Sites\scripts\Xmbforum_noshop\Files\images\xpsilver\dot_red_folder.gif --> ftp.skate-world.net /public_html/forum/images/xpsilver dot_red_folder.gif
2004.05.26 19:14 B E:\Documents and Settings\Adam Knox\My Documents\Web Sites\scripts\Xmbforum_noshop\Files\images\xpsilver\edit.gif --> ftp.skate-world.net /public_html/forum/images/xpsilver edit.gif
2004.05.26 19:14 B E:\Documents and Settings\Adam Knox\My Documents\Web Sites\scripts\Xmbforum_noshop\Files\images\xpsilver\email.gif --> ftp.skate-world.net /public_html/forum/images/xpsilver email.gif
2004.05.26 19:14 B E:\Documents and Settings\Adam Knox\My Documents\Web Sites\scripts\Xmbforum_noshop\Files\images\xpsilver\faq.gif --> ftp.skate-world.net /public_html/forum/images/xpsilver faq.gif
2004.05.26 19:14 B E:\Documents and Settings\Adam Knox\My Documents\Web Sites\scripts\Xmbforum_noshop\Files\images\xpsilver\find.gif --> ftp.skate-world.net /public_html/forum/images/xpsilver find.gif
2004.05.26 19:14 B E:\Documents and Settings\Adam Knox\My Documents\Web Sites\scripts\Xmbforum_noshop\Files\images\xpsilver\folder.gif --> ftp.skate-world.net /public_html/forum/images/xpsilver folder.gif
2004.05.26 19:14 B E:\Documents and Settings\Adam Knox\My Documents\Web Sites\scripts\Xmbforum_noshop\Files\images\xpsilver\home.gif --> ftp.skate-world.net /public_html/forum/images/xpsilver home.gif
2004.05.26 19:14 B E:\Documents and Settings\Adam Knox\My Documents\Web Sites\scripts\Xmbforum_noshop\Files\images\xpsilver\hot_folder.gif --> ftp.skate-world.net /public_html/forum/images/xpsilver hot_folder.gif
2004.05.26 19:14 B E:\Documents and Settings\Adam Knox\My Documents\Web Sites\scripts\Xmbforum_noshop\Files\images\xpsilver\hot_red_folder.gif --> ftp.skate-world.net /public_html/forum/images/xpsilver hot_red_folder.gif
2004.05.26 19:14 B E:\Documents and Settings\Adam Knox\My Documents\Web Sites\scripts\Xmbforum_noshop\Files\images\xpsilver\icq_add.gif --> ftp.skate-world.net /public_html/forum/images/xpsilver icq_add.gif
2004.05.26 19:14 B E:\Documents and Settings\Adam Knox\My Documents\Web Sites\scripts\Xmbforum_noshop\Files\images\xpsilver\inbox.gif --> ftp.skate-world.net /public_html/forum/images/xpsilver inbox.gif
2004.05.26 19:14 B E:\Documents and Settings\Adam Knox\My Documents\Web Sites\scripts\Xmbforum_noshop\Files\images\xpsilver\index.html --> ftp.skate-world.net /public_html/forum/images/xpsilver index.html
2004.05.26 19:14 B E:\Documents and Settings\Adam Knox\My Documents\Web Sites\scripts\Xmbforum_noshop\Files\images\xpsilver\ip.gif --> ftp.skate-world.net /public_html/forum/images/xpsilver ip.gif
2004.05.26 19:14 B E:\Documents and Settings\Adam Knox\My Documents\Web Sites\scripts\Xmbforum_noshop\Files\images\xpsilver\ipost.gif --> ftp.skate-world.net /public_html/forum/images/xpsilver ipost.gif
2004.05.26 19:14 B E:\Documents and Settings\Adam Knox\My Documents\Web Sites\scripts\Xmbforum_noshop\Files\images\xpsilver\lastpost.gif --> ftp.skate-world.net /public_html/forum/images/xpsilver lastpost.gif
2004.05.26 19:14 B E:\Documents and Settings\Adam Knox\My Documents\Web Sites\scripts\Xmbforum_noshop\Files\images\xpsilver\lock_folder.gif --> ftp.skate-world.net /public_html/forum/images/xpsilver lock_folder.gif
2004.05.26 19:14 B E:\Documents and Settings\Adam Knox\My Documents\Web Sites\scripts\Xmbforum_noshop\Files\images\xpsilver\locku2u.gif --> ftp.skate-world.net /public_html/forum/images/xpsilver locku2u.gif
2004.05.26 19:14 B E:\Documents and Settings\Adam Knox\My Documents\Web Sites\scripts\Xmbforum_noshop\Files\images\xpsilver\members_list.gif --> ftp.skate-world.net /public_html/forum/images/xpsilver members_list.gif
2004.05.26 19:14 B E:\Documents and Settings\Adam Knox\My Documents\Web Sites\scripts\Xmbforum_noshop\Files\images\xpsilver\msn.gif --> ftp.skate-world.net /public_html/forum/images/xpsilver msn.gif
2004.05.26 19:14 B E:\Documents and Settings\Adam Knox\My Documents\Web Sites\scripts\Xmbforum_noshop\Files\images\xpsilver\newmessage.gif --> ftp.skate-world.net /public_html/forum/images/xpsilver newmessage.gif
2004.05.26 19:14 B E:\Documents and Settings\Adam Knox\My Documents\Web Sites\scripts\Xmbforum_noshop\Files\images\xpsilver\newtopic.gif --> ftp.skate-world.net /public_html/forum/images/xpsilver newtopic.gif
2004.05.26 19:14 B E:\Documents and Settings\Adam Knox\My Documents\Web Sites\scripts\Xmbforum_noshop\Files\images\xpsilver\newu2u.gif --> ftp.skate-world.net /public_html/forum/images/xpsilver newu2u.gif
2004.05.26 19:14 B E:\Documents and Settings\Adam Knox\My Documents\Web Sites\scripts\Xmbforum_noshop\Files\images\xpsilver\online.gif --> ftp.skate-world.net /public_html/forum/images/xpsilver online.gif
2004.05.26 19:14 B E:\Documents and Settings\Adam Knox\My Documents\Web Sites\scripts\Xmbforum_noshop\Files\images\xpsilver\outbox.gif --> ftp.skate-world.net /public_html/forum/images/xpsilver outbox.gif
2004.05.26 19:14 B E:\Documents and Settings\Adam Knox\My Documents\Web Sites\scripts\Xmbforum_noshop\Files\images\xpsilver\pin.gif --> ftp.skate-world.net /public_html/forum/images/xpsilver pin.gif
2004.05.26 19:14 B E:\Documents and Settings\Adam Knox\My Documents\Web Sites\scripts\Xmbforum_noshop\Files\images\xpsilver\pixel.gif --> ftp.skate-world.net /public_html/forum/images/xpsilver pixel.gif
2004.05.26 19:14 B E:\Documents and Settings\Adam Knox\My Documents\Web Sites\scripts\Xmbforum_noshop\Files\images\xpsilver\poll.gif --> ftp.skate-world.net /public_html/forum/images/xpsilver poll.gif
2004.05.26 19:14 B E:\Documents and Settings\Adam Knox\My Documents\Web Sites\scripts\Xmbforum_noshop\Files\images\xpsilver\pollbar-e.gif --> ftp.skate-world.net /public_html/forum/images/xpsilver pollbar-e.gif
2004.05.26 19:14 B E:\Documents and Settings\Adam Knox\My Documents\Web Sites\scripts\Xmbforum_noshop\Files\images\xpsilver\pollbar-s.gif --> ftp.skate-world.net /public_html/forum/images/xpsilver pollbar-s.gif
2004.05.26 19:14 B E:\Documents and Settings\Adam Knox\My Documents\Web Sites\scripts\Xmbforum_noshop\Files\images\xpsilver\pollbar.gif --> ftp.skate-world.net /public_html/forum/images/xpsilver pollbar.gif
2004.05.26 19:14 B E:\Documents and Settings\Adam Knox\My Documents\Web Sites\scripts\Xmbforum_noshop\Files\images\xpsilver\pollsmall.gif --> ftp.skate-world.net /public_html/forum/images/xpsilver pollsmall.gif
2004.05.26 19:14 B E:\Documents and Settings\Adam Knox\My Documents\Web Sites\scripts\Xmbforum_noshop\Files\images\xpsilver\profile.gif --> ftp.skate-world.net /public_html/forum/images/xpsilver profile.gif
2004.05.26 19:14 B E:\Documents and Settings\Adam Knox\My Documents\Web Sites\scripts\Xmbforum_noshop\Files\images\xpsilver\quote.gif --> ftp.skate-world.net /public_html/forum/images/xpsilver quote.gif
2004.05.26 19:14 B E:\Documents and Settings\Adam Knox\My Documents\Web Sites\scripts\Xmbforum_noshop\Files\images\xpsilver\red_folder.gif --> ftp.skate-world.net /public_html/forum/images/xpsilver red_folder.gif
2004.05.26 19:14 B E:\Documents and Settings\Adam Knox\My Documents\Web Sites\scripts\Xmbforum_noshop\Files\images\xpsilver\reply.gif --> ftp.skate-world.net /public_html/forum/images/xpsilver reply.gif
2004.05.26 19:14 B E:\Documents and Settings\Adam Knox\My Documents\Web Sites\scripts\Xmbforum_noshop\Files\images\xpsilver\report.gif --> ftp.skate-world.net /public_html/forum/images/xpsilver report.gif
2004.05.26 19:14 B E:\Documents and Settings\Adam Knox\My Documents\Web Sites\scripts\Xmbforum_noshop\Files\images\xpsilver\search.gif --> ftp.skate-world.net /public_html/forum/images/xpsilver search.gif
2004.05.26 19:14 B E:\Documents and Settings\Adam Knox\My Documents\Web Sites\scripts\Xmbforum_noshop\Files\images\xpsilver\silverbar.gif --> ftp.skate-world.net /public_html/forum/images/xpsilver silverbar.gif
2004.05.26 19:14 B E:\Documents and Settings\Adam Knox\My Documents\Web Sites\scripts\Xmbforum_noshop\Files\images\xpsilver\site.gif --> ftp.skate-world.net /public_html/forum/images/xpsilver site.gif
2004.05.26 19:15 B E:\Documents and Settings\Adam Knox\My Documents\Web Sites\scripts\Xmbforum_noshop\Files\images\xpsilver\star.gif --> ftp.skate-world.net /public_html/forum/images/xpsilver star.gif
2004.05.26 19:15 B E:\Documents and Settings\Adam Knox\My Documents\Web Sites\scripts\Xmbforum_noshop\Files\images\xpsilver\stats.gif --> ftp.skate-world.net /public_html/forum/images/xpsilver stats.gif
2004.05.26 19:15 B E:\Documents and Settings\Adam Knox\My Documents\Web Sites\scripts\Xmbforum_noshop\Files\images\xpsilver\Thumbs.db --> ftp.skate-world.net /public_html/forum/images/xpsilver Thumbs.db
2004.05.26 19:15 B E:\Documents and Settings\Adam Knox\My Documents\Web Sites\scripts\Xmbforum_noshop\Files\images\xpsilver\todays_posts.gif --> ftp.skate-world.net /public_html/forum/images/xpsilver todays_posts.gif
2004.05.26 19:15 B E:\Documents and Settings\Adam Knox\My Documents\Web Sites\scripts\Xmbforum_noshop\Files\images\xpsilver\u2u.gif --> ftp.skate-world.net /public_html/forum/images/xpsilver u2u.gif
2004.05.28 18:08 B E:\Documents and Settings\Adam Knox\My Documents\Web Sites\skate world\forumsite\images\xpsilver\WS_FTP.LOG <-- Skate world /public_html/forum/images/xpsilver WS_FTP.LOG
2004.05.28 18:08 B E:\Documents and Settings\Adam Knox\My Documents\Web Sites\skate world\forumsite\images\xpsilver\xplogo.gif <-- Skate world /public_html/forum/images/xpsilver xplogo.gif
2004.05.28 18:08 B E:\Documents and Settings\Adam Knox\My Documents\Web Sites\skate world\forumsite\images\xpsilver\yahoo.gif <-- Skate world /public_html/forum/images/xpsilver yahoo.gif
2004.05.28 18:22 B E:\Documents and Settings\Adam Knox\My Documents\Web Sites\skate world\forumsite\images\xpsilver\address.gif --> ftp.skate-world.net /public_html/images/xpsilver address.gif
2004.05.28 18:22 B E:\Documents and Settings\Adam Knox\My Documents\Web Sites\skate world\forumsite\images\xpsilver\aim.gif --> ftp.skate-world.net /public_html/images/xpsilver aim.gif
2004.05.28 18:22 B E:\Documents and Settings\Adam Knox\My Documents\Web Sites\skate world\forumsite\images\xpsilver\arrow_dw.gif --> ftp.skate-world.net /public_html/images/xpsilver arrow_dw.gif
2004.05.28 18:22 B E:\Documents and Settings\Adam Knox\My Documents\Web Sites\skate world\forumsite\images\xpsilver\arrow_up.gif --> ftp.skate-world.net /public_html/images/xpsilver arrow_up.gif
2004.05.28 18:22 B E:\Documents and Settings\Adam Knox\My Documents\Web Sites\skate world\forumsite\images\xpsilver\bar.gif --> ftp.skate-world.net /public_html/images/xpsilver bar.gif
2004.05.28 18:22 B E:\Documents and Settings\Adam Knox\My Documents\Web Sites\skate world\forumsite\images\xpsilver\bb_bold.gif --> ftp.skate-world.net /public_html/images/xpsilver bb_bold.gif
2004.05.28 18:22 B E:\Documents and Settings\Adam Knox\My Documents\Web Sites\skate world\forumsite\images\xpsilver\bb_center.gif --> ftp.skate-world.net /public_html/images/xpsilver bb_center.gif
2004.05.28 18:22 B E:\Documents and Settings\Adam Knox\My Documents\Web Sites\skate world\forumsite\images\xpsilver\bb_code.gif --> ftp.skate-world.net /public_html/images/xpsilver bb_code.gif
2004.05.28 18:22 B E:\Documents and Settings\Adam Knox\My Documents\Web Sites\skate world\forumsite\images\xpsilver\bb_email.gif --> ftp.skate-world.net /public_html/images/xpsilver bb_email.gif
2004.05.28 18:22 B E:\Documents and Settings\Adam Knox\My Documents\Web Sites\skate world\forumsite\images\xpsilver\bb_image.gif --> ftp.skate-world.net /public_html/images/xpsilver bb_image.gif
2004.05.28 18:22 B E:\Documents and Settings\Adam Knox\My Documents\Web Sites\skate world\forumsite\images\xpsilver\bb_italicize.gif --> ftp.skate-world.net /public_html/images/xpsilver bb_italicize.gif
2004.05.28 18:22 B E:\Documents and Settings\Adam Knox\My Documents\Web Sites\skate world\forumsite\images\xpsilver\bb_list.gif --> ftp.skate-world.net /public_html/images/xpsilver bb_list.gif
2004.05.28 18:22 B E:\Documents and Settings\Adam Knox\My Documents\Web Sites\skate world\forumsite\images\xpsilver\bb_quote.gif --> ftp.skate-world.net /public_html/images/xpsilver bb_quote.gif
2004.05.28 18:22 B E:\Documents and Settings\Adam Knox\My Documents\Web Sites\skate world\forumsite\images\xpsilver\bb_underline.gif --> ftp.skate-world.net /public_html/images/xpsilver bb_underline.gif
2004.05.28 18:22 B E:\Documents and Settings\Adam Knox\My Documents\Web Sites\skate world\forumsite\images\xpsilver\bb_url.gif --> ftp.skate-world.net /public_html/images/xpsilver bb_url.gif
2004.05.28 18:22 B E:\Documents and Settings\Adam Knox\My Documents\Web Sites\skate world\forumsite\images\xpsilver\bbrules.gif --> ftp.skate-world.net /public_html/images/xpsilver bbrules.gif
2004.05.28 18:22 B E:\Documents and Settings\Adam Knox\My Documents\Web Sites\skate world\forumsite\images\xpsilver\bluebar.gif --> ftp.skate-world.net /public_html/images/xpsilver bluebar.gif
2004.05.28 18:22 B E:\Documents and Settings\Adam Knox\My Documents\Web Sites\skate world\forumsite\images\xpsilver\boardheader.gif --> ftp.skate-world.net /public_html/images/xpsilver boardheader.gif
2004.05.28 18:22 B E:\Documents and Settings\Adam Knox\My Documents\Web Sites\skate world\forumsite\images\xpsilver\dot_folder.gif --> ftp.skate-world.net /public_html/images/xpsilver dot_folder.gif
2004.05.28 18:22 B E:\Documents and Settings\Adam Knox\My Documents\Web Sites\skate world\forumsite\images\xpsilver\dot_hot_folder.gif --> ftp.skate-world.net /public_html/images/xpsilver dot_hot_folder.gif
2004.05.28 18:22 B E:\Documents and Settings\Adam Knox\My Documents\Web Sites\skate world\forumsite\images\xpsilver\dot_hot_red_folder.gif --> ftp.skate-world.net /public_html/images/xpsilver dot_hot_red_folder.gif
2004.05.28 18:22 B E:\Documents and Settings\Adam Knox\My Documents\Web Sites\skate world\forumsite\images\xpsilver\dot_red_folder.gif --> ftp.skate-world.net /public_html/images/xpsilver dot_red_folder.gif
2004.05.28 18:22 B E:\Documents and Settings\Adam Knox\My Documents\Web Sites\skate world\forumsite\images\xpsilver\edit.gif --> ftp.skate-world.net /public_html/images/xpsilver edit.gif
2004.05.28 18:22 B E:\Documents and Settings\Adam Knox\My Documents\Web Sites\skate world\forumsite\images\xpsilver\email.gif --> ftp.skate-world.net /public_html/images/xpsilver email.gif
2004.05.28 18:22 B E:\Documents and Settings\Adam Knox\My Documents\Web Sites\skate world\forumsite\images\xpsilver\faq.gif --> ftp.skate-world.net /public_html/images/xpsilver faq.gif
2004.05.28 18:22 B E:\Documents and Settings\Adam Knox\My Documents\Web Sites\skate world\forumsite\images\xpsilver\find.gif --> ftp.skate-world.net /public_html/images/xpsilver find.gif
2004.05.28 18:22 B E:\Documents and Settings\Adam Knox\My Documents\Web Sites\skate world\forumsite\images\xpsilver\folder.gif --> ftp.skate-world.net /public_html/images/xpsilver folder.gif
2004.05.28 18:22 B E:\Documents and Settings\Adam Knox\My Documents\Web Sites\skate world\forumsite\images\xpsilver\home.gif --> ftp.skate-world.net /public_html/images/xpsilver home.gif
2004.05.28 18:22 B E:\Documents and Settings\Adam Knox\My Documents\Web Sites\skate world\forumsite\images\xpsilver\hot_folder.gif --> ftp.skate-world.net /public_html/images/xpsilver hot_folder.gif
2004.05.28 18:22 B E:\Documents and Settings\Adam Knox\My Documents\Web Sites\skate world\forumsite\images\xpsilver\hot_red_folder.gif --> ftp.skate-world.net /public_html/images/xpsilver hot_red_folder.gif
2004.05.28 18:22 B E:\Documents and Settings\Adam Knox\My Documents\Web Sites\skate world\forumsite\images\xpsilver\icq_add.gif --> ftp.skate-world.net /public_html/images/xpsilver icq_add.gif
2004.05.28 18:22 B E:\Documents and Settings\Adam Knox\My Documents\Web Sites\skate world\forumsite\images\xpsilver\inbox.gif --> ftp.skate-world.net /public_html/images/xpsilver inbox.gif
2004.05.28 18:22 B E:\Documents and Settings\Adam Knox\My Documents\Web Sites\skate world\forumsite\images\xpsilver\index.html --> ftp.skate-world.net /public_html/images/xpsilver index.html
2004.05.28 18:22 B E:\Documents and Settings\Adam Knox\My Documents\Web Sites\skate world\forumsite\images\xpsilver\ip.gif --> ftp.skate-world.net /public_html/images/xpsilver ip.gif
2004.05.28 18:22 B E:\Documents and Settings\Adam Knox\My Documents\Web Sites\skate world\forumsite\images\xpsilver\ipost.gif --> ftp.skate-world.net /public_html/images/xpsilver ipost.gif
2004.05.28 18:22 B E:\Documents and Settings\Adam Knox\My Documents\Web Sites\skate world\forumsite\images\xpsilver\lastpost.gif --> ftp.skate-world.net /public_html/images/xpsilver lastpost.gif
2004.05.28 18:22 B E:\Documents and Settings\Adam Knox\My Documents\Web Sites\skate world\forumsite\images\xpsilver\lock_folder.gif --> ftp.skate-world.net /public_html/images/xpsilver lock_folder.gif
2004.05.28 18:22 B E:\Documents and Settings\Adam Knox\My Documents\Web Sites\skate world\forumsite\images\xpsilver\locku2u.gif --> ftp.skate-world.net /public_html/images/xpsilver locku2u.gif
2004.05.28 18:22 B E:\Documents and Settings\Adam Knox\My Documents\Web Sites\skate world\forumsite\images\xpsilver\members_list.gif --> ftp.skate-world.net /public_html/images/xpsilver members_list.gif
2004.05.28 18:22 B E:\Documents and Settings\Adam Knox\My Documents\Web Sites\skate world\forumsite\images\xpsilver\msn.gif --> ftp.skate-world.net /public_html/images/xpsilver msn.gif
2004.05.28 18:22 B E:\Documents and Settings\Adam Knox\My Documents\Web Sites\skate world\forumsite\images\xpsilver\newmessage.gif --> ftp.skate-world.net /public_html/images/xpsilver newmessage.gif
2004.05.28 18:22 B E:\Documents and Settings\Adam Knox\My Documents\Web Sites\skate world\forumsite\images\xpsilver\newtopic.gif --> ftp.skate-world.net /public_html/images/xpsilver newtopic.gif
2004.05.28 18:22 B E:\Documents and Settings\Adam Knox\My Documents\Web Sites\skate world\forumsite\images\xpsilver\newu2u.gif --> ftp.skate-world.net /public_html/images/xpsilver newu2u.gif
2004.05.28 18:22 B E:\Documents and Settings\Adam Knox\My Documents\Web Sites\skate world\forumsite\images\xpsilver\online.gif --> ftp.skate-world.net /public_html/images/xpsilver online.gif
2004.05.28 18:22 B E:\Documents and Settings\Adam Knox\My Documents\Web Sites\skate world\forumsite\images\xpsilver\outbox.gif --> ftp.skate-world.net /public_html/images/xpsilver outbox.gif
2004.05.28 18:22 B E:\Documents and Settings\Adam Knox\My Documents\Web Sites\skate world\forumsite\images\xpsilver\pin.gif --> ftp.skate-world.net /public_html/images/xpsilver pin.gif
2004.05.28 18:22 B E:\Documents and Settings\Adam Knox\My Documents\Web Sites\skate world\forumsite\images\xpsilver\pixel.gif --> ftp.skate-world.net /public_html/images/xpsilver pixel.gif
2004.05.28 18:22 B E:\Documents and Settings\Adam Knox\My Documents\Web Sites\skate world\forumsite\images\xpsilver\poll.gif --> ftp.skate-world.net /public_html/images/xpsilver poll.gif
2004.05.28 18:22 B E:\Documents and Settings\Adam Knox\My Documents\Web Sites\skate world\forumsite\images\xpsilver\pollbar-e.gif --> ftp.skate-world.net /public_html/images/xpsilver pollbar-e.gif
2004.05.28 18:22 B E:\Documents and Settings\Adam Knox\My Documents\Web Sites\skate world\forumsite\images\xpsilver\pollbar-s.gif --> ftp.skate-world.net /public_html/images/xpsilver pollbar-s.gif
2004.05.28 18:22 B E:\Documents and Settings\Adam Knox\My Documents\Web Sites\skate world\forumsite\images\xpsilver\pollbar.gif --> ftp.skate-world.net /public_html/images/xpsilver pollbar.gif
2004.05.28 18:22 B E:\Documents and Settings\Adam Knox\My Documents\Web Sites\skate world\forumsite\images\xpsilver\pollsmall.gif --> ftp.skate-world.net /public_html/images/xpsilver pollsmall.gif
2004.05.28 18:22 B E:\Documents and Settings\Adam Knox\My Documents\Web Sites\skate world\forumsite\images\xpsilver\profile.gif --> ftp.skate-world.net /public_html/images/xpsilver profile.gif
2004.05.28 18:22 B E:\Documents and Settings\Adam Knox\My Documents\Web Sites\skate world\forumsite\images\xpsilver\quote.gif --> ftp.skate-world.net /public_html/images/xpsilver quote.gif
2004.05.28 18:22 B E:\Documents and Settings\Adam Knox\My Documents\Web Sites\skate world\forumsite\images\xpsilver\red_folder.gif --> ftp.skate-world.net /public_html/images/xpsilver red_folder.gif
2004.05.28 18:22 B E:\Documents and Settings\Adam Knox\My Documents\Web Sites\skate world\forumsite\images\xpsilver\reply.gif --> ftp.skate-world.net /public_html/images/xpsilver reply.gif
2004.05.28 18:22 B E:\Documents and Settings\Adam Knox\My Documents\Web Sites\skate world\forumsite\images\xpsilver\report.gif --> ftp.skate-world.net /public_html/images/xpsilver report.gif
2004.05.28 18:22 B E:\Documents and Settings\Adam Knox\My Documents\Web Sites\skate world\forumsite\images\xpsilver\resolved.gif --> ftp.skate-world.net /public_html/images/xpsilver resolved.gif
2004.05.28 18:22 B E:\Documents and Settings\Adam Knox\My Documents\Web Sites\skate world\forumsite\images\xpsilver\search.gif --> ftp.skate-world.net /public_html/images/xpsilver search.gif
2004.05.28 18:22 B E:\Documents and Settings\Adam Knox\My Documents\Web Sites\skate world\forumsite\images\xpsilver\send.gif --> ftp.skate-world.net /public_html/images/xpsilver send.gif
2004.05.28 18:22 B E:\Documents and Settings\Adam Knox\My Documents\Web Sites\skate world\forumsite\images\xpsilver\silverbar.gif --> ftp.skate-world.net /public_html/images/xpsilver silverbar.gif
2004.05.28 18:22 B E:\Documents and Settings\Adam Knox\My Documents\Web Sites\skate world\forumsite\images\xpsilver\site.gif --> ftp.skate-world.net /public_html/images/xpsilver site.gif
2004.05.28 18:22 B E:\Documents and Settings\Adam Knox\My Documents\Web Sites\skate world\forumsite\images\xpsilver\star.gif --> ftp.skate-world.net /public_html/images/xpsilver star.gif
2004.05.28 18:22 B E:\Documents and Settings\Adam Knox\My Documents\Web Sites\skate world\forumsite\images\xpsilver\stats.gif --> ftp.skate-world.net /public_html/images/xpsilver stats.gif
2004.05.28 18:22 B E:\Documents and Settings\Adam Knox\My Documents\Web Sites\skate world\forumsite\images\xpsilver\Thumbs.db --> ftp.skate-world.net /public_html/images/xpsilver Thumbs.db
2004.05.28 18:22 B E:\Documents and Settings\Adam Knox\My Documents\Web Sites\skate world\forumsite\images\xpsilver\todays_posts.gif --> ftp.skate-world.net /public_html/images/xpsilver todays_posts.gif
2004.05.28 18:22 B E:\Documents and Settings\Adam Knox\My Documents\Web Sites\skate world\forumsite\images\xpsilver\u2u.gif --> ftp.skate-world.net /public_html/images/xpsilver u2u.gif
2004.05.28 18:22 B E:\Documents and Settings\Adam Knox\My Documents\Web Sites\skate world\forumsite\images\xpsilver\unresolved.gif --> ftp.skate-world.net /public_html/images/xpsilver unresolved.gif
2004.08.26 15:59 B E:\Documents and Settings\Adam Knox\Desktop\SKATE WORLD UNCLEAN\public_html\images\xpsilver\WS_FTP.LOG <-- Skate world /public_html/images/xpsilver WS_FTP.LOG
2004.08.26 15:59 B E:\Documents and Settings\Adam Knox\Desktop\SKATE WORLD UNCLEAN\public_html\images\xpsilver\xplogo.gif <-- Skate world /public_html/images/xpsilver xplogo.gif
2004.08.26 15:59 B E:\Documents and Settings\Adam Knox\Desktop\SKATE WORLD UNCLEAN\public_html\images\xpsilver\yahoo.gif <-- Skate world /public_html/images/xpsilver yahoo.gif
2004.08.26 21:35 B E:\Documents and Settings\Adam Knox\Desktop\Skate world redone\forum\images\xpsilver\address.gif --> ftp.skate-world.net /public_html/forum/images/xpsilver address.gif
2004.08.26 21:35 B E:\Documents and Settings\Adam Knox\Desktop\Skate world redone\forum\images\xpsilver\aim.gif --> ftp.skate-world.net /public_html/forum/images/xpsilver aim.gif
2004.08.26 21:35 B E:\Documents and Settings\Adam Knox\Desktop\Skate world redone\forum\images\xpsilver\arrow_dw.gif --> ftp.skate-world.net /public_html/forum/images/xpsilver arrow_dw.gif
2004.08.26 21:35 B E:\Documents and Settings\Adam Knox\Desktop\Skate world redone\forum\images\xpsilver\arrow_up.gif --> ftp.skate-world.net /public_html/forum/images/xpsilver arrow_up.gif
2004.08.26 21:35 B E:\Documents and Settings\Adam Knox\Desktop\Skate world redone\forum\images\xpsilver\avatars.gif --> ftp.skate-world.net /public_html/forum/images/xpsilver avatars.gif
2004.08.26 21:35 B E:\Documents and Settings\Adam Knox\Desktop\Skate world redone\forum\images\xpsilver\bar.gif --> ftp.skate-world.net /public_html/forum/images/xpsilver bar.gif
2004.08.26 21:35 B E:\Documents and Settings\Adam Knox\Desktop\Skate world redone\forum\images\xpsilver\bb_bold.gif --> ftp.skate-world.net /public_html/forum/images/xpsilver bb_bold.gif
2004.08.26 21:35 B E:\Documents and Settings\Adam Knox\Desktop\Skate world redone\forum\images\xpsilver\bb_center.gif --> ftp.skate-world.net /public_html/forum/images/xpsilver bb_center.gif
2004.08.26 21:35 B E:\Documents and Settings\Adam Knox\Desktop\Skate world redone\forum\images\xpsilver\bb_code.gif --> ftp.skate-world.net /public_html/forum/images/xpsilver bb_code.gif
2004.08.26 21:35 B E:\Documents and Settings\Adam Knox\Desktop\Skate world redone\forum\images\xpsilver\bb_email.gif --> ftp.skate-world.net /public_html/forum/images/xpsilver bb_email.gif
2004.08.26 21:35 B E:\Documents and Settings\Adam Knox\Desktop\Skate world redone\forum\images\xpsilver\bb_image.gif --> ftp.skate-world.net /public_html/forum/images/xpsilver bb_image.gif
2004.08.26 21:35 B E:\Documents and Settings\Adam Knox\Desktop\Skate world redone\forum\images\xpsilver\bb_italicize.gif --> ftp.skate-world.net /public_html/forum/images/xpsilver bb_italicize.gif
2004.08.26 21:35 B E:\Documents and Settings\Adam Knox\Desktop\Skate world redone\forum\images\xpsilver\bb_list.gif --> ftp.skate-world.net /public_html/forum/images/xpsilver bb_list.gif
2004.08.26 21:35 B E:\Documents and Settings\Adam Knox\Desktop\Skate world redone\forum\images\xpsilver\bb_quote.gif --> ftp.skate-world.net /public_html/forum/images/xpsilver bb_quote.gif
2004.08.26 21:35 B E:\Documents and Settings\Adam Knox\Desktop\Skate world redone\forum\images\xpsilver\bb_underline.gif --> ftp.skate-world.net /public_html/forum/images/xpsilver bb_underline.gif
2004.08.26 21:35 B E:\Documents and Settings\Adam Knox\Desktop\Skate world redone\forum\images\xpsilver\bb_url.gif --> ftp.skate-world.net /public_html/forum/images/xpsilver bb_url.gif
2004.08.26 21:35 B E:\Documents and Settings\Adam Knox\Desktop\Skate world redone\forum\images\xpsilver\bbrules.gif --> ftp.skate-world.net /public_html/forum/images/xpsilver bbrules.gif
2004.08.26 21:35 B E:\Documents and Settings\Adam Knox\Desktop\Skate world redone\forum\images\xpsilver\bluebar.gif --> ftp.skate-world.net /public_html/forum/images/xpsilver bluebar.gif
2004.08.26 21:35 B E:\Documents and Settings\Adam Knox\Desktop\Skate world redone\forum\images\xpsilver\boardheader.gif --> ftp.skate-world.net /public_html/forum/images/xpsilver boardheader.gif
2004.08.26 21:35 B E:\Documents and Settings\Adam Knox\Desktop\Skate world redone\forum\images\xpsilver\closeav.gif --> ftp.skate-world.net /public_html/forum/images/xpsilver closeav.gif
2004.08.26 21:35 B E:\Documents and Settings\Adam Knox\Desktop\Skate world redone\forum\images\xpsilver\dot_folder.gif --> ftp.skate-world.net /public_html/forum/images/xpsilver dot_folder.gif
2004.08.26 21:35 B E:\Documents and Settings\Adam Knox\Desktop\Skate world redone\forum\images\xpsilver\dot_hot_folder.gif --> ftp.skate-world.net /public_html/forum/images/xpsilver dot_hot_folder.gif
2004.08.26 21:35 B E:\Documents and Settings\Adam Knox\Desktop\Skate world redone\forum\images\xpsilver\dot_hot_red_folder.gif --> ftp.skate-world.net /public_html/forum/images/xpsilver dot_hot_red_folder.gif
2004.08.26 21:35 B E:\Documents and Settings\Adam Knox\Desktop\Skate world redone\forum\images\xpsilver\dot_red_folder.gif --> ftp.skate-world.net /public_html/forum/images/xpsilver dot_red_folder.gif
2004.08.26 21:35 B E:\Documents and Settings\Adam Knox\Desktop\Skate world redone\forum\images\xpsilver\edit.gif --> ftp.skate-world.net /public_html/forum/images/xpsilver edit.gif
2004.08.26 21:35 B E:\Documents and Settings\Adam Knox\Desktop\Skate world redone\forum\images\xpsilver\email.gif --> ftp.skate-world.net /public_html/forum/images/xpsilver email.gif
2004.08.26 21:35 B E:\Documents and Settings\Adam Knox\Desktop\Skate world redone\forum\images\xpsilver\faq.gif --> ftp.skate-world.net /public_html/forum/images/xpsilver faq.gif
2004.08.26 21:35 B E:\Documents and Settings\Adam Knox\Desktop\Skate world redone\forum\images\xpsilver\find.gif --> ftp.skate-world.net /public_html/forum/images/xpsilver find.gif
2004.08.26 21:35 B E:\Documents and Settings\Adam Knox\Desktop\Skate world redone\forum\images\xpsilver\folder.gif --> ftp.skate-world.net /public_html/forum/images/xpsilver folder.gif
2004.08.26 21:35 B E:\Documents and Settings\Adam Knox\Desktop\Skate world redone\forum\images\xpsilver\home.gif --> ftp.skate-world.net /public_html/forum/images/xpsilver home.gif
2004.08.26 21:35 B E:\Documents and Settings\Adam Knox\Desktop\Skate world redone\forum\images\xpsilver\hot_folder.gif --> ftp.skate-world.net /public_html/forum/images/xpsilver hot_folder.gif
2004.08.26 21:35 B E:\Documents and Settings\Adam Knox\Desktop\Skate world redone\forum\images\xpsilver\hot_red_folder.gif --> ftp.skate-world.net /public_html/forum/images/xpsilver hot_red_folder.gif
2004.08.26 21:35 B E:\Documents and Settings\Adam Knox\Desktop\Skate world redone\forum\images\xpsilver\icq_add.gif --> ftp.skate-world.net /public_html/forum/images/xpsilver icq_add.gif
2004.08.26 21:35 B E:\Documents and Settings\Adam Knox\Desktop\Skate world redone\forum\images\xpsilver\inbox.gif --> ftp.skate-world.net /public_html/forum/images/xpsilver inbox.gif
2004.08.26 21:35 B E:\Documents and Settings\Adam Knox\Desktop\Skate world redone\forum\images\xpsilver\index.html --> ftp.skate-world.net /public_html/forum/images/xpsilver index.html
2004.08.26 21:35 B E:\Documents and Settings\Adam Knox\Desktop\Skate world redone\forum\images\xpsilver\ip.gif --> ftp.skate-world.net /public_html/forum/images/xpsilver ip.gif
2004.08.26 21:35 B E:\Documents and Settings\Adam Knox\Desktop\Skate world redone\forum\images\xpsilver\ipost.gif --> ftp.skate-world.net /public_html/forum/images/xpsilver ipost.gif
2004.08.26 21:35 B E:\Documents and Settings\Adam Knox\Desktop\Skate world redone\forum\images\xpsilver\lastpost.gif --> ftp.skate-world.net /public_html/forum/images/xpsilver lastpost.gif
2004.08.26 21:35 B E:\Documents and Settings\Adam Knox\Desktop\Skate world redone\forum\images\xpsilver\lock_folder.gif --> ftp.skate-world.net /public_html/forum/images/xpsilver lock_folder.gif
2004.08.26 21:35 B E:\Documents and Settings\Adam Knox\Desktop\Skate world redone\forum\images\xpsilver\locku2u.gif --> ftp.skate-world.net /public_html/forum/images/xpsilver locku2u.gif
2004.08.26 21:35 B E:\Documents and Settings\Adam Knox\Desktop\Skate world redone\forum\images\xpsilver\members_list.gif --> ftp.skate-world.net /public_html/forum/images/xpsilver members_list.gif
2004.08.26 21:35 B E:\Documents and Settings\Adam Knox\Desktop\Skate world redone\forum\images\xpsilver\msn.gif --> ftp.skate-world.net /public_html/forum/images/xpsilver msn.gif
2004.08.26 21:35 B E:\Documents and Settings\Adam Knox\Desktop\Skate world redone\forum\images\xpsilver\newmessage.gif --> ftp.skate-world.net /public_html/forum/images/xpsilver newmessage.gif
2004.08.26 21:35 B E:\Documents and Settings\Adam Knox\Desktop\Skate world redone\forum\images\xpsilver\newtopic.gif --> ftp.skate-world.net /public_html/forum/images/xpsilver newtopic.gif
2004.08.26 21:35 B E:\Documents and Settings\Adam Knox\Desktop\Skate world redone\forum\images\xpsilver\newu2u.gif --> ftp.skate-world.net /public_html/forum/images/xpsilver newu2u.gif
2004.08.26 21:35 B E:\Documents and Settings\Adam Knox\Desktop\Skate world redone\forum\images\xpsilver\online.gif --> ftp.skate-world.net /public_html/forum/images/xpsilver online.gif
2004.08.26 21:35 B E:\Documents and Settings\Adam Knox\Desktop\Skate world redone\forum\images\xpsilver\openav.gif --> ftp.skate-world.net /public_html/forum/images/xpsilver openav.gif
2004.08.26 21:35 B E:\Documents and Settings\Adam Knox\Desktop\Skate world redone\forum\images\xpsilver\outbox.gif --> ftp.skate-world.net /public_html/forum/images/xpsilver outbox.gif
2004.08.26 21:35 B E:\Documents and Settings\Adam Knox\Desktop\Skate world redone\forum\images\xpsilver\pin.gif --> ftp.skate-world.net /public_html/forum/images/xpsilver pin.gif
2004.08.26 21:35 B E:\Documents and Settings\Adam Knox\Desktop\Skate world redone\forum\images\xpsilver\pixel.gif --> ftp.skate-world.net /public_html/forum/images/xpsilver pixel.gif
2004.08.26 21:35 B E:\Documents and Settings\Adam Knox\Desktop\Skate world redone\forum\images\xpsilver\poll.gif --> ftp.skate-world.net /public_html/forum/images/xpsilver poll.gif
2004.08.26 21:35 B E:\Documents and Settings\Adam Knox\Desktop\Skate world redone\forum\images\xpsilver\pollbar-e.gif --> ftp.skate-world.net /public_html/forum/images/xpsilver pollbar-e.gif
2004.08.26 21:35 B E:\Documents and Settings\Adam Knox\Desktop\Skate world redone\forum\images\xpsilver\pollbar-s.gif --> ftp.skate-world.net /public_html/forum/images/xpsilver pollbar-s.gif
2004.08.26 21:35 B E:\Documents and Settings\Adam Knox\Desktop\Skate world redone\forum\images\xpsilver\pollbar.gif --> ftp.skate-world.net /public_html/forum/images/xpsilver pollbar.gif
2004.08.26 21:35 B E:\Documents and Settings\Adam Knox\Desktop\Skate world redone\forum\images\xpsilver\pollsmall.gif --> ftp.skate-world.net /public_html/forum/images/xpsilver pollsmall.gif
2004.08.26 21:35 B E:\Documents and Settings\Adam Knox\Desktop\Skate world redone\forum\images\xpsilver\profile.gif --> ftp.skate-world.net /public_html/forum/images/xpsilver profile.gif
2004.08.26 21:35 B E:\Documents and Settings\Adam Knox\Desktop\Skate world redone\forum\images\xpsilver\quote.gif --> ftp.skate-world.net /public_html/forum/images/xpsilver quote.gif
2004.08.26 21:35 B E:\Documents and Settings\Adam Knox\Desktop\Skate world redone\forum\images\xpsilver\red_folder.gif --> ftp.skate-world.net /public_html/forum/images/xpsilver red_folder.gif
2004.08.26 21:35 B E:\Documents and Settings\Adam Knox\Desktop\Skate world redone\forum\images\xpsilver\reply.gif --> ftp.skate-world.net /public_html/forum/images/xpsilver reply.gif
2004.08.26 21:35 B E:\Documents and Settings\Adam Knox\Desktop\Skate world redone\forum\images\xpsilver\report.gif --> ftp.skate-world.net /public_html/forum/images/xpsilver report.gif
2004.08.26 21:35 B E:\Documents and Settings\Adam Knox\Desktop\Skate world redone\forum\images\xpsilver\resolved.gif --> ftp.skate-world.net /public_html/forum/images/xpsilver resolved.gif
2004.08.26 21:35 B E:\Documents and Settings\Adam Knox\Desktop\Skate world redone\forum\images\xpsilver\search.gif --> ftp.skate-world.net /public_html/forum/images/xpsilver search.gif
2004.08.26 21:35 B E:\Documents and Settings\Adam Knox\Desktop\Skate world redone\forum\images\xpsilver\send.gif --> ftp.skate-world.net /public_html/forum/images/xpsilver send.gif
2004.08.26 21:35 B E:\Documents and Settings\Adam Knox\Desktop\Skate world redone\forum\images\xpsilver\silverbar.gif --> ftp.skate-world.net /public_html/forum/images/xpsilver silverbar.gif
2004.08.26 21:35 B E:\Documents and Settings\Adam Knox\Desktop\Skate world redone\forum\images\xpsilver\site.gif --> ftp.skate-world.net /public_html/forum/images/xpsilver site.gif
2004.08.26 21:35 B E:\Documents and Settings\Adam Knox\Desktop\Skate world redone\forum\images\xpsilver\star.gif --> ftp.skate-world.net /public_html/forum/images/xpsilver star.gif
2004.08.26 21:35 B E:\Documents and Settings\Adam Knox\Desktop\Skate world redone\forum\images\xpsilver\stats.gif --> ftp.skate-world.net /public_html/forum/images/xpsilver stats.gif
2004.08.26 21:35 B E:\Documents and Settings\Adam Knox\Desktop\Skate world redone\forum\images\xpsilver\Thumbs.db --> ftp.skate-world.net /public_html/forum/images/xpsilver Thumbs.db
2004.08.26 21:35 B E:\Documents and Settings\Adam Knox\Desktop\Skate world redone\forum\images\xpsilver\todays_posts.gif --> ftp.skate-world.net /public_html/forum/images/xpsilver todays_posts.gif
2004.08.26 21:35 B E:\Documents and Settings\Adam Knox\Desktop\Skate world redone\forum\images\xpsilver\topav.gif --> ftp.skate-world.net /public_html/forum/images/xpsilver topav.gif
2004.08.26 21:35 B E:\Documents and Settings\Adam Knox\Desktop\Skate world redone\forum\images\xpsilver\u2u.gif --> ftp.skate-world.net /public_html/forum/images/xpsilver u2u.gif
2004.08.26 21:35 B E:\Documents and Settings\Adam Knox\Desktop\Skate world redone\forum\images\xpsilver\unresolved.gif --> ftp.skate-world.net /public_html/forum/images/xpsilver unresolved.gif
2004.09.20 16:44 B E:\Documents and Settings\Adam Knox\My Documents\Skate World\backup\forum\images\xpsilver\WS_FTP.LOG <-- Skate world Temporary /public_html/forum/images/xpsilver WS_FTP.LOG
2004.09.20 16:44 B E:\Documents and Settings\Adam Knox\My Documents\Skate World\backup\forum\images\xpsilver\xplogo.gif <-- Skate world Temporary /public_html/forum/images/xpsilver xplogo.gif
2004.09.20 16:44 B E:\Documents and Settings\Adam Knox\My Documents\Skate World\backup\forum\images\xpsilver\yahoo.gif <-- Skate world Temporary /public_html/forum/images/xpsilver yahoo.gif
2004.10.03 13:23 B G:\Documents and Settings\bilbo\My Documents\SwitchSkate\Skate World\backup\FOLDERS\forum\images\xpsilver\address.gif --> host215.ipowerweb.com /public_html/forum/images/xpsilver address.gif
2004.10.03 13:23 B G:\Documents and Settings\bilbo\My Documents\SwitchSkate\Skate World\backup\FOLDERS\forum\images\xpsilver\aim.gif --> host215.ipowerweb.com /public_html/forum/images/xpsilver aim.gif
2004.10.03 13:23 B G:\Documents and Settings\bilbo\My Documents\SwitchSkate\Skate World\backup\FOLDERS\forum\images\xpsilver\arrow_dw.gif --> host215.ipowerweb.com /public_html/forum/images/xpsilver arrow_dw.gif
2004.10.03 13:23 B G:\Documents and Settings\bilbo\My Documents\SwitchSkate\Skate World\backup\FOLDERS\forum\images\xpsilver\arrow_up.gif --> host215.ipowerweb.com /public_html/forum/images/xpsilver arrow_up.gif
2004.10.03 13:23 B G:\Documents and Settings\bilbo\My Documents\SwitchSkate\Skate World\backup\FOLDERS\forum\images\xpsilver\avatars.gif --> host215.ipowerweb.com /public_html/forum/images/xpsilver avatars.gif
2004.10.03 13:23 B G:\Documents and Settings\bilbo\My Documents\SwitchSkate\Skate World\backup\FOLDERS\forum\images\xpsilver\bar.gif --> host215.ipowerweb.com /public_html/forum/images/xpsilver bar.gif
2004.10.03 13:23 B G:\Documents and Settings\bilbo\My Documents\SwitchSkate\Skate World\backup\FOLDERS\forum\images\xpsilver\bb_bold.gif --> host215.ipowerweb.com /public_html/forum/images/xpsilver bb_bold.gif
2004.10.03 13:23 B G:\Documents and Settings\bilbo\My Documents\SwitchSkate\Skate World\backup\FOLDERS\forum\images\xpsilver\bb_center.gif --> host215.ipowerweb.com /public_html/forum/images/xpsilver bb_center.gif
2004.10.03 13:23 B G:\Documents and Settings\bilbo\My Documents\SwitchSkate\Skate World\backup\FOLDERS\forum\images\xpsilver\bb_code.gif --> host215.ipowerweb.com /public_html/forum/images/xpsilver bb_code.gif
2004.10.03 13:23 B G:\Documents and Settings\bilbo\My Documents\SwitchSkate\Skate World\backup\FOLDERS\forum\images\xpsilver\bb_email.gif --> host215.ipowerweb.com /public_html/forum/images/xpsilver bb_email.gif
2004.10.03 13:23 B G:\Documents and Settings\bilbo\My Documents\SwitchSkate\Skate World\backup\FOLDERS\forum\images\xpsilver\bb_image.gif --> host215.ipowerweb.com /public_html/forum/images/xpsilver bb_image.gif
2004.10.03 13:23 B G:\Documents and Settings\bilbo\My Documents\SwitchSkate\Skate World\backup\FOLDERS\forum\images\xpsilver\bb_italicize.gif --> host215.ipowerweb.com /public_html/forum/images/xpsilver bb_italicize.gif
2004.10.03 13:23 B G:\Documents and Settings\bilbo\My Documents\SwitchSkate\Skate World\backup\FOLDERS\forum\images\xpsilver\bb_list.gif --> host215.ipowerweb.com /public_html/forum/images/xpsilver bb_list.gif
2004.10.03 13:23 B G:\Documents and Settings\bilbo\My Documents\SwitchSkate\Skate World\backup\FOLDERS\forum\images\xpsilver\bb_quote.gif --> host215.ipowerweb.com /public_html/forum/images/xpsilver bb_quote.gif
2004.10.03 13:23 B G:\Documents and Settings\bilbo\My Documents\SwitchSkate\Skate World\backup\FOLDERS\forum\images\xpsilver\bb_underline.gif --> host215.ipowerweb.com /public_html/forum/images/xpsilver bb_underline.gif
2004.10.03 13:23 B G:\Documents and Settings\bilbo\My Documents\SwitchSkate\Skate World\backup\FOLDERS\forum\images\xpsilver\bb_url.gif --> host215.ipowerweb.com /public_html/forum/images/xpsilver bb_url.gif
2004.10.03 13:23 B G:\Documents and Settings\bilbo\My Documents\SwitchSkate\Skate World\backup\FOLDERS\forum\images\xpsilver\bbrules.gif --> host215.ipowerweb.com /public_html/forum/images/xpsilver bbrules.gif
2004.10.03 13:23 B G:\Documents and Settings\bilbo\My Documents\SwitchSkate\Skate World\backup\FOLDERS\forum\images\xpsilver\bluebar.gif --> host215.ipowerweb.com /public_html/forum/images/xpsilver bluebar.gif
2004.10.03 13:23 B G:\Documents and Settings\bilbo\My Documents\SwitchSkate\Skate World\backup\FOLDERS\forum\images\xpsilver\boardheader.gif --> host215.ipowerweb.com /public_html/forum/images/xpsilver boardheader.gif
2004.10.03 13:23 B G:\Documents and Settings\bilbo\My Documents\SwitchSkate\Skate World\backup\FOLDERS\forum\images\xpsilver\closeav.gif --> host215.ipowerweb.com /public_html/forum/images/xpsilver closeav.gif
2004.10.03 13:23 B G:\Documents and Settings\bilbo\My Documents\SwitchSkate\Skate World\backup\FOLDERS\forum\images\xpsilver\dot_folder.gif --> host215.ipowerweb.com /public_html/forum/images/xpsilver dot_folder.gif
2004.10.03 13:23 B G:\Documents and Settings\bilbo\My Documents\SwitchSkate\Skate World\backup\FOLDERS\forum\images\xpsilver\dot_hot_folder.gif --> host215.ipowerweb.com /public_html/forum/images/xpsilver dot_hot_folder.gif
2004.10.03 13:23 B G:\Documents and Settings\bilbo\My Documents\SwitchSkate\Skate World\backup\FOLDERS\forum\images\xpsilver\dot_hot_red_folder.gif --> host215.ipowerweb.com /public_html/forum/images/xpsilver dot_hot_red_folder.gif
2004.10.03 13:23 B G:\Documents and Settings\bilbo\My Documents\SwitchSkate\Skate World\backup\FOLDERS\forum\images\xpsilver\dot_red_folder.gif --> host215.ipowerweb.com /public_html/forum/images/xpsilver dot_red_folder.gif
2004.10.03 13:23 B G:\Documents and Settings\bilbo\My Documents\SwitchSkate\Skate World\backup\FOLDERS\forum\images\xpsilver\edit.gif --> host215.ipowerweb.com /public_html/forum/images/xpsilver edit.gif
2004.10.03 13:23 B G:\Documents and Settings\bilbo\My Documents\SwitchSkate\Skate World\backup\FOLDERS\forum\images\xpsilver\email.gif --> host215.ipowerweb.com /public_html/forum/images/xpsilver email.gif
2004.10.03 13:23 B G:\Documents and Settings\bilbo\My Documents\SwitchSkate\Skate World\backup\FOLDERS\forum\images\xpsilver\faq.gif --> host215.ipowerweb.com /public_html/forum/images/xpsilver faq.gif
2004.10.03 13:23 B G:\Documents and Settings\bilbo\My Documents\SwitchSkate\Skate World\backup\FOLDERS\forum\images\xpsilver\find.gif --> host215.ipowerweb.com /public_html/forum/images/xpsilver find.gif
2004.10.03 13:23 B G:\Documents and Settings\bilbo\My Documents\SwitchSkate\Skate World\backup\FOLDERS\forum\images\xpsilver\folder.gif --> host215.ipowerweb.com /public_html/forum/images/xpsilver folder.gif
2004.10.03 13:23 B G:\Documents and Settings\bilbo\My Documents\SwitchSkate\Skate World\backup\FOLDERS\forum\images\xpsilver\home.gif --> host215.ipowerweb.com /public_html/forum/images/xpsilver home.gif
2004.10.03 13:23 B G:\Documents and Settings\bilbo\My Documents\SwitchSkate\Skate World\backup\FOLDERS\forum\images\xpsilver\hot_folder.gif --> host215.ipowerweb.com /public_html/forum/images/xpsilver hot_folder.gif
2004.10.03 13:23 B G:\Documents and Settings\bilbo\My Documents\SwitchSkate\Skate World\backup\FOLDERS\forum\images\xpsilver\hot_red_folder.gif --> host215.ipowerweb.com /public_html/forum/images/xpsilver hot_red_folder.gif
2004.10.03 13:23 B G:\Documents and Settings\bilbo\My Documents\SwitchSkate\Skate World\backup\FOLDERS\forum\images\xpsilver\icq_add.gif --> host215.ipowerweb.com /public_html/forum/images/xpsilver icq_add.gif
2004.10.03 13:23 B G:\Documents and Settings\bilbo\My Documents\SwitchSkate\Skate World\backup\FOLDERS\forum\images\xpsilver\inbox.gif --> host215.ipowerweb.com /public_html/forum/images/xpsilver inbox.gif
2004.10.03 13:23 B G:\Documents and Settings\bilbo\My Documents\SwitchSkate\Skate World\backup\FOLDERS\forum\images\xpsilver\index.html --> host215.ipowerweb.com /public_html/forum/images/xpsilver index.html
2004.10.03 13:23 B G:\Documents and Settings\bilbo\My Documents\SwitchSkate\Skate World\backup\FOLDERS\forum\images\xpsilver\ip.gif --> host215.ipowerweb.com /public_html/forum/images/xpsilver ip.gif
2004.10.03 13:23 B G:\Documents and Settings\bilbo\My Documents\SwitchSkate\Skate World\backup\FOLDERS\forum\images\xpsilver\ipost.gif --> host215.ipowerweb.com /public_html/forum/images/xpsilver ipost.gif
2004.10.03 13:23 B G:\Documents and Settings\bilbo\My Documents\SwitchSkate\Skate World\backup\FOLDERS\forum\images\xpsilver\lastpost.gif --> host215.ipowerweb.com /public_html/forum/images/xpsilver lastpost.gif
2004.10.03 13:23 B G:\Documents and Settings\bilbo\My Documents\SwitchSkate\Skate World\backup\FOLDERS\forum\images\xpsilver\lock_folder.gif --> host215.ipowerweb.com /public_html/forum/images/xpsilver lock_folder.gif
2004.10.03 13:23 B G:\Documents and Settings\bilbo\My Documents\SwitchSkate\Skate World\backup\FOLDERS\forum\images\xpsilver\locku2u.gif --> host215.ipowerweb.com /public_html/forum/images/xpsilver locku2u.gif
2004.10.03 13:23 B G:\Documents and Settings\bilbo\My Documents\SwitchSkate\Skate World\backup\FOLDERS\forum\images\xpsilver\members_list.gif --> host215.ipowerweb.com /public_html/forum/images/xpsilver members_list.gif
2004.10.03 13:23 B G:\Documents and Settings\bilbo\My Documents\SwitchSkate\Skate World\backup\FOLDERS\forum\images\xpsilver\msn.gif --> host215.ipowerweb.com /public_html/forum/images/xpsilver msn.gif
2004.10.03 13:23 B G:\Documents and Settings\bilbo\My Documents\SwitchSkate\Skate World\backup\FOLDERS\forum\images\xpsilver\newmessage.gif --> host215.ipowerweb.com /public_html/forum/images/xpsilver newmessage.gif
2004.10.03 13:23 B G:\Documents and Settings\bilbo\My Documents\SwitchSkate\Skate World\backup\FOLDERS\forum\images\xpsilver\newtopic.gif --> host215.ipowerweb.com /public_html/forum/images/xpsilver newtopic.gif
2004.10.03 13:23 B G:\Documents and Settings\bilbo\My Documents\SwitchSkate\Skate World\backup\FOLDERS\forum\images\xpsilver\newu2u.gif --> host215.ipowerweb.com /public_html/forum/images/xpsilver newu2u.gif
2004.10.03 13:23 B G:\Documents and Settings\bilbo\My Documents\SwitchSkate\Skate World\backup\FOLDERS\forum\images\xpsilver\online.gif --> host215.ipowerweb.com /public_html/forum/images/xpsilver online.gif
2004.10.03 13:23 B G:\Documents and Settings\bilbo\My Documents\SwitchSkate\Skate World\backup\FOLDERS\forum\images\xpsilver\openav.gif --> host215.ipowerweb.com /public_html/forum/images/xpsilver openav.gif
2004.10.03 13:23 B G:\Documents and Settings\bilbo\My Documents\SwitchSkate\Skate World\backup\FOLDERS\forum\images\xpsilver\outbox.gif --> host215.ipowerweb.com /public_html/forum/images/xpsilver outbox.gif
2004.10.03 13:23 B G:\Documents and Settings\bilbo\My Documents\SwitchSkate\Skate World\backup\FOLDERS\forum\images\xpsilver\pin.gif --> host215.ipowerweb.com /public_html/forum/images/xpsilver pin.gif
2004.10.03 13:23 B G:\Documents and Settings\bilbo\My Documents\SwitchSkate\Skate World\backup\FOLDERS\forum\images\xpsilver\pixel.gif --> host215.ipowerweb.com /public_html/forum/images/xpsilver pixel.gif
2004.10.03 13:23 B G:\Documents and Settings\bilbo\My Documents\SwitchSkate\Skate World\backup\FOLDERS\forum\images\xpsilver\poll.gif --> host215.ipowerweb.com /public_html/forum/images/xpsilver poll.gif
2004.10.03 13:23 B G:\Documents and Settings\bilbo\My Documents\SwitchSkate\Skate World\backup\FOLDERS\forum\images\xpsilver\pollbar-e.gif --> host215.ipowerweb.com /public_html/forum/images/xpsilver pollbar-e.gif
2004.10.03 13:23 B G:\Documents and Settings\bilbo\My Documents\SwitchSkate\Skate World\backup\FOLDERS\forum\images\xpsilver\pollbar-s.gif --> host215.ipowerweb.com /public_html/forum/images/xpsilver pollbar-s.gif
2004.10.03 13:23 B G:\Documents and Settings\bilbo\My Documents\SwitchSkate\Skate World\backup\FOLDERS\forum\images\xpsilver\pollbar.gif --> host215.ipowerweb.com /public_html/forum/images/xpsilver pollbar.gif
2004.10.03 13:23 B G:\Documents and Settings\bilbo\My Documents\SwitchSkate\Skate World\backup\FOLDERS\forum\images\xpsilver\pollsmall.gif --> host215.ipowerweb.com /public_html/forum/images/xpsilver pollsmall.gif
2004.10.03 13:23 B G:\Documents and Settings\bilbo\My Documents\SwitchSkate\Skate World\backup\FOLDERS\forum\images\xpsilver\profile.gif --> host215.ipowerweb.com /public_html/forum/images/xpsilver profile.gif
2004.10.03 13:23 B G:\Documents and Settings\bilbo\My Documents\SwitchSkate\Skate World\backup\FOLDERS\forum\images\xpsilver\quote.gif --> host215.ipowerweb.com /public_html/forum/images/xpsilver quote.gif
2004.10.03 13:23 B G:\Documents and Settings\bilbo\My Documents\SwitchSkate\Skate World\backup\FOLDERS\forum\images\xpsilver\red_folder.gif --> host215.ipowerweb.com /public_html/forum/images/xpsilver red_folder.gif
2004.10.03 13:23 B G:\Documents and Settings\bilbo\My Documents\SwitchSkate\Skate World\backup\FOLDERS\forum\images\xpsilver\reply.gif --> host215.ipowerweb.com /public_html/forum/images/xpsilver reply.gif
2004.10.03 13:23 B G:\Documents and Settings\bilbo\My Documents\SwitchSkate\Skate World\backup\FOLDERS\forum\images\xpsilver\report.gif --> host215.ipowerweb.com /public_html/forum/images/xpsilver report.gif
2004.10.03 13:23 B G:\Documents and Settings\bilbo\My Documents\SwitchSkate\Skate World\backup\FOLDERS\forum\images\xpsilver\resolved.gif --> host215.ipowerweb.com /public_html/forum/images/xpsilver resolved.gif
2004.10.03 13:23 B G:\Documents and Settings\bilbo\My Documents\SwitchSkate\Skate World\backup\FOLDERS\forum\images\xpsilver\search.gif --> host215.ipowerweb.com /public_html/forum/images/xpsilver search.gif
2004.10.03 13:23 B G:\Documents and Settings\bilbo\My Documents\SwitchSkate\Skate World\backup\FOLDERS\forum\images\xpsilver\send.gif --> host215.ipowerweb.com /public_html/forum/images/xpsilver send.gif
2004.10.03 13:23 B G:\Documents and Settings\bilbo\My Documents\SwitchSkate\Skate World\backup\FOLDERS\forum\images\xpsilver\silverbar.gif --> host215.ipowerweb.com /public_html/forum/images/xpsilver silverbar.gif
2004.10.03 13:23 B G:\Documents and Settings\bilbo\My Documents\SwitchSkate\Skate World\backup\FOLDERS\forum\images\xpsilver\site.gif --> host215.ipowerweb.com /public_html/forum/images/xpsilver site.gif
2004.10.03 13:23 B G:\Documents and Settings\bilbo\My Documents\SwitchSkate\Skate World\backup\FOLDERS\forum\images\xpsilver\star.gif --> host215.ipowerweb.com /public_html/forum/images/xpsilver star.gif
2004.10.03 13:23 B G:\Documents and Settings\bilbo\My Documents\SwitchSkate\Skate World\backup\FOLDERS\forum\images\xpsilver\stats.gif --> host215.ipowerweb.com /public_html/forum/images/xpsilver stats.gif
2004.10.03 13:23 B G:\Documents and Settings\bilbo\My Documents\SwitchSkate\Skate World\backup\FOLDERS\forum\images\xpsilver\Thumbs.db --> host215.ipowerweb.com /public_html/forum/images/xpsilver Thumbs.db
2004.10.03 13:23 B G:\Documents and Settings\bilbo\My Documents\SwitchSkate\Skate World\backup\FOLDERS\forum\images\xpsilver\todays_posts.gif --> host215.ipowerweb.com /public_html/forum/images/xpsilver todays_posts.gif
2004.10.03 13:23 B G:\Documents and Settings\bilbo\My Documents\SwitchSkate\Skate World\backup\FOLDERS\forum\images\xpsilver\topav.gif --> host215.ipowerweb.com /public_html/forum/images/xpsilver topav.gif
2004.10.03 13:23 B G:\Documents and Settings\bilbo\My Documents\SwitchSkate\Skate World\backup\FOLDERS\forum\images\xpsilver\u2u.gif --> host215.ipowerweb.com /public_html/forum/images/xpsilver u2u.gif
2004.10.03 13:23 B G:\Documents and Settings\bilbo\My Documents\SwitchSkate\Skate World\backup\FOLDERS\forum\images\xpsilver\unresolved.gif --> host215.ipowerweb.com /public_html/forum/images/xpsilver unresolved.gif
2005.08.29 23:08 B C:\Documents and Settings\Adam.ADAMK\My Documents\Programming\Switch Skate\Layouts\Backups\File Backups\public_html\forums\images\xpsilver\WS_FTP.LOG <-- Switch Skate /public_html/forums/images/xpsilver WS_FTP.LOG
2005.08.29 23:08 B C:\Documents and Settings\Adam.ADAMK\My Documents\Programming\Switch Skate\Layouts\Backups\File Backups\public_html\forums\images\xpsilver\xplogo.gif <-- Switch Skate /public_html/forums/images/xpsilver xplogo.gif
2005.08.29 23:08 B C:\Documents and Settings\Adam.ADAMK\My Documents\Programming\Switch Skate\Layouts\Backups\File Backups\public_html\forums\images\xpsilver\xpsilver.xmb <-- Switch Skate /public_html/forums/images/xpsilver xpsilver.xmb
2005.08.29 23:08 B C:\Documents and Settings\Adam.ADAMK\My Documents\Programming\Switch Skate\Layouts\Backups\File Backups\public_html\forums\images\xpsilver\yahoo.gif <-- Switch Skate /public_html/forums/images/xpsilver yahoo.gif
