2004.11.12 00:42 B G:\Documents and Settings\bilbo\My Documents\Switch Skate REOPENED\Forums\Original\Files\images\onepoint9\address.gif --> host215.ipowerweb.com /public_html/forums/images/onepoint9 address.gif
2004.11.12 00:42 B G:\Documents and Settings\bilbo\My Documents\Switch Skate REOPENED\Forums\Original\Files\images\onepoint9\aim.gif --> host215.ipowerweb.com /public_html/forums/images/onepoint9 aim.gif
2004.11.12 00:42 B G:\Documents and Settings\bilbo\My Documents\Switch Skate REOPENED\Forums\Original\Files\images\onepoint9\arrow_dw.gif --> host215.ipowerweb.com /public_html/forums/images/onepoint9 arrow_dw.gif
2004.11.12 00:42 B G:\Documents and Settings\bilbo\My Documents\Switch Skate REOPENED\Forums\Original\Files\images\onepoint9\arrow_up.gif --> host215.ipowerweb.com /public_html/forums/images/onepoint9 arrow_up.gif
2004.11.12 00:42 B G:\Documents and Settings\bilbo\My Documents\Switch Skate REOPENED\Forums\Original\Files\images\onepoint9\banner.gif --> host215.ipowerweb.com /public_html/forums/images/onepoint9 banner.gif
2004.11.12 00:42 B G:\Documents and Settings\bilbo\My Documents\Switch Skate REOPENED\Forums\Original\Files\images\onepoint9\banner2.gif --> host215.ipowerweb.com /public_html/forums/images/onepoint9 banner2.gif
2004.11.12 00:42 B G:\Documents and Settings\bilbo\My Documents\Switch Skate REOPENED\Forums\Original\Files\images\onepoint9\bar.gif --> host215.ipowerweb.com /public_html/forums/images/onepoint9 bar.gif
2004.11.12 00:42 B G:\Documents and Settings\bilbo\My Documents\Switch Skate REOPENED\Forums\Original\Files\images\onepoint9\bb_bold.gif --> host215.ipowerweb.com /public_html/forums/images/onepoint9 bb_bold.gif
2004.11.12 00:42 B G:\Documents and Settings\bilbo\My Documents\Switch Skate REOPENED\Forums\Original\Files\images\onepoint9\bb_center.gif --> host215.ipowerweb.com /public_html/forums/images/onepoint9 bb_center.gif
2004.11.12 00:42 B G:\Documents and Settings\bilbo\My Documents\Switch Skate REOPENED\Forums\Original\Files\images\onepoint9\bb_code.gif --> host215.ipowerweb.com /public_html/forums/images/onepoint9 bb_code.gif
2004.11.12 00:42 B G:\Documents and Settings\bilbo\My Documents\Switch Skate REOPENED\Forums\Original\Files\images\onepoint9\bb_email.gif --> host215.ipowerweb.com /public_html/forums/images/onepoint9 bb_email.gif
2004.11.12 00:42 B G:\Documents and Settings\bilbo\My Documents\Switch Skate REOPENED\Forums\Original\Files\images\onepoint9\bb_image.gif --> host215.ipowerweb.com /public_html/forums/images/onepoint9 bb_image.gif
2004.11.12 00:42 B G:\Documents and Settings\bilbo\My Documents\Switch Skate REOPENED\Forums\Original\Files\images\onepoint9\bb_italicize.gif --> host215.ipowerweb.com /public_html/forums/images/onepoint9 bb_italicize.gif
2004.11.12 00:42 B G:\Documents and Settings\bilbo\My Documents\Switch Skate REOPENED\Forums\Original\Files\images\onepoint9\bb_list.gif --> host215.ipowerweb.com /public_html/forums/images/onepoint9 bb_list.gif
2004.11.12 00:42 B G:\Documents and Settings\bilbo\My Documents\Switch Skate REOPENED\Forums\Original\Files\images\onepoint9\bb_quote.gif --> host215.ipowerweb.com /public_html/forums/images/onepoint9 bb_quote.gif
2004.11.12 00:42 B G:\Documents and Settings\bilbo\My Documents\Switch Skate REOPENED\Forums\Original\Files\images\onepoint9\bb_underline.gif --> host215.ipowerweb.com /public_html/forums/images/onepoint9 bb_underline.gif
2004.11.12 00:42 B G:\Documents and Settings\bilbo\My Documents\Switch Skate REOPENED\Forums\Original\Files\images\onepoint9\bb_url.gif --> host215.ipowerweb.com /public_html/forums/images/onepoint9 bb_url.gif
2004.11.12 00:42 B G:\Documents and Settings\bilbo\My Documents\Switch Skate REOPENED\Forums\Original\Files\images\onepoint9\bbrules.gif --> host215.ipowerweb.com /public_html/forums/images/onepoint9 bbrules.gif
2004.11.12 00:42 B G:\Documents and Settings\bilbo\My Documents\Switch Skate REOPENED\Forums\Original\Files\images\onepoint9\bg1.gif --> host215.ipowerweb.com /public_html/forums/images/onepoint9 bg1.gif
2004.11.12 00:43 B G:\Documents and Settings\bilbo\My Documents\Switch Skate REOPENED\Forums\Original\Files\images\onepoint9\bg2.gif --> host215.ipowerweb.com /public_html/forums/images/onepoint9 bg2.gif
2004.11.12 00:43 B G:\Documents and Settings\bilbo\My Documents\Switch Skate REOPENED\Forums\Original\Files\images\onepoint9\bgg.gif --> host215.ipowerweb.com /public_html/forums/images/onepoint9 bgg.gif
2004.11.12 00:43 B G:\Documents and Settings\bilbo\My Documents\Switch Skate REOPENED\Forums\Original\Files\images\onepoint9\catbg.gif --> host215.ipowerweb.com /public_html/forums/images/onepoint9 catbg.gif
2004.11.12 00:43 B G:\Documents and Settings\bilbo\My Documents\Switch Skate REOPENED\Forums\Original\Files\images\onepoint9\dot_folder.gif --> host215.ipowerweb.com /public_html/forums/images/onepoint9 dot_folder.gif
2004.11.12 00:43 B G:\Documents and Settings\bilbo\My Documents\Switch Skate REOPENED\Forums\Original\Files\images\onepoint9\dot_hot_folder.gif --> host215.ipowerweb.com /public_html/forums/images/onepoint9 dot_hot_folder.gif
2004.11.12 00:43 B G:\Documents and Settings\bilbo\My Documents\Switch Skate REOPENED\Forums\Original\Files\images\onepoint9\dot_hot_red_folder.gif --> host215.ipowerweb.com /public_html/forums/images/onepoint9 dot_hot_red_folder.gif
2004.11.12 00:43 B G:\Documents and Settings\bilbo\My Documents\Switch Skate REOPENED\Forums\Original\Files\images\onepoint9\dot_red_folder.gif --> host215.ipowerweb.com /public_html/forums/images/onepoint9 dot_red_folder.gif
2004.11.12 00:43 B G:\Documents and Settings\bilbo\My Documents\Switch Skate REOPENED\Forums\Original\Files\images\onepoint9\edit.gif --> host215.ipowerweb.com /public_html/forums/images/onepoint9 edit.gif
2004.11.12 00:43 B G:\Documents and Settings\bilbo\My Documents\Switch Skate REOPENED\Forums\Original\Files\images\onepoint9\email.gif --> host215.ipowerweb.com /public_html/forums/images/onepoint9 email.gif
2004.11.12 00:43 B G:\Documents and Settings\bilbo\My Documents\Switch Skate REOPENED\Forums\Original\Files\images\onepoint9\faq.gif --> host215.ipowerweb.com /public_html/forums/images/onepoint9 faq.gif
2004.11.12 00:43 B G:\Documents and Settings\bilbo\My Documents\Switch Skate REOPENED\Forums\Original\Files\images\onepoint9\find.gif --> host215.ipowerweb.com /public_html/forums/images/onepoint9 find.gif
2004.11.12 00:43 B G:\Documents and Settings\bilbo\My Documents\Switch Skate REOPENED\Forums\Original\Files\images\onepoint9\folder.gif --> host215.ipowerweb.com /public_html/forums/images/onepoint9 folder.gif
2004.11.12 00:43 B G:\Documents and Settings\bilbo\My Documents\Switch Skate REOPENED\Forums\Original\Files\images\onepoint9\home.gif --> host215.ipowerweb.com /public_html/forums/images/onepoint9 home.gif
2004.11.12 00:43 B G:\Documents and Settings\bilbo\My Documents\Switch Skate REOPENED\Forums\Original\Files\images\onepoint9\hot_folder.gif --> host215.ipowerweb.com /public_html/forums/images/onepoint9 hot_folder.gif
2004.11.12 00:43 B G:\Documents and Settings\bilbo\My Documents\Switch Skate REOPENED\Forums\Original\Files\images\onepoint9\hot_red_folder.gif --> host215.ipowerweb.com /public_html/forums/images/onepoint9 hot_red_folder.gif
2004.11.12 00:43 B G:\Documents and Settings\bilbo\My Documents\Switch Skate REOPENED\Forums\Original\Files\images\onepoint9\icq_add.gif --> host215.ipowerweb.com /public_html/forums/images/onepoint9 icq_add.gif
2004.11.12 00:43 B G:\Documents and Settings\bilbo\My Documents\Switch Skate REOPENED\Forums\Original\Files\images\onepoint9\inbox.gif --> host215.ipowerweb.com /public_html/forums/images/onepoint9 inbox.gif
2004.11.12 00:43 B G:\Documents and Settings\bilbo\My Documents\Switch Skate REOPENED\Forums\Original\Files\images\onepoint9\Instructions.txt --> host215.ipowerweb.com /public_html/forums/images/onepoint9 Instructions.txt
2004.11.12 00:43 B G:\Documents and Settings\bilbo\My Documents\Switch Skate REOPENED\Forums\Original\Files\images\onepoint9\ip.gif --> host215.ipowerweb.com /public_html/forums/images/onepoint9 ip.gif
2004.11.12 00:43 B G:\Documents and Settings\bilbo\My Documents\Switch Skate REOPENED\Forums\Original\Files\images\onepoint9\ipost.gif --> host215.ipowerweb.com /public_html/forums/images/onepoint9 ipost.gif
2004.11.12 00:43 B G:\Documents and Settings\bilbo\My Documents\Switch Skate REOPENED\Forums\Original\Files\images\onepoint9\lastpost.gif --> host215.ipowerweb.com /public_html/forums/images/onepoint9 lastpost.gif
2004.11.12 00:43 B G:\Documents and Settings\bilbo\My Documents\Switch Skate REOPENED\Forums\Original\Files\images\onepoint9\lock_folder.gif --> host215.ipowerweb.com /public_html/forums/images/onepoint9 lock_folder.gif
2004.11.12 00:43 B G:\Documents and Settings\bilbo\My Documents\Switch Skate REOPENED\Forums\Original\Files\images\onepoint9\locku2u.gif --> host215.ipowerweb.com /public_html/forums/images/onepoint9 locku2u.gif
2004.11.12 00:43 B G:\Documents and Settings\bilbo\My Documents\Switch Skate REOPENED\Forums\Original\Files\images\onepoint9\members_list.gif --> host215.ipowerweb.com /public_html/forums/images/onepoint9 members_list.gif
2004.11.12 00:43 B G:\Documents and Settings\bilbo\My Documents\Switch Skate REOPENED\Forums\Original\Files\images\onepoint9\msn.gif --> host215.ipowerweb.com /public_html/forums/images/onepoint9 msn.gif
2004.11.12 00:43 B G:\Documents and Settings\bilbo\My Documents\Switch Skate REOPENED\Forums\Original\Files\images\onepoint9\newmessage.gif --> host215.ipowerweb.com /public_html/forums/images/onepoint9 newmessage.gif
2004.11.12 00:43 B G:\Documents and Settings\bilbo\My Documents\Switch Skate REOPENED\Forums\Original\Files\images\onepoint9\newtopic.gif --> host215.ipowerweb.com /public_html/forums/images/onepoint9 newtopic.gif
2004.11.12 00:43 B G:\Documents and Settings\bilbo\My Documents\Switch Skate REOPENED\Forums\Original\Files\images\onepoint9\newu2u.gif --> host215.ipowerweb.com /public_html/forums/images/onepoint9 newu2u.gif
2004.11.12 00:43 B G:\Documents and Settings\bilbo\My Documents\Switch Skate REOPENED\Forums\Original\Files\images\onepoint9\onepoint9.xmb --> host215.ipowerweb.com /public_html/forums/images/onepoint9 onepoint9.xmb
2004.11.12 00:43 B G:\Documents and Settings\bilbo\My Documents\Switch Skate REOPENED\Forums\Original\Files\images\onepoint9\online.gif --> host215.ipowerweb.com /public_html/forums/images/onepoint9 online.gif
2004.11.12 00:43 B G:\Documents and Settings\bilbo\My Documents\Switch Skate REOPENED\Forums\Original\Files\images\onepoint9\outbox.gif --> host215.ipowerweb.com /public_html/forums/images/onepoint9 outbox.gif
2004.11.12 00:43 B G:\Documents and Settings\bilbo\My Documents\Switch Skate REOPENED\Forums\Original\Files\images\onepoint9\pin.gif --> host215.ipowerweb.com /public_html/forums/images/onepoint9 pin.gif
2004.11.12 00:43 B G:\Documents and Settings\bilbo\My Documents\Switch Skate REOPENED\Forums\Original\Files\images\onepoint9\pixel.gif --> host215.ipowerweb.com /public_html/forums/images/onepoint9 pixel.gif
2004.11.12 00:43 B G:\Documents and Settings\bilbo\My Documents\Switch Skate REOPENED\Forums\Original\Files\images\onepoint9\poll.gif --> host215.ipowerweb.com /public_html/forums/images/onepoint9 poll.gif
2004.11.12 00:43 B G:\Documents and Settings\bilbo\My Documents\Switch Skate REOPENED\Forums\Original\Files\images\onepoint9\pollbar-e.gif --> host215.ipowerweb.com /public_html/forums/images/onepoint9 pollbar-e.gif
2004.11.12 00:43 B G:\Documents and Settings\bilbo\My Documents\Switch Skate REOPENED\Forums\Original\Files\images\onepoint9\pollbar-s.gif --> host215.ipowerweb.com /public_html/forums/images/onepoint9 pollbar-s.gif
2004.11.12 00:43 B G:\Documents and Settings\bilbo\My Documents\Switch Skate REOPENED\Forums\Original\Files\images\onepoint9\pollbar.gif --> host215.ipowerweb.com /public_html/forums/images/onepoint9 pollbar.gif
2004.11.12 00:43 B G:\Documents and Settings\bilbo\My Documents\Switch Skate REOPENED\Forums\Original\Files\images\onepoint9\pollsmall.gif --> host215.ipowerweb.com /public_html/forums/images/onepoint9 pollsmall.gif
2004.11.12 00:43 B G:\Documents and Settings\bilbo\My Documents\Switch Skate REOPENED\Forums\Original\Files\images\onepoint9\profile.gif --> host215.ipowerweb.com /public_html/forums/images/onepoint9 profile.gif
2004.11.12 00:43 B G:\Documents and Settings\bilbo\My Documents\Switch Skate REOPENED\Forums\Original\Files\images\onepoint9\quote.gif --> host215.ipowerweb.com /public_html/forums/images/onepoint9 quote.gif
2004.11.12 00:43 B G:\Documents and Settings\bilbo\My Documents\Switch Skate REOPENED\Forums\Original\Files\images\onepoint9\red_folder.gif --> host215.ipowerweb.com /public_html/forums/images/onepoint9 red_folder.gif
2004.11.12 00:43 B G:\Documents and Settings\bilbo\My Documents\Switch Skate REOPENED\Forums\Original\Files\images\onepoint9\red_hot_folder.gif --> host215.ipowerweb.com /public_html/forums/images/onepoint9 red_hot_folder.gif
2004.11.12 00:43 B G:\Documents and Settings\bilbo\My Documents\Switch Skate REOPENED\Forums\Original\Files\images\onepoint9\reply.gif --> host215.ipowerweb.com /public_html/forums/images/onepoint9 reply.gif
2004.11.12 00:43 B G:\Documents and Settings\bilbo\My Documents\Switch Skate REOPENED\Forums\Original\Files\images\onepoint9\report.gif --> host215.ipowerweb.com /public_html/forums/images/onepoint9 report.gif
2004.11.12 00:43 B G:\Documents and Settings\bilbo\My Documents\Switch Skate REOPENED\Forums\Original\Files\images\onepoint9\search.gif --> host215.ipowerweb.com /public_html/forums/images/onepoint9 search.gif
2004.11.12 00:43 B G:\Documents and Settings\bilbo\My Documents\Switch Skate REOPENED\Forums\Original\Files\images\onepoint9\site.gif --> host215.ipowerweb.com /public_html/forums/images/onepoint9 site.gif
2004.11.12 00:43 B G:\Documents and Settings\bilbo\My Documents\Switch Skate REOPENED\Forums\Original\Files\images\onepoint9\star.gif --> host215.ipowerweb.com /public_html/forums/images/onepoint9 star.gif
2004.11.12 00:43 B G:\Documents and Settings\bilbo\My Documents\Switch Skate REOPENED\Forums\Original\Files\images\onepoint9\stats.gif --> host215.ipowerweb.com /public_html/forums/images/onepoint9 stats.gif
2004.11.12 00:43 B G:\Documents and Settings\bilbo\My Documents\Switch Skate REOPENED\Forums\Original\Files\images\onepoint9\todays_posts.gif --> host215.ipowerweb.com /public_html/forums/images/onepoint9 todays_posts.gif
2004.11.12 00:43 B G:\Documents and Settings\bilbo\My Documents\Switch Skate REOPENED\Forums\Original\Files\images\onepoint9\u2u.gif --> host215.ipowerweb.com /public_html/forums/images/onepoint9 u2u.gif
2004.11.12 00:43 B G:\Documents and Settings\bilbo\My Documents\Switch Skate REOPENED\Forums\Original\Files\images\onepoint9\yahoo.gif --> host215.ipowerweb.com /public_html/forums/images/onepoint9 yahoo.gif
