2005.08.30 01:02 B C:\Documents and Settings\Adam.ADAMK\My Documents\Programming\Switch Skate\Layouts\Backups\File Backups\public_html\risk\admin.php <-- Switch Skate /public_html/risk admin.php
2005.08.30 01:02 B C:\Documents and Settings\Adam.ADAMK\My Documents\Programming\Switch Skate\Layouts\Backups\File Backups\public_html\risk\attack.php <-- Switch Skate /public_html/risk attack.php
2005.08.30 01:02 B C:\Documents and Settings\Adam.ADAMK\My Documents\Programming\Switch Skate\Layouts\Backups\File Backups\public_html\risk\attacktunnel.php <-- Switch Skate /public_html/risk attacktunnel.php
2005.08.30 01:02 B C:\Documents and Settings\Adam.ADAMK\My Documents\Programming\Switch Skate\Layouts\Backups\File Backups\public_html\risk\blank.html <-- Switch Skate /public_html/risk blank.html
2005.08.30 01:02 B C:\Documents and Settings\Adam.ADAMK\My Documents\Programming\Switch Skate\Layouts\Backups\File Backups\public_html\risk\buzzoff.php <-- Switch Skate /public_html/risk buzzoff.php
2005.08.30 01:02 B C:\Documents and Settings\Adam.ADAMK\My Documents\Programming\Switch Skate\Layouts\Backups\File Backups\public_html\risk\calcs.inc.php <-- Switch Skate /public_html/risk calcs.inc.php
2005.08.30 01:02 B C:\Documents and Settings\Adam.ADAMK\My Documents\Programming\Switch Skate\Layouts\Backups\File Backups\public_html\risk\cardtunnel.php <-- Switch Skate /public_html/risk cardtunnel.php
2005.08.30 01:02 B C:\Documents and Settings\Adam.ADAMK\My Documents\Programming\Switch Skate\Layouts\Backups\File Backups\public_html\risk\changepw.php <-- Switch Skate /public_html/risk changepw.php
2005.08.30 01:02 B C:\Documents and Settings\Adam.ADAMK\My Documents\Programming\Switch Skate\Layouts\Backups\File Backups\public_html\risk\config.inc.php <-- Switch Skate /public_html/risk config.inc.php
2005.08.30 01:02 B C:\Documents and Settings\Adam.ADAMK\My Documents\Programming\Switch Skate\Layouts\Backups\File Backups\public_html\risk\deploy.php <-- Switch Skate /public_html/risk deploy.php
2005.08.30 01:02 B C:\Documents and Settings\Adam.ADAMK\My Documents\Programming\Switch Skate\Layouts\Backups\File Backups\public_html\risk\deploytunnel.php <-- Switch Skate /public_html/risk deploytunnel.php
2005.08.30 01:03 B C:\Documents and Settings\Adam.ADAMK\My Documents\Programming\Switch Skate\Layouts\Backups\File Backups\public_html\risk\dialog.php <-- Switch Skate /public_html/risk dialog.php
2005.08.30 01:03 B C:\Documents and Settings\Adam.ADAMK\My Documents\Programming\Switch Skate\Layouts\Backups\File Backups\public_html\risk\dialogtunnel.php <-- Switch Skate /public_html/risk dialogtunnel.php
2005.08.30 01:03 B C:\Documents and Settings\Adam.ADAMK\My Documents\Programming\Switch Skate\Layouts\Backups\File Backups\public_html\risk\fortify.php <-- Switch Skate /public_html/risk fortify.php
2005.08.30 01:03 B C:\Documents and Settings\Adam.ADAMK\My Documents\Programming\Switch Skate\Layouts\Backups\File Backups\public_html\risk\fortifytunnel.php <-- Switch Skate /public_html/risk fortifytunnel.php
2005.08.30 01:03 B C:\Documents and Settings\Adam.ADAMK\My Documents\Programming\Switch Skate\Layouts\Backups\File Backups\public_html\risk\index.php <-- Switch Skate /public_html/risk index.php
2005.08.30 01:03 B C:\Documents and Settings\Adam.ADAMK\My Documents\Programming\Switch Skate\Layouts\Backups\File Backups\public_html\risk\join.php <-- Switch Skate /public_html/risk join.php
2005.08.30 01:03 B C:\Documents and Settings\Adam.ADAMK\My Documents\Programming\Switch Skate\Layouts\Backups\File Backups\public_html\risk\launchspectate.php <-- Switch Skate /public_html/risk launchspectate.php
2005.08.30 01:03 B C:\Documents and Settings\Adam.ADAMK\My Documents\Programming\Switch Skate\Layouts\Backups\File Backups\public_html\risk\lobby.php <-- Switch Skate /public_html/risk lobby.php
2005.08.30 01:03 B C:\Documents and Settings\Adam.ADAMK\My Documents\Programming\Switch Skate\Layouts\Backups\File Backups\public_html\risk\log.php <-- Switch Skate /public_html/risk log.php
2005.08.30 01:03 B C:\Documents and Settings\Adam.ADAMK\My Documents\Programming\Switch Skate\Layouts\Backups\File Backups\public_html\risk\login.php <-- Switch Skate /public_html/risk login.php
2005.08.30 01:03 B C:\Documents and Settings\Adam.ADAMK\My Documents\Programming\Switch Skate\Layouts\Backups\File Backups\public_html\risk\logout.php <-- Switch Skate /public_html/risk logout.php
2005.08.30 01:03 B C:\Documents and Settings\Adam.ADAMK\My Documents\Programming\Switch Skate\Layouts\Backups\File Backups\public_html\risk\map.jpg <-- Switch Skate /public_html/risk map.jpg
2005.08.30 01:03 B C:\Documents and Settings\Adam.ADAMK\My Documents\Programming\Switch Skate\Layouts\Backups\File Backups\public_html\risk\mapoverlay.php <-- Switch Skate /public_html/risk mapoverlay.php
2005.08.30 01:03 B C:\Documents and Settings\Adam.ADAMK\My Documents\Programming\Switch Skate\Layouts\Backups\File Backups\public_html\risk\newturn.php <-- Switch Skate /public_html/risk newturn.php
2005.08.30 01:03 B C:\Documents and Settings\Adam.ADAMK\My Documents\Programming\Switch Skate\Layouts\Backups\File Backups\public_html\risk\players.php <-- Switch Skate /public_html/risk players.php
2005.08.30 01:03 B C:\Documents and Settings\Adam.ADAMK\My Documents\Programming\Switch Skate\Layouts\Backups\File Backups\public_html\risk\ptunnel.php <-- Switch Skate /public_html/risk ptunnel.php
2005.08.30 01:03 B C:\Documents and Settings\Adam.ADAMK\My Documents\Programming\Switch Skate\Layouts\Backups\File Backups\public_html\risk\pwtunnel.php <-- Switch Skate /public_html/risk pwtunnel.php
2005.08.30 01:03 B C:\Documents and Settings\Adam.ADAMK\My Documents\Programming\Switch Skate\Layouts\Backups\File Backups\public_html\risk\quit.php <-- Switch Skate /public_html/risk quit.php
2005.08.30 01:03 B C:\Documents and Settings\Adam.ADAMK\My Documents\Programming\Switch Skate\Layouts\Backups\File Backups\public_html\risk\readlogs.php <-- Switch Skate /public_html/risk readlogs.php
2005.08.30 01:03 B C:\Documents and Settings\Adam.ADAMK\My Documents\Programming\Switch Skate\Layouts\Backups\File Backups\public_html\risk\register.php <-- Switch Skate /public_html/risk register.php
2005.08.30 01:03 B C:\Documents and Settings\Adam.ADAMK\My Documents\Programming\Switch Skate\Layouts\Backups\File Backups\public_html\risk\registertunnel.php <-- Switch Skate /public_html/risk registertunnel.php
2005.08.30 01:03 B C:\Documents and Settings\Adam.ADAMK\My Documents\Programming\Switch Skate\Layouts\Backups\File Backups\public_html\risk\resetpw.php <-- Switch Skate /public_html/risk resetpw.php
2005.08.30 01:03 B C:\Documents and Settings\Adam.ADAMK\My Documents\Programming\Switch Skate\Layouts\Backups\File Backups\public_html\risk\resettunnel.php <-- Switch Skate /public_html/risk resettunnel.php
2005.08.30 01:03 B C:\Documents and Settings\Adam.ADAMK\My Documents\Programming\Switch Skate\Layouts\Backups\File Backups\public_html\risk\risk.php <-- Switch Skate /public_html/risk risk.php
2005.08.30 01:03 B C:\Documents and Settings\Adam.ADAMK\My Documents\Programming\Switch Skate\Layouts\Backups\File Backups\public_html\risk\risk_start.php <-- Switch Skate /public_html/risk risk_start.php
2005.08.30 01:03 B C:\Documents and Settings\Adam.ADAMK\My Documents\Programming\Switch Skate\Layouts\Backups\File Backups\public_html\risk\spectate.php <-- Switch Skate /public_html/risk spectate.php
2005.08.30 01:03 B C:\Documents and Settings\Adam.ADAMK\My Documents\Programming\Switch Skate\Layouts\Backups\File Backups\public_html\risk\spectatetunnel.php <-- Switch Skate /public_html/risk spectatetunnel.php
2005.08.30 01:03 B C:\Documents and Settings\Adam.ADAMK\My Documents\Programming\Switch Skate\Layouts\Backups\File Backups\public_html\risk\stats.php <-- Switch Skate /public_html/risk stats.php
2005.08.30 01:03 B C:\Documents and Settings\Adam.ADAMK\My Documents\Programming\Switch Skate\Layouts\Backups\File Backups\public_html\risk\statustunnel.php <-- Switch Skate /public_html/risk statustunnel.php
2005.08.30 01:03 B C:\Documents and Settings\Adam.ADAMK\My Documents\Programming\Switch Skate\Layouts\Backups\File Backups\public_html\risk\tabs.php <-- Switch Skate /public_html/risk tabs.php
2005.08.30 01:03 B C:\Documents and Settings\Adam.ADAMK\My Documents\Programming\Switch Skate\Layouts\Backups\File Backups\public_html\risk\tabsource.php <-- Switch Skate /public_html/risk tabsource.php
2005.08.30 01:03 B C:\Documents and Settings\Adam.ADAMK\My Documents\Programming\Switch Skate\Layouts\Backups\File Backups\public_html\risk\takeover.php <-- Switch Skate /public_html/risk takeover.php
2005.08.30 01:03 B C:\Documents and Settings\Adam.ADAMK\My Documents\Programming\Switch Skate\Layouts\Backups\File Backups\public_html\risk\takeovertunnel.php <-- Switch Skate /public_html/risk takeovertunnel.php
2005.08.30 01:03 B C:\Documents and Settings\Adam.ADAMK\My Documents\Programming\Switch Skate\Layouts\Backups\File Backups\public_html\risk\win.php <-- Switch Skate /public_html/risk win.php
