2005.08.29 22:49 B °ðB\icon_arrow.gif <-- Switch Skate /public_html/forums/images/halo/smilies/2 icon_arrow.gif
2005.08.29 22:49 B °ðB\icon_arrowd.gif <-- Switch Skate /public_html/forums/images/halo/smilies/2 icon_arrowd.gif
2005.08.29 22:49 B °ðB\icon_arrowl.gif <-- Switch Skate /public_html/forums/images/halo/smilies/2 icon_arrowl.gif
2005.08.29 22:49 B °ðB\icon_arrowu.gif <-- Switch Skate /public_html/forums/images/halo/smilies/2 icon_arrowu.gif
2005.08.29 22:49 B °ðB\icon_biggrin.gif <-- Switch Skate /public_html/forums/images/halo/smilies/2 icon_biggrin.gif
2005.08.29 22:49 B °ðB\icon_cheesygrin.gif <-- Switch Skate /public_html/forums/images/halo/smilies/2 icon_cheesygrin.gif
2005.08.29 22:49 B °ðB\icon_confused.gif <-- Switch Skate /public_html/forums/images/halo/smilies/2 icon_confused.gif
2005.08.29 22:49 B °ðB\icon_cool.gif <-- Switch Skate /public_html/forums/images/halo/smilies/2 icon_cool.gif
2005.08.29 22:49 B °ðB\icon_cry.gif <-- Switch Skate /public_html/forums/images/halo/smilies/2 icon_cry.gif
2005.08.29 22:49 B °ðB\icon_eek.gif <-- Switch Skate /public_html/forums/images/halo/smilies/2 icon_eek.gif
2005.08.29 22:49 B °ðB\icon_evil.gif <-- Switch Skate /public_html/forums/images/halo/smilies/2 icon_evil.gif
2005.08.29 22:50 B °ðB\icon_exclaim.gif <-- Switch Skate /public_html/forums/images/halo/smilies/2 icon_exclaim.gif
2005.08.29 22:50 B °ðB\icon_frown.gif <-- Switch Skate /public_html/forums/images/halo/smilies/2 icon_frown.gif
2005.08.29 22:50 B °ðB\icon_idea.gif <-- Switch Skate /public_html/forums/images/halo/smilies/2 icon_idea.gif
2005.08.29 22:50 B °ðB\icon_lol.gif <-- Switch Skate /public_html/forums/images/halo/smilies/2 icon_lol.gif
2005.08.29 22:50 B °ðB\icon_mad.gif <-- Switch Skate /public_html/forums/images/halo/smilies/2 icon_mad.gif
2005.08.29 22:50 B °ðB\icon_mrgreen.gif <-- Switch Skate /public_html/forums/images/halo/smilies/2 icon_mrgreen.gif
2005.08.29 22:50 B °ðB\icon_neutral.gif <-- Switch Skate /public_html/forums/images/halo/smilies/2 icon_neutral.gif
2005.08.29 22:50 B °ðB\icon_question.gif <-- Switch Skate /public_html/forums/images/halo/smilies/2 icon_question.gif
2005.08.29 22:50 B °ðB\icon_razz.gif <-- Switch Skate /public_html/forums/images/halo/smilies/2 icon_razz.gif
2005.08.29 22:50 B °ðB\icon_redface.gif <-- Switch Skate /public_html/forums/images/halo/smilies/2 icon_redface.gif
2005.08.29 22:50 B °ðB\icon_rolleyes.gif <-- Switch Skate /public_html/forums/images/halo/smilies/2 icon_rolleyes.gif
2005.08.29 22:50 B °ðB\icon_sad.gif <-- Switch Skate /public_html/forums/images/halo/smilies/2 icon_sad.gif
2005.08.29 22:50 B °ðB\icon_smile.gif <-- Switch Skate /public_html/forums/images/halo/smilies/2 icon_smile.gif
2005.08.29 22:50 B °ðB\icon_surprised.gif <-- Switch Skate /public_html/forums/images/halo/smilies/2 icon_surprised.gif
2005.08.29 22:50 B °ðB\icon_wink.gif <-- Switch Skate /public_html/forums/images/halo/smilies/2 icon_wink.gif
2005.08.29 22:50 B °ðB\twisted.gif <-- Switch Skate /public_html/forums/images/halo/smilies/2 twisted.gif
