2005.08.29 22:44 B °ğB\address.gif <-- Switch Skate /public_html/forums/images/GraphicMinded/gm address.gif
2005.08.29 22:44 B °ğB\aim.gif <-- Switch Skate /public_html/forums/images/GraphicMinded/gm aim.gif
2005.08.29 22:44 B °ğB\arrow_dw.gif <-- Switch Skate /public_html/forums/images/GraphicMinded/gm arrow_dw.gif
2005.08.29 22:44 B °ğB\arrow_up.gif <-- Switch Skate /public_html/forums/images/GraphicMinded/gm arrow_up.gif
2005.08.29 22:44 B °ğB\b.gif <-- Switch Skate /public_html/forums/images/GraphicMinded/gm b.gif
2005.08.29 22:44 B °ğB\bb_bold.gif <-- Switch Skate /public_html/forums/images/GraphicMinded/gm bb_bold.gif
2005.08.29 22:44 B °ğB\bb_center.gif <-- Switch Skate /public_html/forums/images/GraphicMinded/gm bb_center.gif
2005.08.29 22:44 B °ğB\bb_code.gif <-- Switch Skate /public_html/forums/images/GraphicMinded/gm bb_code.gif
2005.08.29 22:44 B °ğB\bb_email.gif <-- Switch Skate /public_html/forums/images/GraphicMinded/gm bb_email.gif
2005.08.29 22:44 B °ğB\bb_hide.gif <-- Switch Skate /public_html/forums/images/GraphicMinded/gm bb_hide.gif
2005.08.29 22:44 B °ğB\bb_image.gif <-- Switch Skate /public_html/forums/images/GraphicMinded/gm bb_image.gif
2005.08.29 22:44 B °ğB\bb_italicize.gif <-- Switch Skate /public_html/forums/images/GraphicMinded/gm bb_italicize.gif
2005.08.29 22:44 B °ğB\bb_list.gif <-- Switch Skate /public_html/forums/images/GraphicMinded/gm bb_list.gif
2005.08.29 22:44 B °ğB\bb_quote.gif <-- Switch Skate /public_html/forums/images/GraphicMinded/gm bb_quote.gif
2005.08.29 22:44 B °ğB\bb_underline.gif <-- Switch Skate /public_html/forums/images/GraphicMinded/gm bb_underline.gif
2005.08.29 22:44 B °ğB\bb_url.gif <-- Switch Skate /public_html/forums/images/GraphicMinded/gm bb_url.gif
2005.08.29 22:44 B °ğB\bbrules.gif <-- Switch Skate /public_html/forums/images/GraphicMinded/gm bbrules.gif
2005.08.29 22:44 B °ğB\cat.gif <-- Switch Skate /public_html/forums/images/GraphicMinded/gm cat.gif
2005.08.29 22:44 B °ğB\dot_folder.gif <-- Switch Skate /public_html/forums/images/GraphicMinded/gm dot_folder.gif
2005.08.29 22:44 B °ğB\dot_hot_folder.gif <-- Switch Skate /public_html/forums/images/GraphicMinded/gm dot_hot_folder.gif
2005.08.29 22:44 B °ğB\dot_hot_red_folder.gif <-- Switch Skate /public_html/forums/images/GraphicMinded/gm dot_hot_red_folder.gif
2005.08.29 22:45 B °ğB\dot_red_folder.gif <-- Switch Skate /public_html/forums/images/GraphicMinded/gm dot_red_folder.gif
2005.08.29 22:45 B °ğB\edit.gif <-- Switch Skate /public_html/forums/images/GraphicMinded/gm edit.gif
2005.08.29 22:45 B °ğB\email.gif <-- Switch Skate /public_html/forums/images/GraphicMinded/gm email.gif
2005.08.29 22:45 B °ğB\faq.gif <-- Switch Skate /public_html/forums/images/GraphicMinded/gm faq.gif
2005.08.29 22:45 B °ğB\find.gif <-- Switch Skate /public_html/forums/images/GraphicMinded/gm find.gif
2005.08.29 22:45 B °ğB\folder.gif <-- Switch Skate /public_html/forums/images/GraphicMinded/gm folder.gif
2005.08.29 22:45 B °ğB\g.gif <-- Switch Skate /public_html/forums/images/GraphicMinded/gm g.gif
2005.08.29 22:45 B °ğB\head.gif <-- Switch Skate /public_html/forums/images/GraphicMinded/gm head.gif
2005.08.29 22:45 B °ğB\home.gif <-- Switch Skate /public_html/forums/images/GraphicMinded/gm home.gif
2005.08.29 22:45 B °ğB\hot_folder.gif <-- Switch Skate /public_html/forums/images/GraphicMinded/gm hot_folder.gif
2005.08.29 22:45 B °ğB\hot_red_folder.gif <-- Switch Skate /public_html/forums/images/GraphicMinded/gm hot_red_folder.gif
2005.08.29 22:45 B °ğB\icq_add.gif <-- Switch Skate /public_html/forums/images/GraphicMinded/gm icq_add.gif
2005.08.29 22:45 B °ğB\inbox.gif <-- Switch Skate /public_html/forums/images/GraphicMinded/gm inbox.gif
2005.08.29 22:45 B °ğB\index.html <-- Switch Skate /public_html/forums/images/GraphicMinded/gm index.html
2005.08.29 22:45 B °ğB\ip.gif <-- Switch Skate /public_html/forums/images/GraphicMinded/gm ip.gif
2005.08.29 22:45 B °ğB\ipost.gif <-- Switch Skate /public_html/forums/images/GraphicMinded/gm ipost.gif
2005.08.29 22:45 B °ğB\lastpost.gif <-- Switch Skate /public_html/forums/images/GraphicMinded/gm lastpost.gif
2005.08.29 22:45 B °ğB\lock_folder.gif <-- Switch Skate /public_html/forums/images/GraphicMinded/gm lock_folder.gif
2005.08.29 22:45 B °ğB\locku2u.gif <-- Switch Skate /public_html/forums/images/GraphicMinded/gm locku2u.gif
2005.08.29 22:45 B °ğB\logo.gif <-- Switch Skate /public_html/forums/images/GraphicMinded/gm logo.gif
2005.08.29 22:45 B °ğB\members_list.gif <-- Switch Skate /public_html/forums/images/GraphicMinded/gm members_list.gif
2005.08.29 22:45 B °ğB\msn.gif <-- Switch Skate /public_html/forums/images/GraphicMinded/gm msn.gif
2005.08.29 22:45 B °ğB\newtopic.gif <-- Switch Skate /public_html/forums/images/GraphicMinded/gm newtopic.gif
2005.08.29 22:45 B °ğB\newu2u.gif <-- Switch Skate /public_html/forums/images/GraphicMinded/gm newu2u.gif
2005.08.29 22:45 B °ğB\online.gif <-- Switch Skate /public_html/forums/images/GraphicMinded/gm online.gif
2005.08.29 22:45 B °ğB\online2.gif <-- Switch Skate /public_html/forums/images/GraphicMinded/gm online2.gif
2005.08.29 22:45 B °ğB\online_guest.gif <-- Switch Skate /public_html/forums/images/GraphicMinded/gm online_guest.gif
2005.08.29 22:45 B °ğB\outbox.gif <-- Switch Skate /public_html/forums/images/GraphicMinded/gm outbox.gif
2005.08.29 22:45 B °ğB\pin.gif <-- Switch Skate /public_html/forums/images/GraphicMinded/gm pin.gif
2005.08.29 22:45 B °ğB\pixel.gif <-- Switch Skate /public_html/forums/images/GraphicMinded/gm pixel.gif
2005.08.29 22:45 B °ğB\poll.gif <-- Switch Skate /public_html/forums/images/GraphicMinded/gm poll.gif
2005.08.29 22:45 B °ğB\pollbar-e.gif <-- Switch Skate /public_html/forums/images/GraphicMinded/gm pollbar-e.gif
2005.08.29 22:45 B °ğB\pollbar-s.gif <-- Switch Skate /public_html/forums/images/GraphicMinded/gm pollbar-s.gif
2005.08.29 22:45 B °ğB\pollbar.gif <-- Switch Skate /public_html/forums/images/GraphicMinded/gm pollbar.gif
2005.08.29 22:45 B °ğB\pollsmall.gif <-- Switch Skate /public_html/forums/images/GraphicMinded/gm pollsmall.gif
2005.08.29 22:45 B °ğB\profile.gif <-- Switch Skate /public_html/forums/images/GraphicMinded/gm profile.gif
2005.08.29 22:45 B °ğB\quote.gif <-- Switch Skate /public_html/forums/images/GraphicMinded/gm quote.gif
2005.08.29 22:45 B °ğB\red_folder.gif <-- Switch Skate /public_html/forums/images/GraphicMinded/gm red_folder.gif
2005.08.29 22:45 B °ğB\reply.gif <-- Switch Skate /public_html/forums/images/GraphicMinded/gm reply.gif
2005.08.29 22:45 B °ğB\report.gif <-- Switch Skate /public_html/forums/images/GraphicMinded/gm report.gif
2005.08.29 22:45 B °ğB\search.gif <-- Switch Skate /public_html/forums/images/GraphicMinded/gm search.gif
2005.08.29 22:45 B °ğB\site.gif <-- Switch Skate /public_html/forums/images/GraphicMinded/gm site.gif
2005.08.29 22:45 B °ğB\space2.gif <-- Switch Skate /public_html/forums/images/GraphicMinded/gm space2.gif
2005.08.29 22:45 B °ğB\star.gif <-- Switch Skate /public_html/forums/images/GraphicMinded/gm star.gif
2005.08.29 22:45 B °ğB\stats.gif <-- Switch Skate /public_html/forums/images/GraphicMinded/gm stats.gif
2005.08.29 22:45 B °ğB\Thumbs.db <-- Switch Skate /public_html/forums/images/GraphicMinded/gm Thumbs.db
2005.08.29 22:45 B °ğB\todays_posts.gif <-- Switch Skate /public_html/forums/images/GraphicMinded/gm todays_posts.gif
2005.08.29 22:45 B °ğB\u2u.gif <-- Switch Skate /public_html/forums/images/GraphicMinded/gm u2u.gif
2005.08.29 22:45 B °ğB\yahoo.gif <-- Switch Skate /public_html/forums/images/GraphicMinded/gm yahoo.gif
