2004.08.26 15:40 B E:\Documents and Settings\Adam Knox\Desktop\SKATE WORLD UNCLEAN\public_html\images\avatars\Animals\1081.jpg <-- Skate world /public_html/images/avatars/Animals 1081.jpg
2004.08.26 15:40 B E:\Documents and Settings\Adam Knox\Desktop\SKATE WORLD UNCLEAN\public_html\images\avatars\Animals\11242.jpg <-- Skate world /public_html/images/avatars/Animals 11242.jpg
2004.08.26 15:40 B E:\Documents and Settings\Adam Knox\Desktop\SKATE WORLD UNCLEAN\public_html\images\avatars\Animals\11293.jpg <-- Skate world /public_html/images/avatars/Animals 11293.jpg
2004.08.26 15:40 B E:\Documents and Settings\Adam Knox\Desktop\SKATE WORLD UNCLEAN\public_html\images\avatars\Animals\12646.gif <-- Skate world /public_html/images/avatars/Animals 12646.gif
2004.08.26 15:40 B E:\Documents and Settings\Adam Knox\Desktop\SKATE WORLD UNCLEAN\public_html\images\avatars\Animals\12648.gif <-- Skate world /public_html/images/avatars/Animals 12648.gif
2004.08.26 15:40 B E:\Documents and Settings\Adam Knox\Desktop\SKATE WORLD UNCLEAN\public_html\images\avatars\Animals\3253.gif <-- Skate world /public_html/images/avatars/Animals 3253.gif
2004.08.26 15:40 B E:\Documents and Settings\Adam Knox\Desktop\SKATE WORLD UNCLEAN\public_html\images\avatars\Animals\3478.gif <-- Skate world /public_html/images/avatars/Animals 3478.gif
2004.08.26 15:40 B E:\Documents and Settings\Adam Knox\Desktop\SKATE WORLD UNCLEAN\public_html\images\avatars\Animals\3854.jpg <-- Skate world /public_html/images/avatars/Animals 3854.jpg
2004.08.26 15:40 B E:\Documents and Settings\Adam Knox\Desktop\SKATE WORLD UNCLEAN\public_html\images\avatars\Animals\4216.gif <-- Skate world /public_html/images/avatars/Animals 4216.gif
2004.08.26 15:40 B E:\Documents and Settings\Adam Knox\Desktop\SKATE WORLD UNCLEAN\public_html\images\avatars\Animals\5191.jpg <-- Skate world /public_html/images/avatars/Animals 5191.jpg
2004.08.26 15:40 B E:\Documents and Settings\Adam Knox\Desktop\SKATE WORLD UNCLEAN\public_html\images\avatars\Animals\6414.jpg <-- Skate world /public_html/images/avatars/Animals 6414.jpg
2004.08.26 15:40 B E:\Documents and Settings\Adam Knox\Desktop\SKATE WORLD UNCLEAN\public_html\images\avatars\Animals\7327.jpg <-- Skate world /public_html/images/avatars/Animals 7327.jpg
2004.08.26 15:40 B E:\Documents and Settings\Adam Knox\Desktop\SKATE WORLD UNCLEAN\public_html\images\avatars\Animals\7529.jpg <-- Skate world /public_html/images/avatars/Animals 7529.jpg
2004.08.26 15:40 B E:\Documents and Settings\Adam Knox\Desktop\SKATE WORLD UNCLEAN\public_html\images\avatars\Animals\7865.jpg <-- Skate world /public_html/images/avatars/Animals 7865.jpg
2004.08.26 15:40 B E:\Documents and Settings\Adam Knox\Desktop\SKATE WORLD UNCLEAN\public_html\images\avatars\Animals\798.gif <-- Skate world /public_html/images/avatars/Animals 798.gif
2004.08.26 15:40 B E:\Documents and Settings\Adam Knox\Desktop\SKATE WORLD UNCLEAN\public_html\images\avatars\Animals\799.jpg <-- Skate world /public_html/images/avatars/Animals 799.jpg
2004.08.26 15:40 B E:\Documents and Settings\Adam Knox\Desktop\SKATE WORLD UNCLEAN\public_html\images\avatars\Animals\8699.jpg <-- Skate world /public_html/images/avatars/Animals 8699.jpg
2004.08.26 15:40 B E:\Documents and Settings\Adam Knox\Desktop\SKATE WORLD UNCLEAN\public_html\images\avatars\Animals\8969.jpg <-- Skate world /public_html/images/avatars/Animals 8969.jpg
2004.08.26 15:40 B E:\Documents and Settings\Adam Knox\Desktop\SKATE WORLD UNCLEAN\public_html\images\avatars\Animals\9850.jpg <-- Skate world /public_html/images/avatars/Animals 9850.jpg
2004.08.26 15:40 B E:\Documents and Settings\Adam Knox\Desktop\SKATE WORLD UNCLEAN\public_html\images\avatars\Animals\9861.jpg <-- Skate world /public_html/images/avatars/Animals 9861.jpg
2004.08.26 21:22 B E:\Documents and Settings\Adam Knox\Desktop\Skate world redone\forum\images\avatars\Animals\1081.jpg --> ftp.skate-world.net /public_html/forum/images/avatars/Animals 1081.jpg
2004.08.26 21:22 B E:\Documents and Settings\Adam Knox\Desktop\Skate world redone\forum\images\avatars\Animals\11242.jpg --> ftp.skate-world.net /public_html/forum/images/avatars/Animals 11242.jpg
2004.08.26 21:22 B E:\Documents and Settings\Adam Knox\Desktop\Skate world redone\forum\images\avatars\Animals\11293.jpg --> ftp.skate-world.net /public_html/forum/images/avatars/Animals 11293.jpg
2004.08.26 21:22 B E:\Documents and Settings\Adam Knox\Desktop\Skate world redone\forum\images\avatars\Animals\12646.gif --> ftp.skate-world.net /public_html/forum/images/avatars/Animals 12646.gif
2004.08.26 21:22 B E:\Documents and Settings\Adam Knox\Desktop\Skate world redone\forum\images\avatars\Animals\12648.gif --> ftp.skate-world.net /public_html/forum/images/avatars/Animals 12648.gif
2004.08.26 21:22 B E:\Documents and Settings\Adam Knox\Desktop\Skate world redone\forum\images\avatars\Animals\3253.gif --> ftp.skate-world.net /public_html/forum/images/avatars/Animals 3253.gif
2004.08.26 21:22 B E:\Documents and Settings\Adam Knox\Desktop\Skate world redone\forum\images\avatars\Animals\3478.gif --> ftp.skate-world.net /public_html/forum/images/avatars/Animals 3478.gif
2004.08.26 21:22 B E:\Documents and Settings\Adam Knox\Desktop\Skate world redone\forum\images\avatars\Animals\3854.jpg --> ftp.skate-world.net /public_html/forum/images/avatars/Animals 3854.jpg
2004.08.26 21:23 B E:\Documents and Settings\Adam Knox\Desktop\Skate world redone\forum\images\avatars\Animals\4216.gif --> ftp.skate-world.net /public_html/forum/images/avatars/Animals 4216.gif
2004.08.26 21:23 B E:\Documents and Settings\Adam Knox\Desktop\Skate world redone\forum\images\avatars\Animals\5191.jpg --> ftp.skate-world.net /public_html/forum/images/avatars/Animals 5191.jpg
2004.08.26 21:23 B E:\Documents and Settings\Adam Knox\Desktop\Skate world redone\forum\images\avatars\Animals\6414.jpg --> ftp.skate-world.net /public_html/forum/images/avatars/Animals 6414.jpg
2004.08.26 21:23 B E:\Documents and Settings\Adam Knox\Desktop\Skate world redone\forum\images\avatars\Animals\7327.jpg --> ftp.skate-world.net /public_html/forum/images/avatars/Animals 7327.jpg
2004.08.26 21:23 B E:\Documents and Settings\Adam Knox\Desktop\Skate world redone\forum\images\avatars\Animals\7529.jpg --> ftp.skate-world.net /public_html/forum/images/avatars/Animals 7529.jpg
2004.08.26 21:23 B E:\Documents and Settings\Adam Knox\Desktop\Skate world redone\forum\images\avatars\Animals\7865.jpg --> ftp.skate-world.net /public_html/forum/images/avatars/Animals 7865.jpg
2004.08.26 21:23 B E:\Documents and Settings\Adam Knox\Desktop\Skate world redone\forum\images\avatars\Animals\798.gif --> ftp.skate-world.net /public_html/forum/images/avatars/Animals 798.gif
2004.08.26 21:23 B E:\Documents and Settings\Adam Knox\Desktop\Skate world redone\forum\images\avatars\Animals\799.jpg --> ftp.skate-world.net /public_html/forum/images/avatars/Animals 799.jpg
2004.08.26 21:23 B E:\Documents and Settings\Adam Knox\Desktop\Skate world redone\forum\images\avatars\Animals\8699.jpg --> ftp.skate-world.net /public_html/forum/images/avatars/Animals 8699.jpg
2004.08.26 21:23 B E:\Documents and Settings\Adam Knox\Desktop\Skate world redone\forum\images\avatars\Animals\8969.jpg --> ftp.skate-world.net /public_html/forum/images/avatars/Animals 8969.jpg
2004.08.26 21:23 B E:\Documents and Settings\Adam Knox\Desktop\Skate world redone\forum\images\avatars\Animals\9850.jpg --> ftp.skate-world.net /public_html/forum/images/avatars/Animals 9850.jpg
2004.08.26 21:23 B E:\Documents and Settings\Adam Knox\Desktop\Skate world redone\forum\images\avatars\Animals\9861.jpg --> ftp.skate-world.net /public_html/forum/images/avatars/Animals 9861.jpg
2004.09.20 16:33 B E:\Documents and Settings\Adam Knox\My Documents\Skate World\backup\forum\images\avatars\Animals\WS_FTP.LOG <-- Skate world Temporary /public_html/forum/images/avatars/Animals WS_FTP.LOG
2004.10.02 20:22 B G:\Documents and Settings\bilbo\My Documents\Skate World\backup\FOLDERS\forum\images\avatars\Animals\1081.jpg --> host215.ipowerweb.com /public_html/forum/images/avatars/Animals 1081.jpg
2004.10.02 20:23 B G:\Documents and Settings\bilbo\My Documents\Skate World\backup\FOLDERS\forum\images\avatars\Animals\11242.jpg --> host215.ipowerweb.com /public_html/forum/images/avatars/Animals 11242.jpg
2004.10.02 20:23 B G:\Documents and Settings\bilbo\My Documents\Skate World\backup\FOLDERS\forum\images\avatars\Animals\11293.jpg --> host215.ipowerweb.com /public_html/forum/images/avatars/Animals 11293.jpg
2004.10.02 20:23 B G:\Documents and Settings\bilbo\My Documents\Skate World\backup\FOLDERS\forum\images\avatars\Animals\12646.gif --> host215.ipowerweb.com /public_html/forum/images/avatars/Animals 12646.gif
2004.10.02 20:23 B G:\Documents and Settings\bilbo\My Documents\Skate World\backup\FOLDERS\forum\images\avatars\Animals\12648.gif --> host215.ipowerweb.com /public_html/forum/images/avatars/Animals 12648.gif
2004.10.02 20:23 B G:\Documents and Settings\bilbo\My Documents\Skate World\backup\FOLDERS\forum\images\avatars\Animals\3253.gif --> host215.ipowerweb.com /public_html/forum/images/avatars/Animals 3253.gif
2004.10.02 20:23 B G:\Documents and Settings\bilbo\My Documents\Skate World\backup\FOLDERS\forum\images\avatars\Animals\3478.gif --> host215.ipowerweb.com /public_html/forum/images/avatars/Animals 3478.gif
2004.10.02 20:23 B G:\Documents and Settings\bilbo\My Documents\Skate World\backup\FOLDERS\forum\images\avatars\Animals\3854.jpg --> host215.ipowerweb.com /public_html/forum/images/avatars/Animals 3854.jpg
2004.10.02 20:23 B G:\Documents and Settings\bilbo\My Documents\Skate World\backup\FOLDERS\forum\images\avatars\Animals\4216.gif --> host215.ipowerweb.com /public_html/forum/images/avatars/Animals 4216.gif
2004.10.02 20:23 B G:\Documents and Settings\bilbo\My Documents\Skate World\backup\FOLDERS\forum\images\avatars\Animals\5191.jpg --> host215.ipowerweb.com /public_html/forum/images/avatars/Animals 5191.jpg
2004.10.02 20:23 B G:\Documents and Settings\bilbo\My Documents\Skate World\backup\FOLDERS\forum\images\avatars\Animals\6414.jpg --> host215.ipowerweb.com /public_html/forum/images/avatars/Animals 6414.jpg
2004.10.02 20:23 B G:\Documents and Settings\bilbo\My Documents\Skate World\backup\FOLDERS\forum\images\avatars\Animals\7327.jpg --> host215.ipowerweb.com /public_html/forum/images/avatars/Animals 7327.jpg
2004.10.02 20:23 B G:\Documents and Settings\bilbo\My Documents\Skate World\backup\FOLDERS\forum\images\avatars\Animals\7529.jpg --> host215.ipowerweb.com /public_html/forum/images/avatars/Animals 7529.jpg
2004.10.02 20:23 B G:\Documents and Settings\bilbo\My Documents\Skate World\backup\FOLDERS\forum\images\avatars\Animals\7865.jpg --> host215.ipowerweb.com /public_html/forum/images/avatars/Animals 7865.jpg
2004.10.02 20:23 B G:\Documents and Settings\bilbo\My Documents\Skate World\backup\FOLDERS\forum\images\avatars\Animals\798.gif --> host215.ipowerweb.com /public_html/forum/images/avatars/Animals 798.gif
2004.10.02 20:23 B G:\Documents and Settings\bilbo\My Documents\Skate World\backup\FOLDERS\forum\images\avatars\Animals\799.jpg --> host215.ipowerweb.com /public_html/forum/images/avatars/Animals 799.jpg
2004.10.02 20:23 B G:\Documents and Settings\bilbo\My Documents\Skate World\backup\FOLDERS\forum\images\avatars\Animals\8699.jpg --> host215.ipowerweb.com /public_html/forum/images/avatars/Animals 8699.jpg
2004.10.02 20:23 B G:\Documents and Settings\bilbo\My Documents\Skate World\backup\FOLDERS\forum\images\avatars\Animals\8969.jpg --> host215.ipowerweb.com /public_html/forum/images/avatars/Animals 8969.jpg
2004.10.02 20:23 B G:\Documents and Settings\bilbo\My Documents\Skate World\backup\FOLDERS\forum\images\avatars\Animals\9850.jpg --> host215.ipowerweb.com /public_html/forum/images/avatars/Animals 9850.jpg
2004.10.02 20:23 B G:\Documents and Settings\bilbo\My Documents\Skate World\backup\FOLDERS\forum\images\avatars\Animals\9861.jpg --> host215.ipowerweb.com /public_html/forum/images/avatars/Animals 9861.jpg
2004.10.02 20:23 B G:\Documents and Settings\bilbo\My Documents\Skate World\backup\FOLDERS\forum\images\avatars\Animals\WS_FTP.LOG --> host215.ipowerweb.com /public_html/forum/images/avatars/Animals WS_FTP.LOG
2005.08.29 22:28 B °ðB\WS_FTP.LOG <-- Switch Skate /public_html/forums/images/avatars/Animals WS_FTP.LOG
