2005.08.29 22:12 B C:\Documents and Settings\Adam.ADAMK\My Documents\Programming\Switch Skate\Layouts\Backups\File Backups\public_html\2006\images\designx\address.gif <-- Switch Skate /public_html/2006/images/designx address.gif
2005.08.29 22:12 B C:\Documents and Settings\Adam.ADAMK\My Documents\Programming\Switch Skate\Layouts\Backups\File Backups\public_html\2006\images\designx\aim.gif <-- Switch Skate /public_html/2006/images/designx aim.gif
2005.08.29 22:12 B C:\Documents and Settings\Adam.ADAMK\My Documents\Programming\Switch Skate\Layouts\Backups\File Backups\public_html\2006\images\designx\arrow_dw.gif <-- Switch Skate /public_html/2006/images/designx arrow_dw.gif
2005.08.29 22:12 B C:\Documents and Settings\Adam.ADAMK\My Documents\Programming\Switch Skate\Layouts\Backups\File Backups\public_html\2006\images\designx\arrow_up.gif <-- Switch Skate /public_html/2006/images/designx arrow_up.gif
2005.08.29 22:12 B C:\Documents and Settings\Adam.ADAMK\My Documents\Programming\Switch Skate\Layouts\Backups\File Backups\public_html\2006\images\designx\bb_bold.gif <-- Switch Skate /public_html/2006/images/designx bb_bold.gif
2005.08.29 22:12 B C:\Documents and Settings\Adam.ADAMK\My Documents\Programming\Switch Skate\Layouts\Backups\File Backups\public_html\2006\images\designx\bb_center.gif <-- Switch Skate /public_html/2006/images/designx bb_center.gif
2005.08.29 22:12 B C:\Documents and Settings\Adam.ADAMK\My Documents\Programming\Switch Skate\Layouts\Backups\File Backups\public_html\2006\images\designx\bb_code.gif <-- Switch Skate /public_html/2006/images/designx bb_code.gif
2005.08.29 22:12 B C:\Documents and Settings\Adam.ADAMK\My Documents\Programming\Switch Skate\Layouts\Backups\File Backups\public_html\2006\images\designx\bb_email.gif <-- Switch Skate /public_html/2006/images/designx bb_email.gif
2005.08.29 22:12 B C:\Documents and Settings\Adam.ADAMK\My Documents\Programming\Switch Skate\Layouts\Backups\File Backups\public_html\2006\images\designx\bb_image.gif <-- Switch Skate /public_html/2006/images/designx bb_image.gif
2005.08.29 22:12 B C:\Documents and Settings\Adam.ADAMK\My Documents\Programming\Switch Skate\Layouts\Backups\File Backups\public_html\2006\images\designx\bb_italicize.gif <-- Switch Skate /public_html/2006/images/designx bb_italicize.gif
2005.08.29 22:12 B C:\Documents and Settings\Adam.ADAMK\My Documents\Programming\Switch Skate\Layouts\Backups\File Backups\public_html\2006\images\designx\bb_list.gif <-- Switch Skate /public_html/2006/images/designx bb_list.gif
2005.08.29 22:12 B C:\Documents and Settings\Adam.ADAMK\My Documents\Programming\Switch Skate\Layouts\Backups\File Backups\public_html\2006\images\designx\bb_quote.gif <-- Switch Skate /public_html/2006/images/designx bb_quote.gif
2005.08.29 22:12 B C:\Documents and Settings\Adam.ADAMK\My Documents\Programming\Switch Skate\Layouts\Backups\File Backups\public_html\2006\images\designx\bb_underline.gif <-- Switch Skate /public_html/2006/images/designx bb_underline.gif
2005.08.29 22:12 B C:\Documents and Settings\Adam.ADAMK\My Documents\Programming\Switch Skate\Layouts\Backups\File Backups\public_html\2006\images\designx\bb_url.gif <-- Switch Skate /public_html/2006/images/designx bb_url.gif
2005.08.29 22:12 B C:\Documents and Settings\Adam.ADAMK\My Documents\Programming\Switch Skate\Layouts\Backups\File Backups\public_html\2006\images\designx\bbrules.gif <-- Switch Skate /public_html/2006/images/designx bbrules.gif
2005.08.29 22:12 B C:\Documents and Settings\Adam.ADAMK\My Documents\Programming\Switch Skate\Layouts\Backups\File Backups\public_html\2006\images\designx\categ.gif <-- Switch Skate /public_html/2006/images/designx categ.gif
2005.08.29 22:12 B C:\Documents and Settings\Adam.ADAMK\My Documents\Programming\Switch Skate\Layouts\Backups\File Backups\public_html\2006\images\designx\desbg.gif <-- Switch Skate /public_html/2006/images/designx desbg.gif
2005.08.29 22:12 B C:\Documents and Settings\Adam.ADAMK\My Documents\Programming\Switch Skate\Layouts\Backups\File Backups\public_html\2006\images\designx\design.xmb <-- Switch Skate /public_html/2006/images/designx design.xmb
2005.08.29 22:12 B C:\Documents and Settings\Adam.ADAMK\My Documents\Programming\Switch Skate\Layouts\Backups\File Backups\public_html\2006\images\designx\dot_folder.gif <-- Switch Skate /public_html/2006/images/designx dot_folder.gif
2005.08.29 22:12 B C:\Documents and Settings\Adam.ADAMK\My Documents\Programming\Switch Skate\Layouts\Backups\File Backups\public_html\2006\images\designx\dot_hot_folder.gif <-- Switch Skate /public_html/2006/images/designx dot_hot_folder.gif
2005.08.29 22:12 B C:\Documents and Settings\Adam.ADAMK\My Documents\Programming\Switch Skate\Layouts\Backups\File Backups\public_html\2006\images\designx\edit.gif <-- Switch Skate /public_html/2006/images/designx edit.gif
2005.08.29 22:12 B C:\Documents and Settings\Adam.ADAMK\My Documents\Programming\Switch Skate\Layouts\Backups\File Backups\public_html\2006\images\designx\email.gif <-- Switch Skate /public_html/2006/images/designx email.gif
2005.08.29 22:12 B C:\Documents and Settings\Adam.ADAMK\My Documents\Programming\Switch Skate\Layouts\Backups\File Backups\public_html\2006\images\designx\faq.gif <-- Switch Skate /public_html/2006/images/designx faq.gif
2005.08.29 22:12 B C:\Documents and Settings\Adam.ADAMK\My Documents\Programming\Switch Skate\Layouts\Backups\File Backups\public_html\2006\images\designx\find.gif <-- Switch Skate /public_html/2006/images/designx find.gif
2005.08.29 22:12 B C:\Documents and Settings\Adam.ADAMK\My Documents\Programming\Switch Skate\Layouts\Backups\File Backups\public_html\2006\images\designx\folder.gif <-- Switch Skate /public_html/2006/images/designx folder.gif
2005.08.29 22:12 B C:\Documents and Settings\Adam.ADAMK\My Documents\Programming\Switch Skate\Layouts\Backups\File Backups\public_html\2006\images\designx\home.gif <-- Switch Skate /public_html/2006/images/designx home.gif
2005.08.29 22:12 B C:\Documents and Settings\Adam.ADAMK\My Documents\Programming\Switch Skate\Layouts\Backups\File Backups\public_html\2006\images\designx\hot_folder.gif <-- Switch Skate /public_html/2006/images/designx hot_folder.gif
2005.08.29 22:12 B C:\Documents and Settings\Adam.ADAMK\My Documents\Programming\Switch Skate\Layouts\Backups\File Backups\public_html\2006\images\designx\hot_red_folder.gif <-- Switch Skate /public_html/2006/images/designx hot_red_folder.gif
2005.08.29 22:12 B C:\Documents and Settings\Adam.ADAMK\My Documents\Programming\Switch Skate\Layouts\Backups\File Backups\public_html\2006\images\designx\icq_add.gif <-- Switch Skate /public_html/2006/images/designx icq_add.gif
2005.08.29 22:12 B C:\Documents and Settings\Adam.ADAMK\My Documents\Programming\Switch Skate\Layouts\Backups\File Backups\public_html\2006\images\designx\inbox.gif <-- Switch Skate /public_html/2006/images/designx inbox.gif
2005.08.29 22:12 B C:\Documents and Settings\Adam.ADAMK\My Documents\Programming\Switch Skate\Layouts\Backups\File Backups\public_html\2006\images\designx\ip.gif <-- Switch Skate /public_html/2006/images/designx ip.gif
2005.08.29 22:12 B C:\Documents and Settings\Adam.ADAMK\My Documents\Programming\Switch Skate\Layouts\Backups\File Backups\public_html\2006\images\designx\ipost.gif <-- Switch Skate /public_html/2006/images/designx ipost.gif
2005.08.29 22:12 B C:\Documents and Settings\Adam.ADAMK\My Documents\Programming\Switch Skate\Layouts\Backups\File Backups\public_html\2006\images\designx\lastpost.gif <-- Switch Skate /public_html/2006/images/designx lastpost.gif
2005.08.29 22:12 B C:\Documents and Settings\Adam.ADAMK\My Documents\Programming\Switch Skate\Layouts\Backups\File Backups\public_html\2006\images\designx\lock_folder.gif <-- Switch Skate /public_html/2006/images/designx lock_folder.gif
2005.08.29 22:12 B C:\Documents and Settings\Adam.ADAMK\My Documents\Programming\Switch Skate\Layouts\Backups\File Backups\public_html\2006\images\designx\locku2u.gif <-- Switch Skate /public_html/2006/images/designx locku2u.gif
2005.08.29 22:12 B C:\Documents and Settings\Adam.ADAMK\My Documents\Programming\Switch Skate\Layouts\Backups\File Backups\public_html\2006\images\designx\members_list.gif <-- Switch Skate /public_html/2006/images/designx members_list.gif
2005.08.29 22:12 B C:\Documents and Settings\Adam.ADAMK\My Documents\Programming\Switch Skate\Layouts\Backups\File Backups\public_html\2006\images\designx\msn.gif <-- Switch Skate /public_html/2006/images/designx msn.gif
2005.08.29 22:12 B C:\Documents and Settings\Adam.ADAMK\My Documents\Programming\Switch Skate\Layouts\Backups\File Backups\public_html\2006\images\designx\newtopic.gif <-- Switch Skate /public_html/2006/images/designx newtopic.gif
2005.08.29 22:12 B C:\Documents and Settings\Adam.ADAMK\My Documents\Programming\Switch Skate\Layouts\Backups\File Backups\public_html\2006\images\designx\newu2u.gif <-- Switch Skate /public_html/2006/images/designx newu2u.gif
2005.08.29 22:12 B C:\Documents and Settings\Adam.ADAMK\My Documents\Programming\Switch Skate\Layouts\Backups\File Backups\public_html\2006\images\designx\online.gif <-- Switch Skate /public_html/2006/images/designx online.gif
2005.08.29 22:12 B C:\Documents and Settings\Adam.ADAMK\My Documents\Programming\Switch Skate\Layouts\Backups\File Backups\public_html\2006\images\designx\outbox.gif <-- Switch Skate /public_html/2006/images/designx outbox.gif
2005.08.29 22:12 B C:\Documents and Settings\Adam.ADAMK\My Documents\Programming\Switch Skate\Layouts\Backups\File Backups\public_html\2006\images\designx\pin.gif <-- Switch Skate /public_html/2006/images/designx pin.gif
2005.08.29 22:12 B C:\Documents and Settings\Adam.ADAMK\My Documents\Programming\Switch Skate\Layouts\Backups\File Backups\public_html\2006\images\designx\poll.gif <-- Switch Skate /public_html/2006/images/designx poll.gif
2005.08.29 22:12 B C:\Documents and Settings\Adam.ADAMK\My Documents\Programming\Switch Skate\Layouts\Backups\File Backups\public_html\2006\images\designx\pollbar-e.gif <-- Switch Skate /public_html/2006/images/designx pollbar-e.gif
2005.08.29 22:13 B C:\Documents and Settings\Adam.ADAMK\My Documents\Programming\Switch Skate\Layouts\Backups\File Backups\public_html\2006\images\designx\pollbar-s.gif <-- Switch Skate /public_html/2006/images/designx pollbar-s.gif
2005.08.29 22:13 B C:\Documents and Settings\Adam.ADAMK\My Documents\Programming\Switch Skate\Layouts\Backups\File Backups\public_html\2006\images\designx\pollbar.gif <-- Switch Skate /public_html/2006/images/designx pollbar.gif
2005.08.29 22:13 B C:\Documents and Settings\Adam.ADAMK\My Documents\Programming\Switch Skate\Layouts\Backups\File Backups\public_html\2006\images\designx\pollsmall.gif <-- Switch Skate /public_html/2006/images/designx pollsmall.gif
2005.08.29 22:13 B C:\Documents and Settings\Adam.ADAMK\My Documents\Programming\Switch Skate\Layouts\Backups\File Backups\public_html\2006\images\designx\profile.gif <-- Switch Skate /public_html/2006/images/designx profile.gif
2005.08.29 22:13 B C:\Documents and Settings\Adam.ADAMK\My Documents\Programming\Switch Skate\Layouts\Backups\File Backups\public_html\2006\images\designx\quote.gif <-- Switch Skate /public_html/2006/images/designx quote.gif
2005.08.29 22:13 B C:\Documents and Settings\Adam.ADAMK\My Documents\Programming\Switch Skate\Layouts\Backups\File Backups\public_html\2006\images\designx\red_folder.gif <-- Switch Skate /public_html/2006/images/designx red_folder.gif
2005.08.29 22:13 B C:\Documents and Settings\Adam.ADAMK\My Documents\Programming\Switch Skate\Layouts\Backups\File Backups\public_html\2006\images\designx\reply.gif <-- Switch Skate /public_html/2006/images/designx reply.gif
2005.08.29 22:13 B C:\Documents and Settings\Adam.ADAMK\My Documents\Programming\Switch Skate\Layouts\Backups\File Backups\public_html\2006\images\designx\report.gif <-- Switch Skate /public_html/2006/images/designx report.gif
2005.08.29 22:13 B C:\Documents and Settings\Adam.ADAMK\My Documents\Programming\Switch Skate\Layouts\Backups\File Backups\public_html\2006\images\designx\search.gif <-- Switch Skate /public_html/2006/images/designx search.gif
2005.08.29 22:13 B C:\Documents and Settings\Adam.ADAMK\My Documents\Programming\Switch Skate\Layouts\Backups\File Backups\public_html\2006\images\designx\site.gif <-- Switch Skate /public_html/2006/images/designx site.gif
2005.08.29 22:13 B C:\Documents and Settings\Adam.ADAMK\My Documents\Programming\Switch Skate\Layouts\Backups\File Backups\public_html\2006\images\designx\star.gif <-- Switch Skate /public_html/2006/images/designx star.gif
2005.08.29 22:13 B C:\Documents and Settings\Adam.ADAMK\My Documents\Programming\Switch Skate\Layouts\Backups\File Backups\public_html\2006\images\designx\stats.gif <-- Switch Skate /public_html/2006/images/designx stats.gif
2005.08.29 22:13 B C:\Documents and Settings\Adam.ADAMK\My Documents\Programming\Switch Skate\Layouts\Backups\File Backups\public_html\2006\images\designx\todays_posts.gif <-- Switch Skate /public_html/2006/images/designx todays_posts.gif
2005.08.29 22:13 B C:\Documents and Settings\Adam.ADAMK\My Documents\Programming\Switch Skate\Layouts\Backups\File Backups\public_html\2006\images\designx\u2u.gif <-- Switch Skate /public_html/2006/images/designx u2u.gif
2005.08.29 22:13 B C:\Documents and Settings\Adam.ADAMK\My Documents\Programming\Switch Skate\Layouts\Backups\File Backups\public_html\2006\images\designx\xmbheader.gif <-- Switch Skate /public_html/2006/images/designx xmbheader.gif
2005.08.29 22:13 B C:\Documents and Settings\Adam.ADAMK\My Documents\Programming\Switch Skate\Layouts\Backups\File Backups\public_html\2006\images\designx\yahoo.gif <-- Switch Skate /public_html/2006/images/designx yahoo.gif
