2004.12.15 18:33 B G:\Documents and Settings\bilbo\My Documents\Switch Skate REOPENED\Forums\Themes\Snowfall\snowfall\address.gif --> host215.ipowerweb.com /public_html/forums/images/Snowfall/snowfall address.gif
2004.12.15 18:33 B G:\Documents and Settings\bilbo\My Documents\Switch Skate REOPENED\Forums\Themes\Snowfall\snowfall\aim.gif --> host215.ipowerweb.com /public_html/forums/images/Snowfall/snowfall aim.gif
2004.12.15 18:33 B G:\Documents and Settings\bilbo\My Documents\Switch Skate REOPENED\Forums\Themes\Snowfall\snowfall\arrow_dw.gif --> host215.ipowerweb.com /public_html/forums/images/Snowfall/snowfall arrow_dw.gif
2004.12.15 18:33 B G:\Documents and Settings\bilbo\My Documents\Switch Skate REOPENED\Forums\Themes\Snowfall\snowfall\arrow_up.gif --> host215.ipowerweb.com /public_html/forums/images/Snowfall/snowfall arrow_up.gif
2004.12.15 18:33 B G:\Documents and Settings\bilbo\My Documents\Switch Skate REOPENED\Forums\Themes\Snowfall\snowfall\bb_bold.gif --> host215.ipowerweb.com /public_html/forums/images/Snowfall/snowfall bb_bold.gif
2004.12.15 18:33 B G:\Documents and Settings\bilbo\My Documents\Switch Skate REOPENED\Forums\Themes\Snowfall\snowfall\bb_center.gif --> host215.ipowerweb.com /public_html/forums/images/Snowfall/snowfall bb_center.gif
2004.12.15 18:33 B G:\Documents and Settings\bilbo\My Documents\Switch Skate REOPENED\Forums\Themes\Snowfall\snowfall\bb_code.gif --> host215.ipowerweb.com /public_html/forums/images/Snowfall/snowfall bb_code.gif
2004.12.15 18:33 B G:\Documents and Settings\bilbo\My Documents\Switch Skate REOPENED\Forums\Themes\Snowfall\snowfall\bb_email.gif --> host215.ipowerweb.com /public_html/forums/images/Snowfall/snowfall bb_email.gif
2004.12.15 18:33 B G:\Documents and Settings\bilbo\My Documents\Switch Skate REOPENED\Forums\Themes\Snowfall\snowfall\bb_image.gif --> host215.ipowerweb.com /public_html/forums/images/Snowfall/snowfall bb_image.gif
2004.12.15 18:33 B G:\Documents and Settings\bilbo\My Documents\Switch Skate REOPENED\Forums\Themes\Snowfall\snowfall\bb_italicize.gif --> host215.ipowerweb.com /public_html/forums/images/Snowfall/snowfall bb_italicize.gif
2004.12.15 18:33 B G:\Documents and Settings\bilbo\My Documents\Switch Skate REOPENED\Forums\Themes\Snowfall\snowfall\bb_list.gif --> host215.ipowerweb.com /public_html/forums/images/Snowfall/snowfall bb_list.gif
2004.12.15 18:33 B G:\Documents and Settings\bilbo\My Documents\Switch Skate REOPENED\Forums\Themes\Snowfall\snowfall\bb_quote.gif --> host215.ipowerweb.com /public_html/forums/images/Snowfall/snowfall bb_quote.gif
2004.12.15 18:33 B G:\Documents and Settings\bilbo\My Documents\Switch Skate REOPENED\Forums\Themes\Snowfall\snowfall\bb_underline.gif --> host215.ipowerweb.com /public_html/forums/images/Snowfall/snowfall bb_underline.gif
2004.12.15 18:33 B G:\Documents and Settings\bilbo\My Documents\Switch Skate REOPENED\Forums\Themes\Snowfall\snowfall\bb_url.gif --> host215.ipowerweb.com /public_html/forums/images/Snowfall/snowfall bb_url.gif
2004.12.15 18:33 B G:\Documents and Settings\bilbo\My Documents\Switch Skate REOPENED\Forums\Themes\Snowfall\snowfall\bbrules.gif --> host215.ipowerweb.com /public_html/forums/images/Snowfall/snowfall bbrules.gif
2004.12.15 18:33 B G:\Documents and Settings\bilbo\My Documents\Switch Skate REOPENED\Forums\Themes\Snowfall\snowfall\bck.gif --> host215.ipowerweb.com /public_html/forums/images/Snowfall/snowfall bck.gif
2004.12.15 18:33 B G:\Documents and Settings\bilbo\My Documents\Switch Skate REOPENED\Forums\Themes\Snowfall\snowfall\buddy.gif --> host215.ipowerweb.com /public_html/forums/images/Snowfall/snowfall buddy.gif
2004.12.15 18:33 B G:\Documents and Settings\bilbo\My Documents\Switch Skate REOPENED\Forums\Themes\Snowfall\snowfall\dot_folder.gif --> host215.ipowerweb.com /public_html/forums/images/Snowfall/snowfall dot_folder.gif
2004.12.15 18:33 B G:\Documents and Settings\bilbo\My Documents\Switch Skate REOPENED\Forums\Themes\Snowfall\snowfall\dot_hot_folder.gif --> host215.ipowerweb.com /public_html/forums/images/Snowfall/snowfall dot_hot_folder.gif
2004.12.15 18:33 B G:\Documents and Settings\bilbo\My Documents\Switch Skate REOPENED\Forums\Themes\Snowfall\snowfall\dot_hot_red_folder.gif --> host215.ipowerweb.com /public_html/forums/images/Snowfall/snowfall dot_hot_red_folder.gif
2004.12.15 18:33 B G:\Documents and Settings\bilbo\My Documents\Switch Skate REOPENED\Forums\Themes\Snowfall\snowfall\dot_red_folder.gif --> host215.ipowerweb.com /public_html/forums/images/Snowfall/snowfall dot_red_folder.gif
2004.12.15 18:33 B G:\Documents and Settings\bilbo\My Documents\Switch Skate REOPENED\Forums\Themes\Snowfall\snowfall\edit.gif --> host215.ipowerweb.com /public_html/forums/images/Snowfall/snowfall edit.gif
2004.12.15 18:33 B G:\Documents and Settings\bilbo\My Documents\Switch Skate REOPENED\Forums\Themes\Snowfall\snowfall\email.gif --> host215.ipowerweb.com /public_html/forums/images/Snowfall/snowfall email.gif
2004.12.15 18:33 B G:\Documents and Settings\bilbo\My Documents\Switch Skate REOPENED\Forums\Themes\Snowfall\snowfall\faq.gif --> host215.ipowerweb.com /public_html/forums/images/Snowfall/snowfall faq.gif
2004.12.15 18:33 B G:\Documents and Settings\bilbo\My Documents\Switch Skate REOPENED\Forums\Themes\Snowfall\snowfall\find.gif --> host215.ipowerweb.com /public_html/forums/images/Snowfall/snowfall find.gif
2004.12.15 18:33 B G:\Documents and Settings\bilbo\My Documents\Switch Skate REOPENED\Forums\Themes\Snowfall\snowfall\folder-locked.gif --> host215.ipowerweb.com /public_html/forums/images/Snowfall/snowfall folder-locked.gif
2004.12.15 18:33 B G:\Documents and Settings\bilbo\My Documents\Switch Skate REOPENED\Forums\Themes\Snowfall\snowfall\folder-off.gif --> host215.ipowerweb.com /public_html/forums/images/Snowfall/snowfall folder-off.gif
2004.12.15 18:33 B G:\Documents and Settings\bilbo\My Documents\Switch Skate REOPENED\Forums\Themes\Snowfall\snowfall\folder-on.gif --> host215.ipowerweb.com /public_html/forums/images/Snowfall/snowfall folder-on.gif
2004.12.15 18:33 B G:\Documents and Settings\bilbo\My Documents\Switch Skate REOPENED\Forums\Themes\Snowfall\snowfall\folder.gif --> host215.ipowerweb.com /public_html/forums/images/Snowfall/snowfall folder.gif
2004.12.15 18:33 B G:\Documents and Settings\bilbo\My Documents\Switch Skate REOPENED\Forums\Themes\Snowfall\snowfall\home.gif --> host215.ipowerweb.com /public_html/forums/images/Snowfall/snowfall home.gif
2004.12.15 18:33 B G:\Documents and Settings\bilbo\My Documents\Switch Skate REOPENED\Forums\Themes\Snowfall\snowfall\hot_folder.gif --> host215.ipowerweb.com /public_html/forums/images/Snowfall/snowfall hot_folder.gif
2004.12.15 18:33 B G:\Documents and Settings\bilbo\My Documents\Switch Skate REOPENED\Forums\Themes\Snowfall\snowfall\hot_red_folder.gif --> host215.ipowerweb.com /public_html/forums/images/Snowfall/snowfall hot_red_folder.gif
2004.12.15 18:33 B G:\Documents and Settings\bilbo\My Documents\Switch Skate REOPENED\Forums\Themes\Snowfall\snowfall\icq.gif --> host215.ipowerweb.com /public_html/forums/images/Snowfall/snowfall icq.gif
2004.12.15 18:33 B G:\Documents and Settings\bilbo\My Documents\Switch Skate REOPENED\Forums\Themes\Snowfall\snowfall\inbox.gif --> host215.ipowerweb.com /public_html/forums/images/Snowfall/snowfall inbox.gif
2004.12.15 18:34 B G:\Documents and Settings\bilbo\My Documents\Switch Skate REOPENED\Forums\Themes\Snowfall\snowfall\ip.gif --> host215.ipowerweb.com /public_html/forums/images/Snowfall/snowfall ip.gif
2004.12.15 18:34 B G:\Documents and Settings\bilbo\My Documents\Switch Skate REOPENED\Forums\Themes\Snowfall\snowfall\ipost.gif --> host215.ipowerweb.com /public_html/forums/images/Snowfall/snowfall ipost.gif
2004.12.15 18:34 B G:\Documents and Settings\bilbo\My Documents\Switch Skate REOPENED\Forums\Themes\Snowfall\snowfall\lastpost.gif --> host215.ipowerweb.com /public_html/forums/images/Snowfall/snowfall lastpost.gif
2004.12.15 18:34 B G:\Documents and Settings\bilbo\My Documents\Switch Skate REOPENED\Forums\Themes\Snowfall\snowfall\lock_folder.gif --> host215.ipowerweb.com /public_html/forums/images/Snowfall/snowfall lock_folder.gif
2004.12.15 18:34 B G:\Documents and Settings\bilbo\My Documents\Switch Skate REOPENED\Forums\Themes\Snowfall\snowfall\locku2u.gif --> host215.ipowerweb.com /public_html/forums/images/Snowfall/snowfall locku2u.gif
2004.12.15 18:34 B G:\Documents and Settings\bilbo\My Documents\Switch Skate REOPENED\Forums\Themes\Snowfall\snowfall\logo.gif --> host215.ipowerweb.com /public_html/forums/images/Snowfall/snowfall logo.gif
2004.12.15 18:34 B G:\Documents and Settings\bilbo\My Documents\Switch Skate REOPENED\Forums\Themes\Snowfall\snowfall\logo_blank.gif --> host215.ipowerweb.com /public_html/forums/images/Snowfall/snowfall logo_blank.gif
2004.12.15 18:34 B G:\Documents and Settings\bilbo\My Documents\Switch Skate REOPENED\Forums\Themes\Snowfall\snowfall\members_list.gif --> host215.ipowerweb.com /public_html/forums/images/Snowfall/snowfall members_list.gif
2004.12.15 18:34 B G:\Documents and Settings\bilbo\My Documents\Switch Skate REOPENED\Forums\Themes\Snowfall\snowfall\msn.gif --> host215.ipowerweb.com /public_html/forums/images/Snowfall/snowfall msn.gif
2004.12.15 18:34 B G:\Documents and Settings\bilbo\My Documents\Switch Skate REOPENED\Forums\Themes\Snowfall\snowfall\newtopic.gif --> host215.ipowerweb.com /public_html/forums/images/Snowfall/snowfall newtopic.gif
2004.12.15 18:34 B G:\Documents and Settings\bilbo\My Documents\Switch Skate REOPENED\Forums\Themes\Snowfall\snowfall\newu2u.gif --> host215.ipowerweb.com /public_html/forums/images/Snowfall/snowfall newu2u.gif
2004.12.15 18:34 B G:\Documents and Settings\bilbo\My Documents\Switch Skate REOPENED\Forums\Themes\Snowfall\snowfall\online.gif --> host215.ipowerweb.com /public_html/forums/images/Snowfall/snowfall online.gif
2004.12.15 18:34 B G:\Documents and Settings\bilbo\My Documents\Switch Skate REOPENED\Forums\Themes\Snowfall\snowfall\outbox.gif --> host215.ipowerweb.com /public_html/forums/images/Snowfall/snowfall outbox.gif
2004.12.15 18:34 B G:\Documents and Settings\bilbo\My Documents\Switch Skate REOPENED\Forums\Themes\Snowfall\snowfall\pin.gif --> host215.ipowerweb.com /public_html/forums/images/Snowfall/snowfall pin.gif
2004.12.15 18:34 B G:\Documents and Settings\bilbo\My Documents\Switch Skate REOPENED\Forums\Themes\Snowfall\snowfall\pixel.gif --> host215.ipowerweb.com /public_html/forums/images/Snowfall/snowfall pixel.gif
2004.12.15 18:34 B G:\Documents and Settings\bilbo\My Documents\Switch Skate REOPENED\Forums\Themes\Snowfall\snowfall\poll.gif --> host215.ipowerweb.com /public_html/forums/images/Snowfall/snowfall poll.gif
2004.12.15 18:34 B G:\Documents and Settings\bilbo\My Documents\Switch Skate REOPENED\Forums\Themes\Snowfall\snowfall\pollbar-e.gif --> host215.ipowerweb.com /public_html/forums/images/Snowfall/snowfall pollbar-e.gif
2004.12.15 18:34 B G:\Documents and Settings\bilbo\My Documents\Switch Skate REOPENED\Forums\Themes\Snowfall\snowfall\pollbar-s.gif --> host215.ipowerweb.com /public_html/forums/images/Snowfall/snowfall pollbar-s.gif
2004.12.15 18:34 B G:\Documents and Settings\bilbo\My Documents\Switch Skate REOPENED\Forums\Themes\Snowfall\snowfall\pollbar.gif --> host215.ipowerweb.com /public_html/forums/images/Snowfall/snowfall pollbar.gif
2004.12.15 18:34 B G:\Documents and Settings\bilbo\My Documents\Switch Skate REOPENED\Forums\Themes\Snowfall\snowfall\profile.gif --> host215.ipowerweb.com /public_html/forums/images/Snowfall/snowfall profile.gif
2004.12.15 18:34 B G:\Documents and Settings\bilbo\My Documents\Switch Skate REOPENED\Forums\Themes\Snowfall\snowfall\quote.gif --> host215.ipowerweb.com /public_html/forums/images/Snowfall/snowfall quote.gif
2004.12.15 18:34 B G:\Documents and Settings\bilbo\My Documents\Switch Skate REOPENED\Forums\Themes\Snowfall\snowfall\red_folder.gif --> host215.ipowerweb.com /public_html/forums/images/Snowfall/snowfall red_folder.gif
2004.12.15 18:34 B G:\Documents and Settings\bilbo\My Documents\Switch Skate REOPENED\Forums\Themes\Snowfall\snowfall\reply.gif --> host215.ipowerweb.com /public_html/forums/images/Snowfall/snowfall reply.gif
2004.12.15 18:34 B G:\Documents and Settings\bilbo\My Documents\Switch Skate REOPENED\Forums\Themes\Snowfall\snowfall\report.gif --> host215.ipowerweb.com /public_html/forums/images/Snowfall/snowfall report.gif
2004.12.15 18:34 B G:\Documents and Settings\bilbo\My Documents\Switch Skate REOPENED\Forums\Themes\Snowfall\snowfall\search.gif --> host215.ipowerweb.com /public_html/forums/images/Snowfall/snowfall search.gif
2004.12.15 18:34 B G:\Documents and Settings\bilbo\My Documents\Switch Skate REOPENED\Forums\Themes\Snowfall\snowfall\site.gif --> host215.ipowerweb.com /public_html/forums/images/Snowfall/snowfall site.gif
2004.12.15 18:34 B G:\Documents and Settings\bilbo\My Documents\Switch Skate REOPENED\Forums\Themes\Snowfall\snowfall\star.gif --> host215.ipowerweb.com /public_html/forums/images/Snowfall/snowfall star.gif
2004.12.15 18:34 B G:\Documents and Settings\bilbo\My Documents\Switch Skate REOPENED\Forums\Themes\Snowfall\snowfall\stats.gif --> host215.ipowerweb.com /public_html/forums/images/Snowfall/snowfall stats.gif
2004.12.15 18:34 B G:\Documents and Settings\bilbo\My Documents\Switch Skate REOPENED\Forums\Themes\Snowfall\snowfall\Thumbs.db --> host215.ipowerweb.com /public_html/forums/images/Snowfall/snowfall Thumbs.db
2004.12.15 18:34 B G:\Documents and Settings\bilbo\My Documents\Switch Skate REOPENED\Forums\Themes\Snowfall\snowfall\todays_posts.gif --> host215.ipowerweb.com /public_html/forums/images/Snowfall/snowfall todays_posts.gif
2004.12.15 18:34 B G:\Documents and Settings\bilbo\My Documents\Switch Skate REOPENED\Forums\Themes\Snowfall\snowfall\u2u.bmp --> host215.ipowerweb.com /public_html/forums/images/Snowfall/snowfall u2u.bmp
2004.12.15 18:34 B G:\Documents and Settings\bilbo\My Documents\Switch Skate REOPENED\Forums\Themes\Snowfall\snowfall\u2u.gif --> host215.ipowerweb.com /public_html/forums/images/Snowfall/snowfall u2u.gif
2004.12.15 18:34 B G:\Documents and Settings\bilbo\My Documents\Switch Skate REOPENED\Forums\Themes\Snowfall\snowfall\yahoo.gif --> host215.ipowerweb.com /public_html/forums/images/Snowfall/snowfall yahoo.gif
