2005.08.29 23:09 B °ğB\address.gif <-- Switch Skate /public_html/forums/images/XtremeGreen/xtremegreen address.gif
2005.08.29 23:09 B °ğB\aim.gif <-- Switch Skate /public_html/forums/images/XtremeGreen/xtremegreen aim.gif
2005.08.29 23:09 B °ğB\arrow_dw.gif <-- Switch Skate /public_html/forums/images/XtremeGreen/xtremegreen arrow_dw.gif
2005.08.29 23:09 B °ğB\arrow_up.gif <-- Switch Skate /public_html/forums/images/XtremeGreen/xtremegreen arrow_up.gif
2005.08.29 23:09 B °ğB\b.gif <-- Switch Skate /public_html/forums/images/XtremeGreen/xtremegreen b.gif
2005.08.29 23:10 B °ğB\bb_bold.gif <-- Switch Skate /public_html/forums/images/XtremeGreen/xtremegreen bb_bold.gif
2005.08.29 23:10 B °ğB\bb_center.gif <-- Switch Skate /public_html/forums/images/XtremeGreen/xtremegreen bb_center.gif
2005.08.29 23:10 B °ğB\bb_code.gif <-- Switch Skate /public_html/forums/images/XtremeGreen/xtremegreen bb_code.gif
2005.08.29 23:10 B °ğB\bb_email.gif <-- Switch Skate /public_html/forums/images/XtremeGreen/xtremegreen bb_email.gif
2005.08.29 23:10 B °ğB\bb_hide.gif <-- Switch Skate /public_html/forums/images/XtremeGreen/xtremegreen bb_hide.gif
2005.08.29 23:10 B °ğB\bb_image.gif <-- Switch Skate /public_html/forums/images/XtremeGreen/xtremegreen bb_image.gif
2005.08.29 23:10 B °ğB\bb_italicize.gif <-- Switch Skate /public_html/forums/images/XtremeGreen/xtremegreen bb_italicize.gif
2005.08.29 23:10 B °ğB\bb_list.gif <-- Switch Skate /public_html/forums/images/XtremeGreen/xtremegreen bb_list.gif
2005.08.29 23:10 B °ğB\bb_quote.gif <-- Switch Skate /public_html/forums/images/XtremeGreen/xtremegreen bb_quote.gif
2005.08.29 23:10 B °ğB\bb_underline.gif <-- Switch Skate /public_html/forums/images/XtremeGreen/xtremegreen bb_underline.gif
2005.08.29 23:10 B °ğB\bb_url.gif <-- Switch Skate /public_html/forums/images/XtremeGreen/xtremegreen bb_url.gif
2005.08.29 23:10 B °ğB\bbrules.gif <-- Switch Skate /public_html/forums/images/XtremeGreen/xtremegreen bbrules.gif
2005.08.29 23:10 B °ğB\blank_head.gif <-- Switch Skate /public_html/forums/images/XtremeGreen/xtremegreen blank_head.gif
2005.08.29 23:10 B °ğB\dot_folder.gif <-- Switch Skate /public_html/forums/images/XtremeGreen/xtremegreen dot_folder.gif
2005.08.29 23:10 B °ğB\dot_hot_folder.gif <-- Switch Skate /public_html/forums/images/XtremeGreen/xtremegreen dot_hot_folder.gif
2005.08.29 23:10 B °ğB\dot_hot_red_folder.gif <-- Switch Skate /public_html/forums/images/XtremeGreen/xtremegreen dot_hot_red_folder.gif
2005.08.29 23:10 B °ğB\dot_red_folder.gif <-- Switch Skate /public_html/forums/images/XtremeGreen/xtremegreen dot_red_folder.gif
2005.08.29 23:10 B °ğB\edit.gif <-- Switch Skate /public_html/forums/images/XtremeGreen/xtremegreen edit.gif
2005.08.29 23:10 B °ğB\email.gif <-- Switch Skate /public_html/forums/images/XtremeGreen/xtremegreen email.gif
2005.08.29 23:10 B °ğB\faq.gif <-- Switch Skate /public_html/forums/images/XtremeGreen/xtremegreen faq.gif
2005.08.29 23:10 B °ğB\find.gif <-- Switch Skate /public_html/forums/images/XtremeGreen/xtremegreen find.gif
2005.08.29 23:10 B °ğB\folder.gif <-- Switch Skate /public_html/forums/images/XtremeGreen/xtremegreen folder.gif
2005.08.29 23:10 B °ğB\g.gif <-- Switch Skate /public_html/forums/images/XtremeGreen/xtremegreen g.gif
2005.08.29 23:10 B °ğB\green.gif <-- Switch Skate /public_html/forums/images/XtremeGreen/xtremegreen green.gif
2005.08.29 23:10 B °ğB\home.gif <-- Switch Skate /public_html/forums/images/XtremeGreen/xtremegreen home.gif
2005.08.29 23:10 B °ğB\hot_folder.gif <-- Switch Skate /public_html/forums/images/XtremeGreen/xtremegreen hot_folder.gif
2005.08.29 23:10 B °ğB\hot_red_folder.gif <-- Switch Skate /public_html/forums/images/XtremeGreen/xtremegreen hot_red_folder.gif
2005.08.29 23:10 B °ğB\icq_add.gif <-- Switch Skate /public_html/forums/images/XtremeGreen/xtremegreen icq_add.gif
2005.08.29 23:10 B °ğB\inbox.gif <-- Switch Skate /public_html/forums/images/XtremeGreen/xtremegreen inbox.gif
2005.08.29 23:10 B °ğB\index.html <-- Switch Skate /public_html/forums/images/XtremeGreen/xtremegreen index.html
2005.08.29 23:10 B °ğB\install.php <-- Switch Skate /public_html/forums/images/XtremeGreen/xtremegreen install.php
2005.08.29 23:10 B °ğB\ip.gif <-- Switch Skate /public_html/forums/images/XtremeGreen/xtremegreen ip.gif
2005.08.29 23:10 B °ğB\ipost.gif <-- Switch Skate /public_html/forums/images/XtremeGreen/xtremegreen ipost.gif
2005.08.29 23:10 B °ğB\lastpost.gif <-- Switch Skate /public_html/forums/images/XtremeGreen/xtremegreen lastpost.gif
2005.08.29 23:10 B °ğB\lock_folder.gif <-- Switch Skate /public_html/forums/images/XtremeGreen/xtremegreen lock_folder.gif
2005.08.29 23:10 B °ğB\locku2u.gif <-- Switch Skate /public_html/forums/images/XtremeGreen/xtremegreen locku2u.gif
2005.08.29 23:10 B °ğB\members_list.gif <-- Switch Skate /public_html/forums/images/XtremeGreen/xtremegreen members_list.gif
2005.08.29 23:10 B °ğB\msn.gif <-- Switch Skate /public_html/forums/images/XtremeGreen/xtremegreen msn.gif
2005.08.29 23:10 B °ğB\newtopic.gif <-- Switch Skate /public_html/forums/images/XtremeGreen/xtremegreen newtopic.gif
2005.08.29 23:10 B °ğB\newu2u.gif <-- Switch Skate /public_html/forums/images/XtremeGreen/xtremegreen newu2u.gif
2005.08.29 23:10 B °ğB\online.gif <-- Switch Skate /public_html/forums/images/XtremeGreen/xtremegreen online.gif
2005.08.29 23:10 B °ğB\online2.gif <-- Switch Skate /public_html/forums/images/XtremeGreen/xtremegreen online2.gif
2005.08.29 23:10 B °ğB\online_guest.gif <-- Switch Skate /public_html/forums/images/XtremeGreen/xtremegreen online_guest.gif
2005.08.29 23:10 B °ğB\outbox.gif <-- Switch Skate /public_html/forums/images/XtremeGreen/xtremegreen outbox.gif
2005.08.29 23:10 B °ğB\pin.gif <-- Switch Skate /public_html/forums/images/XtremeGreen/xtremegreen pin.gif
2005.08.29 23:10 B °ğB\pixel.gif <-- Switch Skate /public_html/forums/images/XtremeGreen/xtremegreen pixel.gif
2005.08.29 23:10 B °ğB\poll.gif <-- Switch Skate /public_html/forums/images/XtremeGreen/xtremegreen poll.gif
2005.08.29 23:10 B °ğB\pollbar-e.gif <-- Switch Skate /public_html/forums/images/XtremeGreen/xtremegreen pollbar-e.gif
2005.08.29 23:10 B °ğB\pollbar-s.gif <-- Switch Skate /public_html/forums/images/XtremeGreen/xtremegreen pollbar-s.gif
2005.08.29 23:10 B °ğB\pollbar.gif <-- Switch Skate /public_html/forums/images/XtremeGreen/xtremegreen pollbar.gif
2005.08.29 23:10 B °ğB\pollsmall.gif <-- Switch Skate /public_html/forums/images/XtremeGreen/xtremegreen pollsmall.gif
2005.08.29 23:10 B °ğB\profile.gif <-- Switch Skate /public_html/forums/images/XtremeGreen/xtremegreen profile.gif
2005.08.29 23:10 B °ğB\quote.gif <-- Switch Skate /public_html/forums/images/XtremeGreen/xtremegreen quote.gif
2005.08.29 23:10 B °ğB\red_folder.gif <-- Switch Skate /public_html/forums/images/XtremeGreen/xtremegreen red_folder.gif
2005.08.29 23:10 B °ğB\reply.gif <-- Switch Skate /public_html/forums/images/XtremeGreen/xtremegreen reply.gif
2005.08.29 23:10 B °ğB\report.gif <-- Switch Skate /public_html/forums/images/XtremeGreen/xtremegreen report.gif
2005.08.29 23:10 B °ğB\search.gif <-- Switch Skate /public_html/forums/images/XtremeGreen/xtremegreen search.gif
2005.08.29 23:10 B °ğB\site.gif <-- Switch Skate /public_html/forums/images/XtremeGreen/xtremegreen site.gif
2005.08.29 23:10 B °ğB\space2.gif <-- Switch Skate /public_html/forums/images/XtremeGreen/xtremegreen space2.gif
2005.08.29 23:10 B °ğB\star.gif <-- Switch Skate /public_html/forums/images/XtremeGreen/xtremegreen star.gif
2005.08.29 23:10 B °ğB\stats.gif <-- Switch Skate /public_html/forums/images/XtremeGreen/xtremegreen stats.gif
2005.08.29 23:10 B °ğB\Thumbs.db <-- Switch Skate /public_html/forums/images/XtremeGreen/xtremegreen Thumbs.db
2005.08.29 23:10 B °ğB\todays_posts.gif <-- Switch Skate /public_html/forums/images/XtremeGreen/xtremegreen todays_posts.gif
2005.08.29 23:10 B °ğB\u2u.gif <-- Switch Skate /public_html/forums/images/XtremeGreen/xtremegreen u2u.gif
2005.08.29 23:10 B °ğB\yahoo.gif <-- Switch Skate /public_html/forums/images/XtremeGreen/xtremegreen yahoo.gif
