2004.12.15 18:34 B G:\Documents and Settings\bilbo\My Documents\Switch Skate REOPENED\Forums\Themes\XtremeBlue\xtremeblue\address.gif --> host215.ipowerweb.com /public_html/forums/images/XtremeBlue/xtremeblue address.gif
2004.12.15 18:34 B G:\Documents and Settings\bilbo\My Documents\Switch Skate REOPENED\Forums\Themes\XtremeBlue\xtremeblue\aim.gif --> host215.ipowerweb.com /public_html/forums/images/XtremeBlue/xtremeblue aim.gif
2004.12.15 18:34 B G:\Documents and Settings\bilbo\My Documents\Switch Skate REOPENED\Forums\Themes\XtremeBlue\xtremeblue\arrow_dw.gif --> host215.ipowerweb.com /public_html/forums/images/XtremeBlue/xtremeblue arrow_dw.gif
2004.12.15 18:34 B G:\Documents and Settings\bilbo\My Documents\Switch Skate REOPENED\Forums\Themes\XtremeBlue\xtremeblue\arrow_up.gif --> host215.ipowerweb.com /public_html/forums/images/XtremeBlue/xtremeblue arrow_up.gif
2004.12.15 18:34 B G:\Documents and Settings\bilbo\My Documents\Switch Skate REOPENED\Forums\Themes\XtremeBlue\xtremeblue\bb_bold.gif --> host215.ipowerweb.com /public_html/forums/images/XtremeBlue/xtremeblue bb_bold.gif
2004.12.15 18:34 B G:\Documents and Settings\bilbo\My Documents\Switch Skate REOPENED\Forums\Themes\XtremeBlue\xtremeblue\bb_center.gif --> host215.ipowerweb.com /public_html/forums/images/XtremeBlue/xtremeblue bb_center.gif
2004.12.15 18:34 B G:\Documents and Settings\bilbo\My Documents\Switch Skate REOPENED\Forums\Themes\XtremeBlue\xtremeblue\bb_code.gif --> host215.ipowerweb.com /public_html/forums/images/XtremeBlue/xtremeblue bb_code.gif
2004.12.15 18:34 B G:\Documents and Settings\bilbo\My Documents\Switch Skate REOPENED\Forums\Themes\XtremeBlue\xtremeblue\bb_email.gif --> host215.ipowerweb.com /public_html/forums/images/XtremeBlue/xtremeblue bb_email.gif
2004.12.15 18:34 B G:\Documents and Settings\bilbo\My Documents\Switch Skate REOPENED\Forums\Themes\XtremeBlue\xtremeblue\bb_image.gif --> host215.ipowerweb.com /public_html/forums/images/XtremeBlue/xtremeblue bb_image.gif
2004.12.15 18:34 B G:\Documents and Settings\bilbo\My Documents\Switch Skate REOPENED\Forums\Themes\XtremeBlue\xtremeblue\bb_italicize.gif --> host215.ipowerweb.com /public_html/forums/images/XtremeBlue/xtremeblue bb_italicize.gif
2004.12.15 18:34 B G:\Documents and Settings\bilbo\My Documents\Switch Skate REOPENED\Forums\Themes\XtremeBlue\xtremeblue\bb_list.gif --> host215.ipowerweb.com /public_html/forums/images/XtremeBlue/xtremeblue bb_list.gif
2004.12.15 18:34 B G:\Documents and Settings\bilbo\My Documents\Switch Skate REOPENED\Forums\Themes\XtremeBlue\xtremeblue\bb_quote.gif --> host215.ipowerweb.com /public_html/forums/images/XtremeBlue/xtremeblue bb_quote.gif
2004.12.15 18:34 B G:\Documents and Settings\bilbo\My Documents\Switch Skate REOPENED\Forums\Themes\XtremeBlue\xtremeblue\bb_underline.gif --> host215.ipowerweb.com /public_html/forums/images/XtremeBlue/xtremeblue bb_underline.gif
2004.12.15 18:34 B G:\Documents and Settings\bilbo\My Documents\Switch Skate REOPENED\Forums\Themes\XtremeBlue\xtremeblue\bb_url.gif --> host215.ipowerweb.com /public_html/forums/images/XtremeBlue/xtremeblue bb_url.gif
2004.12.15 18:34 B G:\Documents and Settings\bilbo\My Documents\Switch Skate REOPENED\Forums\Themes\XtremeBlue\xtremeblue\bbrules.gif --> host215.ipowerweb.com /public_html/forums/images/XtremeBlue/xtremeblue bbrules.gif
2004.12.15 18:34 B G:\Documents and Settings\bilbo\My Documents\Switch Skate REOPENED\Forums\Themes\XtremeBlue\xtremeblue\blank_head.gif --> host215.ipowerweb.com /public_html/forums/images/XtremeBlue/xtremeblue blank_head.gif
2004.12.15 18:34 B G:\Documents and Settings\bilbo\My Documents\Switch Skate REOPENED\Forums\Themes\XtremeBlue\xtremeblue\blue.gif --> host215.ipowerweb.com /public_html/forums/images/XtremeBlue/xtremeblue blue.gif
2004.12.15 18:35 B G:\Documents and Settings\bilbo\My Documents\Switch Skate REOPENED\Forums\Themes\XtremeBlue\xtremeblue\dot_folder.gif --> host215.ipowerweb.com /public_html/forums/images/XtremeBlue/xtremeblue dot_folder.gif
2004.12.15 18:35 B G:\Documents and Settings\bilbo\My Documents\Switch Skate REOPENED\Forums\Themes\XtremeBlue\xtremeblue\dot_hot_folder.gif --> host215.ipowerweb.com /public_html/forums/images/XtremeBlue/xtremeblue dot_hot_folder.gif
2004.12.15 18:35 B G:\Documents and Settings\bilbo\My Documents\Switch Skate REOPENED\Forums\Themes\XtremeBlue\xtremeblue\dot_hot_red_folder.gif --> host215.ipowerweb.com /public_html/forums/images/XtremeBlue/xtremeblue dot_hot_red_folder.gif
2004.12.15 18:35 B G:\Documents and Settings\bilbo\My Documents\Switch Skate REOPENED\Forums\Themes\XtremeBlue\xtremeblue\dot_red_folder.gif --> host215.ipowerweb.com /public_html/forums/images/XtremeBlue/xtremeblue dot_red_folder.gif
2004.12.15 18:35 B G:\Documents and Settings\bilbo\My Documents\Switch Skate REOPENED\Forums\Themes\XtremeBlue\xtremeblue\edit.gif --> host215.ipowerweb.com /public_html/forums/images/XtremeBlue/xtremeblue edit.gif
2004.12.15 18:35 B G:\Documents and Settings\bilbo\My Documents\Switch Skate REOPENED\Forums\Themes\XtremeBlue\xtremeblue\email.gif --> host215.ipowerweb.com /public_html/forums/images/XtremeBlue/xtremeblue email.gif
2004.12.15 18:35 B G:\Documents and Settings\bilbo\My Documents\Switch Skate REOPENED\Forums\Themes\XtremeBlue\xtremeblue\faq.gif --> host215.ipowerweb.com /public_html/forums/images/XtremeBlue/xtremeblue faq.gif
2004.12.15 18:35 B G:\Documents and Settings\bilbo\My Documents\Switch Skate REOPENED\Forums\Themes\XtremeBlue\xtremeblue\find.gif --> host215.ipowerweb.com /public_html/forums/images/XtremeBlue/xtremeblue find.gif
2004.12.15 18:35 B G:\Documents and Settings\bilbo\My Documents\Switch Skate REOPENED\Forums\Themes\XtremeBlue\xtremeblue\folder.gif --> host215.ipowerweb.com /public_html/forums/images/XtremeBlue/xtremeblue folder.gif
2004.12.15 18:35 B G:\Documents and Settings\bilbo\My Documents\Switch Skate REOPENED\Forums\Themes\XtremeBlue\xtremeblue\home.gif --> host215.ipowerweb.com /public_html/forums/images/XtremeBlue/xtremeblue home.gif
2004.12.15 18:35 B G:\Documents and Settings\bilbo\My Documents\Switch Skate REOPENED\Forums\Themes\XtremeBlue\xtremeblue\hot_folder.gif --> host215.ipowerweb.com /public_html/forums/images/XtremeBlue/xtremeblue hot_folder.gif
2004.12.15 18:35 B G:\Documents and Settings\bilbo\My Documents\Switch Skate REOPENED\Forums\Themes\XtremeBlue\xtremeblue\hot_red_folder.gif --> host215.ipowerweb.com /public_html/forums/images/XtremeBlue/xtremeblue hot_red_folder.gif
2004.12.15 18:35 B G:\Documents and Settings\bilbo\My Documents\Switch Skate REOPENED\Forums\Themes\XtremeBlue\xtremeblue\icq_add.gif --> host215.ipowerweb.com /public_html/forums/images/XtremeBlue/xtremeblue icq_add.gif
2004.12.15 18:35 B G:\Documents and Settings\bilbo\My Documents\Switch Skate REOPENED\Forums\Themes\XtremeBlue\xtremeblue\inbox.gif --> host215.ipowerweb.com /public_html/forums/images/XtremeBlue/xtremeblue inbox.gif
2004.12.15 18:35 B G:\Documents and Settings\bilbo\My Documents\Switch Skate REOPENED\Forums\Themes\XtremeBlue\xtremeblue\index.html --> host215.ipowerweb.com /public_html/forums/images/XtremeBlue/xtremeblue index.html
2004.12.15 18:35 B G:\Documents and Settings\bilbo\My Documents\Switch Skate REOPENED\Forums\Themes\XtremeBlue\xtremeblue\install.php --> host215.ipowerweb.com /public_html/forums/images/XtremeBlue/xtremeblue install.php
2004.12.15 18:35 B G:\Documents and Settings\bilbo\My Documents\Switch Skate REOPENED\Forums\Themes\XtremeBlue\xtremeblue\ip.gif --> host215.ipowerweb.com /public_html/forums/images/XtremeBlue/xtremeblue ip.gif
2004.12.15 18:35 B G:\Documents and Settings\bilbo\My Documents\Switch Skate REOPENED\Forums\Themes\XtremeBlue\xtremeblue\ipost.gif --> host215.ipowerweb.com /public_html/forums/images/XtremeBlue/xtremeblue ipost.gif
2004.12.15 18:35 B G:\Documents and Settings\bilbo\My Documents\Switch Skate REOPENED\Forums\Themes\XtremeBlue\xtremeblue\lastpost.gif --> host215.ipowerweb.com /public_html/forums/images/XtremeBlue/xtremeblue lastpost.gif
2004.12.15 18:35 B G:\Documents and Settings\bilbo\My Documents\Switch Skate REOPENED\Forums\Themes\XtremeBlue\xtremeblue\lock_folder.gif --> host215.ipowerweb.com /public_html/forums/images/XtremeBlue/xtremeblue lock_folder.gif
2004.12.15 18:35 B G:\Documents and Settings\bilbo\My Documents\Switch Skate REOPENED\Forums\Themes\XtremeBlue\xtremeblue\locku2u.gif --> host215.ipowerweb.com /public_html/forums/images/XtremeBlue/xtremeblue locku2u.gif
2004.12.15 18:35 B G:\Documents and Settings\bilbo\My Documents\Switch Skate REOPENED\Forums\Themes\XtremeBlue\xtremeblue\members_list.gif --> host215.ipowerweb.com /public_html/forums/images/XtremeBlue/xtremeblue members_list.gif
2004.12.15 18:35 B G:\Documents and Settings\bilbo\My Documents\Switch Skate REOPENED\Forums\Themes\XtremeBlue\xtremeblue\msn.gif --> host215.ipowerweb.com /public_html/forums/images/XtremeBlue/xtremeblue msn.gif
2004.12.15 18:35 B G:\Documents and Settings\bilbo\My Documents\Switch Skate REOPENED\Forums\Themes\XtremeBlue\xtremeblue\newtopic.gif --> host215.ipowerweb.com /public_html/forums/images/XtremeBlue/xtremeblue newtopic.gif
2004.12.15 18:35 B G:\Documents and Settings\bilbo\My Documents\Switch Skate REOPENED\Forums\Themes\XtremeBlue\xtremeblue\newu2u.gif --> host215.ipowerweb.com /public_html/forums/images/XtremeBlue/xtremeblue newu2u.gif
2004.12.15 18:35 B G:\Documents and Settings\bilbo\My Documents\Switch Skate REOPENED\Forums\Themes\XtremeBlue\xtremeblue\online.gif --> host215.ipowerweb.com /public_html/forums/images/XtremeBlue/xtremeblue online.gif
2004.12.15 18:35 B G:\Documents and Settings\bilbo\My Documents\Switch Skate REOPENED\Forums\Themes\XtremeBlue\xtremeblue\online2.gif --> host215.ipowerweb.com /public_html/forums/images/XtremeBlue/xtremeblue online2.gif
2004.12.15 18:35 B G:\Documents and Settings\bilbo\My Documents\Switch Skate REOPENED\Forums\Themes\XtremeBlue\xtremeblue\outbox.gif --> host215.ipowerweb.com /public_html/forums/images/XtremeBlue/xtremeblue outbox.gif
2004.12.15 18:35 B G:\Documents and Settings\bilbo\My Documents\Switch Skate REOPENED\Forums\Themes\XtremeBlue\xtremeblue\pin.gif --> host215.ipowerweb.com /public_html/forums/images/XtremeBlue/xtremeblue pin.gif
2004.12.15 18:35 B G:\Documents and Settings\bilbo\My Documents\Switch Skate REOPENED\Forums\Themes\XtremeBlue\xtremeblue\pixel.gif --> host215.ipowerweb.com /public_html/forums/images/XtremeBlue/xtremeblue pixel.gif
2004.12.15 18:35 B G:\Documents and Settings\bilbo\My Documents\Switch Skate REOPENED\Forums\Themes\XtremeBlue\xtremeblue\poll.gif --> host215.ipowerweb.com /public_html/forums/images/XtremeBlue/xtremeblue poll.gif
2004.12.15 18:35 B G:\Documents and Settings\bilbo\My Documents\Switch Skate REOPENED\Forums\Themes\XtremeBlue\xtremeblue\pollbar-e.gif --> host215.ipowerweb.com /public_html/forums/images/XtremeBlue/xtremeblue pollbar-e.gif
2004.12.15 18:35 B G:\Documents and Settings\bilbo\My Documents\Switch Skate REOPENED\Forums\Themes\XtremeBlue\xtremeblue\pollbar-s.gif --> host215.ipowerweb.com /public_html/forums/images/XtremeBlue/xtremeblue pollbar-s.gif
2004.12.15 18:35 B G:\Documents and Settings\bilbo\My Documents\Switch Skate REOPENED\Forums\Themes\XtremeBlue\xtremeblue\pollbar.gif --> host215.ipowerweb.com /public_html/forums/images/XtremeBlue/xtremeblue pollbar.gif
2004.12.15 18:35 B G:\Documents and Settings\bilbo\My Documents\Switch Skate REOPENED\Forums\Themes\XtremeBlue\xtremeblue\pollsmall.gif --> host215.ipowerweb.com /public_html/forums/images/XtremeBlue/xtremeblue pollsmall.gif
2004.12.15 18:35 B G:\Documents and Settings\bilbo\My Documents\Switch Skate REOPENED\Forums\Themes\XtremeBlue\xtremeblue\profile.gif --> host215.ipowerweb.com /public_html/forums/images/XtremeBlue/xtremeblue profile.gif
2004.12.15 18:35 B G:\Documents and Settings\bilbo\My Documents\Switch Skate REOPENED\Forums\Themes\XtremeBlue\xtremeblue\quote.gif --> host215.ipowerweb.com /public_html/forums/images/XtremeBlue/xtremeblue quote.gif
2004.12.15 18:35 B G:\Documents and Settings\bilbo\My Documents\Switch Skate REOPENED\Forums\Themes\XtremeBlue\xtremeblue\red_folder.gif --> host215.ipowerweb.com /public_html/forums/images/XtremeBlue/xtremeblue red_folder.gif
2004.12.15 18:35 B G:\Documents and Settings\bilbo\My Documents\Switch Skate REOPENED\Forums\Themes\XtremeBlue\xtremeblue\reply.gif --> host215.ipowerweb.com /public_html/forums/images/XtremeBlue/xtremeblue reply.gif
2004.12.15 18:35 B G:\Documents and Settings\bilbo\My Documents\Switch Skate REOPENED\Forums\Themes\XtremeBlue\xtremeblue\report.gif --> host215.ipowerweb.com /public_html/forums/images/XtremeBlue/xtremeblue report.gif
2004.12.15 18:35 B G:\Documents and Settings\bilbo\My Documents\Switch Skate REOPENED\Forums\Themes\XtremeBlue\xtremeblue\search.gif --> host215.ipowerweb.com /public_html/forums/images/XtremeBlue/xtremeblue search.gif
2004.12.15 18:35 B G:\Documents and Settings\bilbo\My Documents\Switch Skate REOPENED\Forums\Themes\XtremeBlue\xtremeblue\site.gif --> host215.ipowerweb.com /public_html/forums/images/XtremeBlue/xtremeblue site.gif
2004.12.15 18:35 B G:\Documents and Settings\bilbo\My Documents\Switch Skate REOPENED\Forums\Themes\XtremeBlue\xtremeblue\space2.gif --> host215.ipowerweb.com /public_html/forums/images/XtremeBlue/xtremeblue space2.gif
2004.12.15 18:35 B G:\Documents and Settings\bilbo\My Documents\Switch Skate REOPENED\Forums\Themes\XtremeBlue\xtremeblue\star.gif --> host215.ipowerweb.com /public_html/forums/images/XtremeBlue/xtremeblue star.gif
2004.12.15 18:35 B G:\Documents and Settings\bilbo\My Documents\Switch Skate REOPENED\Forums\Themes\XtremeBlue\xtremeblue\stats.gif --> host215.ipowerweb.com /public_html/forums/images/XtremeBlue/xtremeblue stats.gif
2004.12.15 18:35 B G:\Documents and Settings\bilbo\My Documents\Switch Skate REOPENED\Forums\Themes\XtremeBlue\xtremeblue\Thumbs.db --> host215.ipowerweb.com /public_html/forums/images/XtremeBlue/xtremeblue Thumbs.db
2004.12.15 18:35 B G:\Documents and Settings\bilbo\My Documents\Switch Skate REOPENED\Forums\Themes\XtremeBlue\xtremeblue\todays_posts.gif --> host215.ipowerweb.com /public_html/forums/images/XtremeBlue/xtremeblue todays_posts.gif
2004.12.15 18:35 B G:\Documents and Settings\bilbo\My Documents\Switch Skate REOPENED\Forums\Themes\XtremeBlue\xtremeblue\u2u.gif --> host215.ipowerweb.com /public_html/forums/images/XtremeBlue/xtremeblue u2u.gif
2004.12.15 18:35 B G:\Documents and Settings\bilbo\My Documents\Switch Skate REOPENED\Forums\Themes\XtremeBlue\xtremeblue\yahoo.gif --> host215.ipowerweb.com /public_html/forums/images/XtremeBlue/xtremeblue yahoo.gif
