2004.08.26 13:07 B E:\Documents and Settings\Adam Knox\Desktop\last skate world\photoshop\design2\content\c_games\add.html --> ftp.skate-world.net /public_html/content/c_games add.html
2004.08.26 13:07 B E:\Documents and Settings\Adam Knox\Desktop\last skate world\photoshop\design2\content\c_games\add_links.php --> ftp.skate-world.net /public_html/content/c_games add_links.php
2004.08.26 13:07 B E:\Documents and Settings\Adam Knox\Desktop\last skate world\photoshop\design2\content\c_games\delete.php --> ftp.skate-world.net /public_html/content/c_games delete.php
2004.08.26 13:07 B E:\Documents and Settings\Adam Knox\Desktop\last skate world\photoshop\design2\content\c_games\delete_links.php --> ftp.skate-world.net /public_html/content/c_games delete_links.php
2004.08.26 13:07 B E:\Documents and Settings\Adam Knox\Desktop\last skate world\photoshop\design2\content\c_games\index.php --> ftp.skate-world.net /public_html/content/c_games index.php
2004.08.27 16:09 B E:\Documents and Settings\Adam Knox\Desktop\Skate World\1 Current Design\V15\content\c_games\delete.php --> ftp.skate-world.net /public_html/content/c_games delete.php
2004.08.27 21:36 B E:\Documents and Settings\Adam Knox\Desktop\Skate World\1 Current Design\V15\content\c_games\delete.php --> ftp.skate-world.net /public_html/content/c_games delete.php
2004.08.27 22:02 B E:\Documents and Settings\Adam Knox\Desktop\Skate World\1 Current Design\V15\content\c_games\delete.php --> ftp.skate-world.net /public_html/content/c_games delete.php
2004.08.27 22:02 B E:\Documents and Settings\Adam Knox\Desktop\Skate World\1 Current Design\V15\content\c_games\WS_FTP.LOG --> ftp.skate-world.net /public_html/content/c_games WS_FTP.LOG
2004.08.27 22:34 B E:\Documents and Settings\Adam Knox\Desktop\Skate World\1 Current Design\V15\content\c_games\delete.php --> ftp.skate-world.net /public_html/content/c_games delete.php
2004.08.27 22:34 B E:\Documents and Settings\Adam Knox\Desktop\Skate World\1 Current Design\V15\content\c_games\WS_FTP.LOG --> ftp.skate-world.net /public_html/content/c_games WS_FTP.LOG
2004.08.27 22:53 B E:\Documents and Settings\Adam Knox\Desktop\Skate World\1 Current Design\V15\content\c_games\delete.php --> ftp.skate-world.net /public_html/content/c_games delete.php
2004.08.27 22:53 B E:\Documents and Settings\Adam Knox\Desktop\Skate World\1 Current Design\V15\content\c_games\WS_FTP.LOG --> ftp.skate-world.net /public_html/content/c_games WS_FTP.LOG
2004.08.27 23:20 B E:\Documents and Settings\Adam Knox\Desktop\Skate World\1 Current Design\V15\content\c_games\delete.php --> ftp.skate-world.net /public_html/content/c_games delete.php
2004.08.27 23:20 B E:\Documents and Settings\Adam Knox\Desktop\Skate World\1 Current Design\V15\content\c_games\WS_FTP.LOG --> ftp.skate-world.net /public_html/content/c_games WS_FTP.LOG
2004.09.20 16:27 B E:\Documents and Settings\Adam Knox\My Documents\Skate World\backup\content\c_games\WS_FTP.LOG <-- Skate world Temporary /public_html/content/c_games WS_FTP.LOG
2004.10.02 19:31 B G:\Documents and Settings\bilbo\My Documents\SwitchSkate\Current Design\V1\content\c_games\add.html --> host215.ipowerweb.com /public_html/content/c_games add.html
2004.10.02 19:31 B G:\Documents and Settings\bilbo\My Documents\SwitchSkate\Current Design\V1\content\c_games\add_links.php --> host215.ipowerweb.com /public_html/content/c_games add_links.php
2004.10.02 19:31 B G:\Documents and Settings\bilbo\My Documents\SwitchSkate\Current Design\V1\content\c_games\delete.php --> host215.ipowerweb.com /public_html/content/c_games delete.php
2004.10.02 19:31 B G:\Documents and Settings\bilbo\My Documents\SwitchSkate\Current Design\V1\content\c_games\delete_links.php --> host215.ipowerweb.com /public_html/content/c_games delete_links.php
2004.10.02 19:31 B G:\Documents and Settings\bilbo\My Documents\SwitchSkate\Current Design\V1\content\c_games\index.php --> host215.ipowerweb.com /public_html/content/c_games index.php
2004.10.02 19:31 B G:\Documents and Settings\bilbo\My Documents\SwitchSkate\Current Design\V1\content\c_games\WS_FTP.LOG --> host215.ipowerweb.com /public_html/content/c_games WS_FTP.LOG
2004.10.02 22:18 B G:\Documents and Settings\bilbo\My Documents\SwitchSkate\Current Design\V1\content\c_games\WS_FTP.LOG --> host215.ipowerweb.com /public_html/content/c_games WS_FTP.LOG
2004.10.06 23:36 B G:\Documents and Settings\bilbo\My Documents\SwitchSkate\Current Design\V1\content\c_games\WS_FTP.LOG --> host215.ipowerweb.com /public_html/content/c_games WS_FTP.LOG
2004.10.06 23:49 B G:\Documents and Settings\bilbo\My Documents\SwitchSkate\Current Design\V1\content\c_games\WS_FTP.LOG --> host215.ipowerweb.com /public_html/content/c_games WS_FTP.LOG
