2004.12.15 18:26 B G:\Documents and Settings\bilbo\My Documents\Switch Skate REOPENED\Forums\Themes\GraphicMinded\gm\address.gif --> host215.ipowerweb.com /public_html/forums/images/GraphicMinded/gm address.gif
2004.12.15 18:26 B G:\Documents and Settings\bilbo\My Documents\Switch Skate REOPENED\Forums\Themes\GraphicMinded\gm\aim.gif --> host215.ipowerweb.com /public_html/forums/images/GraphicMinded/gm aim.gif
2004.12.15 18:26 B G:\Documents and Settings\bilbo\My Documents\Switch Skate REOPENED\Forums\Themes\GraphicMinded\gm\arrow_dw.gif --> host215.ipowerweb.com /public_html/forums/images/GraphicMinded/gm arrow_dw.gif
2004.12.15 18:26 B G:\Documents and Settings\bilbo\My Documents\Switch Skate REOPENED\Forums\Themes\GraphicMinded\gm\arrow_up.gif --> host215.ipowerweb.com /public_html/forums/images/GraphicMinded/gm arrow_up.gif
2004.12.15 18:26 B G:\Documents and Settings\bilbo\My Documents\Switch Skate REOPENED\Forums\Themes\GraphicMinded\gm\bb_bold.gif --> host215.ipowerweb.com /public_html/forums/images/GraphicMinded/gm bb_bold.gif
2004.12.15 18:26 B G:\Documents and Settings\bilbo\My Documents\Switch Skate REOPENED\Forums\Themes\GraphicMinded\gm\bb_center.gif --> host215.ipowerweb.com /public_html/forums/images/GraphicMinded/gm bb_center.gif
2004.12.15 18:26 B G:\Documents and Settings\bilbo\My Documents\Switch Skate REOPENED\Forums\Themes\GraphicMinded\gm\bb_code.gif --> host215.ipowerweb.com /public_html/forums/images/GraphicMinded/gm bb_code.gif
2004.12.15 18:26 B G:\Documents and Settings\bilbo\My Documents\Switch Skate REOPENED\Forums\Themes\GraphicMinded\gm\bb_email.gif --> host215.ipowerweb.com /public_html/forums/images/GraphicMinded/gm bb_email.gif
2004.12.15 18:26 B G:\Documents and Settings\bilbo\My Documents\Switch Skate REOPENED\Forums\Themes\GraphicMinded\gm\bb_image.gif --> host215.ipowerweb.com /public_html/forums/images/GraphicMinded/gm bb_image.gif
2004.12.15 18:26 B G:\Documents and Settings\bilbo\My Documents\Switch Skate REOPENED\Forums\Themes\GraphicMinded\gm\bb_italicize.gif --> host215.ipowerweb.com /public_html/forums/images/GraphicMinded/gm bb_italicize.gif
2004.12.15 18:26 B G:\Documents and Settings\bilbo\My Documents\Switch Skate REOPENED\Forums\Themes\GraphicMinded\gm\bb_list.gif --> host215.ipowerweb.com /public_html/forums/images/GraphicMinded/gm bb_list.gif
2004.12.15 18:26 B G:\Documents and Settings\bilbo\My Documents\Switch Skate REOPENED\Forums\Themes\GraphicMinded\gm\bb_quote.gif --> host215.ipowerweb.com /public_html/forums/images/GraphicMinded/gm bb_quote.gif
2004.12.15 18:26 B G:\Documents and Settings\bilbo\My Documents\Switch Skate REOPENED\Forums\Themes\GraphicMinded\gm\bb_underline.gif --> host215.ipowerweb.com /public_html/forums/images/GraphicMinded/gm bb_underline.gif
2004.12.15 18:26 B G:\Documents and Settings\bilbo\My Documents\Switch Skate REOPENED\Forums\Themes\GraphicMinded\gm\bb_url.gif --> host215.ipowerweb.com /public_html/forums/images/GraphicMinded/gm bb_url.gif
2004.12.15 18:26 B G:\Documents and Settings\bilbo\My Documents\Switch Skate REOPENED\Forums\Themes\GraphicMinded\gm\bbrules.gif --> host215.ipowerweb.com /public_html/forums/images/GraphicMinded/gm bbrules.gif
2004.12.15 18:26 B G:\Documents and Settings\bilbo\My Documents\Switch Skate REOPENED\Forums\Themes\GraphicMinded\gm\cat.gif --> host215.ipowerweb.com /public_html/forums/images/GraphicMinded/gm cat.gif
2004.12.15 18:26 B G:\Documents and Settings\bilbo\My Documents\Switch Skate REOPENED\Forums\Themes\GraphicMinded\gm\dot_folder.gif --> host215.ipowerweb.com /public_html/forums/images/GraphicMinded/gm dot_folder.gif
2004.12.15 18:26 B G:\Documents and Settings\bilbo\My Documents\Switch Skate REOPENED\Forums\Themes\GraphicMinded\gm\dot_hot_folder.gif --> host215.ipowerweb.com /public_html/forums/images/GraphicMinded/gm dot_hot_folder.gif
2004.12.15 18:26 B G:\Documents and Settings\bilbo\My Documents\Switch Skate REOPENED\Forums\Themes\GraphicMinded\gm\dot_hot_red_folder.gif --> host215.ipowerweb.com /public_html/forums/images/GraphicMinded/gm dot_hot_red_folder.gif
2004.12.15 18:26 B G:\Documents and Settings\bilbo\My Documents\Switch Skate REOPENED\Forums\Themes\GraphicMinded\gm\dot_red_folder.gif --> host215.ipowerweb.com /public_html/forums/images/GraphicMinded/gm dot_red_folder.gif
2004.12.15 18:26 B G:\Documents and Settings\bilbo\My Documents\Switch Skate REOPENED\Forums\Themes\GraphicMinded\gm\edit.gif --> host215.ipowerweb.com /public_html/forums/images/GraphicMinded/gm edit.gif
2004.12.15 18:26 B G:\Documents and Settings\bilbo\My Documents\Switch Skate REOPENED\Forums\Themes\GraphicMinded\gm\email.gif --> host215.ipowerweb.com /public_html/forums/images/GraphicMinded/gm email.gif
2004.12.15 18:26 B G:\Documents and Settings\bilbo\My Documents\Switch Skate REOPENED\Forums\Themes\GraphicMinded\gm\faq.gif --> host215.ipowerweb.com /public_html/forums/images/GraphicMinded/gm faq.gif
2004.12.15 18:26 B G:\Documents and Settings\bilbo\My Documents\Switch Skate REOPENED\Forums\Themes\GraphicMinded\gm\find.gif --> host215.ipowerweb.com /public_html/forums/images/GraphicMinded/gm find.gif
2004.12.15 18:26 B G:\Documents and Settings\bilbo\My Documents\Switch Skate REOPENED\Forums\Themes\GraphicMinded\gm\folder.gif --> host215.ipowerweb.com /public_html/forums/images/GraphicMinded/gm folder.gif
2004.12.15 18:26 B G:\Documents and Settings\bilbo\My Documents\Switch Skate REOPENED\Forums\Themes\GraphicMinded\gm\head.gif --> host215.ipowerweb.com /public_html/forums/images/GraphicMinded/gm head.gif
2004.12.15 18:26 B G:\Documents and Settings\bilbo\My Documents\Switch Skate REOPENED\Forums\Themes\GraphicMinded\gm\home.gif --> host215.ipowerweb.com /public_html/forums/images/GraphicMinded/gm home.gif
2004.12.15 18:26 B G:\Documents and Settings\bilbo\My Documents\Switch Skate REOPENED\Forums\Themes\GraphicMinded\gm\hot_folder.gif --> host215.ipowerweb.com /public_html/forums/images/GraphicMinded/gm hot_folder.gif
2004.12.15 18:26 B G:\Documents and Settings\bilbo\My Documents\Switch Skate REOPENED\Forums\Themes\GraphicMinded\gm\hot_red_folder.gif --> host215.ipowerweb.com /public_html/forums/images/GraphicMinded/gm hot_red_folder.gif
2004.12.15 18:26 B G:\Documents and Settings\bilbo\My Documents\Switch Skate REOPENED\Forums\Themes\GraphicMinded\gm\icq_add.gif --> host215.ipowerweb.com /public_html/forums/images/GraphicMinded/gm icq_add.gif
2004.12.15 18:26 B G:\Documents and Settings\bilbo\My Documents\Switch Skate REOPENED\Forums\Themes\GraphicMinded\gm\inbox.gif --> host215.ipowerweb.com /public_html/forums/images/GraphicMinded/gm inbox.gif
2004.12.15 18:26 B G:\Documents and Settings\bilbo\My Documents\Switch Skate REOPENED\Forums\Themes\GraphicMinded\gm\index.html --> host215.ipowerweb.com /public_html/forums/images/GraphicMinded/gm index.html
2004.12.15 18:26 B G:\Documents and Settings\bilbo\My Documents\Switch Skate REOPENED\Forums\Themes\GraphicMinded\gm\ip.gif --> host215.ipowerweb.com /public_html/forums/images/GraphicMinded/gm ip.gif
2004.12.15 18:26 B G:\Documents and Settings\bilbo\My Documents\Switch Skate REOPENED\Forums\Themes\GraphicMinded\gm\ipost.gif --> host215.ipowerweb.com /public_html/forums/images/GraphicMinded/gm ipost.gif
2004.12.15 18:26 B G:\Documents and Settings\bilbo\My Documents\Switch Skate REOPENED\Forums\Themes\GraphicMinded\gm\lastpost.gif --> host215.ipowerweb.com /public_html/forums/images/GraphicMinded/gm lastpost.gif
2004.12.15 18:26 B G:\Documents and Settings\bilbo\My Documents\Switch Skate REOPENED\Forums\Themes\GraphicMinded\gm\lock_folder.gif --> host215.ipowerweb.com /public_html/forums/images/GraphicMinded/gm lock_folder.gif
2004.12.15 18:26 B G:\Documents and Settings\bilbo\My Documents\Switch Skate REOPENED\Forums\Themes\GraphicMinded\gm\locku2u.gif --> host215.ipowerweb.com /public_html/forums/images/GraphicMinded/gm locku2u.gif
2004.12.15 18:26 B G:\Documents and Settings\bilbo\My Documents\Switch Skate REOPENED\Forums\Themes\GraphicMinded\gm\logo.gif --> host215.ipowerweb.com /public_html/forums/images/GraphicMinded/gm logo.gif
2004.12.15 18:26 B G:\Documents and Settings\bilbo\My Documents\Switch Skate REOPENED\Forums\Themes\GraphicMinded\gm\members_list.gif --> host215.ipowerweb.com /public_html/forums/images/GraphicMinded/gm members_list.gif
2004.12.15 18:26 B G:\Documents and Settings\bilbo\My Documents\Switch Skate REOPENED\Forums\Themes\GraphicMinded\gm\msn.gif --> host215.ipowerweb.com /public_html/forums/images/GraphicMinded/gm msn.gif
2004.12.15 18:26 B G:\Documents and Settings\bilbo\My Documents\Switch Skate REOPENED\Forums\Themes\GraphicMinded\gm\newtopic.gif --> host215.ipowerweb.com /public_html/forums/images/GraphicMinded/gm newtopic.gif
2004.12.15 18:26 B G:\Documents and Settings\bilbo\My Documents\Switch Skate REOPENED\Forums\Themes\GraphicMinded\gm\newu2u.gif --> host215.ipowerweb.com /public_html/forums/images/GraphicMinded/gm newu2u.gif
2004.12.15 18:26 B G:\Documents and Settings\bilbo\My Documents\Switch Skate REOPENED\Forums\Themes\GraphicMinded\gm\online.gif --> host215.ipowerweb.com /public_html/forums/images/GraphicMinded/gm online.gif
2004.12.15 18:26 B G:\Documents and Settings\bilbo\My Documents\Switch Skate REOPENED\Forums\Themes\GraphicMinded\gm\online2.gif --> host215.ipowerweb.com /public_html/forums/images/GraphicMinded/gm online2.gif
2004.12.15 18:26 B G:\Documents and Settings\bilbo\My Documents\Switch Skate REOPENED\Forums\Themes\GraphicMinded\gm\outbox.gif --> host215.ipowerweb.com /public_html/forums/images/GraphicMinded/gm outbox.gif
2004.12.15 18:26 B G:\Documents and Settings\bilbo\My Documents\Switch Skate REOPENED\Forums\Themes\GraphicMinded\gm\pin.gif --> host215.ipowerweb.com /public_html/forums/images/GraphicMinded/gm pin.gif
2004.12.15 18:26 B G:\Documents and Settings\bilbo\My Documents\Switch Skate REOPENED\Forums\Themes\GraphicMinded\gm\pixel.gif --> host215.ipowerweb.com /public_html/forums/images/GraphicMinded/gm pixel.gif
2004.12.15 18:26 B G:\Documents and Settings\bilbo\My Documents\Switch Skate REOPENED\Forums\Themes\GraphicMinded\gm\poll.gif --> host215.ipowerweb.com /public_html/forums/images/GraphicMinded/gm poll.gif
2004.12.15 18:26 B G:\Documents and Settings\bilbo\My Documents\Switch Skate REOPENED\Forums\Themes\GraphicMinded\gm\pollbar-e.gif --> host215.ipowerweb.com /public_html/forums/images/GraphicMinded/gm pollbar-e.gif
2004.12.15 18:26 B G:\Documents and Settings\bilbo\My Documents\Switch Skate REOPENED\Forums\Themes\GraphicMinded\gm\pollbar-s.gif --> host215.ipowerweb.com /public_html/forums/images/GraphicMinded/gm pollbar-s.gif
2004.12.15 18:26 B G:\Documents and Settings\bilbo\My Documents\Switch Skate REOPENED\Forums\Themes\GraphicMinded\gm\pollbar.gif --> host215.ipowerweb.com /public_html/forums/images/GraphicMinded/gm pollbar.gif
2004.12.15 18:26 B G:\Documents and Settings\bilbo\My Documents\Switch Skate REOPENED\Forums\Themes\GraphicMinded\gm\pollsmall.gif --> host215.ipowerweb.com /public_html/forums/images/GraphicMinded/gm pollsmall.gif
2004.12.15 18:26 B G:\Documents and Settings\bilbo\My Documents\Switch Skate REOPENED\Forums\Themes\GraphicMinded\gm\profile.gif --> host215.ipowerweb.com /public_html/forums/images/GraphicMinded/gm profile.gif
2004.12.15 18:26 B G:\Documents and Settings\bilbo\My Documents\Switch Skate REOPENED\Forums\Themes\GraphicMinded\gm\quote.gif --> host215.ipowerweb.com /public_html/forums/images/GraphicMinded/gm quote.gif
2004.12.15 18:26 B G:\Documents and Settings\bilbo\My Documents\Switch Skate REOPENED\Forums\Themes\GraphicMinded\gm\red_folder.gif --> host215.ipowerweb.com /public_html/forums/images/GraphicMinded/gm red_folder.gif
2004.12.15 18:26 B G:\Documents and Settings\bilbo\My Documents\Switch Skate REOPENED\Forums\Themes\GraphicMinded\gm\reply.gif --> host215.ipowerweb.com /public_html/forums/images/GraphicMinded/gm reply.gif
2004.12.15 18:27 B G:\Documents and Settings\bilbo\My Documents\Switch Skate REOPENED\Forums\Themes\GraphicMinded\gm\report.gif --> host215.ipowerweb.com /public_html/forums/images/GraphicMinded/gm report.gif
2004.12.15 18:27 B G:\Documents and Settings\bilbo\My Documents\Switch Skate REOPENED\Forums\Themes\GraphicMinded\gm\search.gif --> host215.ipowerweb.com /public_html/forums/images/GraphicMinded/gm search.gif
2004.12.15 18:27 B G:\Documents and Settings\bilbo\My Documents\Switch Skate REOPENED\Forums\Themes\GraphicMinded\gm\site.gif --> host215.ipowerweb.com /public_html/forums/images/GraphicMinded/gm site.gif
2004.12.15 18:27 B G:\Documents and Settings\bilbo\My Documents\Switch Skate REOPENED\Forums\Themes\GraphicMinded\gm\space2.gif --> host215.ipowerweb.com /public_html/forums/images/GraphicMinded/gm space2.gif
2004.12.15 18:27 B G:\Documents and Settings\bilbo\My Documents\Switch Skate REOPENED\Forums\Themes\GraphicMinded\gm\star.gif --> host215.ipowerweb.com /public_html/forums/images/GraphicMinded/gm star.gif
2004.12.15 18:27 B G:\Documents and Settings\bilbo\My Documents\Switch Skate REOPENED\Forums\Themes\GraphicMinded\gm\stats.gif --> host215.ipowerweb.com /public_html/forums/images/GraphicMinded/gm stats.gif
2004.12.15 18:27 B G:\Documents and Settings\bilbo\My Documents\Switch Skate REOPENED\Forums\Themes\GraphicMinded\gm\Thumbs.db --> host215.ipowerweb.com /public_html/forums/images/GraphicMinded/gm Thumbs.db
2004.12.15 18:27 B G:\Documents and Settings\bilbo\My Documents\Switch Skate REOPENED\Forums\Themes\GraphicMinded\gm\todays_posts.gif --> host215.ipowerweb.com /public_html/forums/images/GraphicMinded/gm todays_posts.gif
2004.12.15 18:27 B G:\Documents and Settings\bilbo\My Documents\Switch Skate REOPENED\Forums\Themes\GraphicMinded\gm\u2u.gif --> host215.ipowerweb.com /public_html/forums/images/GraphicMinded/gm u2u.gif
2004.12.15 18:27 B G:\Documents and Settings\bilbo\My Documents\Switch Skate REOPENED\Forums\Themes\GraphicMinded\gm\yahoo.gif --> host215.ipowerweb.com /public_html/forums/images/GraphicMinded/gm yahoo.gif
