2005.01.17 04:29 B G:\Documents and Settings\bilbo\My Documents\Switch Skate REOPENED\Forums\Themes\greenwave\smilies\alien384.gif --> host215.ipowerweb.com /public_html/forums/images/greenwave/smilies alien384.gif
2005.01.17 04:29 B G:\Documents and Settings\bilbo\My Documents\Switch Skate REOPENED\Forums\Themes\greenwave\smilies\alien8.gif --> host215.ipowerweb.com /public_html/forums/images/greenwave/smilies alien8.gif
2005.01.17 04:29 B G:\Documents and Settings\bilbo\My Documents\Switch Skate REOPENED\Forums\Themes\greenwave\smilies\baddevil.gif --> host215.ipowerweb.com /public_html/forums/images/greenwave/smilies baddevil.gif
2005.01.17 04:29 B G:\Documents and Settings\bilbo\My Documents\Switch Skate REOPENED\Forums\Themes\greenwave\smilies\biggrin.gif --> host215.ipowerweb.com /public_html/forums/images/greenwave/smilies biggrin.gif
2005.01.17 04:29 B G:\Documents and Settings\bilbo\My Documents\Switch Skate REOPENED\Forums\Themes\greenwave\smilies\bird.gif --> host215.ipowerweb.com /public_html/forums/images/greenwave/smilies bird.gif
2005.01.17 04:29 B G:\Documents and Settings\bilbo\My Documents\Switch Skate REOPENED\Forums\Themes\greenwave\smilies\borg.gif --> host215.ipowerweb.com /public_html/forums/images/greenwave/smilies borg.gif
2005.01.17 04:29 B G:\Documents and Settings\bilbo\My Documents\Switch Skate REOPENED\Forums\Themes\greenwave\smilies\cool.gif --> host215.ipowerweb.com /public_html/forums/images/greenwave/smilies cool.gif
2005.01.17 04:29 B G:\Documents and Settings\bilbo\My Documents\Switch Skate REOPENED\Forums\Themes\greenwave\smilies\cool2.gif --> host215.ipowerweb.com /public_html/forums/images/greenwave/smilies cool2.gif
2005.01.17 04:29 B G:\Documents and Settings\bilbo\My Documents\Switch Skate REOPENED\Forums\Themes\greenwave\smilies\duh.gif --> host215.ipowerweb.com /public_html/forums/images/greenwave/smilies duh.gif
2005.01.17 04:29 B G:\Documents and Settings\bilbo\My Documents\Switch Skate REOPENED\Forums\Themes\greenwave\smilies\exclamation.gif --> host215.ipowerweb.com /public_html/forums/images/greenwave/smilies exclamation.gif
2005.01.17 04:29 B G:\Documents and Settings\bilbo\My Documents\Switch Skate REOPENED\Forums\Themes\greenwave\smilies\frog.gif --> host215.ipowerweb.com /public_html/forums/images/greenwave/smilies frog.gif
2005.01.17 04:29 B G:\Documents and Settings\bilbo\My Documents\Switch Skate REOPENED\Forums\Themes\greenwave\smilies\info.gif --> host215.ipowerweb.com /public_html/forums/images/greenwave/smilies info.gif
2005.01.17 04:29 B G:\Documents and Settings\bilbo\My Documents\Switch Skate REOPENED\Forums\Themes\greenwave\smilies\karate.gif --> host215.ipowerweb.com /public_html/forums/images/greenwave/smilies karate.gif
2005.01.17 04:29 B G:\Documents and Settings\bilbo\My Documents\Switch Skate REOPENED\Forums\Themes\greenwave\smilies\lol.gif --> host215.ipowerweb.com /public_html/forums/images/greenwave/smilies lol.gif
2005.01.17 04:29 B G:\Documents and Settings\bilbo\My Documents\Switch Skate REOPENED\Forums\Themes\greenwave\smilies\mad.gif --> host215.ipowerweb.com /public_html/forums/images/greenwave/smilies mad.gif
2005.01.17 04:29 B G:\Documents and Settings\bilbo\My Documents\Switch Skate REOPENED\Forums\Themes\greenwave\smilies\ninja.gif --> host215.ipowerweb.com /public_html/forums/images/greenwave/smilies ninja.gif
2005.01.17 04:29 B G:\Documents and Settings\bilbo\My Documents\Switch Skate REOPENED\Forums\Themes\greenwave\smilies\oink.gif --> host215.ipowerweb.com /public_html/forums/images/greenwave/smilies oink.gif
2005.01.17 04:29 B G:\Documents and Settings\bilbo\My Documents\Switch Skate REOPENED\Forums\Themes\greenwave\smilies\question.gif --> host215.ipowerweb.com /public_html/forums/images/greenwave/smilies question.gif
2005.01.17 04:29 B G:\Documents and Settings\bilbo\My Documents\Switch Skate REOPENED\Forums\Themes\greenwave\smilies\rodent.gif --> host215.ipowerweb.com /public_html/forums/images/greenwave/smilies rodent.gif
2005.01.17 04:29 B G:\Documents and Settings\bilbo\My Documents\Switch Skate REOPENED\Forums\Themes\greenwave\smilies\rolleyes.gif --> host215.ipowerweb.com /public_html/forums/images/greenwave/smilies rolleyes.gif
2005.01.17 04:29 B G:\Documents and Settings\bilbo\My Documents\Switch Skate REOPENED\Forums\Themes\greenwave\smilies\sad.gif --> host215.ipowerweb.com /public_html/forums/images/greenwave/smilies sad.gif
2005.01.17 04:29 B G:\Documents and Settings\bilbo\My Documents\Switch Skate REOPENED\Forums\Themes\greenwave\smilies\saint2.gif --> host215.ipowerweb.com /public_html/forums/images/greenwave/smilies saint2.gif
2005.01.17 04:29 B G:\Documents and Settings\bilbo\My Documents\Switch Skate REOPENED\Forums\Themes\greenwave\smilies\shocked.gif --> host215.ipowerweb.com /public_html/forums/images/greenwave/smilies shocked.gif
2005.01.17 04:29 B G:\Documents and Settings\bilbo\My Documents\Switch Skate REOPENED\Forums\Themes\greenwave\smilies\singing.gif --> host215.ipowerweb.com /public_html/forums/images/greenwave/smilies singing.gif
2005.01.17 04:29 B G:\Documents and Settings\bilbo\My Documents\Switch Skate REOPENED\Forums\Themes\greenwave\smilies\smile.gif --> host215.ipowerweb.com /public_html/forums/images/greenwave/smilies smile.gif
2005.01.17 04:29 B G:\Documents and Settings\bilbo\My Documents\Switch Skate REOPENED\Forums\Themes\greenwave\smilies\thumbdown.gif --> host215.ipowerweb.com /public_html/forums/images/greenwave/smilies thumbdown.gif
2005.01.17 04:29 B G:\Documents and Settings\bilbo\My Documents\Switch Skate REOPENED\Forums\Themes\greenwave\smilies\thumbup.gif --> host215.ipowerweb.com /public_html/forums/images/greenwave/smilies thumbup.gif
2005.01.17 04:29 B G:\Documents and Settings\bilbo\My Documents\Switch Skate REOPENED\Forums\Themes\greenwave\smilies\ticking.gif --> host215.ipowerweb.com /public_html/forums/images/greenwave/smilies ticking.gif
2005.01.17 04:29 B G:\Documents and Settings\bilbo\My Documents\Switch Skate REOPENED\Forums\Themes\greenwave\smilies\tongue.gif --> host215.ipowerweb.com /public_html/forums/images/greenwave/smilies tongue.gif
2005.01.17 04:29 B G:\Documents and Settings\bilbo\My Documents\Switch Skate REOPENED\Forums\Themes\greenwave\smilies\wink.gif --> host215.ipowerweb.com /public_html/forums/images/greenwave/smilies wink.gif
2005.01.17 04:29 B G:\Documents and Settings\bilbo\My Documents\Switch Skate REOPENED\Forums\Themes\greenwave\smilies\wow.gif --> host215.ipowerweb.com /public_html/forums/images/greenwave/smilies wow.gif
2005.01.17 04:29 B G:\Documents and Settings\bilbo\My Documents\Switch Skate REOPENED\Forums\Themes\greenwave\smilies\yawn.gif --> host215.ipowerweb.com /public_html/forums/images/greenwave/smilies yawn.gif
2005.01.17 04:29 B G:\Documents and Settings\bilbo\My Documents\Switch Skate REOPENED\Forums\Themes\greenwave\smilies\yes.gif --> host215.ipowerweb.com /public_html/forums/images/greenwave/smilies yes.gif
