2004.08.27 02:04 B E:\Documents and Settings\Adam Knox\Desktop\Skate World\1 Current Design\V15\content\news\index.php --> ftp.skate-world.net /public_html/content/news index.php
2004.08.27 16:09 B E:\Documents and Settings\Adam Knox\Desktop\Skate World\1 Current Design\V15\content\news\delete.php --> ftp.skate-world.net /public_html/content/news delete.php
2004.08.27 16:09 B E:\Documents and Settings\Adam Knox\Desktop\Skate World\1 Current Design\V15\content\news\index.php --> ftp.skate-world.net /public_html/content/news index.php
2004.08.27 16:09 B E:\Documents and Settings\Adam Knox\Desktop\Skate World\1 Current Design\V15\content\news\WS_FTP.LOG --> ftp.skate-world.net /public_html/content/news WS_FTP.LOG
2004.08.27 22:03 B E:\Documents and Settings\Adam Knox\Desktop\Skate World\1 Current Design\V15\content\news\delete.php --> ftp.skate-world.net /public_html/content/news delete.php
2004.08.27 22:03 B E:\Documents and Settings\Adam Knox\Desktop\Skate World\1 Current Design\V15\content\news\WS_FTP.LOG --> ftp.skate-world.net /public_html/content/news WS_FTP.LOG
2004.08.27 22:35 B E:\Documents and Settings\Adam Knox\Desktop\Skate World\1 Current Design\V15\content\news\delete.php --> ftp.skate-world.net /public_html/content/news delete.php
2004.08.27 22:35 B E:\Documents and Settings\Adam Knox\Desktop\Skate World\1 Current Design\V15\content\news\WS_FTP.LOG --> ftp.skate-world.net /public_html/content/news WS_FTP.LOG
2004.08.27 22:54 B E:\Documents and Settings\Adam Knox\Desktop\Skate World\1 Current Design\V15\content\news\delete.php --> ftp.skate-world.net /public_html/content/news delete.php
2004.08.27 22:54 B E:\Documents and Settings\Adam Knox\Desktop\Skate World\1 Current Design\V15\content\news\WS_FTP.LOG --> ftp.skate-world.net /public_html/content/news WS_FTP.LOG
2004.08.27 23:21 B E:\Documents and Settings\Adam Knox\Desktop\Skate World\1 Current Design\V15\content\news\delete.php --> ftp.skate-world.net /public_html/content/news delete.php
2004.08.27 23:21 B E:\Documents and Settings\Adam Knox\Desktop\Skate World\1 Current Design\V15\content\news\WS_FTP.LOG --> ftp.skate-world.net /public_html/content/news WS_FTP.LOG
2004.09.20 16:29 B E:\Documents and Settings\Adam Knox\My Documents\Skate World\backup\content\news\WS_FTP.LOG <-- Skate world Temporary /public_html/content/news WS_FTP.LOG
2004.10.02 19:35 B G:\Documents and Settings\bilbo\My Documents\SwitchSkate\Current Design\V1\content\news\add.html --> host215.ipowerweb.com /public_html/content/news add.html
2004.10.02 19:35 B G:\Documents and Settings\bilbo\My Documents\SwitchSkate\Current Design\V1\content\news\add_links.php --> host215.ipowerweb.com /public_html/content/news add_links.php
2004.10.02 19:35 B G:\Documents and Settings\bilbo\My Documents\SwitchSkate\Current Design\V1\content\news\delete.php --> host215.ipowerweb.com /public_html/content/news delete.php
2004.10.02 19:35 B G:\Documents and Settings\bilbo\My Documents\SwitchSkate\Current Design\V1\content\news\delete_links.php --> host215.ipowerweb.com /public_html/content/news delete_links.php
2004.10.02 19:35 B G:\Documents and Settings\bilbo\My Documents\SwitchSkate\Current Design\V1\content\news\goodindex.php --> host215.ipowerweb.com /public_html/content/news goodindex.php
2004.10.02 19:35 B G:\Documents and Settings\bilbo\My Documents\SwitchSkate\Current Design\V1\content\news\index.php --> host215.ipowerweb.com /public_html/content/news index.php
2004.10.02 19:35 B G:\Documents and Settings\bilbo\My Documents\SwitchSkate\Current Design\V1\content\news\WS_FTP.LOG --> host215.ipowerweb.com /public_html/content/news WS_FTP.LOG
2004.10.02 22:19 B G:\Documents and Settings\bilbo\My Documents\SwitchSkate\Current Design\V1\content\news\WS_FTP.LOG --> host215.ipowerweb.com /public_html/content/news WS_FTP.LOG
2004.10.02 22:24 B G:\Documents and Settings\bilbo\My Documents\SwitchSkate\Current Design\V1\content\news\index.php --> host215.ipowerweb.com /public_html/content/news index.php
2004.10.02 22:24 B G:\Documents and Settings\bilbo\My Documents\SwitchSkate\Current Design\V1\content\news\WS_FTP.LOG --> host215.ipowerweb.com /public_html/content/news WS_FTP.LOG
2004.10.02 22:24 B G:\Documents and Settings\bilbo\My Documents\SwitchSkate\Current Design\V1\content\news\index.php --> host215.ipowerweb.com /public_html/content/news index.php
2004.10.02 22:24 B G:\Documents and Settings\bilbo\My Documents\SwitchSkate\Current Design\V1\content\news\WS_FTP.LOG --> host215.ipowerweb.com /public_html/content/news WS_FTP.LOG
2004.10.06 23:37 B G:\Documents and Settings\bilbo\My Documents\SwitchSkate\Current Design\V1\content\news\index.php --> host215.ipowerweb.com /public_html/content/news index.php
2004.10.06 23:37 B G:\Documents and Settings\bilbo\My Documents\SwitchSkate\Current Design\V1\content\news\WS_FTP.LOG --> host215.ipowerweb.com /public_html/content/news WS_FTP.LOG
2004.10.06 23:50 B G:\Documents and Settings\bilbo\My Documents\SwitchSkate\Current Design\V1\content\news\WS_FTP.LOG --> host215.ipowerweb.com /public_html/content/news WS_FTP.LOG
