2004.08.26 15:41 B E:\Documents and Settings\Adam Knox\Desktop\SKATE WORLD UNCLEAN\public_html\images\avatars\Cartoons\1034.jpg <-- Skate world /public_html/images/avatars/Cartoons 1034.jpg
2004.08.26 15:41 B E:\Documents and Settings\Adam Knox\Desktop\SKATE WORLD UNCLEAN\public_html\images\avatars\Cartoons\10558.jpg <-- Skate world /public_html/images/avatars/Cartoons 10558.jpg
2004.08.26 15:41 B E:\Documents and Settings\Adam Knox\Desktop\SKATE WORLD UNCLEAN\public_html\images\avatars\Cartoons\1080.jpg <-- Skate world /public_html/images/avatars/Cartoons 1080.jpg
2004.08.26 15:41 B E:\Documents and Settings\Adam Knox\Desktop\SKATE WORLD UNCLEAN\public_html\images\avatars\Cartoons\1105.jpg <-- Skate world /public_html/images/avatars/Cartoons 1105.jpg
2004.08.26 15:41 B E:\Documents and Settings\Adam Knox\Desktop\SKATE WORLD UNCLEAN\public_html\images\avatars\Cartoons\1112.jpg <-- Skate world /public_html/images/avatars/Cartoons 1112.jpg
2004.08.26 15:41 B E:\Documents and Settings\Adam Knox\Desktop\SKATE WORLD UNCLEAN\public_html\images\avatars\Cartoons\1361.jpg <-- Skate world /public_html/images/avatars/Cartoons 1361.jpg
2004.08.26 15:41 B E:\Documents and Settings\Adam Knox\Desktop\SKATE WORLD UNCLEAN\public_html\images\avatars\Cartoons\1884.gif <-- Skate world /public_html/images/avatars/Cartoons 1884.gif
2004.08.26 15:41 B E:\Documents and Settings\Adam Knox\Desktop\SKATE WORLD UNCLEAN\public_html\images\avatars\Cartoons\1966.gif <-- Skate world /public_html/images/avatars/Cartoons 1966.gif
2004.08.26 15:41 B E:\Documents and Settings\Adam Knox\Desktop\SKATE WORLD UNCLEAN\public_html\images\avatars\Cartoons\2516.jpg <-- Skate world /public_html/images/avatars/Cartoons 2516.jpg
2004.08.26 15:41 B E:\Documents and Settings\Adam Knox\Desktop\SKATE WORLD UNCLEAN\public_html\images\avatars\Cartoons\2771.gif <-- Skate world /public_html/images/avatars/Cartoons 2771.gif
2004.08.26 15:41 B E:\Documents and Settings\Adam Knox\Desktop\SKATE WORLD UNCLEAN\public_html\images\avatars\Cartoons\2879.gif <-- Skate world /public_html/images/avatars/Cartoons 2879.gif
2004.08.26 15:41 B E:\Documents and Settings\Adam Knox\Desktop\SKATE WORLD UNCLEAN\public_html\images\avatars\Cartoons\304.jpg <-- Skate world /public_html/images/avatars/Cartoons 304.jpg
2004.08.26 15:41 B E:\Documents and Settings\Adam Knox\Desktop\SKATE WORLD UNCLEAN\public_html\images\avatars\Cartoons\310.jpg <-- Skate world /public_html/images/avatars/Cartoons 310.jpg
2004.08.26 15:41 B E:\Documents and Settings\Adam Knox\Desktop\SKATE WORLD UNCLEAN\public_html\images\avatars\Cartoons\314.jpg <-- Skate world /public_html/images/avatars/Cartoons 314.jpg
2004.08.26 15:41 B E:\Documents and Settings\Adam Knox\Desktop\SKATE WORLD UNCLEAN\public_html\images\avatars\Cartoons\4281.gif <-- Skate world /public_html/images/avatars/Cartoons 4281.gif
2004.08.26 15:41 B E:\Documents and Settings\Adam Knox\Desktop\SKATE WORLD UNCLEAN\public_html\images\avatars\Cartoons\431.jpg <-- Skate world /public_html/images/avatars/Cartoons 431.jpg
2004.08.26 15:41 B E:\Documents and Settings\Adam Knox\Desktop\SKATE WORLD UNCLEAN\public_html\images\avatars\Cartoons\439.gif <-- Skate world /public_html/images/avatars/Cartoons 439.gif
2004.08.26 15:41 B E:\Documents and Settings\Adam Knox\Desktop\SKATE WORLD UNCLEAN\public_html\images\avatars\Cartoons\449.gif <-- Skate world /public_html/images/avatars/Cartoons 449.gif
2004.08.26 15:41 B E:\Documents and Settings\Adam Knox\Desktop\SKATE WORLD UNCLEAN\public_html\images\avatars\Cartoons\5507.jpg <-- Skate world /public_html/images/avatars/Cartoons 5507.jpg
2004.08.26 15:41 B E:\Documents and Settings\Adam Knox\Desktop\SKATE WORLD UNCLEAN\public_html\images\avatars\Cartoons\563.jpg <-- Skate world /public_html/images/avatars/Cartoons 563.jpg
2004.08.26 15:41 B E:\Documents and Settings\Adam Knox\Desktop\SKATE WORLD UNCLEAN\public_html\images\avatars\Cartoons\5994.jpg <-- Skate world /public_html/images/avatars/Cartoons 5994.jpg
2004.08.26 15:41 B E:\Documents and Settings\Adam Knox\Desktop\SKATE WORLD UNCLEAN\public_html\images\avatars\Cartoons\6434.jpg <-- Skate world /public_html/images/avatars/Cartoons 6434.jpg
2004.08.26 15:41 B E:\Documents and Settings\Adam Knox\Desktop\SKATE WORLD UNCLEAN\public_html\images\avatars\Cartoons\735.jpg <-- Skate world /public_html/images/avatars/Cartoons 735.jpg
2004.08.26 15:41 B E:\Documents and Settings\Adam Knox\Desktop\SKATE WORLD UNCLEAN\public_html\images\avatars\Cartoons\776.jpg <-- Skate world /public_html/images/avatars/Cartoons 776.jpg
2004.08.26 15:41 B E:\Documents and Settings\Adam Knox\Desktop\SKATE WORLD UNCLEAN\public_html\images\avatars\Cartoons\777.jpg <-- Skate world /public_html/images/avatars/Cartoons 777.jpg
2004.08.26 15:41 B E:\Documents and Settings\Adam Knox\Desktop\SKATE WORLD UNCLEAN\public_html\images\avatars\Cartoons\7847.gif <-- Skate world /public_html/images/avatars/Cartoons 7847.gif
2004.08.26 15:41 B E:\Documents and Settings\Adam Knox\Desktop\SKATE WORLD UNCLEAN\public_html\images\avatars\Cartoons\816.jpg <-- Skate world /public_html/images/avatars/Cartoons 816.jpg
2004.08.26 15:41 B E:\Documents and Settings\Adam Knox\Desktop\SKATE WORLD UNCLEAN\public_html\images\avatars\Cartoons\8283.jpg <-- Skate world /public_html/images/avatars/Cartoons 8283.jpg
2004.08.26 15:41 B E:\Documents and Settings\Adam Knox\Desktop\SKATE WORLD UNCLEAN\public_html\images\avatars\Cartoons\874.jpg <-- Skate world /public_html/images/avatars/Cartoons 874.jpg
2004.08.26 15:41 B E:\Documents and Settings\Adam Knox\Desktop\SKATE WORLD UNCLEAN\public_html\images\avatars\Cartoons\889.jpg <-- Skate world /public_html/images/avatars/Cartoons 889.jpg
2004.08.26 15:41 B E:\Documents and Settings\Adam Knox\Desktop\SKATE WORLD UNCLEAN\public_html\images\avatars\Cartoons\9133.jpg <-- Skate world /public_html/images/avatars/Cartoons 9133.jpg
2004.08.26 21:23 B E:\Documents and Settings\Adam Knox\Desktop\Skate world redone\forum\images\avatars\Cartoons\1034.jpg --> ftp.skate-world.net /public_html/forum/images/avatars/Cartoons 1034.jpg
2004.08.26 21:23 B E:\Documents and Settings\Adam Knox\Desktop\Skate world redone\forum\images\avatars\Cartoons\10558.jpg --> ftp.skate-world.net /public_html/forum/images/avatars/Cartoons 10558.jpg
2004.08.26 21:23 B E:\Documents and Settings\Adam Knox\Desktop\Skate world redone\forum\images\avatars\Cartoons\1080.jpg --> ftp.skate-world.net /public_html/forum/images/avatars/Cartoons 1080.jpg
2004.08.26 21:23 B E:\Documents and Settings\Adam Knox\Desktop\Skate world redone\forum\images\avatars\Cartoons\1105.jpg --> ftp.skate-world.net /public_html/forum/images/avatars/Cartoons 1105.jpg
2004.08.26 21:23 B E:\Documents and Settings\Adam Knox\Desktop\Skate world redone\forum\images\avatars\Cartoons\1112.jpg --> ftp.skate-world.net /public_html/forum/images/avatars/Cartoons 1112.jpg
2004.08.26 21:23 B E:\Documents and Settings\Adam Knox\Desktop\Skate world redone\forum\images\avatars\Cartoons\1361.jpg --> ftp.skate-world.net /public_html/forum/images/avatars/Cartoons 1361.jpg
2004.08.26 21:23 B E:\Documents and Settings\Adam Knox\Desktop\Skate world redone\forum\images\avatars\Cartoons\1884.gif --> ftp.skate-world.net /public_html/forum/images/avatars/Cartoons 1884.gif
2004.08.26 21:23 B E:\Documents and Settings\Adam Knox\Desktop\Skate world redone\forum\images\avatars\Cartoons\1966.gif --> ftp.skate-world.net /public_html/forum/images/avatars/Cartoons 1966.gif
2004.08.26 21:24 B E:\Documents and Settings\Adam Knox\Desktop\Skate world redone\forum\images\avatars\Cartoons\2516.jpg --> ftp.skate-world.net /public_html/forum/images/avatars/Cartoons 2516.jpg
2004.08.26 21:24 B E:\Documents and Settings\Adam Knox\Desktop\Skate world redone\forum\images\avatars\Cartoons\2771.gif --> ftp.skate-world.net /public_html/forum/images/avatars/Cartoons 2771.gif
2004.08.26 21:24 B E:\Documents and Settings\Adam Knox\Desktop\Skate world redone\forum\images\avatars\Cartoons\2879.gif --> ftp.skate-world.net /public_html/forum/images/avatars/Cartoons 2879.gif
2004.08.26 21:24 B E:\Documents and Settings\Adam Knox\Desktop\Skate world redone\forum\images\avatars\Cartoons\304.jpg --> ftp.skate-world.net /public_html/forum/images/avatars/Cartoons 304.jpg
2004.08.26 21:24 B E:\Documents and Settings\Adam Knox\Desktop\Skate world redone\forum\images\avatars\Cartoons\310.jpg --> ftp.skate-world.net /public_html/forum/images/avatars/Cartoons 310.jpg
2004.08.26 21:24 B E:\Documents and Settings\Adam Knox\Desktop\Skate world redone\forum\images\avatars\Cartoons\314.jpg --> ftp.skate-world.net /public_html/forum/images/avatars/Cartoons 314.jpg
2004.08.26 21:24 B E:\Documents and Settings\Adam Knox\Desktop\Skate world redone\forum\images\avatars\Cartoons\4281.gif --> ftp.skate-world.net /public_html/forum/images/avatars/Cartoons 4281.gif
2004.08.26 21:24 B E:\Documents and Settings\Adam Knox\Desktop\Skate world redone\forum\images\avatars\Cartoons\431.jpg --> ftp.skate-world.net /public_html/forum/images/avatars/Cartoons 431.jpg
2004.08.26 21:24 B E:\Documents and Settings\Adam Knox\Desktop\Skate world redone\forum\images\avatars\Cartoons\439.gif --> ftp.skate-world.net /public_html/forum/images/avatars/Cartoons 439.gif
2004.08.26 21:24 B E:\Documents and Settings\Adam Knox\Desktop\Skate world redone\forum\images\avatars\Cartoons\449.gif --> ftp.skate-world.net /public_html/forum/images/avatars/Cartoons 449.gif
2004.08.26 21:24 B E:\Documents and Settings\Adam Knox\Desktop\Skate world redone\forum\images\avatars\Cartoons\5507.jpg --> ftp.skate-world.net /public_html/forum/images/avatars/Cartoons 5507.jpg
2004.08.26 21:24 B E:\Documents and Settings\Adam Knox\Desktop\Skate world redone\forum\images\avatars\Cartoons\563.jpg --> ftp.skate-world.net /public_html/forum/images/avatars/Cartoons 563.jpg
2004.08.26 21:24 B E:\Documents and Settings\Adam Knox\Desktop\Skate world redone\forum\images\avatars\Cartoons\5994.jpg --> ftp.skate-world.net /public_html/forum/images/avatars/Cartoons 5994.jpg
2004.08.26 21:24 B E:\Documents and Settings\Adam Knox\Desktop\Skate world redone\forum\images\avatars\Cartoons\6434.jpg --> ftp.skate-world.net /public_html/forum/images/avatars/Cartoons 6434.jpg
2004.08.26 21:24 B E:\Documents and Settings\Adam Knox\Desktop\Skate world redone\forum\images\avatars\Cartoons\735.jpg --> ftp.skate-world.net /public_html/forum/images/avatars/Cartoons 735.jpg
2004.08.26 21:24 B E:\Documents and Settings\Adam Knox\Desktop\Skate world redone\forum\images\avatars\Cartoons\776.jpg --> ftp.skate-world.net /public_html/forum/images/avatars/Cartoons 776.jpg
2004.08.26 21:24 B E:\Documents and Settings\Adam Knox\Desktop\Skate world redone\forum\images\avatars\Cartoons\777.jpg --> ftp.skate-world.net /public_html/forum/images/avatars/Cartoons 777.jpg
2004.08.26 21:24 B E:\Documents and Settings\Adam Knox\Desktop\Skate world redone\forum\images\avatars\Cartoons\7847.gif --> ftp.skate-world.net /public_html/forum/images/avatars/Cartoons 7847.gif
2004.08.26 21:24 B E:\Documents and Settings\Adam Knox\Desktop\Skate world redone\forum\images\avatars\Cartoons\816.jpg --> ftp.skate-world.net /public_html/forum/images/avatars/Cartoons 816.jpg
2004.08.26 21:24 B E:\Documents and Settings\Adam Knox\Desktop\Skate world redone\forum\images\avatars\Cartoons\8283.jpg --> ftp.skate-world.net /public_html/forum/images/avatars/Cartoons 8283.jpg
2004.08.26 21:24 B E:\Documents and Settings\Adam Knox\Desktop\Skate world redone\forum\images\avatars\Cartoons\874.jpg --> ftp.skate-world.net /public_html/forum/images/avatars/Cartoons 874.jpg
2004.08.26 21:24 B E:\Documents and Settings\Adam Knox\Desktop\Skate world redone\forum\images\avatars\Cartoons\889.jpg --> ftp.skate-world.net /public_html/forum/images/avatars/Cartoons 889.jpg
2004.08.26 21:24 B E:\Documents and Settings\Adam Knox\Desktop\Skate world redone\forum\images\avatars\Cartoons\9133.jpg --> ftp.skate-world.net /public_html/forum/images/avatars/Cartoons 9133.jpg
2004.09.20 16:34 B E:\Documents and Settings\Adam Knox\My Documents\Skate World\backup\forum\images\avatars\Cartoons\WS_FTP.LOG <-- Skate world Temporary /public_html/forum/images/avatars/Cartoons WS_FTP.LOG
2004.10.02 20:23 B G:\Documents and Settings\bilbo\My Documents\Skate World\backup\FOLDERS\forum\images\avatars\Cartoons\1034.jpg --> host215.ipowerweb.com /public_html/forum/images/avatars/Cartoons 1034.jpg
2004.10.02 20:23 B G:\Documents and Settings\bilbo\My Documents\Skate World\backup\FOLDERS\forum\images\avatars\Cartoons\10558.jpg --> host215.ipowerweb.com /public_html/forum/images/avatars/Cartoons 10558.jpg
2004.10.02 20:23 B G:\Documents and Settings\bilbo\My Documents\Skate World\backup\FOLDERS\forum\images\avatars\Cartoons\1080.jpg --> host215.ipowerweb.com /public_html/forum/images/avatars/Cartoons 1080.jpg
2004.10.02 20:23 B G:\Documents and Settings\bilbo\My Documents\Skate World\backup\FOLDERS\forum\images\avatars\Cartoons\1105.jpg --> host215.ipowerweb.com /public_html/forum/images/avatars/Cartoons 1105.jpg
2004.10.02 20:23 B G:\Documents and Settings\bilbo\My Documents\Skate World\backup\FOLDERS\forum\images\avatars\Cartoons\1112.jpg --> host215.ipowerweb.com /public_html/forum/images/avatars/Cartoons 1112.jpg
2004.10.02 20:24 B G:\Documents and Settings\bilbo\My Documents\Skate World\backup\FOLDERS\forum\images\avatars\Cartoons\1361.jpg --> host215.ipowerweb.com /public_html/forum/images/avatars/Cartoons 1361.jpg
2004.10.02 20:24 B G:\Documents and Settings\bilbo\My Documents\Skate World\backup\FOLDERS\forum\images\avatars\Cartoons\1884.gif --> host215.ipowerweb.com /public_html/forum/images/avatars/Cartoons 1884.gif
2004.10.02 20:24 B G:\Documents and Settings\bilbo\My Documents\Skate World\backup\FOLDERS\forum\images\avatars\Cartoons\1966.gif --> host215.ipowerweb.com /public_html/forum/images/avatars/Cartoons 1966.gif
2004.10.02 20:24 B G:\Documents and Settings\bilbo\My Documents\Skate World\backup\FOLDERS\forum\images\avatars\Cartoons\2516.jpg --> host215.ipowerweb.com /public_html/forum/images/avatars/Cartoons 2516.jpg
2004.10.02 20:24 B G:\Documents and Settings\bilbo\My Documents\Skate World\backup\FOLDERS\forum\images\avatars\Cartoons\2771.gif --> host215.ipowerweb.com /public_html/forum/images/avatars/Cartoons 2771.gif
2004.10.02 20:24 B G:\Documents and Settings\bilbo\My Documents\Skate World\backup\FOLDERS\forum\images\avatars\Cartoons\2879.gif --> host215.ipowerweb.com /public_html/forum/images/avatars/Cartoons 2879.gif
2004.10.02 20:24 B G:\Documents and Settings\bilbo\My Documents\Skate World\backup\FOLDERS\forum\images\avatars\Cartoons\304.jpg --> host215.ipowerweb.com /public_html/forum/images/avatars/Cartoons 304.jpg
2004.10.02 20:24 B G:\Documents and Settings\bilbo\My Documents\Skate World\backup\FOLDERS\forum\images\avatars\Cartoons\310.jpg --> host215.ipowerweb.com /public_html/forum/images/avatars/Cartoons 310.jpg
2004.10.02 20:24 B G:\Documents and Settings\bilbo\My Documents\Skate World\backup\FOLDERS\forum\images\avatars\Cartoons\314.jpg --> host215.ipowerweb.com /public_html/forum/images/avatars/Cartoons 314.jpg
2004.10.02 20:24 B G:\Documents and Settings\bilbo\My Documents\Skate World\backup\FOLDERS\forum\images\avatars\Cartoons\4281.gif --> host215.ipowerweb.com /public_html/forum/images/avatars/Cartoons 4281.gif
2004.10.02 20:24 B G:\Documents and Settings\bilbo\My Documents\Skate World\backup\FOLDERS\forum\images\avatars\Cartoons\431.jpg --> host215.ipowerweb.com /public_html/forum/images/avatars/Cartoons 431.jpg
2004.10.02 20:24 B G:\Documents and Settings\bilbo\My Documents\Skate World\backup\FOLDERS\forum\images\avatars\Cartoons\439.gif --> host215.ipowerweb.com /public_html/forum/images/avatars/Cartoons 439.gif
2004.10.02 20:24 B G:\Documents and Settings\bilbo\My Documents\Skate World\backup\FOLDERS\forum\images\avatars\Cartoons\449.gif --> host215.ipowerweb.com /public_html/forum/images/avatars/Cartoons 449.gif
2004.10.02 20:24 B G:\Documents and Settings\bilbo\My Documents\Skate World\backup\FOLDERS\forum\images\avatars\Cartoons\5507.jpg --> host215.ipowerweb.com /public_html/forum/images/avatars/Cartoons 5507.jpg
2004.10.02 20:24 B G:\Documents and Settings\bilbo\My Documents\Skate World\backup\FOLDERS\forum\images\avatars\Cartoons\563.jpg --> host215.ipowerweb.com /public_html/forum/images/avatars/Cartoons 563.jpg
2004.10.02 20:24 B G:\Documents and Settings\bilbo\My Documents\Skate World\backup\FOLDERS\forum\images\avatars\Cartoons\5994.jpg --> host215.ipowerweb.com /public_html/forum/images/avatars/Cartoons 5994.jpg
2004.10.02 20:24 B G:\Documents and Settings\bilbo\My Documents\Skate World\backup\FOLDERS\forum\images\avatars\Cartoons\6434.jpg --> host215.ipowerweb.com /public_html/forum/images/avatars/Cartoons 6434.jpg
2004.10.02 20:24 B G:\Documents and Settings\bilbo\My Documents\Skate World\backup\FOLDERS\forum\images\avatars\Cartoons\735.jpg --> host215.ipowerweb.com /public_html/forum/images/avatars/Cartoons 735.jpg
2004.10.02 20:24 B G:\Documents and Settings\bilbo\My Documents\Skate World\backup\FOLDERS\forum\images\avatars\Cartoons\776.jpg --> host215.ipowerweb.com /public_html/forum/images/avatars/Cartoons 776.jpg
2004.10.02 20:24 B G:\Documents and Settings\bilbo\My Documents\Skate World\backup\FOLDERS\forum\images\avatars\Cartoons\777.jpg --> host215.ipowerweb.com /public_html/forum/images/avatars/Cartoons 777.jpg
2004.10.02 20:24 B G:\Documents and Settings\bilbo\My Documents\Skate World\backup\FOLDERS\forum\images\avatars\Cartoons\7847.gif --> host215.ipowerweb.com /public_html/forum/images/avatars/Cartoons 7847.gif
2004.10.02 20:24 B G:\Documents and Settings\bilbo\My Documents\Skate World\backup\FOLDERS\forum\images\avatars\Cartoons\816.jpg --> host215.ipowerweb.com /public_html/forum/images/avatars/Cartoons 816.jpg
2004.10.02 20:24 B G:\Documents and Settings\bilbo\My Documents\Skate World\backup\FOLDERS\forum\images\avatars\Cartoons\8283.jpg --> host215.ipowerweb.com /public_html/forum/images/avatars/Cartoons 8283.jpg
2004.10.02 20:24 B G:\Documents and Settings\bilbo\My Documents\Skate World\backup\FOLDERS\forum\images\avatars\Cartoons\874.jpg --> host215.ipowerweb.com /public_html/forum/images/avatars/Cartoons 874.jpg
2004.10.02 20:24 B G:\Documents and Settings\bilbo\My Documents\Skate World\backup\FOLDERS\forum\images\avatars\Cartoons\889.jpg --> host215.ipowerweb.com /public_html/forum/images/avatars/Cartoons 889.jpg
2004.10.02 20:24 B G:\Documents and Settings\bilbo\My Documents\Skate World\backup\FOLDERS\forum\images\avatars\Cartoons\9133.jpg --> host215.ipowerweb.com /public_html/forum/images/avatars/Cartoons 9133.jpg
2004.10.02 20:24 B G:\Documents and Settings\bilbo\My Documents\Skate World\backup\FOLDERS\forum\images\avatars\Cartoons\WS_FTP.LOG --> host215.ipowerweb.com /public_html/forum/images/avatars/Cartoons WS_FTP.LOG
2005.08.29 22:29 B °ðB\WS_FTP.LOG <-- Switch Skate /public_html/forums/images/avatars/Cartoons WS_FTP.LOG
