2004.08.16 13:23 B E:\Documents and Settings\Adam Knox\Desktop\last skate world\XMB 1.9 Hacks\avatars\people\10989.gif --> ftp.skate-world.net /public_html/images/avatars/Babes 10989.gif
2004.08.16 13:24 B E:\Documents and Settings\Adam Knox\Desktop\last skate world\XMB 1.9 Hacks\avatars\people\5813.gif --> ftp.skate-world.net /public_html/images/avatars/Babes 5813.gif
2004.08.16 13:24 B E:\Documents and Settings\Adam Knox\Desktop\last skate world\XMB 1.9 Hacks\avatars\people\7132.jpg --> ftp.skate-world.net /public_html/images/avatars/Babes 7132.jpg
2004.08.16 13:24 B E:\Documents and Settings\Adam Knox\Desktop\last skate world\XMB 1.9 Hacks\avatars\people\7390.gif --> ftp.skate-world.net /public_html/images/avatars/Babes 7390.gif
2004.08.16 13:24 B E:\Documents and Settings\Adam Knox\Desktop\last skate world\XMB 1.9 Hacks\avatars\people\7442.png --> ftp.skate-world.net /public_html/images/avatars/Babes 7442.png
2004.08.16 13:24 B E:\Documents and Settings\Adam Knox\Desktop\last skate world\XMB 1.9 Hacks\avatars\people\7443.png --> ftp.skate-world.net /public_html/images/avatars/Babes 7443.png
2004.08.16 13:24 B E:\Documents and Settings\Adam Knox\Desktop\last skate world\XMB 1.9 Hacks\avatars\people\7444.png --> ftp.skate-world.net /public_html/images/avatars/Babes 7444.png
2004.08.16 13:24 B E:\Documents and Settings\Adam Knox\Desktop\last skate world\XMB 1.9 Hacks\avatars\people\7869.jpg --> ftp.skate-world.net /public_html/images/avatars/Babes 7869.jpg
2004.08.16 13:24 B E:\Documents and Settings\Adam Knox\Desktop\last skate world\XMB 1.9 Hacks\avatars\people\8540.png --> ftp.skate-world.net /public_html/images/avatars/Babes 8540.png
2004.08.16 13:24 B E:\Documents and Settings\Adam Knox\Desktop\last skate world\XMB 1.9 Hacks\avatars\people\8541.png --> ftp.skate-world.net /public_html/images/avatars/Babes 8541.png
2004.08.16 13:24 B E:\Documents and Settings\Adam Knox\Desktop\last skate world\XMB 1.9 Hacks\avatars\people\9269.jpg --> ftp.skate-world.net /public_html/images/avatars/Babes 9269.jpg
2004.08.16 13:52 B E:\Documents and Settings\Adam Knox\Desktop\last skate world\XMB 1.9 Hacks\avatars\people\10989.gif --> ftp.skate-world.net /public_html/images/avatars/people 10989.gif
2004.08.16 13:52 B E:\Documents and Settings\Adam Knox\Desktop\last skate world\XMB 1.9 Hacks\avatars\people\5813.gif --> ftp.skate-world.net /public_html/images/avatars/people 5813.gif
2004.08.16 13:52 B E:\Documents and Settings\Adam Knox\Desktop\last skate world\XMB 1.9 Hacks\avatars\people\7132.jpg --> ftp.skate-world.net /public_html/images/avatars/people 7132.jpg
2004.08.16 13:52 B E:\Documents and Settings\Adam Knox\Desktop\last skate world\XMB 1.9 Hacks\avatars\people\7390.gif --> ftp.skate-world.net /public_html/images/avatars/people 7390.gif
2004.08.16 13:52 B E:\Documents and Settings\Adam Knox\Desktop\last skate world\XMB 1.9 Hacks\avatars\people\7442.png --> ftp.skate-world.net /public_html/images/avatars/people 7442.png
2004.08.16 13:52 B E:\Documents and Settings\Adam Knox\Desktop\last skate world\XMB 1.9 Hacks\avatars\people\7443.png --> ftp.skate-world.net /public_html/images/avatars/people 7443.png
2004.08.16 13:52 B E:\Documents and Settings\Adam Knox\Desktop\last skate world\XMB 1.9 Hacks\avatars\people\7444.png --> ftp.skate-world.net /public_html/images/avatars/people 7444.png
2004.08.16 13:52 B E:\Documents and Settings\Adam Knox\Desktop\last skate world\XMB 1.9 Hacks\avatars\people\7869.jpg --> ftp.skate-world.net /public_html/images/avatars/people 7869.jpg
2004.08.16 13:52 B E:\Documents and Settings\Adam Knox\Desktop\last skate world\XMB 1.9 Hacks\avatars\people\8539.png --> ftp.skate-world.net /public_html/images/avatars/people 8539.png
2004.08.16 13:52 B E:\Documents and Settings\Adam Knox\Desktop\last skate world\XMB 1.9 Hacks\avatars\people\8540.png --> ftp.skate-world.net /public_html/images/avatars/people 8540.png
2004.08.16 13:52 B E:\Documents and Settings\Adam Knox\Desktop\last skate world\XMB 1.9 Hacks\avatars\people\8541.png --> ftp.skate-world.net /public_html/images/avatars/people 8541.png
2004.08.16 13:52 B E:\Documents and Settings\Adam Knox\Desktop\last skate world\XMB 1.9 Hacks\avatars\people\9269.jpg --> ftp.skate-world.net /public_html/images/avatars/people 9269.jpg
2004.08.16 13:52 B E:\Documents and Settings\Adam Knox\Desktop\last skate world\XMB 1.9 Hacks\avatars\people\ph1.jpg --> ftp.skate-world.net /public_html/images/avatars/people ph1.jpg
2004.08.16 13:52 B E:\Documents and Settings\Adam Knox\Desktop\last skate world\XMB 1.9 Hacks\avatars\people\ph10.jpg --> ftp.skate-world.net /public_html/images/avatars/people ph10.jpg
2004.08.16 13:52 B E:\Documents and Settings\Adam Knox\Desktop\last skate world\XMB 1.9 Hacks\avatars\people\ph11.jpg --> ftp.skate-world.net /public_html/images/avatars/people ph11.jpg
2004.08.16 13:52 B E:\Documents and Settings\Adam Knox\Desktop\last skate world\XMB 1.9 Hacks\avatars\people\ph12.jpg --> ftp.skate-world.net /public_html/images/avatars/people ph12.jpg
2004.08.16 13:52 B E:\Documents and Settings\Adam Knox\Desktop\last skate world\XMB 1.9 Hacks\avatars\people\ph2.jpg --> ftp.skate-world.net /public_html/images/avatars/people ph2.jpg
2004.08.16 13:52 B E:\Documents and Settings\Adam Knox\Desktop\last skate world\XMB 1.9 Hacks\avatars\people\ph3.jpg --> ftp.skate-world.net /public_html/images/avatars/people ph3.jpg
2004.08.16 13:52 B E:\Documents and Settings\Adam Knox\Desktop\last skate world\XMB 1.9 Hacks\avatars\people\ph4.jpg --> ftp.skate-world.net /public_html/images/avatars/people ph4.jpg
2004.08.16 13:52 B E:\Documents and Settings\Adam Knox\Desktop\last skate world\XMB 1.9 Hacks\avatars\people\ph5.jpg --> ftp.skate-world.net /public_html/images/avatars/people ph5.jpg
2004.08.16 13:52 B E:\Documents and Settings\Adam Knox\Desktop\last skate world\XMB 1.9 Hacks\avatars\people\ph6.jpg --> ftp.skate-world.net /public_html/images/avatars/people ph6.jpg
2004.08.16 13:52 B E:\Documents and Settings\Adam Knox\Desktop\last skate world\XMB 1.9 Hacks\avatars\people\ph7.jpg --> ftp.skate-world.net /public_html/images/avatars/people ph7.jpg
2004.08.16 13:52 B E:\Documents and Settings\Adam Knox\Desktop\last skate world\XMB 1.9 Hacks\avatars\people\ph8.jpg --> ftp.skate-world.net /public_html/images/avatars/people ph8.jpg
2004.08.16 13:52 B E:\Documents and Settings\Adam Knox\Desktop\last skate world\XMB 1.9 Hacks\avatars\people\ph9.jpg --> ftp.skate-world.net /public_html/images/avatars/people ph9.jpg
2004.08.26 15:41 B E:\Documents and Settings\Adam Knox\Desktop\SKATE WORLD UNCLEAN\public_html\images\avatars\Babes\WS_FTP.LOG <-- Skate world /public_html/images/avatars/Babes WS_FTP.LOG
2004.08.26 21:23 B E:\Documents and Settings\Adam Knox\Desktop\Skate world redone\forum\images\avatars\Babes\10989.gif --> ftp.skate-world.net /public_html/forum/images/avatars/Babes 10989.gif
2004.08.26 21:23 B E:\Documents and Settings\Adam Knox\Desktop\Skate world redone\forum\images\avatars\Babes\5813.gif --> ftp.skate-world.net /public_html/forum/images/avatars/Babes 5813.gif
2004.08.26 21:23 B E:\Documents and Settings\Adam Knox\Desktop\Skate world redone\forum\images\avatars\Babes\7132.jpg --> ftp.skate-world.net /public_html/forum/images/avatars/Babes 7132.jpg
2004.08.26 21:23 B E:\Documents and Settings\Adam Knox\Desktop\Skate world redone\forum\images\avatars\Babes\7390.gif --> ftp.skate-world.net /public_html/forum/images/avatars/Babes 7390.gif
2004.08.26 21:23 B E:\Documents and Settings\Adam Knox\Desktop\Skate world redone\forum\images\avatars\Babes\7442.png --> ftp.skate-world.net /public_html/forum/images/avatars/Babes 7442.png
2004.08.26 21:23 B E:\Documents and Settings\Adam Knox\Desktop\Skate world redone\forum\images\avatars\Babes\7443.png --> ftp.skate-world.net /public_html/forum/images/avatars/Babes 7443.png
2004.08.26 21:23 B E:\Documents and Settings\Adam Knox\Desktop\Skate world redone\forum\images\avatars\Babes\7444.png --> ftp.skate-world.net /public_html/forum/images/avatars/Babes 7444.png
2004.08.26 21:23 B E:\Documents and Settings\Adam Knox\Desktop\Skate world redone\forum\images\avatars\Babes\7869.jpg --> ftp.skate-world.net /public_html/forum/images/avatars/Babes 7869.jpg
2004.08.26 21:23 B E:\Documents and Settings\Adam Knox\Desktop\Skate world redone\forum\images\avatars\Babes\8539.png --> ftp.skate-world.net /public_html/forum/images/avatars/Babes 8539.png
2004.08.26 21:23 B E:\Documents and Settings\Adam Knox\Desktop\Skate world redone\forum\images\avatars\Babes\8540.png --> ftp.skate-world.net /public_html/forum/images/avatars/Babes 8540.png
2004.08.26 21:23 B E:\Documents and Settings\Adam Knox\Desktop\Skate world redone\forum\images\avatars\Babes\8541.png --> ftp.skate-world.net /public_html/forum/images/avatars/Babes 8541.png
2004.08.26 21:23 B E:\Documents and Settings\Adam Knox\Desktop\Skate world redone\forum\images\avatars\Babes\9269.jpg --> ftp.skate-world.net /public_html/forum/images/avatars/Babes 9269.jpg
2004.08.26 21:23 B E:\Documents and Settings\Adam Knox\Desktop\Skate world redone\forum\images\avatars\Babes\ph1.jpg --> ftp.skate-world.net /public_html/forum/images/avatars/Babes ph1.jpg
2004.08.26 21:23 B E:\Documents and Settings\Adam Knox\Desktop\Skate world redone\forum\images\avatars\Babes\ph10.jpg --> ftp.skate-world.net /public_html/forum/images/avatars/Babes ph10.jpg
2004.08.26 21:23 B E:\Documents and Settings\Adam Knox\Desktop\Skate world redone\forum\images\avatars\Babes\ph11.jpg --> ftp.skate-world.net /public_html/forum/images/avatars/Babes ph11.jpg
2004.08.26 21:23 B E:\Documents and Settings\Adam Knox\Desktop\Skate world redone\forum\images\avatars\Babes\ph12.jpg --> ftp.skate-world.net /public_html/forum/images/avatars/Babes ph12.jpg
2004.08.26 21:23 B E:\Documents and Settings\Adam Knox\Desktop\Skate world redone\forum\images\avatars\Babes\ph16.jpg --> ftp.skate-world.net /public_html/forum/images/avatars/Babes ph16.jpg
2004.08.26 21:23 B E:\Documents and Settings\Adam Knox\Desktop\Skate world redone\forum\images\avatars\Babes\ph2.jpg --> ftp.skate-world.net /public_html/forum/images/avatars/Babes ph2.jpg
2004.08.26 21:23 B E:\Documents and Settings\Adam Knox\Desktop\Skate world redone\forum\images\avatars\Babes\ph3.jpg --> ftp.skate-world.net /public_html/forum/images/avatars/Babes ph3.jpg
2004.08.26 21:23 B E:\Documents and Settings\Adam Knox\Desktop\Skate world redone\forum\images\avatars\Babes\ph4.jpg --> ftp.skate-world.net /public_html/forum/images/avatars/Babes ph4.jpg
2004.08.26 21:23 B E:\Documents and Settings\Adam Knox\Desktop\Skate world redone\forum\images\avatars\Babes\ph5.jpg --> ftp.skate-world.net /public_html/forum/images/avatars/Babes ph5.jpg
2004.08.26 21:23 B E:\Documents and Settings\Adam Knox\Desktop\Skate world redone\forum\images\avatars\Babes\ph6.jpg --> ftp.skate-world.net /public_html/forum/images/avatars/Babes ph6.jpg
2004.08.26 21:23 B E:\Documents and Settings\Adam Knox\Desktop\Skate world redone\forum\images\avatars\Babes\ph7.jpg --> ftp.skate-world.net /public_html/forum/images/avatars/Babes ph7.jpg
2004.08.26 21:23 B E:\Documents and Settings\Adam Knox\Desktop\Skate world redone\forum\images\avatars\Babes\ph8.jpg --> ftp.skate-world.net /public_html/forum/images/avatars/Babes ph8.jpg
2004.08.26 21:23 B E:\Documents and Settings\Adam Knox\Desktop\Skate world redone\forum\images\avatars\Babes\ph9.jpg --> ftp.skate-world.net /public_html/forum/images/avatars/Babes ph9.jpg
2004.09.20 16:34 B E:\Documents and Settings\Adam Knox\My Documents\Skate World\backup\forum\images\avatars\Babes\WS_FTP.LOG <-- Skate world Temporary /public_html/forum/images/avatars/Babes WS_FTP.LOG
2004.10.02 20:23 B G:\Documents and Settings\bilbo\My Documents\Skate World\backup\FOLDERS\forum\images\avatars\Babes\10989.gif --> host215.ipowerweb.com /public_html/forum/images/avatars/Babes 10989.gif
2004.10.02 20:23 B G:\Documents and Settings\bilbo\My Documents\Skate World\backup\FOLDERS\forum\images\avatars\Babes\5813.gif --> host215.ipowerweb.com /public_html/forum/images/avatars/Babes 5813.gif
2004.10.02 20:23 B G:\Documents and Settings\bilbo\My Documents\Skate World\backup\FOLDERS\forum\images\avatars\Babes\7132.jpg --> host215.ipowerweb.com /public_html/forum/images/avatars/Babes 7132.jpg
2004.10.02 20:23 B G:\Documents and Settings\bilbo\My Documents\Skate World\backup\FOLDERS\forum\images\avatars\Babes\7390.gif --> host215.ipowerweb.com /public_html/forum/images/avatars/Babes 7390.gif
2004.10.02 20:23 B G:\Documents and Settings\bilbo\My Documents\Skate World\backup\FOLDERS\forum\images\avatars\Babes\7442.png --> host215.ipowerweb.com /public_html/forum/images/avatars/Babes 7442.png
2004.10.02 20:23 B G:\Documents and Settings\bilbo\My Documents\Skate World\backup\FOLDERS\forum\images\avatars\Babes\7443.png --> host215.ipowerweb.com /public_html/forum/images/avatars/Babes 7443.png
2004.10.02 20:23 B G:\Documents and Settings\bilbo\My Documents\Skate World\backup\FOLDERS\forum\images\avatars\Babes\7444.png --> host215.ipowerweb.com /public_html/forum/images/avatars/Babes 7444.png
2004.10.02 20:23 B G:\Documents and Settings\bilbo\My Documents\Skate World\backup\FOLDERS\forum\images\avatars\Babes\7869.jpg --> host215.ipowerweb.com /public_html/forum/images/avatars/Babes 7869.jpg
2004.10.02 20:23 B G:\Documents and Settings\bilbo\My Documents\Skate World\backup\FOLDERS\forum\images\avatars\Babes\8539.png --> host215.ipowerweb.com /public_html/forum/images/avatars/Babes 8539.png
2004.10.02 20:23 B G:\Documents and Settings\bilbo\My Documents\Skate World\backup\FOLDERS\forum\images\avatars\Babes\8540.png --> host215.ipowerweb.com /public_html/forum/images/avatars/Babes 8540.png
2004.10.02 20:23 B G:\Documents and Settings\bilbo\My Documents\Skate World\backup\FOLDERS\forum\images\avatars\Babes\8541.png --> host215.ipowerweb.com /public_html/forum/images/avatars/Babes 8541.png
2004.10.02 20:23 B G:\Documents and Settings\bilbo\My Documents\Skate World\backup\FOLDERS\forum\images\avatars\Babes\9269.jpg --> host215.ipowerweb.com /public_html/forum/images/avatars/Babes 9269.jpg
2004.10.02 20:23 B G:\Documents and Settings\bilbo\My Documents\Skate World\backup\FOLDERS\forum\images\avatars\Babes\ph1.jpg --> host215.ipowerweb.com /public_html/forum/images/avatars/Babes ph1.jpg
2004.10.02 20:23 B G:\Documents and Settings\bilbo\My Documents\Skate World\backup\FOLDERS\forum\images\avatars\Babes\ph10.jpg --> host215.ipowerweb.com /public_html/forum/images/avatars/Babes ph10.jpg
2004.10.02 20:23 B G:\Documents and Settings\bilbo\My Documents\Skate World\backup\FOLDERS\forum\images\avatars\Babes\ph11.jpg --> host215.ipowerweb.com /public_html/forum/images/avatars/Babes ph11.jpg
2004.10.02 20:23 B G:\Documents and Settings\bilbo\My Documents\Skate World\backup\FOLDERS\forum\images\avatars\Babes\ph12.jpg --> host215.ipowerweb.com /public_html/forum/images/avatars/Babes ph12.jpg
2004.10.02 20:23 B G:\Documents and Settings\bilbo\My Documents\Skate World\backup\FOLDERS\forum\images\avatars\Babes\ph16.jpg --> host215.ipowerweb.com /public_html/forum/images/avatars/Babes ph16.jpg
2004.10.02 20:23 B G:\Documents and Settings\bilbo\My Documents\Skate World\backup\FOLDERS\forum\images\avatars\Babes\ph2.jpg --> host215.ipowerweb.com /public_html/forum/images/avatars/Babes ph2.jpg
2004.10.02 20:23 B G:\Documents and Settings\bilbo\My Documents\Skate World\backup\FOLDERS\forum\images\avatars\Babes\ph3.jpg --> host215.ipowerweb.com /public_html/forum/images/avatars/Babes ph3.jpg
2004.10.02 20:23 B G:\Documents and Settings\bilbo\My Documents\Skate World\backup\FOLDERS\forum\images\avatars\Babes\ph4.jpg --> host215.ipowerweb.com /public_html/forum/images/avatars/Babes ph4.jpg
2004.10.02 20:23 B G:\Documents and Settings\bilbo\My Documents\Skate World\backup\FOLDERS\forum\images\avatars\Babes\ph5.jpg --> host215.ipowerweb.com /public_html/forum/images/avatars/Babes ph5.jpg
2004.10.02 20:23 B G:\Documents and Settings\bilbo\My Documents\Skate World\backup\FOLDERS\forum\images\avatars\Babes\ph6.jpg --> host215.ipowerweb.com /public_html/forum/images/avatars/Babes ph6.jpg
2004.10.02 20:23 B G:\Documents and Settings\bilbo\My Documents\Skate World\backup\FOLDERS\forum\images\avatars\Babes\ph7.jpg --> host215.ipowerweb.com /public_html/forum/images/avatars/Babes ph7.jpg
2004.10.02 20:23 B G:\Documents and Settings\bilbo\My Documents\Skate World\backup\FOLDERS\forum\images\avatars\Babes\ph8.jpg --> host215.ipowerweb.com /public_html/forum/images/avatars/Babes ph8.jpg
2004.10.02 20:23 B G:\Documents and Settings\bilbo\My Documents\Skate World\backup\FOLDERS\forum\images\avatars\Babes\ph9.jpg --> host215.ipowerweb.com /public_html/forum/images/avatars/Babes ph9.jpg
2004.10.02 20:23 B G:\Documents and Settings\bilbo\My Documents\Skate World\backup\FOLDERS\forum\images\avatars\Babes\WS_FTP.LOG --> host215.ipowerweb.com /public_html/forum/images/avatars/Babes WS_FTP.LOG
2005.08.29 22:30 B °ðB\WS_FTP.LOG <-- Switch Skate /public_html/forums/images/avatars/other things WS_FTP.LOG
