2005.08.29 22:38 B C:\Documents and Settings\Adam.ADAMK\My Documents\Programming\Switch Skate\Layouts\Backups\File Backups\public_html\forums\images\demiZeJeans\address.gif <-- Switch Skate /public_html/forums/images/demiZeJeans address.gif
2005.08.29 22:38 B C:\Documents and Settings\Adam.ADAMK\My Documents\Programming\Switch Skate\Layouts\Backups\File Backups\public_html\forums\images\demiZeJeans\aim.gif <-- Switch Skate /public_html/forums/images/demiZeJeans aim.gif
2005.08.29 22:38 B C:\Documents and Settings\Adam.ADAMK\My Documents\Programming\Switch Skate\Layouts\Backups\File Backups\public_html\forums\images\demiZeJeans\arrow_dw.gif <-- Switch Skate /public_html/forums/images/demiZeJeans arrow_dw.gif
2005.08.29 22:38 B C:\Documents and Settings\Adam.ADAMK\My Documents\Programming\Switch Skate\Layouts\Backups\File Backups\public_html\forums\images\demiZeJeans\arrow_up.gif <-- Switch Skate /public_html/forums/images/demiZeJeans arrow_up.gif
2005.08.29 22:38 B C:\Documents and Settings\Adam.ADAMK\My Documents\Programming\Switch Skate\Layouts\Backups\File Backups\public_html\forums\images\demiZeJeans\b.gif <-- Switch Skate /public_html/forums/images/demiZeJeans b.gif
2005.08.29 22:38 B C:\Documents and Settings\Adam.ADAMK\My Documents\Programming\Switch Skate\Layouts\Backups\File Backups\public_html\forums\images\demiZeJeans\bb_bold.gif <-- Switch Skate /public_html/forums/images/demiZeJeans bb_bold.gif
2005.08.29 22:38 B C:\Documents and Settings\Adam.ADAMK\My Documents\Programming\Switch Skate\Layouts\Backups\File Backups\public_html\forums\images\demiZeJeans\bb_center.gif <-- Switch Skate /public_html/forums/images/demiZeJeans bb_center.gif
2005.08.29 22:38 B C:\Documents and Settings\Adam.ADAMK\My Documents\Programming\Switch Skate\Layouts\Backups\File Backups\public_html\forums\images\demiZeJeans\bb_code.gif <-- Switch Skate /public_html/forums/images/demiZeJeans bb_code.gif
2005.08.29 22:38 B C:\Documents and Settings\Adam.ADAMK\My Documents\Programming\Switch Skate\Layouts\Backups\File Backups\public_html\forums\images\demiZeJeans\bb_email.gif <-- Switch Skate /public_html/forums/images/demiZeJeans bb_email.gif
2005.08.29 22:38 B C:\Documents and Settings\Adam.ADAMK\My Documents\Programming\Switch Skate\Layouts\Backups\File Backups\public_html\forums\images\demiZeJeans\bb_hide.gif <-- Switch Skate /public_html/forums/images/demiZeJeans bb_hide.gif
2005.08.29 22:38 B C:\Documents and Settings\Adam.ADAMK\My Documents\Programming\Switch Skate\Layouts\Backups\File Backups\public_html\forums\images\demiZeJeans\bb_image.gif <-- Switch Skate /public_html/forums/images/demiZeJeans bb_image.gif
2005.08.29 22:38 B C:\Documents and Settings\Adam.ADAMK\My Documents\Programming\Switch Skate\Layouts\Backups\File Backups\public_html\forums\images\demiZeJeans\bb_italicize.gif <-- Switch Skate /public_html/forums/images/demiZeJeans bb_italicize.gif
2005.08.29 22:38 B C:\Documents and Settings\Adam.ADAMK\My Documents\Programming\Switch Skate\Layouts\Backups\File Backups\public_html\forums\images\demiZeJeans\bb_list.gif <-- Switch Skate /public_html/forums/images/demiZeJeans bb_list.gif
2005.08.29 22:38 B C:\Documents and Settings\Adam.ADAMK\My Documents\Programming\Switch Skate\Layouts\Backups\File Backups\public_html\forums\images\demiZeJeans\bb_quote.gif <-- Switch Skate /public_html/forums/images/demiZeJeans bb_quote.gif
2005.08.29 22:38 B C:\Documents and Settings\Adam.ADAMK\My Documents\Programming\Switch Skate\Layouts\Backups\File Backups\public_html\forums\images\demiZeJeans\bb_underline.gif <-- Switch Skate /public_html/forums/images/demiZeJeans bb_underline.gif
2005.08.29 22:38 B C:\Documents and Settings\Adam.ADAMK\My Documents\Programming\Switch Skate\Layouts\Backups\File Backups\public_html\forums\images\demiZeJeans\bb_url.gif <-- Switch Skate /public_html/forums/images/demiZeJeans bb_url.gif
2005.08.29 22:38 B C:\Documents and Settings\Adam.ADAMK\My Documents\Programming\Switch Skate\Layouts\Backups\File Backups\public_html\forums\images\demiZeJeans\bbrules.gif <-- Switch Skate /public_html/forums/images/demiZeJeans bbrules.gif
2005.08.29 22:38 B C:\Documents and Settings\Adam.ADAMK\My Documents\Programming\Switch Skate\Layouts\Backups\File Backups\public_html\forums\images\demiZeJeans\catbar.gif <-- Switch Skate /public_html/forums/images/demiZeJeans catbar.gif
2005.08.29 22:38 B C:\Documents and Settings\Adam.ADAMK\My Documents\Programming\Switch Skate\Layouts\Backups\File Backups\public_html\forums\images\demiZeJeans\dot_folder.gif <-- Switch Skate /public_html/forums/images/demiZeJeans dot_folder.gif
2005.08.29 22:38 B C:\Documents and Settings\Adam.ADAMK\My Documents\Programming\Switch Skate\Layouts\Backups\File Backups\public_html\forums\images\demiZeJeans\dot_hot_folder.gif <-- Switch Skate /public_html/forums/images/demiZeJeans dot_hot_folder.gif
2005.08.29 22:38 B C:\Documents and Settings\Adam.ADAMK\My Documents\Programming\Switch Skate\Layouts\Backups\File Backups\public_html\forums\images\demiZeJeans\dot_hot_red_folder.gif <-- Switch Skate /public_html/forums/images/demiZeJeans dot_hot_red_folder.gif
2005.08.29 22:38 B C:\Documents and Settings\Adam.ADAMK\My Documents\Programming\Switch Skate\Layouts\Backups\File Backups\public_html\forums\images\demiZeJeans\dot_red_folder.gif <-- Switch Skate /public_html/forums/images/demiZeJeans dot_red_folder.gif
2005.08.29 22:38 B C:\Documents and Settings\Adam.ADAMK\My Documents\Programming\Switch Skate\Layouts\Backups\File Backups\public_html\forums\images\demiZeJeans\edit.gif <-- Switch Skate /public_html/forums/images/demiZeJeans edit.gif
2005.08.29 22:38 B C:\Documents and Settings\Adam.ADAMK\My Documents\Programming\Switch Skate\Layouts\Backups\File Backups\public_html\forums\images\demiZeJeans\email.gif <-- Switch Skate /public_html/forums/images/demiZeJeans email.gif
2005.08.29 22:38 B C:\Documents and Settings\Adam.ADAMK\My Documents\Programming\Switch Skate\Layouts\Backups\File Backups\public_html\forums\images\demiZeJeans\faq.gif <-- Switch Skate /public_html/forums/images/demiZeJeans faq.gif
2005.08.29 22:38 B C:\Documents and Settings\Adam.ADAMK\My Documents\Programming\Switch Skate\Layouts\Backups\File Backups\public_html\forums\images\demiZeJeans\find.gif <-- Switch Skate /public_html/forums/images/demiZeJeans find.gif
2005.08.29 22:38 B C:\Documents and Settings\Adam.ADAMK\My Documents\Programming\Switch Skate\Layouts\Backups\File Backups\public_html\forums\images\demiZeJeans\folder.gif <-- Switch Skate /public_html/forums/images/demiZeJeans folder.gif
2005.08.29 22:38 B C:\Documents and Settings\Adam.ADAMK\My Documents\Programming\Switch Skate\Layouts\Backups\File Backups\public_html\forums\images\demiZeJeans\forumhead2.gif <-- Switch Skate /public_html/forums/images/demiZeJeans forumhead2.gif
2005.08.29 22:38 B C:\Documents and Settings\Adam.ADAMK\My Documents\Programming\Switch Skate\Layouts\Backups\File Backups\public_html\forums\images\demiZeJeans\g.gif <-- Switch Skate /public_html/forums/images/demiZeJeans g.gif
2005.08.29 22:38 B C:\Documents and Settings\Adam.ADAMK\My Documents\Programming\Switch Skate\Layouts\Backups\File Backups\public_html\forums\images\demiZeJeans\home.gif <-- Switch Skate /public_html/forums/images/demiZeJeans home.gif
2005.08.29 22:38 B C:\Documents and Settings\Adam.ADAMK\My Documents\Programming\Switch Skate\Layouts\Backups\File Backups\public_html\forums\images\demiZeJeans\hot_folder.gif <-- Switch Skate /public_html/forums/images/demiZeJeans hot_folder.gif
2005.08.29 22:38 B C:\Documents and Settings\Adam.ADAMK\My Documents\Programming\Switch Skate\Layouts\Backups\File Backups\public_html\forums\images\demiZeJeans\hot_red_folder.gif <-- Switch Skate /public_html/forums/images/demiZeJeans hot_red_folder.gif
2005.08.29 22:38 B C:\Documents and Settings\Adam.ADAMK\My Documents\Programming\Switch Skate\Layouts\Backups\File Backups\public_html\forums\images\demiZeJeans\icq_add.gif <-- Switch Skate /public_html/forums/images/demiZeJeans icq_add.gif
2005.08.29 22:38 B C:\Documents and Settings\Adam.ADAMK\My Documents\Programming\Switch Skate\Layouts\Backups\File Backups\public_html\forums\images\demiZeJeans\inbox.gif <-- Switch Skate /public_html/forums/images/demiZeJeans inbox.gif
2005.08.29 22:38 B C:\Documents and Settings\Adam.ADAMK\My Documents\Programming\Switch Skate\Layouts\Backups\File Backups\public_html\forums\images\demiZeJeans\index.html <-- Switch Skate /public_html/forums/images/demiZeJeans index.html
2005.08.29 22:38 B C:\Documents and Settings\Adam.ADAMK\My Documents\Programming\Switch Skate\Layouts\Backups\File Backups\public_html\forums\images\demiZeJeans\ip.gif <-- Switch Skate /public_html/forums/images/demiZeJeans ip.gif
2005.08.29 22:38 B C:\Documents and Settings\Adam.ADAMK\My Documents\Programming\Switch Skate\Layouts\Backups\File Backups\public_html\forums\images\demiZeJeans\ipost.gif <-- Switch Skate /public_html/forums/images/demiZeJeans ipost.gif
2005.08.29 22:38 B C:\Documents and Settings\Adam.ADAMK\My Documents\Programming\Switch Skate\Layouts\Backups\File Backups\public_html\forums\images\demiZeJeans\lastpost.gif <-- Switch Skate /public_html/forums/images/demiZeJeans lastpost.gif
2005.08.29 22:38 B C:\Documents and Settings\Adam.ADAMK\My Documents\Programming\Switch Skate\Layouts\Backups\File Backups\public_html\forums\images\demiZeJeans\lock_folder.gif <-- Switch Skate /public_html/forums/images/demiZeJeans lock_folder.gif
2005.08.29 22:38 B C:\Documents and Settings\Adam.ADAMK\My Documents\Programming\Switch Skate\Layouts\Backups\File Backups\public_html\forums\images\demiZeJeans\locku2u.gif <-- Switch Skate /public_html/forums/images/demiZeJeans locku2u.gif
2005.08.29 22:38 B C:\Documents and Settings\Adam.ADAMK\My Documents\Programming\Switch Skate\Layouts\Backups\File Backups\public_html\forums\images\demiZeJeans\members_list.gif <-- Switch Skate /public_html/forums/images/demiZeJeans members_list.gif
2005.08.29 22:39 B C:\Documents and Settings\Adam.ADAMK\My Documents\Programming\Switch Skate\Layouts\Backups\File Backups\public_html\forums\images\demiZeJeans\msn.gif <-- Switch Skate /public_html/forums/images/demiZeJeans msn.gif
2005.08.29 22:39 B C:\Documents and Settings\Adam.ADAMK\My Documents\Programming\Switch Skate\Layouts\Backups\File Backups\public_html\forums\images\demiZeJeans\newbankrequest.gif <-- Switch Skate /public_html/forums/images/demiZeJeans newbankrequest.gif
2005.08.29 22:39 B C:\Documents and Settings\Adam.ADAMK\My Documents\Programming\Switch Skate\Layouts\Backups\File Backups\public_html\forums\images\demiZeJeans\newtopic.gif <-- Switch Skate /public_html/forums/images/demiZeJeans newtopic.gif
2005.08.29 22:39 B C:\Documents and Settings\Adam.ADAMK\My Documents\Programming\Switch Skate\Layouts\Backups\File Backups\public_html\forums\images\demiZeJeans\newu2u.gif <-- Switch Skate /public_html/forums/images/demiZeJeans newu2u.gif
2005.08.29 22:39 B C:\Documents and Settings\Adam.ADAMK\My Documents\Programming\Switch Skate\Layouts\Backups\File Backups\public_html\forums\images\demiZeJeans\online.gif <-- Switch Skate /public_html/forums/images/demiZeJeans online.gif
2005.08.29 22:39 B C:\Documents and Settings\Adam.ADAMK\My Documents\Programming\Switch Skate\Layouts\Backups\File Backups\public_html\forums\images\demiZeJeans\online_guest.gif <-- Switch Skate /public_html/forums/images/demiZeJeans online_guest.gif
2005.08.29 22:39 B C:\Documents and Settings\Adam.ADAMK\My Documents\Programming\Switch Skate\Layouts\Backups\File Backups\public_html\forums\images\demiZeJeans\outbox.gif <-- Switch Skate /public_html/forums/images/demiZeJeans outbox.gif
2005.08.29 22:39 B C:\Documents and Settings\Adam.ADAMK\My Documents\Programming\Switch Skate\Layouts\Backups\File Backups\public_html\forums\images\demiZeJeans\pin.gif <-- Switch Skate /public_html/forums/images/demiZeJeans pin.gif
2005.08.29 22:39 B C:\Documents and Settings\Adam.ADAMK\My Documents\Programming\Switch Skate\Layouts\Backups\File Backups\public_html\forums\images\demiZeJeans\pixel.gif <-- Switch Skate /public_html/forums/images/demiZeJeans pixel.gif
2005.08.29 22:39 B C:\Documents and Settings\Adam.ADAMK\My Documents\Programming\Switch Skate\Layouts\Backups\File Backups\public_html\forums\images\demiZeJeans\poll.gif <-- Switch Skate /public_html/forums/images/demiZeJeans poll.gif
2005.08.29 22:39 B C:\Documents and Settings\Adam.ADAMK\My Documents\Programming\Switch Skate\Layouts\Backups\File Backups\public_html\forums\images\demiZeJeans\pollbar-e.gif <-- Switch Skate /public_html/forums/images/demiZeJeans pollbar-e.gif
2005.08.29 22:39 B C:\Documents and Settings\Adam.ADAMK\My Documents\Programming\Switch Skate\Layouts\Backups\File Backups\public_html\forums\images\demiZeJeans\pollbar-s.gif <-- Switch Skate /public_html/forums/images/demiZeJeans pollbar-s.gif
2005.08.29 22:39 B C:\Documents and Settings\Adam.ADAMK\My Documents\Programming\Switch Skate\Layouts\Backups\File Backups\public_html\forums\images\demiZeJeans\pollbar.gif <-- Switch Skate /public_html/forums/images/demiZeJeans pollbar.gif
2005.08.29 22:39 B C:\Documents and Settings\Adam.ADAMK\My Documents\Programming\Switch Skate\Layouts\Backups\File Backups\public_html\forums\images\demiZeJeans\pollsmall.gif <-- Switch Skate /public_html/forums/images/demiZeJeans pollsmall.gif
2005.08.29 22:39 B C:\Documents and Settings\Adam.ADAMK\My Documents\Programming\Switch Skate\Layouts\Backups\File Backups\public_html\forums\images\demiZeJeans\profile.gif <-- Switch Skate /public_html/forums/images/demiZeJeans profile.gif
2005.08.29 22:39 B C:\Documents and Settings\Adam.ADAMK\My Documents\Programming\Switch Skate\Layouts\Backups\File Backups\public_html\forums\images\demiZeJeans\quote.gif <-- Switch Skate /public_html/forums/images/demiZeJeans quote.gif
2005.08.29 22:39 B C:\Documents and Settings\Adam.ADAMK\My Documents\Programming\Switch Skate\Layouts\Backups\File Backups\public_html\forums\images\demiZeJeans\red_folder.gif <-- Switch Skate /public_html/forums/images/demiZeJeans red_folder.gif
2005.08.29 22:39 B C:\Documents and Settings\Adam.ADAMK\My Documents\Programming\Switch Skate\Layouts\Backups\File Backups\public_html\forums\images\demiZeJeans\reply.gif <-- Switch Skate /public_html/forums/images/demiZeJeans reply.gif
2005.08.29 22:39 B C:\Documents and Settings\Adam.ADAMK\My Documents\Programming\Switch Skate\Layouts\Backups\File Backups\public_html\forums\images\demiZeJeans\report.gif <-- Switch Skate /public_html/forums/images/demiZeJeans report.gif
2005.08.29 22:39 B C:\Documents and Settings\Adam.ADAMK\My Documents\Programming\Switch Skate\Layouts\Backups\File Backups\public_html\forums\images\demiZeJeans\search.gif <-- Switch Skate /public_html/forums/images/demiZeJeans search.gif
2005.08.29 22:39 B C:\Documents and Settings\Adam.ADAMK\My Documents\Programming\Switch Skate\Layouts\Backups\File Backups\public_html\forums\images\demiZeJeans\site.gif <-- Switch Skate /public_html/forums/images/demiZeJeans site.gif
2005.08.29 22:39 B C:\Documents and Settings\Adam.ADAMK\My Documents\Programming\Switch Skate\Layouts\Backups\File Backups\public_html\forums\images\demiZeJeans\star.gif <-- Switch Skate /public_html/forums/images/demiZeJeans star.gif
2005.08.29 22:39 B C:\Documents and Settings\Adam.ADAMK\My Documents\Programming\Switch Skate\Layouts\Backups\File Backups\public_html\forums\images\demiZeJeans\stats.gif <-- Switch Skate /public_html/forums/images/demiZeJeans stats.gif
2005.08.29 22:39 B C:\Documents and Settings\Adam.ADAMK\My Documents\Programming\Switch Skate\Layouts\Backups\File Backups\public_html\forums\images\demiZeJeans\todays_posts.gif <-- Switch Skate /public_html/forums/images/demiZeJeans todays_posts.gif
2005.08.29 22:39 B C:\Documents and Settings\Adam.ADAMK\My Documents\Programming\Switch Skate\Layouts\Backups\File Backups\public_html\forums\images\demiZeJeans\u2u.gif <-- Switch Skate /public_html/forums/images/demiZeJeans u2u.gif
2005.08.29 22:39 B C:\Documents and Settings\Adam.ADAMK\My Documents\Programming\Switch Skate\Layouts\Backups\File Backups\public_html\forums\images\demiZeJeans\u2u_in.gif <-- Switch Skate /public_html/forums/images/demiZeJeans u2u_in.gif
2005.08.29 22:39 B C:\Documents and Settings\Adam.ADAMK\My Documents\Programming\Switch Skate\Layouts\Backups\File Backups\public_html\forums\images\demiZeJeans\u2u_none.gif <-- Switch Skate /public_html/forums/images/demiZeJeans u2u_none.gif
2005.08.29 22:39 B C:\Documents and Settings\Adam.ADAMK\My Documents\Programming\Switch Skate\Layouts\Backups\File Backups\public_html\forums\images\demiZeJeans\xmbheader.gif <-- Switch Skate /public_html/forums/images/demiZeJeans xmbheader.gif
2005.08.29 22:39 B C:\Documents and Settings\Adam.ADAMK\My Documents\Programming\Switch Skate\Layouts\Backups\File Backups\public_html\forums\images\demiZeJeans\yahoo.gif <-- Switch Skate /public_html/forums/images/demiZeJeans yahoo.gif
