2005.08.29 22:17 B C:\Documents and Settings\Adam.ADAMK\My Documents\Programming\Switch Skate\Layouts\Backups\File Backups\public_html\2006\images\onepoint9\address.gif <-- Switch Skate /public_html/2006/images/onepoint9 address.gif
2005.08.29 22:17 B C:\Documents and Settings\Adam.ADAMK\My Documents\Programming\Switch Skate\Layouts\Backups\File Backups\public_html\2006\images\onepoint9\aim.gif <-- Switch Skate /public_html/2006/images/onepoint9 aim.gif
2005.08.29 22:17 B C:\Documents and Settings\Adam.ADAMK\My Documents\Programming\Switch Skate\Layouts\Backups\File Backups\public_html\2006\images\onepoint9\arrow_dw.gif <-- Switch Skate /public_html/2006/images/onepoint9 arrow_dw.gif
2005.08.29 22:17 B C:\Documents and Settings\Adam.ADAMK\My Documents\Programming\Switch Skate\Layouts\Backups\File Backups\public_html\2006\images\onepoint9\arrow_up.gif <-- Switch Skate /public_html/2006/images/onepoint9 arrow_up.gif
2005.08.29 22:17 B C:\Documents and Settings\Adam.ADAMK\My Documents\Programming\Switch Skate\Layouts\Backups\File Backups\public_html\2006\images\onepoint9\banner.gif <-- Switch Skate /public_html/2006/images/onepoint9 banner.gif
2005.08.29 22:17 B C:\Documents and Settings\Adam.ADAMK\My Documents\Programming\Switch Skate\Layouts\Backups\File Backups\public_html\2006\images\onepoint9\banner2.gif <-- Switch Skate /public_html/2006/images/onepoint9 banner2.gif
2005.08.29 22:17 B C:\Documents and Settings\Adam.ADAMK\My Documents\Programming\Switch Skate\Layouts\Backups\File Backups\public_html\2006\images\onepoint9\bar.gif <-- Switch Skate /public_html/2006/images/onepoint9 bar.gif
2005.08.29 22:17 B C:\Documents and Settings\Adam.ADAMK\My Documents\Programming\Switch Skate\Layouts\Backups\File Backups\public_html\2006\images\onepoint9\bb_bold.gif <-- Switch Skate /public_html/2006/images/onepoint9 bb_bold.gif
2005.08.29 22:17 B C:\Documents and Settings\Adam.ADAMK\My Documents\Programming\Switch Skate\Layouts\Backups\File Backups\public_html\2006\images\onepoint9\bb_center.gif <-- Switch Skate /public_html/2006/images/onepoint9 bb_center.gif
2005.08.29 22:17 B C:\Documents and Settings\Adam.ADAMK\My Documents\Programming\Switch Skate\Layouts\Backups\File Backups\public_html\2006\images\onepoint9\bb_code.gif <-- Switch Skate /public_html/2006/images/onepoint9 bb_code.gif
2005.08.29 22:17 B C:\Documents and Settings\Adam.ADAMK\My Documents\Programming\Switch Skate\Layouts\Backups\File Backups\public_html\2006\images\onepoint9\bb_email.gif <-- Switch Skate /public_html/2006/images/onepoint9 bb_email.gif
2005.08.29 22:17 B C:\Documents and Settings\Adam.ADAMK\My Documents\Programming\Switch Skate\Layouts\Backups\File Backups\public_html\2006\images\onepoint9\bb_image.gif <-- Switch Skate /public_html/2006/images/onepoint9 bb_image.gif
2005.08.29 22:17 B C:\Documents and Settings\Adam.ADAMK\My Documents\Programming\Switch Skate\Layouts\Backups\File Backups\public_html\2006\images\onepoint9\bb_italicize.gif <-- Switch Skate /public_html/2006/images/onepoint9 bb_italicize.gif
2005.08.29 22:17 B C:\Documents and Settings\Adam.ADAMK\My Documents\Programming\Switch Skate\Layouts\Backups\File Backups\public_html\2006\images\onepoint9\bb_list.gif <-- Switch Skate /public_html/2006/images/onepoint9 bb_list.gif
2005.08.29 22:17 B C:\Documents and Settings\Adam.ADAMK\My Documents\Programming\Switch Skate\Layouts\Backups\File Backups\public_html\2006\images\onepoint9\bb_quote.gif <-- Switch Skate /public_html/2006/images/onepoint9 bb_quote.gif
2005.08.29 22:17 B C:\Documents and Settings\Adam.ADAMK\My Documents\Programming\Switch Skate\Layouts\Backups\File Backups\public_html\2006\images\onepoint9\bb_underline.gif <-- Switch Skate /public_html/2006/images/onepoint9 bb_underline.gif
2005.08.29 22:17 B C:\Documents and Settings\Adam.ADAMK\My Documents\Programming\Switch Skate\Layouts\Backups\File Backups\public_html\2006\images\onepoint9\bb_url.gif <-- Switch Skate /public_html/2006/images/onepoint9 bb_url.gif
2005.08.29 22:17 B C:\Documents and Settings\Adam.ADAMK\My Documents\Programming\Switch Skate\Layouts\Backups\File Backups\public_html\2006\images\onepoint9\bbrules.gif <-- Switch Skate /public_html/2006/images/onepoint9 bbrules.gif
2005.08.29 22:17 B C:\Documents and Settings\Adam.ADAMK\My Documents\Programming\Switch Skate\Layouts\Backups\File Backups\public_html\2006\images\onepoint9\bg1.gif <-- Switch Skate /public_html/2006/images/onepoint9 bg1.gif
2005.08.29 22:18 B C:\Documents and Settings\Adam.ADAMK\My Documents\Programming\Switch Skate\Layouts\Backups\File Backups\public_html\2006\images\onepoint9\bg2.gif <-- Switch Skate /public_html/2006/images/onepoint9 bg2.gif
2005.08.29 22:18 B C:\Documents and Settings\Adam.ADAMK\My Documents\Programming\Switch Skate\Layouts\Backups\File Backups\public_html\2006\images\onepoint9\bgg.gif <-- Switch Skate /public_html/2006/images/onepoint9 bgg.gif
2005.08.29 22:18 B C:\Documents and Settings\Adam.ADAMK\My Documents\Programming\Switch Skate\Layouts\Backups\File Backups\public_html\2006\images\onepoint9\catbg.gif <-- Switch Skate /public_html/2006/images/onepoint9 catbg.gif
2005.08.29 22:18 B C:\Documents and Settings\Adam.ADAMK\My Documents\Programming\Switch Skate\Layouts\Backups\File Backups\public_html\2006\images\onepoint9\dot_folder.gif <-- Switch Skate /public_html/2006/images/onepoint9 dot_folder.gif
2005.08.29 22:18 B C:\Documents and Settings\Adam.ADAMK\My Documents\Programming\Switch Skate\Layouts\Backups\File Backups\public_html\2006\images\onepoint9\dot_hot_folder.gif <-- Switch Skate /public_html/2006/images/onepoint9 dot_hot_folder.gif
2005.08.29 22:18 B C:\Documents and Settings\Adam.ADAMK\My Documents\Programming\Switch Skate\Layouts\Backups\File Backups\public_html\2006\images\onepoint9\dot_hot_red_folder.gif <-- Switch Skate /public_html/2006/images/onepoint9 dot_hot_red_folder.gif
2005.08.29 22:18 B C:\Documents and Settings\Adam.ADAMK\My Documents\Programming\Switch Skate\Layouts\Backups\File Backups\public_html\2006\images\onepoint9\dot_red_folder.gif <-- Switch Skate /public_html/2006/images/onepoint9 dot_red_folder.gif
2005.08.29 22:18 B C:\Documents and Settings\Adam.ADAMK\My Documents\Programming\Switch Skate\Layouts\Backups\File Backups\public_html\2006\images\onepoint9\edit.gif <-- Switch Skate /public_html/2006/images/onepoint9 edit.gif
2005.08.29 22:18 B C:\Documents and Settings\Adam.ADAMK\My Documents\Programming\Switch Skate\Layouts\Backups\File Backups\public_html\2006\images\onepoint9\email.gif <-- Switch Skate /public_html/2006/images/onepoint9 email.gif
2005.08.29 22:18 B C:\Documents and Settings\Adam.ADAMK\My Documents\Programming\Switch Skate\Layouts\Backups\File Backups\public_html\2006\images\onepoint9\faq.gif <-- Switch Skate /public_html/2006/images/onepoint9 faq.gif
2005.08.29 22:18 B C:\Documents and Settings\Adam.ADAMK\My Documents\Programming\Switch Skate\Layouts\Backups\File Backups\public_html\2006\images\onepoint9\find.gif <-- Switch Skate /public_html/2006/images/onepoint9 find.gif
2005.08.29 22:18 B C:\Documents and Settings\Adam.ADAMK\My Documents\Programming\Switch Skate\Layouts\Backups\File Backups\public_html\2006\images\onepoint9\folder.gif <-- Switch Skate /public_html/2006/images/onepoint9 folder.gif
2005.08.29 22:18 B C:\Documents and Settings\Adam.ADAMK\My Documents\Programming\Switch Skate\Layouts\Backups\File Backups\public_html\2006\images\onepoint9\home.gif <-- Switch Skate /public_html/2006/images/onepoint9 home.gif
2005.08.29 22:18 B C:\Documents and Settings\Adam.ADAMK\My Documents\Programming\Switch Skate\Layouts\Backups\File Backups\public_html\2006\images\onepoint9\hot_folder.gif <-- Switch Skate /public_html/2006/images/onepoint9 hot_folder.gif
2005.08.29 22:18 B C:\Documents and Settings\Adam.ADAMK\My Documents\Programming\Switch Skate\Layouts\Backups\File Backups\public_html\2006\images\onepoint9\hot_red_folder.gif <-- Switch Skate /public_html/2006/images/onepoint9 hot_red_folder.gif
2005.08.29 22:18 B C:\Documents and Settings\Adam.ADAMK\My Documents\Programming\Switch Skate\Layouts\Backups\File Backups\public_html\2006\images\onepoint9\icq_add.gif <-- Switch Skate /public_html/2006/images/onepoint9 icq_add.gif
2005.08.29 22:18 B C:\Documents and Settings\Adam.ADAMK\My Documents\Programming\Switch Skate\Layouts\Backups\File Backups\public_html\2006\images\onepoint9\inbox.gif <-- Switch Skate /public_html/2006/images/onepoint9 inbox.gif
2005.08.29 22:18 B C:\Documents and Settings\Adam.ADAMK\My Documents\Programming\Switch Skate\Layouts\Backups\File Backups\public_html\2006\images\onepoint9\Instructions.txt <-- Switch Skate /public_html/2006/images/onepoint9 Instructions.txt
2005.08.29 22:18 B C:\Documents and Settings\Adam.ADAMK\My Documents\Programming\Switch Skate\Layouts\Backups\File Backups\public_html\2006\images\onepoint9\ip.gif <-- Switch Skate /public_html/2006/images/onepoint9 ip.gif
2005.08.29 22:18 B C:\Documents and Settings\Adam.ADAMK\My Documents\Programming\Switch Skate\Layouts\Backups\File Backups\public_html\2006\images\onepoint9\ipost.gif <-- Switch Skate /public_html/2006/images/onepoint9 ipost.gif
2005.08.29 22:18 B C:\Documents and Settings\Adam.ADAMK\My Documents\Programming\Switch Skate\Layouts\Backups\File Backups\public_html\2006\images\onepoint9\lastpost.gif <-- Switch Skate /public_html/2006/images/onepoint9 lastpost.gif
2005.08.29 22:18 B C:\Documents and Settings\Adam.ADAMK\My Documents\Programming\Switch Skate\Layouts\Backups\File Backups\public_html\2006\images\onepoint9\lock_folder.gif <-- Switch Skate /public_html/2006/images/onepoint9 lock_folder.gif
2005.08.29 22:18 B C:\Documents and Settings\Adam.ADAMK\My Documents\Programming\Switch Skate\Layouts\Backups\File Backups\public_html\2006\images\onepoint9\locku2u.gif <-- Switch Skate /public_html/2006/images/onepoint9 locku2u.gif
2005.08.29 22:18 B C:\Documents and Settings\Adam.ADAMK\My Documents\Programming\Switch Skate\Layouts\Backups\File Backups\public_html\2006\images\onepoint9\members_list.gif <-- Switch Skate /public_html/2006/images/onepoint9 members_list.gif
2005.08.29 22:18 B C:\Documents and Settings\Adam.ADAMK\My Documents\Programming\Switch Skate\Layouts\Backups\File Backups\public_html\2006\images\onepoint9\msn.gif <-- Switch Skate /public_html/2006/images/onepoint9 msn.gif
2005.08.29 22:18 B C:\Documents and Settings\Adam.ADAMK\My Documents\Programming\Switch Skate\Layouts\Backups\File Backups\public_html\2006\images\onepoint9\newmessage.gif <-- Switch Skate /public_html/2006/images/onepoint9 newmessage.gif
2005.08.29 22:18 B C:\Documents and Settings\Adam.ADAMK\My Documents\Programming\Switch Skate\Layouts\Backups\File Backups\public_html\2006\images\onepoint9\newtopic.gif <-- Switch Skate /public_html/2006/images/onepoint9 newtopic.gif
2005.08.29 22:18 B C:\Documents and Settings\Adam.ADAMK\My Documents\Programming\Switch Skate\Layouts\Backups\File Backups\public_html\2006\images\onepoint9\newu2u.gif <-- Switch Skate /public_html/2006/images/onepoint9 newu2u.gif
2005.08.29 22:18 B C:\Documents and Settings\Adam.ADAMK\My Documents\Programming\Switch Skate\Layouts\Backups\File Backups\public_html\2006\images\onepoint9\onepoint9.xmb <-- Switch Skate /public_html/2006/images/onepoint9 onepoint9.xmb
2005.08.29 22:18 B C:\Documents and Settings\Adam.ADAMK\My Documents\Programming\Switch Skate\Layouts\Backups\File Backups\public_html\2006\images\onepoint9\online.gif <-- Switch Skate /public_html/2006/images/onepoint9 online.gif
2005.08.29 22:18 B C:\Documents and Settings\Adam.ADAMK\My Documents\Programming\Switch Skate\Layouts\Backups\File Backups\public_html\2006\images\onepoint9\outbox.gif <-- Switch Skate /public_html/2006/images/onepoint9 outbox.gif
2005.08.29 22:18 B C:\Documents and Settings\Adam.ADAMK\My Documents\Programming\Switch Skate\Layouts\Backups\File Backups\public_html\2006\images\onepoint9\pin.gif <-- Switch Skate /public_html/2006/images/onepoint9 pin.gif
2005.08.29 22:18 B C:\Documents and Settings\Adam.ADAMK\My Documents\Programming\Switch Skate\Layouts\Backups\File Backups\public_html\2006\images\onepoint9\pixel.gif <-- Switch Skate /public_html/2006/images/onepoint9 pixel.gif
2005.08.29 22:18 B C:\Documents and Settings\Adam.ADAMK\My Documents\Programming\Switch Skate\Layouts\Backups\File Backups\public_html\2006\images\onepoint9\poll.gif <-- Switch Skate /public_html/2006/images/onepoint9 poll.gif
2005.08.29 22:18 B C:\Documents and Settings\Adam.ADAMK\My Documents\Programming\Switch Skate\Layouts\Backups\File Backups\public_html\2006\images\onepoint9\pollbar-e.gif <-- Switch Skate /public_html/2006/images/onepoint9 pollbar-e.gif
2005.08.29 22:18 B C:\Documents and Settings\Adam.ADAMK\My Documents\Programming\Switch Skate\Layouts\Backups\File Backups\public_html\2006\images\onepoint9\pollbar-s.gif <-- Switch Skate /public_html/2006/images/onepoint9 pollbar-s.gif
2005.08.29 22:18 B C:\Documents and Settings\Adam.ADAMK\My Documents\Programming\Switch Skate\Layouts\Backups\File Backups\public_html\2006\images\onepoint9\pollbar.gif <-- Switch Skate /public_html/2006/images/onepoint9 pollbar.gif
2005.08.29 22:18 B C:\Documents and Settings\Adam.ADAMK\My Documents\Programming\Switch Skate\Layouts\Backups\File Backups\public_html\2006\images\onepoint9\pollsmall.gif <-- Switch Skate /public_html/2006/images/onepoint9 pollsmall.gif
2005.08.29 22:18 B C:\Documents and Settings\Adam.ADAMK\My Documents\Programming\Switch Skate\Layouts\Backups\File Backups\public_html\2006\images\onepoint9\profile.gif <-- Switch Skate /public_html/2006/images/onepoint9 profile.gif
2005.08.29 22:18 B C:\Documents and Settings\Adam.ADAMK\My Documents\Programming\Switch Skate\Layouts\Backups\File Backups\public_html\2006\images\onepoint9\quote.gif <-- Switch Skate /public_html/2006/images/onepoint9 quote.gif
2005.08.29 22:18 B C:\Documents and Settings\Adam.ADAMK\My Documents\Programming\Switch Skate\Layouts\Backups\File Backups\public_html\2006\images\onepoint9\red_folder.gif <-- Switch Skate /public_html/2006/images/onepoint9 red_folder.gif
2005.08.29 22:18 B C:\Documents and Settings\Adam.ADAMK\My Documents\Programming\Switch Skate\Layouts\Backups\File Backups\public_html\2006\images\onepoint9\red_hot_folder.gif <-- Switch Skate /public_html/2006/images/onepoint9 red_hot_folder.gif
2005.08.29 22:18 B C:\Documents and Settings\Adam.ADAMK\My Documents\Programming\Switch Skate\Layouts\Backups\File Backups\public_html\2006\images\onepoint9\reply.gif <-- Switch Skate /public_html/2006/images/onepoint9 reply.gif
2005.08.29 22:18 B C:\Documents and Settings\Adam.ADAMK\My Documents\Programming\Switch Skate\Layouts\Backups\File Backups\public_html\2006\images\onepoint9\report.gif <-- Switch Skate /public_html/2006/images/onepoint9 report.gif
2005.08.29 22:18 B C:\Documents and Settings\Adam.ADAMK\My Documents\Programming\Switch Skate\Layouts\Backups\File Backups\public_html\2006\images\onepoint9\search.gif <-- Switch Skate /public_html/2006/images/onepoint9 search.gif
2005.08.29 22:18 B C:\Documents and Settings\Adam.ADAMK\My Documents\Programming\Switch Skate\Layouts\Backups\File Backups\public_html\2006\images\onepoint9\site.gif <-- Switch Skate /public_html/2006/images/onepoint9 site.gif
2005.08.29 22:18 B C:\Documents and Settings\Adam.ADAMK\My Documents\Programming\Switch Skate\Layouts\Backups\File Backups\public_html\2006\images\onepoint9\star.gif <-- Switch Skate /public_html/2006/images/onepoint9 star.gif
2005.08.29 22:18 B C:\Documents and Settings\Adam.ADAMK\My Documents\Programming\Switch Skate\Layouts\Backups\File Backups\public_html\2006\images\onepoint9\stats.gif <-- Switch Skate /public_html/2006/images/onepoint9 stats.gif
2005.08.29 22:18 B C:\Documents and Settings\Adam.ADAMK\My Documents\Programming\Switch Skate\Layouts\Backups\File Backups\public_html\2006\images\onepoint9\todays_posts.gif <-- Switch Skate /public_html/2006/images/onepoint9 todays_posts.gif
2005.08.29 22:18 B C:\Documents and Settings\Adam.ADAMK\My Documents\Programming\Switch Skate\Layouts\Backups\File Backups\public_html\2006\images\onepoint9\u2u.gif <-- Switch Skate /public_html/2006/images/onepoint9 u2u.gif
2005.08.29 22:18 B C:\Documents and Settings\Adam.ADAMK\My Documents\Programming\Switch Skate\Layouts\Backups\File Backups\public_html\2006\images\onepoint9\yahoo.gif <-- Switch Skate /public_html/2006/images/onepoint9 yahoo.gif
