2004.12.19 12:37 B G:\Documents and Settings\bilbo\My Documents\Switch Skate REOPENED\Forums\Hacked Files\header.php <-- Switch Skate Forums / header.php
2004.12.19 12:37 B G:\Documents and Settings\bilbo\My Documents\Switch Skate REOPENED\Forums\Hacked Files\header.php --> host215.ipowerweb.com / header.php
2004.12.19 12:53 B G:\Documents and Settings\bilbo\My Documents\Switch Skate REOPENED\Forums\Hacked Files\header.php --> host215.ipowerweb.com / header.php
2004.12.19 12:56 B G:\Documents and Settings\bilbo\My Documents\Switch Skate REOPENED\Forums\Hacked Files\header.php --> host215.ipowerweb.com / header.php
2004.12.19 12:58 B G:\Documents and Settings\bilbo\My Documents\Switch Skate REOPENED\Forums\Hacked Files\header.php --> host215.ipowerweb.com / header.php
2004.12.19 13:02 B G:\Documents and Settings\bilbo\My Documents\Switch Skate REOPENED\Forums\Hacked Files\header.php --> host215.ipowerweb.com / header.php
2004.12.19 13:02 B G:\Documents and Settings\bilbo\My Documents\Switch Skate REOPENED\Forums\Hacked Files\admin.user.inc.php <-- Switch Skate Forums /include admin.user.inc.php
2004.12.19 13:05 B G:\Documents and Settings\bilbo\My Documents\Switch Skate REOPENED\Forums\Hacked Files\admin.user.inc.php --> host215.ipowerweb.com /include admin.user.inc.php
2004.12.19 13:07 B G:\Documents and Settings\bilbo\My Documents\Switch Skate REOPENED\Forums\Hacked Files\admin.user.inc.php <-- Switch Skate Forums /include admin.user.inc.php
2004.12.19 13:07 B G:\Documents and Settings\bilbo\My Documents\Switch Skate REOPENED\Forums\Hacked Files\admin.user.inc.php --> host215.ipowerweb.com /include admin.user.inc.php
2004.12.19 13:08 B G:\Documents and Settings\bilbo\My Documents\Switch Skate REOPENED\Forums\Hacked Files\admin.user.inc.php --> host215.ipowerweb.com /include admin.user.inc.php
2004.12.19 13:15 B G:\Documents and Settings\bilbo\My Documents\Switch Skate REOPENED\Forums\Hacked Files\misc.php <-- Switch Skate Forums / misc.php
2004.12.19 13:17 B G:\Documents and Settings\bilbo\My Documents\Switch Skate REOPENED\Forums\Hacked Files\misc.php --> host215.ipowerweb.com / misc.php
2004.12.19 13:38 B G:\Documents and Settings\bilbo\My Documents\Switch Skate REOPENED\Forums\Hacked Files\member.php <-- Switch Skate /public_html/forums member.php
2004.12.19 13:40 B G:\Documents and Settings\bilbo\My Documents\Switch Skate REOPENED\Forums\Hacked Files\member.php --> host215.ipowerweb.com /public_html/forums member.php
2004.12.19 13:40 B G:\Documents and Settings\bilbo\My Documents\Switch Skate REOPENED\Forums\Hacked Files\cp.php <-- Switch Skate /public_html/forums cp.php
2004.12.19 13:43 B G:\Documents and Settings\bilbo\My Documents\Switch Skate REOPENED\Forums\Hacked Files\cp.php --> host215.ipowerweb.com /public_html/forums cp.php
2004.12.19 13:43 B G:\Documents and Settings\bilbo\My Documents\Switch Skate REOPENED\Forums\Hacked Files\u2u.php <-- Switch Skate /public_html/forums u2u.php
2004.12.19 13:44 B G:\Documents and Settings\bilbo\My Documents\Switch Skate REOPENED\Forums\Hacked Files\u2u.php --> host215.ipowerweb.com /public_html/forums u2u.php
2004.12.19 13:45 B G:\Documents and Settings\bilbo\My Documents\Switch Skate REOPENED\Forums\Hacked Files\English.lang.php <-- Switch Skate /public_html/forums/lang English.lang.php
2004.12.19 13:46 B G:\Documents and Settings\bilbo\My Documents\Switch Skate REOPENED\Forums\Hacked Files\English.lang.php --> host215.ipowerweb.com /public_html/forums/lang English.lang.php
2004.12.19 13:47 B G:\Documents and Settings\bilbo\My Documents\Switch Skate REOPENED\Forums\Hacked Files\English.lang.php --> host215.ipowerweb.com /public_html/forums/lang English.lang.php
2004.12.19 13:51 B G:\Documents and Settings\bilbo\My Documents\Switch Skate REOPENED\Forums\Hacked Files\faq.php <-- Switch Skate /public_html/forums faq.php
2004.12.19 13:51 B G:\Documents and Settings\bilbo\My Documents\Switch Skate REOPENED\Forums\Hacked Files\member.php <-- Switch Skate /public_html/forums member.php
2004.12.19 15:58 B G:\Documents and Settings\bilbo\My Documents\Switch Skate REOPENED\Forums\Hacked Files\member.php <-- Switch Skate /public_html/forums member.php
2004.12.19 16:00 B G:\Documents and Settings\bilbo\My Documents\Switch Skate REOPENED\Forums\Hacked Files\member.php --> host215.ipowerweb.com /public_html/forums member.php
2004.12.19 16:02 B G:\Documents and Settings\bilbo\My Documents\Switch Skate REOPENED\Forums\Hacked Files\member.php --> host215.ipowerweb.com /public_html/forums member.php
2004.12.19 16:13 B G:\Documents and Settings\bilbo\My Documents\Switch Skate REOPENED\Forums\Hacked Files\member.php <-- Switch Skate /public_html/forums member.php
