2005.01.30 15:59 B G:\Documents and Settings\bilbo\My Documents\Programming\Web Sites\pictures\01_anthony.bmp <-- Switch Skate /public_html/site/submit/files 01_anthony.bmp
2005.01.30 15:59 B G:\Documents and Settings\bilbo\My Documents\Programming\Web Sites\pictures\01_mitch.jpg <-- Switch Skate /public_html/site/submit/files 01_mitch.jpg
2005.01.30 15:59 B G:\Documents and Settings\bilbo\My Documents\Programming\Web Sites\pictures\02_anthony.bmp <-- Switch Skate /public_html/site/submit/files 02_anthony.bmp
2005.01.30 15:59 B G:\Documents and Settings\bilbo\My Documents\Programming\Web Sites\pictures\02_mitch.jpg <-- Switch Skate /public_html/site/submit/files 02_mitch.jpg
2005.01.30 15:59 B G:\Documents and Settings\bilbo\My Documents\Programming\Web Sites\pictures\03_mitch.jpg <-- Switch Skate /public_html/site/submit/files 03_mitch.jpg
2005.01.30 16:00 B G:\Documents and Settings\bilbo\My Documents\Programming\Web Sites\pictures\180_507.bmp <-- Switch Skate /public_html/site/submit/files 180_507.bmp
2005.01.30 16:00 B G:\Documents and Settings\bilbo\My Documents\Programming\Web Sites\pictures\180ollie7.bmp <-- Switch Skate /public_html/site/submit/files 180ollie7.bmp
2005.01.30 16:00 B G:\Documents and Settings\bilbo\My Documents\Programming\Web Sites\pictures\2.JPG <-- Switch Skate /public_html/site/submit/files 2.JPG
2005.01.30 16:00 B G:\Documents and Settings\bilbo\My Documents\Programming\Web Sites\pictures\arne_180.jpg <-- Switch Skate /public_html/site/submit/files arne_180.jpg
2005.01.30 16:00 B G:\Documents and Settings\bilbo\My Documents\Programming\Web Sites\pictures\Capital wallride.jpg <-- Switch Skate /public_html/site/submit/files Capital wallride.jpg
2005.01.30 16:00 B G:\Documents and Settings\bilbo\My Documents\Programming\Web Sites\pictures\chris crook.jpg <-- Switch Skate /public_html/site/submit/files chris crook.jpg
2005.01.30 16:00 B G:\Documents and Settings\bilbo\My Documents\Programming\Web Sites\pictures\fakiepopshuvit.JPG <-- Switch Skate /public_html/site/submit/files fakiepopshuvit.JPG
2005.01.30 16:00 B G:\Documents and Settings\bilbo\My Documents\Programming\Web Sites\pictures\heelflip.jpg <-- Switch Skate /public_html/site/submit/files heelflip.jpg
2005.01.30 16:00 B G:\Documents and Settings\bilbo\My Documents\Programming\Web Sites\pictures\heelflip4.bmp <-- Switch Skate /public_html/site/submit/files heelflip4.bmp
2005.01.30 16:00 B G:\Documents and Settings\bilbo\My Documents\Programming\Web Sites\pictures\heelflip5.bmp <-- Switch Skate /public_html/site/submit/files heelflip5.bmp
2005.01.30 16:00 B G:\Documents and Settings\bilbo\My Documents\Programming\Web Sites\pictures\highollie1.JPG <-- Switch Skate /public_html/site/submit/files highollie1.JPG
2005.01.30 16:00 B G:\Documents and Settings\bilbo\My Documents\Programming\Web Sites\pictures\icon_fuck.gif <-- Switch Skate /public_html/site/submit/files icon_fuck.gif
2005.01.30 16:00 B G:\Documents and Settings\bilbo\My Documents\Programming\Web Sites\pictures\icon_wow.gif <-- Switch Skate /public_html/site/submit/files icon_wow.gif
2005.01.30 16:01 B G:\Documents and Settings\bilbo\My Documents\Programming\Web Sites\pictures\manual.jpg <-- Switch Skate /public_html/site/submit/files manual.jpg
2005.01.30 16:01 B G:\Documents and Settings\bilbo\My Documents\Programming\Web Sites\pictures\Matt1.JPG <-- Switch Skate /public_html/site/submit/files Matt1.JPG
2005.01.30 16:01 B G:\Documents and Settings\bilbo\My Documents\Programming\Web Sites\pictures\nollie5.bmp <-- Switch Skate /public_html/site/submit/files nollie5.bmp
2005.01.30 16:01 B G:\Documents and Settings\bilbo\My Documents\Programming\Web Sites\pictures\ollie5.bmp <-- Switch Skate /public_html/site/submit/files ollie5.bmp
2005.01.30 16:01 B G:\Documents and Settings\bilbo\My Documents\Programming\Web Sites\pictures\pic19.jpg <-- Switch Skate /public_html/site/submit/files pic19.jpg
2005.01.30 16:01 B G:\Documents and Settings\bilbo\My Documents\Programming\Web Sites\pictures\pic20.jpg <-- Switch Skate /public_html/site/submit/files pic20.jpg
2005.01.30 16:01 B G:\Documents and Settings\bilbo\My Documents\Programming\Web Sites\pictures\pic21.jpg <-- Switch Skate /public_html/site/submit/files pic21.jpg
2005.01.30 16:01 B G:\Documents and Settings\bilbo\My Documents\Programming\Web Sites\pictures\schange5.bmp <-- Switch Skate /public_html/site/submit/files schange5.bmp
2005.01.30 16:02 B G:\Documents and Settings\bilbo\My Documents\Programming\Web Sites\pictures\01_anthony.bmp --> host215.ipowerweb.com /public_html/switch/pictures 01_anthony.bmp
2005.01.30 16:02 B G:\Documents and Settings\bilbo\My Documents\Programming\Web Sites\pictures\01_mitch.jpg --> host215.ipowerweb.com /public_html/switch/pictures 01_mitch.jpg
2005.01.30 16:02 B G:\Documents and Settings\bilbo\My Documents\Programming\Web Sites\pictures\02_anthony.bmp --> host215.ipowerweb.com /public_html/switch/pictures 02_anthony.bmp
2005.01.30 16:02 B G:\Documents and Settings\bilbo\My Documents\Programming\Web Sites\pictures\02_mitch.jpg --> host215.ipowerweb.com /public_html/switch/pictures 02_mitch.jpg
2005.01.30 16:02 B G:\Documents and Settings\bilbo\My Documents\Programming\Web Sites\pictures\03_mitch.jpg --> host215.ipowerweb.com /public_html/switch/pictures 03_mitch.jpg
2005.01.30 16:02 B G:\Documents and Settings\bilbo\My Documents\Programming\Web Sites\pictures\180_507.bmp --> host215.ipowerweb.com /public_html/switch/pictures 180_507.bmp
2005.01.30 16:03 B G:\Documents and Settings\bilbo\My Documents\Programming\Web Sites\pictures\180ollie7.bmp --> host215.ipowerweb.com /public_html/switch/pictures 180ollie7.bmp
2005.01.30 16:03 B G:\Documents and Settings\bilbo\My Documents\Programming\Web Sites\pictures\2.JPG --> host215.ipowerweb.com /public_html/switch/pictures 2.JPG
2005.01.30 16:03 B G:\Documents and Settings\bilbo\My Documents\Programming\Web Sites\pictures\arne_180.jpg --> host215.ipowerweb.com /public_html/switch/pictures arne_180.jpg
2005.01.30 16:03 B G:\Documents and Settings\bilbo\My Documents\Programming\Web Sites\pictures\Capital wallride.jpg --> host215.ipowerweb.com /public_html/switch/pictures Capital wallride.jpg
2005.01.30 16:03 B G:\Documents and Settings\bilbo\My Documents\Programming\Web Sites\pictures\chris crook.jpg --> host215.ipowerweb.com /public_html/switch/pictures chris crook.jpg
2005.01.30 16:03 B G:\Documents and Settings\bilbo\My Documents\Programming\Web Sites\pictures\fakiepopshuvit.JPG --> host215.ipowerweb.com /public_html/switch/pictures fakiepopshuvit.JPG
2005.01.30 16:03 B G:\Documents and Settings\bilbo\My Documents\Programming\Web Sites\pictures\heelflip.jpg --> host215.ipowerweb.com /public_html/switch/pictures heelflip.jpg
2005.01.30 16:03 B G:\Documents and Settings\bilbo\My Documents\Programming\Web Sites\pictures\heelflip4.bmp --> host215.ipowerweb.com /public_html/switch/pictures heelflip4.bmp
2005.01.30 16:04 B G:\Documents and Settings\bilbo\My Documents\Programming\Web Sites\pictures\heelflip5.bmp --> host215.ipowerweb.com /public_html/switch/pictures heelflip5.bmp
2005.01.30 16:04 B G:\Documents and Settings\bilbo\My Documents\Programming\Web Sites\pictures\highollie1.JPG --> host215.ipowerweb.com /public_html/switch/pictures highollie1.JPG
2005.01.30 16:04 B G:\Documents and Settings\bilbo\My Documents\Programming\Web Sites\pictures\icon_fuck.gif --> host215.ipowerweb.com /public_html/switch/pictures icon_fuck.gif
2005.01.30 16:04 B G:\Documents and Settings\bilbo\My Documents\Programming\Web Sites\pictures\icon_wow.gif --> host215.ipowerweb.com /public_html/switch/pictures icon_wow.gif
2005.01.30 16:04 B G:\Documents and Settings\bilbo\My Documents\Programming\Web Sites\pictures\manual.jpg --> host215.ipowerweb.com /public_html/switch/pictures manual.jpg
2005.01.30 16:05 B G:\Documents and Settings\bilbo\My Documents\Programming\Web Sites\pictures\Matt1.JPG --> host215.ipowerweb.com /public_html/switch/pictures Matt1.JPG
2005.01.30 16:05 B G:\Documents and Settings\bilbo\My Documents\Programming\Web Sites\pictures\nollie5.bmp --> host215.ipowerweb.com /public_html/switch/pictures nollie5.bmp
2005.01.30 16:05 B G:\Documents and Settings\bilbo\My Documents\Programming\Web Sites\pictures\ollie5.bmp --> host215.ipowerweb.com /public_html/switch/pictures ollie5.bmp
2005.01.30 16:05 B G:\Documents and Settings\bilbo\My Documents\Programming\Web Sites\pictures\pic19.jpg --> host215.ipowerweb.com /public_html/switch/pictures pic19.jpg
2005.01.30 16:05 B G:\Documents and Settings\bilbo\My Documents\Programming\Web Sites\pictures\pic20.jpg --> host215.ipowerweb.com /public_html/switch/pictures pic20.jpg
2005.01.30 16:05 B G:\Documents and Settings\bilbo\My Documents\Programming\Web Sites\pictures\pic21.jpg --> host215.ipowerweb.com /public_html/switch/pictures pic21.jpg
2005.01.30 16:06 B G:\Documents and Settings\bilbo\My Documents\Programming\Web Sites\pictures\schange5.bmp --> host215.ipowerweb.com /public_html/switch/pictures schange5.bmp
2005.08.29 22:09 B C:\Documents and Settings\Adam.ADAMK\My Documents\Programming\Switch Skate\Layouts\Backups\File Backups\public_html\2004\pictures\WS_FTP.LOG <-- Switch Skate /public_html/2004/pictures WS_FTP.LOG
