2004.05.26 18:12 B E:\Documents and Settings\Adam Knox\My Documents\Web Sites\scripts\xmbforum\Files\images\iconic\address.gif --> ftp.skate-world.net /public_html/forum/images/iconic address.gif
2004.05.26 18:12 B E:\Documents and Settings\Adam Knox\My Documents\Web Sites\scripts\xmbforum\Files\images\iconic\aim.gif --> ftp.skate-world.net /public_html/forum/images/iconic aim.gif
2004.05.26 18:12 B E:\Documents and Settings\Adam Knox\My Documents\Web Sites\scripts\xmbforum\Files\images\iconic\arrow_dw.gif --> ftp.skate-world.net /public_html/forum/images/iconic arrow_dw.gif
2004.05.26 18:12 B E:\Documents and Settings\Adam Knox\My Documents\Web Sites\scripts\xmbforum\Files\images\iconic\arrow_up.gif --> ftp.skate-world.net /public_html/forum/images/iconic arrow_up.gif
2004.05.26 18:12 B E:\Documents and Settings\Adam Knox\My Documents\Web Sites\scripts\xmbforum\Files\images\iconic\bb_bold.gif --> ftp.skate-world.net /public_html/forum/images/iconic bb_bold.gif
2004.05.26 18:12 B E:\Documents and Settings\Adam Knox\My Documents\Web Sites\scripts\xmbforum\Files\images\iconic\bb_center.gif --> ftp.skate-world.net /public_html/forum/images/iconic bb_center.gif
2004.05.26 18:12 B E:\Documents and Settings\Adam Knox\My Documents\Web Sites\scripts\xmbforum\Files\images\iconic\bb_code.gif --> ftp.skate-world.net /public_html/forum/images/iconic bb_code.gif
2004.05.26 18:12 B E:\Documents and Settings\Adam Knox\My Documents\Web Sites\scripts\xmbforum\Files\images\iconic\bb_email.gif --> ftp.skate-world.net /public_html/forum/images/iconic bb_email.gif
2004.05.26 18:12 B E:\Documents and Settings\Adam Knox\My Documents\Web Sites\scripts\xmbforum\Files\images\iconic\bb_image.gif --> ftp.skate-world.net /public_html/forum/images/iconic bb_image.gif
2004.05.26 18:12 B E:\Documents and Settings\Adam Knox\My Documents\Web Sites\scripts\xmbforum\Files\images\iconic\bb_italicize.gif --> ftp.skate-world.net /public_html/forum/images/iconic bb_italicize.gif
2004.05.26 18:12 B E:\Documents and Settings\Adam Knox\My Documents\Web Sites\scripts\xmbforum\Files\images\iconic\bb_list.gif --> ftp.skate-world.net /public_html/forum/images/iconic bb_list.gif
2004.05.26 18:12 B E:\Documents and Settings\Adam Knox\My Documents\Web Sites\scripts\xmbforum\Files\images\iconic\bb_quote.gif --> ftp.skate-world.net /public_html/forum/images/iconic bb_quote.gif
2004.05.26 18:12 B E:\Documents and Settings\Adam Knox\My Documents\Web Sites\scripts\xmbforum\Files\images\iconic\bb_underline.gif --> ftp.skate-world.net /public_html/forum/images/iconic bb_underline.gif
2004.05.26 18:12 B E:\Documents and Settings\Adam Knox\My Documents\Web Sites\scripts\xmbforum\Files\images\iconic\bb_url.gif --> ftp.skate-world.net /public_html/forum/images/iconic bb_url.gif
2004.05.26 18:12 B E:\Documents and Settings\Adam Knox\My Documents\Web Sites\scripts\xmbforum\Files\images\iconic\bbrules.gif --> ftp.skate-world.net /public_html/forum/images/iconic bbrules.gif
2004.05.26 18:12 B E:\Documents and Settings\Adam Knox\My Documents\Web Sites\scripts\xmbforum\Files\images\iconic\catbg.gif --> ftp.skate-world.net /public_html/forum/images/iconic catbg.gif
2004.05.26 18:12 B E:\Documents and Settings\Adam Knox\My Documents\Web Sites\scripts\xmbforum\Files\images\iconic\dot_folder.gif --> ftp.skate-world.net /public_html/forum/images/iconic dot_folder.gif
2004.05.26 18:12 B E:\Documents and Settings\Adam Knox\My Documents\Web Sites\scripts\xmbforum\Files\images\iconic\dot_hot_folder.gif --> ftp.skate-world.net /public_html/forum/images/iconic dot_hot_folder.gif
2004.05.26 18:12 B E:\Documents and Settings\Adam Knox\My Documents\Web Sites\scripts\xmbforum\Files\images\iconic\dot_hot_red_folder.gif --> ftp.skate-world.net /public_html/forum/images/iconic dot_hot_red_folder.gif
2004.05.26 18:12 B E:\Documents and Settings\Adam Knox\My Documents\Web Sites\scripts\xmbforum\Files\images\iconic\dot_red_folder.gif --> ftp.skate-world.net /public_html/forum/images/iconic dot_red_folder.gif
2004.05.26 18:12 B E:\Documents and Settings\Adam Knox\My Documents\Web Sites\scripts\xmbforum\Files\images\iconic\edit.gif --> ftp.skate-world.net /public_html/forum/images/iconic edit.gif
2004.05.26 18:12 B E:\Documents and Settings\Adam Knox\My Documents\Web Sites\scripts\xmbforum\Files\images\iconic\email.gif --> ftp.skate-world.net /public_html/forum/images/iconic email.gif
2004.05.26 18:12 B E:\Documents and Settings\Adam Knox\My Documents\Web Sites\scripts\xmbforum\Files\images\iconic\faq.gif --> ftp.skate-world.net /public_html/forum/images/iconic faq.gif
2004.05.26 18:12 B E:\Documents and Settings\Adam Knox\My Documents\Web Sites\scripts\xmbforum\Files\images\iconic\find.gif --> ftp.skate-world.net /public_html/forum/images/iconic find.gif
2004.05.26 18:12 B E:\Documents and Settings\Adam Knox\My Documents\Web Sites\scripts\xmbforum\Files\images\iconic\folder.gif --> ftp.skate-world.net /public_html/forum/images/iconic folder.gif
2004.05.26 18:12 B E:\Documents and Settings\Adam Knox\My Documents\Web Sites\scripts\xmbforum\Files\images\iconic\home.gif --> ftp.skate-world.net /public_html/forum/images/iconic home.gif
2004.05.26 18:12 B E:\Documents and Settings\Adam Knox\My Documents\Web Sites\scripts\xmbforum\Files\images\iconic\hot_folder.gif --> ftp.skate-world.net /public_html/forum/images/iconic hot_folder.gif
2004.05.26 18:12 B E:\Documents and Settings\Adam Knox\My Documents\Web Sites\scripts\xmbforum\Files\images\iconic\hot_red_folder.gif --> ftp.skate-world.net /public_html/forum/images/iconic hot_red_folder.gif
2004.05.26 18:12 B E:\Documents and Settings\Adam Knox\My Documents\Web Sites\scripts\xmbforum\Files\images\iconic\iconicheader.gif --> ftp.skate-world.net /public_html/forum/images/iconic iconicheader.gif
2004.05.26 18:12 B E:\Documents and Settings\Adam Knox\My Documents\Web Sites\scripts\xmbforum\Files\images\iconic\icq_add.gif --> ftp.skate-world.net /public_html/forum/images/iconic icq_add.gif
2004.05.26 18:13 B E:\Documents and Settings\Adam Knox\My Documents\Web Sites\scripts\xmbforum\Files\images\iconic\inbox.gif --> ftp.skate-world.net /public_html/forum/images/iconic inbox.gif
2004.05.26 18:13 B E:\Documents and Settings\Adam Knox\My Documents\Web Sites\scripts\xmbforum\Files\images\iconic\ip.gif --> ftp.skate-world.net /public_html/forum/images/iconic ip.gif
2004.05.26 18:13 B E:\Documents and Settings\Adam Knox\My Documents\Web Sites\scripts\xmbforum\Files\images\iconic\ipost.gif --> ftp.skate-world.net /public_html/forum/images/iconic ipost.gif
2004.05.26 18:13 B E:\Documents and Settings\Adam Knox\My Documents\Web Sites\scripts\xmbforum\Files\images\iconic\lastpost.gif --> ftp.skate-world.net /public_html/forum/images/iconic lastpost.gif
2004.05.26 18:13 B E:\Documents and Settings\Adam Knox\My Documents\Web Sites\scripts\xmbforum\Files\images\iconic\lock_folder.gif --> ftp.skate-world.net /public_html/forum/images/iconic lock_folder.gif
2004.05.26 18:13 B E:\Documents and Settings\Adam Knox\My Documents\Web Sites\scripts\xmbforum\Files\images\iconic\locku2u.gif --> ftp.skate-world.net /public_html/forum/images/iconic locku2u.gif
2004.05.26 18:13 B E:\Documents and Settings\Adam Knox\My Documents\Web Sites\scripts\xmbforum\Files\images\iconic\members_list.gif --> ftp.skate-world.net /public_html/forum/images/iconic members_list.gif
2004.05.26 18:13 B E:\Documents and Settings\Adam Knox\My Documents\Web Sites\scripts\xmbforum\Files\images\iconic\msn.gif --> ftp.skate-world.net /public_html/forum/images/iconic msn.gif
2004.05.26 18:13 B E:\Documents and Settings\Adam Knox\My Documents\Web Sites\scripts\xmbforum\Files\images\iconic\newmessage.gif --> ftp.skate-world.net /public_html/forum/images/iconic newmessage.gif
2004.05.26 18:13 B E:\Documents and Settings\Adam Knox\My Documents\Web Sites\scripts\xmbforum\Files\images\iconic\newtopic.gif --> ftp.skate-world.net /public_html/forum/images/iconic newtopic.gif
2004.05.26 18:13 B E:\Documents and Settings\Adam Knox\My Documents\Web Sites\scripts\xmbforum\Files\images\iconic\newu2u.gif --> ftp.skate-world.net /public_html/forum/images/iconic newu2u.gif
2004.05.26 18:13 B E:\Documents and Settings\Adam Knox\My Documents\Web Sites\scripts\xmbforum\Files\images\iconic\online.gif --> ftp.skate-world.net /public_html/forum/images/iconic online.gif
2004.05.26 18:13 B E:\Documents and Settings\Adam Knox\My Documents\Web Sites\scripts\xmbforum\Files\images\iconic\outbox.gif --> ftp.skate-world.net /public_html/forum/images/iconic outbox.gif
2004.05.26 18:13 B E:\Documents and Settings\Adam Knox\My Documents\Web Sites\scripts\xmbforum\Files\images\iconic\pin.gif --> ftp.skate-world.net /public_html/forum/images/iconic pin.gif
2004.05.26 18:13 B E:\Documents and Settings\Adam Knox\My Documents\Web Sites\scripts\xmbforum\Files\images\iconic\pixel.gif --> ftp.skate-world.net /public_html/forum/images/iconic pixel.gif
2004.05.26 18:13 B E:\Documents and Settings\Adam Knox\My Documents\Web Sites\scripts\xmbforum\Files\images\iconic\poll.gif --> ftp.skate-world.net /public_html/forum/images/iconic poll.gif
2004.05.26 18:13 B E:\Documents and Settings\Adam Knox\My Documents\Web Sites\scripts\xmbforum\Files\images\iconic\pollbar-e.gif --> ftp.skate-world.net /public_html/forum/images/iconic pollbar-e.gif
2004.05.26 18:13 B E:\Documents and Settings\Adam Knox\My Documents\Web Sites\scripts\xmbforum\Files\images\iconic\pollbar-s.gif --> ftp.skate-world.net /public_html/forum/images/iconic pollbar-s.gif
2004.05.26 18:13 B E:\Documents and Settings\Adam Knox\My Documents\Web Sites\scripts\xmbforum\Files\images\iconic\pollbar.gif --> ftp.skate-world.net /public_html/forum/images/iconic pollbar.gif
2004.05.26 18:13 B E:\Documents and Settings\Adam Knox\My Documents\Web Sites\scripts\xmbforum\Files\images\iconic\pollsmall.gif --> ftp.skate-world.net /public_html/forum/images/iconic pollsmall.gif
2004.05.26 18:13 B E:\Documents and Settings\Adam Knox\My Documents\Web Sites\scripts\xmbforum\Files\images\iconic\profile.gif --> ftp.skate-world.net /public_html/forum/images/iconic profile.gif
2004.05.26 18:13 B E:\Documents and Settings\Adam Knox\My Documents\Web Sites\scripts\xmbforum\Files\images\iconic\quote.gif --> ftp.skate-world.net /public_html/forum/images/iconic quote.gif
2004.05.26 18:13 B E:\Documents and Settings\Adam Knox\My Documents\Web Sites\scripts\xmbforum\Files\images\iconic\red_folder.gif --> ftp.skate-world.net /public_html/forum/images/iconic red_folder.gif
2004.05.26 18:13 B E:\Documents and Settings\Adam Knox\My Documents\Web Sites\scripts\xmbforum\Files\images\iconic\red_hot_folder.gif --> ftp.skate-world.net /public_html/forum/images/iconic red_hot_folder.gif
2004.05.26 18:13 B E:\Documents and Settings\Adam Knox\My Documents\Web Sites\scripts\xmbforum\Files\images\iconic\reply.gif --> ftp.skate-world.net /public_html/forum/images/iconic reply.gif
2004.05.26 18:13 B E:\Documents and Settings\Adam Knox\My Documents\Web Sites\scripts\xmbforum\Files\images\iconic\report.gif --> ftp.skate-world.net /public_html/forum/images/iconic report.gif
2004.05.26 18:13 B E:\Documents and Settings\Adam Knox\My Documents\Web Sites\scripts\xmbforum\Files\images\iconic\search.gif --> ftp.skate-world.net /public_html/forum/images/iconic search.gif
2004.05.26 18:13 B E:\Documents and Settings\Adam Knox\My Documents\Web Sites\scripts\xmbforum\Files\images\iconic\site.gif --> ftp.skate-world.net /public_html/forum/images/iconic site.gif
2004.05.26 18:13 B E:\Documents and Settings\Adam Knox\My Documents\Web Sites\scripts\xmbforum\Files\images\iconic\SQL Dump.txt --> ftp.skate-world.net /public_html/forum/images/iconic SQL Dump.txt
2004.05.26 18:13 B E:\Documents and Settings\Adam Knox\My Documents\Web Sites\scripts\xmbforum\Files\images\iconic\star.gif --> ftp.skate-world.net /public_html/forum/images/iconic star.gif
2004.05.26 18:13 B E:\Documents and Settings\Adam Knox\My Documents\Web Sites\scripts\xmbforum\Files\images\iconic\stats.gif --> ftp.skate-world.net /public_html/forum/images/iconic stats.gif
2004.05.26 18:13 B E:\Documents and Settings\Adam Knox\My Documents\Web Sites\scripts\xmbforum\Files\images\iconic\Thumbs.db --> ftp.skate-world.net /public_html/forum/images/iconic Thumbs.db
2004.05.26 18:13 B E:\Documents and Settings\Adam Knox\My Documents\Web Sites\scripts\xmbforum\Files\images\iconic\todays_posts.gif --> ftp.skate-world.net /public_html/forum/images/iconic todays_posts.gif
2004.05.26 18:13 B E:\Documents and Settings\Adam Knox\My Documents\Web Sites\scripts\xmbforum\Files\images\iconic\u2u.gif --> ftp.skate-world.net /public_html/forum/images/iconic u2u.gif
2004.05.26 18:13 B E:\Documents and Settings\Adam Knox\My Documents\Web Sites\scripts\xmbforum\Files\images\iconic\yahoo.gif --> ftp.skate-world.net /public_html/forum/images/iconic yahoo.gif
2004.05.26 19:04 B E:\Documents and Settings\Adam Knox\My Documents\Web Sites\scripts\Xmbforum_noshop\Files\images\iconic\address.gif --> ftp.skate-world.net /public_html/forum/images/iconic address.gif
2004.05.26 19:04 B E:\Documents and Settings\Adam Knox\My Documents\Web Sites\scripts\Xmbforum_noshop\Files\images\iconic\aim.gif --> ftp.skate-world.net /public_html/forum/images/iconic aim.gif
2004.05.26 19:04 B E:\Documents and Settings\Adam Knox\My Documents\Web Sites\scripts\Xmbforum_noshop\Files\images\iconic\arrow_dw.gif --> ftp.skate-world.net /public_html/forum/images/iconic arrow_dw.gif
2004.05.26 19:04 B E:\Documents and Settings\Adam Knox\My Documents\Web Sites\scripts\Xmbforum_noshop\Files\images\iconic\arrow_up.gif --> ftp.skate-world.net /public_html/forum/images/iconic arrow_up.gif
2004.05.26 19:04 B E:\Documents and Settings\Adam Knox\My Documents\Web Sites\scripts\Xmbforum_noshop\Files\images\iconic\bb_bold.gif --> ftp.skate-world.net /public_html/forum/images/iconic bb_bold.gif
2004.05.26 19:04 B E:\Documents and Settings\Adam Knox\My Documents\Web Sites\scripts\Xmbforum_noshop\Files\images\iconic\bb_center.gif --> ftp.skate-world.net /public_html/forum/images/iconic bb_center.gif
2004.05.26 19:04 B E:\Documents and Settings\Adam Knox\My Documents\Web Sites\scripts\Xmbforum_noshop\Files\images\iconic\bb_code.gif --> ftp.skate-world.net /public_html/forum/images/iconic bb_code.gif
2004.05.26 19:04 B E:\Documents and Settings\Adam Knox\My Documents\Web Sites\scripts\Xmbforum_noshop\Files\images\iconic\bb_email.gif --> ftp.skate-world.net /public_html/forum/images/iconic bb_email.gif
2004.05.26 19:04 B E:\Documents and Settings\Adam Knox\My Documents\Web Sites\scripts\Xmbforum_noshop\Files\images\iconic\bb_image.gif --> ftp.skate-world.net /public_html/forum/images/iconic bb_image.gif
2004.05.26 19:04 B E:\Documents and Settings\Adam Knox\My Documents\Web Sites\scripts\Xmbforum_noshop\Files\images\iconic\bb_italicize.gif --> ftp.skate-world.net /public_html/forum/images/iconic bb_italicize.gif
2004.05.26 19:04 B E:\Documents and Settings\Adam Knox\My Documents\Web Sites\scripts\Xmbforum_noshop\Files\images\iconic\bb_list.gif --> ftp.skate-world.net /public_html/forum/images/iconic bb_list.gif
2004.05.26 19:04 B E:\Documents and Settings\Adam Knox\My Documents\Web Sites\scripts\Xmbforum_noshop\Files\images\iconic\bb_quote.gif --> ftp.skate-world.net /public_html/forum/images/iconic bb_quote.gif
2004.05.26 19:04 B E:\Documents and Settings\Adam Knox\My Documents\Web Sites\scripts\Xmbforum_noshop\Files\images\iconic\bb_underline.gif --> ftp.skate-world.net /public_html/forum/images/iconic bb_underline.gif
2004.05.26 19:04 B E:\Documents and Settings\Adam Knox\My Documents\Web Sites\scripts\Xmbforum_noshop\Files\images\iconic\bb_url.gif --> ftp.skate-world.net /public_html/forum/images/iconic bb_url.gif
2004.05.26 19:04 B E:\Documents and Settings\Adam Knox\My Documents\Web Sites\scripts\Xmbforum_noshop\Files\images\iconic\bbrules.gif --> ftp.skate-world.net /public_html/forum/images/iconic bbrules.gif
2004.05.26 19:04 B E:\Documents and Settings\Adam Knox\My Documents\Web Sites\scripts\Xmbforum_noshop\Files\images\iconic\catbg.gif --> ftp.skate-world.net /public_html/forum/images/iconic catbg.gif
2004.05.26 19:04 B E:\Documents and Settings\Adam Knox\My Documents\Web Sites\scripts\Xmbforum_noshop\Files\images\iconic\dot_folder.gif --> ftp.skate-world.net /public_html/forum/images/iconic dot_folder.gif
2004.05.26 19:04 B E:\Documents and Settings\Adam Knox\My Documents\Web Sites\scripts\Xmbforum_noshop\Files\images\iconic\dot_hot_folder.gif --> ftp.skate-world.net /public_html/forum/images/iconic dot_hot_folder.gif
2004.05.26 19:04 B E:\Documents and Settings\Adam Knox\My Documents\Web Sites\scripts\Xmbforum_noshop\Files\images\iconic\dot_hot_red_folder.gif --> ftp.skate-world.net /public_html/forum/images/iconic dot_hot_red_folder.gif
2004.05.26 19:04 B E:\Documents and Settings\Adam Knox\My Documents\Web Sites\scripts\Xmbforum_noshop\Files\images\iconic\dot_red_folder.gif --> ftp.skate-world.net /public_html/forum/images/iconic dot_red_folder.gif
2004.05.26 19:04 B E:\Documents and Settings\Adam Knox\My Documents\Web Sites\scripts\Xmbforum_noshop\Files\images\iconic\edit.gif --> ftp.skate-world.net /public_html/forum/images/iconic edit.gif
2004.05.26 19:04 B E:\Documents and Settings\Adam Knox\My Documents\Web Sites\scripts\Xmbforum_noshop\Files\images\iconic\email.gif --> ftp.skate-world.net /public_html/forum/images/iconic email.gif
2004.05.26 19:04 B E:\Documents and Settings\Adam Knox\My Documents\Web Sites\scripts\Xmbforum_noshop\Files\images\iconic\faq.gif --> ftp.skate-world.net /public_html/forum/images/iconic faq.gif
2004.05.26 19:04 B E:\Documents and Settings\Adam Knox\My Documents\Web Sites\scripts\Xmbforum_noshop\Files\images\iconic\find.gif --> ftp.skate-world.net /public_html/forum/images/iconic find.gif
2004.05.26 19:05 B E:\Documents and Settings\Adam Knox\My Documents\Web Sites\scripts\Xmbforum_noshop\Files\images\iconic\folder.gif --> ftp.skate-world.net /public_html/forum/images/iconic folder.gif
2004.05.26 19:05 B E:\Documents and Settings\Adam Knox\My Documents\Web Sites\scripts\Xmbforum_noshop\Files\images\iconic\home.gif --> ftp.skate-world.net /public_html/forum/images/iconic home.gif
2004.05.26 19:05 B E:\Documents and Settings\Adam Knox\My Documents\Web Sites\scripts\Xmbforum_noshop\Files\images\iconic\hot_folder.gif --> ftp.skate-world.net /public_html/forum/images/iconic hot_folder.gif
2004.05.26 19:05 B E:\Documents and Settings\Adam Knox\My Documents\Web Sites\scripts\Xmbforum_noshop\Files\images\iconic\hot_red_folder.gif --> ftp.skate-world.net /public_html/forum/images/iconic hot_red_folder.gif
2004.05.26 19:05 B E:\Documents and Settings\Adam Knox\My Documents\Web Sites\scripts\Xmbforum_noshop\Files\images\iconic\iconicheader.gif --> ftp.skate-world.net /public_html/forum/images/iconic iconicheader.gif
2004.05.26 19:05 B E:\Documents and Settings\Adam Knox\My Documents\Web Sites\scripts\Xmbforum_noshop\Files\images\iconic\icq_add.gif --> ftp.skate-world.net /public_html/forum/images/iconic icq_add.gif
2004.05.26 19:05 B E:\Documents and Settings\Adam Knox\My Documents\Web Sites\scripts\Xmbforum_noshop\Files\images\iconic\inbox.gif --> ftp.skate-world.net /public_html/forum/images/iconic inbox.gif
2004.05.26 19:05 B E:\Documents and Settings\Adam Knox\My Documents\Web Sites\scripts\Xmbforum_noshop\Files\images\iconic\ip.gif --> ftp.skate-world.net /public_html/forum/images/iconic ip.gif
2004.05.26 19:05 B E:\Documents and Settings\Adam Knox\My Documents\Web Sites\scripts\Xmbforum_noshop\Files\images\iconic\ipost.gif --> ftp.skate-world.net /public_html/forum/images/iconic ipost.gif
2004.05.26 19:05 B E:\Documents and Settings\Adam Knox\My Documents\Web Sites\scripts\Xmbforum_noshop\Files\images\iconic\lastpost.gif --> ftp.skate-world.net /public_html/forum/images/iconic lastpost.gif
2004.05.26 19:05 B E:\Documents and Settings\Adam Knox\My Documents\Web Sites\scripts\Xmbforum_noshop\Files\images\iconic\lock_folder.gif --> ftp.skate-world.net /public_html/forum/images/iconic lock_folder.gif
2004.05.26 19:05 B E:\Documents and Settings\Adam Knox\My Documents\Web Sites\scripts\Xmbforum_noshop\Files\images\iconic\locku2u.gif --> ftp.skate-world.net /public_html/forum/images/iconic locku2u.gif
2004.05.26 19:05 B E:\Documents and Settings\Adam Knox\My Documents\Web Sites\scripts\Xmbforum_noshop\Files\images\iconic\members_list.gif --> ftp.skate-world.net /public_html/forum/images/iconic members_list.gif
2004.05.26 19:05 B E:\Documents and Settings\Adam Knox\My Documents\Web Sites\scripts\Xmbforum_noshop\Files\images\iconic\msn.gif --> ftp.skate-world.net /public_html/forum/images/iconic msn.gif
2004.05.26 19:05 B E:\Documents and Settings\Adam Knox\My Documents\Web Sites\scripts\Xmbforum_noshop\Files\images\iconic\newmessage.gif --> ftp.skate-world.net /public_html/forum/images/iconic newmessage.gif
2004.05.26 19:05 B E:\Documents and Settings\Adam Knox\My Documents\Web Sites\scripts\Xmbforum_noshop\Files\images\iconic\newtopic.gif --> ftp.skate-world.net /public_html/forum/images/iconic newtopic.gif
2004.05.26 19:05 B E:\Documents and Settings\Adam Knox\My Documents\Web Sites\scripts\Xmbforum_noshop\Files\images\iconic\newu2u.gif --> ftp.skate-world.net /public_html/forum/images/iconic newu2u.gif
2004.05.26 19:05 B E:\Documents and Settings\Adam Knox\My Documents\Web Sites\scripts\Xmbforum_noshop\Files\images\iconic\online.gif --> ftp.skate-world.net /public_html/forum/images/iconic online.gif
2004.05.26 19:05 B E:\Documents and Settings\Adam Knox\My Documents\Web Sites\scripts\Xmbforum_noshop\Files\images\iconic\outbox.gif --> ftp.skate-world.net /public_html/forum/images/iconic outbox.gif
2004.05.26 19:05 B E:\Documents and Settings\Adam Knox\My Documents\Web Sites\scripts\Xmbforum_noshop\Files\images\iconic\pin.gif --> ftp.skate-world.net /public_html/forum/images/iconic pin.gif
2004.05.26 19:05 B E:\Documents and Settings\Adam Knox\My Documents\Web Sites\scripts\Xmbforum_noshop\Files\images\iconic\pixel.gif --> ftp.skate-world.net /public_html/forum/images/iconic pixel.gif
2004.05.26 19:05 B E:\Documents and Settings\Adam Knox\My Documents\Web Sites\scripts\Xmbforum_noshop\Files\images\iconic\poll.gif --> ftp.skate-world.net /public_html/forum/images/iconic poll.gif
2004.05.26 19:05 B E:\Documents and Settings\Adam Knox\My Documents\Web Sites\scripts\Xmbforum_noshop\Files\images\iconic\pollbar-e.gif --> ftp.skate-world.net /public_html/forum/images/iconic pollbar-e.gif
2004.05.26 19:05 B E:\Documents and Settings\Adam Knox\My Documents\Web Sites\scripts\Xmbforum_noshop\Files\images\iconic\pollbar-s.gif --> ftp.skate-world.net /public_html/forum/images/iconic pollbar-s.gif
2004.05.26 19:05 B E:\Documents and Settings\Adam Knox\My Documents\Web Sites\scripts\Xmbforum_noshop\Files\images\iconic\pollbar.gif --> ftp.skate-world.net /public_html/forum/images/iconic pollbar.gif
2004.05.26 19:05 B E:\Documents and Settings\Adam Knox\My Documents\Web Sites\scripts\Xmbforum_noshop\Files\images\iconic\pollsmall.gif --> ftp.skate-world.net /public_html/forum/images/iconic pollsmall.gif
2004.05.26 19:05 B E:\Documents and Settings\Adam Knox\My Documents\Web Sites\scripts\Xmbforum_noshop\Files\images\iconic\profile.gif --> ftp.skate-world.net /public_html/forum/images/iconic profile.gif
2004.05.26 19:05 B E:\Documents and Settings\Adam Knox\My Documents\Web Sites\scripts\Xmbforum_noshop\Files\images\iconic\quote.gif --> ftp.skate-world.net /public_html/forum/images/iconic quote.gif
2004.05.26 19:05 B E:\Documents and Settings\Adam Knox\My Documents\Web Sites\scripts\Xmbforum_noshop\Files\images\iconic\red_folder.gif --> ftp.skate-world.net /public_html/forum/images/iconic red_folder.gif
2004.05.26 19:05 B E:\Documents and Settings\Adam Knox\My Documents\Web Sites\scripts\Xmbforum_noshop\Files\images\iconic\red_hot_folder.gif --> ftp.skate-world.net /public_html/forum/images/iconic red_hot_folder.gif
2004.05.26 19:05 B E:\Documents and Settings\Adam Knox\My Documents\Web Sites\scripts\Xmbforum_noshop\Files\images\iconic\reply.gif --> ftp.skate-world.net /public_html/forum/images/iconic reply.gif
2004.05.26 19:05 B E:\Documents and Settings\Adam Knox\My Documents\Web Sites\scripts\Xmbforum_noshop\Files\images\iconic\report.gif --> ftp.skate-world.net /public_html/forum/images/iconic report.gif
2004.05.26 19:05 B E:\Documents and Settings\Adam Knox\My Documents\Web Sites\scripts\Xmbforum_noshop\Files\images\iconic\search.gif --> ftp.skate-world.net /public_html/forum/images/iconic search.gif
2004.05.26 19:05 B E:\Documents and Settings\Adam Knox\My Documents\Web Sites\scripts\Xmbforum_noshop\Files\images\iconic\site.gif --> ftp.skate-world.net /public_html/forum/images/iconic site.gif
2004.05.26 19:05 B E:\Documents and Settings\Adam Knox\My Documents\Web Sites\scripts\Xmbforum_noshop\Files\images\iconic\SQL Dump.txt --> ftp.skate-world.net /public_html/forum/images/iconic SQL Dump.txt
2004.05.26 19:05 B E:\Documents and Settings\Adam Knox\My Documents\Web Sites\scripts\Xmbforum_noshop\Files\images\iconic\star.gif --> ftp.skate-world.net /public_html/forum/images/iconic star.gif
2004.05.26 19:05 B E:\Documents and Settings\Adam Knox\My Documents\Web Sites\scripts\Xmbforum_noshop\Files\images\iconic\stats.gif --> ftp.skate-world.net /public_html/forum/images/iconic stats.gif
2004.05.26 19:05 B E:\Documents and Settings\Adam Knox\My Documents\Web Sites\scripts\Xmbforum_noshop\Files\images\iconic\Thumbs.db --> ftp.skate-world.net /public_html/forum/images/iconic Thumbs.db
2004.05.26 19:05 B E:\Documents and Settings\Adam Knox\My Documents\Web Sites\scripts\Xmbforum_noshop\Files\images\iconic\todays_posts.gif --> ftp.skate-world.net /public_html/forum/images/iconic todays_posts.gif
2004.05.26 19:06 B E:\Documents and Settings\Adam Knox\My Documents\Web Sites\scripts\Xmbforum_noshop\Files\images\iconic\u2u.gif --> ftp.skate-world.net /public_html/forum/images/iconic u2u.gif
2004.05.28 18:03 B E:\Documents and Settings\Adam Knox\My Documents\Web Sites\skate world\forumsite\images\iconic\WS_FTP.LOG <-- Skate world /public_html/forum/images/iconic WS_FTP.LOG
2004.05.28 18:03 B E:\Documents and Settings\Adam Knox\My Documents\Web Sites\skate world\forumsite\images\iconic\yahoo.gif <-- Skate world /public_html/forum/images/iconic yahoo.gif
2004.05.28 18:18 B E:\Documents and Settings\Adam Knox\My Documents\Web Sites\skate world\forumsite\images\iconic\address.gif --> ftp.skate-world.net /public_html/images/iconic address.gif
2004.05.28 18:18 B E:\Documents and Settings\Adam Knox\My Documents\Web Sites\skate world\forumsite\images\iconic\aim.gif --> ftp.skate-world.net /public_html/images/iconic aim.gif
2004.05.28 18:18 B E:\Documents and Settings\Adam Knox\My Documents\Web Sites\skate world\forumsite\images\iconic\arrow_dw.gif --> ftp.skate-world.net /public_html/images/iconic arrow_dw.gif
2004.05.28 18:18 B E:\Documents and Settings\Adam Knox\My Documents\Web Sites\skate world\forumsite\images\iconic\arrow_up.gif --> ftp.skate-world.net /public_html/images/iconic arrow_up.gif
2004.05.28 18:18 B E:\Documents and Settings\Adam Knox\My Documents\Web Sites\skate world\forumsite\images\iconic\bb_bold.gif --> ftp.skate-world.net /public_html/images/iconic bb_bold.gif
2004.05.28 18:18 B E:\Documents and Settings\Adam Knox\My Documents\Web Sites\skate world\forumsite\images\iconic\bb_center.gif --> ftp.skate-world.net /public_html/images/iconic bb_center.gif
2004.05.28 18:18 B E:\Documents and Settings\Adam Knox\My Documents\Web Sites\skate world\forumsite\images\iconic\bb_code.gif --> ftp.skate-world.net /public_html/images/iconic bb_code.gif
2004.05.28 18:18 B E:\Documents and Settings\Adam Knox\My Documents\Web Sites\skate world\forumsite\images\iconic\bb_email.gif --> ftp.skate-world.net /public_html/images/iconic bb_email.gif
2004.05.28 18:18 B E:\Documents and Settings\Adam Knox\My Documents\Web Sites\skate world\forumsite\images\iconic\bb_image.gif --> ftp.skate-world.net /public_html/images/iconic bb_image.gif
2004.05.28 18:18 B E:\Documents and Settings\Adam Knox\My Documents\Web Sites\skate world\forumsite\images\iconic\bb_italicize.gif --> ftp.skate-world.net /public_html/images/iconic bb_italicize.gif
2004.05.28 18:19 B E:\Documents and Settings\Adam Knox\My Documents\Web Sites\skate world\forumsite\images\iconic\bb_list.gif --> ftp.skate-world.net /public_html/images/iconic bb_list.gif
2004.05.28 18:19 B E:\Documents and Settings\Adam Knox\My Documents\Web Sites\skate world\forumsite\images\iconic\bb_quote.gif --> ftp.skate-world.net /public_html/images/iconic bb_quote.gif
2004.05.28 18:19 B E:\Documents and Settings\Adam Knox\My Documents\Web Sites\skate world\forumsite\images\iconic\bb_underline.gif --> ftp.skate-world.net /public_html/images/iconic bb_underline.gif
2004.05.28 18:19 B E:\Documents and Settings\Adam Knox\My Documents\Web Sites\skate world\forumsite\images\iconic\bb_url.gif --> ftp.skate-world.net /public_html/images/iconic bb_url.gif
2004.05.28 18:19 B E:\Documents and Settings\Adam Knox\My Documents\Web Sites\skate world\forumsite\images\iconic\bbrules.gif --> ftp.skate-world.net /public_html/images/iconic bbrules.gif
2004.05.28 18:19 B E:\Documents and Settings\Adam Knox\My Documents\Web Sites\skate world\forumsite\images\iconic\catbg.gif --> ftp.skate-world.net /public_html/images/iconic catbg.gif
2004.05.28 18:19 B E:\Documents and Settings\Adam Knox\My Documents\Web Sites\skate world\forumsite\images\iconic\dot_folder.gif --> ftp.skate-world.net /public_html/images/iconic dot_folder.gif
2004.05.28 18:19 B E:\Documents and Settings\Adam Knox\My Documents\Web Sites\skate world\forumsite\images\iconic\dot_hot_folder.gif --> ftp.skate-world.net /public_html/images/iconic dot_hot_folder.gif
2004.05.28 18:19 B E:\Documents and Settings\Adam Knox\My Documents\Web Sites\skate world\forumsite\images\iconic\dot_hot_red_folder.gif --> ftp.skate-world.net /public_html/images/iconic dot_hot_red_folder.gif
2004.05.28 18:19 B E:\Documents and Settings\Adam Knox\My Documents\Web Sites\skate world\forumsite\images\iconic\dot_red_folder.gif --> ftp.skate-world.net /public_html/images/iconic dot_red_folder.gif
2004.05.28 18:19 B E:\Documents and Settings\Adam Knox\My Documents\Web Sites\skate world\forumsite\images\iconic\edit.gif --> ftp.skate-world.net /public_html/images/iconic edit.gif
2004.05.28 18:19 B E:\Documents and Settings\Adam Knox\My Documents\Web Sites\skate world\forumsite\images\iconic\email.gif --> ftp.skate-world.net /public_html/images/iconic email.gif
2004.05.28 18:19 B E:\Documents and Settings\Adam Knox\My Documents\Web Sites\skate world\forumsite\images\iconic\faq.gif --> ftp.skate-world.net /public_html/images/iconic faq.gif
2004.05.28 18:19 B E:\Documents and Settings\Adam Knox\My Documents\Web Sites\skate world\forumsite\images\iconic\find.gif --> ftp.skate-world.net /public_html/images/iconic find.gif
2004.05.28 18:19 B E:\Documents and Settings\Adam Knox\My Documents\Web Sites\skate world\forumsite\images\iconic\folder.gif --> ftp.skate-world.net /public_html/images/iconic folder.gif
2004.05.28 18:19 B E:\Documents and Settings\Adam Knox\My Documents\Web Sites\skate world\forumsite\images\iconic\home.gif --> ftp.skate-world.net /public_html/images/iconic home.gif
2004.05.28 18:19 B E:\Documents and Settings\Adam Knox\My Documents\Web Sites\skate world\forumsite\images\iconic\hot_folder.gif --> ftp.skate-world.net /public_html/images/iconic hot_folder.gif
2004.05.28 18:19 B E:\Documents and Settings\Adam Knox\My Documents\Web Sites\skate world\forumsite\images\iconic\hot_red_folder.gif --> ftp.skate-world.net /public_html/images/iconic hot_red_folder.gif
2004.05.28 18:19 B E:\Documents and Settings\Adam Knox\My Documents\Web Sites\skate world\forumsite\images\iconic\iconicheader.gif --> ftp.skate-world.net /public_html/images/iconic iconicheader.gif
2004.05.28 18:19 B E:\Documents and Settings\Adam Knox\My Documents\Web Sites\skate world\forumsite\images\iconic\icq_add.gif --> ftp.skate-world.net /public_html/images/iconic icq_add.gif
2004.05.28 18:19 B E:\Documents and Settings\Adam Knox\My Documents\Web Sites\skate world\forumsite\images\iconic\inbox.gif --> ftp.skate-world.net /public_html/images/iconic inbox.gif
2004.05.28 18:19 B E:\Documents and Settings\Adam Knox\My Documents\Web Sites\skate world\forumsite\images\iconic\ip.gif --> ftp.skate-world.net /public_html/images/iconic ip.gif
2004.05.28 18:19 B E:\Documents and Settings\Adam Knox\My Documents\Web Sites\skate world\forumsite\images\iconic\ipost.gif --> ftp.skate-world.net /public_html/images/iconic ipost.gif
2004.05.28 18:19 B E:\Documents and Settings\Adam Knox\My Documents\Web Sites\skate world\forumsite\images\iconic\lastpost.gif --> ftp.skate-world.net /public_html/images/iconic lastpost.gif
2004.05.28 18:19 B E:\Documents and Settings\Adam Knox\My Documents\Web Sites\skate world\forumsite\images\iconic\lock_folder.gif --> ftp.skate-world.net /public_html/images/iconic lock_folder.gif
2004.05.28 18:19 B E:\Documents and Settings\Adam Knox\My Documents\Web Sites\skate world\forumsite\images\iconic\locku2u.gif --> ftp.skate-world.net /public_html/images/iconic locku2u.gif
2004.05.28 18:19 B E:\Documents and Settings\Adam Knox\My Documents\Web Sites\skate world\forumsite\images\iconic\members_list.gif --> ftp.skate-world.net /public_html/images/iconic members_list.gif
2004.05.28 18:19 B E:\Documents and Settings\Adam Knox\My Documents\Web Sites\skate world\forumsite\images\iconic\msn.gif --> ftp.skate-world.net /public_html/images/iconic msn.gif
2004.05.28 18:19 B E:\Documents and Settings\Adam Knox\My Documents\Web Sites\skate world\forumsite\images\iconic\newmessage.gif --> ftp.skate-world.net /public_html/images/iconic newmessage.gif
2004.05.28 18:19 B E:\Documents and Settings\Adam Knox\My Documents\Web Sites\skate world\forumsite\images\iconic\newtopic.gif --> ftp.skate-world.net /public_html/images/iconic newtopic.gif
2004.05.28 18:19 B E:\Documents and Settings\Adam Knox\My Documents\Web Sites\skate world\forumsite\images\iconic\newu2u.gif --> ftp.skate-world.net /public_html/images/iconic newu2u.gif
2004.05.28 18:19 B E:\Documents and Settings\Adam Knox\My Documents\Web Sites\skate world\forumsite\images\iconic\online.gif --> ftp.skate-world.net /public_html/images/iconic online.gif
2004.05.28 18:19 B E:\Documents and Settings\Adam Knox\My Documents\Web Sites\skate world\forumsite\images\iconic\outbox.gif --> ftp.skate-world.net /public_html/images/iconic outbox.gif
2004.05.28 18:19 B E:\Documents and Settings\Adam Knox\My Documents\Web Sites\skate world\forumsite\images\iconic\pin.gif --> ftp.skate-world.net /public_html/images/iconic pin.gif
2004.05.28 18:19 B E:\Documents and Settings\Adam Knox\My Documents\Web Sites\skate world\forumsite\images\iconic\pixel.gif --> ftp.skate-world.net /public_html/images/iconic pixel.gif
2004.05.28 18:19 B E:\Documents and Settings\Adam Knox\My Documents\Web Sites\skate world\forumsite\images\iconic\poll.gif --> ftp.skate-world.net /public_html/images/iconic poll.gif
2004.05.28 18:19 B E:\Documents and Settings\Adam Knox\My Documents\Web Sites\skate world\forumsite\images\iconic\pollbar-e.gif --> ftp.skate-world.net /public_html/images/iconic pollbar-e.gif
2004.05.28 18:19 B E:\Documents and Settings\Adam Knox\My Documents\Web Sites\skate world\forumsite\images\iconic\pollbar-s.gif --> ftp.skate-world.net /public_html/images/iconic pollbar-s.gif
2004.05.28 18:19 B E:\Documents and Settings\Adam Knox\My Documents\Web Sites\skate world\forumsite\images\iconic\pollbar.gif --> ftp.skate-world.net /public_html/images/iconic pollbar.gif
2004.05.28 18:19 B E:\Documents and Settings\Adam Knox\My Documents\Web Sites\skate world\forumsite\images\iconic\pollsmall.gif --> ftp.skate-world.net /public_html/images/iconic pollsmall.gif
2004.05.28 18:19 B E:\Documents and Settings\Adam Knox\My Documents\Web Sites\skate world\forumsite\images\iconic\profile.gif --> ftp.skate-world.net /public_html/images/iconic profile.gif
2004.05.28 18:19 B E:\Documents and Settings\Adam Knox\My Documents\Web Sites\skate world\forumsite\images\iconic\quote.gif --> ftp.skate-world.net /public_html/images/iconic quote.gif
2004.05.28 18:19 B E:\Documents and Settings\Adam Knox\My Documents\Web Sites\skate world\forumsite\images\iconic\red_folder.gif --> ftp.skate-world.net /public_html/images/iconic red_folder.gif
2004.05.28 18:19 B E:\Documents and Settings\Adam Knox\My Documents\Web Sites\skate world\forumsite\images\iconic\red_hot_folder.gif --> ftp.skate-world.net /public_html/images/iconic red_hot_folder.gif
2004.05.28 18:19 B E:\Documents and Settings\Adam Knox\My Documents\Web Sites\skate world\forumsite\images\iconic\reply.gif --> ftp.skate-world.net /public_html/images/iconic reply.gif
2004.05.28 18:19 B E:\Documents and Settings\Adam Knox\My Documents\Web Sites\skate world\forumsite\images\iconic\report.gif --> ftp.skate-world.net /public_html/images/iconic report.gif
2004.05.28 18:19 B E:\Documents and Settings\Adam Knox\My Documents\Web Sites\skate world\forumsite\images\iconic\resolved.gif --> ftp.skate-world.net /public_html/images/iconic resolved.gif
2004.05.28 18:19 B E:\Documents and Settings\Adam Knox\My Documents\Web Sites\skate world\forumsite\images\iconic\search.gif --> ftp.skate-world.net /public_html/images/iconic search.gif
2004.05.28 18:19 B E:\Documents and Settings\Adam Knox\My Documents\Web Sites\skate world\forumsite\images\iconic\send.gif --> ftp.skate-world.net /public_html/images/iconic send.gif
2004.05.28 18:19 B E:\Documents and Settings\Adam Knox\My Documents\Web Sites\skate world\forumsite\images\iconic\site.gif --> ftp.skate-world.net /public_html/images/iconic site.gif
2004.05.28 18:19 B E:\Documents and Settings\Adam Knox\My Documents\Web Sites\skate world\forumsite\images\iconic\SQL Dump.txt --> ftp.skate-world.net /public_html/images/iconic SQL Dump.txt
2004.05.28 18:19 B E:\Documents and Settings\Adam Knox\My Documents\Web Sites\skate world\forumsite\images\iconic\star.gif --> ftp.skate-world.net /public_html/images/iconic star.gif
2004.05.28 18:19 B E:\Documents and Settings\Adam Knox\My Documents\Web Sites\skate world\forumsite\images\iconic\stats.gif --> ftp.skate-world.net /public_html/images/iconic stats.gif
2004.05.28 18:19 B E:\Documents and Settings\Adam Knox\My Documents\Web Sites\skate world\forumsite\images\iconic\Thumbs.db --> ftp.skate-world.net /public_html/images/iconic Thumbs.db
2004.05.28 18:19 B E:\Documents and Settings\Adam Knox\My Documents\Web Sites\skate world\forumsite\images\iconic\todays_posts.gif --> ftp.skate-world.net /public_html/images/iconic todays_posts.gif
2004.05.28 18:19 B E:\Documents and Settings\Adam Knox\My Documents\Web Sites\skate world\forumsite\images\iconic\u2u.gif --> ftp.skate-world.net /public_html/images/iconic u2u.gif
2004.05.28 18:19 B E:\Documents and Settings\Adam Knox\My Documents\Web Sites\skate world\forumsite\images\iconic\unresolved.gif --> ftp.skate-world.net /public_html/images/iconic unresolved.gif
2004.08.26 15:49 B E:\Documents and Settings\Adam Knox\Desktop\SKATE WORLD UNCLEAN\public_html\images\iconic\WS_FTP.LOG <-- Skate world /public_html/images/iconic WS_FTP.LOG
2004.08.26 15:49 B E:\Documents and Settings\Adam Knox\Desktop\SKATE WORLD UNCLEAN\public_html\images\iconic\yahoo.gif <-- Skate world /public_html/images/iconic yahoo.gif
2004.08.26 21:28 B E:\Documents and Settings\Adam Knox\Desktop\Skate world redone\forum\images\iconic\address.gif --> ftp.skate-world.net /public_html/forum/images/iconic address.gif
2004.08.26 21:28 B E:\Documents and Settings\Adam Knox\Desktop\Skate world redone\forum\images\iconic\aim.gif --> ftp.skate-world.net /public_html/forum/images/iconic aim.gif
2004.08.26 21:28 B E:\Documents and Settings\Adam Knox\Desktop\Skate world redone\forum\images\iconic\arrow_dw.gif --> ftp.skate-world.net /public_html/forum/images/iconic arrow_dw.gif
2004.08.26 21:28 B E:\Documents and Settings\Adam Knox\Desktop\Skate world redone\forum\images\iconic\arrow_up.gif --> ftp.skate-world.net /public_html/forum/images/iconic arrow_up.gif
2004.08.26 21:28 B E:\Documents and Settings\Adam Knox\Desktop\Skate world redone\forum\images\iconic\avatars.gif --> ftp.skate-world.net /public_html/forum/images/iconic avatars.gif
2004.08.26 21:28 B E:\Documents and Settings\Adam Knox\Desktop\Skate world redone\forum\images\iconic\bb_bold.gif --> ftp.skate-world.net /public_html/forum/images/iconic bb_bold.gif
2004.08.26 21:28 B E:\Documents and Settings\Adam Knox\Desktop\Skate world redone\forum\images\iconic\bb_center.gif --> ftp.skate-world.net /public_html/forum/images/iconic bb_center.gif
2004.08.26 21:28 B E:\Documents and Settings\Adam Knox\Desktop\Skate world redone\forum\images\iconic\bb_code.gif --> ftp.skate-world.net /public_html/forum/images/iconic bb_code.gif
2004.08.26 21:28 B E:\Documents and Settings\Adam Knox\Desktop\Skate world redone\forum\images\iconic\bb_email.gif --> ftp.skate-world.net /public_html/forum/images/iconic bb_email.gif
2004.08.26 21:28 B E:\Documents and Settings\Adam Knox\Desktop\Skate world redone\forum\images\iconic\bb_image.gif --> ftp.skate-world.net /public_html/forum/images/iconic bb_image.gif
2004.08.26 21:28 B E:\Documents and Settings\Adam Knox\Desktop\Skate world redone\forum\images\iconic\bb_italicize.gif --> ftp.skate-world.net /public_html/forum/images/iconic bb_italicize.gif
2004.08.26 21:28 B E:\Documents and Settings\Adam Knox\Desktop\Skate world redone\forum\images\iconic\bb_list.gif --> ftp.skate-world.net /public_html/forum/images/iconic bb_list.gif
2004.08.26 21:28 B E:\Documents and Settings\Adam Knox\Desktop\Skate world redone\forum\images\iconic\bb_quote.gif --> ftp.skate-world.net /public_html/forum/images/iconic bb_quote.gif
2004.08.26 21:28 B E:\Documents and Settings\Adam Knox\Desktop\Skate world redone\forum\images\iconic\bb_underline.gif --> ftp.skate-world.net /public_html/forum/images/iconic bb_underline.gif
2004.08.26 21:28 B E:\Documents and Settings\Adam Knox\Desktop\Skate world redone\forum\images\iconic\bb_url.gif --> ftp.skate-world.net /public_html/forum/images/iconic bb_url.gif
2004.08.26 21:28 B E:\Documents and Settings\Adam Knox\Desktop\Skate world redone\forum\images\iconic\bbrules.gif --> ftp.skate-world.net /public_html/forum/images/iconic bbrules.gif
2004.08.26 21:28 B E:\Documents and Settings\Adam Knox\Desktop\Skate world redone\forum\images\iconic\catbg.gif --> ftp.skate-world.net /public_html/forum/images/iconic catbg.gif
2004.08.26 21:28 B E:\Documents and Settings\Adam Knox\Desktop\Skate world redone\forum\images\iconic\closeav.gif --> ftp.skate-world.net /public_html/forum/images/iconic closeav.gif
2004.08.26 21:28 B E:\Documents and Settings\Adam Knox\Desktop\Skate world redone\forum\images\iconic\dot_folder.gif --> ftp.skate-world.net /public_html/forum/images/iconic dot_folder.gif
2004.08.26 21:28 B E:\Documents and Settings\Adam Knox\Desktop\Skate world redone\forum\images\iconic\dot_hot_folder.gif --> ftp.skate-world.net /public_html/forum/images/iconic dot_hot_folder.gif
2004.08.26 21:28 B E:\Documents and Settings\Adam Knox\Desktop\Skate world redone\forum\images\iconic\dot_hot_red_folder.gif --> ftp.skate-world.net /public_html/forum/images/iconic dot_hot_red_folder.gif
2004.08.26 21:28 B E:\Documents and Settings\Adam Knox\Desktop\Skate world redone\forum\images\iconic\dot_red_folder.gif --> ftp.skate-world.net /public_html/forum/images/iconic dot_red_folder.gif
2004.08.26 21:28 B E:\Documents and Settings\Adam Knox\Desktop\Skate world redone\forum\images\iconic\edit.gif --> ftp.skate-world.net /public_html/forum/images/iconic edit.gif
2004.08.26 21:28 B E:\Documents and Settings\Adam Knox\Desktop\Skate world redone\forum\images\iconic\email.gif --> ftp.skate-world.net /public_html/forum/images/iconic email.gif
2004.08.26 21:28 B E:\Documents and Settings\Adam Knox\Desktop\Skate world redone\forum\images\iconic\faq.gif --> ftp.skate-world.net /public_html/forum/images/iconic faq.gif
2004.08.26 21:28 B E:\Documents and Settings\Adam Knox\Desktop\Skate world redone\forum\images\iconic\find.gif --> ftp.skate-world.net /public_html/forum/images/iconic find.gif
2004.08.26 21:28 B E:\Documents and Settings\Adam Knox\Desktop\Skate world redone\forum\images\iconic\folder.gif --> ftp.skate-world.net /public_html/forum/images/iconic folder.gif
2004.08.26 21:28 B E:\Documents and Settings\Adam Knox\Desktop\Skate world redone\forum\images\iconic\home.gif --> ftp.skate-world.net /public_html/forum/images/iconic home.gif
2004.08.26 21:28 B E:\Documents and Settings\Adam Knox\Desktop\Skate world redone\forum\images\iconic\hot_folder.gif --> ftp.skate-world.net /public_html/forum/images/iconic hot_folder.gif
2004.08.26 21:28 B E:\Documents and Settings\Adam Knox\Desktop\Skate world redone\forum\images\iconic\hot_red_folder.gif --> ftp.skate-world.net /public_html/forum/images/iconic hot_red_folder.gif
2004.08.26 21:28 B E:\Documents and Settings\Adam Knox\Desktop\Skate world redone\forum\images\iconic\iconicheader.gif --> ftp.skate-world.net /public_html/forum/images/iconic iconicheader.gif
2004.08.26 21:28 B E:\Documents and Settings\Adam Knox\Desktop\Skate world redone\forum\images\iconic\icq_add.gif --> ftp.skate-world.net /public_html/forum/images/iconic icq_add.gif
2004.08.26 21:28 B E:\Documents and Settings\Adam Knox\Desktop\Skate world redone\forum\images\iconic\inbox.gif --> ftp.skate-world.net /public_html/forum/images/iconic inbox.gif
2004.08.26 21:28 B E:\Documents and Settings\Adam Knox\Desktop\Skate world redone\forum\images\iconic\ip.gif --> ftp.skate-world.net /public_html/forum/images/iconic ip.gif
2004.08.26 21:28 B E:\Documents and Settings\Adam Knox\Desktop\Skate world redone\forum\images\iconic\ipost.gif --> ftp.skate-world.net /public_html/forum/images/iconic ipost.gif
2004.08.26 21:28 B E:\Documents and Settings\Adam Knox\Desktop\Skate world redone\forum\images\iconic\lastpost.gif --> ftp.skate-world.net /public_html/forum/images/iconic lastpost.gif
2004.08.26 21:28 B E:\Documents and Settings\Adam Knox\Desktop\Skate world redone\forum\images\iconic\lock_folder.gif --> ftp.skate-world.net /public_html/forum/images/iconic lock_folder.gif
2004.08.26 21:28 B E:\Documents and Settings\Adam Knox\Desktop\Skate world redone\forum\images\iconic\locku2u.gif --> ftp.skate-world.net /public_html/forum/images/iconic locku2u.gif
2004.08.26 21:28 B E:\Documents and Settings\Adam Knox\Desktop\Skate world redone\forum\images\iconic\members_list.gif --> ftp.skate-world.net /public_html/forum/images/iconic members_list.gif
2004.08.26 21:28 B E:\Documents and Settings\Adam Knox\Desktop\Skate world redone\forum\images\iconic\msn.gif --> ftp.skate-world.net /public_html/forum/images/iconic msn.gif
2004.08.26 21:28 B E:\Documents and Settings\Adam Knox\Desktop\Skate world redone\forum\images\iconic\newmessage.gif --> ftp.skate-world.net /public_html/forum/images/iconic newmessage.gif
2004.08.26 21:28 B E:\Documents and Settings\Adam Knox\Desktop\Skate world redone\forum\images\iconic\newtopic.gif --> ftp.skate-world.net /public_html/forum/images/iconic newtopic.gif
2004.08.26 21:28 B E:\Documents and Settings\Adam Knox\Desktop\Skate world redone\forum\images\iconic\newu2u.gif --> ftp.skate-world.net /public_html/forum/images/iconic newu2u.gif
2004.08.26 21:28 B E:\Documents and Settings\Adam Knox\Desktop\Skate world redone\forum\images\iconic\online.gif --> ftp.skate-world.net /public_html/forum/images/iconic online.gif
2004.08.26 21:28 B E:\Documents and Settings\Adam Knox\Desktop\Skate world redone\forum\images\iconic\openav.gif --> ftp.skate-world.net /public_html/forum/images/iconic openav.gif
2004.08.26 21:28 B E:\Documents and Settings\Adam Knox\Desktop\Skate world redone\forum\images\iconic\outbox.gif --> ftp.skate-world.net /public_html/forum/images/iconic outbox.gif
2004.08.26 21:28 B E:\Documents and Settings\Adam Knox\Desktop\Skate world redone\forum\images\iconic\pin.gif --> ftp.skate-world.net /public_html/forum/images/iconic pin.gif
2004.08.26 21:28 B E:\Documents and Settings\Adam Knox\Desktop\Skate world redone\forum\images\iconic\pixel.gif --> ftp.skate-world.net /public_html/forum/images/iconic pixel.gif
2004.08.26 21:28 B E:\Documents and Settings\Adam Knox\Desktop\Skate world redone\forum\images\iconic\poll.gif --> ftp.skate-world.net /public_html/forum/images/iconic poll.gif
2004.08.26 21:28 B E:\Documents and Settings\Adam Knox\Desktop\Skate world redone\forum\images\iconic\pollbar-e.gif --> ftp.skate-world.net /public_html/forum/images/iconic pollbar-e.gif
2004.08.26 21:28 B E:\Documents and Settings\Adam Knox\Desktop\Skate world redone\forum\images\iconic\pollbar-s.gif --> ftp.skate-world.net /public_html/forum/images/iconic pollbar-s.gif
2004.08.26 21:28 B E:\Documents and Settings\Adam Knox\Desktop\Skate world redone\forum\images\iconic\pollbar.gif --> ftp.skate-world.net /public_html/forum/images/iconic pollbar.gif
2004.08.26 21:28 B E:\Documents and Settings\Adam Knox\Desktop\Skate world redone\forum\images\iconic\pollsmall.gif --> ftp.skate-world.net /public_html/forum/images/iconic pollsmall.gif
2004.08.26 21:28 B E:\Documents and Settings\Adam Knox\Desktop\Skate world redone\forum\images\iconic\profile.gif --> ftp.skate-world.net /public_html/forum/images/iconic profile.gif
2004.08.26 21:28 B E:\Documents and Settings\Adam Knox\Desktop\Skate world redone\forum\images\iconic\quote.gif --> ftp.skate-world.net /public_html/forum/images/iconic quote.gif
2004.08.26 21:28 B E:\Documents and Settings\Adam Knox\Desktop\Skate world redone\forum\images\iconic\red_folder.gif --> ftp.skate-world.net /public_html/forum/images/iconic red_folder.gif
2004.08.26 21:28 B E:\Documents and Settings\Adam Knox\Desktop\Skate world redone\forum\images\iconic\red_hot_folder.gif --> ftp.skate-world.net /public_html/forum/images/iconic red_hot_folder.gif
2004.08.26 21:28 B E:\Documents and Settings\Adam Knox\Desktop\Skate world redone\forum\images\iconic\reply.gif --> ftp.skate-world.net /public_html/forum/images/iconic reply.gif
2004.08.26 21:28 B E:\Documents and Settings\Adam Knox\Desktop\Skate world redone\forum\images\iconic\report.gif --> ftp.skate-world.net /public_html/forum/images/iconic report.gif
2004.08.26 21:28 B E:\Documents and Settings\Adam Knox\Desktop\Skate world redone\forum\images\iconic\resolved.gif --> ftp.skate-world.net /public_html/forum/images/iconic resolved.gif
2004.08.26 21:28 B E:\Documents and Settings\Adam Knox\Desktop\Skate world redone\forum\images\iconic\search.gif --> ftp.skate-world.net /public_html/forum/images/iconic search.gif
2004.08.26 21:28 B E:\Documents and Settings\Adam Knox\Desktop\Skate world redone\forum\images\iconic\send.gif --> ftp.skate-world.net /public_html/forum/images/iconic send.gif
2004.08.26 21:28 B E:\Documents and Settings\Adam Knox\Desktop\Skate world redone\forum\images\iconic\site.gif --> ftp.skate-world.net /public_html/forum/images/iconic site.gif
2004.08.26 21:28 B E:\Documents and Settings\Adam Knox\Desktop\Skate world redone\forum\images\iconic\SQL Dump.txt --> ftp.skate-world.net /public_html/forum/images/iconic SQL Dump.txt
2004.08.26 21:28 B E:\Documents and Settings\Adam Knox\Desktop\Skate world redone\forum\images\iconic\star.gif --> ftp.skate-world.net /public_html/forum/images/iconic star.gif
2004.08.26 21:28 B E:\Documents and Settings\Adam Knox\Desktop\Skate world redone\forum\images\iconic\stats.gif --> ftp.skate-world.net /public_html/forum/images/iconic stats.gif
2004.08.26 21:29 B E:\Documents and Settings\Adam Knox\Desktop\Skate world redone\forum\images\iconic\Thumbs.db --> ftp.skate-world.net /public_html/forum/images/iconic Thumbs.db
2004.08.26 21:29 B E:\Documents and Settings\Adam Knox\Desktop\Skate world redone\forum\images\iconic\todays_posts.gif --> ftp.skate-world.net /public_html/forum/images/iconic todays_posts.gif
2004.08.26 21:29 B E:\Documents and Settings\Adam Knox\Desktop\Skate world redone\forum\images\iconic\topav.gif --> ftp.skate-world.net /public_html/forum/images/iconic topav.gif
2004.08.26 21:29 B E:\Documents and Settings\Adam Knox\Desktop\Skate world redone\forum\images\iconic\u2u.gif --> ftp.skate-world.net /public_html/forum/images/iconic u2u.gif
2004.08.26 21:29 B E:\Documents and Settings\Adam Knox\Desktop\Skate world redone\forum\images\iconic\unresolved.gif --> ftp.skate-world.net /public_html/forum/images/iconic unresolved.gif
2004.09.20 16:39 B E:\Documents and Settings\Adam Knox\My Documents\Skate World\backup\forum\images\iconic\WS_FTP.LOG <-- Skate world Temporary /public_html/forum/images/iconic WS_FTP.LOG
2004.09.20 16:39 B E:\Documents and Settings\Adam Knox\My Documents\Skate World\backup\forum\images\iconic\yahoo.gif <-- Skate world Temporary /public_html/forum/images/iconic yahoo.gif
2004.10.02 20:39 B G:\Documents and Settings\bilbo\My Documents\Skate World\backup\FOLDERS\forum\images\iconic\address.gif --> host215.ipowerweb.com /public_html/forum/images/iconic address.gif
2004.10.02 20:39 B G:\Documents and Settings\bilbo\My Documents\Skate World\backup\FOLDERS\forum\images\iconic\aim.gif --> host215.ipowerweb.com /public_html/forum/images/iconic aim.gif
2004.10.02 20:39 B G:\Documents and Settings\bilbo\My Documents\Skate World\backup\FOLDERS\forum\images\iconic\arrow_dw.gif --> host215.ipowerweb.com /public_html/forum/images/iconic arrow_dw.gif
2004.10.02 20:39 B G:\Documents and Settings\bilbo\My Documents\Skate World\backup\FOLDERS\forum\images\iconic\arrow_up.gif --> host215.ipowerweb.com /public_html/forum/images/iconic arrow_up.gif
2004.10.02 20:39 B G:\Documents and Settings\bilbo\My Documents\Skate World\backup\FOLDERS\forum\images\iconic\avatars.gif --> host215.ipowerweb.com /public_html/forum/images/iconic avatars.gif
2004.10.02 20:39 B G:\Documents and Settings\bilbo\My Documents\Skate World\backup\FOLDERS\forum\images\iconic\bb_bold.gif --> host215.ipowerweb.com /public_html/forum/images/iconic bb_bold.gif
2004.10.02 20:39 B G:\Documents and Settings\bilbo\My Documents\Skate World\backup\FOLDERS\forum\images\iconic\bb_center.gif --> host215.ipowerweb.com /public_html/forum/images/iconic bb_center.gif
2004.10.02 20:39 B G:\Documents and Settings\bilbo\My Documents\Skate World\backup\FOLDERS\forum\images\iconic\bb_code.gif --> host215.ipowerweb.com /public_html/forum/images/iconic bb_code.gif
2004.10.02 20:39 B G:\Documents and Settings\bilbo\My Documents\Skate World\backup\FOLDERS\forum\images\iconic\bb_email.gif --> host215.ipowerweb.com /public_html/forum/images/iconic bb_email.gif
2004.10.02 20:39 B G:\Documents and Settings\bilbo\My Documents\Skate World\backup\FOLDERS\forum\images\iconic\bb_image.gif --> host215.ipowerweb.com /public_html/forum/images/iconic bb_image.gif
2004.10.02 20:39 B G:\Documents and Settings\bilbo\My Documents\Skate World\backup\FOLDERS\forum\images\iconic\bb_italicize.gif --> host215.ipowerweb.com /public_html/forum/images/iconic bb_italicize.gif
2004.10.02 20:39 B G:\Documents and Settings\bilbo\My Documents\Skate World\backup\FOLDERS\forum\images\iconic\bb_list.gif --> host215.ipowerweb.com /public_html/forum/images/iconic bb_list.gif
2004.10.02 20:39 B G:\Documents and Settings\bilbo\My Documents\Skate World\backup\FOLDERS\forum\images\iconic\bb_quote.gif --> host215.ipowerweb.com /public_html/forum/images/iconic bb_quote.gif
2004.10.02 20:39 B G:\Documents and Settings\bilbo\My Documents\Skate World\backup\FOLDERS\forum\images\iconic\bb_underline.gif --> host215.ipowerweb.com /public_html/forum/images/iconic bb_underline.gif
2004.10.02 20:39 B G:\Documents and Settings\bilbo\My Documents\Skate World\backup\FOLDERS\forum\images\iconic\bb_url.gif --> host215.ipowerweb.com /public_html/forum/images/iconic bb_url.gif
2004.10.02 20:39 B G:\Documents and Settings\bilbo\My Documents\Skate World\backup\FOLDERS\forum\images\iconic\bbrules.gif --> host215.ipowerweb.com /public_html/forum/images/iconic bbrules.gif
2004.10.02 20:39 B G:\Documents and Settings\bilbo\My Documents\Skate World\backup\FOLDERS\forum\images\iconic\catbg.gif --> host215.ipowerweb.com /public_html/forum/images/iconic catbg.gif
2004.10.02 20:39 B G:\Documents and Settings\bilbo\My Documents\Skate World\backup\FOLDERS\forum\images\iconic\closeav.gif --> host215.ipowerweb.com /public_html/forum/images/iconic closeav.gif
2004.10.02 20:39 B G:\Documents and Settings\bilbo\My Documents\Skate World\backup\FOLDERS\forum\images\iconic\dot_folder.gif --> host215.ipowerweb.com /public_html/forum/images/iconic dot_folder.gif
2004.10.02 20:39 B G:\Documents and Settings\bilbo\My Documents\Skate World\backup\FOLDERS\forum\images\iconic\dot_hot_folder.gif --> host215.ipowerweb.com /public_html/forum/images/iconic dot_hot_folder.gif
2004.10.02 20:39 B G:\Documents and Settings\bilbo\My Documents\Skate World\backup\FOLDERS\forum\images\iconic\dot_hot_red_folder.gif --> host215.ipowerweb.com /public_html/forum/images/iconic dot_hot_red_folder.gif
2004.10.02 20:39 B G:\Documents and Settings\bilbo\My Documents\Skate World\backup\FOLDERS\forum\images\iconic\dot_red_folder.gif --> host215.ipowerweb.com /public_html/forum/images/iconic dot_red_folder.gif
2004.10.02 20:40 B G:\Documents and Settings\bilbo\My Documents\Skate World\backup\FOLDERS\forum\images\iconic\edit.gif --> host215.ipowerweb.com /public_html/forum/images/iconic edit.gif
2004.10.02 20:40 B G:\Documents and Settings\bilbo\My Documents\Skate World\backup\FOLDERS\forum\images\iconic\email.gif --> host215.ipowerweb.com /public_html/forum/images/iconic email.gif
2004.10.02 20:40 B G:\Documents and Settings\bilbo\My Documents\Skate World\backup\FOLDERS\forum\images\iconic\faq.gif --> host215.ipowerweb.com /public_html/forum/images/iconic faq.gif
2004.10.02 20:40 B G:\Documents and Settings\bilbo\My Documents\Skate World\backup\FOLDERS\forum\images\iconic\find.gif --> host215.ipowerweb.com /public_html/forum/images/iconic find.gif
2004.10.02 20:40 B G:\Documents and Settings\bilbo\My Documents\Skate World\backup\FOLDERS\forum\images\iconic\folder.gif --> host215.ipowerweb.com /public_html/forum/images/iconic folder.gif
2004.10.02 20:40 B G:\Documents and Settings\bilbo\My Documents\Skate World\backup\FOLDERS\forum\images\iconic\home.gif --> host215.ipowerweb.com /public_html/forum/images/iconic home.gif
2004.10.02 20:40 B G:\Documents and Settings\bilbo\My Documents\Skate World\backup\FOLDERS\forum\images\iconic\hot_folder.gif --> host215.ipowerweb.com /public_html/forum/images/iconic hot_folder.gif
2004.10.02 20:40 B G:\Documents and Settings\bilbo\My Documents\Skate World\backup\FOLDERS\forum\images\iconic\hot_red_folder.gif --> host215.ipowerweb.com /public_html/forum/images/iconic hot_red_folder.gif
2004.10.02 20:40 B G:\Documents and Settings\bilbo\My Documents\Skate World\backup\FOLDERS\forum\images\iconic\iconicheader.gif --> host215.ipowerweb.com /public_html/forum/images/iconic iconicheader.gif
2004.10.02 20:40 B G:\Documents and Settings\bilbo\My Documents\Skate World\backup\FOLDERS\forum\images\iconic\icq_add.gif --> host215.ipowerweb.com /public_html/forum/images/iconic icq_add.gif
2004.10.02 20:40 B G:\Documents and Settings\bilbo\My Documents\Skate World\backup\FOLDERS\forum\images\iconic\inbox.gif --> host215.ipowerweb.com /public_html/forum/images/iconic inbox.gif
2004.10.02 20:40 B G:\Documents and Settings\bilbo\My Documents\Skate World\backup\FOLDERS\forum\images\iconic\ip.gif --> host215.ipowerweb.com /public_html/forum/images/iconic ip.gif
2004.10.02 20:40 B G:\Documents and Settings\bilbo\My Documents\Skate World\backup\FOLDERS\forum\images\iconic\ipost.gif --> host215.ipowerweb.com /public_html/forum/images/iconic ipost.gif
2004.10.02 20:40 B G:\Documents and Settings\bilbo\My Documents\Skate World\backup\FOLDERS\forum\images\iconic\lastpost.gif --> host215.ipowerweb.com /public_html/forum/images/iconic lastpost.gif
2004.10.02 20:40 B G:\Documents and Settings\bilbo\My Documents\Skate World\backup\FOLDERS\forum\images\iconic\lock_folder.gif --> host215.ipowerweb.com /public_html/forum/images/iconic lock_folder.gif
2004.10.02 20:40 B G:\Documents and Settings\bilbo\My Documents\Skate World\backup\FOLDERS\forum\images\iconic\locku2u.gif --> host215.ipowerweb.com /public_html/forum/images/iconic locku2u.gif
2004.10.02 20:40 B G:\Documents and Settings\bilbo\My Documents\Skate World\backup\FOLDERS\forum\images\iconic\members_list.gif --> host215.ipowerweb.com /public_html/forum/images/iconic members_list.gif
2004.10.02 20:40 B G:\Documents and Settings\bilbo\My Documents\Skate World\backup\FOLDERS\forum\images\iconic\msn.gif --> host215.ipowerweb.com /public_html/forum/images/iconic msn.gif
2004.10.02 20:40 B G:\Documents and Settings\bilbo\My Documents\Skate World\backup\FOLDERS\forum\images\iconic\newmessage.gif --> host215.ipowerweb.com /public_html/forum/images/iconic newmessage.gif
2004.10.02 20:40 B G:\Documents and Settings\bilbo\My Documents\Skate World\backup\FOLDERS\forum\images\iconic\newtopic.gif --> host215.ipowerweb.com /public_html/forum/images/iconic newtopic.gif
2004.10.02 20:40 B G:\Documents and Settings\bilbo\My Documents\Skate World\backup\FOLDERS\forum\images\iconic\newu2u.gif --> host215.ipowerweb.com /public_html/forum/images/iconic newu2u.gif
2004.10.02 20:40 B G:\Documents and Settings\bilbo\My Documents\Skate World\backup\FOLDERS\forum\images\iconic\online.gif --> host215.ipowerweb.com /public_html/forum/images/iconic online.gif
2004.10.02 20:40 B G:\Documents and Settings\bilbo\My Documents\Skate World\backup\FOLDERS\forum\images\iconic\openav.gif --> host215.ipowerweb.com /public_html/forum/images/iconic openav.gif
2004.10.02 20:40 B G:\Documents and Settings\bilbo\My Documents\Skate World\backup\FOLDERS\forum\images\iconic\outbox.gif --> host215.ipowerweb.com /public_html/forum/images/iconic outbox.gif
2004.10.02 20:40 B G:\Documents and Settings\bilbo\My Documents\Skate World\backup\FOLDERS\forum\images\iconic\pin.gif --> host215.ipowerweb.com /public_html/forum/images/iconic pin.gif
2004.10.02 20:40 B G:\Documents and Settings\bilbo\My Documents\Skate World\backup\FOLDERS\forum\images\iconic\pixel.gif --> host215.ipowerweb.com /public_html/forum/images/iconic pixel.gif
2004.10.02 20:40 B G:\Documents and Settings\bilbo\My Documents\Skate World\backup\FOLDERS\forum\images\iconic\poll.gif --> host215.ipowerweb.com /public_html/forum/images/iconic poll.gif
2004.10.02 20:40 B G:\Documents and Settings\bilbo\My Documents\Skate World\backup\FOLDERS\forum\images\iconic\pollbar-e.gif --> host215.ipowerweb.com /public_html/forum/images/iconic pollbar-e.gif
2004.10.02 20:40 B G:\Documents and Settings\bilbo\My Documents\Skate World\backup\FOLDERS\forum\images\iconic\pollbar-s.gif --> host215.ipowerweb.com /public_html/forum/images/iconic pollbar-s.gif
2004.10.02 20:40 B G:\Documents and Settings\bilbo\My Documents\Skate World\backup\FOLDERS\forum\images\iconic\pollbar.gif --> host215.ipowerweb.com /public_html/forum/images/iconic pollbar.gif
2004.10.02 20:40 B G:\Documents and Settings\bilbo\My Documents\Skate World\backup\FOLDERS\forum\images\iconic\pollsmall.gif --> host215.ipowerweb.com /public_html/forum/images/iconic pollsmall.gif
2004.10.02 20:40 B G:\Documents and Settings\bilbo\My Documents\Skate World\backup\FOLDERS\forum\images\iconic\profile.gif --> host215.ipowerweb.com /public_html/forum/images/iconic profile.gif
2004.10.02 20:40 B G:\Documents and Settings\bilbo\My Documents\Skate World\backup\FOLDERS\forum\images\iconic\quote.gif --> host215.ipowerweb.com /public_html/forum/images/iconic quote.gif
2004.10.02 20:40 B G:\Documents and Settings\bilbo\My Documents\Skate World\backup\FOLDERS\forum\images\iconic\red_folder.gif --> host215.ipowerweb.com /public_html/forum/images/iconic red_folder.gif
2004.10.02 20:40 B G:\Documents and Settings\bilbo\My Documents\Skate World\backup\FOLDERS\forum\images\iconic\red_hot_folder.gif --> host215.ipowerweb.com /public_html/forum/images/iconic red_hot_folder.gif
2004.10.02 20:40 B G:\Documents and Settings\bilbo\My Documents\Skate World\backup\FOLDERS\forum\images\iconic\reply.gif --> host215.ipowerweb.com /public_html/forum/images/iconic reply.gif
2004.10.02 20:40 B G:\Documents and Settings\bilbo\My Documents\Skate World\backup\FOLDERS\forum\images\iconic\report.gif --> host215.ipowerweb.com /public_html/forum/images/iconic report.gif
2004.10.02 20:40 B G:\Documents and Settings\bilbo\My Documents\Skate World\backup\FOLDERS\forum\images\iconic\resolved.gif --> host215.ipowerweb.com /public_html/forum/images/iconic resolved.gif
2004.10.02 20:40 B G:\Documents and Settings\bilbo\My Documents\Skate World\backup\FOLDERS\forum\images\iconic\search.gif --> host215.ipowerweb.com /public_html/forum/images/iconic search.gif
2004.10.02 20:40 B G:\Documents and Settings\bilbo\My Documents\Skate World\backup\FOLDERS\forum\images\iconic\send.gif --> host215.ipowerweb.com /public_html/forum/images/iconic send.gif
2004.10.02 20:40 B G:\Documents and Settings\bilbo\My Documents\Skate World\backup\FOLDERS\forum\images\iconic\site.gif --> host215.ipowerweb.com /public_html/forum/images/iconic site.gif
2004.10.02 20:40 B G:\Documents and Settings\bilbo\My Documents\Skate World\backup\FOLDERS\forum\images\iconic\SQL Dump.txt --> host215.ipowerweb.com /public_html/forum/images/iconic SQL Dump.txt
2004.10.02 20:40 B G:\Documents and Settings\bilbo\My Documents\Skate World\backup\FOLDERS\forum\images\iconic\star.gif --> host215.ipowerweb.com /public_html/forum/images/iconic star.gif
2004.10.02 20:40 B G:\Documents and Settings\bilbo\My Documents\Skate World\backup\FOLDERS\forum\images\iconic\stats.gif --> host215.ipowerweb.com /public_html/forum/images/iconic stats.gif
2004.10.02 20:40 B G:\Documents and Settings\bilbo\My Documents\Skate World\backup\FOLDERS\forum\images\iconic\Thumbs.db --> host215.ipowerweb.com /public_html/forum/images/iconic Thumbs.db
2004.10.02 20:40 B G:\Documents and Settings\bilbo\My Documents\Skate World\backup\FOLDERS\forum\images\iconic\todays_posts.gif --> host215.ipowerweb.com /public_html/forum/images/iconic todays_posts.gif
2004.10.02 20:40 B G:\Documents and Settings\bilbo\My Documents\Skate World\backup\FOLDERS\forum\images\iconic\topav.gif --> host215.ipowerweb.com /public_html/forum/images/iconic topav.gif
2004.10.02 20:40 B G:\Documents and Settings\bilbo\My Documents\Skate World\backup\FOLDERS\forum\images\iconic\u2u.gif --> host215.ipowerweb.com /public_html/forum/images/iconic u2u.gif
2004.10.02 20:40 B G:\Documents and Settings\bilbo\My Documents\Skate World\backup\FOLDERS\forum\images\iconic\unresolved.gif --> host215.ipowerweb.com /public_html/forum/images/iconic unresolved.gif
2005.08.29 22:53 B C:\Documents and Settings\Adam.ADAMK\My Documents\Programming\Switch Skate\Layouts\Backups\File Backups\public_html\forums\images\iconic\WS_FTP.LOG <-- Switch Skate /public_html/forums/images/iconic WS_FTP.LOG
2005.08.29 22:53 B C:\Documents and Settings\Adam.ADAMK\My Documents\Programming\Switch Skate\Layouts\Backups\File Backups\public_html\forums\images\iconic\yahoo.gif <-- Switch Skate /public_html/forums/images/iconic yahoo.gif
