2004.11.17 10:13 B G:\Documents and Settings\bilbo\My Documents\Switch Skate REOPENED\panel\basics\table.php --> host215.ipowerweb.com /public_html/panel/basics table.php
2004.11.17 10:20 B G:\Documents and Settings\bilbo\My Documents\Switch Skate REOPENED\panel\basics\table.php --> host215.ipowerweb.com /public_html/panel/basics table.php
2004.11.17 10:20 B G:\Documents and Settings\bilbo\My Documents\Switch Skate REOPENED\panel\basics\tablecreate.php --> host215.ipowerweb.com /public_html/panel/basics tablecreate.php
2004.11.17 10:20 B G:\Documents and Settings\bilbo\My Documents\Switch Skate REOPENED\panel\basics\WS_FTP.LOG --> host215.ipowerweb.com /public_html/panel/basics WS_FTP.LOG
2004.11.17 10:34 B G:\Documents and Settings\bilbo\My Documents\Switch Skate REOPENED\panel\basics\table.php --> host215.ipowerweb.com /public_html/panel/basics table.php
2004.11.17 10:34 B G:\Documents and Settings\bilbo\My Documents\Switch Skate REOPENED\panel\basics\tablecreate.php --> host215.ipowerweb.com /public_html/panel/basics tablecreate.php
2004.11.17 10:34 B G:\Documents and Settings\bilbo\My Documents\Switch Skate REOPENED\panel\basics\WS_FTP.LOG --> host215.ipowerweb.com /public_html/panel/basics WS_FTP.LOG
2004.11.17 18:52 B G:\Documents and Settings\bilbo\My Documents\Switch Skate REOPENED\panel\basics\table.php --> host215.ipowerweb.com /public_html/panel/basics table.php
2004.11.17 18:52 B G:\Documents and Settings\bilbo\My Documents\Switch Skate REOPENED\panel\basics\WS_FTP.LOG --> host215.ipowerweb.com /public_html/panel/basics WS_FTP.LOG
2004.11.18 14:44 B G:\Documents and Settings\bilbo\My Documents\Switch Skate REOPENED\panel\basics\table.php --> host215.ipowerweb.com /public_html/panel/basics table.php
2004.11.18 14:44 B G:\Documents and Settings\bilbo\My Documents\Switch Skate REOPENED\panel\basics\tablecreate.php --> host215.ipowerweb.com /public_html/panel/basics tablecreate.php
2004.11.18 14:44 B G:\Documents and Settings\bilbo\My Documents\Switch Skate REOPENED\panel\basics\WS_FTP.LOG --> host215.ipowerweb.com /public_html/panel/basics WS_FTP.LOG
2004.11.18 15:35 B G:\Documents and Settings\bilbo\My Documents\Switch Skate REOPENED\panel\basics\tablecreate.php --> host215.ipowerweb.com /public_html/panel/basics tablecreate.php
2004.11.19 17:30 B G:\Documents and Settings\bilbo\My Documents\Switch Skate REOPENED\panel\basics\add.php --> host215.ipowerweb.com /public_html/panel/basics add.php
2004.11.19 17:30 B G:\Documents and Settings\bilbo\My Documents\Switch Skate REOPENED\panel\basics\color.php --> host215.ipowerweb.com /public_html/panel/basics color.php
2004.11.19 17:30 B G:\Documents and Settings\bilbo\My Documents\Switch Skate REOPENED\panel\basics\index.html --> host215.ipowerweb.com /public_html/panel/basics index.html
2004.11.19 17:30 B G:\Documents and Settings\bilbo\My Documents\Switch Skate REOPENED\panel\basics\table.php --> host215.ipowerweb.com /public_html/panel/basics table.php
2004.11.19 17:30 B G:\Documents and Settings\bilbo\My Documents\Switch Skate REOPENED\panel\basics\tablecreate.php --> host215.ipowerweb.com /public_html/panel/basics tablecreate.php
2004.11.19 17:30 B G:\Documents and Settings\bilbo\My Documents\Switch Skate REOPENED\panel\basics\WS_FTP.LOG --> host215.ipowerweb.com /public_html/panel/basics WS_FTP.LOG
2004.11.19 17:30 B G:\Documents and Settings\bilbo\My Documents\Switch Skate REOPENED\panel\basics\add.php --> host215.ipowerweb.com /public_html/panel/basics add.php
2004.11.19 17:31 B G:\Documents and Settings\bilbo\My Documents\Switch Skate REOPENED\panel\basics\add.php --> host215.ipowerweb.com /public_html/panel/basics add.php
2004.11.19 17:31 B G:\Documents and Settings\bilbo\My Documents\Switch Skate REOPENED\panel\basics\add.php --> host215.ipowerweb.com /public_html/panel/basics add.php
2004.11.19 17:32 B G:\Documents and Settings\bilbo\My Documents\Switch Skate REOPENED\panel\basics\add.php --> host215.ipowerweb.com /public_html/panel/basics add.php
2004.11.19 17:32 B G:\Documents and Settings\bilbo\My Documents\Switch Skate REOPENED\panel\basics\add.php --> host215.ipowerweb.com /public_html/panel/basics add.php
2004.11.19 17:33 B G:\Documents and Settings\bilbo\My Documents\Switch Skate REOPENED\panel\basics\add.php --> host215.ipowerweb.com /public_html/panel/basics add.php
2004.11.19 17:34 B G:\Documents and Settings\bilbo\My Documents\Switch Skate REOPENED\panel\basics\add.php --> host215.ipowerweb.com /public_html/panel/basics add.php
2004.11.19 17:42 B G:\Documents and Settings\bilbo\My Documents\Switch Skate REOPENED\panel\basics\add.php --> host215.ipowerweb.com /public_html/panel/basics add.php
2004.11.19 17:42 B G:\Documents and Settings\bilbo\My Documents\Switch Skate REOPENED\panel\basics\add.php --> host215.ipowerweb.com /public_html/panel/basics add.php
2004.11.19 17:44 B G:\Documents and Settings\bilbo\My Documents\Switch Skate REOPENED\panel\basics\add.php --> host215.ipowerweb.com /public_html/panel/basics add.php
2004.11.19 17:44 B G:\Documents and Settings\bilbo\My Documents\Switch Skate REOPENED\panel\basics\add.php --> host215.ipowerweb.com /public_html/panel/basics add.php
2004.11.19 17:46 B G:\Documents and Settings\bilbo\My Documents\Switch Skate REOPENED\panel\basics\add.php --> host215.ipowerweb.com /public_html/panel/basics add.php
2004.11.19 17:47 B G:\Documents and Settings\bilbo\My Documents\Switch Skate REOPENED\panel\basics\add.php --> host215.ipowerweb.com /public_html/panel/basics add.php
2004.11.19 17:47 B G:\Documents and Settings\bilbo\My Documents\Switch Skate REOPENED\panel\basics\add.php --> host215.ipowerweb.com /public_html/panel/basics add.php
2004.11.19 17:47 B G:\Documents and Settings\bilbo\My Documents\Switch Skate REOPENED\panel\basics\add.php --> host215.ipowerweb.com /public_html/panel/basics add.php
2004.11.19 17:56 B G:\Documents and Settings\bilbo\My Documents\Switch Skate REOPENED\panel\basics\news.php --> host215.ipowerweb.com /public_html/panel/basics news.php
2004.11.19 17:57 B G:\Documents and Settings\bilbo\My Documents\Switch Skate REOPENED\panel\basics\news.php --> host215.ipowerweb.com /public_html/panel/basics news.php
2004.11.19 17:58 B G:\Documents and Settings\bilbo\My Documents\Switch Skate REOPENED\panel\basics\news.php --> host215.ipowerweb.com /public_html/panel/basics news.php
2004.11.19 17:58 B G:\Documents and Settings\bilbo\My Documents\Switch Skate REOPENED\panel\basics\news.php --> host215.ipowerweb.com /public_html/panel/basics news.php
2004.11.19 17:58 B G:\Documents and Settings\bilbo\My Documents\Switch Skate REOPENED\panel\basics\news.php --> host215.ipowerweb.com /public_html/panel/basics news.php
2004.11.19 17:59 B G:\Documents and Settings\bilbo\My Documents\Switch Skate REOPENED\panel\basics\chnews.php --> host215.ipowerweb.com /public_html/panel/basics chnews.php
2004.11.19 18:00 B G:\Documents and Settings\bilbo\My Documents\Switch Skate REOPENED\panel\basics\news.php --> host215.ipowerweb.com /public_html/panel/basics news.php
2004.11.19 18:04 B G:\Documents and Settings\bilbo\My Documents\Switch Skate REOPENED\panel\basics\scroll.php --> host215.ipowerweb.com /public_html/panel/basics scroll.php
2004.11.19 18:04 B G:\Documents and Settings\bilbo\My Documents\Switch Skate REOPENED\panel\basics\scroll.php --> host215.ipowerweb.com /public_html/panel/basics scroll.php
2004.11.19 18:09 B G:\Documents and Settings\bilbo\My Documents\Switch Skate REOPENED\panel\basics\table.php --> host215.ipowerweb.com /public_html/panel/basics table.php
2004.11.19 18:09 B G:\Documents and Settings\bilbo\My Documents\Switch Skate REOPENED\panel\basics\table.php --> host215.ipowerweb.com /public_html/panel/basics table.php
2004.11.19 18:10 B G:\Documents and Settings\bilbo\My Documents\Switch Skate REOPENED\panel\basics\table.php --> host215.ipowerweb.com /public_html/panel/basics table.php
2004.11.19 18:11 B G:\Documents and Settings\bilbo\My Documents\Switch Skate REOPENED\panel\basics\table.php --> host215.ipowerweb.com /public_html/panel/basics table.php
2004.11.19 18:11 B G:\Documents and Settings\bilbo\My Documents\Switch Skate REOPENED\panel\basics\table.php --> host215.ipowerweb.com /public_html/panel/basics table.php
2004.11.19 18:16 B G:\Documents and Settings\bilbo\My Documents\Switch Skate REOPENED\panel\basics\fixcolor.php --> host215.ipowerweb.com /public_html/panel/basics fixcolor.php
2004.11.19 19:53 B G:\Documents and Settings\bilbo\My Documents\Switch Skate REOPENED\panel\basics\color.php --> host215.ipowerweb.com /public_html/panel/basics color.php
2004.11.19 19:56 B G:\Documents and Settings\bilbo\My Documents\Switch Skate REOPENED\panel\basics\color.php --> host215.ipowerweb.com /public_html/panel/basics color.php
2004.11.19 19:57 B G:\Documents and Settings\bilbo\My Documents\Switch Skate REOPENED\panel\basics\color.php --> host215.ipowerweb.com /public_html/panel/basics color.php
2004.11.19 19:57 B G:\Documents and Settings\bilbo\My Documents\Switch Skate REOPENED\panel\basics\color.php --> host215.ipowerweb.com /public_html/panel/basics color.php
2004.11.19 19:58 B G:\Documents and Settings\bilbo\My Documents\Switch Skate REOPENED\panel\basics\color.php --> host215.ipowerweb.com /public_html/panel/basics color.php
2004.11.20 10:01 B G:\Documents and Settings\bilbo\My Documents\Switch Skate REOPENED\panel\basics\add.php --> host215.ipowerweb.com /public_html/panel/basics add.php
2004.11.20 10:01 B G:\Documents and Settings\bilbo\My Documents\Switch Skate REOPENED\panel\basics\chnews.php --> host215.ipowerweb.com /public_html/panel/basics chnews.php
2004.11.20 10:01 B G:\Documents and Settings\bilbo\My Documents\Switch Skate REOPENED\panel\basics\color.php --> host215.ipowerweb.com /public_html/panel/basics color.php
2004.11.20 10:01 B G:\Documents and Settings\bilbo\My Documents\Switch Skate REOPENED\panel\basics\fixcolor.php --> host215.ipowerweb.com /public_html/panel/basics fixcolor.php
2004.11.20 10:01 B G:\Documents and Settings\bilbo\My Documents\Switch Skate REOPENED\panel\basics\news.php --> host215.ipowerweb.com /public_html/panel/basics news.php
2004.11.20 10:01 B G:\Documents and Settings\bilbo\My Documents\Switch Skate REOPENED\panel\basics\scroll.php --> host215.ipowerweb.com /public_html/panel/basics scroll.php
2004.11.20 10:01 B G:\Documents and Settings\bilbo\My Documents\Switch Skate REOPENED\panel\basics\table.php --> host215.ipowerweb.com /public_html/panel/basics table.php
2004.11.20 10:01 B G:\Documents and Settings\bilbo\My Documents\Switch Skate REOPENED\panel\basics\WS_FTP.LOG --> host215.ipowerweb.com /public_html/panel/basics WS_FTP.LOG
2004.11.20 10:03 B G:\Documents and Settings\bilbo\My Documents\Switch Skate REOPENED\panel\basics\color.php --> host215.ipowerweb.com /public_html/panel/basics color.php
2004.11.20 10:03 B G:\Documents and Settings\bilbo\My Documents\Switch Skate REOPENED\panel\basics\fixcolor.php --> host215.ipowerweb.com /public_html/panel/basics fixcolor.php
2004.11.20 10:03 B G:\Documents and Settings\bilbo\My Documents\Switch Skate REOPENED\panel\basics\WS_FTP.LOG --> host215.ipowerweb.com /public_html/panel/basics WS_FTP.LOG
2004.11.20 10:04 B G:\Documents and Settings\bilbo\My Documents\Switch Skate REOPENED\panel\basics\color.php --> host215.ipowerweb.com /public_html/panel/basics color.php
2004.11.20 10:04 B G:\Documents and Settings\bilbo\My Documents\Switch Skate REOPENED\panel\basics\fixcolor.php --> host215.ipowerweb.com /public_html/panel/basics fixcolor.php
2004.11.20 10:04 B G:\Documents and Settings\bilbo\My Documents\Switch Skate REOPENED\panel\basics\WS_FTP.LOG --> host215.ipowerweb.com /public_html/panel/basics WS_FTP.LOG
2004.11.20 10:26 B G:\Documents and Settings\bilbo\My Documents\Switch Skate REOPENED\panel\basics\color.php --> host215.ipowerweb.com /public_html/panel/basics color.php
2004.11.20 10:26 B G:\Documents and Settings\bilbo\My Documents\Switch Skate REOPENED\panel\basics\fixcolor.php --> host215.ipowerweb.com /public_html/panel/basics fixcolor.php
2004.11.20 10:26 B G:\Documents and Settings\bilbo\My Documents\Switch Skate REOPENED\panel\basics\fixcolor.php --> host215.ipowerweb.com /public_html/panel/basics fixcolor.php
2004.11.20 10:27 B G:\Documents and Settings\bilbo\My Documents\Switch Skate REOPENED\panel\basics\fixcolor.php --> host215.ipowerweb.com /public_html/panel/basics fixcolor.php
2004.11.20 10:28 B G:\Documents and Settings\bilbo\My Documents\Switch Skate REOPENED\panel\basics\fixcolor.php --> host215.ipowerweb.com /public_html/panel/basics fixcolor.php
2004.11.20 10:30 B G:\Documents and Settings\bilbo\My Documents\Switch Skate REOPENED\panel\basics\fixcolor.php --> host215.ipowerweb.com /public_html/panel/basics fixcolor.php
2004.11.20 10:30 B G:\Documents and Settings\bilbo\My Documents\Switch Skate REOPENED\panel\basics\fixcolor.php --> host215.ipowerweb.com /public_html/panel/basics fixcolor.php
2004.11.20 10:31 B G:\Documents and Settings\bilbo\My Documents\Switch Skate REOPENED\panel\basics\fixcolor.php --> host215.ipowerweb.com /public_html/panel/basics fixcolor.php
2004.11.20 10:32 B G:\Documents and Settings\bilbo\My Documents\Switch Skate REOPENED\panel\basics\fixcolor.php --> host215.ipowerweb.com /public_html/panel/basics fixcolor.php
2004.11.20 10:33 B G:\Documents and Settings\bilbo\My Documents\Switch Skate REOPENED\panel\basics\fixcolor.php --> host215.ipowerweb.com /public_html/panel/basics fixcolor.php
2004.11.20 10:35 B G:\Documents and Settings\bilbo\My Documents\Switch Skate REOPENED\panel\basics\fixcolor.php --> host215.ipowerweb.com /public_html/panel/basics fixcolor.php
2004.11.20 10:38 B G:\Documents and Settings\bilbo\My Documents\Switch Skate REOPENED\panel\basics\fixcolor.php --> host215.ipowerweb.com /public_html/panel/basics fixcolor.php
2004.11.20 10:40 B G:\Documents and Settings\bilbo\My Documents\Switch Skate REOPENED\panel\basics\fixcolor.php --> host215.ipowerweb.com /public_html/panel/basics fixcolor.php
2004.11.20 10:49 B G:\Documents and Settings\bilbo\My Documents\Switch Skate REOPENED\panel\basics\fixcolor.php --> host215.ipowerweb.com /public_html/panel/basics fixcolor.php
2004.11.20 10:50 B G:\Documents and Settings\bilbo\My Documents\Switch Skate REOPENED\panel\basics\fixcolor.php --> host215.ipowerweb.com /public_html/panel/basics fixcolor.php
2004.11.20 10:50 B G:\Documents and Settings\bilbo\My Documents\Switch Skate REOPENED\panel\basics\fixcolor.php --> host215.ipowerweb.com /public_html/panel/basics fixcolor.php
2004.11.20 10:52 B G:\Documents and Settings\bilbo\My Documents\Switch Skate REOPENED\panel\basics\fixcolor.php --> host215.ipowerweb.com /public_html/panel/basics fixcolor.php
2004.11.20 11:15 B G:\Documents and Settings\bilbo\My Documents\Switch Skate REOPENED\panel\basics\chcolor.php --> host215.ipowerweb.com /public_html/panel/basics chcolor.php
2004.11.20 11:15 B G:\Documents and Settings\bilbo\My Documents\Switch Skate REOPENED\panel\basics\fixcolor.php --> host215.ipowerweb.com /public_html/panel/basics fixcolor.php
2004.11.20 11:15 B G:\Documents and Settings\bilbo\My Documents\Switch Skate REOPENED\panel\basics\WS_FTP.LOG --> host215.ipowerweb.com /public_html/panel/basics WS_FTP.LOG
2004.11.20 11:17 B G:\Documents and Settings\bilbo\My Documents\Switch Skate REOPENED\panel\basics\chcolor.php --> host215.ipowerweb.com /public_html/panel/basics chcolor.php
2004.11.20 11:17 B G:\Documents and Settings\bilbo\My Documents\Switch Skate REOPENED\panel\basics\fixcolor.php --> host215.ipowerweb.com /public_html/panel/basics fixcolor.php
2004.11.20 11:17 B G:\Documents and Settings\bilbo\My Documents\Switch Skate REOPENED\panel\basics\WS_FTP.LOG --> host215.ipowerweb.com /public_html/panel/basics WS_FTP.LOG
2004.11.20 11:19 B G:\Documents and Settings\bilbo\My Documents\Switch Skate REOPENED\panel\basics\chcolor.php --> host215.ipowerweb.com /public_html/panel/basics chcolor.php
2004.11.20 11:19 B G:\Documents and Settings\bilbo\My Documents\Switch Skate REOPENED\panel\basics\chcolor.php --> host215.ipowerweb.com /public_html/panel/basics chcolor.php
2004.11.20 11:22 B G:\Documents and Settings\bilbo\My Documents\Switch Skate REOPENED\panel\basics\chcolor.php --> host215.ipowerweb.com /public_html/panel/basics chcolor.php
2004.11.20 11:22 B G:\Documents and Settings\bilbo\My Documents\Switch Skate REOPENED\panel\basics\chcolor.php --> host215.ipowerweb.com /public_html/panel/basics chcolor.php
2004.11.20 11:22 B G:\Documents and Settings\bilbo\My Documents\Switch Skate REOPENED\panel\basics\chcolor.php --> host215.ipowerweb.com /public_html/panel/basics chcolor.php
2004.11.20 11:23 B G:\Documents and Settings\bilbo\My Documents\Switch Skate REOPENED\panel\basics\chcolor.php --> host215.ipowerweb.com /public_html/panel/basics chcolor.php
2004.11.20 11:24 B G:\Documents and Settings\bilbo\My Documents\Switch Skate REOPENED\panel\basics\chcolor.php --> host215.ipowerweb.com /public_html/panel/basics chcolor.php
2004.11.20 11:24 B G:\Documents and Settings\bilbo\My Documents\Switch Skate REOPENED\panel\basics\fixcolor.php --> host215.ipowerweb.com /public_html/panel/basics fixcolor.php
2004.11.20 11:24 B G:\Documents and Settings\bilbo\My Documents\Switch Skate REOPENED\panel\basics\color.php --> host215.ipowerweb.com /public_html/panel/basics color.php
2004.11.20 11:25 B G:\Documents and Settings\bilbo\My Documents\Switch Skate REOPENED\panel\basics\fixcolor.php --> host215.ipowerweb.com /public_html/panel/basics fixcolor.php
2004.11.20 11:26 B G:\Documents and Settings\bilbo\My Documents\Switch Skate REOPENED\panel\basics\fixcolor.php --> host215.ipowerweb.com /public_html/panel/basics fixcolor.php
2004.11.20 11:27 B G:\Documents and Settings\bilbo\My Documents\Switch Skate REOPENED\panel\basics\add.php --> host215.ipowerweb.com /public_html/panel/basics add.php
2004.11.20 11:27 B G:\Documents and Settings\bilbo\My Documents\Switch Skate REOPENED\panel\basics\chcolor.php --> host215.ipowerweb.com /public_html/panel/basics chcolor.php
2004.11.20 11:27 B G:\Documents and Settings\bilbo\My Documents\Switch Skate REOPENED\panel\basics\chnews.php --> host215.ipowerweb.com /public_html/panel/basics chnews.php
2004.11.20 11:27 B G:\Documents and Settings\bilbo\My Documents\Switch Skate REOPENED\panel\basics\chscroll.php --> host215.ipowerweb.com /public_html/panel/basics chscroll.php
2004.11.20 11:27 B G:\Documents and Settings\bilbo\My Documents\Switch Skate REOPENED\panel\basics\color.php --> host215.ipowerweb.com /public_html/panel/basics color.php
2004.11.20 11:27 B G:\Documents and Settings\bilbo\My Documents\Switch Skate REOPENED\panel\basics\fixcolor.php --> host215.ipowerweb.com /public_html/panel/basics fixcolor.php
2004.11.20 11:27 B G:\Documents and Settings\bilbo\My Documents\Switch Skate REOPENED\panel\basics\index.html --> host215.ipowerweb.com /public_html/panel/basics index.html
2004.11.20 11:27 B G:\Documents and Settings\bilbo\My Documents\Switch Skate REOPENED\panel\basics\news.php --> host215.ipowerweb.com /public_html/panel/basics news.php
2004.11.20 11:27 B G:\Documents and Settings\bilbo\My Documents\Switch Skate REOPENED\panel\basics\scroll.php --> host215.ipowerweb.com /public_html/panel/basics scroll.php
2004.11.20 11:27 B G:\Documents and Settings\bilbo\My Documents\Switch Skate REOPENED\panel\basics\table.php --> host215.ipowerweb.com /public_html/panel/basics table.php
2004.11.20 11:27 B G:\Documents and Settings\bilbo\My Documents\Switch Skate REOPENED\panel\basics\tablecreate.php --> host215.ipowerweb.com /public_html/panel/basics tablecreate.php
2004.11.20 11:30 B G:\Documents and Settings\bilbo\My Documents\Switch Skate REOPENED\panel\basics\add.php --> host215.ipowerweb.com /public_html/panel/basics add.php
2004.11.20 11:30 B G:\Documents and Settings\bilbo\My Documents\Switch Skate REOPENED\panel\basics\chcolor.php --> host215.ipowerweb.com /public_html/panel/basics chcolor.php
2004.11.20 11:30 B G:\Documents and Settings\bilbo\My Documents\Switch Skate REOPENED\panel\basics\chnews.php --> host215.ipowerweb.com /public_html/panel/basics chnews.php
2004.11.20 11:30 B G:\Documents and Settings\bilbo\My Documents\Switch Skate REOPENED\panel\basics\chscroll.php --> host215.ipowerweb.com /public_html/panel/basics chscroll.php
2004.11.20 11:30 B G:\Documents and Settings\bilbo\My Documents\Switch Skate REOPENED\panel\basics\color.php --> host215.ipowerweb.com /public_html/panel/basics color.php
2004.11.20 11:30 B G:\Documents and Settings\bilbo\My Documents\Switch Skate REOPENED\panel\basics\fixcolor.php --> host215.ipowerweb.com /public_html/panel/basics fixcolor.php
2004.11.20 11:30 B G:\Documents and Settings\bilbo\My Documents\Switch Skate REOPENED\panel\basics\index.html --> host215.ipowerweb.com /public_html/panel/basics index.html
2004.11.20 11:30 B G:\Documents and Settings\bilbo\My Documents\Switch Skate REOPENED\panel\basics\news.php --> host215.ipowerweb.com /public_html/panel/basics news.php
2004.11.20 11:30 B G:\Documents and Settings\bilbo\My Documents\Switch Skate REOPENED\panel\basics\scroll.php --> host215.ipowerweb.com /public_html/panel/basics scroll.php
2004.11.20 11:30 B G:\Documents and Settings\bilbo\My Documents\Switch Skate REOPENED\panel\basics\table.php --> host215.ipowerweb.com /public_html/panel/basics table.php
2004.11.20 11:30 B G:\Documents and Settings\bilbo\My Documents\Switch Skate REOPENED\panel\basics\tablecreate.php --> host215.ipowerweb.com /public_html/panel/basics tablecreate.php
2004.11.20 11:32 B G:\Documents and Settings\bilbo\My Documents\Switch Skate REOPENED\panel\basics\add.php --> host215.ipowerweb.com /public_html/panel/basics add.php
2004.11.20 11:32 B G:\Documents and Settings\bilbo\My Documents\Switch Skate REOPENED\panel\basics\chcolor.php --> host215.ipowerweb.com /public_html/panel/basics chcolor.php
2004.11.20 11:32 B G:\Documents and Settings\bilbo\My Documents\Switch Skate REOPENED\panel\basics\chnews.php --> host215.ipowerweb.com /public_html/panel/basics chnews.php
2004.11.20 11:32 B G:\Documents and Settings\bilbo\My Documents\Switch Skate REOPENED\panel\basics\chscroll.php --> host215.ipowerweb.com /public_html/panel/basics chscroll.php
2004.11.20 11:32 B G:\Documents and Settings\bilbo\My Documents\Switch Skate REOPENED\panel\basics\color.php --> host215.ipowerweb.com /public_html/panel/basics color.php
2004.11.20 11:32 B G:\Documents and Settings\bilbo\My Documents\Switch Skate REOPENED\panel\basics\fixcolor.php --> host215.ipowerweb.com /public_html/panel/basics fixcolor.php
2004.11.20 11:32 B G:\Documents and Settings\bilbo\My Documents\Switch Skate REOPENED\panel\basics\index.html --> host215.ipowerweb.com /public_html/panel/basics index.html
2004.11.20 11:32 B G:\Documents and Settings\bilbo\My Documents\Switch Skate REOPENED\panel\basics\news.php --> host215.ipowerweb.com /public_html/panel/basics news.php
2004.11.20 11:32 B G:\Documents and Settings\bilbo\My Documents\Switch Skate REOPENED\panel\basics\scroll.php --> host215.ipowerweb.com /public_html/panel/basics scroll.php
2004.11.20 11:32 B G:\Documents and Settings\bilbo\My Documents\Switch Skate REOPENED\panel\basics\table.php --> host215.ipowerweb.com /public_html/panel/basics table.php
2004.11.20 11:32 B G:\Documents and Settings\bilbo\My Documents\Switch Skate REOPENED\panel\basics\tablecreate.php --> host215.ipowerweb.com /public_html/panel/basics tablecreate.php
2004.11.20 11:32 B G:\Documents and Settings\bilbo\My Documents\Switch Skate REOPENED\panel\basics\color.php --> host215.ipowerweb.com /public_html/panel/basics color.php
2004.11.20 11:33 B G:\Documents and Settings\bilbo\My Documents\Switch Skate REOPENED\panel\basics\color.php --> host215.ipowerweb.com /public_html/panel/basics color.php
2004.11.20 11:34 B G:\Documents and Settings\bilbo\My Documents\Switch Skate REOPENED\panel\basics\fixcolor.php --> host215.ipowerweb.com /public_html/panel/basics fixcolor.php
2004.11.20 11:34 B G:\Documents and Settings\bilbo\My Documents\Switch Skate REOPENED\panel\basics\chcolor.php --> host215.ipowerweb.com /public_html/panel/basics chcolor.php
2004.11.20 11:37 B G:\Documents and Settings\bilbo\My Documents\Switch Skate REOPENED\panel\basics\chcolor.php --> host215.ipowerweb.com /public_html/panel/basics chcolor.php
2004.11.20 11:38 B G:\Documents and Settings\bilbo\My Documents\Switch Skate REOPENED\panel\basics\chcolor.php --> host215.ipowerweb.com /public_html/panel/basics chcolor.php
2004.11.20 11:41 B G:\Documents and Settings\bilbo\My Documents\Switch Skate REOPENED\panel\basics\chcolor.php --> host215.ipowerweb.com /public_html/panel/basics chcolor.php
2004.11.20 11:44 B G:\Documents and Settings\bilbo\My Documents\Switch Skate REOPENED\panel\basics\add.php --> host215.ipowerweb.com /public_html/panel/basics add.php
2004.11.20 11:44 B G:\Documents and Settings\bilbo\My Documents\Switch Skate REOPENED\panel\basics\chcolor.php --> host215.ipowerweb.com /public_html/panel/basics chcolor.php
2004.11.20 11:44 B G:\Documents and Settings\bilbo\My Documents\Switch Skate REOPENED\panel\basics\chnews.php --> host215.ipowerweb.com /public_html/panel/basics chnews.php
2004.11.20 11:44 B G:\Documents and Settings\bilbo\My Documents\Switch Skate REOPENED\panel\basics\chscroll.php --> host215.ipowerweb.com /public_html/panel/basics chscroll.php
2004.11.20 11:44 B G:\Documents and Settings\bilbo\My Documents\Switch Skate REOPENED\panel\basics\color.php --> host215.ipowerweb.com /public_html/panel/basics color.php
2004.11.20 11:44 B G:\Documents and Settings\bilbo\My Documents\Switch Skate REOPENED\panel\basics\fixcolor.php --> host215.ipowerweb.com /public_html/panel/basics fixcolor.php
2004.11.20 11:44 B G:\Documents and Settings\bilbo\My Documents\Switch Skate REOPENED\panel\basics\index.html --> host215.ipowerweb.com /public_html/panel/basics index.html
2004.11.20 11:44 B G:\Documents and Settings\bilbo\My Documents\Switch Skate REOPENED\panel\basics\news.php --> host215.ipowerweb.com /public_html/panel/basics news.php
2004.11.20 11:44 B G:\Documents and Settings\bilbo\My Documents\Switch Skate REOPENED\panel\basics\scroll.php --> host215.ipowerweb.com /public_html/panel/basics scroll.php
2004.11.20 11:44 B G:\Documents and Settings\bilbo\My Documents\Switch Skate REOPENED\panel\basics\table.php --> host215.ipowerweb.com /public_html/panel/basics table.php
2004.11.20 11:44 B G:\Documents and Settings\bilbo\My Documents\Switch Skate REOPENED\panel\basics\tablecreate.php --> host215.ipowerweb.com /public_html/panel/basics tablecreate.php
2004.11.20 11:44 B G:\Documents and Settings\bilbo\My Documents\Switch Skate REOPENED\panel\basics\tablecreate.php --> host215.ipowerweb.com /public_html/panel/basics tablecreate.php
2004.11.20 11:47 B G:\Documents and Settings\bilbo\My Documents\Switch Skate REOPENED\panel\basics\add.php --> host215.ipowerweb.com /public_html/panel/basics add.php
2004.11.20 11:47 B G:\Documents and Settings\bilbo\My Documents\Switch Skate REOPENED\panel\basics\chcolor.php --> host215.ipowerweb.com /public_html/panel/basics chcolor.php
2004.11.20 11:47 B G:\Documents and Settings\bilbo\My Documents\Switch Skate REOPENED\panel\basics\chnews.php --> host215.ipowerweb.com /public_html/panel/basics chnews.php
2004.11.20 11:47 B G:\Documents and Settings\bilbo\My Documents\Switch Skate REOPENED\panel\basics\chscroll.php --> host215.ipowerweb.com /public_html/panel/basics chscroll.php
2004.11.20 11:47 B G:\Documents and Settings\bilbo\My Documents\Switch Skate REOPENED\panel\basics\color.php --> host215.ipowerweb.com /public_html/panel/basics color.php
2004.11.20 11:47 B G:\Documents and Settings\bilbo\My Documents\Switch Skate REOPENED\panel\basics\fixcolor.php --> host215.ipowerweb.com /public_html/panel/basics fixcolor.php
2004.11.20 11:47 B G:\Documents and Settings\bilbo\My Documents\Switch Skate REOPENED\panel\basics\index.html --> host215.ipowerweb.com /public_html/panel/basics index.html
2004.11.20 11:47 B G:\Documents and Settings\bilbo\My Documents\Switch Skate REOPENED\panel\basics\news.php --> host215.ipowerweb.com /public_html/panel/basics news.php
2004.11.20 11:47 B G:\Documents and Settings\bilbo\My Documents\Switch Skate REOPENED\panel\basics\scroll.php --> host215.ipowerweb.com /public_html/panel/basics scroll.php
2004.11.20 11:47 B G:\Documents and Settings\bilbo\My Documents\Switch Skate REOPENED\panel\basics\table.php --> host215.ipowerweb.com /public_html/panel/basics table.php
2004.11.20 11:47 B G:\Documents and Settings\bilbo\My Documents\Switch Skate REOPENED\panel\basics\tablecreate.php --> host215.ipowerweb.com /public_html/panel/basics tablecreate.php
2004.11.20 16:54 B G:\Documents and Settings\bilbo\My Documents\Switch Skate REOPENED\panel\basics\add.php --> host215.ipowerweb.com /public_html/panel/basics add.php
2004.11.20 16:54 B G:\Documents and Settings\bilbo\My Documents\Switch Skate REOPENED\panel\basics\chcolor.php --> host215.ipowerweb.com /public_html/panel/basics chcolor.php
2004.11.20 16:54 B G:\Documents and Settings\bilbo\My Documents\Switch Skate REOPENED\panel\basics\chnews.php --> host215.ipowerweb.com /public_html/panel/basics chnews.php
2004.11.20 16:54 B G:\Documents and Settings\bilbo\My Documents\Switch Skate REOPENED\panel\basics\chscroll.php --> host215.ipowerweb.com /public_html/panel/basics chscroll.php
2004.11.20 16:54 B G:\Documents and Settings\bilbo\My Documents\Switch Skate REOPENED\panel\basics\tablecreate.php --> host215.ipowerweb.com /public_html/panel/basics tablecreate.php
2004.11.20 16:54 B G:\Documents and Settings\bilbo\My Documents\Switch Skate REOPENED\panel\basics\WS_FTP.LOG --> host215.ipowerweb.com /public_html/panel/basics WS_FTP.LOG
2004.11.20 17:16 B G:\Documents and Settings\bilbo\My Documents\Switch Skate REOPENED\panel\basics\chnews.php --> host215.ipowerweb.com /public_html/panel/basics chnews.php
2004.11.20 17:16 B G:\Documents and Settings\bilbo\My Documents\Switch Skate REOPENED\panel\basics\chscroll.php --> host215.ipowerweb.com /public_html/panel/basics chscroll.php
2004.11.20 17:16 B G:\Documents and Settings\bilbo\My Documents\Switch Skate REOPENED\panel\basics\WS_FTP.LOG --> host215.ipowerweb.com /public_html/panel/basics WS_FTP.LOG
2004.11.22 15:25 B G:\Documents and Settings\bilbo\My Documents\Switch Skate REOPENED\panel\basics\WS_FTP.LOG --> host215.ipowerweb.com /public_html/panel/basics WS_FTP.LOG
2004.11.26 20:01 B G:\Documents and Settings\bilbo\My Documents\Switch Skate REOPENED\panel\basics\color.php --> host215.ipowerweb.com /public_html/panel/basics color.php
2004.11.26 20:01 B G:\Documents and Settings\bilbo\My Documents\Switch Skate REOPENED\panel\basics\fixnewcolor.php --> host215.ipowerweb.com /public_html/panel/basics fixnewcolor.php
2004.11.26 20:01 B G:\Documents and Settings\bilbo\My Documents\Switch Skate REOPENED\panel\basics\newcolor.php --> host215.ipowerweb.com /public_html/panel/basics newcolor.php
2004.11.26 20:01 B G:\Documents and Settings\bilbo\My Documents\Switch Skate REOPENED\panel\basics\removetext.php --> host215.ipowerweb.com /public_html/panel/basics removetext.php
2004.11.26 20:01 B G:\Documents and Settings\bilbo\My Documents\Switch Skate REOPENED\panel\basics\WS_FTP.LOG --> host215.ipowerweb.com /public_html/panel/basics WS_FTP.LOG
2004.11.26 20:02 B G:\Documents and Settings\bilbo\My Documents\Switch Skate REOPENED\panel\basics\fixnewcolor.php --> host215.ipowerweb.com /public_html/panel/basics fixnewcolor.php
2004.11.26 20:02 B G:\Documents and Settings\bilbo\My Documents\Switch Skate REOPENED\panel\basics\newcolor.php --> host215.ipowerweb.com /public_html/panel/basics newcolor.php
2004.11.26 20:02 B G:\Documents and Settings\bilbo\My Documents\Switch Skate REOPENED\panel\basics\WS_FTP.LOG --> host215.ipowerweb.com /public_html/panel/basics WS_FTP.LOG
2004.11.26 20:03 B G:\Documents and Settings\bilbo\My Documents\Switch Skate REOPENED\panel\basics\fixnewcolor.php --> host215.ipowerweb.com /public_html/panel/basics fixnewcolor.php
2004.11.26 20:03 B G:\Documents and Settings\bilbo\My Documents\Switch Skate REOPENED\panel\basics\newcolor.php --> host215.ipowerweb.com /public_html/panel/basics newcolor.php
2004.11.26 20:03 B G:\Documents and Settings\bilbo\My Documents\Switch Skate REOPENED\panel\basics\WS_FTP.LOG --> host215.ipowerweb.com /public_html/panel/basics WS_FTP.LOG
2004.11.26 20:05 B G:\Documents and Settings\bilbo\My Documents\Switch Skate REOPENED\panel\basics\color.php --> host215.ipowerweb.com /public_html/panel/basics color.php
2004.11.26 20:05 B G:\Documents and Settings\bilbo\My Documents\Switch Skate REOPENED\panel\basics\fixnewcolor.php --> host215.ipowerweb.com /public_html/panel/basics fixnewcolor.php
2004.11.26 20:05 B G:\Documents and Settings\bilbo\My Documents\Switch Skate REOPENED\panel\basics\newcolor.php --> host215.ipowerweb.com /public_html/panel/basics newcolor.php
2004.11.26 20:05 B G:\Documents and Settings\bilbo\My Documents\Switch Skate REOPENED\panel\basics\WS_FTP.LOG --> host215.ipowerweb.com /public_html/panel/basics WS_FTP.LOG
2004.11.26 20:06 B G:\Documents and Settings\bilbo\My Documents\Switch Skate REOPENED\panel\basics\color.php --> host215.ipowerweb.com /public_html/panel/basics color.php
2004.11.26 20:06 B G:\Documents and Settings\bilbo\My Documents\Switch Skate REOPENED\panel\basics\fixnewcolor.php --> host215.ipowerweb.com /public_html/panel/basics fixnewcolor.php
2004.11.26 20:06 B G:\Documents and Settings\bilbo\My Documents\Switch Skate REOPENED\panel\basics\newcolor.php --> host215.ipowerweb.com /public_html/panel/basics newcolor.php
2004.11.26 20:06 B G:\Documents and Settings\bilbo\My Documents\Switch Skate REOPENED\panel\basics\WS_FTP.LOG --> host215.ipowerweb.com /public_html/panel/basics WS_FTP.LOG
2004.11.26 20:11 B G:\Documents and Settings\bilbo\My Documents\Switch Skate REOPENED\panel\basics\color.php --> host215.ipowerweb.com /public_html/panel/basics color.php
2004.11.26 20:11 B G:\Documents and Settings\bilbo\My Documents\Switch Skate REOPENED\panel\basics\fixnewcolor.php --> host215.ipowerweb.com /public_html/panel/basics fixnewcolor.php
2004.11.26 20:11 B G:\Documents and Settings\bilbo\My Documents\Switch Skate REOPENED\panel\basics\newcolor.php --> host215.ipowerweb.com /public_html/panel/basics newcolor.php
2004.11.26 20:11 B G:\Documents and Settings\bilbo\My Documents\Switch Skate REOPENED\panel\basics\WS_FTP.LOG --> host215.ipowerweb.com /public_html/panel/basics WS_FTP.LOG
2004.11.26 20:15 B G:\Documents and Settings\bilbo\My Documents\Switch Skate REOPENED\panel\basics\color.php --> host215.ipowerweb.com /public_html/panel/basics color.php
2004.11.26 20:15 B G:\Documents and Settings\bilbo\My Documents\Switch Skate REOPENED\panel\basics\newcolor.php --> host215.ipowerweb.com /public_html/panel/basics newcolor.php
2004.11.26 20:15 B G:\Documents and Settings\bilbo\My Documents\Switch Skate REOPENED\panel\basics\WS_FTP.LOG --> host215.ipowerweb.com /public_html/panel/basics WS_FTP.LOG
2004.11.26 20:16 B G:\Documents and Settings\bilbo\My Documents\Switch Skate REOPENED\panel\basics\newcolor.php --> host215.ipowerweb.com /public_html/panel/basics newcolor.php
2004.11.26 20:16 B G:\Documents and Settings\bilbo\My Documents\Switch Skate REOPENED\panel\basics\WS_FTP.LOG --> host215.ipowerweb.com /public_html/panel/basics WS_FTP.LOG
2004.11.26 20:19 B G:\Documents and Settings\bilbo\My Documents\Switch Skate REOPENED\panel\basics\fixcolor.php --> host215.ipowerweb.com /public_html/panel/basics fixcolor.php
2004.11.26 20:19 B G:\Documents and Settings\bilbo\My Documents\Switch Skate REOPENED\panel\basics\newcolor.php --> host215.ipowerweb.com /public_html/panel/basics newcolor.php
2004.11.26 20:19 B G:\Documents and Settings\bilbo\My Documents\Switch Skate REOPENED\panel\basics\WS_FTP.LOG --> host215.ipowerweb.com /public_html/panel/basics WS_FTP.LOG
2004.11.26 20:20 B G:\Documents and Settings\bilbo\My Documents\Switch Skate REOPENED\panel\basics\color.php --> host215.ipowerweb.com /public_html/panel/basics color.php
2004.11.26 20:20 B G:\Documents and Settings\bilbo\My Documents\Switch Skate REOPENED\panel\basics\fixcolor.php --> host215.ipowerweb.com /public_html/panel/basics fixcolor.php
2004.11.26 20:20 B G:\Documents and Settings\bilbo\My Documents\Switch Skate REOPENED\panel\basics\newcolor.php --> host215.ipowerweb.com /public_html/panel/basics newcolor.php
2004.11.26 20:20 B G:\Documents and Settings\bilbo\My Documents\Switch Skate REOPENED\panel\basics\WS_FTP.LOG --> host215.ipowerweb.com /public_html/panel/basics WS_FTP.LOG
2004.11.29 15:44 B G:\Documents and Settings\bilbo\My Documents\Switch Skate REOPENED\panel\basics\newcolor.php --> host215.ipowerweb.com /public_html/panel/basics newcolor.php
2004.11.29 15:44 B G:\Documents and Settings\bilbo\My Documents\Switch Skate REOPENED\panel\basics\fixcolor.php --> host215.ipowerweb.com /public_html/panel/basics fixcolor.php
2004.11.29 15:44 B G:\Documents and Settings\bilbo\My Documents\Switch Skate REOPENED\panel\basics\color.php --> host215.ipowerweb.com /public_html/panel/basics color.php
2004.11.29 15:44 B G:\Documents and Settings\bilbo\My Documents\Switch Skate REOPENED\panel\basics\WS_FTP.LOG --> host215.ipowerweb.com /public_html/panel/basics WS_FTP.LOG
2004.11.29 15:44 B G:\Documents and Settings\bilbo\My Documents\Switch Skate REOPENED\panel\basics\news.php --> host215.ipowerweb.com /public_html/panel/basics news.php
2004.11.29 15:51 B G:\Documents and Settings\bilbo\My Documents\Switch Skate REOPENED\panel\basics\WS_FTP.LOG --> host215.ipowerweb.com /public_html/panel/basics WS_FTP.LOG
2004.11.29 15:51 B G:\Documents and Settings\bilbo\My Documents\Switch Skate REOPENED\panel\basics\news.php --> host215.ipowerweb.com /public_html/panel/basics news.php
2004.11.29 15:54 B G:\Documents and Settings\bilbo\My Documents\Switch Skate REOPENED\panel\basics\chnews.php --> host215.ipowerweb.com /public_html/panel/basics chnews.php
2004.12.02 16:32 B G:\Documents and Settings\bilbo\My Documents\Switch Skate REOPENED\panel\basics\add.php <-- Switch Skate /public_html/panel/basics add.php
2004.12.02 16:32 B G:\Documents and Settings\bilbo\My Documents\Switch Skate REOPENED\panel\basics\chcolor.php <-- Switch Skate /public_html/panel/basics chcolor.php
2004.12.02 16:32 B G:\Documents and Settings\bilbo\My Documents\Switch Skate REOPENED\panel\basics\chscroll.php <-- Switch Skate /public_html/panel/basics chscroll.php
2004.12.02 16:32 B G:\Documents and Settings\bilbo\My Documents\Switch Skate REOPENED\panel\basics\color.php <-- Switch Skate /public_html/panel/basics color.php
2004.12.02 16:32 B G:\Documents and Settings\bilbo\My Documents\Switch Skate REOPENED\panel\basics\fixcolor.php <-- Switch Skate /public_html/panel/basics fixcolor.php
2004.12.02 16:32 B G:\Documents and Settings\bilbo\My Documents\Switch Skate REOPENED\panel\basics\header.php <-- Switch Skate /public_html/panel/basics header.php
2004.12.02 16:32 B G:\Documents and Settings\bilbo\My Documents\Switch Skate REOPENED\panel\basics\index.html <-- Switch Skate /public_html/panel/basics index.html
2004.12.02 16:32 B G:\Documents and Settings\bilbo\My Documents\Switch Skate REOPENED\panel\basics\newcolor.php <-- Switch Skate /public_html/panel/basics newcolor.php
2004.12.02 16:32 B G:\Documents and Settings\bilbo\My Documents\Switch Skate REOPENED\panel\basics\removetext.php <-- Switch Skate /public_html/panel/basics removetext.php
2004.12.02 16:32 B G:\Documents and Settings\bilbo\My Documents\Switch Skate REOPENED\panel\basics\scroll.php <-- Switch Skate /public_html/panel/basics scroll.php
2004.12.02 16:32 B G:\Documents and Settings\bilbo\My Documents\Switch Skate REOPENED\panel\basics\table.php <-- Switch Skate /public_html/panel/basics table.php
2004.12.02 16:32 B G:\Documents and Settings\bilbo\My Documents\Switch Skate REOPENED\panel\basics\tablecreate.php <-- Switch Skate /public_html/panel/basics tablecreate.php
2004.12.03 20:01 B G:\Documents and Settings\bilbo\My Documents\Switch Skate REOPENED\panel\basics\chnews.php --> host215.ipowerweb.com /public_html/panel/basics chnews.php
2004.12.03 20:01 B G:\Documents and Settings\bilbo\My Documents\Switch Skate REOPENED\panel\basics\news.php --> host215.ipowerweb.com /public_html/panel/basics news.php
2004.12.03 20:01 B G:\Documents and Settings\bilbo\My Documents\Switch Skate REOPENED\panel\basics\WS_FTP.LOG --> host215.ipowerweb.com /public_html/panel/basics WS_FTP.LOG
