2005.08.29 22:15 B C:\Documents and Settings\Adam.ADAMK\My Documents\Programming\Switch Skate\Layouts\Backups\File Backups\public_html\2006\images\iconic\address.gif <-- Switch Skate /public_html/2006/images/iconic address.gif
2005.08.29 22:15 B C:\Documents and Settings\Adam.ADAMK\My Documents\Programming\Switch Skate\Layouts\Backups\File Backups\public_html\2006\images\iconic\aim.gif <-- Switch Skate /public_html/2006/images/iconic aim.gif
2005.08.29 22:15 B C:\Documents and Settings\Adam.ADAMK\My Documents\Programming\Switch Skate\Layouts\Backups\File Backups\public_html\2006\images\iconic\arrow_dw.gif <-- Switch Skate /public_html/2006/images/iconic arrow_dw.gif
2005.08.29 22:15 B C:\Documents and Settings\Adam.ADAMK\My Documents\Programming\Switch Skate\Layouts\Backups\File Backups\public_html\2006\images\iconic\arrow_up.gif <-- Switch Skate /public_html/2006/images/iconic arrow_up.gif
2005.08.29 22:15 B C:\Documents and Settings\Adam.ADAMK\My Documents\Programming\Switch Skate\Layouts\Backups\File Backups\public_html\2006\images\iconic\bb_bold.gif <-- Switch Skate /public_html/2006/images/iconic bb_bold.gif
2005.08.29 22:15 B C:\Documents and Settings\Adam.ADAMK\My Documents\Programming\Switch Skate\Layouts\Backups\File Backups\public_html\2006\images\iconic\bb_center.gif <-- Switch Skate /public_html/2006/images/iconic bb_center.gif
2005.08.29 22:15 B C:\Documents and Settings\Adam.ADAMK\My Documents\Programming\Switch Skate\Layouts\Backups\File Backups\public_html\2006\images\iconic\bb_code.gif <-- Switch Skate /public_html/2006/images/iconic bb_code.gif
2005.08.29 22:15 B C:\Documents and Settings\Adam.ADAMK\My Documents\Programming\Switch Skate\Layouts\Backups\File Backups\public_html\2006\images\iconic\bb_email.gif <-- Switch Skate /public_html/2006/images/iconic bb_email.gif
2005.08.29 22:15 B C:\Documents and Settings\Adam.ADAMK\My Documents\Programming\Switch Skate\Layouts\Backups\File Backups\public_html\2006\images\iconic\bb_image.gif <-- Switch Skate /public_html/2006/images/iconic bb_image.gif
2005.08.29 22:15 B C:\Documents and Settings\Adam.ADAMK\My Documents\Programming\Switch Skate\Layouts\Backups\File Backups\public_html\2006\images\iconic\bb_italicize.gif <-- Switch Skate /public_html/2006/images/iconic bb_italicize.gif
2005.08.29 22:15 B C:\Documents and Settings\Adam.ADAMK\My Documents\Programming\Switch Skate\Layouts\Backups\File Backups\public_html\2006\images\iconic\bb_list.gif <-- Switch Skate /public_html/2006/images/iconic bb_list.gif
2005.08.29 22:15 B C:\Documents and Settings\Adam.ADAMK\My Documents\Programming\Switch Skate\Layouts\Backups\File Backups\public_html\2006\images\iconic\bb_quote.gif <-- Switch Skate /public_html/2006/images/iconic bb_quote.gif
2005.08.29 22:15 B C:\Documents and Settings\Adam.ADAMK\My Documents\Programming\Switch Skate\Layouts\Backups\File Backups\public_html\2006\images\iconic\bb_underline.gif <-- Switch Skate /public_html/2006/images/iconic bb_underline.gif
2005.08.29 22:15 B C:\Documents and Settings\Adam.ADAMK\My Documents\Programming\Switch Skate\Layouts\Backups\File Backups\public_html\2006\images\iconic\bb_url.gif <-- Switch Skate /public_html/2006/images/iconic bb_url.gif
2005.08.29 22:15 B C:\Documents and Settings\Adam.ADAMK\My Documents\Programming\Switch Skate\Layouts\Backups\File Backups\public_html\2006\images\iconic\bbrules.gif <-- Switch Skate /public_html/2006/images/iconic bbrules.gif
2005.08.29 22:15 B C:\Documents and Settings\Adam.ADAMK\My Documents\Programming\Switch Skate\Layouts\Backups\File Backups\public_html\2006\images\iconic\catbg.gif <-- Switch Skate /public_html/2006/images/iconic catbg.gif
2005.08.29 22:15 B C:\Documents and Settings\Adam.ADAMK\My Documents\Programming\Switch Skate\Layouts\Backups\File Backups\public_html\2006\images\iconic\dot_folder.gif <-- Switch Skate /public_html/2006/images/iconic dot_folder.gif
2005.08.29 22:15 B C:\Documents and Settings\Adam.ADAMK\My Documents\Programming\Switch Skate\Layouts\Backups\File Backups\public_html\2006\images\iconic\dot_hot_folder.gif <-- Switch Skate /public_html/2006/images/iconic dot_hot_folder.gif
2005.08.29 22:15 B C:\Documents and Settings\Adam.ADAMK\My Documents\Programming\Switch Skate\Layouts\Backups\File Backups\public_html\2006\images\iconic\edit.gif <-- Switch Skate /public_html/2006/images/iconic edit.gif
2005.08.29 22:15 B C:\Documents and Settings\Adam.ADAMK\My Documents\Programming\Switch Skate\Layouts\Backups\File Backups\public_html\2006\images\iconic\email.gif <-- Switch Skate /public_html/2006/images/iconic email.gif
2005.08.29 22:15 B C:\Documents and Settings\Adam.ADAMK\My Documents\Programming\Switch Skate\Layouts\Backups\File Backups\public_html\2006\images\iconic\faq.gif <-- Switch Skate /public_html/2006/images/iconic faq.gif
2005.08.29 22:15 B C:\Documents and Settings\Adam.ADAMK\My Documents\Programming\Switch Skate\Layouts\Backups\File Backups\public_html\2006\images\iconic\find.gif <-- Switch Skate /public_html/2006/images/iconic find.gif
2005.08.29 22:15 B C:\Documents and Settings\Adam.ADAMK\My Documents\Programming\Switch Skate\Layouts\Backups\File Backups\public_html\2006\images\iconic\folder.gif <-- Switch Skate /public_html/2006/images/iconic folder.gif
2005.08.29 22:15 B C:\Documents and Settings\Adam.ADAMK\My Documents\Programming\Switch Skate\Layouts\Backups\File Backups\public_html\2006\images\iconic\home.gif <-- Switch Skate /public_html/2006/images/iconic home.gif
2005.08.29 22:15 B C:\Documents and Settings\Adam.ADAMK\My Documents\Programming\Switch Skate\Layouts\Backups\File Backups\public_html\2006\images\iconic\hot_folder.gif <-- Switch Skate /public_html/2006/images/iconic hot_folder.gif
2005.08.29 22:15 B C:\Documents and Settings\Adam.ADAMK\My Documents\Programming\Switch Skate\Layouts\Backups\File Backups\public_html\2006\images\iconic\hot_red_folder.gif <-- Switch Skate /public_html/2006/images/iconic hot_red_folder.gif
2005.08.29 22:15 B C:\Documents and Settings\Adam.ADAMK\My Documents\Programming\Switch Skate\Layouts\Backups\File Backups\public_html\2006\images\iconic\iconic.xmb <-- Switch Skate /public_html/2006/images/iconic iconic.xmb
2005.08.29 22:15 B C:\Documents and Settings\Adam.ADAMK\My Documents\Programming\Switch Skate\Layouts\Backups\File Backups\public_html\2006\images\iconic\iconicheader.gif <-- Switch Skate /public_html/2006/images/iconic iconicheader.gif
2005.08.29 22:15 B C:\Documents and Settings\Adam.ADAMK\My Documents\Programming\Switch Skate\Layouts\Backups\File Backups\public_html\2006\images\iconic\icq_add.gif <-- Switch Skate /public_html/2006/images/iconic icq_add.gif
2005.08.29 22:15 B C:\Documents and Settings\Adam.ADAMK\My Documents\Programming\Switch Skate\Layouts\Backups\File Backups\public_html\2006\images\iconic\inbox.gif <-- Switch Skate /public_html/2006/images/iconic inbox.gif
2005.08.29 22:15 B C:\Documents and Settings\Adam.ADAMK\My Documents\Programming\Switch Skate\Layouts\Backups\File Backups\public_html\2006\images\iconic\ip.gif <-- Switch Skate /public_html/2006/images/iconic ip.gif
2005.08.29 22:15 B C:\Documents and Settings\Adam.ADAMK\My Documents\Programming\Switch Skate\Layouts\Backups\File Backups\public_html\2006\images\iconic\ipost.gif <-- Switch Skate /public_html/2006/images/iconic ipost.gif
2005.08.29 22:15 B C:\Documents and Settings\Adam.ADAMK\My Documents\Programming\Switch Skate\Layouts\Backups\File Backups\public_html\2006\images\iconic\lastpost.gif <-- Switch Skate /public_html/2006/images/iconic lastpost.gif
2005.08.29 22:15 B C:\Documents and Settings\Adam.ADAMK\My Documents\Programming\Switch Skate\Layouts\Backups\File Backups\public_html\2006\images\iconic\lock_folder.gif <-- Switch Skate /public_html/2006/images/iconic lock_folder.gif
2005.08.29 22:15 B C:\Documents and Settings\Adam.ADAMK\My Documents\Programming\Switch Skate\Layouts\Backups\File Backups\public_html\2006\images\iconic\locku2u.gif <-- Switch Skate /public_html/2006/images/iconic locku2u.gif
2005.08.29 22:15 B C:\Documents and Settings\Adam.ADAMK\My Documents\Programming\Switch Skate\Layouts\Backups\File Backups\public_html\2006\images\iconic\members_list.gif <-- Switch Skate /public_html/2006/images/iconic members_list.gif
2005.08.29 22:15 B C:\Documents and Settings\Adam.ADAMK\My Documents\Programming\Switch Skate\Layouts\Backups\File Backups\public_html\2006\images\iconic\msn.gif <-- Switch Skate /public_html/2006/images/iconic msn.gif
2005.08.29 22:15 B C:\Documents and Settings\Adam.ADAMK\My Documents\Programming\Switch Skate\Layouts\Backups\File Backups\public_html\2006\images\iconic\newtopic.gif <-- Switch Skate /public_html/2006/images/iconic newtopic.gif
2005.08.29 22:15 B C:\Documents and Settings\Adam.ADAMK\My Documents\Programming\Switch Skate\Layouts\Backups\File Backups\public_html\2006\images\iconic\newu2u.gif <-- Switch Skate /public_html/2006/images/iconic newu2u.gif
2005.08.29 22:15 B C:\Documents and Settings\Adam.ADAMK\My Documents\Programming\Switch Skate\Layouts\Backups\File Backups\public_html\2006\images\iconic\online.gif <-- Switch Skate /public_html/2006/images/iconic online.gif
2005.08.29 22:15 B C:\Documents and Settings\Adam.ADAMK\My Documents\Programming\Switch Skate\Layouts\Backups\File Backups\public_html\2006\images\iconic\outbox.gif <-- Switch Skate /public_html/2006/images/iconic outbox.gif
2005.08.29 22:15 B C:\Documents and Settings\Adam.ADAMK\My Documents\Programming\Switch Skate\Layouts\Backups\File Backups\public_html\2006\images\iconic\pin.gif <-- Switch Skate /public_html/2006/images/iconic pin.gif
2005.08.29 22:15 B C:\Documents and Settings\Adam.ADAMK\My Documents\Programming\Switch Skate\Layouts\Backups\File Backups\public_html\2006\images\iconic\poll.gif <-- Switch Skate /public_html/2006/images/iconic poll.gif
2005.08.29 22:15 B C:\Documents and Settings\Adam.ADAMK\My Documents\Programming\Switch Skate\Layouts\Backups\File Backups\public_html\2006\images\iconic\pollbar-e.gif <-- Switch Skate /public_html/2006/images/iconic pollbar-e.gif
2005.08.29 22:15 B C:\Documents and Settings\Adam.ADAMK\My Documents\Programming\Switch Skate\Layouts\Backups\File Backups\public_html\2006\images\iconic\pollbar-s.gif <-- Switch Skate /public_html/2006/images/iconic pollbar-s.gif
2005.08.29 22:15 B C:\Documents and Settings\Adam.ADAMK\My Documents\Programming\Switch Skate\Layouts\Backups\File Backups\public_html\2006\images\iconic\pollbar.gif <-- Switch Skate /public_html/2006/images/iconic pollbar.gif
2005.08.29 22:15 B C:\Documents and Settings\Adam.ADAMK\My Documents\Programming\Switch Skate\Layouts\Backups\File Backups\public_html\2006\images\iconic\pollsmall.gif <-- Switch Skate /public_html/2006/images/iconic pollsmall.gif
2005.08.29 22:15 B C:\Documents and Settings\Adam.ADAMK\My Documents\Programming\Switch Skate\Layouts\Backups\File Backups\public_html\2006\images\iconic\profile.gif <-- Switch Skate /public_html/2006/images/iconic profile.gif
2005.08.29 22:15 B C:\Documents and Settings\Adam.ADAMK\My Documents\Programming\Switch Skate\Layouts\Backups\File Backups\public_html\2006\images\iconic\quote.gif <-- Switch Skate /public_html/2006/images/iconic quote.gif
2005.08.29 22:15 B C:\Documents and Settings\Adam.ADAMK\My Documents\Programming\Switch Skate\Layouts\Backups\File Backups\public_html\2006\images\iconic\red_folder.gif <-- Switch Skate /public_html/2006/images/iconic red_folder.gif
2005.08.29 22:15 B C:\Documents and Settings\Adam.ADAMK\My Documents\Programming\Switch Skate\Layouts\Backups\File Backups\public_html\2006\images\iconic\reply.gif <-- Switch Skate /public_html/2006/images/iconic reply.gif
2005.08.29 22:15 B C:\Documents and Settings\Adam.ADAMK\My Documents\Programming\Switch Skate\Layouts\Backups\File Backups\public_html\2006\images\iconic\report.gif <-- Switch Skate /public_html/2006/images/iconic report.gif
2005.08.29 22:15 B C:\Documents and Settings\Adam.ADAMK\My Documents\Programming\Switch Skate\Layouts\Backups\File Backups\public_html\2006\images\iconic\search.gif <-- Switch Skate /public_html/2006/images/iconic search.gif
2005.08.29 22:15 B C:\Documents and Settings\Adam.ADAMK\My Documents\Programming\Switch Skate\Layouts\Backups\File Backups\public_html\2006\images\iconic\site.gif <-- Switch Skate /public_html/2006/images/iconic site.gif
2005.08.29 22:16 B C:\Documents and Settings\Adam.ADAMK\My Documents\Programming\Switch Skate\Layouts\Backups\File Backups\public_html\2006\images\iconic\star.gif <-- Switch Skate /public_html/2006/images/iconic star.gif
2005.08.29 22:16 B C:\Documents and Settings\Adam.ADAMK\My Documents\Programming\Switch Skate\Layouts\Backups\File Backups\public_html\2006\images\iconic\stats.gif <-- Switch Skate /public_html/2006/images/iconic stats.gif
2005.08.29 22:16 B C:\Documents and Settings\Adam.ADAMK\My Documents\Programming\Switch Skate\Layouts\Backups\File Backups\public_html\2006\images\iconic\todays_posts.gif <-- Switch Skate /public_html/2006/images/iconic todays_posts.gif
2005.08.29 22:16 B C:\Documents and Settings\Adam.ADAMK\My Documents\Programming\Switch Skate\Layouts\Backups\File Backups\public_html\2006\images\iconic\u2u.gif <-- Switch Skate /public_html/2006/images/iconic u2u.gif
2005.08.29 22:16 B C:\Documents and Settings\Adam.ADAMK\My Documents\Programming\Switch Skate\Layouts\Backups\File Backups\public_html\2006\images\iconic\yahoo.gif <-- Switch Skate /public_html/2006/images/iconic yahoo.gif
