2004.11.11 20:15 B G:\Documents and Settings\bilbo\My Documents\Switch Skate REOPENED\temp\copyright.php --> host215.ipowerweb.com /public_html/temp copyright.php
2004.11.11 20:15 B G:\Documents and Settings\bilbo\My Documents\Switch Skate REOPENED\temp\footer.php --> host215.ipowerweb.com /public_html/temp footer.php
2004.11.11 20:15 B G:\Documents and Settings\bilbo\My Documents\Switch Skate REOPENED\temp\header.php --> host215.ipowerweb.com /public_html/temp header.php
2004.11.11 20:15 B G:\Documents and Settings\bilbo\My Documents\Switch Skate REOPENED\temp\index.php --> host215.ipowerweb.com /public_html/temp index.php
2004.11.14 14:44 B G:\Documents and Settings\bilbo\My Documents\Switch Skate REOPENED\temp\index.php --> host215.ipowerweb.com /public_html/temp index.php
2004.11.16 10:29 B G:\Documents and Settings\bilbo\My Documents\Switch Skate REOPENED\temp\copyright.php --> host215.ipowerweb.com /public_html/temp copyright.php
2004.11.16 10:29 B G:\Documents and Settings\bilbo\My Documents\Switch Skate REOPENED\temp\footer.php --> host215.ipowerweb.com /public_html/temp footer.php
2004.11.16 10:29 B G:\Documents and Settings\bilbo\My Documents\Switch Skate REOPENED\temp\header.php --> host215.ipowerweb.com /public_html/temp header.php
2004.11.16 10:29 B G:\Documents and Settings\bilbo\My Documents\Switch Skate REOPENED\temp\index.php --> host215.ipowerweb.com /public_html/temp index.php
2004.11.16 18:34 B G:\Documents and Settings\bilbo\My Documents\Switch Skate REOPENED\temp\handtext.php --> host215.ipowerweb.com /public_html/temp/submit handtext.php
2004.11.16 18:34 B G:\Documents and Settings\bilbo\My Documents\Switch Skate REOPENED\temp\WS_FTP.LOG --> host215.ipowerweb.com /public_html/temp/submit/submit WS_FTP.LOG
2004.11.16 18:34 B G:\Documents and Settings\bilbo\My Documents\Switch Skate REOPENED\temp\footer.php --> host215.ipowerweb.com /public_html/temp/submit/submit footer.php
2004.11.16 18:34 B G:\Documents and Settings\bilbo\My Documents\Switch Skate REOPENED\temp\header.php --> host215.ipowerweb.com /public_html/temp/submit/submit header.php
2004.11.16 18:34 B G:\Documents and Settings\bilbo\My Documents\Switch Skate REOPENED\temp\index.php --> host215.ipowerweb.com /public_html/temp/submit/submit index.php
2004.11.16 18:34 B G:\Documents and Settings\bilbo\My Documents\Switch Skate REOPENED\temp\WS_FTP.LOG --> host215.ipowerweb.com /public_html/temp/submit/submit WS_FTP.LOG
2004.11.16 19:14 B G:\Documents and Settings\bilbo\My Documents\Switch Skate REOPENED\temp\copyright.php --> host215.ipowerweb.com /public_html/temp copyright.php
2004.11.16 19:14 B G:\Documents and Settings\bilbo\My Documents\Switch Skate REOPENED\temp\footer.php --> host215.ipowerweb.com /public_html/temp footer.php
2004.11.16 19:14 B G:\Documents and Settings\bilbo\My Documents\Switch Skate REOPENED\temp\header.php --> host215.ipowerweb.com /public_html/temp header.php
2004.11.16 19:14 B G:\Documents and Settings\bilbo\My Documents\Switch Skate REOPENED\temp\index.php --> host215.ipowerweb.com /public_html/temp index.php
2004.11.16 19:19 B G:\Documents and Settings\bilbo\My Documents\Switch Skate REOPENED\temp\copyright.php --> host215.ipowerweb.com /public_html/temp copyright.php
2004.11.16 19:19 B G:\Documents and Settings\bilbo\My Documents\Switch Skate REOPENED\temp\footer.php --> host215.ipowerweb.com /public_html/temp footer.php
2004.11.16 19:19 B G:\Documents and Settings\bilbo\My Documents\Switch Skate REOPENED\temp\header.php --> host215.ipowerweb.com /public_html/temp header.php
2004.11.16 19:19 B G:\Documents and Settings\bilbo\My Documents\Switch Skate REOPENED\temp\index.php --> host215.ipowerweb.com /public_html/temp index.php
2004.11.16 19:20 B G:\Documents and Settings\bilbo\My Documents\Switch Skate REOPENED\temp\footer.php --> host215.ipowerweb.com /public_html/temp footer.php
2004.11.17 09:32 B G:\Documents and Settings\bilbo\My Documents\Switch Skate REOPENED\temp\copyright.php --> host215.ipowerweb.com /public_html/temp copyright.php
2004.11.17 09:32 B G:\Documents and Settings\bilbo\My Documents\Switch Skate REOPENED\temp\footer.php --> host215.ipowerweb.com /public_html/temp footer.php
2004.11.17 09:32 B G:\Documents and Settings\bilbo\My Documents\Switch Skate REOPENED\temp\header.php --> host215.ipowerweb.com /public_html/temp header.php
2004.11.17 09:32 B G:\Documents and Settings\bilbo\My Documents\Switch Skate REOPENED\temp\index.php --> host215.ipowerweb.com /public_html/temp index.php
2004.11.17 09:32 B G:\Documents and Settings\bilbo\My Documents\Switch Skate REOPENED\temp\WS_FTP.LOG --> host215.ipowerweb.com /public_html/temp WS_FTP.LOG
2004.11.18 20:37 B G:\Documents and Settings\bilbo\My Documents\Switch Skate REOPENED\temp\header.php --> host215.ipowerweb.com /public_html/temp header.php
2004.11.18 20:37 B G:\Documents and Settings\bilbo\My Documents\Switch Skate REOPENED\temp\header.php --> host215.ipowerweb.com /public_html/temp header.php
2004.11.18 20:38 B G:\Documents and Settings\bilbo\My Documents\Switch Skate REOPENED\temp\header.php --> host215.ipowerweb.com /public_html/temp header.php
2004.11.18 20:38 B G:\Documents and Settings\bilbo\My Documents\Switch Skate REOPENED\temp\header.php --> host215.ipowerweb.com /public_html/temp header.php
2004.11.18 20:40 B G:\Documents and Settings\bilbo\My Documents\Switch Skate REOPENED\temp\header.php --> host215.ipowerweb.com /public_html/temp header.php
2004.11.18 20:40 B G:\Documents and Settings\bilbo\My Documents\Switch Skate REOPENED\temp\header.php --> host215.ipowerweb.com /public_html/temp header.php
2004.11.18 20:41 B G:\Documents and Settings\bilbo\My Documents\Switch Skate REOPENED\temp\header.php --> host215.ipowerweb.com /public_html/temp header.php
2004.11.18 20:43 B G:\Documents and Settings\bilbo\My Documents\Switch Skate REOPENED\temp\header.php --> host215.ipowerweb.com /public_html/temp header.php
2004.11.18 20:44 B G:\Documents and Settings\bilbo\My Documents\Switch Skate REOPENED\temp\header.php --> host215.ipowerweb.com /public_html/temp header.php
2004.11.18 20:48 B G:\Documents and Settings\bilbo\My Documents\Switch Skate REOPENED\temp\header.php --> host215.ipowerweb.com /public_html/temp header.php
2004.11.18 20:48 B G:\Documents and Settings\bilbo\My Documents\Switch Skate REOPENED\temp\header.php --> host215.ipowerweb.com /public_html/temp header.php
2004.11.18 20:49 B G:\Documents and Settings\bilbo\My Documents\Switch Skate REOPENED\temp\header.php --> host215.ipowerweb.com /public_html/temp header.php
2004.11.18 20:51 B G:\Documents and Settings\bilbo\My Documents\Switch Skate REOPENED\temp\index.php --> host215.ipowerweb.com /public_html/temp index.php
2004.11.18 20:52 B G:\Documents and Settings\bilbo\My Documents\Switch Skate REOPENED\temp\index.php --> host215.ipowerweb.com /public_html/temp index.php
2004.11.18 20:54 B G:\Documents and Settings\bilbo\My Documents\Switch Skate REOPENED\temp\index.php --> host215.ipowerweb.com /public_html/temp index.php
2004.11.18 20:55 B G:\Documents and Settings\bilbo\My Documents\Switch Skate REOPENED\temp\index.php --> host215.ipowerweb.com /public_html/temp index.php
2004.11.18 20:55 B G:\Documents and Settings\bilbo\My Documents\Switch Skate REOPENED\temp\header.php --> host215.ipowerweb.com /public_html/temp header.php
2004.11.18 20:57 B G:\Documents and Settings\bilbo\My Documents\Switch Skate REOPENED\temp\header.php --> host215.ipowerweb.com /public_html/temp header.php
2004.11.18 20:58 B G:\Documents and Settings\bilbo\My Documents\Switch Skate REOPENED\temp\header.php --> host215.ipowerweb.com /public_html/temp header.php
2004.11.18 20:58 B G:\Documents and Settings\bilbo\My Documents\Switch Skate REOPENED\temp\header.php --> host215.ipowerweb.com /public_html/temp header.php
2004.11.18 20:58 B G:\Documents and Settings\bilbo\My Documents\Switch Skate REOPENED\temp\header.php --> host215.ipowerweb.com /public_html/temp header.php
2004.11.18 20:59 B G:\Documents and Settings\bilbo\My Documents\Switch Skate REOPENED\temp\header.php --> host215.ipowerweb.com /public_html/temp header.php
2004.11.18 21:00 B G:\Documents and Settings\bilbo\My Documents\Switch Skate REOPENED\temp\copyright.php --> host215.ipowerweb.com /public_html/temp copyright.php
2004.11.18 21:00 B G:\Documents and Settings\bilbo\My Documents\Switch Skate REOPENED\temp\footer.php --> host215.ipowerweb.com /public_html/temp footer.php
2004.11.18 21:00 B G:\Documents and Settings\bilbo\My Documents\Switch Skate REOPENED\temp\header.php --> host215.ipowerweb.com /public_html/temp header.php
2004.11.18 21:00 B G:\Documents and Settings\bilbo\My Documents\Switch Skate REOPENED\temp\index.php --> host215.ipowerweb.com /public_html/temp index.php
2004.11.18 21:02 B G:\Documents and Settings\bilbo\My Documents\Switch Skate REOPENED\temp\copyright.php --> host215.ipowerweb.com /public_html/temp copyright.php
2004.11.18 21:02 B G:\Documents and Settings\bilbo\My Documents\Switch Skate REOPENED\temp\footer.php --> host215.ipowerweb.com /public_html/temp footer.php
2004.11.18 21:02 B G:\Documents and Settings\bilbo\My Documents\Switch Skate REOPENED\temp\header.php --> host215.ipowerweb.com /public_html/temp header.php
2004.11.18 21:02 B G:\Documents and Settings\bilbo\My Documents\Switch Skate REOPENED\temp\index.php --> host215.ipowerweb.com /public_html/temp index.php
2004.11.18 21:04 B G:\Documents and Settings\bilbo\My Documents\Switch Skate REOPENED\temp\copyright.php --> host215.ipowerweb.com /public_html/temp copyright.php
2004.11.18 21:04 B G:\Documents and Settings\bilbo\My Documents\Switch Skate REOPENED\temp\footer.php --> host215.ipowerweb.com /public_html/temp footer.php
2004.11.18 21:04 B G:\Documents and Settings\bilbo\My Documents\Switch Skate REOPENED\temp\header.php --> host215.ipowerweb.com /public_html/temp header.php
2004.11.18 21:04 B G:\Documents and Settings\bilbo\My Documents\Switch Skate REOPENED\temp\index.php --> host215.ipowerweb.com /public_html/temp index.php
2004.11.18 21:05 B G:\Documents and Settings\bilbo\My Documents\Switch Skate REOPENED\temp\copyright.php --> host215.ipowerweb.com /public_html/temp copyright.php
2004.11.18 21:05 B G:\Documents and Settings\bilbo\My Documents\Switch Skate REOPENED\temp\footer.php --> host215.ipowerweb.com /public_html/temp footer.php
2004.11.18 21:05 B G:\Documents and Settings\bilbo\My Documents\Switch Skate REOPENED\temp\header.php --> host215.ipowerweb.com /public_html/temp header.php
2004.11.18 21:05 B G:\Documents and Settings\bilbo\My Documents\Switch Skate REOPENED\temp\index.php --> host215.ipowerweb.com /public_html/temp index.php
2004.11.18 21:07 B G:\Documents and Settings\bilbo\My Documents\Switch Skate REOPENED\temp\copyright.php --> host215.ipowerweb.com /public_html/temp copyright.php
2004.11.18 21:07 B G:\Documents and Settings\bilbo\My Documents\Switch Skate REOPENED\temp\footer.php --> host215.ipowerweb.com /public_html/temp footer.php
2004.11.18 21:07 B G:\Documents and Settings\bilbo\My Documents\Switch Skate REOPENED\temp\header.php --> host215.ipowerweb.com /public_html/temp header.php
2004.11.18 21:07 B G:\Documents and Settings\bilbo\My Documents\Switch Skate REOPENED\temp\index.php --> host215.ipowerweb.com /public_html/temp index.php
2004.11.18 21:07 B G:\Documents and Settings\bilbo\My Documents\Switch Skate REOPENED\temp\copyright.php --> host215.ipowerweb.com /public_html/temp copyright.php
2004.11.18 21:07 B G:\Documents and Settings\bilbo\My Documents\Switch Skate REOPENED\temp\footer.php --> host215.ipowerweb.com /public_html/temp footer.php
2004.11.18 21:07 B G:\Documents and Settings\bilbo\My Documents\Switch Skate REOPENED\temp\header.php --> host215.ipowerweb.com /public_html/temp header.php
2004.11.18 21:07 B G:\Documents and Settings\bilbo\My Documents\Switch Skate REOPENED\temp\index.php --> host215.ipowerweb.com /public_html/temp index.php
2004.11.18 21:09 B G:\Documents and Settings\bilbo\My Documents\Switch Skate REOPENED\temp\copyright.php --> host215.ipowerweb.com /public_html/temp copyright.php
2004.11.18 21:09 B G:\Documents and Settings\bilbo\My Documents\Switch Skate REOPENED\temp\footer.php --> host215.ipowerweb.com /public_html/temp footer.php
2004.11.18 21:09 B G:\Documents and Settings\bilbo\My Documents\Switch Skate REOPENED\temp\header.php --> host215.ipowerweb.com /public_html/temp header.php
2004.11.18 21:09 B G:\Documents and Settings\bilbo\My Documents\Switch Skate REOPENED\temp\index.php --> host215.ipowerweb.com /public_html/temp index.php
2004.11.18 21:12 B G:\Documents and Settings\bilbo\My Documents\Switch Skate REOPENED\temp\copyright.php --> host215.ipowerweb.com /public_html/temp copyright.php
2004.11.18 21:12 B G:\Documents and Settings\bilbo\My Documents\Switch Skate REOPENED\temp\footer.php --> host215.ipowerweb.com /public_html/temp footer.php
2004.11.18 21:12 B G:\Documents and Settings\bilbo\My Documents\Switch Skate REOPENED\temp\header.php --> host215.ipowerweb.com /public_html/temp header.php
2004.11.18 21:12 B G:\Documents and Settings\bilbo\My Documents\Switch Skate REOPENED\temp\index.php --> host215.ipowerweb.com /public_html/temp index.php
2004.11.18 21:13 B G:\Documents and Settings\bilbo\My Documents\Switch Skate REOPENED\temp\copyright.php --> host215.ipowerweb.com /public_html/temp copyright.php
2004.11.18 21:13 B G:\Documents and Settings\bilbo\My Documents\Switch Skate REOPENED\temp\footer.php --> host215.ipowerweb.com /public_html/temp footer.php
2004.11.18 21:13 B G:\Documents and Settings\bilbo\My Documents\Switch Skate REOPENED\temp\header.php --> host215.ipowerweb.com /public_html/temp header.php
2004.11.18 21:13 B G:\Documents and Settings\bilbo\My Documents\Switch Skate REOPENED\temp\index.php --> host215.ipowerweb.com /public_html/temp index.php
2004.11.18 21:14 B G:\Documents and Settings\bilbo\My Documents\Switch Skate REOPENED\temp\copyright.php --> host215.ipowerweb.com /public_html/temp copyright.php
2004.11.18 21:14 B G:\Documents and Settings\bilbo\My Documents\Switch Skate REOPENED\temp\footer.php --> host215.ipowerweb.com /public_html/temp footer.php
2004.11.18 21:14 B G:\Documents and Settings\bilbo\My Documents\Switch Skate REOPENED\temp\header.php --> host215.ipowerweb.com /public_html/temp header.php
2004.11.18 21:14 B G:\Documents and Settings\bilbo\My Documents\Switch Skate REOPENED\temp\index.php --> host215.ipowerweb.com /public_html/temp index.php
2004.11.18 21:14 B G:\Documents and Settings\bilbo\My Documents\Switch Skate REOPENED\temp\copyright.php --> host215.ipowerweb.com /public_html/temp copyright.php
2004.11.18 21:14 B G:\Documents and Settings\bilbo\My Documents\Switch Skate REOPENED\temp\footer.php --> host215.ipowerweb.com /public_html/temp footer.php
2004.11.18 21:14 B G:\Documents and Settings\bilbo\My Documents\Switch Skate REOPENED\temp\header.php --> host215.ipowerweb.com /public_html/temp header.php
2004.11.18 21:14 B G:\Documents and Settings\bilbo\My Documents\Switch Skate REOPENED\temp\index.php --> host215.ipowerweb.com /public_html/temp index.php
2004.11.18 21:15 B G:\Documents and Settings\bilbo\My Documents\Switch Skate REOPENED\temp\header.php --> host215.ipowerweb.com /public_html/temp header.php
2004.11.18 21:15 B G:\Documents and Settings\bilbo\My Documents\Switch Skate REOPENED\temp\header.php --> host215.ipowerweb.com /public_html/temp header.php
2004.11.18 21:16 B G:\Documents and Settings\bilbo\My Documents\Switch Skate REOPENED\temp\header.php --> host215.ipowerweb.com /public_html/temp header.php
2004.11.18 21:17 B G:\Documents and Settings\bilbo\My Documents\Switch Skate REOPENED\temp\header.php --> host215.ipowerweb.com /public_html/temp header.php
2004.11.18 21:18 B G:\Documents and Settings\bilbo\My Documents\Switch Skate REOPENED\temp\header.php --> host215.ipowerweb.com /public_html/temp header.php
2004.11.18 21:19 B G:\Documents and Settings\bilbo\My Documents\Switch Skate REOPENED\temp\footer.php --> host215.ipowerweb.com /public_html/temp footer.php
2004.11.18 21:19 B G:\Documents and Settings\bilbo\My Documents\Switch Skate REOPENED\temp\header.php --> host215.ipowerweb.com /public_html/temp header.php
2004.11.18 21:19 B G:\Documents and Settings\bilbo\My Documents\Switch Skate REOPENED\temp\index.php --> host215.ipowerweb.com /public_html/temp index.php
2004.11.18 21:20 B G:\Documents and Settings\bilbo\My Documents\Switch Skate REOPENED\temp\footer.php --> host215.ipowerweb.com /public_html/temp footer.php
2004.11.18 21:20 B G:\Documents and Settings\bilbo\My Documents\Switch Skate REOPENED\temp\header.php --> host215.ipowerweb.com /public_html/temp header.php
2004.11.18 21:20 B G:\Documents and Settings\bilbo\My Documents\Switch Skate REOPENED\temp\index.php --> host215.ipowerweb.com /public_html/temp index.php
2004.11.18 21:20 B G:\Documents and Settings\bilbo\My Documents\Switch Skate REOPENED\temp\footer.php --> host215.ipowerweb.com /public_html/temp footer.php
2004.11.18 21:20 B G:\Documents and Settings\bilbo\My Documents\Switch Skate REOPENED\temp\header.php --> host215.ipowerweb.com /public_html/temp header.php
2004.11.18 21:20 B G:\Documents and Settings\bilbo\My Documents\Switch Skate REOPENED\temp\index.php --> host215.ipowerweb.com /public_html/temp index.php
2004.11.19 07:32 B G:\Documents and Settings\bilbo\My Documents\Switch Skate REOPENED\temp\footer.php --> host215.ipowerweb.com /public_html/temp footer.php
2004.11.19 07:32 B G:\Documents and Settings\bilbo\My Documents\Switch Skate REOPENED\temp\header.php --> host215.ipowerweb.com /public_html/temp header.php
2004.11.19 07:32 B G:\Documents and Settings\bilbo\My Documents\Switch Skate REOPENED\temp\index.php --> host215.ipowerweb.com /public_html/temp index.php
2004.11.19 07:34 B G:\Documents and Settings\bilbo\My Documents\Switch Skate REOPENED\temp\footer.php --> host215.ipowerweb.com /public_html/temp footer.php
2004.11.19 07:34 B G:\Documents and Settings\bilbo\My Documents\Switch Skate REOPENED\temp\header.php --> host215.ipowerweb.com /public_html/temp header.php
2004.11.19 07:34 B G:\Documents and Settings\bilbo\My Documents\Switch Skate REOPENED\temp\index.php --> host215.ipowerweb.com /public_html/temp index.php
2004.11.19 07:34 B G:\Documents and Settings\bilbo\My Documents\Switch Skate REOPENED\temp\footer.php --> host215.ipowerweb.com /public_html/temp footer.php
2004.11.19 07:34 B G:\Documents and Settings\bilbo\My Documents\Switch Skate REOPENED\temp\header.php --> host215.ipowerweb.com /public_html/temp header.php
2004.11.19 07:34 B G:\Documents and Settings\bilbo\My Documents\Switch Skate REOPENED\temp\index.php --> host215.ipowerweb.com /public_html/temp index.php
2004.11.19 07:36 B G:\Documents and Settings\bilbo\My Documents\Switch Skate REOPENED\temp\header.php --> host215.ipowerweb.com /public_html/temp header.php
2004.11.19 07:38 B G:\Documents and Settings\bilbo\My Documents\Switch Skate REOPENED\temp\header.php --> host215.ipowerweb.com /public_html/temp header.php
2004.11.19 07:39 B G:\Documents and Settings\bilbo\My Documents\Switch Skate REOPENED\temp\header.php --> host215.ipowerweb.com /public_html/temp header.php
2004.11.19 07:41 B G:\Documents and Settings\bilbo\My Documents\Switch Skate REOPENED\temp\header.php --> host215.ipowerweb.com /public_html/temp header.php
2004.11.19 07:41 B G:\Documents and Settings\bilbo\My Documents\Switch Skate REOPENED\temp\header.php --> host215.ipowerweb.com /public_html/temp header.php
2004.11.19 07:41 B G:\Documents and Settings\bilbo\My Documents\Switch Skate REOPENED\temp\header.php --> host215.ipowerweb.com /public_html/temp header.php
2004.11.19 09:01 B G:\Documents and Settings\bilbo\My Documents\Switch Skate REOPENED\temp\copyright.php --> host215.ipowerweb.com /public_html/temp copyright.php
2004.11.19 09:01 B G:\Documents and Settings\bilbo\My Documents\Switch Skate REOPENED\temp\footer.php --> host215.ipowerweb.com /public_html/temp footer.php
2004.11.19 09:01 B G:\Documents and Settings\bilbo\My Documents\Switch Skate REOPENED\temp\header.php --> host215.ipowerweb.com /public_html/temp header.php
2004.11.19 09:01 B G:\Documents and Settings\bilbo\My Documents\Switch Skate REOPENED\temp\index.php --> host215.ipowerweb.com /public_html/temp index.php
2004.11.19 09:01 B G:\Documents and Settings\bilbo\My Documents\Switch Skate REOPENED\temp\footer.php --> host215.ipowerweb.com /public_html/temp footer.php
2004.11.19 09:02 B G:\Documents and Settings\bilbo\My Documents\Switch Skate REOPENED\temp\footer.php --> host215.ipowerweb.com /public_html/temp footer.php
2004.11.19 09:18 B G:\Documents and Settings\bilbo\My Documents\Switch Skate REOPENED\temp\footer.php --> host215.ipowerweb.com /public_html/temp footer.php
2004.11.19 09:20 B G:\Documents and Settings\bilbo\My Documents\Switch Skate REOPENED\temp\footer.php --> host215.ipowerweb.com /public_html/temp footer.php
2004.11.19 09:21 B G:\Documents and Settings\bilbo\My Documents\Switch Skate REOPENED\temp\footer.php --> host215.ipowerweb.com /public_html/temp footer.php
2004.11.19 09:22 B G:\Documents and Settings\bilbo\My Documents\Switch Skate REOPENED\temp\footer.php --> host215.ipowerweb.com /public_html/temp footer.php
2004.11.19 09:23 B G:\Documents and Settings\bilbo\My Documents\Switch Skate REOPENED\temp\footer.php --> host215.ipowerweb.com /public_html/temp footer.php
2004.11.19 09:24 B G:\Documents and Settings\bilbo\My Documents\Switch Skate REOPENED\temp\footer.php --> host215.ipowerweb.com /public_html/temp footer.php
2004.11.19 09:24 B G:\Documents and Settings\bilbo\My Documents\Switch Skate REOPENED\temp\header.php --> host215.ipowerweb.com /public_html/temp header.php
2004.11.19 09:25 B G:\Documents and Settings\bilbo\My Documents\Switch Skate REOPENED\temp\header.php --> host215.ipowerweb.com /public_html/temp header.php
2004.11.19 09:25 B G:\Documents and Settings\bilbo\My Documents\Switch Skate REOPENED\temp\footer.php --> host215.ipowerweb.com /public_html/temp footer.php
2004.11.19 09:26 B G:\Documents and Settings\bilbo\My Documents\Switch Skate REOPENED\temp\footer.php --> host215.ipowerweb.com /public_html/temp footer.php
2004.11.19 09:27 B G:\Documents and Settings\bilbo\My Documents\Switch Skate REOPENED\temp\footer.php --> host215.ipowerweb.com /public_html/temp footer.php
2004.11.19 09:27 B G:\Documents and Settings\bilbo\My Documents\Switch Skate REOPENED\temp\footer.php --> host215.ipowerweb.com /public_html/temp footer.php
2004.11.19 09:28 B G:\Documents and Settings\bilbo\My Documents\Switch Skate REOPENED\temp\footer.php --> host215.ipowerweb.com /public_html/temp footer.php
2004.11.19 09:35 B G:\Documents and Settings\bilbo\My Documents\Switch Skate REOPENED\temp\footer.php --> host215.ipowerweb.com /public_html/temp footer.php
2004.11.19 09:36 B G:\Documents and Settings\bilbo\My Documents\Switch Skate REOPENED\temp\footer.php --> host215.ipowerweb.com /public_html/temp footer.php
2004.11.19 09:36 B G:\Documents and Settings\bilbo\My Documents\Switch Skate REOPENED\temp\footer.php --> host215.ipowerweb.com /public_html/temp footer.php
2004.11.19 09:38 B G:\Documents and Settings\bilbo\My Documents\Switch Skate REOPENED\temp\footer.php --> host215.ipowerweb.com /public_html/temp footer.php
2004.11.19 09:38 B G:\Documents and Settings\bilbo\My Documents\Switch Skate REOPENED\temp\footer.php --> host215.ipowerweb.com /public_html/temp footer.php
2004.11.19 09:39 B G:\Documents and Settings\bilbo\My Documents\Switch Skate REOPENED\temp\footer.php --> host215.ipowerweb.com /public_html/temp footer.php
2004.11.19 09:42 B G:\Documents and Settings\bilbo\My Documents\Switch Skate REOPENED\temp\footer.php --> host215.ipowerweb.com /public_html/temp footer.php
2004.11.19 09:44 B G:\Documents and Settings\bilbo\My Documents\Switch Skate REOPENED\temp\footer.php --> host215.ipowerweb.com /public_html/temp footer.php
2004.11.19 09:45 B G:\Documents and Settings\bilbo\My Documents\Switch Skate REOPENED\temp\footer.php --> host215.ipowerweb.com /public_html/temp footer.php
2004.11.19 09:51 B G:\Documents and Settings\bilbo\My Documents\Switch Skate REOPENED\temp\footer.php --> host215.ipowerweb.com /public_html/temp footer.php
2004.11.19 09:54 B G:\Documents and Settings\bilbo\My Documents\Switch Skate REOPENED\temp\footer.php --> host215.ipowerweb.com /public_html/temp footer.php
2004.11.19 09:54 B G:\Documents and Settings\bilbo\My Documents\Switch Skate REOPENED\temp\footer.php --> host215.ipowerweb.com /public_html/temp footer.php
2004.11.19 09:56 B G:\Documents and Settings\bilbo\My Documents\Switch Skate REOPENED\temp\footer.php --> host215.ipowerweb.com /public_html/temp footer.php
2004.11.19 09:57 B G:\Documents and Settings\bilbo\My Documents\Switch Skate REOPENED\temp\index.php --> host215.ipowerweb.com /public_html/temp index.php
2004.11.19 09:58 B G:\Documents and Settings\bilbo\My Documents\Switch Skate REOPENED\temp\index.php --> host215.ipowerweb.com /public_html/temp index.php
2004.11.19 09:58 B G:\Documents and Settings\bilbo\My Documents\Switch Skate REOPENED\temp\index.php --> host215.ipowerweb.com /public_html/temp index.php
2004.11.19 09:59 B G:\Documents and Settings\bilbo\My Documents\Switch Skate REOPENED\temp\copyright.php --> host215.ipowerweb.com /public_html/temp copyright.php
2004.11.19 09:59 B G:\Documents and Settings\bilbo\My Documents\Switch Skate REOPENED\temp\footer.php --> host215.ipowerweb.com /public_html/temp footer.php
2004.11.19 09:59 B G:\Documents and Settings\bilbo\My Documents\Switch Skate REOPENED\temp\header.php --> host215.ipowerweb.com /public_html/temp header.php
2004.11.19 09:59 B G:\Documents and Settings\bilbo\My Documents\Switch Skate REOPENED\temp\index.php --> host215.ipowerweb.com /public_html/temp index.php
2004.11.19 10:08 B G:\Documents and Settings\bilbo\My Documents\Switch Skate REOPENED\temp\header.php --> host215.ipowerweb.com /public_html/temp header.php
2004.11.19 10:08 B G:\Documents and Settings\bilbo\My Documents\Switch Skate REOPENED\temp\header.php --> host215.ipowerweb.com /public_html/temp header.php
2004.11.19 10:09 B G:\Documents and Settings\bilbo\My Documents\Switch Skate REOPENED\temp\header.php --> host215.ipowerweb.com /public_html/temp header.php
2004.11.19 10:09 B G:\Documents and Settings\bilbo\My Documents\Switch Skate REOPENED\temp\header.php --> host215.ipowerweb.com /public_html/temp header.php
2004.11.19 10:11 B G:\Documents and Settings\bilbo\My Documents\Switch Skate REOPENED\temp\header.php --> host215.ipowerweb.com /public_html/temp header.php
2004.11.19 10:11 B G:\Documents and Settings\bilbo\My Documents\Switch Skate REOPENED\temp\header.php --> host215.ipowerweb.com /public_html/temp header.php
2004.11.19 10:12 B G:\Documents and Settings\bilbo\My Documents\Switch Skate REOPENED\temp\header.php --> host215.ipowerweb.com /public_html/temp header.php
2004.11.19 10:16 B G:\Documents and Settings\bilbo\My Documents\Switch Skate REOPENED\temp\copyright.php --> host215.ipowerweb.com /public_html/temp copyright.php
2004.11.19 10:17 B G:\Documents and Settings\bilbo\My Documents\Switch Skate REOPENED\temp\copyright.php --> host215.ipowerweb.com /public_html/temp copyright.php
2004.11.19 10:18 B G:\Documents and Settings\bilbo\My Documents\Switch Skate REOPENED\temp\copyright.php --> host215.ipowerweb.com /public_html/temp copyright.php
2004.11.19 10:18 B G:\Documents and Settings\bilbo\My Documents\Switch Skate REOPENED\temp\copyright.php --> host215.ipowerweb.com /public_html/temp copyright.php
2004.11.19 10:19 B G:\Documents and Settings\bilbo\My Documents\Switch Skate REOPENED\temp\copyright.php --> host215.ipowerweb.com /public_html/temp copyright.php
2004.11.19 10:42 B G:\Documents and Settings\bilbo\My Documents\Switch Skate REOPENED\temp\footer.php --> host215.ipowerweb.com /public_html/temp/submit footer.php
2004.11.19 10:42 B G:\Documents and Settings\bilbo\My Documents\Switch Skate REOPENED\temp\header.php --> host215.ipowerweb.com /public_html/temp/submit header.php
2004.11.19 10:57 B G:\Documents and Settings\bilbo\My Documents\Switch Skate REOPENED\temp\header.php --> host215.ipowerweb.com /public_html/temp header.php
2004.11.19 10:57 B G:\Documents and Settings\bilbo\My Documents\Switch Skate REOPENED\temp\header.php --> host215.ipowerweb.com /public_html/temp header.php
2004.11.19 10:59 B G:\Documents and Settings\bilbo\My Documents\Switch Skate REOPENED\temp\header.php --> host215.ipowerweb.com /public_html/temp header.php
2004.11.19 11:09 B G:\Documents and Settings\bilbo\My Documents\Switch Skate REOPENED\temp\header.php --> host215.ipowerweb.com /public_html/temp/submit header.php
2004.11.19 11:09 B G:\Documents and Settings\bilbo\My Documents\Switch Skate REOPENED\temp\header.php --> host215.ipowerweb.com /public_html/temp header.php
2004.11.19 11:20 B G:\Documents and Settings\bilbo\My Documents\Switch Skate REOPENED\temp\header.php --> host215.ipowerweb.com /public_html/temp header.php
2004.11.19 11:20 B G:\Documents and Settings\bilbo\My Documents\Switch Skate REOPENED\temp\header.php --> host215.ipowerweb.com /public_html/temp/submit header.php
2004.11.19 11:33 B G:\Documents and Settings\bilbo\My Documents\Switch Skate REOPENED\temp\header.php --> host215.ipowerweb.com /public_html/temp/submit header.php
2004.11.19 11:33 B G:\Documents and Settings\bilbo\My Documents\Switch Skate REOPENED\temp\header.php --> host215.ipowerweb.com /public_html/temp header.php
2004.11.19 11:38 B G:\Documents and Settings\bilbo\My Documents\Switch Skate REOPENED\temp\header.php --> host215.ipowerweb.com /public_html/temp header.php
2004.11.19 11:38 B G:\Documents and Settings\bilbo\My Documents\Switch Skate REOPENED\temp\header.php --> host215.ipowerweb.com /public_html/temp/submit header.php
2004.11.19 11:41 B G:\Documents and Settings\bilbo\My Documents\Switch Skate REOPENED\temp\copyright.php --> host215.ipowerweb.com /public_html/temp copyright.php
2004.11.19 11:41 B G:\Documents and Settings\bilbo\My Documents\Switch Skate REOPENED\temp\footer.php --> host215.ipowerweb.com /public_html/temp footer.php
2004.11.19 11:41 B G:\Documents and Settings\bilbo\My Documents\Switch Skate REOPENED\temp\header.php --> host215.ipowerweb.com /public_html/temp header.php
2004.11.19 11:41 B G:\Documents and Settings\bilbo\My Documents\Switch Skate REOPENED\temp\index.php --> host215.ipowerweb.com /public_html/temp index.php
2004.11.19 11:52 B G:\Documents and Settings\bilbo\My Documents\Switch Skate REOPENED\temp\header.php --> host215.ipowerweb.com /public_html/temp/submit header.php
2004.11.19 11:52 B G:\Documents and Settings\bilbo\My Documents\Switch Skate REOPENED\temp\header.php --> host215.ipowerweb.com /public_html/temp header.php
2004.11.19 12:22 B G:\Documents and Settings\bilbo\My Documents\Switch Skate REOPENED\temp\header.php --> host215.ipowerweb.com /public_html/temp/submit header.php
2004.11.19 12:22 B G:\Documents and Settings\bilbo\My Documents\Switch Skate REOPENED\temp\header.php --> host215.ipowerweb.com /public_html/temp header.php
2004.11.19 12:27 B G:\Documents and Settings\bilbo\My Documents\Switch Skate REOPENED\temp\header.php --> host215.ipowerweb.com /public_html/temp/submit header.php
2004.11.19 12:28 B G:\Documents and Settings\bilbo\My Documents\Switch Skate REOPENED\temp\header.php --> host215.ipowerweb.com /public_html/temp header.php
2004.11.19 12:43 B G:\Documents and Settings\bilbo\My Documents\Switch Skate REOPENED\temp\header.php --> host215.ipowerweb.com /public_html header.php
2004.11.19 12:43 B G:\Documents and Settings\bilbo\My Documents\Switch Skate REOPENED\temp\header.php --> host215.ipowerweb.com /public_html/temp header.php
2004.11.19 12:43 B G:\Documents and Settings\bilbo\My Documents\Switch Skate REOPENED\temp\header.php --> host215.ipowerweb.com /public_html/temp/submit header.php
2004.11.19 12:44 B G:\Documents and Settings\bilbo\My Documents\Switch Skate REOPENED\temp\header.php --> host215.ipowerweb.com /public_html/temp/submit header.php
2004.11.19 12:44 B G:\Documents and Settings\bilbo\My Documents\Switch Skate REOPENED\temp\header.php --> host215.ipowerweb.com /public_html/temp header.php
2004.11.24 14:50 B G:\Documents and Settings\bilbo\My Documents\Switch Skate REOPENED\temp\index.php <-- Switch Skate /public_html/temp index.php
2004.11.24 14:52 B G:\Documents and Settings\bilbo\My Documents\Switch Skate REOPENED\temp\footer.php <-- Switch Skate /public_html/temp footer.php
2004.11.24 14:52 B G:\Documents and Settings\bilbo\My Documents\Switch Skate REOPENED\temp\footer.php --> host215.ipowerweb.com /public_html/temp footer.php
2004.11.24 14:54 B G:\Documents and Settings\bilbo\My Documents\Switch Skate REOPENED\temp\footer.php --> host215.ipowerweb.com /public_html/temp footer.php
2004.11.24 17:42 B G:\Documents and Settings\bilbo\My Documents\Switch Skate REOPENED\temp\footer.php --> host215.ipowerweb.com /public_html/temp footer.php
2004.11.26 18:14 B G:\Documents and Settings\bilbo\My Documents\Switch Skate REOPENED\temp\header.php --> host215.ipowerweb.com /public_html/temp/submit header.php
2004.11.26 18:14 B G:\Documents and Settings\bilbo\My Documents\Switch Skate REOPENED\temp\header.php --> host215.ipowerweb.com /public_html/temp header.php
2004.11.26 18:16 B G:\Documents and Settings\bilbo\My Documents\Switch Skate REOPENED\temp\header.php --> host215.ipowerweb.com /public_html/temp/submit header.php
2004.11.26 18:16 B G:\Documents and Settings\bilbo\My Documents\Switch Skate REOPENED\temp\comments.php <-- Switch Skate /public_html/temp/submit comments.php
2004.11.26 18:16 B G:\Documents and Settings\bilbo\My Documents\Switch Skate REOPENED\temp\header.php --> host215.ipowerweb.com /public_html/temp header.php
2004.11.27 05:48 B G:\Documents and Settings\bilbo\My Documents\Switch Skate REOPENED\temp\footer.php --> host215.ipowerweb.com /public_html/site footer.php
2004.11.27 05:48 B G:\Documents and Settings\bilbo\My Documents\Switch Skate REOPENED\temp\header.php --> host215.ipowerweb.com /public_html/site header.php
2004.11.27 05:48 B G:\Documents and Settings\bilbo\My Documents\Switch Skate REOPENED\temp\index.php --> host215.ipowerweb.com /public_html/site index.php
2004.11.27 05:48 B G:\Documents and Settings\bilbo\My Documents\Switch Skate REOPENED\temp\copyright.php --> host215.ipowerweb.com /public_html/site copyright.php
2004.12.05 12:38 B G:\Documents and Settings\bilbo\My Documents\Switch Skate REOPENED\temp\header.php --> host215.ipowerweb.com /public_html/temp header.php
2004.12.05 12:38 B G:\Documents and Settings\bilbo\My Documents\Switch Skate REOPENED\temp\header.php --> host215.ipowerweb.com /public_html/temp/submit header.php
2004.12.05 14:23 B G:\Documents and Settings\bilbo\My Documents\Switch Skate REOPENED\temp\header.php --> host215.ipowerweb.com /public_html header.php
2004.12.05 14:23 B G:\Documents and Settings\bilbo\My Documents\Switch Skate REOPENED\temp\header.php --> host215.ipowerweb.com /public_html/temp header.php
2004.12.05 14:23 B G:\Documents and Settings\bilbo\My Documents\Switch Skate REOPENED\temp\header.php --> host215.ipowerweb.com /public_html/temp/submit header.php
