2005.08.29 22:33 B C:\Documents and Settings\Adam.ADAMK\My Documents\Programming\Switch Skate\Layouts\Backups\File Backups\public_html\forums\images\demiZe\address.gif <-- Switch Skate /public_html/forums/images/demiZe address.gif
2005.08.29 22:33 B C:\Documents and Settings\Adam.ADAMK\My Documents\Programming\Switch Skate\Layouts\Backups\File Backups\public_html\forums\images\demiZe\aim.gif <-- Switch Skate /public_html/forums/images/demiZe aim.gif
2005.08.29 22:33 B C:\Documents and Settings\Adam.ADAMK\My Documents\Programming\Switch Skate\Layouts\Backups\File Backups\public_html\forums\images\demiZe\arrow_dw.gif <-- Switch Skate /public_html/forums/images/demiZe arrow_dw.gif
2005.08.29 22:33 B C:\Documents and Settings\Adam.ADAMK\My Documents\Programming\Switch Skate\Layouts\Backups\File Backups\public_html\forums\images\demiZe\arrow_up.gif <-- Switch Skate /public_html/forums/images/demiZe arrow_up.gif
2005.08.29 22:33 B C:\Documents and Settings\Adam.ADAMK\My Documents\Programming\Switch Skate\Layouts\Backups\File Backups\public_html\forums\images\demiZe\b.gif <-- Switch Skate /public_html/forums/images/demiZe b.gif
2005.08.29 22:33 B C:\Documents and Settings\Adam.ADAMK\My Documents\Programming\Switch Skate\Layouts\Backups\File Backups\public_html\forums\images\demiZe\bb_bold.gif <-- Switch Skate /public_html/forums/images/demiZe bb_bold.gif
2005.08.29 22:33 B C:\Documents and Settings\Adam.ADAMK\My Documents\Programming\Switch Skate\Layouts\Backups\File Backups\public_html\forums\images\demiZe\bb_center.gif <-- Switch Skate /public_html/forums/images/demiZe bb_center.gif
2005.08.29 22:33 B C:\Documents and Settings\Adam.ADAMK\My Documents\Programming\Switch Skate\Layouts\Backups\File Backups\public_html\forums\images\demiZe\bb_code.gif <-- Switch Skate /public_html/forums/images/demiZe bb_code.gif
2005.08.29 22:33 B C:\Documents and Settings\Adam.ADAMK\My Documents\Programming\Switch Skate\Layouts\Backups\File Backups\public_html\forums\images\demiZe\bb_email.gif <-- Switch Skate /public_html/forums/images/demiZe bb_email.gif
2005.08.29 22:33 B C:\Documents and Settings\Adam.ADAMK\My Documents\Programming\Switch Skate\Layouts\Backups\File Backups\public_html\forums\images\demiZe\bb_hide.gif <-- Switch Skate /public_html/forums/images/demiZe bb_hide.gif
2005.08.29 22:33 B C:\Documents and Settings\Adam.ADAMK\My Documents\Programming\Switch Skate\Layouts\Backups\File Backups\public_html\forums\images\demiZe\bb_image.gif <-- Switch Skate /public_html/forums/images/demiZe bb_image.gif
2005.08.29 22:33 B C:\Documents and Settings\Adam.ADAMK\My Documents\Programming\Switch Skate\Layouts\Backups\File Backups\public_html\forums\images\demiZe\bb_italicize.gif <-- Switch Skate /public_html/forums/images/demiZe bb_italicize.gif
2005.08.29 22:33 B C:\Documents and Settings\Adam.ADAMK\My Documents\Programming\Switch Skate\Layouts\Backups\File Backups\public_html\forums\images\demiZe\bb_list.gif <-- Switch Skate /public_html/forums/images/demiZe bb_list.gif
2005.08.29 22:33 B C:\Documents and Settings\Adam.ADAMK\My Documents\Programming\Switch Skate\Layouts\Backups\File Backups\public_html\forums\images\demiZe\bb_quote.gif <-- Switch Skate /public_html/forums/images/demiZe bb_quote.gif
2005.08.29 22:33 B C:\Documents and Settings\Adam.ADAMK\My Documents\Programming\Switch Skate\Layouts\Backups\File Backups\public_html\forums\images\demiZe\bb_underline.gif <-- Switch Skate /public_html/forums/images/demiZe bb_underline.gif
2005.08.29 22:33 B C:\Documents and Settings\Adam.ADAMK\My Documents\Programming\Switch Skate\Layouts\Backups\File Backups\public_html\forums\images\demiZe\bb_url.gif <-- Switch Skate /public_html/forums/images/demiZe bb_url.gif
2005.08.29 22:33 B C:\Documents and Settings\Adam.ADAMK\My Documents\Programming\Switch Skate\Layouts\Backups\File Backups\public_html\forums\images\demiZe\bbrules.gif <-- Switch Skate /public_html/forums/images/demiZe bbrules.gif
2005.08.29 22:33 B C:\Documents and Settings\Adam.ADAMK\My Documents\Programming\Switch Skate\Layouts\Backups\File Backups\public_html\forums\images\demiZe\catbg2.gif <-- Switch Skate /public_html/forums/images/demiZe catbg2.gif
2005.08.29 22:33 B C:\Documents and Settings\Adam.ADAMK\My Documents\Programming\Switch Skate\Layouts\Backups\File Backups\public_html\forums\images\demiZe\dot_folder.gif <-- Switch Skate /public_html/forums/images/demiZe dot_folder.gif
2005.08.29 22:33 B C:\Documents and Settings\Adam.ADAMK\My Documents\Programming\Switch Skate\Layouts\Backups\File Backups\public_html\forums\images\demiZe\dot_hot_folder.gif <-- Switch Skate /public_html/forums/images/demiZe dot_hot_folder.gif
2005.08.29 22:33 B C:\Documents and Settings\Adam.ADAMK\My Documents\Programming\Switch Skate\Layouts\Backups\File Backups\public_html\forums\images\demiZe\dot_hot_red_folder.gif <-- Switch Skate /public_html/forums/images/demiZe dot_hot_red_folder.gif
2005.08.29 22:33 B C:\Documents and Settings\Adam.ADAMK\My Documents\Programming\Switch Skate\Layouts\Backups\File Backups\public_html\forums\images\demiZe\dot_red_folder.gif <-- Switch Skate /public_html/forums/images/demiZe dot_red_folder.gif
2005.08.29 22:33 B C:\Documents and Settings\Adam.ADAMK\My Documents\Programming\Switch Skate\Layouts\Backups\File Backups\public_html\forums\images\demiZe\edit.gif <-- Switch Skate /public_html/forums/images/demiZe edit.gif
2005.08.29 22:33 B C:\Documents and Settings\Adam.ADAMK\My Documents\Programming\Switch Skate\Layouts\Backups\File Backups\public_html\forums\images\demiZe\email.gif <-- Switch Skate /public_html/forums/images/demiZe email.gif
2005.08.29 22:33 B C:\Documents and Settings\Adam.ADAMK\My Documents\Programming\Switch Skate\Layouts\Backups\File Backups\public_html\forums\images\demiZe\faq.gif <-- Switch Skate /public_html/forums/images/demiZe faq.gif
2005.08.29 22:33 B C:\Documents and Settings\Adam.ADAMK\My Documents\Programming\Switch Skate\Layouts\Backups\File Backups\public_html\forums\images\demiZe\find.gif <-- Switch Skate /public_html/forums/images/demiZe find.gif
2005.08.29 22:33 B C:\Documents and Settings\Adam.ADAMK\My Documents\Programming\Switch Skate\Layouts\Backups\File Backups\public_html\forums\images\demiZe\folder.gif <-- Switch Skate /public_html/forums/images/demiZe folder.gif
2005.08.29 22:33 B C:\Documents and Settings\Adam.ADAMK\My Documents\Programming\Switch Skate\Layouts\Backups\File Backups\public_html\forums\images\demiZe\forumhead2.gif <-- Switch Skate /public_html/forums/images/demiZe forumhead2.gif
2005.08.29 22:33 B C:\Documents and Settings\Adam.ADAMK\My Documents\Programming\Switch Skate\Layouts\Backups\File Backups\public_html\forums\images\demiZe\g.gif <-- Switch Skate /public_html/forums/images/demiZe g.gif
2005.08.29 22:33 B C:\Documents and Settings\Adam.ADAMK\My Documents\Programming\Switch Skate\Layouts\Backups\File Backups\public_html\forums\images\demiZe\head1greys.gif <-- Switch Skate /public_html/forums/images/demiZe head1greys.gif
2005.08.29 22:33 B C:\Documents and Settings\Adam.ADAMK\My Documents\Programming\Switch Skate\Layouts\Backups\File Backups\public_html\forums\images\demiZe\home.gif <-- Switch Skate /public_html/forums/images/demiZe home.gif
2005.08.29 22:33 B C:\Documents and Settings\Adam.ADAMK\My Documents\Programming\Switch Skate\Layouts\Backups\File Backups\public_html\forums\images\demiZe\hot_folder.gif <-- Switch Skate /public_html/forums/images/demiZe hot_folder.gif
2005.08.29 22:33 B C:\Documents and Settings\Adam.ADAMK\My Documents\Programming\Switch Skate\Layouts\Backups\File Backups\public_html\forums\images\demiZe\hot_red_folder.gif <-- Switch Skate /public_html/forums/images/demiZe hot_red_folder.gif
2005.08.29 22:33 B C:\Documents and Settings\Adam.ADAMK\My Documents\Programming\Switch Skate\Layouts\Backups\File Backups\public_html\forums\images\demiZe\icq_add.gif <-- Switch Skate /public_html/forums/images/demiZe icq_add.gif
2005.08.29 22:33 B C:\Documents and Settings\Adam.ADAMK\My Documents\Programming\Switch Skate\Layouts\Backups\File Backups\public_html\forums\images\demiZe\inbox.gif <-- Switch Skate /public_html/forums/images/demiZe inbox.gif
2005.08.29 22:33 B C:\Documents and Settings\Adam.ADAMK\My Documents\Programming\Switch Skate\Layouts\Backups\File Backups\public_html\forums\images\demiZe\index.html <-- Switch Skate /public_html/forums/images/demiZe index.html
2005.08.29 22:33 B C:\Documents and Settings\Adam.ADAMK\My Documents\Programming\Switch Skate\Layouts\Backups\File Backups\public_html\forums\images\demiZe\ip.gif <-- Switch Skate /public_html/forums/images/demiZe ip.gif
2005.08.29 22:33 B C:\Documents and Settings\Adam.ADAMK\My Documents\Programming\Switch Skate\Layouts\Backups\File Backups\public_html\forums\images\demiZe\ipost.gif <-- Switch Skate /public_html/forums/images/demiZe ipost.gif
2005.08.29 22:33 B C:\Documents and Settings\Adam.ADAMK\My Documents\Programming\Switch Skate\Layouts\Backups\File Backups\public_html\forums\images\demiZe\lastpost.gif <-- Switch Skate /public_html/forums/images/demiZe lastpost.gif
2005.08.29 22:33 B C:\Documents and Settings\Adam.ADAMK\My Documents\Programming\Switch Skate\Layouts\Backups\File Backups\public_html\forums\images\demiZe\lock_folder.gif <-- Switch Skate /public_html/forums/images/demiZe lock_folder.gif
2005.08.29 22:33 B C:\Documents and Settings\Adam.ADAMK\My Documents\Programming\Switch Skate\Layouts\Backups\File Backups\public_html\forums\images\demiZe\locku2u.gif <-- Switch Skate /public_html/forums/images/demiZe locku2u.gif
2005.08.29 22:33 B C:\Documents and Settings\Adam.ADAMK\My Documents\Programming\Switch Skate\Layouts\Backups\File Backups\public_html\forums\images\demiZe\members_list.gif <-- Switch Skate /public_html/forums/images/demiZe members_list.gif
2005.08.29 22:33 B C:\Documents and Settings\Adam.ADAMK\My Documents\Programming\Switch Skate\Layouts\Backups\File Backups\public_html\forums\images\demiZe\msn.gif <-- Switch Skate /public_html/forums/images/demiZe msn.gif
2005.08.29 22:33 B C:\Documents and Settings\Adam.ADAMK\My Documents\Programming\Switch Skate\Layouts\Backups\File Backups\public_html\forums\images\demiZe\newbankrequest.gif <-- Switch Skate /public_html/forums/images/demiZe newbankrequest.gif
2005.08.29 22:33 B C:\Documents and Settings\Adam.ADAMK\My Documents\Programming\Switch Skate\Layouts\Backups\File Backups\public_html\forums\images\demiZe\newtopic.gif <-- Switch Skate /public_html/forums/images/demiZe newtopic.gif
2005.08.29 22:33 B C:\Documents and Settings\Adam.ADAMK\My Documents\Programming\Switch Skate\Layouts\Backups\File Backups\public_html\forums\images\demiZe\newu2u.gif <-- Switch Skate /public_html/forums/images/demiZe newu2u.gif
2005.08.29 22:33 B C:\Documents and Settings\Adam.ADAMK\My Documents\Programming\Switch Skate\Layouts\Backups\File Backups\public_html\forums\images\demiZe\online.gif <-- Switch Skate /public_html/forums/images/demiZe online.gif
2005.08.29 22:33 B C:\Documents and Settings\Adam.ADAMK\My Documents\Programming\Switch Skate\Layouts\Backups\File Backups\public_html\forums\images\demiZe\online_guest.gif <-- Switch Skate /public_html/forums/images/demiZe online_guest.gif
2005.08.29 22:33 B C:\Documents and Settings\Adam.ADAMK\My Documents\Programming\Switch Skate\Layouts\Backups\File Backups\public_html\forums\images\demiZe\outbox.gif <-- Switch Skate /public_html/forums/images/demiZe outbox.gif
2005.08.29 22:33 B C:\Documents and Settings\Adam.ADAMK\My Documents\Programming\Switch Skate\Layouts\Backups\File Backups\public_html\forums\images\demiZe\pin.gif <-- Switch Skate /public_html/forums/images/demiZe pin.gif
2005.08.29 22:33 B C:\Documents and Settings\Adam.ADAMK\My Documents\Programming\Switch Skate\Layouts\Backups\File Backups\public_html\forums\images\demiZe\pixel.gif <-- Switch Skate /public_html/forums/images/demiZe pixel.gif
2005.08.29 22:33 B C:\Documents and Settings\Adam.ADAMK\My Documents\Programming\Switch Skate\Layouts\Backups\File Backups\public_html\forums\images\demiZe\poll.gif <-- Switch Skate /public_html/forums/images/demiZe poll.gif
2005.08.29 22:33 B C:\Documents and Settings\Adam.ADAMK\My Documents\Programming\Switch Skate\Layouts\Backups\File Backups\public_html\forums\images\demiZe\pollbar-e.gif <-- Switch Skate /public_html/forums/images/demiZe pollbar-e.gif
2005.08.29 22:33 B C:\Documents and Settings\Adam.ADAMK\My Documents\Programming\Switch Skate\Layouts\Backups\File Backups\public_html\forums\images\demiZe\pollbar-s.gif <-- Switch Skate /public_html/forums/images/demiZe pollbar-s.gif
2005.08.29 22:33 B C:\Documents and Settings\Adam.ADAMK\My Documents\Programming\Switch Skate\Layouts\Backups\File Backups\public_html\forums\images\demiZe\pollbar.gif <-- Switch Skate /public_html/forums/images/demiZe pollbar.gif
2005.08.29 22:33 B C:\Documents and Settings\Adam.ADAMK\My Documents\Programming\Switch Skate\Layouts\Backups\File Backups\public_html\forums\images\demiZe\pollsmall.gif <-- Switch Skate /public_html/forums/images/demiZe pollsmall.gif
2005.08.29 22:33 B C:\Documents and Settings\Adam.ADAMK\My Documents\Programming\Switch Skate\Layouts\Backups\File Backups\public_html\forums\images\demiZe\profile.gif <-- Switch Skate /public_html/forums/images/demiZe profile.gif
2005.08.29 22:33 B C:\Documents and Settings\Adam.ADAMK\My Documents\Programming\Switch Skate\Layouts\Backups\File Backups\public_html\forums\images\demiZe\quote.gif <-- Switch Skate /public_html/forums/images/demiZe quote.gif
2005.08.29 22:33 B C:\Documents and Settings\Adam.ADAMK\My Documents\Programming\Switch Skate\Layouts\Backups\File Backups\public_html\forums\images\demiZe\red_folder.gif <-- Switch Skate /public_html/forums/images/demiZe red_folder.gif
2005.08.29 22:33 B C:\Documents and Settings\Adam.ADAMK\My Documents\Programming\Switch Skate\Layouts\Backups\File Backups\public_html\forums\images\demiZe\reply.gif <-- Switch Skate /public_html/forums/images/demiZe reply.gif
2005.08.29 22:34 B C:\Documents and Settings\Adam.ADAMK\My Documents\Programming\Switch Skate\Layouts\Backups\File Backups\public_html\forums\images\demiZe\report.gif <-- Switch Skate /public_html/forums/images/demiZe report.gif
2005.08.29 22:34 B C:\Documents and Settings\Adam.ADAMK\My Documents\Programming\Switch Skate\Layouts\Backups\File Backups\public_html\forums\images\demiZe\search.gif <-- Switch Skate /public_html/forums/images/demiZe search.gif
2005.08.29 22:34 B C:\Documents and Settings\Adam.ADAMK\My Documents\Programming\Switch Skate\Layouts\Backups\File Backups\public_html\forums\images\demiZe\site.gif <-- Switch Skate /public_html/forums/images/demiZe site.gif
2005.08.29 22:34 B C:\Documents and Settings\Adam.ADAMK\My Documents\Programming\Switch Skate\Layouts\Backups\File Backups\public_html\forums\images\demiZe\star.gif <-- Switch Skate /public_html/forums/images/demiZe star.gif
2005.08.29 22:34 B C:\Documents and Settings\Adam.ADAMK\My Documents\Programming\Switch Skate\Layouts\Backups\File Backups\public_html\forums\images\demiZe\stats.gif <-- Switch Skate /public_html/forums/images/demiZe stats.gif
2005.08.29 22:34 B C:\Documents and Settings\Adam.ADAMK\My Documents\Programming\Switch Skate\Layouts\Backups\File Backups\public_html\forums\images\demiZe\todays_posts.gif <-- Switch Skate /public_html/forums/images/demiZe todays_posts.gif
2005.08.29 22:34 B C:\Documents and Settings\Adam.ADAMK\My Documents\Programming\Switch Skate\Layouts\Backups\File Backups\public_html\forums\images\demiZe\u2u.gif <-- Switch Skate /public_html/forums/images/demiZe u2u.gif
2005.08.29 22:34 B C:\Documents and Settings\Adam.ADAMK\My Documents\Programming\Switch Skate\Layouts\Backups\File Backups\public_html\forums\images\demiZe\u2u_in.gif <-- Switch Skate /public_html/forums/images/demiZe u2u_in.gif
2005.08.29 22:34 B C:\Documents and Settings\Adam.ADAMK\My Documents\Programming\Switch Skate\Layouts\Backups\File Backups\public_html\forums\images\demiZe\u2u_none.gif <-- Switch Skate /public_html/forums/images/demiZe u2u_none.gif
2005.08.29 22:34 B C:\Documents and Settings\Adam.ADAMK\My Documents\Programming\Switch Skate\Layouts\Backups\File Backups\public_html\forums\images\demiZe\xmbheader.gif <-- Switch Skate /public_html/forums/images/demiZe xmbheader.gif
2005.08.29 22:34 B C:\Documents and Settings\Adam.ADAMK\My Documents\Programming\Switch Skate\Layouts\Backups\File Backups\public_html\forums\images\demiZe\yahoo.gif <-- Switch Skate /public_html/forums/images/demiZe yahoo.gif
