2005.08.29 22:39 B C:\Documents and Settings\Adam.ADAMK\My Documents\Programming\Switch Skate\Layouts\Backups\File Backups\public_html\forums\images\demiZeRelax\address.gif <-- Switch Skate /public_html/forums/images/demiZeRelax address.gif
2005.08.29 22:39 B C:\Documents and Settings\Adam.ADAMK\My Documents\Programming\Switch Skate\Layouts\Backups\File Backups\public_html\forums\images\demiZeRelax\aim.gif <-- Switch Skate /public_html/forums/images/demiZeRelax aim.gif
2005.08.29 22:39 B C:\Documents and Settings\Adam.ADAMK\My Documents\Programming\Switch Skate\Layouts\Backups\File Backups\public_html\forums\images\demiZeRelax\arrow_dw.gif <-- Switch Skate /public_html/forums/images/demiZeRelax arrow_dw.gif
2005.08.29 22:39 B C:\Documents and Settings\Adam.ADAMK\My Documents\Programming\Switch Skate\Layouts\Backups\File Backups\public_html\forums\images\demiZeRelax\arrow_up.gif <-- Switch Skate /public_html/forums/images/demiZeRelax arrow_up.gif
2005.08.29 22:39 B C:\Documents and Settings\Adam.ADAMK\My Documents\Programming\Switch Skate\Layouts\Backups\File Backups\public_html\forums\images\demiZeRelax\b.gif <-- Switch Skate /public_html/forums/images/demiZeRelax b.gif
2005.08.29 22:39 B C:\Documents and Settings\Adam.ADAMK\My Documents\Programming\Switch Skate\Layouts\Backups\File Backups\public_html\forums\images\demiZeRelax\bb_bold.gif <-- Switch Skate /public_html/forums/images/demiZeRelax bb_bold.gif
2005.08.29 22:39 B C:\Documents and Settings\Adam.ADAMK\My Documents\Programming\Switch Skate\Layouts\Backups\File Backups\public_html\forums\images\demiZeRelax\bb_center.gif <-- Switch Skate /public_html/forums/images/demiZeRelax bb_center.gif
2005.08.29 22:39 B C:\Documents and Settings\Adam.ADAMK\My Documents\Programming\Switch Skate\Layouts\Backups\File Backups\public_html\forums\images\demiZeRelax\bb_code.gif <-- Switch Skate /public_html/forums/images/demiZeRelax bb_code.gif
2005.08.29 22:39 B C:\Documents and Settings\Adam.ADAMK\My Documents\Programming\Switch Skate\Layouts\Backups\File Backups\public_html\forums\images\demiZeRelax\bb_email.gif <-- Switch Skate /public_html/forums/images/demiZeRelax bb_email.gif
2005.08.29 22:39 B C:\Documents and Settings\Adam.ADAMK\My Documents\Programming\Switch Skate\Layouts\Backups\File Backups\public_html\forums\images\demiZeRelax\bb_hide.gif <-- Switch Skate /public_html/forums/images/demiZeRelax bb_hide.gif
2005.08.29 22:39 B C:\Documents and Settings\Adam.ADAMK\My Documents\Programming\Switch Skate\Layouts\Backups\File Backups\public_html\forums\images\demiZeRelax\bb_image.gif <-- Switch Skate /public_html/forums/images/demiZeRelax bb_image.gif
2005.08.29 22:39 B C:\Documents and Settings\Adam.ADAMK\My Documents\Programming\Switch Skate\Layouts\Backups\File Backups\public_html\forums\images\demiZeRelax\bb_italicize.gif <-- Switch Skate /public_html/forums/images/demiZeRelax bb_italicize.gif
2005.08.29 22:39 B C:\Documents and Settings\Adam.ADAMK\My Documents\Programming\Switch Skate\Layouts\Backups\File Backups\public_html\forums\images\demiZeRelax\bb_list.gif <-- Switch Skate /public_html/forums/images/demiZeRelax bb_list.gif
2005.08.29 22:39 B C:\Documents and Settings\Adam.ADAMK\My Documents\Programming\Switch Skate\Layouts\Backups\File Backups\public_html\forums\images\demiZeRelax\bb_quote.gif <-- Switch Skate /public_html/forums/images/demiZeRelax bb_quote.gif
2005.08.29 22:39 B C:\Documents and Settings\Adam.ADAMK\My Documents\Programming\Switch Skate\Layouts\Backups\File Backups\public_html\forums\images\demiZeRelax\bb_underline.gif <-- Switch Skate /public_html/forums/images/demiZeRelax bb_underline.gif
2005.08.29 22:39 B C:\Documents and Settings\Adam.ADAMK\My Documents\Programming\Switch Skate\Layouts\Backups\File Backups\public_html\forums\images\demiZeRelax\bb_url.gif <-- Switch Skate /public_html/forums/images/demiZeRelax bb_url.gif
2005.08.29 22:39 B C:\Documents and Settings\Adam.ADAMK\My Documents\Programming\Switch Skate\Layouts\Backups\File Backups\public_html\forums\images\demiZeRelax\bbrules.gif <-- Switch Skate /public_html/forums/images/demiZeRelax bbrules.gif
2005.08.29 22:39 B C:\Documents and Settings\Adam.ADAMK\My Documents\Programming\Switch Skate\Layouts\Backups\File Backups\public_html\forums\images\demiZeRelax\catbar.gif <-- Switch Skate /public_html/forums/images/demiZeRelax catbar.gif
2005.08.29 22:39 B C:\Documents and Settings\Adam.ADAMK\My Documents\Programming\Switch Skate\Layouts\Backups\File Backups\public_html\forums\images\demiZeRelax\dot_folder.gif <-- Switch Skate /public_html/forums/images/demiZeRelax dot_folder.gif
2005.08.29 22:39 B C:\Documents and Settings\Adam.ADAMK\My Documents\Programming\Switch Skate\Layouts\Backups\File Backups\public_html\forums\images\demiZeRelax\dot_hot_folder.gif <-- Switch Skate /public_html/forums/images/demiZeRelax dot_hot_folder.gif
2005.08.29 22:39 B C:\Documents and Settings\Adam.ADAMK\My Documents\Programming\Switch Skate\Layouts\Backups\File Backups\public_html\forums\images\demiZeRelax\dot_hot_red_folder.gif <-- Switch Skate /public_html/forums/images/demiZeRelax dot_hot_red_folder.gif
2005.08.29 22:39 B C:\Documents and Settings\Adam.ADAMK\My Documents\Programming\Switch Skate\Layouts\Backups\File Backups\public_html\forums\images\demiZeRelax\dot_red_folder.gif <-- Switch Skate /public_html/forums/images/demiZeRelax dot_red_folder.gif
2005.08.29 22:39 B C:\Documents and Settings\Adam.ADAMK\My Documents\Programming\Switch Skate\Layouts\Backups\File Backups\public_html\forums\images\demiZeRelax\edit.gif <-- Switch Skate /public_html/forums/images/demiZeRelax edit.gif
2005.08.29 22:39 B C:\Documents and Settings\Adam.ADAMK\My Documents\Programming\Switch Skate\Layouts\Backups\File Backups\public_html\forums\images\demiZeRelax\email.gif <-- Switch Skate /public_html/forums/images/demiZeRelax email.gif
2005.08.29 22:39 B C:\Documents and Settings\Adam.ADAMK\My Documents\Programming\Switch Skate\Layouts\Backups\File Backups\public_html\forums\images\demiZeRelax\faq.gif <-- Switch Skate /public_html/forums/images/demiZeRelax faq.gif
2005.08.29 22:39 B C:\Documents and Settings\Adam.ADAMK\My Documents\Programming\Switch Skate\Layouts\Backups\File Backups\public_html\forums\images\demiZeRelax\find.gif <-- Switch Skate /public_html/forums/images/demiZeRelax find.gif
2005.08.29 22:39 B C:\Documents and Settings\Adam.ADAMK\My Documents\Programming\Switch Skate\Layouts\Backups\File Backups\public_html\forums\images\demiZeRelax\folder.gif <-- Switch Skate /public_html/forums/images/demiZeRelax folder.gif
2005.08.29 22:39 B C:\Documents and Settings\Adam.ADAMK\My Documents\Programming\Switch Skate\Layouts\Backups\File Backups\public_html\forums\images\demiZeRelax\forumhead2.gif <-- Switch Skate /public_html/forums/images/demiZeRelax forumhead2.gif
2005.08.29 22:39 B C:\Documents and Settings\Adam.ADAMK\My Documents\Programming\Switch Skate\Layouts\Backups\File Backups\public_html\forums\images\demiZeRelax\g.gif <-- Switch Skate /public_html/forums/images/demiZeRelax g.gif
2005.08.29 22:40 B C:\Documents and Settings\Adam.ADAMK\My Documents\Programming\Switch Skate\Layouts\Backups\File Backups\public_html\forums\images\demiZeRelax\home.gif <-- Switch Skate /public_html/forums/images/demiZeRelax home.gif
2005.08.29 22:40 B C:\Documents and Settings\Adam.ADAMK\My Documents\Programming\Switch Skate\Layouts\Backups\File Backups\public_html\forums\images\demiZeRelax\hot_folder.gif <-- Switch Skate /public_html/forums/images/demiZeRelax hot_folder.gif
2005.08.29 22:40 B C:\Documents and Settings\Adam.ADAMK\My Documents\Programming\Switch Skate\Layouts\Backups\File Backups\public_html\forums\images\demiZeRelax\hot_red_folder.gif <-- Switch Skate /public_html/forums/images/demiZeRelax hot_red_folder.gif
2005.08.29 22:40 B C:\Documents and Settings\Adam.ADAMK\My Documents\Programming\Switch Skate\Layouts\Backups\File Backups\public_html\forums\images\demiZeRelax\icq_add.gif <-- Switch Skate /public_html/forums/images/demiZeRelax icq_add.gif
2005.08.29 22:40 B C:\Documents and Settings\Adam.ADAMK\My Documents\Programming\Switch Skate\Layouts\Backups\File Backups\public_html\forums\images\demiZeRelax\inbox.gif <-- Switch Skate /public_html/forums/images/demiZeRelax inbox.gif
2005.08.29 22:40 B C:\Documents and Settings\Adam.ADAMK\My Documents\Programming\Switch Skate\Layouts\Backups\File Backups\public_html\forums\images\demiZeRelax\index.html <-- Switch Skate /public_html/forums/images/demiZeRelax index.html
2005.08.29 22:40 B C:\Documents and Settings\Adam.ADAMK\My Documents\Programming\Switch Skate\Layouts\Backups\File Backups\public_html\forums\images\demiZeRelax\ip.gif <-- Switch Skate /public_html/forums/images/demiZeRelax ip.gif
2005.08.29 22:40 B C:\Documents and Settings\Adam.ADAMK\My Documents\Programming\Switch Skate\Layouts\Backups\File Backups\public_html\forums\images\demiZeRelax\ipost.gif <-- Switch Skate /public_html/forums/images/demiZeRelax ipost.gif
2005.08.29 22:40 B C:\Documents and Settings\Adam.ADAMK\My Documents\Programming\Switch Skate\Layouts\Backups\File Backups\public_html\forums\images\demiZeRelax\lastpost.gif <-- Switch Skate /public_html/forums/images/demiZeRelax lastpost.gif
2005.08.29 22:40 B C:\Documents and Settings\Adam.ADAMK\My Documents\Programming\Switch Skate\Layouts\Backups\File Backups\public_html\forums\images\demiZeRelax\lock_folder.gif <-- Switch Skate /public_html/forums/images/demiZeRelax lock_folder.gif
2005.08.29 22:40 B C:\Documents and Settings\Adam.ADAMK\My Documents\Programming\Switch Skate\Layouts\Backups\File Backups\public_html\forums\images\demiZeRelax\locku2u.gif <-- Switch Skate /public_html/forums/images/demiZeRelax locku2u.gif
2005.08.29 22:40 B C:\Documents and Settings\Adam.ADAMK\My Documents\Programming\Switch Skate\Layouts\Backups\File Backups\public_html\forums\images\demiZeRelax\members_list.gif <-- Switch Skate /public_html/forums/images/demiZeRelax members_list.gif
2005.08.29 22:40 B C:\Documents and Settings\Adam.ADAMK\My Documents\Programming\Switch Skate\Layouts\Backups\File Backups\public_html\forums\images\demiZeRelax\msn.gif <-- Switch Skate /public_html/forums/images/demiZeRelax msn.gif
2005.08.29 22:40 B C:\Documents and Settings\Adam.ADAMK\My Documents\Programming\Switch Skate\Layouts\Backups\File Backups\public_html\forums\images\demiZeRelax\newbankrequest.gif <-- Switch Skate /public_html/forums/images/demiZeRelax newbankrequest.gif
2005.08.29 22:40 B C:\Documents and Settings\Adam.ADAMK\My Documents\Programming\Switch Skate\Layouts\Backups\File Backups\public_html\forums\images\demiZeRelax\newtopic.gif <-- Switch Skate /public_html/forums/images/demiZeRelax newtopic.gif
2005.08.29 22:40 B C:\Documents and Settings\Adam.ADAMK\My Documents\Programming\Switch Skate\Layouts\Backups\File Backups\public_html\forums\images\demiZeRelax\newu2u.gif <-- Switch Skate /public_html/forums/images/demiZeRelax newu2u.gif
2005.08.29 22:40 B C:\Documents and Settings\Adam.ADAMK\My Documents\Programming\Switch Skate\Layouts\Backups\File Backups\public_html\forums\images\demiZeRelax\online.gif <-- Switch Skate /public_html/forums/images/demiZeRelax online.gif
2005.08.29 22:40 B C:\Documents and Settings\Adam.ADAMK\My Documents\Programming\Switch Skate\Layouts\Backups\File Backups\public_html\forums\images\demiZeRelax\online_guest.gif <-- Switch Skate /public_html/forums/images/demiZeRelax online_guest.gif
2005.08.29 22:40 B C:\Documents and Settings\Adam.ADAMK\My Documents\Programming\Switch Skate\Layouts\Backups\File Backups\public_html\forums\images\demiZeRelax\outbox.gif <-- Switch Skate /public_html/forums/images/demiZeRelax outbox.gif
2005.08.29 22:40 B C:\Documents and Settings\Adam.ADAMK\My Documents\Programming\Switch Skate\Layouts\Backups\File Backups\public_html\forums\images\demiZeRelax\pin.gif <-- Switch Skate /public_html/forums/images/demiZeRelax pin.gif
2005.08.29 22:40 B C:\Documents and Settings\Adam.ADAMK\My Documents\Programming\Switch Skate\Layouts\Backups\File Backups\public_html\forums\images\demiZeRelax\pixel.gif <-- Switch Skate /public_html/forums/images/demiZeRelax pixel.gif
2005.08.29 22:40 B C:\Documents and Settings\Adam.ADAMK\My Documents\Programming\Switch Skate\Layouts\Backups\File Backups\public_html\forums\images\demiZeRelax\poll.gif <-- Switch Skate /public_html/forums/images/demiZeRelax poll.gif
2005.08.29 22:40 B C:\Documents and Settings\Adam.ADAMK\My Documents\Programming\Switch Skate\Layouts\Backups\File Backups\public_html\forums\images\demiZeRelax\pollbar-e.gif <-- Switch Skate /public_html/forums/images/demiZeRelax pollbar-e.gif
2005.08.29 22:40 B C:\Documents and Settings\Adam.ADAMK\My Documents\Programming\Switch Skate\Layouts\Backups\File Backups\public_html\forums\images\demiZeRelax\pollbar-s.gif <-- Switch Skate /public_html/forums/images/demiZeRelax pollbar-s.gif
2005.08.29 22:40 B C:\Documents and Settings\Adam.ADAMK\My Documents\Programming\Switch Skate\Layouts\Backups\File Backups\public_html\forums\images\demiZeRelax\pollbar.gif <-- Switch Skate /public_html/forums/images/demiZeRelax pollbar.gif
2005.08.29 22:40 B C:\Documents and Settings\Adam.ADAMK\My Documents\Programming\Switch Skate\Layouts\Backups\File Backups\public_html\forums\images\demiZeRelax\pollsmall.gif <-- Switch Skate /public_html/forums/images/demiZeRelax pollsmall.gif
2005.08.29 22:40 B C:\Documents and Settings\Adam.ADAMK\My Documents\Programming\Switch Skate\Layouts\Backups\File Backups\public_html\forums\images\demiZeRelax\profile.gif <-- Switch Skate /public_html/forums/images/demiZeRelax profile.gif
2005.08.29 22:40 B C:\Documents and Settings\Adam.ADAMK\My Documents\Programming\Switch Skate\Layouts\Backups\File Backups\public_html\forums\images\demiZeRelax\quote.gif <-- Switch Skate /public_html/forums/images/demiZeRelax quote.gif
2005.08.29 22:40 B C:\Documents and Settings\Adam.ADAMK\My Documents\Programming\Switch Skate\Layouts\Backups\File Backups\public_html\forums\images\demiZeRelax\red_folder.gif <-- Switch Skate /public_html/forums/images/demiZeRelax red_folder.gif
2005.08.29 22:40 B C:\Documents and Settings\Adam.ADAMK\My Documents\Programming\Switch Skate\Layouts\Backups\File Backups\public_html\forums\images\demiZeRelax\reply.gif <-- Switch Skate /public_html/forums/images/demiZeRelax reply.gif
2005.08.29 22:40 B C:\Documents and Settings\Adam.ADAMK\My Documents\Programming\Switch Skate\Layouts\Backups\File Backups\public_html\forums\images\demiZeRelax\report.gif <-- Switch Skate /public_html/forums/images/demiZeRelax report.gif
2005.08.29 22:40 B C:\Documents and Settings\Adam.ADAMK\My Documents\Programming\Switch Skate\Layouts\Backups\File Backups\public_html\forums\images\demiZeRelax\search.gif <-- Switch Skate /public_html/forums/images/demiZeRelax search.gif
2005.08.29 22:40 B C:\Documents and Settings\Adam.ADAMK\My Documents\Programming\Switch Skate\Layouts\Backups\File Backups\public_html\forums\images\demiZeRelax\site.gif <-- Switch Skate /public_html/forums/images/demiZeRelax site.gif
2005.08.29 22:40 B C:\Documents and Settings\Adam.ADAMK\My Documents\Programming\Switch Skate\Layouts\Backups\File Backups\public_html\forums\images\demiZeRelax\star.gif <-- Switch Skate /public_html/forums/images/demiZeRelax star.gif
2005.08.29 22:40 B C:\Documents and Settings\Adam.ADAMK\My Documents\Programming\Switch Skate\Layouts\Backups\File Backups\public_html\forums\images\demiZeRelax\stats.gif <-- Switch Skate /public_html/forums/images/demiZeRelax stats.gif
2005.08.29 22:40 B C:\Documents and Settings\Adam.ADAMK\My Documents\Programming\Switch Skate\Layouts\Backups\File Backups\public_html\forums\images\demiZeRelax\todays_posts.gif <-- Switch Skate /public_html/forums/images/demiZeRelax todays_posts.gif
2005.08.29 22:40 B C:\Documents and Settings\Adam.ADAMK\My Documents\Programming\Switch Skate\Layouts\Backups\File Backups\public_html\forums\images\demiZeRelax\u2u.gif <-- Switch Skate /public_html/forums/images/demiZeRelax u2u.gif
2005.08.29 22:40 B C:\Documents and Settings\Adam.ADAMK\My Documents\Programming\Switch Skate\Layouts\Backups\File Backups\public_html\forums\images\demiZeRelax\u2u_in.gif <-- Switch Skate /public_html/forums/images/demiZeRelax u2u_in.gif
2005.08.29 22:40 B C:\Documents and Settings\Adam.ADAMK\My Documents\Programming\Switch Skate\Layouts\Backups\File Backups\public_html\forums\images\demiZeRelax\u2u_none.gif <-- Switch Skate /public_html/forums/images/demiZeRelax u2u_none.gif
2005.08.29 22:40 B C:\Documents and Settings\Adam.ADAMK\My Documents\Programming\Switch Skate\Layouts\Backups\File Backups\public_html\forums\images\demiZeRelax\xmbheader.gif <-- Switch Skate /public_html/forums/images/demiZeRelax xmbheader.gif
2005.08.29 22:40 B C:\Documents and Settings\Adam.ADAMK\My Documents\Programming\Switch Skate\Layouts\Backups\File Backups\public_html\forums\images\demiZeRelax\yahoo.gif <-- Switch Skate /public_html/forums/images/demiZeRelax yahoo.gif
