2004.08.27 22:36 B E:\Documents and Settings\Adam Knox\Desktop\Skate World\1 Current Design\V15\content\sb_tips\index.html --> ftp.skate-world.net /public_html/content/sb_tips index.html
2004.08.27 22:55 B E:\Documents and Settings\Adam Knox\Desktop\Skate World\1 Current Design\V15\content\sb_tips\index.html --> ftp.skate-world.net /public_html/content/sb_tips index.html
2004.08.27 22:55 B E:\Documents and Settings\Adam Knox\Desktop\Skate World\1 Current Design\V15\content\sb_tips\Thumbs.db --> ftp.skate-world.net /public_html/content/sb_tips Thumbs.db
2004.08.27 22:55 B E:\Documents and Settings\Adam Knox\Desktop\Skate World\1 Current Design\V15\content\sb_tips\WS_FTP.LOG --> ftp.skate-world.net /public_html/content/sb_tips WS_FTP.LOG
2004.08.27 23:22 B E:\Documents and Settings\Adam Knox\Desktop\Skate World\1 Current Design\V15\content\sb_tips\index.html --> ftp.skate-world.net /public_html/content/sb_tips index.html
2004.08.27 23:22 B E:\Documents and Settings\Adam Knox\Desktop\Skate World\1 Current Design\V15\content\sb_tips\Thumbs.db --> ftp.skate-world.net /public_html/content/sb_tips Thumbs.db
2004.08.27 23:22 B E:\Documents and Settings\Adam Knox\Desktop\Skate World\1 Current Design\V15\content\sb_tips\WS_FTP.LOG --> ftp.skate-world.net /public_html/content/sb_tips WS_FTP.LOG
2004.08.28 09:42 B E:\Documents and Settings\Adam Knox\Desktop\Skate World\1 Current Design\V15\content\sb_tips\index.html --> ftp.skate-world.net /public_html/content/sb_tips index.html
2004.08.28 09:42 B E:\Documents and Settings\Adam Knox\Desktop\Skate World\1 Current Design\V15\content\sb_tips\Thumbs.db --> ftp.skate-world.net /public_html/content/sb_tips Thumbs.db
2004.09.20 16:30 B E:\Documents and Settings\Adam Knox\My Documents\Skate World\backup\content\sb_tips\WS_FTP.LOG <-- Skate world Temporary /public_html/content/sb_tips WS_FTP.LOG
2004.10.02 19:37 B G:\Documents and Settings\bilbo\My Documents\SwitchSkate\Current Design\V1\content\sb_tips\add.html --> host215.ipowerweb.com /public_html/content/sb_tips add.html
2004.10.02 19:37 B G:\Documents and Settings\bilbo\My Documents\SwitchSkate\Current Design\V1\content\sb_tips\index.html --> host215.ipowerweb.com /public_html/content/sb_tips index.html
2004.10.02 19:37 B G:\Documents and Settings\bilbo\My Documents\SwitchSkate\Current Design\V1\content\sb_tips\Thumbs.db --> host215.ipowerweb.com /public_html/content/sb_tips Thumbs.db
2004.10.02 19:38 B G:\Documents and Settings\bilbo\My Documents\SwitchSkate\Current Design\V1\content\sb_tips\WS_FTP.LOG --> host215.ipowerweb.com /public_html/content/sb_tips WS_FTP.LOG
2004.10.02 22:20 B G:\Documents and Settings\bilbo\My Documents\SwitchSkate\Current Design\V1\content\sb_tips\add.html --> host215.ipowerweb.com /public_html/content/sb_tips add.html
2004.10.02 22:20 B G:\Documents and Settings\bilbo\My Documents\SwitchSkate\Current Design\V1\content\sb_tips\index.html --> host215.ipowerweb.com /public_html/content/sb_tips index.html
2004.10.02 22:20 B G:\Documents and Settings\bilbo\My Documents\SwitchSkate\Current Design\V1\content\sb_tips\WS_FTP.LOG --> host215.ipowerweb.com /public_html/content/sb_tips WS_FTP.LOG
2004.10.02 22:26 B G:\Documents and Settings\bilbo\My Documents\SwitchSkate\Current Design\V1\content\sb_tips\index.html --> host215.ipowerweb.com /public_html/content/sb_tips index.html
2004.10.02 22:26 B G:\Documents and Settings\bilbo\My Documents\SwitchSkate\Current Design\V1\content\sb_tips\WS_FTP.LOG --> host215.ipowerweb.com /public_html/content/sb_tips WS_FTP.LOG
2004.10.02 22:27 B G:\Documents and Settings\bilbo\My Documents\SwitchSkate\Current Design\V1\content\sb_tips\index.html --> host215.ipowerweb.com /public_html/content/sb_tips index.html
2004.10.06 23:39 B G:\Documents and Settings\bilbo\My Documents\SwitchSkate\Current Design\V1\content\sb_tips\index.html --> host215.ipowerweb.com /public_html/content/sb_tips index.html
2004.10.06 23:39 B G:\Documents and Settings\bilbo\My Documents\SwitchSkate\Current Design\V1\content\sb_tips\WS_FTP.LOG --> host215.ipowerweb.com /public_html/content/sb_tips WS_FTP.LOG
2004.10.06 23:50 B G:\Documents and Settings\bilbo\My Documents\SwitchSkate\Current Design\V1\content\sb_tips\WS_FTP.LOG --> host215.ipowerweb.com /public_html/content/sb_tips WS_FTP.LOG
