2004.08.24 20:29 B E:\Documents and Settings\Adam Knox\Desktop\last skate world\photoshop\design2\content\sb_stories\add.html --> ftp.skate-world.net /public_html/content/sb_stories add.html
2004.08.24 20:29 B E:\Documents and Settings\Adam Knox\Desktop\last skate world\photoshop\design2\content\sb_stories\add_links.php --> ftp.skate-world.net /public_html/content/sb_stories add_links.php
2004.08.24 20:29 B E:\Documents and Settings\Adam Knox\Desktop\last skate world\photoshop\design2\content\sb_stories\delete.php --> ftp.skate-world.net /public_html/content/sb_stories delete.php
2004.08.24 20:29 B E:\Documents and Settings\Adam Knox\Desktop\last skate world\photoshop\design2\content\sb_stories\delete_links.php --> ftp.skate-world.net /public_html/content/sb_stories delete_links.php
2004.08.24 20:29 B E:\Documents and Settings\Adam Knox\Desktop\last skate world\photoshop\design2\content\sb_stories\index.php --> ftp.skate-world.net /public_html/content/sb_stories index.php
2004.08.26 13:09 B E:\Documents and Settings\Adam Knox\Desktop\last skate world\photoshop\design2\content\sb_stories\add_links.php --> ftp.skate-world.net /public_html/content/sb_stories add_links.php
2004.08.26 13:09 B E:\Documents and Settings\Adam Knox\Desktop\last skate world\photoshop\design2\content\sb_stories\delete.php --> ftp.skate-world.net /public_html/content/sb_stories delete.php
2004.08.26 13:09 B E:\Documents and Settings\Adam Knox\Desktop\last skate world\photoshop\design2\content\sb_stories\delete_links.php --> ftp.skate-world.net /public_html/content/sb_stories delete_links.php
2004.08.26 13:09 B E:\Documents and Settings\Adam Knox\Desktop\last skate world\photoshop\design2\content\sb_stories\index.php --> ftp.skate-world.net /public_html/content/sb_stories index.php
2004.08.26 13:09 B E:\Documents and Settings\Adam Knox\Desktop\last skate world\photoshop\design2\content\sb_stories\WS_FTP.LOG --> ftp.skate-world.net /public_html/content/sb_stories WS_FTP.LOG
2004.08.27 16:10 B E:\Documents and Settings\Adam Knox\Desktop\Skate World\1 Current Design\V15\content\sb_stories\delete.php --> ftp.skate-world.net /public_html/content/sb_stories delete.php
2004.08.27 22:03 B E:\Documents and Settings\Adam Knox\Desktop\Skate World\1 Current Design\V15\content\sb_stories\delete.php --> ftp.skate-world.net /public_html/content/sb_stories delete.php
2004.08.27 22:03 B E:\Documents and Settings\Adam Knox\Desktop\Skate World\1 Current Design\V15\content\sb_stories\WS_FTP.LOG --> ftp.skate-world.net /public_html/content/sb_stories WS_FTP.LOG
2004.08.27 22:36 B E:\Documents and Settings\Adam Knox\Desktop\Skate World\1 Current Design\V15\content\sb_stories\delete.php --> ftp.skate-world.net /public_html/content/sb_stories delete.php
2004.08.27 22:36 B E:\Documents and Settings\Adam Knox\Desktop\Skate World\1 Current Design\V15\content\sb_stories\WS_FTP.LOG --> ftp.skate-world.net /public_html/content/sb_stories WS_FTP.LOG
2004.08.27 22:55 B E:\Documents and Settings\Adam Knox\Desktop\Skate World\1 Current Design\V15\content\sb_stories\delete.php --> ftp.skate-world.net /public_html/content/sb_stories delete.php
2004.08.27 22:55 B E:\Documents and Settings\Adam Knox\Desktop\Skate World\1 Current Design\V15\content\sb_stories\WS_FTP.LOG --> ftp.skate-world.net /public_html/content/sb_stories WS_FTP.LOG
2004.08.27 23:06 B E:\Documents and Settings\Adam Knox\Desktop\Skate World\1 Current Design\V15\content\sb_stories\delete.php --> ftp.skate-world.net /public_html/content/sb_stories delete.php
2004.08.27 23:06 B E:\Documents and Settings\Adam Knox\Desktop\Skate World\1 Current Design\V15\content\sb_stories\index.php --> ftp.skate-world.net /public_html/content/sb_stories index.php
2004.08.27 23:06 B E:\Documents and Settings\Adam Knox\Desktop\Skate World\1 Current Design\V15\content\sb_stories\WS_FTP.LOG --> ftp.skate-world.net /public_html/content/sb_stories WS_FTP.LOG
2004.08.27 23:07 B E:\Documents and Settings\Adam Knox\Desktop\Skate World\1 Current Design\V15\content\sb_stories\index.php --> ftp.skate-world.net /public_html/content/sb_stories index.php
2004.08.27 23:22 B E:\Documents and Settings\Adam Knox\Desktop\Skate World\1 Current Design\V15\content\sb_stories\index.php --> ftp.skate-world.net /public_html/content/sb_stories index.php
2004.08.27 23:22 B E:\Documents and Settings\Adam Knox\Desktop\Skate World\1 Current Design\V15\content\sb_stories\WS_FTP.LOG --> ftp.skate-world.net /public_html/content/sb_stories WS_FTP.LOG
2004.08.28 09:42 B E:\Documents and Settings\Adam Knox\Desktop\Skate World\1 Current Design\V15\content\sb_stories\index.php --> ftp.skate-world.net /public_html/content/sb_stories index.php
2004.09.20 16:30 B E:\Documents and Settings\Adam Knox\My Documents\Skate World\backup\content\sb_stories\WS_FTP.LOG <-- Skate world Temporary /public_html/content/sb_stories WS_FTP.LOG
2004.10.02 19:37 B G:\Documents and Settings\bilbo\My Documents\SwitchSkate\Current Design\V1\content\sb_stories\add.html --> host215.ipowerweb.com /public_html/content/sb_stories add.html
2004.10.02 19:37 B G:\Documents and Settings\bilbo\My Documents\SwitchSkate\Current Design\V1\content\sb_stories\add_links.php --> host215.ipowerweb.com /public_html/content/sb_stories add_links.php
2004.10.02 19:37 B G:\Documents and Settings\bilbo\My Documents\SwitchSkate\Current Design\V1\content\sb_stories\delete.php --> host215.ipowerweb.com /public_html/content/sb_stories delete.php
2004.10.02 19:37 B G:\Documents and Settings\bilbo\My Documents\SwitchSkate\Current Design\V1\content\sb_stories\delete_links.php --> host215.ipowerweb.com /public_html/content/sb_stories delete_links.php
2004.10.02 19:37 B G:\Documents and Settings\bilbo\My Documents\SwitchSkate\Current Design\V1\content\sb_stories\error_log --> host215.ipowerweb.com /public_html/content/sb_stories error_log
2004.10.02 19:37 B G:\Documents and Settings\bilbo\My Documents\SwitchSkate\Current Design\V1\content\sb_stories\index.php --> host215.ipowerweb.com /public_html/content/sb_stories index.php
2004.10.02 19:37 B G:\Documents and Settings\bilbo\My Documents\SwitchSkate\Current Design\V1\content\sb_stories\WS_FTP.LOG --> host215.ipowerweb.com /public_html/content/sb_stories WS_FTP.LOG
2004.10.02 22:20 B G:\Documents and Settings\bilbo\My Documents\SwitchSkate\Current Design\V1\content\sb_stories\WS_FTP.LOG --> host215.ipowerweb.com /public_html/content/sb_stories WS_FTP.LOG
2004.10.06 23:38 B G:\Documents and Settings\bilbo\My Documents\SwitchSkate\Current Design\V1\content\sb_stories\WS_FTP.LOG --> host215.ipowerweb.com /public_html/content/sb_stories WS_FTP.LOG
2004.10.06 23:50 B G:\Documents and Settings\bilbo\My Documents\SwitchSkate\Current Design\V1\content\sb_stories\WS_FTP.LOG --> host215.ipowerweb.com /public_html/content/sb_stories WS_FTP.LOG
