2004.08.26 16:08 B E:\Documents and Settings\Adam Knox\Desktop\SKATE WORLD UNCLEAN\public_html\poll\admin\admin.php <-- Skate world /public_html/poll/admin admin.php
2004.08.26 16:09 B E:\Documents and Settings\Adam Knox\Desktop\SKATE WORLD UNCLEAN\public_html\poll\admin\db.inc.php <-- Skate world /public_html/poll/admin db.inc.php
2004.08.26 16:09 B E:\Documents and Settings\Adam Knox\Desktop\SKATE WORLD UNCLEAN\public_html\poll\admin\login.php <-- Skate world /public_html/poll/admin login.php
2004.08.26 16:09 B E:\Documents and Settings\Adam Knox\Desktop\SKATE WORLD UNCLEAN\public_html\poll\admin\pollconfig.php <-- Skate world /public_html/poll/admin pollconfig.php
2004.08.26 16:09 B E:\Documents and Settings\Adam Knox\Desktop\SKATE WORLD UNCLEAN\public_html\poll\admin\polldb.php <-- Skate world /public_html/poll/admin polldb.php
2004.08.26 16:09 B E:\Documents and Settings\Adam Knox\Desktop\SKATE WORLD UNCLEAN\public_html\poll\admin\pollfunctions.php <-- Skate world /public_html/poll/admin pollfunctions.php
2004.08.26 21:44 B E:\Documents and Settings\Adam Knox\Desktop\Skate world redone\poll\admin\admin.php --> ftp.skate-world.net /public_html/poll/admin admin.php
2004.08.26 21:44 B E:\Documents and Settings\Adam Knox\Desktop\Skate world redone\poll\admin\db.inc.php --> ftp.skate-world.net /public_html/poll/admin db.inc.php
2004.08.26 21:44 B E:\Documents and Settings\Adam Knox\Desktop\Skate world redone\poll\admin\login.php --> ftp.skate-world.net /public_html/poll/admin login.php
2004.08.26 21:44 B E:\Documents and Settings\Adam Knox\Desktop\Skate world redone\poll\admin\pollconfig.php --> ftp.skate-world.net /public_html/poll/admin pollconfig.php
2004.08.26 21:44 B E:\Documents and Settings\Adam Knox\Desktop\Skate world redone\poll\admin\polldb.php --> ftp.skate-world.net /public_html/poll/admin polldb.php
2004.08.26 21:44 B E:\Documents and Settings\Adam Knox\Desktop\Skate world redone\poll\admin\pollfunctions.php --> ftp.skate-world.net /public_html/poll/admin pollfunctions.php
2004.09.20 17:02 B E:\Documents and Settings\Adam Knox\My Documents\Skate World\backup\poll\admin\WS_FTP.LOG <-- Skate world Temporary /public_html/poll/admin WS_FTP.LOG
2004.10.02 21:06 B G:\Documents and Settings\bilbo\My Documents\SwitchSkate\Skate World\backup\FOLDERS\poll\admin\admin.php --> host215.ipowerweb.com /public_html/poll/admin admin.php
2004.10.02 21:06 B G:\Documents and Settings\bilbo\My Documents\SwitchSkate\Skate World\backup\FOLDERS\poll\admin\db.inc.php --> host215.ipowerweb.com /public_html/poll/admin db.inc.php
2004.10.02 21:06 B G:\Documents and Settings\bilbo\My Documents\SwitchSkate\Skate World\backup\FOLDERS\poll\admin\login.php --> host215.ipowerweb.com /public_html/poll/admin login.php
2004.10.02 21:06 B G:\Documents and Settings\bilbo\My Documents\SwitchSkate\Skate World\backup\FOLDERS\poll\admin\pollconfig.php --> host215.ipowerweb.com /public_html/poll/admin pollconfig.php
2004.10.02 21:06 B G:\Documents and Settings\bilbo\My Documents\SwitchSkate\Skate World\backup\FOLDERS\poll\admin\polldb.php --> host215.ipowerweb.com /public_html/poll/admin polldb.php
2004.10.02 21:06 B G:\Documents and Settings\bilbo\My Documents\SwitchSkate\Skate World\backup\FOLDERS\poll\admin\pollfunctions.php --> host215.ipowerweb.com /public_html/poll/admin pollfunctions.php
2004.10.26 18:30 B G:\Documents and Settings\bilbo\My Documents\SwitchSkate\Next Design\V3\SITE\cp\poll\admin\WS_FTP.LOG <-- Switch Skate /public_html/poll/admin WS_FTP.LOG
