2004.12.15 17:52 B G:\Documents and Settings\bilbo\My Documents\Switch Skate REOPENED\Forums\Themes\drowning\address.gif --> host215.ipowerweb.com /public_html/forums/images/drowning address.gif
2004.12.15 17:52 B G:\Documents and Settings\bilbo\My Documents\Switch Skate REOPENED\Forums\Themes\drowning\aim.gif --> host215.ipowerweb.com /public_html/forums/images/drowning aim.gif
2004.12.15 17:52 B G:\Documents and Settings\bilbo\My Documents\Switch Skate REOPENED\Forums\Themes\drowning\arrow_dw.gif --> host215.ipowerweb.com /public_html/forums/images/drowning arrow_dw.gif
2004.12.15 17:52 B G:\Documents and Settings\bilbo\My Documents\Switch Skate REOPENED\Forums\Themes\drowning\background.jpg --> host215.ipowerweb.com /public_html/forums/images/drowning background.jpg
2004.12.15 17:52 B G:\Documents and Settings\bilbo\My Documents\Switch Skate REOPENED\Forums\Themes\drowning\banner.jpg --> host215.ipowerweb.com /public_html/forums/images/drowning banner.jpg
2004.12.15 17:52 B G:\Documents and Settings\bilbo\My Documents\Switch Skate REOPENED\Forums\Themes\drowning\bar.gif --> host215.ipowerweb.com /public_html/forums/images/drowning bar.gif
2004.12.15 17:52 B G:\Documents and Settings\bilbo\My Documents\Switch Skate REOPENED\Forums\Themes\drowning\bb_bold.gif --> host215.ipowerweb.com /public_html/forums/images/drowning bb_bold.gif
2004.12.15 17:52 B G:\Documents and Settings\bilbo\My Documents\Switch Skate REOPENED\Forums\Themes\drowning\bb_center.gif --> host215.ipowerweb.com /public_html/forums/images/drowning bb_center.gif
2004.12.15 17:52 B G:\Documents and Settings\bilbo\My Documents\Switch Skate REOPENED\Forums\Themes\drowning\bb_code.gif --> host215.ipowerweb.com /public_html/forums/images/drowning bb_code.gif
2004.12.15 17:52 B G:\Documents and Settings\bilbo\My Documents\Switch Skate REOPENED\Forums\Themes\drowning\bb_image.gif --> host215.ipowerweb.com /public_html/forums/images/drowning bb_image.gif
2004.12.15 17:52 B G:\Documents and Settings\bilbo\My Documents\Switch Skate REOPENED\Forums\Themes\drowning\bb_italicize.gif --> host215.ipowerweb.com /public_html/forums/images/drowning bb_italicize.gif
2004.12.15 17:53 B G:\Documents and Settings\bilbo\My Documents\Switch Skate REOPENED\Forums\Themes\drowning\bb_list.gif --> host215.ipowerweb.com /public_html/forums/images/drowning bb_list.gif
2004.12.15 17:53 B G:\Documents and Settings\bilbo\My Documents\Switch Skate REOPENED\Forums\Themes\drowning\bb_underline.gif --> host215.ipowerweb.com /public_html/forums/images/drowning bb_underline.gif
2004.12.15 17:53 B G:\Documents and Settings\bilbo\My Documents\Switch Skate REOPENED\Forums\Themes\drowning\bb_url.gif --> host215.ipowerweb.com /public_html/forums/images/drowning bb_url.gif
2004.12.15 17:53 B G:\Documents and Settings\bilbo\My Documents\Switch Skate REOPENED\Forums\Themes\drowning\bbrules.gif --> host215.ipowerweb.com /public_html/forums/images/drowning bbrules.gif
2004.12.15 17:53 B G:\Documents and Settings\bilbo\My Documents\Switch Skate REOPENED\Forums\Themes\drowning\comment.gif --> host215.ipowerweb.com /public_html/forums/images/drowning comment.gif
2004.12.15 17:53 B G:\Documents and Settings\bilbo\My Documents\Switch Skate REOPENED\Forums\Themes\drowning\confirm.gif --> host215.ipowerweb.com /public_html/forums/images/drowning confirm.gif
2004.12.15 17:53 B G:\Documents and Settings\bilbo\My Documents\Switch Skate REOPENED\Forums\Themes\drowning\dot_folder.gif --> host215.ipowerweb.com /public_html/forums/images/drowning dot_folder.gif
2004.12.15 17:53 B G:\Documents and Settings\bilbo\My Documents\Switch Skate REOPENED\Forums\Themes\drowning\download.gif --> host215.ipowerweb.com /public_html/forums/images/drowning download.gif
2004.12.15 17:53 B G:\Documents and Settings\bilbo\My Documents\Switch Skate REOPENED\Forums\Themes\drowning\downloads.gif --> host215.ipowerweb.com /public_html/forums/images/drowning downloads.gif
2004.12.15 17:53 B G:\Documents and Settings\bilbo\My Documents\Switch Skate REOPENED\Forums\Themes\drowning\Drowning+Pool-theme.xmb --> host215.ipowerweb.com /public_html/forums/images/drowning Drowning+Pool-theme.xmb
2004.12.15 17:53 B G:\Documents and Settings\bilbo\My Documents\Switch Skate REOPENED\Forums\Themes\drowning\edit.gif --> host215.ipowerweb.com /public_html/forums/images/drowning edit.gif
2004.12.15 17:53 B G:\Documents and Settings\bilbo\My Documents\Switch Skate REOPENED\Forums\Themes\drowning\error.gif --> host215.ipowerweb.com /public_html/forums/images/drowning error.gif
2004.12.15 17:53 B G:\Documents and Settings\bilbo\My Documents\Switch Skate REOPENED\Forums\Themes\drowning\faq.gif --> host215.ipowerweb.com /public_html/forums/images/drowning faq.gif
2004.12.15 17:53 B G:\Documents and Settings\bilbo\My Documents\Switch Skate REOPENED\Forums\Themes\drowning\find.gif --> host215.ipowerweb.com /public_html/forums/images/drowning find.gif
2004.12.15 17:53 B G:\Documents and Settings\bilbo\My Documents\Switch Skate REOPENED\Forums\Themes\drowning\gender_female.gif --> host215.ipowerweb.com /public_html/forums/images/drowning gender_female.gif
2004.12.15 17:53 B G:\Documents and Settings\bilbo\My Documents\Switch Skate REOPENED\Forums\Themes\drowning\gender_male.gif --> host215.ipowerweb.com /public_html/forums/images/drowning gender_male.gif
2004.12.15 17:53 B G:\Documents and Settings\bilbo\My Documents\Switch Skate REOPENED\Forums\Themes\drowning\gender_none.gif --> host215.ipowerweb.com /public_html/forums/images/drowning gender_none.gif
2004.12.15 17:53 B G:\Documents and Settings\bilbo\My Documents\Switch Skate REOPENED\Forums\Themes\drowning\guestavatar.gif --> host215.ipowerweb.com /public_html/forums/images/drowning guestavatar.gif
2004.12.15 17:53 B G:\Documents and Settings\bilbo\My Documents\Switch Skate REOPENED\Forums\Themes\drowning\home.gif --> host215.ipowerweb.com /public_html/forums/images/drowning home.gif
2004.12.15 17:53 B G:\Documents and Settings\bilbo\My Documents\Switch Skate REOPENED\Forums\Themes\drowning\hot_folder.gif --> host215.ipowerweb.com /public_html/forums/images/drowning hot_folder.gif
2004.12.15 17:53 B G:\Documents and Settings\bilbo\My Documents\Switch Skate REOPENED\Forums\Themes\drowning\icq_add.gif --> host215.ipowerweb.com /public_html/forums/images/drowning icq_add.gif
2004.12.15 17:53 B G:\Documents and Settings\bilbo\My Documents\Switch Skate REOPENED\Forums\Themes\drowning\inbox.gif --> host215.ipowerweb.com /public_html/forums/images/drowning inbox.gif
2004.12.15 17:53 B G:\Documents and Settings\bilbo\My Documents\Switch Skate REOPENED\Forums\Themes\drowning\index.htm --> host215.ipowerweb.com /public_html/forums/images/drowning index.htm
2004.12.15 17:53 B G:\Documents and Settings\bilbo\My Documents\Switch Skate REOPENED\Forums\Themes\drowning\ipost.gif --> host215.ipowerweb.com /public_html/forums/images/drowning ipost.gif
2004.12.15 17:53 B G:\Documents and Settings\bilbo\My Documents\Switch Skate REOPENED\Forums\Themes\drowning\lastpost.gif --> host215.ipowerweb.com /public_html/forums/images/drowning lastpost.gif
2004.12.15 17:53 B G:\Documents and Settings\bilbo\My Documents\Switch Skate REOPENED\Forums\Themes\drowning\lock_folder.gif --> host215.ipowerweb.com /public_html/forums/images/drowning lock_folder.gif
2004.12.15 17:53 B G:\Documents and Settings\bilbo\My Documents\Switch Skate REOPENED\Forums\Themes\drowning\members_list.gif --> host215.ipowerweb.com /public_html/forums/images/drowning members_list.gif
2004.12.15 17:53 B G:\Documents and Settings\bilbo\My Documents\Switch Skate REOPENED\Forums\Themes\drowning\msn.gif --> host215.ipowerweb.com /public_html/forums/images/drowning msn.gif
2004.12.15 17:53 B G:\Documents and Settings\bilbo\My Documents\Switch Skate REOPENED\Forums\Themes\drowning\newtopic.gif --> host215.ipowerweb.com /public_html/forums/images/drowning newtopic.gif
2004.12.15 17:53 B G:\Documents and Settings\bilbo\My Documents\Switch Skate REOPENED\Forums\Themes\drowning\no_avatar.gif --> host215.ipowerweb.com /public_html/forums/images/drowning no_avatar.gif
2004.12.15 17:53 B G:\Documents and Settings\bilbo\My Documents\Switch Skate REOPENED\Forums\Themes\drowning\online.gif --> host215.ipowerweb.com /public_html/forums/images/drowning online.gif
2004.12.15 17:53 B G:\Documents and Settings\bilbo\My Documents\Switch Skate REOPENED\Forums\Themes\drowning\outbox.gif --> host215.ipowerweb.com /public_html/forums/images/drowning outbox.gif
2004.12.15 17:53 B G:\Documents and Settings\bilbo\My Documents\Switch Skate REOPENED\Forums\Themes\drowning\poll.gif --> host215.ipowerweb.com /public_html/forums/images/drowning poll.gif
2004.12.15 17:53 B G:\Documents and Settings\bilbo\My Documents\Switch Skate REOPENED\Forums\Themes\drowning\pollbar-e.gif --> host215.ipowerweb.com /public_html/forums/images/drowning pollbar-e.gif
2004.12.15 17:53 B G:\Documents and Settings\bilbo\My Documents\Switch Skate REOPENED\Forums\Themes\drowning\pollbar.gif --> host215.ipowerweb.com /public_html/forums/images/drowning pollbar.gif
2004.12.15 17:53 B G:\Documents and Settings\bilbo\My Documents\Switch Skate REOPENED\Forums\Themes\drowning\pollsmall.gif --> host215.ipowerweb.com /public_html/forums/images/drowning pollsmall.gif
2004.12.15 17:53 B G:\Documents and Settings\bilbo\My Documents\Switch Skate REOPENED\Forums\Themes\drowning\profile.gif --> host215.ipowerweb.com /public_html/forums/images/drowning profile.gif
2004.12.15 17:53 B G:\Documents and Settings\bilbo\My Documents\Switch Skate REOPENED\Forums\Themes\drowning\quote.gif --> host215.ipowerweb.com /public_html/forums/images/drowning quote.gif
2004.12.15 17:53 B G:\Documents and Settings\bilbo\My Documents\Switch Skate REOPENED\Forums\Themes\drowning\reply.gif --> host215.ipowerweb.com /public_html/forums/images/drowning reply.gif
2004.12.15 17:53 B G:\Documents and Settings\bilbo\My Documents\Switch Skate REOPENED\Forums\Themes\drowning\report.gif --> host215.ipowerweb.com /public_html/forums/images/drowning report.gif
2004.12.15 17:53 B G:\Documents and Settings\bilbo\My Documents\Switch Skate REOPENED\Forums\Themes\drowning\search.gif --> host215.ipowerweb.com /public_html/forums/images/drowning search.gif
2004.12.15 17:53 B G:\Documents and Settings\bilbo\My Documents\Switch Skate REOPENED\Forums\Themes\drowning\star.gif --> host215.ipowerweb.com /public_html/forums/images/drowning star.gif
2004.12.15 17:53 B G:\Documents and Settings\bilbo\My Documents\Switch Skate REOPENED\Forums\Themes\drowning\stats.gif --> host215.ipowerweb.com /public_html/forums/images/drowning stats.gif
2004.12.15 17:53 B G:\Documents and Settings\bilbo\My Documents\Switch Skate REOPENED\Forums\Themes\drowning\statsbar.gif --> host215.ipowerweb.com /public_html/forums/images/drowning statsbar.gif
2004.12.15 17:53 B G:\Documents and Settings\bilbo\My Documents\Switch Skate REOPENED\Forums\Themes\drowning\supadmin.gif --> host215.ipowerweb.com /public_html/forums/images/drowning supadmin.gif
2004.12.15 17:53 B G:\Documents and Settings\bilbo\My Documents\Switch Skate REOPENED\Forums\Themes\drowning\todays_posts.gif --> host215.ipowerweb.com /public_html/forums/images/drowning todays_posts.gif
2004.12.15 17:53 B G:\Documents and Settings\bilbo\My Documents\Switch Skate REOPENED\Forums\Themes\drowning\top.gif --> host215.ipowerweb.com /public_html/forums/images/drowning top.gif
2004.12.15 17:53 B G:\Documents and Settings\bilbo\My Documents\Switch Skate REOPENED\Forums\Themes\drowning\yahoo.gif --> host215.ipowerweb.com /public_html/forums/images/drowning yahoo.gif
