2005.08.29 22:46 B °ğB\alien384.gif <-- Switch Skate /public_html/forums/images/greenwave/smilies alien384.gif
2005.08.29 22:46 B °ğB\alien8.gif <-- Switch Skate /public_html/forums/images/greenwave/smilies alien8.gif
2005.08.29 22:46 B °ğB\baddevil.gif <-- Switch Skate /public_html/forums/images/greenwave/smilies baddevil.gif
2005.08.29 22:46 B °ğB\biggrin.gif <-- Switch Skate /public_html/forums/images/greenwave/smilies biggrin.gif
2005.08.29 22:46 B °ğB\bird.gif <-- Switch Skate /public_html/forums/images/greenwave/smilies bird.gif
2005.08.29 22:46 B °ğB\borg.gif <-- Switch Skate /public_html/forums/images/greenwave/smilies borg.gif
2005.08.29 22:46 B °ğB\cool.gif <-- Switch Skate /public_html/forums/images/greenwave/smilies cool.gif
2005.08.29 22:46 B °ğB\cool2.gif <-- Switch Skate /public_html/forums/images/greenwave/smilies cool2.gif
2005.08.29 22:46 B °ğB\duh.gif <-- Switch Skate /public_html/forums/images/greenwave/smilies duh.gif
2005.08.29 22:46 B °ğB\exclamation.gif <-- Switch Skate /public_html/forums/images/greenwave/smilies exclamation.gif
2005.08.29 22:46 B °ğB\frog.gif <-- Switch Skate /public_html/forums/images/greenwave/smilies frog.gif
2005.08.29 22:46 B °ğB\info.gif <-- Switch Skate /public_html/forums/images/greenwave/smilies info.gif
2005.08.29 22:46 B °ğB\karate.gif <-- Switch Skate /public_html/forums/images/greenwave/smilies karate.gif
2005.08.29 22:46 B °ğB\lol.gif <-- Switch Skate /public_html/forums/images/greenwave/smilies lol.gif
2005.08.29 22:46 B °ğB\mad.gif <-- Switch Skate /public_html/forums/images/greenwave/smilies mad.gif
2005.08.29 22:46 B °ğB\ninja.gif <-- Switch Skate /public_html/forums/images/greenwave/smilies ninja.gif
2005.08.29 22:46 B °ğB\oink.gif <-- Switch Skate /public_html/forums/images/greenwave/smilies oink.gif
2005.08.29 22:46 B °ğB\question.gif <-- Switch Skate /public_html/forums/images/greenwave/smilies question.gif
2005.08.29 22:46 B °ğB\rodent.gif <-- Switch Skate /public_html/forums/images/greenwave/smilies rodent.gif
2005.08.29 22:46 B °ğB\rolleyes.gif <-- Switch Skate /public_html/forums/images/greenwave/smilies rolleyes.gif
2005.08.29 22:46 B °ğB\sad.gif <-- Switch Skate /public_html/forums/images/greenwave/smilies sad.gif
2005.08.29 22:46 B °ğB\saint2.gif <-- Switch Skate /public_html/forums/images/greenwave/smilies saint2.gif
2005.08.29 22:46 B °ğB\shocked.gif <-- Switch Skate /public_html/forums/images/greenwave/smilies shocked.gif
2005.08.29 22:46 B °ğB\singing.gif <-- Switch Skate /public_html/forums/images/greenwave/smilies singing.gif
2005.08.29 22:46 B °ğB\smile.gif <-- Switch Skate /public_html/forums/images/greenwave/smilies smile.gif
2005.08.29 22:46 B °ğB\thumbdown.gif <-- Switch Skate /public_html/forums/images/greenwave/smilies thumbdown.gif
2005.08.29 22:46 B °ğB\thumbup.gif <-- Switch Skate /public_html/forums/images/greenwave/smilies thumbup.gif
2005.08.29 22:46 B °ğB\ticking.gif <-- Switch Skate /public_html/forums/images/greenwave/smilies ticking.gif
2005.08.29 22:46 B °ğB\tongue.gif <-- Switch Skate /public_html/forums/images/greenwave/smilies tongue.gif
2005.08.29 22:46 B °ğB\wink.gif <-- Switch Skate /public_html/forums/images/greenwave/smilies wink.gif
2005.08.29 22:46 B °ğB\wow.gif <-- Switch Skate /public_html/forums/images/greenwave/smilies wow.gif
2005.08.29 22:46 B °ğB\yawn.gif <-- Switch Skate /public_html/forums/images/greenwave/smilies yawn.gif
2005.08.29 22:46 B °ğB\yes.gif <-- Switch Skate /public_html/forums/images/greenwave/smilies yes.gif
