2005.08.29 22:43 B C:\Documents and Settings\Adam.ADAMK\My Documents\Programming\Switch Skate\Layouts\Backups\File Backups\public_html\forums\images\drowning\address.gif <-- Switch Skate /public_html/forums/images/drowning address.gif
2005.08.29 22:43 B C:\Documents and Settings\Adam.ADAMK\My Documents\Programming\Switch Skate\Layouts\Backups\File Backups\public_html\forums\images\drowning\aim.gif <-- Switch Skate /public_html/forums/images/drowning aim.gif
2005.08.29 22:43 B C:\Documents and Settings\Adam.ADAMK\My Documents\Programming\Switch Skate\Layouts\Backups\File Backups\public_html\forums\images\drowning\arrow_dw.gif <-- Switch Skate /public_html/forums/images/drowning arrow_dw.gif
2005.08.29 22:43 B C:\Documents and Settings\Adam.ADAMK\My Documents\Programming\Switch Skate\Layouts\Backups\File Backups\public_html\forums\images\drowning\b.gif <-- Switch Skate /public_html/forums/images/drowning b.gif
2005.08.29 22:43 B C:\Documents and Settings\Adam.ADAMK\My Documents\Programming\Switch Skate\Layouts\Backups\File Backups\public_html\forums\images\drowning\background.jpg <-- Switch Skate /public_html/forums/images/drowning background.jpg
2005.08.29 22:43 B C:\Documents and Settings\Adam.ADAMK\My Documents\Programming\Switch Skate\Layouts\Backups\File Backups\public_html\forums\images\drowning\banner.jpg <-- Switch Skate /public_html/forums/images/drowning banner.jpg
2005.08.29 22:43 B C:\Documents and Settings\Adam.ADAMK\My Documents\Programming\Switch Skate\Layouts\Backups\File Backups\public_html\forums\images\drowning\bar.gif <-- Switch Skate /public_html/forums/images/drowning bar.gif
2005.08.29 22:43 B C:\Documents and Settings\Adam.ADAMK\My Documents\Programming\Switch Skate\Layouts\Backups\File Backups\public_html\forums\images\drowning\bb_bold.gif <-- Switch Skate /public_html/forums/images/drowning bb_bold.gif
2005.08.29 22:43 B C:\Documents and Settings\Adam.ADAMK\My Documents\Programming\Switch Skate\Layouts\Backups\File Backups\public_html\forums\images\drowning\bb_center.gif <-- Switch Skate /public_html/forums/images/drowning bb_center.gif
2005.08.29 22:43 B C:\Documents and Settings\Adam.ADAMK\My Documents\Programming\Switch Skate\Layouts\Backups\File Backups\public_html\forums\images\drowning\bb_code.gif <-- Switch Skate /public_html/forums/images/drowning bb_code.gif
2005.08.29 22:43 B C:\Documents and Settings\Adam.ADAMK\My Documents\Programming\Switch Skate\Layouts\Backups\File Backups\public_html\forums\images\drowning\bb_hide.gif <-- Switch Skate /public_html/forums/images/drowning bb_hide.gif
2005.08.29 22:43 B C:\Documents and Settings\Adam.ADAMK\My Documents\Programming\Switch Skate\Layouts\Backups\File Backups\public_html\forums\images\drowning\bb_image.gif <-- Switch Skate /public_html/forums/images/drowning bb_image.gif
2005.08.29 22:43 B C:\Documents and Settings\Adam.ADAMK\My Documents\Programming\Switch Skate\Layouts\Backups\File Backups\public_html\forums\images\drowning\bb_italicize.gif <-- Switch Skate /public_html/forums/images/drowning bb_italicize.gif
2005.08.29 22:43 B C:\Documents and Settings\Adam.ADAMK\My Documents\Programming\Switch Skate\Layouts\Backups\File Backups\public_html\forums\images\drowning\bb_list.gif <-- Switch Skate /public_html/forums/images/drowning bb_list.gif
2005.08.29 22:43 B C:\Documents and Settings\Adam.ADAMK\My Documents\Programming\Switch Skate\Layouts\Backups\File Backups\public_html\forums\images\drowning\bb_underline.gif <-- Switch Skate /public_html/forums/images/drowning bb_underline.gif
2005.08.29 22:43 B C:\Documents and Settings\Adam.ADAMK\My Documents\Programming\Switch Skate\Layouts\Backups\File Backups\public_html\forums\images\drowning\bb_url.gif <-- Switch Skate /public_html/forums/images/drowning bb_url.gif
2005.08.29 22:43 B C:\Documents and Settings\Adam.ADAMK\My Documents\Programming\Switch Skate\Layouts\Backups\File Backups\public_html\forums\images\drowning\bbrules.gif <-- Switch Skate /public_html/forums/images/drowning bbrules.gif
2005.08.29 22:43 B C:\Documents and Settings\Adam.ADAMK\My Documents\Programming\Switch Skate\Layouts\Backups\File Backups\public_html\forums\images\drowning\comment.gif <-- Switch Skate /public_html/forums/images/drowning comment.gif
2005.08.29 22:43 B C:\Documents and Settings\Adam.ADAMK\My Documents\Programming\Switch Skate\Layouts\Backups\File Backups\public_html\forums\images\drowning\confirm.gif <-- Switch Skate /public_html/forums/images/drowning confirm.gif
2005.08.29 22:43 B C:\Documents and Settings\Adam.ADAMK\My Documents\Programming\Switch Skate\Layouts\Backups\File Backups\public_html\forums\images\drowning\dot_folder.gif <-- Switch Skate /public_html/forums/images/drowning dot_folder.gif
2005.08.29 22:43 B C:\Documents and Settings\Adam.ADAMK\My Documents\Programming\Switch Skate\Layouts\Backups\File Backups\public_html\forums\images\drowning\download.gif <-- Switch Skate /public_html/forums/images/drowning download.gif
2005.08.29 22:43 B C:\Documents and Settings\Adam.ADAMK\My Documents\Programming\Switch Skate\Layouts\Backups\File Backups\public_html\forums\images\drowning\downloads.gif <-- Switch Skate /public_html/forums/images/drowning downloads.gif
2005.08.29 22:43 B C:\Documents and Settings\Adam.ADAMK\My Documents\Programming\Switch Skate\Layouts\Backups\File Backups\public_html\forums\images\drowning\Drowning+Pool-theme.xmb <-- Switch Skate /public_html/forums/images/drowning Drowning+Pool-theme.xmb
2005.08.29 22:43 B C:\Documents and Settings\Adam.ADAMK\My Documents\Programming\Switch Skate\Layouts\Backups\File Backups\public_html\forums\images\drowning\edit.gif <-- Switch Skate /public_html/forums/images/drowning edit.gif
2005.08.29 22:43 B C:\Documents and Settings\Adam.ADAMK\My Documents\Programming\Switch Skate\Layouts\Backups\File Backups\public_html\forums\images\drowning\error.gif <-- Switch Skate /public_html/forums/images/drowning error.gif
2005.08.29 22:44 B C:\Documents and Settings\Adam.ADAMK\My Documents\Programming\Switch Skate\Layouts\Backups\File Backups\public_html\forums\images\drowning\faq.gif <-- Switch Skate /public_html/forums/images/drowning faq.gif
2005.08.29 22:44 B C:\Documents and Settings\Adam.ADAMK\My Documents\Programming\Switch Skate\Layouts\Backups\File Backups\public_html\forums\images\drowning\find.gif <-- Switch Skate /public_html/forums/images/drowning find.gif
2005.08.29 22:44 B C:\Documents and Settings\Adam.ADAMK\My Documents\Programming\Switch Skate\Layouts\Backups\File Backups\public_html\forums\images\drowning\forumhead2.gif <-- Switch Skate /public_html/forums/images/drowning forumhead2.gif
2005.08.29 22:44 B C:\Documents and Settings\Adam.ADAMK\My Documents\Programming\Switch Skate\Layouts\Backups\File Backups\public_html\forums\images\drowning\g.gif <-- Switch Skate /public_html/forums/images/drowning g.gif
2005.08.29 22:44 B C:\Documents and Settings\Adam.ADAMK\My Documents\Programming\Switch Skate\Layouts\Backups\File Backups\public_html\forums\images\drowning\gender_female.gif <-- Switch Skate /public_html/forums/images/drowning gender_female.gif
2005.08.29 22:44 B C:\Documents and Settings\Adam.ADAMK\My Documents\Programming\Switch Skate\Layouts\Backups\File Backups\public_html\forums\images\drowning\gender_male.gif <-- Switch Skate /public_html/forums/images/drowning gender_male.gif
2005.08.29 22:44 B C:\Documents and Settings\Adam.ADAMK\My Documents\Programming\Switch Skate\Layouts\Backups\File Backups\public_html\forums\images\drowning\gender_none.gif <-- Switch Skate /public_html/forums/images/drowning gender_none.gif
2005.08.29 22:44 B C:\Documents and Settings\Adam.ADAMK\My Documents\Programming\Switch Skate\Layouts\Backups\File Backups\public_html\forums\images\drowning\guestavatar.gif <-- Switch Skate /public_html/forums/images/drowning guestavatar.gif
2005.08.29 22:44 B C:\Documents and Settings\Adam.ADAMK\My Documents\Programming\Switch Skate\Layouts\Backups\File Backups\public_html\forums\images\drowning\home.gif <-- Switch Skate /public_html/forums/images/drowning home.gif
2005.08.29 22:44 B C:\Documents and Settings\Adam.ADAMK\My Documents\Programming\Switch Skate\Layouts\Backups\File Backups\public_html\forums\images\drowning\hot_folder.gif <-- Switch Skate /public_html/forums/images/drowning hot_folder.gif
2005.08.29 22:44 B C:\Documents and Settings\Adam.ADAMK\My Documents\Programming\Switch Skate\Layouts\Backups\File Backups\public_html\forums\images\drowning\icq_add.gif <-- Switch Skate /public_html/forums/images/drowning icq_add.gif
2005.08.29 22:44 B C:\Documents and Settings\Adam.ADAMK\My Documents\Programming\Switch Skate\Layouts\Backups\File Backups\public_html\forums\images\drowning\inbox.gif <-- Switch Skate /public_html/forums/images/drowning inbox.gif
2005.08.29 22:44 B C:\Documents and Settings\Adam.ADAMK\My Documents\Programming\Switch Skate\Layouts\Backups\File Backups\public_html\forums\images\drowning\index.htm <-- Switch Skate /public_html/forums/images/drowning index.htm
2005.08.29 22:44 B C:\Documents and Settings\Adam.ADAMK\My Documents\Programming\Switch Skate\Layouts\Backups\File Backups\public_html\forums\images\drowning\ipost.gif <-- Switch Skate /public_html/forums/images/drowning ipost.gif
2005.08.29 22:44 B C:\Documents and Settings\Adam.ADAMK\My Documents\Programming\Switch Skate\Layouts\Backups\File Backups\public_html\forums\images\drowning\lastpost.gif <-- Switch Skate /public_html/forums/images/drowning lastpost.gif
2005.08.29 22:44 B C:\Documents and Settings\Adam.ADAMK\My Documents\Programming\Switch Skate\Layouts\Backups\File Backups\public_html\forums\images\drowning\lock_folder.gif <-- Switch Skate /public_html/forums/images/drowning lock_folder.gif
2005.08.29 22:44 B C:\Documents and Settings\Adam.ADAMK\My Documents\Programming\Switch Skate\Layouts\Backups\File Backups\public_html\forums\images\drowning\members_list.gif <-- Switch Skate /public_html/forums/images/drowning members_list.gif
2005.08.29 22:44 B C:\Documents and Settings\Adam.ADAMK\My Documents\Programming\Switch Skate\Layouts\Backups\File Backups\public_html\forums\images\drowning\msn.gif <-- Switch Skate /public_html/forums/images/drowning msn.gif
2005.08.29 22:44 B C:\Documents and Settings\Adam.ADAMK\My Documents\Programming\Switch Skate\Layouts\Backups\File Backups\public_html\forums\images\drowning\newtopic.gif <-- Switch Skate /public_html/forums/images/drowning newtopic.gif
2005.08.29 22:44 B C:\Documents and Settings\Adam.ADAMK\My Documents\Programming\Switch Skate\Layouts\Backups\File Backups\public_html\forums\images\drowning\no_avatar.gif <-- Switch Skate /public_html/forums/images/drowning no_avatar.gif
2005.08.29 22:44 B C:\Documents and Settings\Adam.ADAMK\My Documents\Programming\Switch Skate\Layouts\Backups\File Backups\public_html\forums\images\drowning\online.gif <-- Switch Skate /public_html/forums/images/drowning online.gif
2005.08.29 22:44 B C:\Documents and Settings\Adam.ADAMK\My Documents\Programming\Switch Skate\Layouts\Backups\File Backups\public_html\forums\images\drowning\online_guest.gif <-- Switch Skate /public_html/forums/images/drowning online_guest.gif
2005.08.29 22:44 B C:\Documents and Settings\Adam.ADAMK\My Documents\Programming\Switch Skate\Layouts\Backups\File Backups\public_html\forums\images\drowning\outbox.gif <-- Switch Skate /public_html/forums/images/drowning outbox.gif
2005.08.29 22:44 B C:\Documents and Settings\Adam.ADAMK\My Documents\Programming\Switch Skate\Layouts\Backups\File Backups\public_html\forums\images\drowning\poll.gif <-- Switch Skate /public_html/forums/images/drowning poll.gif
2005.08.29 22:44 B C:\Documents and Settings\Adam.ADAMK\My Documents\Programming\Switch Skate\Layouts\Backups\File Backups\public_html\forums\images\drowning\pollbar-e.gif <-- Switch Skate /public_html/forums/images/drowning pollbar-e.gif
2005.08.29 22:44 B C:\Documents and Settings\Adam.ADAMK\My Documents\Programming\Switch Skate\Layouts\Backups\File Backups\public_html\forums\images\drowning\pollbar.gif <-- Switch Skate /public_html/forums/images/drowning pollbar.gif
2005.08.29 22:44 B C:\Documents and Settings\Adam.ADAMK\My Documents\Programming\Switch Skate\Layouts\Backups\File Backups\public_html\forums\images\drowning\pollsmall.gif <-- Switch Skate /public_html/forums/images/drowning pollsmall.gif
2005.08.29 22:44 B C:\Documents and Settings\Adam.ADAMK\My Documents\Programming\Switch Skate\Layouts\Backups\File Backups\public_html\forums\images\drowning\profile.gif <-- Switch Skate /public_html/forums/images/drowning profile.gif
2005.08.29 22:44 B C:\Documents and Settings\Adam.ADAMK\My Documents\Programming\Switch Skate\Layouts\Backups\File Backups\public_html\forums\images\drowning\quote.gif <-- Switch Skate /public_html/forums/images/drowning quote.gif
2005.08.29 22:44 B C:\Documents and Settings\Adam.ADAMK\My Documents\Programming\Switch Skate\Layouts\Backups\File Backups\public_html\forums\images\drowning\reply.gif <-- Switch Skate /public_html/forums/images/drowning reply.gif
2005.08.29 22:44 B C:\Documents and Settings\Adam.ADAMK\My Documents\Programming\Switch Skate\Layouts\Backups\File Backups\public_html\forums\images\drowning\report.gif <-- Switch Skate /public_html/forums/images/drowning report.gif
2005.08.29 22:44 B C:\Documents and Settings\Adam.ADAMK\My Documents\Programming\Switch Skate\Layouts\Backups\File Backups\public_html\forums\images\drowning\search.gif <-- Switch Skate /public_html/forums/images/drowning search.gif
2005.08.29 22:44 B C:\Documents and Settings\Adam.ADAMK\My Documents\Programming\Switch Skate\Layouts\Backups\File Backups\public_html\forums\images\drowning\star.gif <-- Switch Skate /public_html/forums/images/drowning star.gif
2005.08.29 22:44 B C:\Documents and Settings\Adam.ADAMK\My Documents\Programming\Switch Skate\Layouts\Backups\File Backups\public_html\forums\images\drowning\stats.gif <-- Switch Skate /public_html/forums/images/drowning stats.gif
2005.08.29 22:44 B C:\Documents and Settings\Adam.ADAMK\My Documents\Programming\Switch Skate\Layouts\Backups\File Backups\public_html\forums\images\drowning\statsbar.gif <-- Switch Skate /public_html/forums/images/drowning statsbar.gif
2005.08.29 22:44 B C:\Documents and Settings\Adam.ADAMK\My Documents\Programming\Switch Skate\Layouts\Backups\File Backups\public_html\forums\images\drowning\supadmin.gif <-- Switch Skate /public_html/forums/images/drowning supadmin.gif
2005.08.29 22:44 B C:\Documents and Settings\Adam.ADAMK\My Documents\Programming\Switch Skate\Layouts\Backups\File Backups\public_html\forums\images\drowning\todays_posts.gif <-- Switch Skate /public_html/forums/images/drowning todays_posts.gif
2005.08.29 22:44 B C:\Documents and Settings\Adam.ADAMK\My Documents\Programming\Switch Skate\Layouts\Backups\File Backups\public_html\forums\images\drowning\top.gif <-- Switch Skate /public_html/forums/images/drowning top.gif
2005.08.29 22:44 B C:\Documents and Settings\Adam.ADAMK\My Documents\Programming\Switch Skate\Layouts\Backups\File Backups\public_html\forums\images\drowning\u2u_in.gif <-- Switch Skate /public_html/forums/images/drowning u2u_in.gif
2005.08.29 22:44 B C:\Documents and Settings\Adam.ADAMK\My Documents\Programming\Switch Skate\Layouts\Backups\File Backups\public_html\forums\images\drowning\u2u_none.gif <-- Switch Skate /public_html/forums/images/drowning u2u_none.gif
2005.08.29 22:44 B C:\Documents and Settings\Adam.ADAMK\My Documents\Programming\Switch Skate\Layouts\Backups\File Backups\public_html\forums\images\drowning\yahoo.gif <-- Switch Skate /public_html/forums/images/drowning yahoo.gif
