2004.11.12 00:46 B G:\Documents and Settings\bilbo\My Documents\Switch Skate REOPENED\Forums\Original\Files\buddy.php --> host215.ipowerweb.com /public_html/forums buddy.php
2004.11.12 00:46 B G:\Documents and Settings\bilbo\My Documents\Switch Skate REOPENED\Forums\Original\Files\config.php --> host215.ipowerweb.com /public_html/forums config.php
2004.11.12 00:46 B G:\Documents and Settings\bilbo\My Documents\Switch Skate REOPENED\Forums\Original\Files\cp.php --> host215.ipowerweb.com /public_html/forums cp.php
2004.11.12 00:46 B G:\Documents and Settings\bilbo\My Documents\Switch Skate REOPENED\Forums\Original\Files\cp2.php --> host215.ipowerweb.com /public_html/forums cp2.php
2004.11.12 00:46 B G:\Documents and Settings\bilbo\My Documents\Switch Skate REOPENED\Forums\Original\Files\dump_attachments.php --> host215.ipowerweb.com /public_html/forums dump_attachments.php
2004.11.12 00:46 B G:\Documents and Settings\bilbo\My Documents\Switch Skate REOPENED\Forums\Original\Files\post.php --> host215.ipowerweb.com /public_html/forums post.php
2004.11.12 00:47 B G:\Documents and Settings\bilbo\My Documents\Switch Skate REOPENED\Forums\Original\Files\memcp.php --> host215.ipowerweb.com /public_html/forums memcp.php
2004.11.12 00:47 B G:\Documents and Settings\bilbo\My Documents\Switch Skate REOPENED\Forums\Original\Files\cp2.php --> host215.ipowerweb.com /public_html/forums cp2.php
2004.11.12 00:47 B G:\Documents and Settings\bilbo\My Documents\Switch Skate REOPENED\Forums\Original\Files\viewthread.php --> host215.ipowerweb.com /public_html/forums viewthread.php
2004.11.12 00:47 B G:\Documents and Settings\bilbo\My Documents\Switch Skate REOPENED\Forums\Original\Files\functions.php --> host215.ipowerweb.com /public_html/forums functions.php
2004.11.12 00:47 B G:\Documents and Settings\bilbo\My Documents\Switch Skate REOPENED\Forums\Original\Files\forumdisplay.php --> host215.ipowerweb.com /public_html/forums forumdisplay.php
2004.11.12 00:47 B G:\Documents and Settings\bilbo\My Documents\Switch Skate REOPENED\Forums\Original\Files\tools.php --> host215.ipowerweb.com /public_html/forums tools.php
2004.11.12 00:47 B G:\Documents and Settings\bilbo\My Documents\Switch Skate REOPENED\Forums\Original\Files\editprofile.php --> host215.ipowerweb.com /public_html/forums editprofile.php
2004.11.12 00:47 B G:\Documents and Settings\bilbo\My Documents\Switch Skate REOPENED\Forums\Original\Files\misc.php --> host215.ipowerweb.com /public_html/forums misc.php
2004.11.12 00:47 B G:\Documents and Settings\bilbo\My Documents\Switch Skate REOPENED\Forums\Original\Files\buddy.php --> host215.ipowerweb.com /public_html/forums buddy.php
2004.11.12 00:47 B G:\Documents and Settings\bilbo\My Documents\Switch Skate REOPENED\Forums\Original\Files\stats.php --> host215.ipowerweb.com /public_html/forums stats.php
2004.11.12 00:47 B G:\Documents and Settings\bilbo\My Documents\Switch Skate REOPENED\Forums\Original\Files\index.php --> host215.ipowerweb.com /public_html/forums index.php
2004.11.12 00:47 B G:\Documents and Settings\bilbo\My Documents\Switch Skate REOPENED\Forums\Original\Files\config.php --> host215.ipowerweb.com /public_html/forums config.php
2004.11.12 00:47 B G:\Documents and Settings\bilbo\My Documents\Switch Skate REOPENED\Forums\Original\Files\topicadmin.php --> host215.ipowerweb.com /public_html/forums topicadmin.php
2004.11.12 00:47 B G:\Documents and Settings\bilbo\My Documents\Switch Skate REOPENED\Forums\Original\Files\u2uadmin.php --> host215.ipowerweb.com /public_html/forums u2uadmin.php
2004.11.12 00:47 B G:\Documents and Settings\bilbo\My Documents\Switch Skate REOPENED\Forums\Original\Files\u2u.php --> host215.ipowerweb.com /public_html/forums u2u.php
2004.11.12 00:47 B G:\Documents and Settings\bilbo\My Documents\Switch Skate REOPENED\Forums\Original\Files\today.php --> host215.ipowerweb.com /public_html/forums today.php
2004.11.12 00:47 B G:\Documents and Settings\bilbo\My Documents\Switch Skate REOPENED\Forums\Original\Files\phpinfo.php --> host215.ipowerweb.com /public_html/forums phpinfo.php
2004.11.12 00:47 B G:\Documents and Settings\bilbo\My Documents\Switch Skate REOPENED\Forums\Original\Files\dump_attachments.php --> host215.ipowerweb.com /public_html/forums dump_attachments.php
2004.11.12 00:47 B G:\Documents and Settings\bilbo\My Documents\Switch Skate REOPENED\Forums\Original\Files\xmb.php --> host215.ipowerweb.com /public_html/forums xmb.php
2004.11.12 00:52 B G:\Documents and Settings\bilbo\My Documents\Switch Skate REOPENED\Forums\Original\Files\config.php --> host215.ipowerweb.com /public_html/forums config.php
2004.11.12 01:16 B G:\Documents and Settings\bilbo\My Documents\Switch Skate REOPENED\Forums\Original\Files\header.php --> host215.ipowerweb.com /public_html/forums header.php
2004.11.12 01:20 B G:\Documents and Settings\bilbo\My Documents\Switch Skate REOPENED\Forums\Original\Files\misc.php --> host215.ipowerweb.com /public_html/forums misc.php
2004.11.12 01:30 B G:\Documents and Settings\bilbo\My Documents\Switch Skate REOPENED\Forums\Original\Files\header.php --> host215.ipowerweb.com /public_html/forums header.php
2004.11.12 01:31 B G:\Documents and Settings\bilbo\My Documents\Switch Skate REOPENED\Forums\Original\Files\member.php --> host215.ipowerweb.com /public_html/forums member.php
2004.11.12 01:35 B G:\Documents and Settings\bilbo\My Documents\Switch Skate REOPENED\Forums\Original\Files\post.php --> host215.ipowerweb.com /public_html/forums post.php
2004.11.12 01:37 B G:\Documents and Settings\bilbo\My Documents\Switch Skate REOPENED\Forums\Original\Files\topicadmin.php --> host215.ipowerweb.com /public_html/forums topicadmin.php
2004.11.12 01:39 B G:\Documents and Settings\bilbo\My Documents\Switch Skate REOPENED\Forums\Original\Files\viewthread.php --> host215.ipowerweb.com /public_html/forums viewthread.php
2004.11.13 11:42 B G:\Documents and Settings\bilbo\My Documents\Switch Skate REOPENED\Forums\Original\Files\cp.php --> host215.ipowerweb.com /public_html/forums cp.php
2004.11.13 11:43 B G:\Documents and Settings\bilbo\My Documents\Switch Skate REOPENED\Forums\Original\Files\cp2.php --> host215.ipowerweb.com /public_html/forums cp2.php
2004.11.13 12:36 B G:\Documents and Settings\bilbo\My Documents\Switch Skate REOPENED\Forums\Original\Files\header.php --> host215.ipowerweb.com /public_html/forums header.php
2004.11.13 12:39 B G:\Documents and Settings\bilbo\My Documents\Switch Skate REOPENED\Forums\Original\Files\index.php --> host215.ipowerweb.com /public_html/forums index.php
2004.11.13 13:18 B G:\Documents and Settings\bilbo\My Documents\Switch Skate REOPENED\Forums\Original\Files\index.php --> host215.ipowerweb.com /public_html/forums index.php
2004.11.13 13:21 B G:\Documents and Settings\bilbo\My Documents\Switch Skate REOPENED\Forums\Original\Files\cp.php --> host215.ipowerweb.com /public_html/forums cp.php
2004.11.14 11:35 B G:\Documents and Settings\bilbo\My Documents\Switch Skate REOPENED\Forums\Original\shop_item.php <-- Switch Skate /public_html/forums shop_item.php
2004.11.14 11:37 B G:\Documents and Settings\bilbo\My Documents\Switch Skate REOPENED\Forums\Original\shop_item.php --> host215.ipowerweb.com /public_html/forums shop_item.php
2004.11.14 11:50 B G:\Documents and Settings\bilbo\My Documents\Switch Skate REOPENED\Forums\Original\shop_item.php --> host215.ipowerweb.com /public_html/forums shop_item.php
2004.11.14 12:16 B G:\Documents and Settings\bilbo\My Documents\Switch Skate REOPENED\Forums\Original\shop_item.php --> host215.ipowerweb.com /public_html/forums shop_item.php
2004.11.14 14:35 B G:\Documents and Settings\bilbo\My Documents\Switch Skate REOPENED\Forums\Original\shop_item.php --> host215.ipowerweb.com /public_html/forums shop_item.php
2004.11.14 14:36 B G:\Documents and Settings\bilbo\My Documents\Switch Skate REOPENED\Forums\Original\shop_item.php --> host215.ipowerweb.com /public_html/forums shop_item.php
2004.11.14 14:36 B G:\Documents and Settings\bilbo\My Documents\Switch Skate REOPENED\Forums\Original\shop_item.php --> host215.ipowerweb.com /public_html/forums shop_item.php
2004.11.15 02:44 B G:\Documents and Settings\bilbo\My Documents\Switch Skate REOPENED\Forums\Original\portal.php <-- Switch Skate /public_html/forums portal.php
2004.12.05 12:40 B G:\Documents and Settings\bilbo\My Documents\Switch Skate REOPENED\Forums\Original\header.php <-- Switch Skate /public_html/forums header.php
2004.12.05 12:41 B G:\Documents and Settings\bilbo\My Documents\Switch Skate REOPENED\Forums\Original\header.php --> host215.ipowerweb.com /public_html/forums header.php
2004.12.05 15:44 B G:\Documents and Settings\bilbo\My Documents\Switch Skate REOPENED\Forums\Original\header.php --> host215.ipowerweb.com /public_html/forums header.php
2004.12.05 15:44 B G:\Documents and Settings\bilbo\My Documents\Switch Skate REOPENED\Forums\Original\header.php --> host215.ipowerweb.com /public_html/forums header.php
2004.12.05 15:45 B G:\Documents and Settings\bilbo\My Documents\Switch Skate REOPENED\Forums\Original\header.php --> host215.ipowerweb.com /public_html/forums header.php
2004.12.05 15:46 B G:\Documents and Settings\bilbo\My Documents\Switch Skate REOPENED\Forums\Original\header.php --> host215.ipowerweb.com /public_html/forums header.php
2004.12.05 15:47 B G:\Documents and Settings\bilbo\My Documents\Switch Skate REOPENED\Forums\Original\header.php --> host215.ipowerweb.com /public_html/forums header.php
