2005.08.29 22:20 B C:\Documents and Settings\Adam.ADAMK\My Documents\Programming\Switch Skate\Layouts\Backups\File Backups\public_html\2006\images\smilies\alien384.gif <-- Switch Skate /public_html/2006/images/smilies alien384.gif
2005.08.29 22:20 B C:\Documents and Settings\Adam.ADAMK\My Documents\Programming\Switch Skate\Layouts\Backups\File Backups\public_html\2006\images\smilies\alien8.gif <-- Switch Skate /public_html/2006/images/smilies alien8.gif
2005.08.29 22:20 B C:\Documents and Settings\Adam.ADAMK\My Documents\Programming\Switch Skate\Layouts\Backups\File Backups\public_html\2006\images\smilies\baddevil.gif <-- Switch Skate /public_html/2006/images/smilies baddevil.gif
2005.08.29 22:20 B C:\Documents and Settings\Adam.ADAMK\My Documents\Programming\Switch Skate\Layouts\Backups\File Backups\public_html\2006\images\smilies\bald.gif <-- Switch Skate /public_html/2006/images/smilies bald.gif
2005.08.29 22:20 B C:\Documents and Settings\Adam.ADAMK\My Documents\Programming\Switch Skate\Layouts\Backups\File Backups\public_html\2006\images\smilies\barfy.gif <-- Switch Skate /public_html/2006/images/smilies barfy.gif
2005.08.29 22:20 B C:\Documents and Settings\Adam.ADAMK\My Documents\Programming\Switch Skate\Layouts\Backups\File Backups\public_html\2006\images\smilies\bbrules.gif <-- Switch Skate /public_html/2006/images/smilies bbrules.gif
2005.08.29 22:20 B C:\Documents and Settings\Adam.ADAMK\My Documents\Programming\Switch Skate\Layouts\Backups\File Backups\public_html\2006\images\smilies\biggrin.gif <-- Switch Skate /public_html/2006/images/smilies biggrin.gif
2005.08.29 22:20 B C:\Documents and Settings\Adam.ADAMK\My Documents\Programming\Switch Skate\Layouts\Backups\File Backups\public_html\2006\images\smilies\bigsmile.gif <-- Switch Skate /public_html/2006/images/smilies bigsmile.gif
2005.08.29 22:20 B C:\Documents and Settings\Adam.ADAMK\My Documents\Programming\Switch Skate\Layouts\Backups\File Backups\public_html\2006\images\smilies\bird.gif <-- Switch Skate /public_html/2006/images/smilies bird.gif
2005.08.29 22:20 B C:\Documents and Settings\Adam.ADAMK\My Documents\Programming\Switch Skate\Layouts\Backups\File Backups\public_html\2006\images\smilies\bisou.gif <-- Switch Skate /public_html/2006/images/smilies bisou.gif
2005.08.29 22:20 B C:\Documents and Settings\Adam.ADAMK\My Documents\Programming\Switch Skate\Layouts\Backups\File Backups\public_html\2006\images\smilies\borg.gif <-- Switch Skate /public_html/2006/images/smilies borg.gif
2005.08.29 22:20 B C:\Documents and Settings\Adam.ADAMK\My Documents\Programming\Switch Skate\Layouts\Backups\File Backups\public_html\2006\images\smilies\bouncing.gif <-- Switch Skate /public_html/2006/images/smilies bouncing.gif
2005.08.29 22:20 B C:\Documents and Settings\Adam.ADAMK\My Documents\Programming\Switch Skate\Layouts\Backups\File Backups\public_html\2006\images\smilies\bouncy.gif <-- Switch Skate /public_html/2006/images/smilies bouncy.gif
2005.08.29 22:20 B C:\Documents and Settings\Adam.ADAMK\My Documents\Programming\Switch Skate\Layouts\Backups\File Backups\public_html\2006\images\smilies\cool.gif <-- Switch Skate /public_html/2006/images/smilies cool.gif
2005.08.29 22:20 B C:\Documents and Settings\Adam.ADAMK\My Documents\Programming\Switch Skate\Layouts\Backups\File Backups\public_html\2006\images\smilies\cool2.gif <-- Switch Skate /public_html/2006/images/smilies cool2.gif
2005.08.29 22:20 B C:\Documents and Settings\Adam.ADAMK\My Documents\Programming\Switch Skate\Layouts\Backups\File Backups\public_html\2006\images\smilies\cool_rsvd.gif <-- Switch Skate /public_html/2006/images/smilies cool_rsvd.gif
2005.08.29 22:20 B C:\Documents and Settings\Adam.ADAMK\My Documents\Programming\Switch Skate\Layouts\Backups\File Backups\public_html\2006\images\smilies\cul.gif <-- Switch Skate /public_html/2006/images/smilies cul.gif
2005.08.29 22:20 B C:\Documents and Settings\Adam.ADAMK\My Documents\Programming\Switch Skate\Layouts\Backups\File Backups\public_html\2006\images\smilies\drool.gif <-- Switch Skate /public_html/2006/images/smilies drool.gif
2005.08.29 22:20 B C:\Documents and Settings\Adam.ADAMK\My Documents\Programming\Switch Skate\Layouts\Backups\File Backups\public_html\2006\images\smilies\duh.gif <-- Switch Skate /public_html/2006/images/smilies duh.gif
2005.08.29 22:20 B C:\Documents and Settings\Adam.ADAMK\My Documents\Programming\Switch Skate\Layouts\Backups\File Backups\public_html\2006\images\smilies\embaressed.gif <-- Switch Skate /public_html/2006/images/smilies embaressed.gif
2005.08.29 22:20 B C:\Documents and Settings\Adam.ADAMK\My Documents\Programming\Switch Skate\Layouts\Backups\File Backups\public_html\2006\images\smilies\equal.gif <-- Switch Skate /public_html/2006/images/smilies equal.gif
2005.08.29 22:20 B C:\Documents and Settings\Adam.ADAMK\My Documents\Programming\Switch Skate\Layouts\Backups\File Backups\public_html\2006\images\smilies\eureka.gif <-- Switch Skate /public_html/2006/images/smilies eureka.gif
2005.08.29 22:20 B C:\Documents and Settings\Adam.ADAMK\My Documents\Programming\Switch Skate\Layouts\Backups\File Backups\public_html\2006\images\smilies\exclamation.gif <-- Switch Skate /public_html/2006/images/smilies exclamation.gif
2005.08.29 22:20 B C:\Documents and Settings\Adam.ADAMK\My Documents\Programming\Switch Skate\Layouts\Backups\File Backups\public_html\2006\images\smilies\flaming.gif <-- Switch Skate /public_html/2006/images/smilies flaming.gif
2005.08.29 22:20 B C:\Documents and Settings\Adam.ADAMK\My Documents\Programming\Switch Skate\Layouts\Backups\File Backups\public_html\2006\images\smilies\freak.gif <-- Switch Skate /public_html/2006/images/smilies freak.gif
2005.08.29 22:20 B C:\Documents and Settings\Adam.ADAMK\My Documents\Programming\Switch Skate\Layouts\Backups\File Backups\public_html\2006\images\smilies\frog.gif <-- Switch Skate /public_html/2006/images/smilies frog.gif
2005.08.29 22:20 B C:\Documents and Settings\Adam.ADAMK\My Documents\Programming\Switch Skate\Layouts\Backups\File Backups\public_html\2006\images\smilies\grin.gif <-- Switch Skate /public_html/2006/images/smilies grin.gif
2005.08.29 22:20 B C:\Documents and Settings\Adam.ADAMK\My Documents\Programming\Switch Skate\Layouts\Backups\File Backups\public_html\2006\images\smilies\index.html <-- Switch Skate /public_html/2006/images/smilies index.html
2005.08.29 22:20 B C:\Documents and Settings\Adam.ADAMK\My Documents\Programming\Switch Skate\Layouts\Backups\File Backups\public_html\2006\images\smilies\info.gif <-- Switch Skate /public_html/2006/images/smilies info.gif
2005.08.29 22:20 B C:\Documents and Settings\Adam.ADAMK\My Documents\Programming\Switch Skate\Layouts\Backups\File Backups\public_html\2006\images\smilies\karate.gif <-- Switch Skate /public_html/2006/images/smilies karate.gif
2005.08.29 22:20 B C:\Documents and Settings\Adam.ADAMK\My Documents\Programming\Switch Skate\Layouts\Backups\File Backups\public_html\2006\images\smilies\kiss.gif <-- Switch Skate /public_html/2006/images/smilies kiss.gif
2005.08.29 22:21 B C:\Documents and Settings\Adam.ADAMK\My Documents\Programming\Switch Skate\Layouts\Backups\File Backups\public_html\2006\images\smilies\left_arrow.gif <-- Switch Skate /public_html/2006/images/smilies left_arrow.gif
2005.08.29 22:21 B C:\Documents and Settings\Adam.ADAMK\My Documents\Programming\Switch Skate\Layouts\Backups\File Backups\public_html\2006\images\smilies\lol.gif <-- Switch Skate /public_html/2006/images/smilies lol.gif
2005.08.29 22:21 B C:\Documents and Settings\Adam.ADAMK\My Documents\Programming\Switch Skate\Layouts\Backups\File Backups\public_html\2006\images\smilies\love.gif <-- Switch Skate /public_html/2006/images/smilies love.gif
2005.08.29 22:21 B C:\Documents and Settings\Adam.ADAMK\My Documents\Programming\Switch Skate\Layouts\Backups\File Backups\public_html\2006\images\smilies\love_at_first.gif <-- Switch Skate /public_html/2006/images/smilies love_at_first.gif
2005.08.29 22:21 B C:\Documents and Settings\Adam.ADAMK\My Documents\Programming\Switch Skate\Layouts\Backups\File Backups\public_html\2006\images\smilies\mad.gif <-- Switch Skate /public_html/2006/images/smilies mad.gif
2005.08.29 22:21 B C:\Documents and Settings\Adam.ADAMK\My Documents\Programming\Switch Skate\Layouts\Backups\File Backups\public_html\2006\images\smilies\money.gif <-- Switch Skate /public_html/2006/images/smilies money.gif
2005.08.29 22:21 B C:\Documents and Settings\Adam.ADAMK\My Documents\Programming\Switch Skate\Layouts\Backups\File Backups\public_html\2006\images\smilies\ninja.gif <-- Switch Skate /public_html/2006/images/smilies ninja.gif
2005.08.29 22:21 B C:\Documents and Settings\Adam.ADAMK\My Documents\Programming\Switch Skate\Layouts\Backups\File Backups\public_html\2006\images\smilies\no.gif <-- Switch Skate /public_html/2006/images/smilies no.gif
2005.08.29 22:21 B C:\Documents and Settings\Adam.ADAMK\My Documents\Programming\Switch Skate\Layouts\Backups\File Backups\public_html\2006\images\smilies\oink.gif <-- Switch Skate /public_html/2006/images/smilies oink.gif
2005.08.29 22:21 B C:\Documents and Settings\Adam.ADAMK\My Documents\Programming\Switch Skate\Layouts\Backups\File Backups\public_html\2006\images\smilies\online.gif <-- Switch Skate /public_html/2006/images/smilies online.gif
2005.08.29 22:21 B C:\Documents and Settings\Adam.ADAMK\My Documents\Programming\Switch Skate\Layouts\Backups\File Backups\public_html\2006\images\smilies\puzzled.gif <-- Switch Skate /public_html/2006/images/smilies puzzled.gif
2005.08.29 22:21 B C:\Documents and Settings\Adam.ADAMK\My Documents\Programming\Switch Skate\Layouts\Backups\File Backups\public_html\2006\images\smilies\question.gif <-- Switch Skate /public_html/2006/images/smilies question.gif
2005.08.29 22:21 B C:\Documents and Settings\Adam.ADAMK\My Documents\Programming\Switch Skate\Layouts\Backups\File Backups\public_html\2006\images\smilies\regan.gif <-- Switch Skate /public_html/2006/images/smilies regan.gif
2005.08.29 22:21 B C:\Documents and Settings\Adam.ADAMK\My Documents\Programming\Switch Skate\Layouts\Backups\File Backups\public_html\2006\images\smilies\right_arrow.gif <-- Switch Skate /public_html/2006/images/smilies right_arrow.gif
2005.08.29 22:21 B C:\Documents and Settings\Adam.ADAMK\My Documents\Programming\Switch Skate\Layouts\Backups\File Backups\public_html\2006\images\smilies\rodent.gif <-- Switch Skate /public_html/2006/images/smilies rodent.gif
2005.08.29 22:21 B C:\Documents and Settings\Adam.ADAMK\My Documents\Programming\Switch Skate\Layouts\Backups\File Backups\public_html\2006\images\smilies\roll.gif <-- Switch Skate /public_html/2006/images/smilies roll.gif
2005.08.29 22:21 B C:\Documents and Settings\Adam.ADAMK\My Documents\Programming\Switch Skate\Layouts\Backups\File Backups\public_html\2006\images\smilies\rolleyes.gif <-- Switch Skate /public_html/2006/images/smilies rolleyes.gif
2005.08.29 22:21 B C:\Documents and Settings\Adam.ADAMK\My Documents\Programming\Switch Skate\Layouts\Backups\File Backups\public_html\2006\images\smilies\sad.gif <-- Switch Skate /public_html/2006/images/smilies sad.gif
2005.08.29 22:21 B C:\Documents and Settings\Adam.ADAMK\My Documents\Programming\Switch Skate\Layouts\Backups\File Backups\public_html\2006\images\smilies\saint.gif <-- Switch Skate /public_html/2006/images/smilies saint.gif
2005.08.29 22:21 B C:\Documents and Settings\Adam.ADAMK\My Documents\Programming\Switch Skate\Layouts\Backups\File Backups\public_html\2006\images\smilies\saint2.gif <-- Switch Skate /public_html/2006/images/smilies saint2.gif
2005.08.29 22:21 B C:\Documents and Settings\Adam.ADAMK\My Documents\Programming\Switch Skate\Layouts\Backups\File Backups\public_html\2006\images\smilies\shocked.gif <-- Switch Skate /public_html/2006/images/smilies shocked.gif
2005.08.29 22:21 B C:\Documents and Settings\Adam.ADAMK\My Documents\Programming\Switch Skate\Layouts\Backups\File Backups\public_html\2006\images\smilies\shocked2.gif <-- Switch Skate /public_html/2006/images/smilies shocked2.gif
2005.08.29 22:21 B C:\Documents and Settings\Adam.ADAMK\My Documents\Programming\Switch Skate\Layouts\Backups\File Backups\public_html\2006\images\smilies\singing.gif <-- Switch Skate /public_html/2006/images/smilies singing.gif
2005.08.29 22:21 B C:\Documents and Settings\Adam.ADAMK\My Documents\Programming\Switch Skate\Layouts\Backups\File Backups\public_html\2006\images\smilies\smile.gif <-- Switch Skate /public_html/2006/images/smilies smile.gif
2005.08.29 22:21 B C:\Documents and Settings\Adam.ADAMK\My Documents\Programming\Switch Skate\Layouts\Backups\File Backups\public_html\2006\images\smilies\smilegrin.gif <-- Switch Skate /public_html/2006/images/smilies smilegrin.gif
2005.08.29 22:21 B C:\Documents and Settings\Adam.ADAMK\My Documents\Programming\Switch Skate\Layouts\Backups\File Backups\public_html\2006\images\smilies\smug.gif <-- Switch Skate /public_html/2006/images/smilies smug.gif
2005.08.29 22:21 B C:\Documents and Settings\Adam.ADAMK\My Documents\Programming\Switch Skate\Layouts\Backups\File Backups\public_html\2006\images\smilies\smug_b.gif <-- Switch Skate /public_html/2006/images/smilies smug_b.gif
2005.08.29 22:21 B C:\Documents and Settings\Adam.ADAMK\My Documents\Programming\Switch Skate\Layouts\Backups\File Backups\public_html\2006\images\smilies\sniff.gif <-- Switch Skate /public_html/2006/images/smilies sniff.gif
2005.08.29 22:21 B C:\Documents and Settings\Adam.ADAMK\My Documents\Programming\Switch Skate\Layouts\Backups\File Backups\public_html\2006\images\smilies\snob.gif <-- Switch Skate /public_html/2006/images/smilies snob.gif
2005.08.29 22:21 B C:\Documents and Settings\Adam.ADAMK\My Documents\Programming\Switch Skate\Layouts\Backups\File Backups\public_html\2006\images\smilies\spin.gif <-- Switch Skate /public_html/2006/images/smilies spin.gif
2005.08.29 22:21 B C:\Documents and Settings\Adam.ADAMK\My Documents\Programming\Switch Skate\Layouts\Backups\File Backups\public_html\2006\images\smilies\thumbdown.gif <-- Switch Skate /public_html/2006/images/smilies thumbdown.gif
2005.08.29 22:21 B C:\Documents and Settings\Adam.ADAMK\My Documents\Programming\Switch Skate\Layouts\Backups\File Backups\public_html\2006\images\smilies\thumbup.gif <-- Switch Skate /public_html/2006/images/smilies thumbup.gif
2005.08.29 22:21 B C:\Documents and Settings\Adam.ADAMK\My Documents\Programming\Switch Skate\Layouts\Backups\File Backups\public_html\2006\images\smilies\ticking.gif <-- Switch Skate /public_html/2006/images/smilies ticking.gif
2005.08.29 22:21 B C:\Documents and Settings\Adam.ADAMK\My Documents\Programming\Switch Skate\Layouts\Backups\File Backups\public_html\2006\images\smilies\tongue.gif <-- Switch Skate /public_html/2006/images/smilies tongue.gif
2005.08.29 22:21 B C:\Documents and Settings\Adam.ADAMK\My Documents\Programming\Switch Skate\Layouts\Backups\File Backups\public_html\2006\images\smilies\tumble.gif <-- Switch Skate /public_html/2006/images/smilies tumble.gif
2005.08.29 22:21 B C:\Documents and Settings\Adam.ADAMK\My Documents\Programming\Switch Skate\Layouts\Backups\File Backups\public_html\2006\images\smilies\umm.gif <-- Switch Skate /public_html/2006/images/smilies umm.gif
2005.08.29 22:21 B C:\Documents and Settings\Adam.ADAMK\My Documents\Programming\Switch Skate\Layouts\Backups\File Backups\public_html\2006\images\smilies\wink.gif <-- Switch Skate /public_html/2006/images/smilies wink.gif
2005.08.29 22:21 B C:\Documents and Settings\Adam.ADAMK\My Documents\Programming\Switch Skate\Layouts\Backups\File Backups\public_html\2006\images\smilies\wink1.gif <-- Switch Skate /public_html/2006/images/smilies wink1.gif
2005.08.29 22:21 B C:\Documents and Settings\Adam.ADAMK\My Documents\Programming\Switch Skate\Layouts\Backups\File Backups\public_html\2006\images\smilies\wink2.gif <-- Switch Skate /public_html/2006/images/smilies wink2.gif
2005.08.29 22:21 B C:\Documents and Settings\Adam.ADAMK\My Documents\Programming\Switch Skate\Layouts\Backups\File Backups\public_html\2006\images\smilies\wow.gif <-- Switch Skate /public_html/2006/images/smilies wow.gif
2005.08.29 22:21 B C:\Documents and Settings\Adam.ADAMK\My Documents\Programming\Switch Skate\Layouts\Backups\File Backups\public_html\2006\images\smilies\xmb.gif <-- Switch Skate /public_html/2006/images/smilies xmb.gif
2005.08.29 22:21 B C:\Documents and Settings\Adam.ADAMK\My Documents\Programming\Switch Skate\Layouts\Backups\File Backups\public_html\2006\images\smilies\xmb_blue_rsvd.gif <-- Switch Skate /public_html/2006/images/smilies xmb_blue_rsvd.gif
2005.08.29 22:21 B C:\Documents and Settings\Adam.ADAMK\My Documents\Programming\Switch Skate\Layouts\Backups\File Backups\public_html\2006\images\smilies\xmb_green_rsvd.gif <-- Switch Skate /public_html/2006/images/smilies xmb_green_rsvd.gif
2005.08.29 22:21 B C:\Documents and Settings\Adam.ADAMK\My Documents\Programming\Switch Skate\Layouts\Backups\File Backups\public_html\2006\images\smilies\xmb_orange_rsvd.gif <-- Switch Skate /public_html/2006/images/smilies xmb_orange_rsvd.gif
2005.08.29 22:21 B C:\Documents and Settings\Adam.ADAMK\My Documents\Programming\Switch Skate\Layouts\Backups\File Backups\public_html\2006\images\smilies\xmb_purple_rsvd.gif <-- Switch Skate /public_html/2006/images/smilies xmb_purple_rsvd.gif
2005.08.29 22:21 B C:\Documents and Settings\Adam.ADAMK\My Documents\Programming\Switch Skate\Layouts\Backups\File Backups\public_html\2006\images\smilies\xmb_red_rsvd.gif <-- Switch Skate /public_html/2006/images/smilies xmb_red_rsvd.gif
2005.08.29 22:21 B C:\Documents and Settings\Adam.ADAMK\My Documents\Programming\Switch Skate\Layouts\Backups\File Backups\public_html\2006\images\smilies\xmb_rsvd.gif <-- Switch Skate /public_html/2006/images/smilies xmb_rsvd.gif
2005.08.29 22:21 B C:\Documents and Settings\Adam.ADAMK\My Documents\Programming\Switch Skate\Layouts\Backups\File Backups\public_html\2006\images\smilies\xmb_yellow_rsvd.gif <-- Switch Skate /public_html/2006/images/smilies xmb_yellow_rsvd.gif
2005.08.29 22:21 B C:\Documents and Settings\Adam.ADAMK\My Documents\Programming\Switch Skate\Layouts\Backups\File Backups\public_html\2006\images\smilies\yawn.gif <-- Switch Skate /public_html/2006/images/smilies yawn.gif
2005.08.29 22:22 B C:\Documents and Settings\Adam.ADAMK\My Documents\Programming\Switch Skate\Layouts\Backups\File Backups\public_html\2006\images\smilies\yes.gif <-- Switch Skate /public_html/2006/images/smilies yes.gif
