2005.08.29 22:53 B °ğB\address.gif <-- Switch Skate /public_html/forums/images/In_Limbo_by_torb/inLimbo address.gif
2005.08.29 22:53 B °ğB\aim.gif <-- Switch Skate /public_html/forums/images/In_Limbo_by_torb/inLimbo aim.gif
2005.08.29 22:53 B °ğB\arrow_dw.gif <-- Switch Skate /public_html/forums/images/In_Limbo_by_torb/inLimbo arrow_dw.gif
2005.08.29 22:53 B °ğB\arrow_up.gif <-- Switch Skate /public_html/forums/images/In_Limbo_by_torb/inLimbo arrow_up.gif
2005.08.29 22:53 B °ğB\b.gif <-- Switch Skate /public_html/forums/images/In_Limbo_by_torb/inLimbo b.gif
2005.08.29 22:53 B °ğB\bb_bold.gif <-- Switch Skate /public_html/forums/images/In_Limbo_by_torb/inLimbo bb_bold.gif
2005.08.29 22:53 B °ğB\bb_center.gif <-- Switch Skate /public_html/forums/images/In_Limbo_by_torb/inLimbo bb_center.gif
2005.08.29 22:53 B °ğB\bb_code.gif <-- Switch Skate /public_html/forums/images/In_Limbo_by_torb/inLimbo bb_code.gif
2005.08.29 22:53 B °ğB\bb_email.gif <-- Switch Skate /public_html/forums/images/In_Limbo_by_torb/inLimbo bb_email.gif
2005.08.29 22:53 B °ğB\bb_hide.gif <-- Switch Skate /public_html/forums/images/In_Limbo_by_torb/inLimbo bb_hide.gif
2005.08.29 22:53 B °ğB\bb_image.gif <-- Switch Skate /public_html/forums/images/In_Limbo_by_torb/inLimbo bb_image.gif
2005.08.29 22:53 B °ğB\bb_italicize.gif <-- Switch Skate /public_html/forums/images/In_Limbo_by_torb/inLimbo bb_italicize.gif
2005.08.29 22:53 B °ğB\bb_list.gif <-- Switch Skate /public_html/forums/images/In_Limbo_by_torb/inLimbo bb_list.gif
2005.08.29 22:54 B °ğB\bb_quote.gif <-- Switch Skate /public_html/forums/images/In_Limbo_by_torb/inLimbo bb_quote.gif
2005.08.29 22:54 B °ğB\bb_underline.gif <-- Switch Skate /public_html/forums/images/In_Limbo_by_torb/inLimbo bb_underline.gif
2005.08.29 22:54 B °ğB\bb_url.gif <-- Switch Skate /public_html/forums/images/In_Limbo_by_torb/inLimbo bb_url.gif
2005.08.29 22:54 B °ğB\bbrules.gif <-- Switch Skate /public_html/forums/images/In_Limbo_by_torb/inLimbo bbrules.gif
2005.08.29 22:54 B °ğB\cat.gif <-- Switch Skate /public_html/forums/images/In_Limbo_by_torb/inLimbo cat.gif
2005.08.29 22:54 B °ğB\contact.gif <-- Switch Skate /public_html/forums/images/In_Limbo_by_torb/inLimbo contact.gif
2005.08.29 22:54 B °ğB\cool.gif <-- Switch Skate /public_html/forums/images/In_Limbo_by_torb/inLimbo cool.gif
2005.08.29 22:54 B °ğB\dot_folder.gif <-- Switch Skate /public_html/forums/images/In_Limbo_by_torb/inLimbo dot_folder.gif
2005.08.29 22:54 B °ğB\dot_hot_folder.gif <-- Switch Skate /public_html/forums/images/In_Limbo_by_torb/inLimbo dot_hot_folder.gif
2005.08.29 22:54 B °ğB\dot_red_folder.gif <-- Switch Skate /public_html/forums/images/In_Limbo_by_torb/inLimbo dot_red_folder.gif
2005.08.29 22:54 B °ğB\downloads.gif <-- Switch Skate /public_html/forums/images/In_Limbo_by_torb/inLimbo downloads.gif
2005.08.29 22:54 B °ğB\edit.gif <-- Switch Skate /public_html/forums/images/In_Limbo_by_torb/inLimbo edit.gif
2005.08.29 22:54 B °ğB\email.gif <-- Switch Skate /public_html/forums/images/In_Limbo_by_torb/inLimbo email.gif
2005.08.29 22:54 B °ğB\faq.gif <-- Switch Skate /public_html/forums/images/In_Limbo_by_torb/inLimbo faq.gif
2005.08.29 22:54 B °ğB\find.gif <-- Switch Skate /public_html/forums/images/In_Limbo_by_torb/inLimbo find.gif
2005.08.29 22:54 B °ğB\folder.gif <-- Switch Skate /public_html/forums/images/In_Limbo_by_torb/inLimbo folder.gif
2005.08.29 22:54 B °ğB\g.gif <-- Switch Skate /public_html/forums/images/In_Limbo_by_torb/inLimbo g.gif
2005.08.29 22:54 B °ğB\header.gif <-- Switch Skate /public_html/forums/images/In_Limbo_by_torb/inLimbo header.gif
2005.08.29 22:54 B °ğB\home.gif <-- Switch Skate /public_html/forums/images/In_Limbo_by_torb/inLimbo home.gif
2005.08.29 22:54 B °ğB\hot_folder.gif <-- Switch Skate /public_html/forums/images/In_Limbo_by_torb/inLimbo hot_folder.gif
2005.08.29 22:54 B °ğB\hot_red_folder.gif <-- Switch Skate /public_html/forums/images/In_Limbo_by_torb/inLimbo hot_red_folder.gif
2005.08.29 22:54 B °ğB\icq.gif <-- Switch Skate /public_html/forums/images/In_Limbo_by_torb/inLimbo icq.gif
2005.08.29 22:54 B °ğB\icq_add.gif <-- Switch Skate /public_html/forums/images/In_Limbo_by_torb/inLimbo icq_add.gif
2005.08.29 22:54 B °ğB\inbox.gif <-- Switch Skate /public_html/forums/images/In_Limbo_by_torb/inLimbo inbox.gif
2005.08.29 22:54 B °ğB\ip.gif <-- Switch Skate /public_html/forums/images/In_Limbo_by_torb/inLimbo ip.gif
2005.08.29 22:54 B °ğB\ipost.gif <-- Switch Skate /public_html/forums/images/In_Limbo_by_torb/inLimbo ipost.gif
2005.08.29 22:54 B °ğB\lastpost.gif <-- Switch Skate /public_html/forums/images/In_Limbo_by_torb/inLimbo lastpost.gif
2005.08.29 22:54 B °ğB\lock_folder.gif <-- Switch Skate /public_html/forums/images/In_Limbo_by_torb/inLimbo lock_folder.gif
2005.08.29 22:54 B °ğB\locked_folder.gif <-- Switch Skate /public_html/forums/images/In_Limbo_by_torb/inLimbo locked_folder.gif
2005.08.29 22:54 B °ğB\locku2u.gif <-- Switch Skate /public_html/forums/images/In_Limbo_by_torb/inLimbo locku2u.gif
2005.08.29 22:54 B °ğB\members_list.gif <-- Switch Skate /public_html/forums/images/In_Limbo_by_torb/inLimbo members_list.gif
2005.08.29 22:54 B °ğB\msn.gif <-- Switch Skate /public_html/forums/images/In_Limbo_by_torb/inLimbo msn.gif
2005.08.29 22:54 B °ğB\newtopic.gif <-- Switch Skate /public_html/forums/images/In_Limbo_by_torb/inLimbo newtopic.gif
2005.08.29 22:54 B °ğB\newu2u.gif <-- Switch Skate /public_html/forums/images/In_Limbo_by_torb/inLimbo newu2u.gif
2005.08.29 22:54 B °ğB\online.gif <-- Switch Skate /public_html/forums/images/In_Limbo_by_torb/inLimbo online.gif
2005.08.29 22:54 B °ğB\online_guest.gif <-- Switch Skate /public_html/forums/images/In_Limbo_by_torb/inLimbo online_guest.gif
2005.08.29 22:54 B °ğB\outbox.gif <-- Switch Skate /public_html/forums/images/In_Limbo_by_torb/inLimbo outbox.gif
2005.08.29 22:54 B °ğB\pin.gif <-- Switch Skate /public_html/forums/images/In_Limbo_by_torb/inLimbo pin.gif
2005.08.29 22:54 B °ğB\poll.gif <-- Switch Skate /public_html/forums/images/In_Limbo_by_torb/inLimbo poll.gif
2005.08.29 22:54 B °ğB\pollbar-e.gif <-- Switch Skate /public_html/forums/images/In_Limbo_by_torb/inLimbo pollbar-e.gif
2005.08.29 22:54 B °ğB\pollbar-s.gif <-- Switch Skate /public_html/forums/images/In_Limbo_by_torb/inLimbo pollbar-s.gif
2005.08.29 22:54 B °ğB\pollbar.gif <-- Switch Skate /public_html/forums/images/In_Limbo_by_torb/inLimbo pollbar.gif
2005.08.29 22:54 B °ğB\pollsmall.gif <-- Switch Skate /public_html/forums/images/In_Limbo_by_torb/inLimbo pollsmall.gif
2005.08.29 22:54 B °ğB\profile.gif <-- Switch Skate /public_html/forums/images/In_Limbo_by_torb/inLimbo profile.gif
2005.08.29 22:54 B °ğB\quote.gif <-- Switch Skate /public_html/forums/images/In_Limbo_by_torb/inLimbo quote.gif
2005.08.29 22:54 B °ğB\red_folder.gif <-- Switch Skate /public_html/forums/images/In_Limbo_by_torb/inLimbo red_folder.gif
2005.08.29 22:54 B °ğB\reply.gif <-- Switch Skate /public_html/forums/images/In_Limbo_by_torb/inLimbo reply.gif
2005.08.29 22:54 B °ğB\report.gif <-- Switch Skate /public_html/forums/images/In_Limbo_by_torb/inLimbo report.gif
2005.08.29 22:54 B °ğB\search.gif <-- Switch Skate /public_html/forums/images/In_Limbo_by_torb/inLimbo search.gif
2005.08.29 22:54 B °ğB\site.gif <-- Switch Skate /public_html/forums/images/In_Limbo_by_torb/inLimbo site.gif
2005.08.29 22:54 B °ğB\star.gif <-- Switch Skate /public_html/forums/images/In_Limbo_by_torb/inLimbo star.gif
2005.08.29 22:54 B °ğB\stats.gif <-- Switch Skate /public_html/forums/images/In_Limbo_by_torb/inLimbo stats.gif
2005.08.29 22:54 B °ğB\Thumbs.db <-- Switch Skate /public_html/forums/images/In_Limbo_by_torb/inLimbo Thumbs.db
2005.08.29 22:54 B °ğB\todays_posts.gif <-- Switch Skate /public_html/forums/images/In_Limbo_by_torb/inLimbo todays_posts.gif
2005.08.29 22:54 B °ğB\u2u.gif <-- Switch Skate /public_html/forums/images/In_Limbo_by_torb/inLimbo u2u.gif
2005.08.29 22:54 B °ğB\yahoo.gif <-- Switch Skate /public_html/forums/images/In_Limbo_by_torb/inLimbo yahoo.gif
