2004.11.17 09:32 B G:\Documents and Settings\bilbo\My Documents\Switch Skate REOPENED\temp\submit\text.php --> host215.ipowerweb.com /public_html/temp/submit text.php
2004.11.19 10:28 B G:\Documents and Settings\bilbo\My Documents\Switch Skate REOPENED\temp\submit\text.php --> host215.ipowerweb.com /public_html/temp/submit text.php
2004.11.19 10:29 B G:\Documents and Settings\bilbo\My Documents\Switch Skate REOPENED\temp\submit\text.php --> host215.ipowerweb.com /public_html/temp/submit text.php
2004.11.19 10:30 B G:\Documents and Settings\bilbo\My Documents\Switch Skate REOPENED\temp\submit\text.php --> host215.ipowerweb.com /public_html/temp/submit text.php
2004.11.19 10:31 B G:\Documents and Settings\bilbo\My Documents\Switch Skate REOPENED\temp\submit\text.php --> host215.ipowerweb.com /public_html/temp/submit text.php
2004.11.19 10:31 B G:\Documents and Settings\bilbo\My Documents\Switch Skate REOPENED\temp\submit\text.php --> host215.ipowerweb.com /public_html/temp/submit text.php
2004.11.19 10:32 B G:\Documents and Settings\bilbo\My Documents\Switch Skate REOPENED\temp\submit\text.php --> host215.ipowerweb.com /public_html/temp/submit text.php
2004.11.19 10:32 B G:\Documents and Settings\bilbo\My Documents\Switch Skate REOPENED\temp\submit\text.php --> host215.ipowerweb.com /public_html/temp/submit text.php
2004.11.19 10:32 B G:\Documents and Settings\bilbo\My Documents\Switch Skate REOPENED\temp\submit\text.php --> host215.ipowerweb.com /public_html/temp/submit text.php
2004.11.19 10:32 B G:\Documents and Settings\bilbo\My Documents\Switch Skate REOPENED\temp\submit\text.php --> host215.ipowerweb.com /public_html/temp/submit text.php
2004.11.19 10:32 B G:\Documents and Settings\bilbo\My Documents\Switch Skate REOPENED\temp\submit\text.php --> host215.ipowerweb.com /public_html/temp/submit text.php
2004.11.19 10:34 B G:\Documents and Settings\bilbo\My Documents\Switch Skate REOPENED\temp\submit\text.php --> host215.ipowerweb.com /public_html/temp/submit text.php
2004.11.19 10:35 B G:\Documents and Settings\bilbo\My Documents\Switch Skate REOPENED\temp\submit\text.php --> host215.ipowerweb.com /public_html/temp/submit text.php
2004.11.19 10:36 B G:\Documents and Settings\bilbo\My Documents\Switch Skate REOPENED\temp\submit\text.php --> host215.ipowerweb.com /public_html/temp/submit text.php
2004.11.19 10:38 B G:\Documents and Settings\bilbo\My Documents\Switch Skate REOPENED\temp\submit\text.php --> host215.ipowerweb.com /public_html/temp/submit text.php
2004.11.19 10:38 B G:\Documents and Settings\bilbo\My Documents\Switch Skate REOPENED\temp\submit\text.php --> host215.ipowerweb.com /public_html/temp/submit text.php
2004.11.19 10:39 B G:\Documents and Settings\bilbo\My Documents\Switch Skate REOPENED\temp\submit\text.php --> host215.ipowerweb.com /public_html/temp/submit text.php
2004.11.19 10:40 B G:\Documents and Settings\bilbo\My Documents\Switch Skate REOPENED\temp\submit\text.php --> host215.ipowerweb.com /public_html/temp/submit text.php
2004.11.19 10:41 B G:\Documents and Settings\bilbo\My Documents\Switch Skate REOPENED\temp\submit\text.php --> host215.ipowerweb.com /public_html/temp/submit text.php
2004.11.19 10:43 B G:\Documents and Settings\bilbo\My Documents\Switch Skate REOPENED\temp\submit\text.php --> host215.ipowerweb.com /public_html/temp/submit text.php
2004.11.19 10:44 B G:\Documents and Settings\bilbo\My Documents\Switch Skate REOPENED\temp\submit\text.php --> host215.ipowerweb.com /public_html/temp/submit text.php
2004.11.19 10:45 B G:\Documents and Settings\bilbo\My Documents\Switch Skate REOPENED\temp\submit\text.php --> host215.ipowerweb.com /public_html/temp/submit text.php
2004.11.19 10:45 B G:\Documents and Settings\bilbo\My Documents\Switch Skate REOPENED\temp\submit\text.php --> host215.ipowerweb.com /public_html/temp/submit text.php
2004.11.19 10:50 B G:\Documents and Settings\bilbo\My Documents\Switch Skate REOPENED\temp\submit\handtext.php --> host215.ipowerweb.com /public_html/temp/submit handtext.php
2004.11.19 10:50 B G:\Documents and Settings\bilbo\My Documents\Switch Skate REOPENED\temp\submit\handtext.php --> host215.ipowerweb.com /public_html/temp/submit handtext.php
2004.11.19 10:50 B G:\Documents and Settings\bilbo\My Documents\Switch Skate REOPENED\temp\submit\text.php --> host215.ipowerweb.com /public_html/temp/submit text.php
2004.11.19 11:00 B G:\Documents and Settings\bilbo\My Documents\Switch Skate REOPENED\temp\submit\handtext.php --> host215.ipowerweb.com /public_html/temp/submit handtext.php
2004.11.19 11:00 B G:\Documents and Settings\bilbo\My Documents\Switch Skate REOPENED\temp\submit\text.php --> host215.ipowerweb.com /public_html/temp/submit text.php
2004.11.19 11:01 B G:\Documents and Settings\bilbo\My Documents\Switch Skate REOPENED\temp\submit\handtext.php --> host215.ipowerweb.com /public_html/temp/submit handtext.php
2004.11.19 11:01 B G:\Documents and Settings\bilbo\My Documents\Switch Skate REOPENED\temp\submit\text.php --> host215.ipowerweb.com /public_html/temp/submit text.php
2004.11.19 11:07 B G:\Documents and Settings\bilbo\My Documents\Switch Skate REOPENED\temp\submit\handlink.php --> host215.ipowerweb.com /public_html/temp/submit handlink.php
2004.11.19 11:07 B G:\Documents and Settings\bilbo\My Documents\Switch Skate REOPENED\temp\submit\handtext.php --> host215.ipowerweb.com /public_html/temp/submit handtext.php
2004.11.19 11:07 B G:\Documents and Settings\bilbo\My Documents\Switch Skate REOPENED\temp\submit\link.php --> host215.ipowerweb.com /public_html/temp/submit link.php
2004.11.19 11:07 B G:\Documents and Settings\bilbo\My Documents\Switch Skate REOPENED\temp\submit\text.php --> host215.ipowerweb.com /public_html/temp/submit text.php
2004.11.19 11:20 B G:\Documents and Settings\bilbo\My Documents\Switch Skate REOPENED\temp\submit\resume.php --> host215.ipowerweb.com /public_html/temp/submit resume.php
2004.11.19 11:21 B G:\Documents and Settings\bilbo\My Documents\Switch Skate REOPENED\temp\submit\resume.php --> host215.ipowerweb.com /public_html/temp/submit resume.php
2004.11.19 11:22 B G:\Documents and Settings\bilbo\My Documents\Switch Skate REOPENED\temp\submit\resume.php --> host215.ipowerweb.com /public_html/temp/submit resume.php
2004.11.19 11:22 B G:\Documents and Settings\bilbo\My Documents\Switch Skate REOPENED\temp\submit\resume.php --> host215.ipowerweb.com /public_html/temp/submit resume.php
2004.11.19 11:27 B G:\Documents and Settings\bilbo\My Documents\Switch Skate REOPENED\temp\submit\handresume.php --> host215.ipowerweb.com /public_html/temp/submit handresume.php
2004.11.19 11:27 B G:\Documents and Settings\bilbo\My Documents\Switch Skate REOPENED\temp\submit\resume.php --> host215.ipowerweb.com /public_html/temp/submit resume.php
2004.11.19 11:28 B G:\Documents and Settings\bilbo\My Documents\Switch Skate REOPENED\temp\submit\resume.php --> host215.ipowerweb.com /public_html/temp/submit resume.php
2004.11.19 11:28 B G:\Documents and Settings\bilbo\My Documents\Switch Skate REOPENED\temp\submit\handresume.php --> host215.ipowerweb.com /public_html/temp/submit handresume.php
2004.11.19 11:31 B G:\Documents and Settings\bilbo\My Documents\Switch Skate REOPENED\temp\submit\handresume.php --> host215.ipowerweb.com /public_html/temp/submit handresume.php
2004.11.19 11:31 B G:\Documents and Settings\bilbo\My Documents\Switch Skate REOPENED\temp\submit\resume.php --> host215.ipowerweb.com /public_html/temp/submit resume.php
2004.11.19 11:31 B G:\Documents and Settings\bilbo\My Documents\Switch Skate REOPENED\temp\submit\handresume.php --> host215.ipowerweb.com /public_html/temp/submit handresume.php
2004.11.19 11:41 B G:\Documents and Settings\bilbo\My Documents\Switch Skate REOPENED\temp\submit\handlink.php --> host215.ipowerweb.com /public_html/temp/submit handlink.php
2004.11.19 11:41 B G:\Documents and Settings\bilbo\My Documents\Switch Skate REOPENED\temp\submit\handresume.php --> host215.ipowerweb.com /public_html/temp/submit handresume.php
2004.11.19 11:41 B G:\Documents and Settings\bilbo\My Documents\Switch Skate REOPENED\temp\submit\index.html --> host215.ipowerweb.com /public_html/temp/submit index.html
2004.11.19 11:41 B G:\Documents and Settings\bilbo\My Documents\Switch Skate REOPENED\temp\submit\link.php --> host215.ipowerweb.com /public_html/temp/submit link.php
2004.11.19 11:41 B G:\Documents and Settings\bilbo\My Documents\Switch Skate REOPENED\temp\submit\WS_FTP.LOG --> host215.ipowerweb.com /public_html/temp/submit WS_FTP.LOG
2004.11.19 11:51 B G:\Documents and Settings\bilbo\My Documents\Switch Skate REOPENED\temp\submit\theme.php --> host215.ipowerweb.com /public_html/temp/submit theme.php
2004.11.19 11:53 B G:\Documents and Settings\bilbo\My Documents\Switch Skate REOPENED\temp\submit\theme.php --> host215.ipowerweb.com /public_html/temp/submit theme.php
2004.11.19 11:54 B G:\Documents and Settings\bilbo\My Documents\Switch Skate REOPENED\temp\submit\theme.php --> host215.ipowerweb.com /public_html/temp/submit theme.php
2004.11.19 11:55 B G:\Documents and Settings\bilbo\My Documents\Switch Skate REOPENED\temp\submit\theme.php --> host215.ipowerweb.com /public_html/temp/submit theme.php
2004.11.19 11:55 B G:\Documents and Settings\bilbo\My Documents\Switch Skate REOPENED\temp\submit\theme.php --> host215.ipowerweb.com /public_html/temp/submit theme.php
2004.11.19 12:00 B G:\Documents and Settings\bilbo\My Documents\Switch Skate REOPENED\temp\submit\theme.php --> host215.ipowerweb.com /public_html/temp/submit theme.php
2004.11.19 12:08 B G:\Documents and Settings\bilbo\My Documents\Switch Skate REOPENED\temp\submit\theme.php --> host215.ipowerweb.com /public_html/temp/submit theme.php
2004.11.19 12:08 B G:\Documents and Settings\bilbo\My Documents\Switch Skate REOPENED\temp\submit\theme.php --> host215.ipowerweb.com /public_html/temp/submit theme.php
2004.11.19 12:12 B G:\Documents and Settings\bilbo\My Documents\Switch Skate REOPENED\temp\submit\theme.php --> host215.ipowerweb.com /public_html/temp/submit theme.php
2004.11.19 12:13 B G:\Documents and Settings\bilbo\My Documents\Switch Skate REOPENED\temp\submit\theme.php --> host215.ipowerweb.com /public_html/temp/submit theme.php
2004.11.19 12:13 B G:\Documents and Settings\bilbo\My Documents\Switch Skate REOPENED\temp\submit\theme.php --> host215.ipowerweb.com /public_html/temp/submit theme.php
2004.11.19 12:18 B G:\Documents and Settings\bilbo\My Documents\Switch Skate REOPENED\temp\submit\handtheme.php --> host215.ipowerweb.com /public_html/temp/submit handtheme.php
2004.11.19 12:18 B G:\Documents and Settings\bilbo\My Documents\Switch Skate REOPENED\temp\submit\theme.php --> host215.ipowerweb.com /public_html/temp/submit theme.php
2004.11.19 12:18 B G:\Documents and Settings\bilbo\My Documents\Switch Skate REOPENED\temp\submit\handtheme.php --> host215.ipowerweb.com /public_html/temp/submit handtheme.php
2004.11.19 12:19 B G:\Documents and Settings\bilbo\My Documents\Switch Skate REOPENED\temp\submit\handtheme.php --> host215.ipowerweb.com /public_html/temp/submit handtheme.php
2004.11.19 12:20 B G:\Documents and Settings\bilbo\My Documents\Switch Skate REOPENED\temp\submit\handtheme.php --> host215.ipowerweb.com /public_html/temp/submit handtheme.php
2004.11.19 12:21 B G:\Documents and Settings\bilbo\My Documents\Switch Skate REOPENED\temp\submit\handtheme.php --> host215.ipowerweb.com /public_html/temp/submit handtheme.php
2004.11.19 12:24 B G:\Documents and Settings\bilbo\My Documents\Switch Skate REOPENED\temp\submit\handtheme.php --> host215.ipowerweb.com /public_html/temp/submit handtheme.php
2004.11.20 11:55 B G:\Documents and Settings\bilbo\My Documents\Switch Skate REOPENED\temp\submit\handtheme.php --> host215.ipowerweb.com /public_html/temp/submit handtheme.php
2004.11.20 11:55 B G:\Documents and Settings\bilbo\My Documents\Switch Skate REOPENED\temp\submit\index.html --> host215.ipowerweb.com /public_html/temp/submit index.html
2004.11.20 11:55 B G:\Documents and Settings\bilbo\My Documents\Switch Skate REOPENED\temp\submit\theme.php --> host215.ipowerweb.com /public_html/temp/submit theme.php
2004.11.20 11:55 B G:\Documents and Settings\bilbo\My Documents\Switch Skate REOPENED\temp\submit\WS_FTP.LOG --> host215.ipowerweb.com /public_html/temp/submit WS_FTP.LOG
2004.11.20 11:57 B G:\Documents and Settings\bilbo\My Documents\Switch Skate REOPENED\temp\submit\handtheme.php --> host215.ipowerweb.com /public_html/temp/submit handtheme.php
2004.11.20 11:57 B G:\Documents and Settings\bilbo\My Documents\Switch Skate REOPENED\temp\submit\theme.php --> host215.ipowerweb.com /public_html/temp/submit theme.php
2004.11.20 11:57 B G:\Documents and Settings\bilbo\My Documents\Switch Skate REOPENED\temp\submit\WS_FTP.LOG --> host215.ipowerweb.com /public_html/temp/submit WS_FTP.LOG
2004.11.22 15:21 B G:\Documents and Settings\bilbo\My Documents\Switch Skate REOPENED\temp\submit\handtheme.php --> host215.ipowerweb.com /public_html/temp/submit handtheme.php
2004.11.22 15:21 B G:\Documents and Settings\bilbo\My Documents\Switch Skate REOPENED\temp\submit\theme.php --> host215.ipowerweb.com /public_html/temp/submit theme.php
2004.11.22 15:24 B G:\Documents and Settings\bilbo\My Documents\Switch Skate REOPENED\temp\submit\handlink.php --> host215.ipowerweb.com /public_html/temp/submit handlink.php
2004.11.22 15:24 B G:\Documents and Settings\bilbo\My Documents\Switch Skate REOPENED\temp\submit\handresume.php --> host215.ipowerweb.com /public_html/temp/submit handresume.php
2004.11.22 15:24 B G:\Documents and Settings\bilbo\My Documents\Switch Skate REOPENED\temp\submit\handtext.php --> host215.ipowerweb.com /public_html/temp/submit handtext.php
2004.11.22 15:24 B G:\Documents and Settings\bilbo\My Documents\Switch Skate REOPENED\temp\submit\handtheme.php --> host215.ipowerweb.com /public_html/temp/submit handtheme.php
2004.11.22 15:24 B G:\Documents and Settings\bilbo\My Documents\Switch Skate REOPENED\temp\submit\index.html --> host215.ipowerweb.com /public_html/temp/submit index.html
2004.11.22 15:24 B G:\Documents and Settings\bilbo\My Documents\Switch Skate REOPENED\temp\submit\link.php --> host215.ipowerweb.com /public_html/temp/submit link.php
2004.11.22 15:24 B G:\Documents and Settings\bilbo\My Documents\Switch Skate REOPENED\temp\submit\resume.php --> host215.ipowerweb.com /public_html/temp/submit resume.php
2004.11.22 15:24 B G:\Documents and Settings\bilbo\My Documents\Switch Skate REOPENED\temp\submit\text.php --> host215.ipowerweb.com /public_html/temp/submit text.php
2004.11.22 15:25 B G:\Documents and Settings\bilbo\My Documents\Switch Skate REOPENED\temp\submit\theme.php --> host215.ipowerweb.com /public_html/temp/submit theme.php
2004.11.22 15:46 B G:\Documents and Settings\bilbo\My Documents\Switch Skate REOPENED\temp\submit\handlink.php --> host215.ipowerweb.com /public_html/temp/submit handlink.php
2004.11.22 15:46 B G:\Documents and Settings\bilbo\My Documents\Switch Skate REOPENED\temp\submit\handresume.php --> host215.ipowerweb.com /public_html/temp/submit handresume.php
2004.11.22 15:46 B G:\Documents and Settings\bilbo\My Documents\Switch Skate REOPENED\temp\submit\handtext.php --> host215.ipowerweb.com /public_html/temp/submit handtext.php
2004.11.22 15:46 B G:\Documents and Settings\bilbo\My Documents\Switch Skate REOPENED\temp\submit\handtheme.php --> host215.ipowerweb.com /public_html/temp/submit handtheme.php
2004.11.22 15:46 B G:\Documents and Settings\bilbo\My Documents\Switch Skate REOPENED\temp\submit\index.html --> host215.ipowerweb.com /public_html/temp/submit index.html
2004.11.22 15:46 B G:\Documents and Settings\bilbo\My Documents\Switch Skate REOPENED\temp\submit\link.php --> host215.ipowerweb.com /public_html/temp/submit link.php
2004.11.22 15:46 B G:\Documents and Settings\bilbo\My Documents\Switch Skate REOPENED\temp\submit\resume.php --> host215.ipowerweb.com /public_html/temp/submit resume.php
2004.11.22 15:46 B G:\Documents and Settings\bilbo\My Documents\Switch Skate REOPENED\temp\submit\text.php --> host215.ipowerweb.com /public_html/temp/submit text.php
2004.11.22 15:46 B G:\Documents and Settings\bilbo\My Documents\Switch Skate REOPENED\temp\submit\theme.php --> host215.ipowerweb.com /public_html/temp/submit theme.php
2004.11.22 15:48 B G:\Documents and Settings\bilbo\My Documents\Switch Skate REOPENED\temp\submit\comments.php <-- Switch Skate /public_html/temp/submit comments.php
2004.11.22 15:48 B G:\Documents and Settings\bilbo\My Documents\Switch Skate REOPENED\temp\submit\handcomment.php <-- Switch Skate /public_html/temp/submit handcomment.php
2004.11.22 15:50 B G:\Documents and Settings\bilbo\My Documents\Switch Skate REOPENED\temp\submit\handcomment.php --> host215.ipowerweb.com /public_html/temp/submit handcomment.php
2004.11.22 15:51 B G:\Documents and Settings\bilbo\My Documents\Switch Skate REOPENED\temp\submit\handcomment.php --> host215.ipowerweb.com /public_html/temp/submit handcomment.php
2004.11.22 15:53 B G:\Documents and Settings\bilbo\My Documents\Switch Skate REOPENED\temp\submit\handcomment.php --> host215.ipowerweb.com /public_html/temp/submit handcomment.php
2004.11.22 15:55 B G:\Documents and Settings\bilbo\My Documents\Switch Skate REOPENED\temp\submit\handcomment.php --> host215.ipowerweb.com /public_html/temp/submit handcomment.php
2004.11.24 10:51 B G:\Documents and Settings\bilbo\My Documents\Switch Skate REOPENED\temp\submit\link.php <-- Switch Skate /public_html/temp/submit link.php
2004.11.27 07:00 B G:\Documents and Settings\bilbo\My Documents\Switch Skate REOPENED\temp\submit\handcomment.php --> host215.ipowerweb.com /public_html/site handcomment.php
