2004.05.26 18:11 B E:\Documents and Settings\Adam Knox\My Documents\Web Sites\scripts\xmbforum\Files\images\greyalliance\smilies\biggrin.gif --> ftp.skate-world.net /public_html/forum/images/greyalliance/smilies biggrin.gif
2004.05.26 18:11 B E:\Documents and Settings\Adam Knox\My Documents\Web Sites\scripts\xmbforum\Files\images\greyalliance\smilies\cool.gif --> ftp.skate-world.net /public_html/forum/images/greyalliance/smilies cool.gif
2004.05.26 18:11 B E:\Documents and Settings\Adam Knox\My Documents\Web Sites\scripts\xmbforum\Files\images\greyalliance\smilies\mad.gif --> ftp.skate-world.net /public_html/forum/images/greyalliance/smilies mad.gif
2004.05.26 18:11 B E:\Documents and Settings\Adam Knox\My Documents\Web Sites\scripts\xmbforum\Files\images\greyalliance\smilies\nerd.gif --> ftp.skate-world.net /public_html/forum/images/greyalliance/smilies nerd.gif
2004.05.26 18:11 B E:\Documents and Settings\Adam Knox\My Documents\Web Sites\scripts\xmbforum\Files\images\greyalliance\smilies\sad.gif --> ftp.skate-world.net /public_html/forum/images/greyalliance/smilies sad.gif
2004.05.26 18:11 B E:\Documents and Settings\Adam Knox\My Documents\Web Sites\scripts\xmbforum\Files\images\greyalliance\smilies\shocked.gif --> ftp.skate-world.net /public_html/forum/images/greyalliance/smilies shocked.gif
2004.05.26 18:11 B E:\Documents and Settings\Adam Knox\My Documents\Web Sites\scripts\xmbforum\Files\images\greyalliance\smilies\smile.gif --> ftp.skate-world.net /public_html/forum/images/greyalliance/smilies smile.gif
2004.05.26 18:11 B E:\Documents and Settings\Adam Knox\My Documents\Web Sites\scripts\xmbforum\Files\images\greyalliance\smilies\Thumbs.db --> ftp.skate-world.net /public_html/forum/images/greyalliance/smilies Thumbs.db
2004.05.26 18:11 B E:\Documents and Settings\Adam Knox\My Documents\Web Sites\scripts\xmbforum\Files\images\greyalliance\smilies\tounge.gif --> ftp.skate-world.net /public_html/forum/images/greyalliance/smilies tounge.gif
2004.05.26 18:11 B E:\Documents and Settings\Adam Knox\My Documents\Web Sites\scripts\xmbforum\Files\images\greyalliance\smilies\wink.gif --> ftp.skate-world.net /public_html/forum/images/greyalliance/smilies wink.gif
2004.05.26 18:11 B E:\Documents and Settings\Adam Knox\My Documents\Web Sites\scripts\xmbforum\Files\images\greyalliance\smilies\xd.gif --> ftp.skate-world.net /public_html/forum/images/greyalliance/smilies xd.gif
2004.05.26 19:01 B E:\Documents and Settings\Adam Knox\My Documents\Web Sites\scripts\Xmbforum_noshop\Files\images\greyalliance\smilies\biggrin.gif --> ftp.skate-world.net /public_html/forum/images/greyalliance/smilies biggrin.gif
2004.05.26 19:01 B E:\Documents and Settings\Adam Knox\My Documents\Web Sites\scripts\Xmbforum_noshop\Files\images\greyalliance\smilies\cool.gif --> ftp.skate-world.net /public_html/forum/images/greyalliance/smilies cool.gif
2004.05.26 19:01 B E:\Documents and Settings\Adam Knox\My Documents\Web Sites\scripts\Xmbforum_noshop\Files\images\greyalliance\smilies\mad.gif --> ftp.skate-world.net /public_html/forum/images/greyalliance/smilies mad.gif
2004.05.26 19:02 B E:\Documents and Settings\Adam Knox\My Documents\Web Sites\scripts\Xmbforum_noshop\Files\images\greyalliance\smilies\nerd.gif --> ftp.skate-world.net /public_html/forum/images/greyalliance/smilies nerd.gif
2004.05.26 19:02 B E:\Documents and Settings\Adam Knox\My Documents\Web Sites\scripts\Xmbforum_noshop\Files\images\greyalliance\smilies\sad.gif --> ftp.skate-world.net /public_html/forum/images/greyalliance/smilies sad.gif
2004.05.26 19:02 B E:\Documents and Settings\Adam Knox\My Documents\Web Sites\scripts\Xmbforum_noshop\Files\images\greyalliance\smilies\shocked.gif --> ftp.skate-world.net /public_html/forum/images/greyalliance/smilies shocked.gif
2004.05.26 19:02 B E:\Documents and Settings\Adam Knox\My Documents\Web Sites\scripts\Xmbforum_noshop\Files\images\greyalliance\smilies\smile.gif --> ftp.skate-world.net /public_html/forum/images/greyalliance/smilies smile.gif
2004.05.26 19:02 B E:\Documents and Settings\Adam Knox\My Documents\Web Sites\scripts\Xmbforum_noshop\Files\images\greyalliance\smilies\Thumbs.db --> ftp.skate-world.net /public_html/forum/images/greyalliance/smilies Thumbs.db
2004.05.26 19:02 B E:\Documents and Settings\Adam Knox\My Documents\Web Sites\scripts\Xmbforum_noshop\Files\images\greyalliance\smilies\tounge.gif --> ftp.skate-world.net /public_html/forum/images/greyalliance/smilies tounge.gif
2004.05.26 19:02 B E:\Documents and Settings\Adam Knox\My Documents\Web Sites\scripts\Xmbforum_noshop\Files\images\greyalliance\smilies\wink.gif --> ftp.skate-world.net /public_html/forum/images/greyalliance/smilies wink.gif
2004.05.28 18:01 B E:\Documents and Settings\Adam Knox\My Documents\Web Sites\skate world\forumsite\images\greyalliance\smilies\WS_FTP.LOG <-- Skate world /public_html/forum/images/greyalliance/smilies WS_FTP.LOG
2004.05.28 18:01 B E:\Documents and Settings\Adam Knox\My Documents\Web Sites\skate world\forumsite\images\greyalliance\smilies\xd.gif <-- Skate world /public_html/forum/images/greyalliance/smilies xd.gif
2004.05.28 18:17 B E:\Documents and Settings\Adam Knox\My Documents\Web Sites\skate world\forumsite\images\greyalliance\smilies\biggrin.gif --> ftp.skate-world.net /public_html/images/greyalliance/smilies biggrin.gif
2004.05.28 18:17 B E:\Documents and Settings\Adam Knox\My Documents\Web Sites\skate world\forumsite\images\greyalliance\smilies\cool.gif --> ftp.skate-world.net /public_html/images/greyalliance/smilies cool.gif
2004.05.28 18:17 B E:\Documents and Settings\Adam Knox\My Documents\Web Sites\skate world\forumsite\images\greyalliance\smilies\mad.gif --> ftp.skate-world.net /public_html/images/greyalliance/smilies mad.gif
2004.05.28 18:17 B E:\Documents and Settings\Adam Knox\My Documents\Web Sites\skate world\forumsite\images\greyalliance\smilies\nerd.gif --> ftp.skate-world.net /public_html/images/greyalliance/smilies nerd.gif
2004.05.28 18:17 B E:\Documents and Settings\Adam Knox\My Documents\Web Sites\skate world\forumsite\images\greyalliance\smilies\sad.gif --> ftp.skate-world.net /public_html/images/greyalliance/smilies sad.gif
2004.05.28 18:17 B E:\Documents and Settings\Adam Knox\My Documents\Web Sites\skate world\forumsite\images\greyalliance\smilies\shocked.gif --> ftp.skate-world.net /public_html/images/greyalliance/smilies shocked.gif
2004.05.28 18:17 B E:\Documents and Settings\Adam Knox\My Documents\Web Sites\skate world\forumsite\images\greyalliance\smilies\smile.gif --> ftp.skate-world.net /public_html/images/greyalliance/smilies smile.gif
2004.05.28 18:17 B E:\Documents and Settings\Adam Knox\My Documents\Web Sites\skate world\forumsite\images\greyalliance\smilies\Thumbs.db --> ftp.skate-world.net /public_html/images/greyalliance/smilies Thumbs.db
2004.05.28 18:17 B E:\Documents and Settings\Adam Knox\My Documents\Web Sites\skate world\forumsite\images\greyalliance\smilies\tounge.gif --> ftp.skate-world.net /public_html/images/greyalliance/smilies tounge.gif
2004.05.28 18:17 B E:\Documents and Settings\Adam Knox\My Documents\Web Sites\skate world\forumsite\images\greyalliance\smilies\wink.gif --> ftp.skate-world.net /public_html/images/greyalliance/smilies wink.gif
104.05.31 09:00 B D:\My Documents\smilies\WS_FTP.LOG <-- ss /public_html/images/greyalliance/smilies WS_FTP.LOG
104.05.31 09:00 B D:\My Documents\smilies\xd.gif <-- ss /public_html/images/greyalliance/smilies xd.gif
104.05.31 09:01 B D:\My Documents\smilies\biggrin.gif --> ftp.skate-world.net /public_html/images/smilies biggrin.gif
104.05.31 09:01 B D:\My Documents\smilies\cool.gif --> ftp.skate-world.net /public_html/images/smilies cool.gif
104.05.31 09:01 B D:\My Documents\smilies\mad.gif --> ftp.skate-world.net /public_html/images/smilies mad.gif
104.05.31 09:01 B D:\My Documents\smilies\nerd.gif --> ftp.skate-world.net /public_html/images/smilies nerd.gif
104.05.31 09:01 B D:\My Documents\smilies\sad.gif --> ftp.skate-world.net /public_html/images/smilies sad.gif
104.05.31 09:01 B D:\My Documents\smilies\shocked.gif --> ftp.skate-world.net /public_html/images/smilies shocked.gif
104.05.31 09:01 B D:\My Documents\smilies\smile.gif --> ftp.skate-world.net /public_html/images/smilies smile.gif
104.05.31 09:01 B D:\My Documents\smilies\Thumbs.db --> ftp.skate-world.net /public_html/images/smilies Thumbs.db
104.05.31 09:01 B D:\My Documents\smilies\tounge.gif --> ftp.skate-world.net /public_html/images/smilies tounge.gif
104.05.31 09:01 B D:\My Documents\smilies\wink.gif --> ftp.skate-world.net /public_html/images/smilies wink.gif
2004.08.26 15:53 B E:\Documents and Settings\Adam Knox\Desktop\SKATE WORLD UNCLEAN\public_html\images\smilies\WS_FTP.LOG <-- Skate world /public_html/images/smilies WS_FTP.LOG
2004.08.26 15:53 B E:\Documents and Settings\Adam Knox\Desktop\SKATE WORLD UNCLEAN\public_html\images\smilies\xd.gif <-- Skate world /public_html/images/smilies xd.gif
2004.08.26 15:53 B E:\Documents and Settings\Adam Knox\Desktop\SKATE WORLD UNCLEAN\public_html\images\smilies\xmb.gif <-- Skate world /public_html/images/smilies xmb.gif
2004.08.26 15:53 B E:\Documents and Settings\Adam Knox\Desktop\SKATE WORLD UNCLEAN\public_html\images\smilies\xmb_blue_rsvd.gif <-- Skate world /public_html/images/smilies xmb_blue_rsvd.gif
2004.08.26 15:53 B E:\Documents and Settings\Adam Knox\Desktop\SKATE WORLD UNCLEAN\public_html\images\smilies\xmb_green_rsvd.gif <-- Skate world /public_html/images/smilies xmb_green_rsvd.gif
2004.08.26 15:54 B E:\Documents and Settings\Adam Knox\Desktop\SKATE WORLD UNCLEAN\public_html\images\smilies\xmb_orange_rsvd.gif <-- Skate world /public_html/images/smilies xmb_orange_rsvd.gif
2004.08.26 15:54 B E:\Documents and Settings\Adam Knox\Desktop\SKATE WORLD UNCLEAN\public_html\images\smilies\xmb_purple_rsvd.gif <-- Skate world /public_html/images/smilies xmb_purple_rsvd.gif
2004.08.26 15:54 B E:\Documents and Settings\Adam Knox\Desktop\SKATE WORLD UNCLEAN\public_html\images\smilies\xmb_red_rsvd.gif <-- Skate world /public_html/images/smilies xmb_red_rsvd.gif
2004.08.26 15:54 B E:\Documents and Settings\Adam Knox\Desktop\SKATE WORLD UNCLEAN\public_html\images\smilies\xmb_rsvd.gif <-- Skate world /public_html/images/smilies xmb_rsvd.gif
2004.08.26 15:54 B E:\Documents and Settings\Adam Knox\Desktop\SKATE WORLD UNCLEAN\public_html\images\smilies\xmb_yellow_rsvd.gif <-- Skate world /public_html/images/smilies xmb_yellow_rsvd.gif
2004.08.26 15:54 B E:\Documents and Settings\Adam Knox\Desktop\SKATE WORLD UNCLEAN\public_html\images\smilies\yawn.gif <-- Skate world /public_html/images/smilies yawn.gif
2004.08.26 15:54 B E:\Documents and Settings\Adam Knox\Desktop\SKATE WORLD UNCLEAN\public_html\images\smilies\yes.gif <-- Skate world /public_html/images/smilies yes.gif
2004.08.26 21:31 B E:\Documents and Settings\Adam Knox\Desktop\Skate world redone\forum\images\smilies\alien384.gif --> ftp.skate-world.net /public_html/forum/images/smilies alien384.gif
2004.08.26 21:31 B E:\Documents and Settings\Adam Knox\Desktop\Skate world redone\forum\images\smilies\alien8.gif --> ftp.skate-world.net /public_html/forum/images/smilies alien8.gif
2004.08.26 21:31 B E:\Documents and Settings\Adam Knox\Desktop\Skate world redone\forum\images\smilies\baddevil.gif --> ftp.skate-world.net /public_html/forum/images/smilies baddevil.gif
2004.08.26 21:31 B E:\Documents and Settings\Adam Knox\Desktop\Skate world redone\forum\images\smilies\bald.gif --> ftp.skate-world.net /public_html/forum/images/smilies bald.gif
2004.08.26 21:31 B E:\Documents and Settings\Adam Knox\Desktop\Skate world redone\forum\images\smilies\barfy.gif --> ftp.skate-world.net /public_html/forum/images/smilies barfy.gif
2004.08.26 21:31 B E:\Documents and Settings\Adam Knox\Desktop\Skate world redone\forum\images\smilies\bbrules.gif --> ftp.skate-world.net /public_html/forum/images/smilies bbrules.gif
2004.08.26 21:31 B E:\Documents and Settings\Adam Knox\Desktop\Skate world redone\forum\images\smilies\biggrin.gif --> ftp.skate-world.net /public_html/forum/images/smilies biggrin.gif
2004.08.26 21:31 B E:\Documents and Settings\Adam Knox\Desktop\Skate world redone\forum\images\smilies\bigsmile.gif --> ftp.skate-world.net /public_html/forum/images/smilies bigsmile.gif
2004.08.26 21:31 B E:\Documents and Settings\Adam Knox\Desktop\Skate world redone\forum\images\smilies\bird.gif --> ftp.skate-world.net /public_html/forum/images/smilies bird.gif
2004.08.26 21:31 B E:\Documents and Settings\Adam Knox\Desktop\Skate world redone\forum\images\smilies\bisou.gif --> ftp.skate-world.net /public_html/forum/images/smilies bisou.gif
2004.08.26 21:31 B E:\Documents and Settings\Adam Knox\Desktop\Skate world redone\forum\images\smilies\blowjob.gif --> ftp.skate-world.net /public_html/forum/images/smilies blowjob.gif
2004.08.26 21:31 B E:\Documents and Settings\Adam Knox\Desktop\Skate world redone\forum\images\smilies\borg.gif --> ftp.skate-world.net /public_html/forum/images/smilies borg.gif
2004.08.26 21:31 B E:\Documents and Settings\Adam Knox\Desktop\Skate world redone\forum\images\smilies\bouncing.gif --> ftp.skate-world.net /public_html/forum/images/smilies bouncing.gif
2004.08.26 21:31 B E:\Documents and Settings\Adam Knox\Desktop\Skate world redone\forum\images\smilies\bouncy.gif --> ftp.skate-world.net /public_html/forum/images/smilies bouncy.gif
2004.08.26 21:31 B E:\Documents and Settings\Adam Knox\Desktop\Skate world redone\forum\images\smilies\cool.gif --> ftp.skate-world.net /public_html/forum/images/smilies cool.gif
2004.08.26 21:31 B E:\Documents and Settings\Adam Knox\Desktop\Skate world redone\forum\images\smilies\cool2.gif --> ftp.skate-world.net /public_html/forum/images/smilies cool2.gif
2004.08.26 21:31 B E:\Documents and Settings\Adam Knox\Desktop\Skate world redone\forum\images\smilies\cool_rsvd.gif --> ftp.skate-world.net /public_html/forum/images/smilies cool_rsvd.gif
2004.08.26 21:31 B E:\Documents and Settings\Adam Knox\Desktop\Skate world redone\forum\images\smilies\cul.gif --> ftp.skate-world.net /public_html/forum/images/smilies cul.gif
2004.08.26 21:31 B E:\Documents and Settings\Adam Knox\Desktop\Skate world redone\forum\images\smilies\drool.gif --> ftp.skate-world.net /public_html/forum/images/smilies drool.gif
2004.08.26 21:31 B E:\Documents and Settings\Adam Knox\Desktop\Skate world redone\forum\images\smilies\duh.gif --> ftp.skate-world.net /public_html/forum/images/smilies duh.gif
2004.08.26 21:31 B E:\Documents and Settings\Adam Knox\Desktop\Skate world redone\forum\images\smilies\embaressed.gif --> ftp.skate-world.net /public_html/forum/images/smilies embaressed.gif
2004.08.26 21:31 B E:\Documents and Settings\Adam Knox\Desktop\Skate world redone\forum\images\smilies\equal.gif --> ftp.skate-world.net /public_html/forum/images/smilies equal.gif
2004.08.26 21:31 B E:\Documents and Settings\Adam Knox\Desktop\Skate world redone\forum\images\smilies\eureka.gif --> ftp.skate-world.net /public_html/forum/images/smilies eureka.gif
2004.08.26 21:31 B E:\Documents and Settings\Adam Knox\Desktop\Skate world redone\forum\images\smilies\exclamation.gif --> ftp.skate-world.net /public_html/forum/images/smilies exclamation.gif
2004.08.26 21:31 B E:\Documents and Settings\Adam Knox\Desktop\Skate world redone\forum\images\smilies\flaming.gif --> ftp.skate-world.net /public_html/forum/images/smilies flaming.gif
2004.08.26 21:31 B E:\Documents and Settings\Adam Knox\Desktop\Skate world redone\forum\images\smilies\freak.gif --> ftp.skate-world.net /public_html/forum/images/smilies freak.gif
2004.08.26 21:31 B E:\Documents and Settings\Adam Knox\Desktop\Skate world redone\forum\images\smilies\frog.gif --> ftp.skate-world.net /public_html/forum/images/smilies frog.gif
2004.08.26 21:31 B E:\Documents and Settings\Adam Knox\Desktop\Skate world redone\forum\images\smilies\grin.gif --> ftp.skate-world.net /public_html/forum/images/smilies grin.gif
2004.08.26 21:31 B E:\Documents and Settings\Adam Knox\Desktop\Skate world redone\forum\images\smilies\index.html --> ftp.skate-world.net /public_html/forum/images/smilies index.html
2004.08.26 21:31 B E:\Documents and Settings\Adam Knox\Desktop\Skate world redone\forum\images\smilies\info.gif --> ftp.skate-world.net /public_html/forum/images/smilies info.gif
2004.08.26 21:31 B E:\Documents and Settings\Adam Knox\Desktop\Skate world redone\forum\images\smilies\karate.gif --> ftp.skate-world.net /public_html/forum/images/smilies karate.gif
2004.08.26 21:31 B E:\Documents and Settings\Adam Knox\Desktop\Skate world redone\forum\images\smilies\killtard.gif --> ftp.skate-world.net /public_html/forum/images/smilies killtard.gif
2004.08.26 21:31 B E:\Documents and Settings\Adam Knox\Desktop\Skate world redone\forum\images\smilies\kiss.gif --> ftp.skate-world.net /public_html/forum/images/smilies kiss.gif
2004.08.26 21:31 B E:\Documents and Settings\Adam Knox\Desktop\Skate world redone\forum\images\smilies\left_arrow.gif --> ftp.skate-world.net /public_html/forum/images/smilies left_arrow.gif
2004.08.26 21:31 B E:\Documents and Settings\Adam Knox\Desktop\Skate world redone\forum\images\smilies\lol.gif --> ftp.skate-world.net /public_html/forum/images/smilies lol.gif
2004.08.26 21:31 B E:\Documents and Settings\Adam Knox\Desktop\Skate world redone\forum\images\smilies\love.gif --> ftp.skate-world.net /public_html/forum/images/smilies love.gif
2004.08.26 21:31 B E:\Documents and Settings\Adam Knox\Desktop\Skate world redone\forum\images\smilies\love_at_first.gif --> ftp.skate-world.net /public_html/forum/images/smilies love_at_first.gif
2004.08.26 21:31 B E:\Documents and Settings\Adam Knox\Desktop\Skate world redone\forum\images\smilies\mad.gif --> ftp.skate-world.net /public_html/forum/images/smilies mad.gif
2004.08.26 21:31 B E:\Documents and Settings\Adam Knox\Desktop\Skate world redone\forum\images\smilies\money.gif --> ftp.skate-world.net /public_html/forum/images/smilies money.gif
2004.08.26 21:31 B E:\Documents and Settings\Adam Knox\Desktop\Skate world redone\forum\images\smilies\moon.gif --> ftp.skate-world.net /public_html/forum/images/smilies moon.gif
2004.08.26 21:31 B E:\Documents and Settings\Adam Knox\Desktop\Skate world redone\forum\images\smilies\nerd.gif --> ftp.skate-world.net /public_html/forum/images/smilies nerd.gif
2004.08.26 21:31 B E:\Documents and Settings\Adam Knox\Desktop\Skate world redone\forum\images\smilies\ninja.gif --> ftp.skate-world.net /public_html/forum/images/smilies ninja.gif
2004.08.26 21:31 B E:\Documents and Settings\Adam Knox\Desktop\Skate world redone\forum\images\smilies\no.gif --> ftp.skate-world.net /public_html/forum/images/smilies no.gif
2004.08.26 21:31 B E:\Documents and Settings\Adam Knox\Desktop\Skate world redone\forum\images\smilies\oink.gif --> ftp.skate-world.net /public_html/forum/images/smilies oink.gif
2004.08.26 21:31 B E:\Documents and Settings\Adam Knox\Desktop\Skate world redone\forum\images\smilies\online.gif --> ftp.skate-world.net /public_html/forum/images/smilies online.gif
2004.08.26 21:31 B E:\Documents and Settings\Adam Knox\Desktop\Skate world redone\forum\images\smilies\puzzled.gif --> ftp.skate-world.net /public_html/forum/images/smilies puzzled.gif
2004.08.26 21:31 B E:\Documents and Settings\Adam Knox\Desktop\Skate world redone\forum\images\smilies\question.gif --> ftp.skate-world.net /public_html/forum/images/smilies question.gif
2004.08.26 21:31 B E:\Documents and Settings\Adam Knox\Desktop\Skate world redone\forum\images\smilies\regan.gif --> ftp.skate-world.net /public_html/forum/images/smilies regan.gif
2004.08.26 21:31 B E:\Documents and Settings\Adam Knox\Desktop\Skate world redone\forum\images\smilies\right_arrow.gif --> ftp.skate-world.net /public_html/forum/images/smilies right_arrow.gif
2004.08.26 21:31 B E:\Documents and Settings\Adam Knox\Desktop\Skate world redone\forum\images\smilies\rodent.gif --> ftp.skate-world.net /public_html/forum/images/smilies rodent.gif
2004.08.26 21:31 B E:\Documents and Settings\Adam Knox\Desktop\Skate world redone\forum\images\smilies\roll.gif --> ftp.skate-world.net /public_html/forum/images/smilies roll.gif
2004.08.26 21:31 B E:\Documents and Settings\Adam Knox\Desktop\Skate world redone\forum\images\smilies\rolleyes.gif --> ftp.skate-world.net /public_html/forum/images/smilies rolleyes.gif
2004.08.26 21:31 B E:\Documents and Settings\Adam Knox\Desktop\Skate world redone\forum\images\smilies\sad.gif --> ftp.skate-world.net /public_html/forum/images/smilies sad.gif
2004.08.26 21:31 B E:\Documents and Settings\Adam Knox\Desktop\Skate world redone\forum\images\smilies\saint.gif --> ftp.skate-world.net /public_html/forum/images/smilies saint.gif
2004.08.26 21:31 B E:\Documents and Settings\Adam Knox\Desktop\Skate world redone\forum\images\smilies\saint2.gif --> ftp.skate-world.net /public_html/forum/images/smilies saint2.gif
2004.08.26 21:31 B E:\Documents and Settings\Adam Knox\Desktop\Skate world redone\forum\images\smilies\shocked.gif --> ftp.skate-world.net /public_html/forum/images/smilies shocked.gif
2004.08.26 21:31 B E:\Documents and Settings\Adam Knox\Desktop\Skate world redone\forum\images\smilies\shocked2.gif --> ftp.skate-world.net /public_html/forum/images/smilies shocked2.gif
2004.08.26 21:31 B E:\Documents and Settings\Adam Knox\Desktop\Skate world redone\forum\images\smilies\singing.gif --> ftp.skate-world.net /public_html/forum/images/smilies singing.gif
2004.08.26 21:31 B E:\Documents and Settings\Adam Knox\Desktop\Skate world redone\forum\images\smilies\smile.gif --> ftp.skate-world.net /public_html/forum/images/smilies smile.gif
2004.08.26 21:31 B E:\Documents and Settings\Adam Knox\Desktop\Skate world redone\forum\images\smilies\smileeek.gif --> ftp.skate-world.net /public_html/forum/images/smilies smileeek.gif
2004.08.26 21:31 B E:\Documents and Settings\Adam Knox\Desktop\Skate world redone\forum\images\smilies\smilegrin.gif --> ftp.skate-world.net /public_html/forum/images/smilies smilegrin.gif
2004.08.26 21:31 B E:\Documents and Settings\Adam Knox\Desktop\Skate world redone\forum\images\smilies\smug.gif --> ftp.skate-world.net /public_html/forum/images/smilies smug.gif
2004.08.26 21:31 B E:\Documents and Settings\Adam Knox\Desktop\Skate world redone\forum\images\smilies\smug_b.gif --> ftp.skate-world.net /public_html/forum/images/smilies smug_b.gif
2004.08.26 21:31 B E:\Documents and Settings\Adam Knox\Desktop\Skate world redone\forum\images\smilies\sniff.gif --> ftp.skate-world.net /public_html/forum/images/smilies sniff.gif
2004.08.26 21:31 B E:\Documents and Settings\Adam Knox\Desktop\Skate world redone\forum\images\smilies\snob.gif --> ftp.skate-world.net /public_html/forum/images/smilies snob.gif
2004.08.26 21:31 B E:\Documents and Settings\Adam Knox\Desktop\Skate world redone\forum\images\smilies\spin.gif --> ftp.skate-world.net /public_html/forum/images/smilies spin.gif
2004.08.26 21:31 B E:\Documents and Settings\Adam Knox\Desktop\Skate world redone\forum\images\smilies\throwup.gif --> ftp.skate-world.net /public_html/forum/images/smilies throwup.gif
2004.08.26 21:31 B E:\Documents and Settings\Adam Knox\Desktop\Skate world redone\forum\images\smilies\thumbdown.gif --> ftp.skate-world.net /public_html/forum/images/smilies thumbdown.gif
2004.08.26 21:31 B E:\Documents and Settings\Adam Knox\Desktop\Skate world redone\forum\images\smilies\Thumbs.db --> ftp.skate-world.net /public_html/forum/images/smilies Thumbs.db
2004.08.26 21:31 B E:\Documents and Settings\Adam Knox\Desktop\Skate world redone\forum\images\smilies\thumbsdown.gif --> ftp.skate-world.net /public_html/forum/images/smilies thumbsdown.gif
2004.08.26 21:31 B E:\Documents and Settings\Adam Knox\Desktop\Skate world redone\forum\images\smilies\thumbsup.gif --> ftp.skate-world.net /public_html/forum/images/smilies thumbsup.gif
2004.08.26 21:31 B E:\Documents and Settings\Adam Knox\Desktop\Skate world redone\forum\images\smilies\thumbup.gif --> ftp.skate-world.net /public_html/forum/images/smilies thumbup.gif
2004.08.26 21:31 B E:\Documents and Settings\Adam Knox\Desktop\Skate world redone\forum\images\smilies\ticking.gif --> ftp.skate-world.net /public_html/forum/images/smilies ticking.gif
2004.08.26 21:31 B E:\Documents and Settings\Adam Knox\Desktop\Skate world redone\forum\images\smilies\tongue.gif --> ftp.skate-world.net /public_html/forum/images/smilies tongue.gif
2004.08.26 21:31 B E:\Documents and Settings\Adam Knox\Desktop\Skate world redone\forum\images\smilies\tounge.gif --> ftp.skate-world.net /public_html/forum/images/smilies tounge.gif
2004.08.26 21:31 B E:\Documents and Settings\Adam Knox\Desktop\Skate world redone\forum\images\smilies\tumble.gif --> ftp.skate-world.net /public_html/forum/images/smilies tumble.gif
2004.08.26 21:31 B E:\Documents and Settings\Adam Knox\Desktop\Skate world redone\forum\images\smilies\ugly_bums.gif --> ftp.skate-world.net /public_html/forum/images/smilies ugly_bums.gif
2004.08.26 21:31 B E:\Documents and Settings\Adam Knox\Desktop\Skate world redone\forum\images\smilies\umm.gif --> ftp.skate-world.net /public_html/forum/images/smilies umm.gif
2004.08.26 21:31 B E:\Documents and Settings\Adam Knox\Desktop\Skate world redone\forum\images\smilies\wink.gif --> ftp.skate-world.net /public_html/forum/images/smilies wink.gif
2004.08.26 21:31 B E:\Documents and Settings\Adam Knox\Desktop\Skate world redone\forum\images\smilies\wink1.gif --> ftp.skate-world.net /public_html/forum/images/smilies wink1.gif
2004.08.26 21:31 B E:\Documents and Settings\Adam Knox\Desktop\Skate world redone\forum\images\smilies\wink2.gif --> ftp.skate-world.net /public_html/forum/images/smilies wink2.gif
2004.08.26 21:31 B E:\Documents and Settings\Adam Knox\Desktop\Skate world redone\forum\images\smilies\wow.gif --> ftp.skate-world.net /public_html/forum/images/smilies wow.gif
2004.09.20 16:41 B E:\Documents and Settings\Adam Knox\My Documents\Skate World\backup\forum\images\smilies\WS_FTP.LOG <-- Skate world Temporary /public_html/forum/images/smilies WS_FTP.LOG
2004.09.20 16:41 B E:\Documents and Settings\Adam Knox\My Documents\Skate World\backup\forum\images\smilies\xd.gif <-- Skate world Temporary /public_html/forum/images/smilies xd.gif
2004.09.20 16:41 B E:\Documents and Settings\Adam Knox\My Documents\Skate World\backup\forum\images\smilies\xmb.gif <-- Skate world Temporary /public_html/forum/images/smilies xmb.gif
2004.09.20 16:41 B E:\Documents and Settings\Adam Knox\My Documents\Skate World\backup\forum\images\smilies\xmb_blue_rsvd.gif <-- Skate world Temporary /public_html/forum/images/smilies xmb_blue_rsvd.gif
2004.09.20 16:41 B E:\Documents and Settings\Adam Knox\My Documents\Skate World\backup\forum\images\smilies\xmb_green_rsvd.gif <-- Skate world Temporary /public_html/forum/images/smilies xmb_green_rsvd.gif
2004.09.20 16:41 B E:\Documents and Settings\Adam Knox\My Documents\Skate World\backup\forum\images\smilies\xmb_orange_rsvd.gif <-- Skate world Temporary /public_html/forum/images/smilies xmb_orange_rsvd.gif
2004.09.20 16:41 B E:\Documents and Settings\Adam Knox\My Documents\Skate World\backup\forum\images\smilies\xmb_purple_rsvd.gif <-- Skate world Temporary /public_html/forum/images/smilies xmb_purple_rsvd.gif
2004.09.20 16:41 B E:\Documents and Settings\Adam Knox\My Documents\Skate World\backup\forum\images\smilies\xmb_red_rsvd.gif <-- Skate world Temporary /public_html/forum/images/smilies xmb_red_rsvd.gif
2004.09.20 16:41 B E:\Documents and Settings\Adam Knox\My Documents\Skate World\backup\forum\images\smilies\xmb_rsvd.gif <-- Skate world Temporary /public_html/forum/images/smilies xmb_rsvd.gif
2004.09.20 16:41 B E:\Documents and Settings\Adam Knox\My Documents\Skate World\backup\forum\images\smilies\xmb_yellow_rsvd.gif <-- Skate world Temporary /public_html/forum/images/smilies xmb_yellow_rsvd.gif
2004.09.20 16:41 B E:\Documents and Settings\Adam Knox\My Documents\Skate World\backup\forum\images\smilies\yawn.gif <-- Skate world Temporary /public_html/forum/images/smilies yawn.gif
2004.09.20 16:41 B E:\Documents and Settings\Adam Knox\My Documents\Skate World\backup\forum\images\smilies\yes.gif <-- Skate world Temporary /public_html/forum/images/smilies yes.gif
2004.10.03 13:18 B G:\Documents and Settings\bilbo\My Documents\SwitchSkate\Skate World\backup\FOLDERS\forum\images\smilies\alien384.gif --> host215.ipowerweb.com /public_html/forum/images/smilies alien384.gif
2004.10.03 13:18 B G:\Documents and Settings\bilbo\My Documents\SwitchSkate\Skate World\backup\FOLDERS\forum\images\smilies\alien8.gif --> host215.ipowerweb.com /public_html/forum/images/smilies alien8.gif
2004.10.03 13:18 B G:\Documents and Settings\bilbo\My Documents\SwitchSkate\Skate World\backup\FOLDERS\forum\images\smilies\baddevil.gif --> host215.ipowerweb.com /public_html/forum/images/smilies baddevil.gif
2004.10.03 13:18 B G:\Documents and Settings\bilbo\My Documents\SwitchSkate\Skate World\backup\FOLDERS\forum\images\smilies\bald.gif --> host215.ipowerweb.com /public_html/forum/images/smilies bald.gif
2004.10.03 13:18 B G:\Documents and Settings\bilbo\My Documents\SwitchSkate\Skate World\backup\FOLDERS\forum\images\smilies\barfy.gif --> host215.ipowerweb.com /public_html/forum/images/smilies barfy.gif
2004.10.03 13:18 B G:\Documents and Settings\bilbo\My Documents\SwitchSkate\Skate World\backup\FOLDERS\forum\images\smilies\bbrules.gif --> host215.ipowerweb.com /public_html/forum/images/smilies bbrules.gif
2004.10.03 13:18 B G:\Documents and Settings\bilbo\My Documents\SwitchSkate\Skate World\backup\FOLDERS\forum\images\smilies\biggrin.gif --> host215.ipowerweb.com /public_html/forum/images/smilies biggrin.gif
2004.10.03 13:18 B G:\Documents and Settings\bilbo\My Documents\SwitchSkate\Skate World\backup\FOLDERS\forum\images\smilies\bigsmile.gif --> host215.ipowerweb.com /public_html/forum/images/smilies bigsmile.gif
2004.10.03 13:18 B G:\Documents and Settings\bilbo\My Documents\SwitchSkate\Skate World\backup\FOLDERS\forum\images\smilies\bird.gif --> host215.ipowerweb.com /public_html/forum/images/smilies bird.gif
2004.10.03 13:18 B G:\Documents and Settings\bilbo\My Documents\SwitchSkate\Skate World\backup\FOLDERS\forum\images\smilies\bisou.gif --> host215.ipowerweb.com /public_html/forum/images/smilies bisou.gif
2004.10.03 13:18 B G:\Documents and Settings\bilbo\My Documents\SwitchSkate\Skate World\backup\FOLDERS\forum\images\smilies\blowjob.gif --> host215.ipowerweb.com /public_html/forum/images/smilies blowjob.gif
2004.10.03 13:18 B G:\Documents and Settings\bilbo\My Documents\SwitchSkate\Skate World\backup\FOLDERS\forum\images\smilies\borg.gif --> host215.ipowerweb.com /public_html/forum/images/smilies borg.gif
2004.10.03 13:18 B G:\Documents and Settings\bilbo\My Documents\SwitchSkate\Skate World\backup\FOLDERS\forum\images\smilies\bouncing.gif --> host215.ipowerweb.com /public_html/forum/images/smilies bouncing.gif
2004.10.03 13:18 B G:\Documents and Settings\bilbo\My Documents\SwitchSkate\Skate World\backup\FOLDERS\forum\images\smilies\bouncy.gif --> host215.ipowerweb.com /public_html/forum/images/smilies bouncy.gif
2004.10.03 13:18 B G:\Documents and Settings\bilbo\My Documents\SwitchSkate\Skate World\backup\FOLDERS\forum\images\smilies\cool.gif --> host215.ipowerweb.com /public_html/forum/images/smilies cool.gif
2004.10.03 13:18 B G:\Documents and Settings\bilbo\My Documents\SwitchSkate\Skate World\backup\FOLDERS\forum\images\smilies\cool2.gif --> host215.ipowerweb.com /public_html/forum/images/smilies cool2.gif
2004.10.03 13:18 B G:\Documents and Settings\bilbo\My Documents\SwitchSkate\Skate World\backup\FOLDERS\forum\images\smilies\cool_rsvd.gif --> host215.ipowerweb.com /public_html/forum/images/smilies cool_rsvd.gif
2004.10.03 13:18 B G:\Documents and Settings\bilbo\My Documents\SwitchSkate\Skate World\backup\FOLDERS\forum\images\smilies\cul.gif --> host215.ipowerweb.com /public_html/forum/images/smilies cul.gif
2004.10.03 13:18 B G:\Documents and Settings\bilbo\My Documents\SwitchSkate\Skate World\backup\FOLDERS\forum\images\smilies\drool.gif --> host215.ipowerweb.com /public_html/forum/images/smilies drool.gif
2004.10.03 13:18 B G:\Documents and Settings\bilbo\My Documents\SwitchSkate\Skate World\backup\FOLDERS\forum\images\smilies\duh.gif --> host215.ipowerweb.com /public_html/forum/images/smilies duh.gif
2004.10.03 13:18 B G:\Documents and Settings\bilbo\My Documents\SwitchSkate\Skate World\backup\FOLDERS\forum\images\smilies\embaressed.gif --> host215.ipowerweb.com /public_html/forum/images/smilies embaressed.gif
2004.10.03 13:18 B G:\Documents and Settings\bilbo\My Documents\SwitchSkate\Skate World\backup\FOLDERS\forum\images\smilies\equal.gif --> host215.ipowerweb.com /public_html/forum/images/smilies equal.gif
2004.10.03 13:18 B G:\Documents and Settings\bilbo\My Documents\SwitchSkate\Skate World\backup\FOLDERS\forum\images\smilies\eureka.gif --> host215.ipowerweb.com /public_html/forum/images/smilies eureka.gif
2004.10.03 13:18 B G:\Documents and Settings\bilbo\My Documents\SwitchSkate\Skate World\backup\FOLDERS\forum\images\smilies\exclamation.gif --> host215.ipowerweb.com /public_html/forum/images/smilies exclamation.gif
2004.10.03 13:18 B G:\Documents and Settings\bilbo\My Documents\SwitchSkate\Skate World\backup\FOLDERS\forum\images\smilies\flaming.gif --> host215.ipowerweb.com /public_html/forum/images/smilies flaming.gif
2004.10.03 13:18 B G:\Documents and Settings\bilbo\My Documents\SwitchSkate\Skate World\backup\FOLDERS\forum\images\smilies\freak.gif --> host215.ipowerweb.com /public_html/forum/images/smilies freak.gif
2004.10.03 13:18 B G:\Documents and Settings\bilbo\My Documents\SwitchSkate\Skate World\backup\FOLDERS\forum\images\smilies\frog.gif --> host215.ipowerweb.com /public_html/forum/images/smilies frog.gif
2004.10.03 13:18 B G:\Documents and Settings\bilbo\My Documents\SwitchSkate\Skate World\backup\FOLDERS\forum\images\smilies\grin.gif --> host215.ipowerweb.com /public_html/forum/images/smilies grin.gif
2004.10.03 13:18 B G:\Documents and Settings\bilbo\My Documents\SwitchSkate\Skate World\backup\FOLDERS\forum\images\smilies\index.html --> host215.ipowerweb.com /public_html/forum/images/smilies index.html
2004.10.03 13:19 B G:\Documents and Settings\bilbo\My Documents\SwitchSkate\Skate World\backup\FOLDERS\forum\images\smilies\info.gif --> host215.ipowerweb.com /public_html/forum/images/smilies info.gif
2004.10.03 13:19 B G:\Documents and Settings\bilbo\My Documents\SwitchSkate\Skate World\backup\FOLDERS\forum\images\smilies\karate.gif --> host215.ipowerweb.com /public_html/forum/images/smilies karate.gif
2004.10.03 13:19 B G:\Documents and Settings\bilbo\My Documents\SwitchSkate\Skate World\backup\FOLDERS\forum\images\smilies\killtard.gif --> host215.ipowerweb.com /public_html/forum/images/smilies killtard.gif
2004.10.03 13:19 B G:\Documents and Settings\bilbo\My Documents\SwitchSkate\Skate World\backup\FOLDERS\forum\images\smilies\kiss.gif --> host215.ipowerweb.com /public_html/forum/images/smilies kiss.gif
2004.10.03 13:19 B G:\Documents and Settings\bilbo\My Documents\SwitchSkate\Skate World\backup\FOLDERS\forum\images\smilies\left_arrow.gif --> host215.ipowerweb.com /public_html/forum/images/smilies left_arrow.gif
2004.10.03 13:19 B G:\Documents and Settings\bilbo\My Documents\SwitchSkate\Skate World\backup\FOLDERS\forum\images\smilies\lol.gif --> host215.ipowerweb.com /public_html/forum/images/smilies lol.gif
2004.10.03 13:19 B G:\Documents and Settings\bilbo\My Documents\SwitchSkate\Skate World\backup\FOLDERS\forum\images\smilies\love.gif --> host215.ipowerweb.com /public_html/forum/images/smilies love.gif
2004.10.03 13:19 B G:\Documents and Settings\bilbo\My Documents\SwitchSkate\Skate World\backup\FOLDERS\forum\images\smilies\love_at_first.gif --> host215.ipowerweb.com /public_html/forum/images/smilies love_at_first.gif
2004.10.03 13:19 B G:\Documents and Settings\bilbo\My Documents\SwitchSkate\Skate World\backup\FOLDERS\forum\images\smilies\mad.gif --> host215.ipowerweb.com /public_html/forum/images/smilies mad.gif
2004.10.03 13:19 B G:\Documents and Settings\bilbo\My Documents\SwitchSkate\Skate World\backup\FOLDERS\forum\images\smilies\money.gif --> host215.ipowerweb.com /public_html/forum/images/smilies money.gif
2004.10.03 13:19 B G:\Documents and Settings\bilbo\My Documents\SwitchSkate\Skate World\backup\FOLDERS\forum\images\smilies\moon.gif --> host215.ipowerweb.com /public_html/forum/images/smilies moon.gif
2004.10.03 13:19 B G:\Documents and Settings\bilbo\My Documents\SwitchSkate\Skate World\backup\FOLDERS\forum\images\smilies\nerd.gif --> host215.ipowerweb.com /public_html/forum/images/smilies nerd.gif
2004.10.03 13:19 B G:\Documents and Settings\bilbo\My Documents\SwitchSkate\Skate World\backup\FOLDERS\forum\images\smilies\ninja.gif --> host215.ipowerweb.com /public_html/forum/images/smilies ninja.gif
2004.10.03 13:19 B G:\Documents and Settings\bilbo\My Documents\SwitchSkate\Skate World\backup\FOLDERS\forum\images\smilies\no.gif --> host215.ipowerweb.com /public_html/forum/images/smilies no.gif
2004.10.03 13:19 B G:\Documents and Settings\bilbo\My Documents\SwitchSkate\Skate World\backup\FOLDERS\forum\images\smilies\oink.gif --> host215.ipowerweb.com /public_html/forum/images/smilies oink.gif
2004.10.03 13:19 B G:\Documents and Settings\bilbo\My Documents\SwitchSkate\Skate World\backup\FOLDERS\forum\images\smilies\online.gif --> host215.ipowerweb.com /public_html/forum/images/smilies online.gif
2004.10.03 13:19 B G:\Documents and Settings\bilbo\My Documents\SwitchSkate\Skate World\backup\FOLDERS\forum\images\smilies\puzzled.gif --> host215.ipowerweb.com /public_html/forum/images/smilies puzzled.gif
2004.10.03 13:19 B G:\Documents and Settings\bilbo\My Documents\SwitchSkate\Skate World\backup\FOLDERS\forum\images\smilies\question.gif --> host215.ipowerweb.com /public_html/forum/images/smilies question.gif
2004.10.03 13:19 B G:\Documents and Settings\bilbo\My Documents\SwitchSkate\Skate World\backup\FOLDERS\forum\images\smilies\regan.gif --> host215.ipowerweb.com /public_html/forum/images/smilies regan.gif
2004.10.03 13:19 B G:\Documents and Settings\bilbo\My Documents\SwitchSkate\Skate World\backup\FOLDERS\forum\images\smilies\right_arrow.gif --> host215.ipowerweb.com /public_html/forum/images/smilies right_arrow.gif
2004.10.03 13:19 B G:\Documents and Settings\bilbo\My Documents\SwitchSkate\Skate World\backup\FOLDERS\forum\images\smilies\rodent.gif --> host215.ipowerweb.com /public_html/forum/images/smilies rodent.gif
2004.10.03 13:19 B G:\Documents and Settings\bilbo\My Documents\SwitchSkate\Skate World\backup\FOLDERS\forum\images\smilies\roll.gif --> host215.ipowerweb.com /public_html/forum/images/smilies roll.gif
2004.10.03 13:19 B G:\Documents and Settings\bilbo\My Documents\SwitchSkate\Skate World\backup\FOLDERS\forum\images\smilies\rolleyes.gif --> host215.ipowerweb.com /public_html/forum/images/smilies rolleyes.gif
2004.10.03 13:19 B G:\Documents and Settings\bilbo\My Documents\SwitchSkate\Skate World\backup\FOLDERS\forum\images\smilies\sad.gif --> host215.ipowerweb.com /public_html/forum/images/smilies sad.gif
2004.10.03 13:19 B G:\Documents and Settings\bilbo\My Documents\SwitchSkate\Skate World\backup\FOLDERS\forum\images\smilies\saint.gif --> host215.ipowerweb.com /public_html/forum/images/smilies saint.gif
2004.10.03 13:19 B G:\Documents and Settings\bilbo\My Documents\SwitchSkate\Skate World\backup\FOLDERS\forum\images\smilies\saint2.gif --> host215.ipowerweb.com /public_html/forum/images/smilies saint2.gif
2004.10.03 13:19 B G:\Documents and Settings\bilbo\My Documents\SwitchSkate\Skate World\backup\FOLDERS\forum\images\smilies\shocked.gif --> host215.ipowerweb.com /public_html/forum/images/smilies shocked.gif
2004.10.03 13:19 B G:\Documents and Settings\bilbo\My Documents\SwitchSkate\Skate World\backup\FOLDERS\forum\images\smilies\shocked2.gif --> host215.ipowerweb.com /public_html/forum/images/smilies shocked2.gif
2004.10.03 13:19 B G:\Documents and Settings\bilbo\My Documents\SwitchSkate\Skate World\backup\FOLDERS\forum\images\smilies\singing.gif --> host215.ipowerweb.com /public_html/forum/images/smilies singing.gif
2004.10.03 13:19 B G:\Documents and Settings\bilbo\My Documents\SwitchSkate\Skate World\backup\FOLDERS\forum\images\smilies\smile.gif --> host215.ipowerweb.com /public_html/forum/images/smilies smile.gif
2004.10.03 13:19 B G:\Documents and Settings\bilbo\My Documents\SwitchSkate\Skate World\backup\FOLDERS\forum\images\smilies\smileeek.gif --> host215.ipowerweb.com /public_html/forum/images/smilies smileeek.gif
2004.10.03 13:19 B G:\Documents and Settings\bilbo\My Documents\SwitchSkate\Skate World\backup\FOLDERS\forum\images\smilies\smilegrin.gif --> host215.ipowerweb.com /public_html/forum/images/smilies smilegrin.gif
2004.10.03 13:19 B G:\Documents and Settings\bilbo\My Documents\SwitchSkate\Skate World\backup\FOLDERS\forum\images\smilies\smug.gif --> host215.ipowerweb.com /public_html/forum/images/smilies smug.gif
2004.10.03 13:19 B G:\Documents and Settings\bilbo\My Documents\SwitchSkate\Skate World\backup\FOLDERS\forum\images\smilies\smug_b.gif --> host215.ipowerweb.com /public_html/forum/images/smilies smug_b.gif
2004.10.03 13:19 B G:\Documents and Settings\bilbo\My Documents\SwitchSkate\Skate World\backup\FOLDERS\forum\images\smilies\sniff.gif --> host215.ipowerweb.com /public_html/forum/images/smilies sniff.gif
2004.10.03 13:19 B G:\Documents and Settings\bilbo\My Documents\SwitchSkate\Skate World\backup\FOLDERS\forum\images\smilies\snob.gif --> host215.ipowerweb.com /public_html/forum/images/smilies snob.gif
2004.10.03 13:19 B G:\Documents and Settings\bilbo\My Documents\SwitchSkate\Skate World\backup\FOLDERS\forum\images\smilies\spin.gif --> host215.ipowerweb.com /public_html/forum/images/smilies spin.gif
2004.10.03 13:19 B G:\Documents and Settings\bilbo\My Documents\SwitchSkate\Skate World\backup\FOLDERS\forum\images\smilies\throwup.gif --> host215.ipowerweb.com /public_html/forum/images/smilies throwup.gif
2004.10.03 13:19 B G:\Documents and Settings\bilbo\My Documents\SwitchSkate\Skate World\backup\FOLDERS\forum\images\smilies\thumbdown.gif --> host215.ipowerweb.com /public_html/forum/images/smilies thumbdown.gif
2004.10.03 13:19 B G:\Documents and Settings\bilbo\My Documents\SwitchSkate\Skate World\backup\FOLDERS\forum\images\smilies\Thumbs.db --> host215.ipowerweb.com /public_html/forum/images/smilies Thumbs.db
2004.10.03 13:19 B G:\Documents and Settings\bilbo\My Documents\SwitchSkate\Skate World\backup\FOLDERS\forum\images\smilies\thumbsdown.gif --> host215.ipowerweb.com /public_html/forum/images/smilies thumbsdown.gif
2004.10.03 13:19 B G:\Documents and Settings\bilbo\My Documents\SwitchSkate\Skate World\backup\FOLDERS\forum\images\smilies\thumbsup.gif --> host215.ipowerweb.com /public_html/forum/images/smilies thumbsup.gif
2004.10.03 13:19 B G:\Documents and Settings\bilbo\My Documents\SwitchSkate\Skate World\backup\FOLDERS\forum\images\smilies\thumbup.gif --> host215.ipowerweb.com /public_html/forum/images/smilies thumbup.gif
2004.10.03 13:19 B G:\Documents and Settings\bilbo\My Documents\SwitchSkate\Skate World\backup\FOLDERS\forum\images\smilies\ticking.gif --> host215.ipowerweb.com /public_html/forum/images/smilies ticking.gif
2004.10.03 13:19 B G:\Documents and Settings\bilbo\My Documents\SwitchSkate\Skate World\backup\FOLDERS\forum\images\smilies\tongue.gif --> host215.ipowerweb.com /public_html/forum/images/smilies tongue.gif
2004.10.03 13:19 B G:\Documents and Settings\bilbo\My Documents\SwitchSkate\Skate World\backup\FOLDERS\forum\images\smilies\tounge.gif --> host215.ipowerweb.com /public_html/forum/images/smilies tounge.gif
2004.10.03 13:19 B G:\Documents and Settings\bilbo\My Documents\SwitchSkate\Skate World\backup\FOLDERS\forum\images\smilies\tumble.gif --> host215.ipowerweb.com /public_html/forum/images/smilies tumble.gif
2004.10.03 13:19 B G:\Documents and Settings\bilbo\My Documents\SwitchSkate\Skate World\backup\FOLDERS\forum\images\smilies\ugly_bums.gif --> host215.ipowerweb.com /public_html/forum/images/smilies ugly_bums.gif
2004.10.03 13:19 B G:\Documents and Settings\bilbo\My Documents\SwitchSkate\Skate World\backup\FOLDERS\forum\images\smilies\umm.gif --> host215.ipowerweb.com /public_html/forum/images/smilies umm.gif
2004.10.03 13:19 B G:\Documents and Settings\bilbo\My Documents\SwitchSkate\Skate World\backup\FOLDERS\forum\images\smilies\wink.gif --> host215.ipowerweb.com /public_html/forum/images/smilies wink.gif
2004.10.03 13:19 B G:\Documents and Settings\bilbo\My Documents\SwitchSkate\Skate World\backup\FOLDERS\forum\images\smilies\wink1.gif --> host215.ipowerweb.com /public_html/forum/images/smilies wink1.gif
2004.10.03 13:19 B G:\Documents and Settings\bilbo\My Documents\SwitchSkate\Skate World\backup\FOLDERS\forum\images\smilies\wink2.gif --> host215.ipowerweb.com /public_html/forum/images/smilies wink2.gif
2004.10.03 13:19 B G:\Documents and Settings\bilbo\My Documents\SwitchSkate\Skate World\backup\FOLDERS\forum\images\smilies\wow.gif --> host215.ipowerweb.com /public_html/forum/images/smilies wow.gif
2005.08.29 23:06 B C:\Documents and Settings\Adam.ADAMK\My Documents\Programming\Switch Skate\Layouts\Backups\File Backups\public_html\forums\images\smilies\WS_FTP.LOG <-- Switch Skate /public_html/forums/images/smilies WS_FTP.LOG
2005.08.29 23:06 B C:\Documents and Settings\Adam.ADAMK\My Documents\Programming\Switch Skate\Layouts\Backups\File Backups\public_html\forums\images\smilies\xd.gif <-- Switch Skate /public_html/forums/images/smilies xd.gif
2005.08.29 23:06 B C:\Documents and Settings\Adam.ADAMK\My Documents\Programming\Switch Skate\Layouts\Backups\File Backups\public_html\forums\images\smilies\xmb.gif <-- Switch Skate /public_html/forums/images/smilies xmb.gif
2005.08.29 23:06 B C:\Documents and Settings\Adam.ADAMK\My Documents\Programming\Switch Skate\Layouts\Backups\File Backups\public_html\forums\images\smilies\xmb_blue_rsvd.gif <-- Switch Skate /public_html/forums/images/smilies xmb_blue_rsvd.gif
2005.08.29 23:06 B C:\Documents and Settings\Adam.ADAMK\My Documents\Programming\Switch Skate\Layouts\Backups\File Backups\public_html\forums\images\smilies\xmb_green_rsvd.gif <-- Switch Skate /public_html/forums/images/smilies xmb_green_rsvd.gif
2005.08.29 23:06 B C:\Documents and Settings\Adam.ADAMK\My Documents\Programming\Switch Skate\Layouts\Backups\File Backups\public_html\forums\images\smilies\xmb_orange_rsvd.gif <-- Switch Skate /public_html/forums/images/smilies xmb_orange_rsvd.gif
2005.08.29 23:06 B C:\Documents and Settings\Adam.ADAMK\My Documents\Programming\Switch Skate\Layouts\Backups\File Backups\public_html\forums\images\smilies\xmb_purple_rsvd.gif <-- Switch Skate /public_html/forums/images/smilies xmb_purple_rsvd.gif
2005.08.29 23:06 B C:\Documents and Settings\Adam.ADAMK\My Documents\Programming\Switch Skate\Layouts\Backups\File Backups\public_html\forums\images\smilies\xmb_red_rsvd.gif <-- Switch Skate /public_html/forums/images/smilies xmb_red_rsvd.gif
2005.08.29 23:06 B C:\Documents and Settings\Adam.ADAMK\My Documents\Programming\Switch Skate\Layouts\Backups\File Backups\public_html\forums\images\smilies\xmb_rsvd.gif <-- Switch Skate /public_html/forums/images/smilies xmb_rsvd.gif
2005.08.29 23:06 B C:\Documents and Settings\Adam.ADAMK\My Documents\Programming\Switch Skate\Layouts\Backups\File Backups\public_html\forums\images\smilies\xmb_yellow_rsvd.gif <-- Switch Skate /public_html/forums/images/smilies xmb_yellow_rsvd.gif
2005.08.29 23:06 B C:\Documents and Settings\Adam.ADAMK\My Documents\Programming\Switch Skate\Layouts\Backups\File Backups\public_html\forums\images\smilies\yawn.gif <-- Switch Skate /public_html/forums/images/smilies yawn.gif
2005.08.29 23:06 B C:\Documents and Settings\Adam.ADAMK\My Documents\Programming\Switch Skate\Layouts\Backups\File Backups\public_html\forums\images\smilies\yes.gif <-- Switch Skate /public_html/forums/images/smilies yes.gif
