2005.08.29 22:32 B C:\Documents and Settings\Adam.ADAMK\My Documents\Programming\Switch Skate\Layouts\Backups\File Backups\public_html\forums\images\deepblue\address.gif <-- Switch Skate /public_html/forums/images/deepblue address.gif
2005.08.29 22:32 B C:\Documents and Settings\Adam.ADAMK\My Documents\Programming\Switch Skate\Layouts\Backups\File Backups\public_html\forums\images\deepblue\aim.gif <-- Switch Skate /public_html/forums/images/deepblue aim.gif
2005.08.29 22:32 B C:\Documents and Settings\Adam.ADAMK\My Documents\Programming\Switch Skate\Layouts\Backups\File Backups\public_html\forums\images\deepblue\arrow_dw.gif <-- Switch Skate /public_html/forums/images/deepblue arrow_dw.gif
2005.08.29 22:32 B C:\Documents and Settings\Adam.ADAMK\My Documents\Programming\Switch Skate\Layouts\Backups\File Backups\public_html\forums\images\deepblue\arrow_up.gif <-- Switch Skate /public_html/forums/images/deepblue arrow_up.gif
2005.08.29 22:32 B C:\Documents and Settings\Adam.ADAMK\My Documents\Programming\Switch Skate\Layouts\Backups\File Backups\public_html\forums\images\deepblue\b.gif <-- Switch Skate /public_html/forums/images/deepblue b.gif
2005.08.29 22:32 B C:\Documents and Settings\Adam.ADAMK\My Documents\Programming\Switch Skate\Layouts\Backups\File Backups\public_html\forums\images\deepblue\bar.gif <-- Switch Skate /public_html/forums/images/deepblue bar.gif
2005.08.29 22:32 B C:\Documents and Settings\Adam.ADAMK\My Documents\Programming\Switch Skate\Layouts\Backups\File Backups\public_html\forums\images\deepblue\bb_bold.gif <-- Switch Skate /public_html/forums/images/deepblue bb_bold.gif
2005.08.29 22:32 B C:\Documents and Settings\Adam.ADAMK\My Documents\Programming\Switch Skate\Layouts\Backups\File Backups\public_html\forums\images\deepblue\bb_center.gif <-- Switch Skate /public_html/forums/images/deepblue bb_center.gif
2005.08.29 22:32 B C:\Documents and Settings\Adam.ADAMK\My Documents\Programming\Switch Skate\Layouts\Backups\File Backups\public_html\forums\images\deepblue\bb_code.gif <-- Switch Skate /public_html/forums/images/deepblue bb_code.gif
2005.08.29 22:32 B C:\Documents and Settings\Adam.ADAMK\My Documents\Programming\Switch Skate\Layouts\Backups\File Backups\public_html\forums\images\deepblue\bb_email.gif <-- Switch Skate /public_html/forums/images/deepblue bb_email.gif
2005.08.29 22:32 B C:\Documents and Settings\Adam.ADAMK\My Documents\Programming\Switch Skate\Layouts\Backups\File Backups\public_html\forums\images\deepblue\bb_hide.gif <-- Switch Skate /public_html/forums/images/deepblue bb_hide.gif
2005.08.29 22:32 B C:\Documents and Settings\Adam.ADAMK\My Documents\Programming\Switch Skate\Layouts\Backups\File Backups\public_html\forums\images\deepblue\bb_image.gif <-- Switch Skate /public_html/forums/images/deepblue bb_image.gif
2005.08.29 22:32 B C:\Documents and Settings\Adam.ADAMK\My Documents\Programming\Switch Skate\Layouts\Backups\File Backups\public_html\forums\images\deepblue\bb_italicize.gif <-- Switch Skate /public_html/forums/images/deepblue bb_italicize.gif
2005.08.29 22:32 B C:\Documents and Settings\Adam.ADAMK\My Documents\Programming\Switch Skate\Layouts\Backups\File Backups\public_html\forums\images\deepblue\bb_list.gif <-- Switch Skate /public_html/forums/images/deepblue bb_list.gif
2005.08.29 22:32 B C:\Documents and Settings\Adam.ADAMK\My Documents\Programming\Switch Skate\Layouts\Backups\File Backups\public_html\forums\images\deepblue\bb_quote.gif <-- Switch Skate /public_html/forums/images/deepblue bb_quote.gif
2005.08.29 22:32 B C:\Documents and Settings\Adam.ADAMK\My Documents\Programming\Switch Skate\Layouts\Backups\File Backups\public_html\forums\images\deepblue\bb_underline.gif <-- Switch Skate /public_html/forums/images/deepblue bb_underline.gif
2005.08.29 22:32 B C:\Documents and Settings\Adam.ADAMK\My Documents\Programming\Switch Skate\Layouts\Backups\File Backups\public_html\forums\images\deepblue\bb_url.gif <-- Switch Skate /public_html/forums/images/deepblue bb_url.gif
2005.08.29 22:32 B C:\Documents and Settings\Adam.ADAMK\My Documents\Programming\Switch Skate\Layouts\Backups\File Backups\public_html\forums\images\deepblue\bbrules.gif <-- Switch Skate /public_html/forums/images/deepblue bbrules.gif
2005.08.29 22:32 B C:\Documents and Settings\Adam.ADAMK\My Documents\Programming\Switch Skate\Layouts\Backups\File Backups\public_html\forums\images\deepblue\bluebar.gif <-- Switch Skate /public_html/forums/images/deepblue bluebar.gif
2005.08.29 22:32 B C:\Documents and Settings\Adam.ADAMK\My Documents\Programming\Switch Skate\Layouts\Backups\File Backups\public_html\forums\images\deepblue\boardheader.gif <-- Switch Skate /public_html/forums/images/deepblue boardheader.gif
2005.08.29 22:32 B C:\Documents and Settings\Adam.ADAMK\My Documents\Programming\Switch Skate\Layouts\Backups\File Backups\public_html\forums\images\deepblue\deepblueheader.gif <-- Switch Skate /public_html/forums/images/deepblue deepblueheader.gif
2005.08.29 22:32 B C:\Documents and Settings\Adam.ADAMK\My Documents\Programming\Switch Skate\Layouts\Backups\File Backups\public_html\forums\images\deepblue\dot_folder.gif <-- Switch Skate /public_html/forums/images/deepblue dot_folder.gif
2005.08.29 22:32 B C:\Documents and Settings\Adam.ADAMK\My Documents\Programming\Switch Skate\Layouts\Backups\File Backups\public_html\forums\images\deepblue\dot_hot_folder.gif <-- Switch Skate /public_html/forums/images/deepblue dot_hot_folder.gif
2005.08.29 22:32 B C:\Documents and Settings\Adam.ADAMK\My Documents\Programming\Switch Skate\Layouts\Backups\File Backups\public_html\forums\images\deepblue\dot_hot_red_folder.gif <-- Switch Skate /public_html/forums/images/deepblue dot_hot_red_folder.gif
2005.08.29 22:32 B C:\Documents and Settings\Adam.ADAMK\My Documents\Programming\Switch Skate\Layouts\Backups\File Backups\public_html\forums\images\deepblue\dot_red_folder.gif <-- Switch Skate /public_html/forums/images/deepblue dot_red_folder.gif
2005.08.29 22:32 B C:\Documents and Settings\Adam.ADAMK\My Documents\Programming\Switch Skate\Layouts\Backups\File Backups\public_html\forums\images\deepblue\edit.gif <-- Switch Skate /public_html/forums/images/deepblue edit.gif
2005.08.29 22:32 B C:\Documents and Settings\Adam.ADAMK\My Documents\Programming\Switch Skate\Layouts\Backups\File Backups\public_html\forums\images\deepblue\email.gif <-- Switch Skate /public_html/forums/images/deepblue email.gif
2005.08.29 22:32 B C:\Documents and Settings\Adam.ADAMK\My Documents\Programming\Switch Skate\Layouts\Backups\File Backups\public_html\forums\images\deepblue\faq.gif <-- Switch Skate /public_html/forums/images/deepblue faq.gif
2005.08.29 22:32 B C:\Documents and Settings\Adam.ADAMK\My Documents\Programming\Switch Skate\Layouts\Backups\File Backups\public_html\forums\images\deepblue\find.gif <-- Switch Skate /public_html/forums/images/deepblue find.gif
2005.08.29 22:32 B C:\Documents and Settings\Adam.ADAMK\My Documents\Programming\Switch Skate\Layouts\Backups\File Backups\public_html\forums\images\deepblue\folder.gif <-- Switch Skate /public_html/forums/images/deepblue folder.gif
2005.08.29 22:32 B C:\Documents and Settings\Adam.ADAMK\My Documents\Programming\Switch Skate\Layouts\Backups\File Backups\public_html\forums\images\deepblue\forumhead.gif <-- Switch Skate /public_html/forums/images/deepblue forumhead.gif
2005.08.29 22:32 B C:\Documents and Settings\Adam.ADAMK\My Documents\Programming\Switch Skate\Layouts\Backups\File Backups\public_html\forums\images\deepblue\g.gif <-- Switch Skate /public_html/forums/images/deepblue g.gif
2005.08.29 22:32 B C:\Documents and Settings\Adam.ADAMK\My Documents\Programming\Switch Skate\Layouts\Backups\File Backups\public_html\forums\images\deepblue\home.gif <-- Switch Skate /public_html/forums/images/deepblue home.gif
2005.08.29 22:32 B C:\Documents and Settings\Adam.ADAMK\My Documents\Programming\Switch Skate\Layouts\Backups\File Backups\public_html\forums\images\deepblue\hot_folder.gif <-- Switch Skate /public_html/forums/images/deepblue hot_folder.gif
2005.08.29 22:32 B C:\Documents and Settings\Adam.ADAMK\My Documents\Programming\Switch Skate\Layouts\Backups\File Backups\public_html\forums\images\deepblue\hot_red_folder.gif <-- Switch Skate /public_html/forums/images/deepblue hot_red_folder.gif
2005.08.29 22:32 B C:\Documents and Settings\Adam.ADAMK\My Documents\Programming\Switch Skate\Layouts\Backups\File Backups\public_html\forums\images\deepblue\icq_add.gif <-- Switch Skate /public_html/forums/images/deepblue icq_add.gif
2005.08.29 22:32 B C:\Documents and Settings\Adam.ADAMK\My Documents\Programming\Switch Skate\Layouts\Backups\File Backups\public_html\forums\images\deepblue\inbox.gif <-- Switch Skate /public_html/forums/images/deepblue inbox.gif
2005.08.29 22:32 B C:\Documents and Settings\Adam.ADAMK\My Documents\Programming\Switch Skate\Layouts\Backups\File Backups\public_html\forums\images\deepblue\ip.gif <-- Switch Skate /public_html/forums/images/deepblue ip.gif
2005.08.29 22:32 B C:\Documents and Settings\Adam.ADAMK\My Documents\Programming\Switch Skate\Layouts\Backups\File Backups\public_html\forums\images\deepblue\ipost.gif <-- Switch Skate /public_html/forums/images/deepblue ipost.gif
2005.08.29 22:32 B C:\Documents and Settings\Adam.ADAMK\My Documents\Programming\Switch Skate\Layouts\Backups\File Backups\public_html\forums\images\deepblue\lastpost.gif <-- Switch Skate /public_html/forums/images/deepblue lastpost.gif
2005.08.29 22:32 B C:\Documents and Settings\Adam.ADAMK\My Documents\Programming\Switch Skate\Layouts\Backups\File Backups\public_html\forums\images\deepblue\lock_folder.gif <-- Switch Skate /public_html/forums/images/deepblue lock_folder.gif
2005.08.29 22:32 B C:\Documents and Settings\Adam.ADAMK\My Documents\Programming\Switch Skate\Layouts\Backups\File Backups\public_html\forums\images\deepblue\locku2u.gif <-- Switch Skate /public_html/forums/images/deepblue locku2u.gif
2005.08.29 22:32 B C:\Documents and Settings\Adam.ADAMK\My Documents\Programming\Switch Skate\Layouts\Backups\File Backups\public_html\forums\images\deepblue\members_list.gif <-- Switch Skate /public_html/forums/images/deepblue members_list.gif
2005.08.29 22:32 B C:\Documents and Settings\Adam.ADAMK\My Documents\Programming\Switch Skate\Layouts\Backups\File Backups\public_html\forums\images\deepblue\msn.gif <-- Switch Skate /public_html/forums/images/deepblue msn.gif
2005.08.29 22:32 B C:\Documents and Settings\Adam.ADAMK\My Documents\Programming\Switch Skate\Layouts\Backups\File Backups\public_html\forums\images\deepblue\newbankrequest.gif <-- Switch Skate /public_html/forums/images/deepblue newbankrequest.gif
2005.08.29 22:32 B C:\Documents and Settings\Adam.ADAMK\My Documents\Programming\Switch Skate\Layouts\Backups\File Backups\public_html\forums\images\deepblue\newmessage.gif <-- Switch Skate /public_html/forums/images/deepblue newmessage.gif
2005.08.29 22:32 B C:\Documents and Settings\Adam.ADAMK\My Documents\Programming\Switch Skate\Layouts\Backups\File Backups\public_html\forums\images\deepblue\newtopic.gif <-- Switch Skate /public_html/forums/images/deepblue newtopic.gif
2005.08.29 22:32 B C:\Documents and Settings\Adam.ADAMK\My Documents\Programming\Switch Skate\Layouts\Backups\File Backups\public_html\forums\images\deepblue\newu2u.gif <-- Switch Skate /public_html/forums/images/deepblue newu2u.gif
2005.08.29 22:32 B C:\Documents and Settings\Adam.ADAMK\My Documents\Programming\Switch Skate\Layouts\Backups\File Backups\public_html\forums\images\deepblue\online.gif <-- Switch Skate /public_html/forums/images/deepblue online.gif
2005.08.29 22:32 B C:\Documents and Settings\Adam.ADAMK\My Documents\Programming\Switch Skate\Layouts\Backups\File Backups\public_html\forums\images\deepblue\online_guest.gif <-- Switch Skate /public_html/forums/images/deepblue online_guest.gif
2005.08.29 22:32 B C:\Documents and Settings\Adam.ADAMK\My Documents\Programming\Switch Skate\Layouts\Backups\File Backups\public_html\forums\images\deepblue\outbox.gif <-- Switch Skate /public_html/forums/images/deepblue outbox.gif
2005.08.29 22:32 B C:\Documents and Settings\Adam.ADAMK\My Documents\Programming\Switch Skate\Layouts\Backups\File Backups\public_html\forums\images\deepblue\pin.gif <-- Switch Skate /public_html/forums/images/deepblue pin.gif
2005.08.29 22:32 B C:\Documents and Settings\Adam.ADAMK\My Documents\Programming\Switch Skate\Layouts\Backups\File Backups\public_html\forums\images\deepblue\pixel.gif <-- Switch Skate /public_html/forums/images/deepblue pixel.gif
2005.08.29 22:32 B C:\Documents and Settings\Adam.ADAMK\My Documents\Programming\Switch Skate\Layouts\Backups\File Backups\public_html\forums\images\deepblue\poll.gif <-- Switch Skate /public_html/forums/images/deepblue poll.gif
2005.08.29 22:32 B C:\Documents and Settings\Adam.ADAMK\My Documents\Programming\Switch Skate\Layouts\Backups\File Backups\public_html\forums\images\deepblue\pollbar-e.gif <-- Switch Skate /public_html/forums/images/deepblue pollbar-e.gif
2005.08.29 22:32 B C:\Documents and Settings\Adam.ADAMK\My Documents\Programming\Switch Skate\Layouts\Backups\File Backups\public_html\forums\images\deepblue\pollbar-s.gif <-- Switch Skate /public_html/forums/images/deepblue pollbar-s.gif
2005.08.29 22:32 B C:\Documents and Settings\Adam.ADAMK\My Documents\Programming\Switch Skate\Layouts\Backups\File Backups\public_html\forums\images\deepblue\pollbar.gif <-- Switch Skate /public_html/forums/images/deepblue pollbar.gif
2005.08.29 22:32 B C:\Documents and Settings\Adam.ADAMK\My Documents\Programming\Switch Skate\Layouts\Backups\File Backups\public_html\forums\images\deepblue\pollsmall.gif <-- Switch Skate /public_html/forums/images/deepblue pollsmall.gif
2005.08.29 22:33 B C:\Documents and Settings\Adam.ADAMK\My Documents\Programming\Switch Skate\Layouts\Backups\File Backups\public_html\forums\images\deepblue\profile.gif <-- Switch Skate /public_html/forums/images/deepblue profile.gif
2005.08.29 22:33 B C:\Documents and Settings\Adam.ADAMK\My Documents\Programming\Switch Skate\Layouts\Backups\File Backups\public_html\forums\images\deepblue\quote.gif <-- Switch Skate /public_html/forums/images/deepblue quote.gif
2005.08.29 22:33 B C:\Documents and Settings\Adam.ADAMK\My Documents\Programming\Switch Skate\Layouts\Backups\File Backups\public_html\forums\images\deepblue\red_folder.gif <-- Switch Skate /public_html/forums/images/deepblue red_folder.gif
2005.08.29 22:33 B C:\Documents and Settings\Adam.ADAMK\My Documents\Programming\Switch Skate\Layouts\Backups\File Backups\public_html\forums\images\deepblue\reply.gif <-- Switch Skate /public_html/forums/images/deepblue reply.gif
2005.08.29 22:33 B C:\Documents and Settings\Adam.ADAMK\My Documents\Programming\Switch Skate\Layouts\Backups\File Backups\public_html\forums\images\deepblue\report.gif <-- Switch Skate /public_html/forums/images/deepblue report.gif
2005.08.29 22:33 B C:\Documents and Settings\Adam.ADAMK\My Documents\Programming\Switch Skate\Layouts\Backups\File Backups\public_html\forums\images\deepblue\search.gif <-- Switch Skate /public_html/forums/images/deepblue search.gif
2005.08.29 22:33 B C:\Documents and Settings\Adam.ADAMK\My Documents\Programming\Switch Skate\Layouts\Backups\File Backups\public_html\forums\images\deepblue\silverbar.gif <-- Switch Skate /public_html/forums/images/deepblue silverbar.gif
2005.08.29 22:33 B C:\Documents and Settings\Adam.ADAMK\My Documents\Programming\Switch Skate\Layouts\Backups\File Backups\public_html\forums\images\deepblue\site.gif <-- Switch Skate /public_html/forums/images/deepblue site.gif
2005.08.29 22:33 B C:\Documents and Settings\Adam.ADAMK\My Documents\Programming\Switch Skate\Layouts\Backups\File Backups\public_html\forums\images\deepblue\star.gif <-- Switch Skate /public_html/forums/images/deepblue star.gif
2005.08.29 22:33 B C:\Documents and Settings\Adam.ADAMK\My Documents\Programming\Switch Skate\Layouts\Backups\File Backups\public_html\forums\images\deepblue\stats.gif <-- Switch Skate /public_html/forums/images/deepblue stats.gif
2005.08.29 22:33 B C:\Documents and Settings\Adam.ADAMK\My Documents\Programming\Switch Skate\Layouts\Backups\File Backups\public_html\forums\images\deepblue\todays_posts.gif <-- Switch Skate /public_html/forums/images/deepblue todays_posts.gif
2005.08.29 22:33 B C:\Documents and Settings\Adam.ADAMK\My Documents\Programming\Switch Skate\Layouts\Backups\File Backups\public_html\forums\images\deepblue\u2u.gif <-- Switch Skate /public_html/forums/images/deepblue u2u.gif
2005.08.29 22:33 B C:\Documents and Settings\Adam.ADAMK\My Documents\Programming\Switch Skate\Layouts\Backups\File Backups\public_html\forums\images\deepblue\u2u_in.gif <-- Switch Skate /public_html/forums/images/deepblue u2u_in.gif
2005.08.29 22:33 B C:\Documents and Settings\Adam.ADAMK\My Documents\Programming\Switch Skate\Layouts\Backups\File Backups\public_html\forums\images\deepblue\u2u_none.gif <-- Switch Skate /public_html/forums/images/deepblue u2u_none.gif
2005.08.29 22:33 B C:\Documents and Settings\Adam.ADAMK\My Documents\Programming\Switch Skate\Layouts\Backups\File Backups\public_html\forums\images\deepblue\xmbheader.gif <-- Switch Skate /public_html/forums/images/deepblue xmbheader.gif
2005.08.29 22:33 B C:\Documents and Settings\Adam.ADAMK\My Documents\Programming\Switch Skate\Layouts\Backups\File Backups\public_html\forums\images\deepblue\xplogo.gif <-- Switch Skate /public_html/forums/images/deepblue xplogo.gif
2005.08.29 22:33 B C:\Documents and Settings\Adam.ADAMK\My Documents\Programming\Switch Skate\Layouts\Backups\File Backups\public_html\forums\images\deepblue\yahoo.gif <-- Switch Skate /public_html/forums/images/deepblue yahoo.gif
