2005.08.29 22:34 B C:\Documents and Settings\Adam.ADAMK\My Documents\Programming\Switch Skate\Layouts\Backups\File Backups\public_html\forums\images\demiZeBlack\address.gif <-- Switch Skate /public_html/forums/images/demiZeBlack address.gif
2005.08.29 22:34 B C:\Documents and Settings\Adam.ADAMK\My Documents\Programming\Switch Skate\Layouts\Backups\File Backups\public_html\forums\images\demiZeBlack\aim.gif <-- Switch Skate /public_html/forums/images/demiZeBlack aim.gif
2005.08.29 22:34 B C:\Documents and Settings\Adam.ADAMK\My Documents\Programming\Switch Skate\Layouts\Backups\File Backups\public_html\forums\images\demiZeBlack\arrow_dw.gif <-- Switch Skate /public_html/forums/images/demiZeBlack arrow_dw.gif
2005.08.29 22:34 B C:\Documents and Settings\Adam.ADAMK\My Documents\Programming\Switch Skate\Layouts\Backups\File Backups\public_html\forums\images\demiZeBlack\arrow_up.gif <-- Switch Skate /public_html/forums/images/demiZeBlack arrow_up.gif
2005.08.29 22:34 B C:\Documents and Settings\Adam.ADAMK\My Documents\Programming\Switch Skate\Layouts\Backups\File Backups\public_html\forums\images\demiZeBlack\b.gif <-- Switch Skate /public_html/forums/images/demiZeBlack b.gif
2005.08.29 22:34 B C:\Documents and Settings\Adam.ADAMK\My Documents\Programming\Switch Skate\Layouts\Backups\File Backups\public_html\forums\images\demiZeBlack\bb_bold.gif <-- Switch Skate /public_html/forums/images/demiZeBlack bb_bold.gif
2005.08.29 22:34 B C:\Documents and Settings\Adam.ADAMK\My Documents\Programming\Switch Skate\Layouts\Backups\File Backups\public_html\forums\images\demiZeBlack\bb_center.gif <-- Switch Skate /public_html/forums/images/demiZeBlack bb_center.gif
2005.08.29 22:34 B C:\Documents and Settings\Adam.ADAMK\My Documents\Programming\Switch Skate\Layouts\Backups\File Backups\public_html\forums\images\demiZeBlack\bb_code.gif <-- Switch Skate /public_html/forums/images/demiZeBlack bb_code.gif
2005.08.29 22:34 B C:\Documents and Settings\Adam.ADAMK\My Documents\Programming\Switch Skate\Layouts\Backups\File Backups\public_html\forums\images\demiZeBlack\bb_email.gif <-- Switch Skate /public_html/forums/images/demiZeBlack bb_email.gif
2005.08.29 22:34 B C:\Documents and Settings\Adam.ADAMK\My Documents\Programming\Switch Skate\Layouts\Backups\File Backups\public_html\forums\images\demiZeBlack\bb_hide.gif <-- Switch Skate /public_html/forums/images/demiZeBlack bb_hide.gif
2005.08.29 22:34 B C:\Documents and Settings\Adam.ADAMK\My Documents\Programming\Switch Skate\Layouts\Backups\File Backups\public_html\forums\images\demiZeBlack\bb_image.gif <-- Switch Skate /public_html/forums/images/demiZeBlack bb_image.gif
2005.08.29 22:34 B C:\Documents and Settings\Adam.ADAMK\My Documents\Programming\Switch Skate\Layouts\Backups\File Backups\public_html\forums\images\demiZeBlack\bb_italicize.gif <-- Switch Skate /public_html/forums/images/demiZeBlack bb_italicize.gif
2005.08.29 22:34 B C:\Documents and Settings\Adam.ADAMK\My Documents\Programming\Switch Skate\Layouts\Backups\File Backups\public_html\forums\images\demiZeBlack\bb_list.gif <-- Switch Skate /public_html/forums/images/demiZeBlack bb_list.gif
2005.08.29 22:34 B C:\Documents and Settings\Adam.ADAMK\My Documents\Programming\Switch Skate\Layouts\Backups\File Backups\public_html\forums\images\demiZeBlack\bb_quote.gif <-- Switch Skate /public_html/forums/images/demiZeBlack bb_quote.gif
2005.08.29 22:34 B C:\Documents and Settings\Adam.ADAMK\My Documents\Programming\Switch Skate\Layouts\Backups\File Backups\public_html\forums\images\demiZeBlack\bb_underline.gif <-- Switch Skate /public_html/forums/images/demiZeBlack bb_underline.gif
2005.08.29 22:34 B C:\Documents and Settings\Adam.ADAMK\My Documents\Programming\Switch Skate\Layouts\Backups\File Backups\public_html\forums\images\demiZeBlack\bb_url.gif <-- Switch Skate /public_html/forums/images/demiZeBlack bb_url.gif
2005.08.29 22:34 B C:\Documents and Settings\Adam.ADAMK\My Documents\Programming\Switch Skate\Layouts\Backups\File Backups\public_html\forums\images\demiZeBlack\bbrules.gif <-- Switch Skate /public_html/forums/images/demiZeBlack bbrules.gif
2005.08.29 22:34 B C:\Documents and Settings\Adam.ADAMK\My Documents\Programming\Switch Skate\Layouts\Backups\File Backups\public_html\forums\images\demiZeBlack\catbar.gif <-- Switch Skate /public_html/forums/images/demiZeBlack catbar.gif
2005.08.29 22:34 B C:\Documents and Settings\Adam.ADAMK\My Documents\Programming\Switch Skate\Layouts\Backups\File Backups\public_html\forums\images\demiZeBlack\dot_folder.gif <-- Switch Skate /public_html/forums/images/demiZeBlack dot_folder.gif
2005.08.29 22:34 B C:\Documents and Settings\Adam.ADAMK\My Documents\Programming\Switch Skate\Layouts\Backups\File Backups\public_html\forums\images\demiZeBlack\dot_hot_folder.gif <-- Switch Skate /public_html/forums/images/demiZeBlack dot_hot_folder.gif
2005.08.29 22:34 B C:\Documents and Settings\Adam.ADAMK\My Documents\Programming\Switch Skate\Layouts\Backups\File Backups\public_html\forums\images\demiZeBlack\dot_hot_red_folder.gif <-- Switch Skate /public_html/forums/images/demiZeBlack dot_hot_red_folder.gif
2005.08.29 22:34 B C:\Documents and Settings\Adam.ADAMK\My Documents\Programming\Switch Skate\Layouts\Backups\File Backups\public_html\forums\images\demiZeBlack\dot_red_folder.gif <-- Switch Skate /public_html/forums/images/demiZeBlack dot_red_folder.gif
2005.08.29 22:34 B C:\Documents and Settings\Adam.ADAMK\My Documents\Programming\Switch Skate\Layouts\Backups\File Backups\public_html\forums\images\demiZeBlack\edit.gif <-- Switch Skate /public_html/forums/images/demiZeBlack edit.gif
2005.08.29 22:34 B C:\Documents and Settings\Adam.ADAMK\My Documents\Programming\Switch Skate\Layouts\Backups\File Backups\public_html\forums\images\demiZeBlack\email.gif <-- Switch Skate /public_html/forums/images/demiZeBlack email.gif
2005.08.29 22:34 B C:\Documents and Settings\Adam.ADAMK\My Documents\Programming\Switch Skate\Layouts\Backups\File Backups\public_html\forums\images\demiZeBlack\faq.gif <-- Switch Skate /public_html/forums/images/demiZeBlack faq.gif
2005.08.29 22:34 B C:\Documents and Settings\Adam.ADAMK\My Documents\Programming\Switch Skate\Layouts\Backups\File Backups\public_html\forums\images\demiZeBlack\find.gif <-- Switch Skate /public_html/forums/images/demiZeBlack find.gif
2005.08.29 22:34 B C:\Documents and Settings\Adam.ADAMK\My Documents\Programming\Switch Skate\Layouts\Backups\File Backups\public_html\forums\images\demiZeBlack\folder.gif <-- Switch Skate /public_html/forums/images/demiZeBlack folder.gif
2005.08.29 22:34 B C:\Documents and Settings\Adam.ADAMK\My Documents\Programming\Switch Skate\Layouts\Backups\File Backups\public_html\forums\images\demiZeBlack\forumhead2.gif <-- Switch Skate /public_html/forums/images/demiZeBlack forumhead2.gif
2005.08.29 22:34 B C:\Documents and Settings\Adam.ADAMK\My Documents\Programming\Switch Skate\Layouts\Backups\File Backups\public_html\forums\images\demiZeBlack\g.gif <-- Switch Skate /public_html/forums/images/demiZeBlack g.gif
2005.08.29 22:34 B C:\Documents and Settings\Adam.ADAMK\My Documents\Programming\Switch Skate\Layouts\Backups\File Backups\public_html\forums\images\demiZeBlack\home.gif <-- Switch Skate /public_html/forums/images/demiZeBlack home.gif
2005.08.29 22:34 B C:\Documents and Settings\Adam.ADAMK\My Documents\Programming\Switch Skate\Layouts\Backups\File Backups\public_html\forums\images\demiZeBlack\hot_folder.gif <-- Switch Skate /public_html/forums/images/demiZeBlack hot_folder.gif
2005.08.29 22:34 B C:\Documents and Settings\Adam.ADAMK\My Documents\Programming\Switch Skate\Layouts\Backups\File Backups\public_html\forums\images\demiZeBlack\hot_red_folder.gif <-- Switch Skate /public_html/forums/images/demiZeBlack hot_red_folder.gif
2005.08.29 22:34 B C:\Documents and Settings\Adam.ADAMK\My Documents\Programming\Switch Skate\Layouts\Backups\File Backups\public_html\forums\images\demiZeBlack\icq_add.gif <-- Switch Skate /public_html/forums/images/demiZeBlack icq_add.gif
2005.08.29 22:34 B C:\Documents and Settings\Adam.ADAMK\My Documents\Programming\Switch Skate\Layouts\Backups\File Backups\public_html\forums\images\demiZeBlack\inbox.gif <-- Switch Skate /public_html/forums/images/demiZeBlack inbox.gif
2005.08.29 22:34 B C:\Documents and Settings\Adam.ADAMK\My Documents\Programming\Switch Skate\Layouts\Backups\File Backups\public_html\forums\images\demiZeBlack\index.html <-- Switch Skate /public_html/forums/images/demiZeBlack index.html
2005.08.29 22:34 B C:\Documents and Settings\Adam.ADAMK\My Documents\Programming\Switch Skate\Layouts\Backups\File Backups\public_html\forums\images\demiZeBlack\ip.gif <-- Switch Skate /public_html/forums/images/demiZeBlack ip.gif
2005.08.29 22:34 B C:\Documents and Settings\Adam.ADAMK\My Documents\Programming\Switch Skate\Layouts\Backups\File Backups\public_html\forums\images\demiZeBlack\ipost.gif <-- Switch Skate /public_html/forums/images/demiZeBlack ipost.gif
2005.08.29 22:34 B C:\Documents and Settings\Adam.ADAMK\My Documents\Programming\Switch Skate\Layouts\Backups\File Backups\public_html\forums\images\demiZeBlack\lastpost.gif <-- Switch Skate /public_html/forums/images/demiZeBlack lastpost.gif
2005.08.29 22:34 B C:\Documents and Settings\Adam.ADAMK\My Documents\Programming\Switch Skate\Layouts\Backups\File Backups\public_html\forums\images\demiZeBlack\lock_folder.gif <-- Switch Skate /public_html/forums/images/demiZeBlack lock_folder.gif
2005.08.29 22:34 B C:\Documents and Settings\Adam.ADAMK\My Documents\Programming\Switch Skate\Layouts\Backups\File Backups\public_html\forums\images\demiZeBlack\locku2u.gif <-- Switch Skate /public_html/forums/images/demiZeBlack locku2u.gif
2005.08.29 22:34 B C:\Documents and Settings\Adam.ADAMK\My Documents\Programming\Switch Skate\Layouts\Backups\File Backups\public_html\forums\images\demiZeBlack\members_list.gif <-- Switch Skate /public_html/forums/images/demiZeBlack members_list.gif
2005.08.29 22:34 B C:\Documents and Settings\Adam.ADAMK\My Documents\Programming\Switch Skate\Layouts\Backups\File Backups\public_html\forums\images\demiZeBlack\msn.gif <-- Switch Skate /public_html/forums/images/demiZeBlack msn.gif
2005.08.29 22:34 B C:\Documents and Settings\Adam.ADAMK\My Documents\Programming\Switch Skate\Layouts\Backups\File Backups\public_html\forums\images\demiZeBlack\newtopic.gif <-- Switch Skate /public_html/forums/images/demiZeBlack newtopic.gif
2005.08.29 22:34 B C:\Documents and Settings\Adam.ADAMK\My Documents\Programming\Switch Skate\Layouts\Backups\File Backups\public_html\forums\images\demiZeBlack\newu2u.gif <-- Switch Skate /public_html/forums/images/demiZeBlack newu2u.gif
2005.08.29 22:34 B C:\Documents and Settings\Adam.ADAMK\My Documents\Programming\Switch Skate\Layouts\Backups\File Backups\public_html\forums\images\demiZeBlack\online.gif <-- Switch Skate /public_html/forums/images/demiZeBlack online.gif
2005.08.29 22:34 B C:\Documents and Settings\Adam.ADAMK\My Documents\Programming\Switch Skate\Layouts\Backups\File Backups\public_html\forums\images\demiZeBlack\online_guest.gif <-- Switch Skate /public_html/forums/images/demiZeBlack online_guest.gif
2005.08.29 22:34 B C:\Documents and Settings\Adam.ADAMK\My Documents\Programming\Switch Skate\Layouts\Backups\File Backups\public_html\forums\images\demiZeBlack\outbox.gif <-- Switch Skate /public_html/forums/images/demiZeBlack outbox.gif
2005.08.29 22:34 B C:\Documents and Settings\Adam.ADAMK\My Documents\Programming\Switch Skate\Layouts\Backups\File Backups\public_html\forums\images\demiZeBlack\pin.gif <-- Switch Skate /public_html/forums/images/demiZeBlack pin.gif
2005.08.29 22:34 B C:\Documents and Settings\Adam.ADAMK\My Documents\Programming\Switch Skate\Layouts\Backups\File Backups\public_html\forums\images\demiZeBlack\pixel.gif <-- Switch Skate /public_html/forums/images/demiZeBlack pixel.gif
2005.08.29 22:34 B C:\Documents and Settings\Adam.ADAMK\My Documents\Programming\Switch Skate\Layouts\Backups\File Backups\public_html\forums\images\demiZeBlack\poll.gif <-- Switch Skate /public_html/forums/images/demiZeBlack poll.gif
2005.08.29 22:34 B C:\Documents and Settings\Adam.ADAMK\My Documents\Programming\Switch Skate\Layouts\Backups\File Backups\public_html\forums\images\demiZeBlack\pollbar-e.gif <-- Switch Skate /public_html/forums/images/demiZeBlack pollbar-e.gif
2005.08.29 22:34 B C:\Documents and Settings\Adam.ADAMK\My Documents\Programming\Switch Skate\Layouts\Backups\File Backups\public_html\forums\images\demiZeBlack\pollbar-s.gif <-- Switch Skate /public_html/forums/images/demiZeBlack pollbar-s.gif
2005.08.29 22:34 B C:\Documents and Settings\Adam.ADAMK\My Documents\Programming\Switch Skate\Layouts\Backups\File Backups\public_html\forums\images\demiZeBlack\pollbar.gif <-- Switch Skate /public_html/forums/images/demiZeBlack pollbar.gif
2005.08.29 22:34 B C:\Documents and Settings\Adam.ADAMK\My Documents\Programming\Switch Skate\Layouts\Backups\File Backups\public_html\forums\images\demiZeBlack\pollsmall.gif <-- Switch Skate /public_html/forums/images/demiZeBlack pollsmall.gif
2005.08.29 22:34 B C:\Documents and Settings\Adam.ADAMK\My Documents\Programming\Switch Skate\Layouts\Backups\File Backups\public_html\forums\images\demiZeBlack\profile.gif <-- Switch Skate /public_html/forums/images/demiZeBlack profile.gif
2005.08.29 22:34 B C:\Documents and Settings\Adam.ADAMK\My Documents\Programming\Switch Skate\Layouts\Backups\File Backups\public_html\forums\images\demiZeBlack\quote.gif <-- Switch Skate /public_html/forums/images/demiZeBlack quote.gif
2005.08.29 22:34 B C:\Documents and Settings\Adam.ADAMK\My Documents\Programming\Switch Skate\Layouts\Backups\File Backups\public_html\forums\images\demiZeBlack\red_folder.gif <-- Switch Skate /public_html/forums/images/demiZeBlack red_folder.gif
2005.08.29 22:34 B C:\Documents and Settings\Adam.ADAMK\My Documents\Programming\Switch Skate\Layouts\Backups\File Backups\public_html\forums\images\demiZeBlack\reply.gif <-- Switch Skate /public_html/forums/images/demiZeBlack reply.gif
2005.08.29 22:34 B C:\Documents and Settings\Adam.ADAMK\My Documents\Programming\Switch Skate\Layouts\Backups\File Backups\public_html\forums\images\demiZeBlack\report.gif <-- Switch Skate /public_html/forums/images/demiZeBlack report.gif
2005.08.29 22:34 B C:\Documents and Settings\Adam.ADAMK\My Documents\Programming\Switch Skate\Layouts\Backups\File Backups\public_html\forums\images\demiZeBlack\search.gif <-- Switch Skate /public_html/forums/images/demiZeBlack search.gif
2005.08.29 22:34 B C:\Documents and Settings\Adam.ADAMK\My Documents\Programming\Switch Skate\Layouts\Backups\File Backups\public_html\forums\images\demiZeBlack\site.gif <-- Switch Skate /public_html/forums/images/demiZeBlack site.gif
2005.08.29 22:34 B C:\Documents and Settings\Adam.ADAMK\My Documents\Programming\Switch Skate\Layouts\Backups\File Backups\public_html\forums\images\demiZeBlack\star.gif <-- Switch Skate /public_html/forums/images/demiZeBlack star.gif
2005.08.29 22:34 B C:\Documents and Settings\Adam.ADAMK\My Documents\Programming\Switch Skate\Layouts\Backups\File Backups\public_html\forums\images\demiZeBlack\stats.gif <-- Switch Skate /public_html/forums/images/demiZeBlack stats.gif
2005.08.29 22:34 B C:\Documents and Settings\Adam.ADAMK\My Documents\Programming\Switch Skate\Layouts\Backups\File Backups\public_html\forums\images\demiZeBlack\todays_posts.gif <-- Switch Skate /public_html/forums/images/demiZeBlack todays_posts.gif
2005.08.29 22:34 B C:\Documents and Settings\Adam.ADAMK\My Documents\Programming\Switch Skate\Layouts\Backups\File Backups\public_html\forums\images\demiZeBlack\topcat.gif <-- Switch Skate /public_html/forums/images/demiZeBlack topcat.gif
2005.08.29 22:34 B C:\Documents and Settings\Adam.ADAMK\My Documents\Programming\Switch Skate\Layouts\Backups\File Backups\public_html\forums\images\demiZeBlack\u2u.gif <-- Switch Skate /public_html/forums/images/demiZeBlack u2u.gif
2005.08.29 22:34 B C:\Documents and Settings\Adam.ADAMK\My Documents\Programming\Switch Skate\Layouts\Backups\File Backups\public_html\forums\images\demiZeBlack\u2u_in.gif <-- Switch Skate /public_html/forums/images/demiZeBlack u2u_in.gif
2005.08.29 22:35 B C:\Documents and Settings\Adam.ADAMK\My Documents\Programming\Switch Skate\Layouts\Backups\File Backups\public_html\forums\images\demiZeBlack\u2u_none.gif <-- Switch Skate /public_html/forums/images/demiZeBlack u2u_none.gif
2005.08.29 22:35 B C:\Documents and Settings\Adam.ADAMK\My Documents\Programming\Switch Skate\Layouts\Backups\File Backups\public_html\forums\images\demiZeBlack\xmbheader.gif <-- Switch Skate /public_html/forums/images/demiZeBlack xmbheader.gif
2005.08.29 22:35 B C:\Documents and Settings\Adam.ADAMK\My Documents\Programming\Switch Skate\Layouts\Backups\File Backups\public_html\forums\images\demiZeBlack\yahoo.gif <-- Switch Skate /public_html/forums/images/demiZeBlack yahoo.gif
