2005.08.29 22:13 B C:\Documents and Settings\Adam.ADAMK\My Documents\Programming\Switch Skate\Layouts\Backups\File Backups\public_html\2006\images\greyalliance\address.gif <-- Switch Skate /public_html/2006/images/greyalliance address.gif
2005.08.29 22:13 B C:\Documents and Settings\Adam.ADAMK\My Documents\Programming\Switch Skate\Layouts\Backups\File Backups\public_html\2006\images\greyalliance\aim.gif <-- Switch Skate /public_html/2006/images/greyalliance aim.gif
2005.08.29 22:13 B C:\Documents and Settings\Adam.ADAMK\My Documents\Programming\Switch Skate\Layouts\Backups\File Backups\public_html\2006\images\greyalliance\arrow_dw.gif <-- Switch Skate /public_html/2006/images/greyalliance arrow_dw.gif
2005.08.29 22:13 B C:\Documents and Settings\Adam.ADAMK\My Documents\Programming\Switch Skate\Layouts\Backups\File Backups\public_html\2006\images\greyalliance\arrow_up.gif <-- Switch Skate /public_html/2006/images/greyalliance arrow_up.gif
2005.08.29 22:13 B C:\Documents and Settings\Adam.ADAMK\My Documents\Programming\Switch Skate\Layouts\Backups\File Backups\public_html\2006\images\greyalliance\bar.gif <-- Switch Skate /public_html/2006/images/greyalliance bar.gif
2005.08.29 22:13 B C:\Documents and Settings\Adam.ADAMK\My Documents\Programming\Switch Skate\Layouts\Backups\File Backups\public_html\2006\images\greyalliance\bb_bold.gif <-- Switch Skate /public_html/2006/images/greyalliance bb_bold.gif
2005.08.29 22:13 B C:\Documents and Settings\Adam.ADAMK\My Documents\Programming\Switch Skate\Layouts\Backups\File Backups\public_html\2006\images\greyalliance\bb_center.gif <-- Switch Skate /public_html/2006/images/greyalliance bb_center.gif
2005.08.29 22:14 B C:\Documents and Settings\Adam.ADAMK\My Documents\Programming\Switch Skate\Layouts\Backups\File Backups\public_html\2006\images\greyalliance\bb_code.gif <-- Switch Skate /public_html/2006/images/greyalliance bb_code.gif
2005.08.29 22:14 B C:\Documents and Settings\Adam.ADAMK\My Documents\Programming\Switch Skate\Layouts\Backups\File Backups\public_html\2006\images\greyalliance\bb_email.gif <-- Switch Skate /public_html/2006/images/greyalliance bb_email.gif
2005.08.29 22:14 B C:\Documents and Settings\Adam.ADAMK\My Documents\Programming\Switch Skate\Layouts\Backups\File Backups\public_html\2006\images\greyalliance\bb_image.gif <-- Switch Skate /public_html/2006/images/greyalliance bb_image.gif
2005.08.29 22:14 B C:\Documents and Settings\Adam.ADAMK\My Documents\Programming\Switch Skate\Layouts\Backups\File Backups\public_html\2006\images\greyalliance\bb_italicize.gif <-- Switch Skate /public_html/2006/images/greyalliance bb_italicize.gif
2005.08.29 22:14 B C:\Documents and Settings\Adam.ADAMK\My Documents\Programming\Switch Skate\Layouts\Backups\File Backups\public_html\2006\images\greyalliance\bb_list.gif <-- Switch Skate /public_html/2006/images/greyalliance bb_list.gif
2005.08.29 22:14 B C:\Documents and Settings\Adam.ADAMK\My Documents\Programming\Switch Skate\Layouts\Backups\File Backups\public_html\2006\images\greyalliance\bb_quote.gif <-- Switch Skate /public_html/2006/images/greyalliance bb_quote.gif
2005.08.29 22:14 B C:\Documents and Settings\Adam.ADAMK\My Documents\Programming\Switch Skate\Layouts\Backups\File Backups\public_html\2006\images\greyalliance\bb_underline.gif <-- Switch Skate /public_html/2006/images/greyalliance bb_underline.gif
2005.08.29 22:14 B C:\Documents and Settings\Adam.ADAMK\My Documents\Programming\Switch Skate\Layouts\Backups\File Backups\public_html\2006\images\greyalliance\bb_url.gif <-- Switch Skate /public_html/2006/images/greyalliance bb_url.gif
2005.08.29 22:14 B C:\Documents and Settings\Adam.ADAMK\My Documents\Programming\Switch Skate\Layouts\Backups\File Backups\public_html\2006\images\greyalliance\bbrules.gif <-- Switch Skate /public_html/2006/images/greyalliance bbrules.gif
2005.08.29 22:14 B C:\Documents and Settings\Adam.ADAMK\My Documents\Programming\Switch Skate\Layouts\Backups\File Backups\public_html\2006\images\greyalliance\dot_folder.gif <-- Switch Skate /public_html/2006/images/greyalliance dot_folder.gif
2005.08.29 22:14 B C:\Documents and Settings\Adam.ADAMK\My Documents\Programming\Switch Skate\Layouts\Backups\File Backups\public_html\2006\images\greyalliance\dot_hot_folder.gif <-- Switch Skate /public_html/2006/images/greyalliance dot_hot_folder.gif
2005.08.29 22:14 B C:\Documents and Settings\Adam.ADAMK\My Documents\Programming\Switch Skate\Layouts\Backups\File Backups\public_html\2006\images\greyalliance\edit.gif <-- Switch Skate /public_html/2006/images/greyalliance edit.gif
2005.08.29 22:14 B C:\Documents and Settings\Adam.ADAMK\My Documents\Programming\Switch Skate\Layouts\Backups\File Backups\public_html\2006\images\greyalliance\email.gif <-- Switch Skate /public_html/2006/images/greyalliance email.gif
2005.08.29 22:14 B C:\Documents and Settings\Adam.ADAMK\My Documents\Programming\Switch Skate\Layouts\Backups\File Backups\public_html\2006\images\greyalliance\faq.gif <-- Switch Skate /public_html/2006/images/greyalliance faq.gif
2005.08.29 22:14 B C:\Documents and Settings\Adam.ADAMK\My Documents\Programming\Switch Skate\Layouts\Backups\File Backups\public_html\2006\images\greyalliance\find.gif <-- Switch Skate /public_html/2006/images/greyalliance find.gif
2005.08.29 22:14 B C:\Documents and Settings\Adam.ADAMK\My Documents\Programming\Switch Skate\Layouts\Backups\File Backups\public_html\2006\images\greyalliance\folder.gif <-- Switch Skate /public_html/2006/images/greyalliance folder.gif
2005.08.29 22:14 B C:\Documents and Settings\Adam.ADAMK\My Documents\Programming\Switch Skate\Layouts\Backups\File Backups\public_html\2006\images\greyalliance\greyalliance.xmb <-- Switch Skate /public_html/2006/images/greyalliance greyalliance.xmb
2005.08.29 22:14 B C:\Documents and Settings\Adam.ADAMK\My Documents\Programming\Switch Skate\Layouts\Backups\File Backups\public_html\2006\images\greyalliance\header.gif <-- Switch Skate /public_html/2006/images/greyalliance header.gif
2005.08.29 22:14 B C:\Documents and Settings\Adam.ADAMK\My Documents\Programming\Switch Skate\Layouts\Backups\File Backups\public_html\2006\images\greyalliance\home.gif <-- Switch Skate /public_html/2006/images/greyalliance home.gif
2005.08.29 22:14 B C:\Documents and Settings\Adam.ADAMK\My Documents\Programming\Switch Skate\Layouts\Backups\File Backups\public_html\2006\images\greyalliance\hot_folder.gif <-- Switch Skate /public_html/2006/images/greyalliance hot_folder.gif
2005.08.29 22:14 B C:\Documents and Settings\Adam.ADAMK\My Documents\Programming\Switch Skate\Layouts\Backups\File Backups\public_html\2006\images\greyalliance\hot_red_folder.gif <-- Switch Skate /public_html/2006/images/greyalliance hot_red_folder.gif
2005.08.29 22:14 B C:\Documents and Settings\Adam.ADAMK\My Documents\Programming\Switch Skate\Layouts\Backups\File Backups\public_html\2006\images\greyalliance\icq_add.gif <-- Switch Skate /public_html/2006/images/greyalliance icq_add.gif
2005.08.29 22:14 B C:\Documents and Settings\Adam.ADAMK\My Documents\Programming\Switch Skate\Layouts\Backups\File Backups\public_html\2006\images\greyalliance\inbox.gif <-- Switch Skate /public_html/2006/images/greyalliance inbox.gif
2005.08.29 22:14 B C:\Documents and Settings\Adam.ADAMK\My Documents\Programming\Switch Skate\Layouts\Backups\File Backups\public_html\2006\images\greyalliance\index.html <-- Switch Skate /public_html/2006/images/greyalliance index.html
2005.08.29 22:14 B C:\Documents and Settings\Adam.ADAMK\My Documents\Programming\Switch Skate\Layouts\Backups\File Backups\public_html\2006\images\greyalliance\ip.gif <-- Switch Skate /public_html/2006/images/greyalliance ip.gif
2005.08.29 22:14 B C:\Documents and Settings\Adam.ADAMK\My Documents\Programming\Switch Skate\Layouts\Backups\File Backups\public_html\2006\images\greyalliance\ipost.gif <-- Switch Skate /public_html/2006/images/greyalliance ipost.gif
2005.08.29 22:14 B C:\Documents and Settings\Adam.ADAMK\My Documents\Programming\Switch Skate\Layouts\Backups\File Backups\public_html\2006\images\greyalliance\lastpost.gif <-- Switch Skate /public_html/2006/images/greyalliance lastpost.gif
2005.08.29 22:14 B C:\Documents and Settings\Adam.ADAMK\My Documents\Programming\Switch Skate\Layouts\Backups\File Backups\public_html\2006\images\greyalliance\lock_folder.gif <-- Switch Skate /public_html/2006/images/greyalliance lock_folder.gif
2005.08.29 22:14 B C:\Documents and Settings\Adam.ADAMK\My Documents\Programming\Switch Skate\Layouts\Backups\File Backups\public_html\2006\images\greyalliance\locku2u.gif <-- Switch Skate /public_html/2006/images/greyalliance locku2u.gif
2005.08.29 22:14 B C:\Documents and Settings\Adam.ADAMK\My Documents\Programming\Switch Skate\Layouts\Backups\File Backups\public_html\2006\images\greyalliance\members_list.gif <-- Switch Skate /public_html/2006/images/greyalliance members_list.gif
2005.08.29 22:14 B C:\Documents and Settings\Adam.ADAMK\My Documents\Programming\Switch Skate\Layouts\Backups\File Backups\public_html\2006\images\greyalliance\msn.gif <-- Switch Skate /public_html/2006/images/greyalliance msn.gif
2005.08.29 22:14 B C:\Documents and Settings\Adam.ADAMK\My Documents\Programming\Switch Skate\Layouts\Backups\File Backups\public_html\2006\images\greyalliance\newtopic.gif <-- Switch Skate /public_html/2006/images/greyalliance newtopic.gif
2005.08.29 22:14 B C:\Documents and Settings\Adam.ADAMK\My Documents\Programming\Switch Skate\Layouts\Backups\File Backups\public_html\2006\images\greyalliance\newu2u.gif <-- Switch Skate /public_html/2006/images/greyalliance newu2u.gif
2005.08.29 22:14 B C:\Documents and Settings\Adam.ADAMK\My Documents\Programming\Switch Skate\Layouts\Backups\File Backups\public_html\2006\images\greyalliance\online.gif <-- Switch Skate /public_html/2006/images/greyalliance online.gif
2005.08.29 22:14 B C:\Documents and Settings\Adam.ADAMK\My Documents\Programming\Switch Skate\Layouts\Backups\File Backups\public_html\2006\images\greyalliance\outbox.gif <-- Switch Skate /public_html/2006/images/greyalliance outbox.gif
2005.08.29 22:14 B C:\Documents and Settings\Adam.ADAMK\My Documents\Programming\Switch Skate\Layouts\Backups\File Backups\public_html\2006\images\greyalliance\pin.gif <-- Switch Skate /public_html/2006/images/greyalliance pin.gif
2005.08.29 22:14 B C:\Documents and Settings\Adam.ADAMK\My Documents\Programming\Switch Skate\Layouts\Backups\File Backups\public_html\2006\images\greyalliance\poll.gif <-- Switch Skate /public_html/2006/images/greyalliance poll.gif
2005.08.29 22:14 B C:\Documents and Settings\Adam.ADAMK\My Documents\Programming\Switch Skate\Layouts\Backups\File Backups\public_html\2006\images\greyalliance\pollbar-e.gif <-- Switch Skate /public_html/2006/images/greyalliance pollbar-e.gif
2005.08.29 22:14 B C:\Documents and Settings\Adam.ADAMK\My Documents\Programming\Switch Skate\Layouts\Backups\File Backups\public_html\2006\images\greyalliance\pollbar-s.gif <-- Switch Skate /public_html/2006/images/greyalliance pollbar-s.gif
2005.08.29 22:14 B C:\Documents and Settings\Adam.ADAMK\My Documents\Programming\Switch Skate\Layouts\Backups\File Backups\public_html\2006\images\greyalliance\pollbar.gif <-- Switch Skate /public_html/2006/images/greyalliance pollbar.gif
2005.08.29 22:14 B C:\Documents and Settings\Adam.ADAMK\My Documents\Programming\Switch Skate\Layouts\Backups\File Backups\public_html\2006\images\greyalliance\pollsmall.gif <-- Switch Skate /public_html/2006/images/greyalliance pollsmall.gif
2005.08.29 22:14 B C:\Documents and Settings\Adam.ADAMK\My Documents\Programming\Switch Skate\Layouts\Backups\File Backups\public_html\2006\images\greyalliance\profile.gif <-- Switch Skate /public_html/2006/images/greyalliance profile.gif
2005.08.29 22:14 B C:\Documents and Settings\Adam.ADAMK\My Documents\Programming\Switch Skate\Layouts\Backups\File Backups\public_html\2006\images\greyalliance\quote.gif <-- Switch Skate /public_html/2006/images/greyalliance quote.gif
2005.08.29 22:14 B C:\Documents and Settings\Adam.ADAMK\My Documents\Programming\Switch Skate\Layouts\Backups\File Backups\public_html\2006\images\greyalliance\red_folder.gif <-- Switch Skate /public_html/2006/images/greyalliance red_folder.gif
2005.08.29 22:14 B C:\Documents and Settings\Adam.ADAMK\My Documents\Programming\Switch Skate\Layouts\Backups\File Backups\public_html\2006\images\greyalliance\reply.gif <-- Switch Skate /public_html/2006/images/greyalliance reply.gif
2005.08.29 22:14 B C:\Documents and Settings\Adam.ADAMK\My Documents\Programming\Switch Skate\Layouts\Backups\File Backups\public_html\2006\images\greyalliance\report.gif <-- Switch Skate /public_html/2006/images/greyalliance report.gif
2005.08.29 22:14 B C:\Documents and Settings\Adam.ADAMK\My Documents\Programming\Switch Skate\Layouts\Backups\File Backups\public_html\2006\images\greyalliance\search.gif <-- Switch Skate /public_html/2006/images/greyalliance search.gif
2005.08.29 22:14 B C:\Documents and Settings\Adam.ADAMK\My Documents\Programming\Switch Skate\Layouts\Backups\File Backups\public_html\2006\images\greyalliance\site.gif <-- Switch Skate /public_html/2006/images/greyalliance site.gif
2005.08.29 22:14 B C:\Documents and Settings\Adam.ADAMK\My Documents\Programming\Switch Skate\Layouts\Backups\File Backups\public_html\2006\images\greyalliance\star.gif <-- Switch Skate /public_html/2006/images/greyalliance star.gif
2005.08.29 22:14 B C:\Documents and Settings\Adam.ADAMK\My Documents\Programming\Switch Skate\Layouts\Backups\File Backups\public_html\2006\images\greyalliance\stats.gif <-- Switch Skate /public_html/2006/images/greyalliance stats.gif
2005.08.29 22:14 B C:\Documents and Settings\Adam.ADAMK\My Documents\Programming\Switch Skate\Layouts\Backups\File Backups\public_html\2006\images\greyalliance\todays_posts.gif <-- Switch Skate /public_html/2006/images/greyalliance todays_posts.gif
2005.08.29 22:14 B C:\Documents and Settings\Adam.ADAMK\My Documents\Programming\Switch Skate\Layouts\Backups\File Backups\public_html\2006\images\greyalliance\u2u.gif <-- Switch Skate /public_html/2006/images/greyalliance u2u.gif
2005.08.29 22:14 B C:\Documents and Settings\Adam.ADAMK\My Documents\Programming\Switch Skate\Layouts\Backups\File Backups\public_html\2006\images\greyalliance\yahoo.gif <-- Switch Skate /public_html/2006/images/greyalliance yahoo.gif
