2005.08.29 23:44 B C:\Documents and Settings\Adam.ADAMK\My Documents\Programming\Switch Skate\Layouts\Backups\File Backups\public_html\radio.blog\sounds\Blink 182 - All of this.rbs <-- Switch Skate /public_html/radio.blog/sounds Blink 182 - All of this.rbs
2005.08.29 23:45 B C:\Documents and Settings\Adam.ADAMK\My Documents\Programming\Switch Skate\Layouts\Backups\File Backups\public_html\radio.blog\sounds\blink 182 - all the small things.rbs <-- Switch Skate /public_html/radio.blog/sounds blink 182 - all the small things.rbs
2005.08.29 23:47 B C:\Documents and Settings\Adam.ADAMK\My Documents\Programming\Switch Skate\Layouts\Backups\File Backups\public_html\radio.blog\sounds\Blink 182 - asthenia.rbs <-- Switch Skate /public_html/radio.blog/sounds Blink 182 - asthenia.rbs
2005.08.29 23:48 B C:\Documents and Settings\Adam.ADAMK\My Documents\Programming\Switch Skate\Layouts\Backups\File Backups\public_html\radio.blog\sounds\Blink 182 - Down.rbs <-- Switch Skate /public_html/radio.blog/sounds Blink 182 - Down.rbs
2005.08.29 23:48 B C:\Documents and Settings\Adam.ADAMK\My Documents\Programming\Switch Skate\Layouts\Backups\File Backups\public_html\radio.blog\sounds\Blink 182 - First Date.rbs <-- Switch Skate /public_html/radio.blog/sounds Blink 182 - First Date.rbs
2005.08.29 23:50 B C:\Documents and Settings\Adam.ADAMK\My Documents\Programming\Switch Skate\Layouts\Backups\File Backups\public_html\radio.blog\sounds\blink 182 - She likes me for me.rbs <-- Switch Skate /public_html/radio.blog/sounds blink 182 - She likes me for me.rbs
2005.08.29 23:51 B C:\Documents and Settings\Adam.ADAMK\My Documents\Programming\Switch Skate\Layouts\Backups\File Backups\public_html\radio.blog\sounds\Blink 182 - The Girl Next Door.rbs <-- Switch Skate /public_html/radio.blog/sounds Blink 182 - The Girl Next Door.rbs
2005.08.29 23:51 B C:\Documents and Settings\Adam.ADAMK\My Documents\Programming\Switch Skate\Layouts\Backups\File Backups\public_html\radio.blog\sounds\Blink 182 - The Party Song.rbs <-- Switch Skate /public_html/radio.blog/sounds Blink 182 - The Party Song.rbs
2005.08.29 23:53 B C:\Documents and Settings\Adam.ADAMK\My Documents\Programming\Switch Skate\Layouts\Backups\File Backups\public_html\radio.blog\sounds\Disturbed - Awaken.rbs <-- Switch Skate /public_html/radio.blog/sounds Disturbed - Awaken.rbs
2005.08.29 23:54 B C:\Documents and Settings\Adam.ADAMK\My Documents\Programming\Switch Skate\Layouts\Backups\File Backups\public_html\radio.blog\sounds\Disturbed - Breathe.rbs <-- Switch Skate /public_html/radio.blog/sounds Disturbed - Breathe.rbs
2005.08.29 23:55 B C:\Documents and Settings\Adam.ADAMK\My Documents\Programming\Switch Skate\Layouts\Backups\File Backups\public_html\radio.blog\sounds\Disturbed - Devour.rbs <-- Switch Skate /public_html/radio.blog/sounds Disturbed - Devour.rbs
2005.08.29 23:56 B C:\Documents and Settings\Adam.ADAMK\My Documents\Programming\Switch Skate\Layouts\Backups\File Backups\public_html\radio.blog\sounds\Disturbed - Libertate.rbs <-- Switch Skate /public_html/radio.blog/sounds Disturbed - Libertate.rbs
2005.08.29 23:58 B C:\Documents and Settings\Adam.ADAMK\My Documents\Programming\Switch Skate\Layouts\Backups\File Backups\public_html\radio.blog\sounds\Disturbed - Plug.rbs <-- Switch Skate /public_html/radio.blog/sounds Disturbed - Plug.rbs
2005.08.30 00:00 B C:\Documents and Settings\Adam.ADAMK\My Documents\Programming\Switch Skate\Layouts\Backups\File Backups\public_html\radio.blog\sounds\Disturbed - Remember.rbs <-- Switch Skate /public_html/radio.blog/sounds Disturbed - Remember.rbs
2005.08.30 00:01 B C:\Documents and Settings\Adam.ADAMK\My Documents\Programming\Switch Skate\Layouts\Backups\File Backups\public_html\radio.blog\sounds\Disturbed - Stupified.rbs <-- Switch Skate /public_html/radio.blog/sounds Disturbed - Stupified.rbs
2005.08.30 00:03 B C:\Documents and Settings\Adam.ADAMK\My Documents\Programming\Switch Skate\Layouts\Backups\File Backups\public_html\radio.blog\sounds\Disturbed - The Game.rbs <-- Switch Skate /public_html/radio.blog/sounds Disturbed - The Game.rbs
2005.08.30 00:04 B C:\Documents and Settings\Adam.ADAMK\My Documents\Programming\Switch Skate\Layouts\Backups\File Backups\public_html\radio.blog\sounds\Eminem - Cleanin Out My Closet.rbs <-- Switch Skate /public_html/radio.blog/sounds Eminem - Cleanin Out My Closet.rbs
2005.08.30 00:06 B C:\Documents and Settings\Adam.ADAMK\My Documents\Programming\Switch Skate\Layouts\Backups\File Backups\public_html\radio.blog\sounds\Eminem - Lose Yourself.rbs <-- Switch Skate /public_html/radio.blog/sounds Eminem - Lose Yourself.rbs
2005.08.30 00:08 B C:\Documents and Settings\Adam.ADAMK\My Documents\Programming\Switch Skate\Layouts\Backups\File Backups\public_html\radio.blog\sounds\Eminem - My Dads Gone Crazy.rbs <-- Switch Skate /public_html/radio.blog/sounds Eminem - My Dads Gone Crazy.rbs
2005.08.30 00:09 B C:\Documents and Settings\Adam.ADAMK\My Documents\Programming\Switch Skate\Layouts\Backups\File Backups\public_html\radio.blog\sounds\Eminem - sing for the moment.rbs <-- Switch Skate /public_html/radio.blog/sounds Eminem - sing for the moment.rbs
2005.08.30 00:11 B C:\Documents and Settings\Adam.ADAMK\My Documents\Programming\Switch Skate\Layouts\Backups\File Backups\public_html\radio.blog\sounds\Eminem - Without Me.rbs <-- Switch Skate /public_html/radio.blog/sounds Eminem - Without Me.rbs
2005.08.30 00:11 B C:\Documents and Settings\Adam.ADAMK\My Documents\Programming\Switch Skate\Layouts\Backups\File Backups\public_html\radio.blog\sounds\Green Day - American Idiot.rbs <-- Switch Skate /public_html/radio.blog/sounds Green Day - American Idiot.rbs
2005.08.30 00:12 B C:\Documents and Settings\Adam.ADAMK\My Documents\Programming\Switch Skate\Layouts\Backups\File Backups\public_html\radio.blog\sounds\Hoobastank - Crawling In The Dark.rbs <-- Switch Skate /public_html/radio.blog/sounds Hoobastank - Crawling In The Dark.rbs
2005.08.30 00:17 B C:\Documents and Settings\Adam.ADAMK\My Documents\Programming\Switch Skate\Layouts\Backups\File Backups\public_html\radio.blog\sounds\Hoobastank - Disappear.rbs <-- Switch Skate /public_html/radio.blog/sounds Hoobastank - Disappear.rbs
2005.08.30 00:20 B C:\Documents and Settings\Adam.ADAMK\My Documents\Programming\Switch Skate\Layouts\Backups\File Backups\public_html\radio.blog\sounds\Hoobastank - Escape.rbs <-- Switch Skate /public_html/radio.blog/sounds Hoobastank - Escape.rbs
2005.08.30 00:22 B C:\Documents and Settings\Adam.ADAMK\My Documents\Programming\Switch Skate\Layouts\Backups\File Backups\public_html\radio.blog\sounds\Hoobastank - From the Heart.rbs <-- Switch Skate /public_html/radio.blog/sounds Hoobastank - From the Heart.rbs
2005.08.30 00:25 B C:\Documents and Settings\Adam.ADAMK\My Documents\Programming\Switch Skate\Layouts\Backups\File Backups\public_html\radio.blog\sounds\Hoobastank - Just One.rbs <-- Switch Skate /public_html/radio.blog/sounds Hoobastank - Just One.rbs
2005.08.30 00:27 B C:\Documents and Settings\Adam.ADAMK\My Documents\Programming\Switch Skate\Layouts\Backups\File Backups\public_html\radio.blog\sounds\Hoobastank - Let It Out.rbs <-- Switch Skate /public_html/radio.blog/sounds Hoobastank - Let It Out.rbs
2005.08.30 00:28 B C:\Documents and Settings\Adam.ADAMK\My Documents\Programming\Switch Skate\Layouts\Backups\File Backups\public_html\radio.blog\sounds\Hoobastank - Lucky.rbs <-- Switch Skate /public_html/radio.blog/sounds Hoobastank - Lucky.rbs
2005.08.30 00:29 B C:\Documents and Settings\Adam.ADAMK\My Documents\Programming\Switch Skate\Layouts\Backups\File Backups\public_html\radio.blog\sounds\Hoobastank - Never There.rbs <-- Switch Skate /public_html/radio.blog/sounds Hoobastank - Never There.rbs
2005.08.30 00:30 B C:\Documents and Settings\Adam.ADAMK\My Documents\Programming\Switch Skate\Layouts\Backups\File Backups\public_html\radio.blog\sounds\Hoobastank - Out of Control.rbs <-- Switch Skate /public_html/radio.blog/sounds Hoobastank - Out of Control.rbs
2005.08.30 00:31 B C:\Documents and Settings\Adam.ADAMK\My Documents\Programming\Switch Skate\Layouts\Backups\File Backups\public_html\radio.blog\sounds\Hoobastank - Same Direction.rbs <-- Switch Skate /public_html/radio.blog/sounds Hoobastank - Same Direction.rbs
2005.08.30 00:32 B C:\Documents and Settings\Adam.ADAMK\My Documents\Programming\Switch Skate\Layouts\Backups\File Backups\public_html\radio.blog\sounds\Hoobastank - The Reason.rbs <-- Switch Skate /public_html/radio.blog/sounds Hoobastank - The Reason.rbs
2005.08.30 00:33 B C:\Documents and Settings\Adam.ADAMK\My Documents\Programming\Switch Skate\Layouts\Backups\File Backups\public_html\radio.blog\sounds\Hoobastank - Unaffected.rbs <-- Switch Skate /public_html/radio.blog/sounds Hoobastank - Unaffected.rbs
2005.08.30 00:34 B C:\Documents and Settings\Adam.ADAMK\My Documents\Programming\Switch Skate\Layouts\Backups\File Backups\public_html\radio.blog\sounds\Hoobastank - What Happened to Us-.rbs <-- Switch Skate /public_html/radio.blog/sounds Hoobastank - What Happened to Us-.rbs
2005.08.30 00:34 B C:\Documents and Settings\Adam.ADAMK\My Documents\Programming\Switch Skate\Layouts\Backups\File Backups\public_html\radio.blog\sounds\limp biskit - break stuff.rbs <-- Switch Skate /public_html/radio.blog/sounds limp biskit - break stuff.rbs
2005.08.30 00:36 B C:\Documents and Settings\Adam.ADAMK\My Documents\Programming\Switch Skate\Layouts\Backups\File Backups\public_html\radio.blog\sounds\Limp Bizket - My Way.rbs <-- Switch Skate /public_html/radio.blog/sounds Limp Bizket - My Way.rbs
2005.08.30 00:37 B C:\Documents and Settings\Adam.ADAMK\My Documents\Programming\Switch Skate\Layouts\Backups\File Backups\public_html\radio.blog\sounds\Limp Bizkit - Blood in my eyes.rbs <-- Switch Skate /public_html/radio.blog/sounds Limp Bizkit - Blood in my eyes.rbs
2005.08.30 00:38 B C:\Documents and Settings\Adam.ADAMK\My Documents\Programming\Switch Skate\Layouts\Backups\File Backups\public_html\radio.blog\sounds\Limp Bizkit - Faith.rbs <-- Switch Skate /public_html/radio.blog/sounds Limp Bizkit - Faith.rbs
2005.08.30 00:39 B C:\Documents and Settings\Adam.ADAMK\My Documents\Programming\Switch Skate\Layouts\Backups\File Backups\public_html\radio.blog\sounds\Limp Bizkit - Mission Impossible 2 Theme.rbs <-- Switch Skate /public_html/radio.blog/sounds Limp Bizkit - Mission Impossible 2 Theme.rbs
2005.08.30 00:41 B C:\Documents and Settings\Adam.ADAMK\My Documents\Programming\Switch Skate\Layouts\Backups\File Backups\public_html\radio.blog\sounds\Linkin Park - From the Inside.rbs <-- Switch Skate /public_html/radio.blog/sounds Linkin Park - From the Inside.rbs
2005.08.30 00:42 B C:\Documents and Settings\Adam.ADAMK\My Documents\Programming\Switch Skate\Layouts\Backups\File Backups\public_html\radio.blog\sounds\Linkin Park - Part Of Me.rbs <-- Switch Skate /public_html/radio.blog/sounds Linkin Park - Part Of Me.rbs
2005.08.30 00:43 B C:\Documents and Settings\Adam.ADAMK\My Documents\Programming\Switch Skate\Layouts\Backups\File Backups\public_html\radio.blog\sounds\Linkin Park - Pushing me away.rbs <-- Switch Skate /public_html/radio.blog/sounds Linkin Park - Pushing me away.rbs
2005.08.30 00:44 B C:\Documents and Settings\Adam.ADAMK\My Documents\Programming\Switch Skate\Layouts\Backups\File Backups\public_html\radio.blog\sounds\linkin park - SuperXero.rbs <-- Switch Skate /public_html/radio.blog/sounds linkin park - SuperXero.rbs
2005.08.30 00:45 B C:\Documents and Settings\Adam.ADAMK\My Documents\Programming\Switch Skate\Layouts\Backups\File Backups\public_html\radio.blog\sounds\Offspring - Pretty Fly For a White Guy.rbs <-- Switch Skate /public_html/radio.blog/sounds Offspring - Pretty Fly For a White Guy.rbs
2005.08.30 00:45 B C:\Documents and Settings\Adam.ADAMK\My Documents\Programming\Switch Skate\Layouts\Backups\File Backups\public_html\radio.blog\sounds\playlist.php <-- Switch Skate /public_html/radio.blog/sounds playlist.php
2005.08.30 00:47 B C:\Documents and Settings\Adam.ADAMK\My Documents\Programming\Switch Skate\Layouts\Backups\File Backups\public_html\radio.blog\sounds\Slipknot - Confessions.rbs <-- Switch Skate /public_html/radio.blog/sounds Slipknot - Confessions.rbs
2005.08.30 00:48 B C:\Documents and Settings\Adam.ADAMK\My Documents\Programming\Switch Skate\Layouts\Backups\File Backups\public_html\radio.blog\sounds\Slipknot - Diluted.rbs <-- Switch Skate /public_html/radio.blog/sounds Slipknot - Diluted.rbs
2005.08.30 00:49 B C:\Documents and Settings\Adam.ADAMK\My Documents\Programming\Switch Skate\Layouts\Backups\File Backups\public_html\radio.blog\sounds\Slipknot - Everything Ends.rbs <-- Switch Skate /public_html/radio.blog/sounds Slipknot - Everything Ends.rbs
2005.08.30 00:51 B C:\Documents and Settings\Adam.ADAMK\My Documents\Programming\Switch Skate\Layouts\Backups\File Backups\public_html\radio.blog\sounds\Slipknot - Girl in a box.rbs <-- Switch Skate /public_html/radio.blog/sounds Slipknot - Girl in a box.rbs
2005.08.30 00:52 B C:\Documents and Settings\Adam.ADAMK\My Documents\Programming\Switch Skate\Layouts\Backups\File Backups\public_html\radio.blog\sounds\Slipknot - Killers Are Quiet.rbs <-- Switch Skate /public_html/radio.blog/sounds Slipknot - Killers Are Quiet.rbs
2005.08.30 00:53 B C:\Documents and Settings\Adam.ADAMK\My Documents\Programming\Switch Skate\Layouts\Backups\File Backups\public_html\radio.blog\sounds\Slipknot - prelude.rbs <-- Switch Skate /public_html/radio.blog/sounds Slipknot - prelude.rbs
2005.08.30 00:54 B C:\Documents and Settings\Adam.ADAMK\My Documents\Programming\Switch Skate\Layouts\Backups\File Backups\public_html\radio.blog\sounds\Slipknot - Sic.rbs <-- Switch Skate /public_html/radio.blog/sounds Slipknot - Sic.rbs
2005.08.30 00:56 B C:\Documents and Settings\Adam.ADAMK\My Documents\Programming\Switch Skate\Layouts\Backups\File Backups\public_html\radio.blog\sounds\Slipknot - Skin Ticket.rbs <-- Switch Skate /public_html/radio.blog/sounds Slipknot - Skin Ticket.rbs
2005.08.30 00:58 B C:\Documents and Settings\Adam.ADAMK\My Documents\Programming\Switch Skate\Layouts\Backups\File Backups\public_html\radio.blog\sounds\slipknot - the nameless.rbs <-- Switch Skate /public_html/radio.blog/sounds slipknot - the nameless.rbs
2005.08.30 00:59 B C:\Documents and Settings\Adam.ADAMK\My Documents\Programming\Switch Skate\Layouts\Backups\File Backups\public_html\radio.blog\sounds\sum 41 - Bring You Down.rbs <-- Switch Skate /public_html/radio.blog/sounds sum 41 - Bring You Down.rbs
2005.08.30 01:00 B C:\Documents and Settings\Adam.ADAMK\My Documents\Programming\Switch Skate\Layouts\Backups\File Backups\public_html\radio.blog\sounds\Sum 41 - Handle This.rbs <-- Switch Skate /public_html/radio.blog/sounds Sum 41 - Handle This.rbs
2005.08.30 01:01 B C:\Documents and Settings\Adam.ADAMK\My Documents\Programming\Switch Skate\Layouts\Backups\File Backups\public_html\radio.blog\sounds\Sum 41 - Motivation.rbs <-- Switch Skate /public_html/radio.blog/sounds Sum 41 - Motivation.rbs
2005.08.30 01:01 B C:\Documents and Settings\Adam.ADAMK\My Documents\Programming\Switch Skate\Layouts\Backups\File Backups\public_html\radio.blog\sounds\Sum 41 - Never Wake Up.rbs <-- Switch Skate /public_html/radio.blog/sounds Sum 41 - Never Wake Up.rbs
2005.08.30 01:02 B C:\Documents and Settings\Adam.ADAMK\My Documents\Programming\Switch Skate\Layouts\Backups\File Backups\public_html\radio.blog\sounds\Sum 41 - Summer.rbs <-- Switch Skate /public_html/radio.blog/sounds Sum 41 - Summer.rbs
