2005.08.29 22:37 B C:\Documents and Settings\Adam.ADAMK\My Documents\Programming\Switch Skate\Layouts\Backups\File Backups\public_html\forums\images\demiZeFire\address.gif <-- Switch Skate /public_html/forums/images/demiZeFire address.gif
2005.08.29 22:37 B C:\Documents and Settings\Adam.ADAMK\My Documents\Programming\Switch Skate\Layouts\Backups\File Backups\public_html\forums\images\demiZeFire\aim.gif <-- Switch Skate /public_html/forums/images/demiZeFire aim.gif
2005.08.29 22:37 B C:\Documents and Settings\Adam.ADAMK\My Documents\Programming\Switch Skate\Layouts\Backups\File Backups\public_html\forums\images\demiZeFire\arrow_dw.gif <-- Switch Skate /public_html/forums/images/demiZeFire arrow_dw.gif
2005.08.29 22:37 B C:\Documents and Settings\Adam.ADAMK\My Documents\Programming\Switch Skate\Layouts\Backups\File Backups\public_html\forums\images\demiZeFire\arrow_up.gif <-- Switch Skate /public_html/forums/images/demiZeFire arrow_up.gif
2005.08.29 22:37 B C:\Documents and Settings\Adam.ADAMK\My Documents\Programming\Switch Skate\Layouts\Backups\File Backups\public_html\forums\images\demiZeFire\b.gif <-- Switch Skate /public_html/forums/images/demiZeFire b.gif
2005.08.29 22:37 B C:\Documents and Settings\Adam.ADAMK\My Documents\Programming\Switch Skate\Layouts\Backups\File Backups\public_html\forums\images\demiZeFire\bb_bold.gif <-- Switch Skate /public_html/forums/images/demiZeFire bb_bold.gif
2005.08.29 22:37 B C:\Documents and Settings\Adam.ADAMK\My Documents\Programming\Switch Skate\Layouts\Backups\File Backups\public_html\forums\images\demiZeFire\bb_center.gif <-- Switch Skate /public_html/forums/images/demiZeFire bb_center.gif
2005.08.29 22:37 B C:\Documents and Settings\Adam.ADAMK\My Documents\Programming\Switch Skate\Layouts\Backups\File Backups\public_html\forums\images\demiZeFire\bb_code.gif <-- Switch Skate /public_html/forums/images/demiZeFire bb_code.gif
2005.08.29 22:37 B C:\Documents and Settings\Adam.ADAMK\My Documents\Programming\Switch Skate\Layouts\Backups\File Backups\public_html\forums\images\demiZeFire\bb_email.gif <-- Switch Skate /public_html/forums/images/demiZeFire bb_email.gif
2005.08.29 22:37 B C:\Documents and Settings\Adam.ADAMK\My Documents\Programming\Switch Skate\Layouts\Backups\File Backups\public_html\forums\images\demiZeFire\bb_hide.gif <-- Switch Skate /public_html/forums/images/demiZeFire bb_hide.gif
2005.08.29 22:37 B C:\Documents and Settings\Adam.ADAMK\My Documents\Programming\Switch Skate\Layouts\Backups\File Backups\public_html\forums\images\demiZeFire\bb_image.gif <-- Switch Skate /public_html/forums/images/demiZeFire bb_image.gif
2005.08.29 22:37 B C:\Documents and Settings\Adam.ADAMK\My Documents\Programming\Switch Skate\Layouts\Backups\File Backups\public_html\forums\images\demiZeFire\bb_italicize.gif <-- Switch Skate /public_html/forums/images/demiZeFire bb_italicize.gif
2005.08.29 22:37 B C:\Documents and Settings\Adam.ADAMK\My Documents\Programming\Switch Skate\Layouts\Backups\File Backups\public_html\forums\images\demiZeFire\bb_list.gif <-- Switch Skate /public_html/forums/images/demiZeFire bb_list.gif
2005.08.29 22:37 B C:\Documents and Settings\Adam.ADAMK\My Documents\Programming\Switch Skate\Layouts\Backups\File Backups\public_html\forums\images\demiZeFire\bb_quote.gif <-- Switch Skate /public_html/forums/images/demiZeFire bb_quote.gif
2005.08.29 22:37 B C:\Documents and Settings\Adam.ADAMK\My Documents\Programming\Switch Skate\Layouts\Backups\File Backups\public_html\forums\images\demiZeFire\bb_underline.gif <-- Switch Skate /public_html/forums/images/demiZeFire bb_underline.gif
2005.08.29 22:37 B C:\Documents and Settings\Adam.ADAMK\My Documents\Programming\Switch Skate\Layouts\Backups\File Backups\public_html\forums\images\demiZeFire\bb_url.gif <-- Switch Skate /public_html/forums/images/demiZeFire bb_url.gif
2005.08.29 22:37 B C:\Documents and Settings\Adam.ADAMK\My Documents\Programming\Switch Skate\Layouts\Backups\File Backups\public_html\forums\images\demiZeFire\bbrules.gif <-- Switch Skate /public_html/forums/images/demiZeFire bbrules.gif
2005.08.29 22:37 B C:\Documents and Settings\Adam.ADAMK\My Documents\Programming\Switch Skate\Layouts\Backups\File Backups\public_html\forums\images\demiZeFire\catbar.gif <-- Switch Skate /public_html/forums/images/demiZeFire catbar.gif
2005.08.29 22:37 B C:\Documents and Settings\Adam.ADAMK\My Documents\Programming\Switch Skate\Layouts\Backups\File Backups\public_html\forums\images\demiZeFire\dot_folder.gif <-- Switch Skate /public_html/forums/images/demiZeFire dot_folder.gif
2005.08.29 22:37 B C:\Documents and Settings\Adam.ADAMK\My Documents\Programming\Switch Skate\Layouts\Backups\File Backups\public_html\forums\images\demiZeFire\dot_hot_folder.gif <-- Switch Skate /public_html/forums/images/demiZeFire dot_hot_folder.gif
2005.08.29 22:37 B C:\Documents and Settings\Adam.ADAMK\My Documents\Programming\Switch Skate\Layouts\Backups\File Backups\public_html\forums\images\demiZeFire\dot_hot_red_folder.gif <-- Switch Skate /public_html/forums/images/demiZeFire dot_hot_red_folder.gif
2005.08.29 22:37 B C:\Documents and Settings\Adam.ADAMK\My Documents\Programming\Switch Skate\Layouts\Backups\File Backups\public_html\forums\images\demiZeFire\dot_red_folder.gif <-- Switch Skate /public_html/forums/images/demiZeFire dot_red_folder.gif
2005.08.29 22:37 B C:\Documents and Settings\Adam.ADAMK\My Documents\Programming\Switch Skate\Layouts\Backups\File Backups\public_html\forums\images\demiZeFire\edit.gif <-- Switch Skate /public_html/forums/images/demiZeFire edit.gif
2005.08.29 22:37 B C:\Documents and Settings\Adam.ADAMK\My Documents\Programming\Switch Skate\Layouts\Backups\File Backups\public_html\forums\images\demiZeFire\email.gif <-- Switch Skate /public_html/forums/images/demiZeFire email.gif
2005.08.29 22:37 B C:\Documents and Settings\Adam.ADAMK\My Documents\Programming\Switch Skate\Layouts\Backups\File Backups\public_html\forums\images\demiZeFire\faq.gif <-- Switch Skate /public_html/forums/images/demiZeFire faq.gif
2005.08.29 22:37 B C:\Documents and Settings\Adam.ADAMK\My Documents\Programming\Switch Skate\Layouts\Backups\File Backups\public_html\forums\images\demiZeFire\find.gif <-- Switch Skate /public_html/forums/images/demiZeFire find.gif
2005.08.29 22:37 B C:\Documents and Settings\Adam.ADAMK\My Documents\Programming\Switch Skate\Layouts\Backups\File Backups\public_html\forums\images\demiZeFire\folder.gif <-- Switch Skate /public_html/forums/images/demiZeFire folder.gif
2005.08.29 22:37 B C:\Documents and Settings\Adam.ADAMK\My Documents\Programming\Switch Skate\Layouts\Backups\File Backups\public_html\forums\images\demiZeFire\forumhead2.gif <-- Switch Skate /public_html/forums/images/demiZeFire forumhead2.gif
2005.08.29 22:37 B C:\Documents and Settings\Adam.ADAMK\My Documents\Programming\Switch Skate\Layouts\Backups\File Backups\public_html\forums\images\demiZeFire\g.gif <-- Switch Skate /public_html/forums/images/demiZeFire g.gif
2005.08.29 22:37 B C:\Documents and Settings\Adam.ADAMK\My Documents\Programming\Switch Skate\Layouts\Backups\File Backups\public_html\forums\images\demiZeFire\home.gif <-- Switch Skate /public_html/forums/images/demiZeFire home.gif
2005.08.29 22:37 B C:\Documents and Settings\Adam.ADAMK\My Documents\Programming\Switch Skate\Layouts\Backups\File Backups\public_html\forums\images\demiZeFire\hot_folder.gif <-- Switch Skate /public_html/forums/images/demiZeFire hot_folder.gif
2005.08.29 22:37 B C:\Documents and Settings\Adam.ADAMK\My Documents\Programming\Switch Skate\Layouts\Backups\File Backups\public_html\forums\images\demiZeFire\hot_red_folder.gif <-- Switch Skate /public_html/forums/images/demiZeFire hot_red_folder.gif
2005.08.29 22:37 B C:\Documents and Settings\Adam.ADAMK\My Documents\Programming\Switch Skate\Layouts\Backups\File Backups\public_html\forums\images\demiZeFire\icq_add.gif <-- Switch Skate /public_html/forums/images/demiZeFire icq_add.gif
2005.08.29 22:37 B C:\Documents and Settings\Adam.ADAMK\My Documents\Programming\Switch Skate\Layouts\Backups\File Backups\public_html\forums\images\demiZeFire\inbox.gif <-- Switch Skate /public_html/forums/images/demiZeFire inbox.gif
2005.08.29 22:37 B C:\Documents and Settings\Adam.ADAMK\My Documents\Programming\Switch Skate\Layouts\Backups\File Backups\public_html\forums\images\demiZeFire\index.html <-- Switch Skate /public_html/forums/images/demiZeFire index.html
2005.08.29 22:37 B C:\Documents and Settings\Adam.ADAMK\My Documents\Programming\Switch Skate\Layouts\Backups\File Backups\public_html\forums\images\demiZeFire\ip.gif <-- Switch Skate /public_html/forums/images/demiZeFire ip.gif
2005.08.29 22:37 B C:\Documents and Settings\Adam.ADAMK\My Documents\Programming\Switch Skate\Layouts\Backups\File Backups\public_html\forums\images\demiZeFire\ipost.gif <-- Switch Skate /public_html/forums/images/demiZeFire ipost.gif
2005.08.29 22:37 B C:\Documents and Settings\Adam.ADAMK\My Documents\Programming\Switch Skate\Layouts\Backups\File Backups\public_html\forums\images\demiZeFire\lastpost.gif <-- Switch Skate /public_html/forums/images/demiZeFire lastpost.gif
2005.08.29 22:37 B C:\Documents and Settings\Adam.ADAMK\My Documents\Programming\Switch Skate\Layouts\Backups\File Backups\public_html\forums\images\demiZeFire\lock_folder.gif <-- Switch Skate /public_html/forums/images/demiZeFire lock_folder.gif
2005.08.29 22:37 B C:\Documents and Settings\Adam.ADAMK\My Documents\Programming\Switch Skate\Layouts\Backups\File Backups\public_html\forums\images\demiZeFire\locku2u.gif <-- Switch Skate /public_html/forums/images/demiZeFire locku2u.gif
2005.08.29 22:37 B C:\Documents and Settings\Adam.ADAMK\My Documents\Programming\Switch Skate\Layouts\Backups\File Backups\public_html\forums\images\demiZeFire\members_list.gif <-- Switch Skate /public_html/forums/images/demiZeFire members_list.gif
2005.08.29 22:37 B C:\Documents and Settings\Adam.ADAMK\My Documents\Programming\Switch Skate\Layouts\Backups\File Backups\public_html\forums\images\demiZeFire\msn.gif <-- Switch Skate /public_html/forums/images/demiZeFire msn.gif
2005.08.29 22:37 B C:\Documents and Settings\Adam.ADAMK\My Documents\Programming\Switch Skate\Layouts\Backups\File Backups\public_html\forums\images\demiZeFire\newbankrequest.gif <-- Switch Skate /public_html/forums/images/demiZeFire newbankrequest.gif
2005.08.29 22:37 B C:\Documents and Settings\Adam.ADAMK\My Documents\Programming\Switch Skate\Layouts\Backups\File Backups\public_html\forums\images\demiZeFire\newtopic.gif <-- Switch Skate /public_html/forums/images/demiZeFire newtopic.gif
2005.08.29 22:37 B C:\Documents and Settings\Adam.ADAMK\My Documents\Programming\Switch Skate\Layouts\Backups\File Backups\public_html\forums\images\demiZeFire\newu2u.gif <-- Switch Skate /public_html/forums/images/demiZeFire newu2u.gif
2005.08.29 22:37 B C:\Documents and Settings\Adam.ADAMK\My Documents\Programming\Switch Skate\Layouts\Backups\File Backups\public_html\forums\images\demiZeFire\online.gif <-- Switch Skate /public_html/forums/images/demiZeFire online.gif
2005.08.29 22:37 B C:\Documents and Settings\Adam.ADAMK\My Documents\Programming\Switch Skate\Layouts\Backups\File Backups\public_html\forums\images\demiZeFire\online_guest.gif <-- Switch Skate /public_html/forums/images/demiZeFire online_guest.gif
2005.08.29 22:37 B C:\Documents and Settings\Adam.ADAMK\My Documents\Programming\Switch Skate\Layouts\Backups\File Backups\public_html\forums\images\demiZeFire\outbox.gif <-- Switch Skate /public_html/forums/images/demiZeFire outbox.gif
2005.08.29 22:37 B C:\Documents and Settings\Adam.ADAMK\My Documents\Programming\Switch Skate\Layouts\Backups\File Backups\public_html\forums\images\demiZeFire\pin.gif <-- Switch Skate /public_html/forums/images/demiZeFire pin.gif
2005.08.29 22:37 B C:\Documents and Settings\Adam.ADAMK\My Documents\Programming\Switch Skate\Layouts\Backups\File Backups\public_html\forums\images\demiZeFire\pixel.gif <-- Switch Skate /public_html/forums/images/demiZeFire pixel.gif
2005.08.29 22:37 B C:\Documents and Settings\Adam.ADAMK\My Documents\Programming\Switch Skate\Layouts\Backups\File Backups\public_html\forums\images\demiZeFire\poll.gif <-- Switch Skate /public_html/forums/images/demiZeFire poll.gif
2005.08.29 22:38 B C:\Documents and Settings\Adam.ADAMK\My Documents\Programming\Switch Skate\Layouts\Backups\File Backups\public_html\forums\images\demiZeFire\pollbar-e.gif <-- Switch Skate /public_html/forums/images/demiZeFire pollbar-e.gif
2005.08.29 22:38 B C:\Documents and Settings\Adam.ADAMK\My Documents\Programming\Switch Skate\Layouts\Backups\File Backups\public_html\forums\images\demiZeFire\pollbar-s.gif <-- Switch Skate /public_html/forums/images/demiZeFire pollbar-s.gif
2005.08.29 22:38 B C:\Documents and Settings\Adam.ADAMK\My Documents\Programming\Switch Skate\Layouts\Backups\File Backups\public_html\forums\images\demiZeFire\pollbar.gif <-- Switch Skate /public_html/forums/images/demiZeFire pollbar.gif
2005.08.29 22:38 B C:\Documents and Settings\Adam.ADAMK\My Documents\Programming\Switch Skate\Layouts\Backups\File Backups\public_html\forums\images\demiZeFire\pollsmall.gif <-- Switch Skate /public_html/forums/images/demiZeFire pollsmall.gif
2005.08.29 22:38 B C:\Documents and Settings\Adam.ADAMK\My Documents\Programming\Switch Skate\Layouts\Backups\File Backups\public_html\forums\images\demiZeFire\profile.gif <-- Switch Skate /public_html/forums/images/demiZeFire profile.gif
2005.08.29 22:38 B C:\Documents and Settings\Adam.ADAMK\My Documents\Programming\Switch Skate\Layouts\Backups\File Backups\public_html\forums\images\demiZeFire\quote.gif <-- Switch Skate /public_html/forums/images/demiZeFire quote.gif
2005.08.29 22:38 B C:\Documents and Settings\Adam.ADAMK\My Documents\Programming\Switch Skate\Layouts\Backups\File Backups\public_html\forums\images\demiZeFire\red_folder.gif <-- Switch Skate /public_html/forums/images/demiZeFire red_folder.gif
2005.08.29 22:38 B C:\Documents and Settings\Adam.ADAMK\My Documents\Programming\Switch Skate\Layouts\Backups\File Backups\public_html\forums\images\demiZeFire\reply.gif <-- Switch Skate /public_html/forums/images/demiZeFire reply.gif
2005.08.29 22:38 B C:\Documents and Settings\Adam.ADAMK\My Documents\Programming\Switch Skate\Layouts\Backups\File Backups\public_html\forums\images\demiZeFire\report.gif <-- Switch Skate /public_html/forums/images/demiZeFire report.gif
2005.08.29 22:38 B C:\Documents and Settings\Adam.ADAMK\My Documents\Programming\Switch Skate\Layouts\Backups\File Backups\public_html\forums\images\demiZeFire\search.gif <-- Switch Skate /public_html/forums/images/demiZeFire search.gif
2005.08.29 22:38 B C:\Documents and Settings\Adam.ADAMK\My Documents\Programming\Switch Skate\Layouts\Backups\File Backups\public_html\forums\images\demiZeFire\site.gif <-- Switch Skate /public_html/forums/images/demiZeFire site.gif
2005.08.29 22:38 B C:\Documents and Settings\Adam.ADAMK\My Documents\Programming\Switch Skate\Layouts\Backups\File Backups\public_html\forums\images\demiZeFire\star.gif <-- Switch Skate /public_html/forums/images/demiZeFire star.gif
2005.08.29 22:38 B C:\Documents and Settings\Adam.ADAMK\My Documents\Programming\Switch Skate\Layouts\Backups\File Backups\public_html\forums\images\demiZeFire\stats.gif <-- Switch Skate /public_html/forums/images/demiZeFire stats.gif
2005.08.29 22:38 B C:\Documents and Settings\Adam.ADAMK\My Documents\Programming\Switch Skate\Layouts\Backups\File Backups\public_html\forums\images\demiZeFire\todays_posts.gif <-- Switch Skate /public_html/forums/images/demiZeFire todays_posts.gif
2005.08.29 22:38 B C:\Documents and Settings\Adam.ADAMK\My Documents\Programming\Switch Skate\Layouts\Backups\File Backups\public_html\forums\images\demiZeFire\u2u.gif <-- Switch Skate /public_html/forums/images/demiZeFire u2u.gif
2005.08.29 22:38 B C:\Documents and Settings\Adam.ADAMK\My Documents\Programming\Switch Skate\Layouts\Backups\File Backups\public_html\forums\images\demiZeFire\u2u_in.gif <-- Switch Skate /public_html/forums/images/demiZeFire u2u_in.gif
2005.08.29 22:38 B C:\Documents and Settings\Adam.ADAMK\My Documents\Programming\Switch Skate\Layouts\Backups\File Backups\public_html\forums\images\demiZeFire\u2u_none.gif <-- Switch Skate /public_html/forums/images/demiZeFire u2u_none.gif
2005.08.29 22:38 B C:\Documents and Settings\Adam.ADAMK\My Documents\Programming\Switch Skate\Layouts\Backups\File Backups\public_html\forums\images\demiZeFire\xmbheader.gif <-- Switch Skate /public_html/forums/images/demiZeFire xmbheader.gif
2005.08.29 22:38 B C:\Documents and Settings\Adam.ADAMK\My Documents\Programming\Switch Skate\Layouts\Backups\File Backups\public_html\forums\images\demiZeFire\yahoo.gif <-- Switch Skate /public_html/forums/images/demiZeFire yahoo.gif
