2004.08.26 15:35 B E:\Documents and Settings\Adam Knox\Desktop\SKATE WORLD UNCLEAN\public_html\abclick\index.php <-- Skate world /public_html/abclick index.php
2004.08.26 15:35 B E:\Documents and Settings\Adam Knox\Desktop\SKATE WORLD UNCLEAN\public_html\abclick\out.php <-- Skate world /public_html/abclick out.php
2004.08.26 15:35 B E:\Documents and Settings\Adam Knox\Desktop\SKATE WORLD UNCLEAN\public_html\abclick\password.php <-- Skate world /public_html/abclick password.php
2004.08.26 15:35 B E:\Documents and Settings\Adam Knox\Desktop\SKATE WORLD UNCLEAN\public_html\abclick\readme.txt <-- Skate world /public_html/abclick readme.txt
2004.08.26 15:35 B E:\Documents and Settings\Adam Knox\Desktop\SKATE WORLD UNCLEAN\public_html\abclick\setup.php <-- Skate world /public_html/abclick setup.php
2004.08.26 15:35 B E:\Documents and Settings\Adam Knox\Desktop\SKATE WORLD UNCLEAN\public_html\abclick\shared.inc.php <-- Skate world /public_html/abclick shared.inc.php
2004.08.26 19:22 B E:\Documents and Settings\Adam Knox\Desktop\Skate world redone\abclick\index.php --> ftp.skate-world.net /public_html/abclick index.php
2004.08.26 19:22 B E:\Documents and Settings\Adam Knox\Desktop\Skate world redone\abclick\out.php --> ftp.skate-world.net /public_html/abclick out.php
2004.08.26 19:22 B E:\Documents and Settings\Adam Knox\Desktop\Skate world redone\abclick\password.php --> ftp.skate-world.net /public_html/abclick password.php
2004.08.26 19:22 B E:\Documents and Settings\Adam Knox\Desktop\Skate world redone\abclick\readme.txt --> ftp.skate-world.net /public_html/abclick readme.txt
2004.08.26 19:22 B E:\Documents and Settings\Adam Knox\Desktop\Skate world redone\abclick\setup.php --> ftp.skate-world.net /public_html/abclick setup.php
2004.08.26 19:22 B E:\Documents and Settings\Adam Knox\Desktop\Skate world redone\abclick\shared.inc.php --> ftp.skate-world.net /public_html/abclick shared.inc.php
2004.08.27 05:33 B E:\Documents and Settings\Adam Knox\Desktop\Skate World\Scripts\abclick\WS_FTP.LOG <-- Skate world /public_html/abclick WS_FTP.LOG
2004.10.05 06:31 B G:\Documents and Settings\bilbo\My Documents\SwitchSkate\Skate World\Scripts\abclick\index.php --> host215.ipowerweb.com /public_html/abclick index.php
2004.10.05 06:31 B G:\Documents and Settings\bilbo\My Documents\SwitchSkate\Skate World\Scripts\abclick\out.php --> host215.ipowerweb.com /public_html/abclick out.php
2004.10.05 06:31 B G:\Documents and Settings\bilbo\My Documents\SwitchSkate\Skate World\Scripts\abclick\password.php --> host215.ipowerweb.com /public_html/abclick password.php
2004.10.05 06:31 B G:\Documents and Settings\bilbo\My Documents\SwitchSkate\Skate World\Scripts\abclick\readme.txt --> host215.ipowerweb.com /public_html/abclick readme.txt
2004.10.05 06:31 B G:\Documents and Settings\bilbo\My Documents\SwitchSkate\Skate World\Scripts\abclick\setup.php --> host215.ipowerweb.com /public_html/abclick setup.php
2004.10.05 06:31 B G:\Documents and Settings\bilbo\My Documents\SwitchSkate\Skate World\Scripts\abclick\shared.inc.php --> host215.ipowerweb.com /public_html/abclick shared.inc.php
2004.10.26 18:47 B G:\Documents and Settings\bilbo\My Documents\SwitchSkate\Next Design\New\cp\clicks\WS_FTP.LOG <-- Switch Skate /public_html/cp/clicks WS_FTP.LOG
