2005.08.29 23:04 B C:\Documents and Settings\Adam.ADAMK\My Documents\Programming\Switch Skate\Layouts\Backups\File Backups\public_html\forums\images\Reloaded\address.gif <-- Switch Skate /public_html/forums/images/Reloaded address.gif
2005.08.29 23:04 B C:\Documents and Settings\Adam.ADAMK\My Documents\Programming\Switch Skate\Layouts\Backups\File Backups\public_html\forums\images\Reloaded\aim.gif <-- Switch Skate /public_html/forums/images/Reloaded aim.gif
2005.08.29 23:04 B C:\Documents and Settings\Adam.ADAMK\My Documents\Programming\Switch Skate\Layouts\Backups\File Backups\public_html\forums\images\Reloaded\arrow_dw.gif <-- Switch Skate /public_html/forums/images/Reloaded arrow_dw.gif
2005.08.29 23:04 B C:\Documents and Settings\Adam.ADAMK\My Documents\Programming\Switch Skate\Layouts\Backups\File Backups\public_html\forums\images\Reloaded\arrow_up.gif <-- Switch Skate /public_html/forums/images/Reloaded arrow_up.gif
2005.08.29 23:04 B C:\Documents and Settings\Adam.ADAMK\My Documents\Programming\Switch Skate\Layouts\Backups\File Backups\public_html\forums\images\Reloaded\b.gif <-- Switch Skate /public_html/forums/images/Reloaded b.gif
2005.08.29 23:04 B C:\Documents and Settings\Adam.ADAMK\My Documents\Programming\Switch Skate\Layouts\Backups\File Backups\public_html\forums\images\Reloaded\bar.gif <-- Switch Skate /public_html/forums/images/Reloaded bar.gif
2005.08.29 23:04 B C:\Documents and Settings\Adam.ADAMK\My Documents\Programming\Switch Skate\Layouts\Backups\File Backups\public_html\forums\images\Reloaded\bar.jpg <-- Switch Skate /public_html/forums/images/Reloaded bar.jpg
2005.08.29 23:04 B C:\Documents and Settings\Adam.ADAMK\My Documents\Programming\Switch Skate\Layouts\Backups\File Backups\public_html\forums\images\Reloaded\bb_bold.gif <-- Switch Skate /public_html/forums/images/Reloaded bb_bold.gif
2005.08.29 23:04 B C:\Documents and Settings\Adam.ADAMK\My Documents\Programming\Switch Skate\Layouts\Backups\File Backups\public_html\forums\images\Reloaded\bb_center.gif <-- Switch Skate /public_html/forums/images/Reloaded bb_center.gif
2005.08.29 23:04 B C:\Documents and Settings\Adam.ADAMK\My Documents\Programming\Switch Skate\Layouts\Backups\File Backups\public_html\forums\images\Reloaded\bb_code.gif <-- Switch Skate /public_html/forums/images/Reloaded bb_code.gif
2005.08.29 23:04 B C:\Documents and Settings\Adam.ADAMK\My Documents\Programming\Switch Skate\Layouts\Backups\File Backups\public_html\forums\images\Reloaded\bb_email.gif <-- Switch Skate /public_html/forums/images/Reloaded bb_email.gif
2005.08.29 23:04 B C:\Documents and Settings\Adam.ADAMK\My Documents\Programming\Switch Skate\Layouts\Backups\File Backups\public_html\forums\images\Reloaded\bb_hide.gif <-- Switch Skate /public_html/forums/images/Reloaded bb_hide.gif
2005.08.29 23:04 B C:\Documents and Settings\Adam.ADAMK\My Documents\Programming\Switch Skate\Layouts\Backups\File Backups\public_html\forums\images\Reloaded\bb_image.gif <-- Switch Skate /public_html/forums/images/Reloaded bb_image.gif
2005.08.29 23:04 B C:\Documents and Settings\Adam.ADAMK\My Documents\Programming\Switch Skate\Layouts\Backups\File Backups\public_html\forums\images\Reloaded\bb_italicize.gif <-- Switch Skate /public_html/forums/images/Reloaded bb_italicize.gif
2005.08.29 23:04 B C:\Documents and Settings\Adam.ADAMK\My Documents\Programming\Switch Skate\Layouts\Backups\File Backups\public_html\forums\images\Reloaded\bb_list.gif <-- Switch Skate /public_html/forums/images/Reloaded bb_list.gif
2005.08.29 23:04 B C:\Documents and Settings\Adam.ADAMK\My Documents\Programming\Switch Skate\Layouts\Backups\File Backups\public_html\forums\images\Reloaded\bb_quote.gif <-- Switch Skate /public_html/forums/images/Reloaded bb_quote.gif
2005.08.29 23:04 B C:\Documents and Settings\Adam.ADAMK\My Documents\Programming\Switch Skate\Layouts\Backups\File Backups\public_html\forums\images\Reloaded\bb_underline.gif <-- Switch Skate /public_html/forums/images/Reloaded bb_underline.gif
2005.08.29 23:04 B C:\Documents and Settings\Adam.ADAMK\My Documents\Programming\Switch Skate\Layouts\Backups\File Backups\public_html\forums\images\Reloaded\bb_url.gif <-- Switch Skate /public_html/forums/images/Reloaded bb_url.gif
2005.08.29 23:04 B C:\Documents and Settings\Adam.ADAMK\My Documents\Programming\Switch Skate\Layouts\Backups\File Backups\public_html\forums\images\Reloaded\bbrules.gif <-- Switch Skate /public_html/forums/images/Reloaded bbrules.gif
2005.08.29 23:04 B C:\Documents and Settings\Adam.ADAMK\My Documents\Programming\Switch Skate\Layouts\Backups\File Backups\public_html\forums\images\Reloaded\code.gif <-- Switch Skate /public_html/forums/images/Reloaded code.gif
2005.08.29 23:04 B C:\Documents and Settings\Adam.ADAMK\My Documents\Programming\Switch Skate\Layouts\Backups\File Backups\public_html\forums\images\Reloaded\dot_folder.gif <-- Switch Skate /public_html/forums/images/Reloaded dot_folder.gif
2005.08.29 23:04 B C:\Documents and Settings\Adam.ADAMK\My Documents\Programming\Switch Skate\Layouts\Backups\File Backups\public_html\forums\images\Reloaded\dot_hot_folder.gif <-- Switch Skate /public_html/forums/images/Reloaded dot_hot_folder.gif
2005.08.29 23:04 B C:\Documents and Settings\Adam.ADAMK\My Documents\Programming\Switch Skate\Layouts\Backups\File Backups\public_html\forums\images\Reloaded\dot_hot_red_folder.gif <-- Switch Skate /public_html/forums/images/Reloaded dot_hot_red_folder.gif
2005.08.29 23:04 B C:\Documents and Settings\Adam.ADAMK\My Documents\Programming\Switch Skate\Layouts\Backups\File Backups\public_html\forums\images\Reloaded\dot_red_folder.gif <-- Switch Skate /public_html/forums/images/Reloaded dot_red_folder.gif
2005.08.29 23:04 B C:\Documents and Settings\Adam.ADAMK\My Documents\Programming\Switch Skate\Layouts\Backups\File Backups\public_html\forums\images\Reloaded\edit.gif <-- Switch Skate /public_html/forums/images/Reloaded edit.gif
2005.08.29 23:04 B C:\Documents and Settings\Adam.ADAMK\My Documents\Programming\Switch Skate\Layouts\Backups\File Backups\public_html\forums\images\Reloaded\email.gif <-- Switch Skate /public_html/forums/images/Reloaded email.gif
2005.08.29 23:04 B C:\Documents and Settings\Adam.ADAMK\My Documents\Programming\Switch Skate\Layouts\Backups\File Backups\public_html\forums\images\Reloaded\faq.gif <-- Switch Skate /public_html/forums/images/Reloaded faq.gif
2005.08.29 23:04 B C:\Documents and Settings\Adam.ADAMK\My Documents\Programming\Switch Skate\Layouts\Backups\File Backups\public_html\forums\images\Reloaded\find.gif <-- Switch Skate /public_html/forums/images/Reloaded find.gif
2005.08.29 23:04 B C:\Documents and Settings\Adam.ADAMK\My Documents\Programming\Switch Skate\Layouts\Backups\File Backups\public_html\forums\images\Reloaded\folder.gif <-- Switch Skate /public_html/forums/images/Reloaded folder.gif
2005.08.29 23:04 B C:\Documents and Settings\Adam.ADAMK\My Documents\Programming\Switch Skate\Layouts\Backups\File Backups\public_html\forums\images\Reloaded\forumhead2.gif <-- Switch Skate /public_html/forums/images/Reloaded forumhead2.gif
2005.08.29 23:04 B C:\Documents and Settings\Adam.ADAMK\My Documents\Programming\Switch Skate\Layouts\Backups\File Backups\public_html\forums\images\Reloaded\g.gif <-- Switch Skate /public_html/forums/images/Reloaded g.gif
2005.08.29 23:04 B C:\Documents and Settings\Adam.ADAMK\My Documents\Programming\Switch Skate\Layouts\Backups\File Backups\public_html\forums\images\Reloaded\home.gif <-- Switch Skate /public_html/forums/images/Reloaded home.gif
2005.08.29 23:04 B C:\Documents and Settings\Adam.ADAMK\My Documents\Programming\Switch Skate\Layouts\Backups\File Backups\public_html\forums\images\Reloaded\hot_folder.gif <-- Switch Skate /public_html/forums/images/Reloaded hot_folder.gif
2005.08.29 23:04 B C:\Documents and Settings\Adam.ADAMK\My Documents\Programming\Switch Skate\Layouts\Backups\File Backups\public_html\forums\images\Reloaded\hot_red_folder.gif <-- Switch Skate /public_html/forums/images/Reloaded hot_red_folder.gif
2005.08.29 23:04 B C:\Documents and Settings\Adam.ADAMK\My Documents\Programming\Switch Skate\Layouts\Backups\File Backups\public_html\forums\images\Reloaded\icq_add.gif <-- Switch Skate /public_html/forums/images/Reloaded icq_add.gif
2005.08.29 23:04 B C:\Documents and Settings\Adam.ADAMK\My Documents\Programming\Switch Skate\Layouts\Backups\File Backups\public_html\forums\images\Reloaded\inbox.gif <-- Switch Skate /public_html/forums/images/Reloaded inbox.gif
2005.08.29 23:04 B C:\Documents and Settings\Adam.ADAMK\My Documents\Programming\Switch Skate\Layouts\Backups\File Backups\public_html\forums\images\Reloaded\index.htm <-- Switch Skate /public_html/forums/images/Reloaded index.htm
2005.08.29 23:04 B C:\Documents and Settings\Adam.ADAMK\My Documents\Programming\Switch Skate\Layouts\Backups\File Backups\public_html\forums\images\Reloaded\ip.gif <-- Switch Skate /public_html/forums/images/Reloaded ip.gif
2005.08.29 23:04 B C:\Documents and Settings\Adam.ADAMK\My Documents\Programming\Switch Skate\Layouts\Backups\File Backups\public_html\forums\images\Reloaded\ipost.gif <-- Switch Skate /public_html/forums/images/Reloaded ipost.gif
2005.08.29 23:04 B C:\Documents and Settings\Adam.ADAMK\My Documents\Programming\Switch Skate\Layouts\Backups\File Backups\public_html\forums\images\Reloaded\lastpost.gif <-- Switch Skate /public_html/forums/images/Reloaded lastpost.gif
2005.08.29 23:04 B C:\Documents and Settings\Adam.ADAMK\My Documents\Programming\Switch Skate\Layouts\Backups\File Backups\public_html\forums\images\Reloaded\lock_folder.gif <-- Switch Skate /public_html/forums/images/Reloaded lock_folder.gif
2005.08.29 23:04 B C:\Documents and Settings\Adam.ADAMK\My Documents\Programming\Switch Skate\Layouts\Backups\File Backups\public_html\forums\images\Reloaded\locku2u.gif <-- Switch Skate /public_html/forums/images/Reloaded locku2u.gif
2005.08.29 23:04 B C:\Documents and Settings\Adam.ADAMK\My Documents\Programming\Switch Skate\Layouts\Backups\File Backups\public_html\forums\images\Reloaded\logo.gif <-- Switch Skate /public_html/forums/images/Reloaded logo.gif
2005.08.29 23:04 B C:\Documents and Settings\Adam.ADAMK\My Documents\Programming\Switch Skate\Layouts\Backups\File Backups\public_html\forums\images\Reloaded\members_list.gif <-- Switch Skate /public_html/forums/images/Reloaded members_list.gif
2005.08.29 23:04 B C:\Documents and Settings\Adam.ADAMK\My Documents\Programming\Switch Skate\Layouts\Backups\File Backups\public_html\forums\images\Reloaded\msn.gif <-- Switch Skate /public_html/forums/images/Reloaded msn.gif
2005.08.29 23:04 B C:\Documents and Settings\Adam.ADAMK\My Documents\Programming\Switch Skate\Layouts\Backups\File Backups\public_html\forums\images\Reloaded\newbankrequest.gif <-- Switch Skate /public_html/forums/images/Reloaded newbankrequest.gif
2005.08.29 23:04 B C:\Documents and Settings\Adam.ADAMK\My Documents\Programming\Switch Skate\Layouts\Backups\File Backups\public_html\forums\images\Reloaded\newtopic.gif <-- Switch Skate /public_html/forums/images/Reloaded newtopic.gif
2005.08.29 23:04 B C:\Documents and Settings\Adam.ADAMK\My Documents\Programming\Switch Skate\Layouts\Backups\File Backups\public_html\forums\images\Reloaded\newu2u.gif <-- Switch Skate /public_html/forums/images/Reloaded newu2u.gif
2005.08.29 23:04 B C:\Documents and Settings\Adam.ADAMK\My Documents\Programming\Switch Skate\Layouts\Backups\File Backups\public_html\forums\images\Reloaded\online.gif <-- Switch Skate /public_html/forums/images/Reloaded online.gif
2005.08.29 23:04 B C:\Documents and Settings\Adam.ADAMK\My Documents\Programming\Switch Skate\Layouts\Backups\File Backups\public_html\forums\images\Reloaded\online_guest.gif <-- Switch Skate /public_html/forums/images/Reloaded online_guest.gif
2005.08.29 23:04 B C:\Documents and Settings\Adam.ADAMK\My Documents\Programming\Switch Skate\Layouts\Backups\File Backups\public_html\forums\images\Reloaded\outbox.gif <-- Switch Skate /public_html/forums/images/Reloaded outbox.gif
2005.08.29 23:04 B C:\Documents and Settings\Adam.ADAMK\My Documents\Programming\Switch Skate\Layouts\Backups\File Backups\public_html\forums\images\Reloaded\pin.gif <-- Switch Skate /public_html/forums/images/Reloaded pin.gif
2005.08.29 23:04 B C:\Documents and Settings\Adam.ADAMK\My Documents\Programming\Switch Skate\Layouts\Backups\File Backups\public_html\forums\images\Reloaded\poll.gif <-- Switch Skate /public_html/forums/images/Reloaded poll.gif
2005.08.29 23:04 B C:\Documents and Settings\Adam.ADAMK\My Documents\Programming\Switch Skate\Layouts\Backups\File Backups\public_html\forums\images\Reloaded\pollbar-e.gif <-- Switch Skate /public_html/forums/images/Reloaded pollbar-e.gif
2005.08.29 23:04 B C:\Documents and Settings\Adam.ADAMK\My Documents\Programming\Switch Skate\Layouts\Backups\File Backups\public_html\forums\images\Reloaded\pollbar-s.gif <-- Switch Skate /public_html/forums/images/Reloaded pollbar-s.gif
2005.08.29 23:04 B C:\Documents and Settings\Adam.ADAMK\My Documents\Programming\Switch Skate\Layouts\Backups\File Backups\public_html\forums\images\Reloaded\pollbar.gif <-- Switch Skate /public_html/forums/images/Reloaded pollbar.gif
2005.08.29 23:04 B C:\Documents and Settings\Adam.ADAMK\My Documents\Programming\Switch Skate\Layouts\Backups\File Backups\public_html\forums\images\Reloaded\pollsmall.gif <-- Switch Skate /public_html/forums/images/Reloaded pollsmall.gif
2005.08.29 23:04 B C:\Documents and Settings\Adam.ADAMK\My Documents\Programming\Switch Skate\Layouts\Backups\File Backups\public_html\forums\images\Reloaded\profile.gif <-- Switch Skate /public_html/forums/images/Reloaded profile.gif
2005.08.29 23:04 B C:\Documents and Settings\Adam.ADAMK\My Documents\Programming\Switch Skate\Layouts\Backups\File Backups\public_html\forums\images\Reloaded\quote.gif <-- Switch Skate /public_html/forums/images/Reloaded quote.gif
2005.08.29 23:04 B C:\Documents and Settings\Adam.ADAMK\My Documents\Programming\Switch Skate\Layouts\Backups\File Backups\public_html\forums\images\Reloaded\red_folder.gif <-- Switch Skate /public_html/forums/images/Reloaded red_folder.gif
2005.08.29 23:04 B C:\Documents and Settings\Adam.ADAMK\My Documents\Programming\Switch Skate\Layouts\Backups\File Backups\public_html\forums\images\Reloaded\reply.gif <-- Switch Skate /public_html/forums/images/Reloaded reply.gif
2005.08.29 23:04 B C:\Documents and Settings\Adam.ADAMK\My Documents\Programming\Switch Skate\Layouts\Backups\File Backups\public_html\forums\images\Reloaded\report.gif <-- Switch Skate /public_html/forums/images/Reloaded report.gif
2005.08.29 23:04 B C:\Documents and Settings\Adam.ADAMK\My Documents\Programming\Switch Skate\Layouts\Backups\File Backups\public_html\forums\images\Reloaded\search.gif <-- Switch Skate /public_html/forums/images/Reloaded search.gif
2005.08.29 23:04 B C:\Documents and Settings\Adam.ADAMK\My Documents\Programming\Switch Skate\Layouts\Backups\File Backups\public_html\forums\images\Reloaded\site.gif <-- Switch Skate /public_html/forums/images/Reloaded site.gif
2005.08.29 23:04 B C:\Documents and Settings\Adam.ADAMK\My Documents\Programming\Switch Skate\Layouts\Backups\File Backups\public_html\forums\images\Reloaded\star.gif <-- Switch Skate /public_html/forums/images/Reloaded star.gif
2005.08.29 23:04 B C:\Documents and Settings\Adam.ADAMK\My Documents\Programming\Switch Skate\Layouts\Backups\File Backups\public_html\forums\images\Reloaded\stats.gif <-- Switch Skate /public_html/forums/images/Reloaded stats.gif
2005.08.29 23:04 B C:\Documents and Settings\Adam.ADAMK\My Documents\Programming\Switch Skate\Layouts\Backups\File Backups\public_html\forums\images\Reloaded\statsbar.gif <-- Switch Skate /public_html/forums/images/Reloaded statsbar.gif
2005.08.29 23:04 B C:\Documents and Settings\Adam.ADAMK\My Documents\Programming\Switch Skate\Layouts\Backups\File Backups\public_html\forums\images\Reloaded\statsbarbday.gif <-- Switch Skate /public_html/forums/images/Reloaded statsbarbday.gif
2005.08.29 23:04 B C:\Documents and Settings\Adam.ADAMK\My Documents\Programming\Switch Skate\Layouts\Backups\File Backups\public_html\forums\images\Reloaded\todays_posts.gif <-- Switch Skate /public_html/forums/images/Reloaded todays_posts.gif
2005.08.29 23:04 B C:\Documents and Settings\Adam.ADAMK\My Documents\Programming\Switch Skate\Layouts\Backups\File Backups\public_html\forums\images\Reloaded\u2u.gif <-- Switch Skate /public_html/forums/images/Reloaded u2u.gif
2005.08.29 23:04 B C:\Documents and Settings\Adam.ADAMK\My Documents\Programming\Switch Skate\Layouts\Backups\File Backups\public_html\forums\images\Reloaded\u2u_in.gif <-- Switch Skate /public_html/forums/images/Reloaded u2u_in.gif
2005.08.29 23:04 B C:\Documents and Settings\Adam.ADAMK\My Documents\Programming\Switch Skate\Layouts\Backups\File Backups\public_html\forums\images\Reloaded\u2u_none.gif <-- Switch Skate /public_html/forums/images/Reloaded u2u_none.gif
2005.08.29 23:04 B C:\Documents and Settings\Adam.ADAMK\My Documents\Programming\Switch Skate\Layouts\Backups\File Backups\public_html\forums\images\Reloaded\yahoo.gif <-- Switch Skate /public_html/forums/images/Reloaded yahoo.gif
