2004.10.14 21:10 B G:\Documents and Settings\bilbo\My Documents\school\Grade 10\English B10\Chapter 1.doc --> host215.ipowerweb.com /public_html/adam/school/Grade 10/English B10 Chapter 1.doc
2004.10.14 21:10 B G:\Documents and Settings\bilbo\My Documents\school\Grade 10\English B10\Chapter 2.doc --> host215.ipowerweb.com /public_html/adam/school/Grade 10/English B10 Chapter 2.doc
2004.10.14 21:10 B G:\Documents and Settings\bilbo\My Documents\school\Grade 10\English B10\Chapter 3.doc --> host215.ipowerweb.com /public_html/adam/school/Grade 10/English B10 Chapter 3.doc
2004.10.14 21:10 B G:\Documents and Settings\bilbo\My Documents\school\Grade 10\English B10\Chapter 4.doc --> host215.ipowerweb.com /public_html/adam/school/Grade 10/English B10 Chapter 4.doc
2004.10.14 21:10 B G:\Documents and Settings\bilbo\My Documents\school\Grade 10\English B10\Chapter 5.doc --> host215.ipowerweb.com /public_html/adam/school/Grade 10/English B10 Chapter 5.doc
2004.10.14 21:10 B G:\Documents and Settings\bilbo\My Documents\school\Grade 10\English B10\Chapter 6.doc --> host215.ipowerweb.com /public_html/adam/school/Grade 10/English B10 Chapter 6.doc
2004.10.14 21:10 B G:\Documents and Settings\bilbo\My Documents\school\Grade 10\English B10\editor.rtf --> host215.ipowerweb.com /public_html/adam/school/Grade 10/English B10 editor.rtf
2004.10.14 21:10 B G:\Documents and Settings\bilbo\My Documents\school\Grade 10\English B10\War on Terrorism.doc --> host215.ipowerweb.com /public_html/adam/school/Grade 10/English B10 War on Terrorism.doc
2004.10.25 23:46 B G:\Documents and Settings\bilbo\My Documents\school\Grade 10\English B10\editor.rtf <-- Switch Skate /public_ftp/adam/school/Grade 10/English B10 editor.rtf
2004.10.25 23:46 B G:\Documents and Settings\bilbo\My Documents\school\Grade 10\English B10\expository.doc <-- Switch Skate /public_ftp/adam/school/Grade 10/English B10 expository.doc
2004.10.25 23:46 B G:\Documents and Settings\bilbo\My Documents\school\Grade 10\English B10\poem.doc <-- Switch Skate /public_ftp/adam/school/Grade 10/English B10 poem.doc
2004.10.25 23:46 B G:\Documents and Settings\bilbo\My Documents\school\Grade 10\English B10\War on Terrorism.doc <-- Switch Skate /public_ftp/adam/school/Grade 10/English B10 War on Terrorism.doc
2004.11.24 21:44 B G:\Documents and Settings\bilbo\My Documents\school\Grade 10\English B10\advertisements.doc --> host215.ipowerweb.com /school/Grade 10/English B10 advertisements.doc
2004.11.24 21:44 B G:\Documents and Settings\bilbo\My Documents\school\Grade 10\English B10\Chapter 1.doc --> host215.ipowerweb.com /school/Grade 10/English B10 Chapter 1.doc
2004.11.24 21:44 B G:\Documents and Settings\bilbo\My Documents\school\Grade 10\English B10\Chapter 2.doc --> host215.ipowerweb.com /school/Grade 10/English B10 Chapter 2.doc
2004.11.24 21:44 B G:\Documents and Settings\bilbo\My Documents\school\Grade 10\English B10\Chapter 3.doc --> host215.ipowerweb.com /school/Grade 10/English B10 Chapter 3.doc
2004.11.24 21:44 B G:\Documents and Settings\bilbo\My Documents\school\Grade 10\English B10\Chapter 4.doc --> host215.ipowerweb.com /school/Grade 10/English B10 Chapter 4.doc
2004.11.24 21:44 B G:\Documents and Settings\bilbo\My Documents\school\Grade 10\English B10\Chapter 5.doc --> host215.ipowerweb.com /school/Grade 10/English B10 Chapter 5.doc
2004.11.24 21:44 B G:\Documents and Settings\bilbo\My Documents\school\Grade 10\English B10\Chapter 6.doc --> host215.ipowerweb.com /school/Grade 10/English B10 Chapter 6.doc
2004.11.24 21:44 B G:\Documents and Settings\bilbo\My Documents\school\Grade 10\English B10\editor.rtf --> host215.ipowerweb.com /school/Grade 10/English B10 editor.rtf
2004.11.24 21:44 B G:\Documents and Settings\bilbo\My Documents\school\Grade 10\English B10\expository.doc --> host215.ipowerweb.com /school/Grade 10/English B10 expository.doc
2004.11.24 21:44 B G:\Documents and Settings\bilbo\My Documents\school\Grade 10\English B10\perfect 10.doc --> host215.ipowerweb.com /school/Grade 10/English B10 perfect 10.doc
2004.11.24 21:44 B G:\Documents and Settings\bilbo\My Documents\school\Grade 10\English B10\poem.doc --> host215.ipowerweb.com /school/Grade 10/English B10 poem.doc
2004.11.24 21:44 B G:\Documents and Settings\bilbo\My Documents\school\Grade 10\English B10\schindler-essay.txt --> host215.ipowerweb.com /school/Grade 10/English B10 schindler-essay.txt
2004.11.24 21:44 B G:\Documents and Settings\bilbo\My Documents\school\Grade 10\English B10\schindlers list.doc --> host215.ipowerweb.com /school/Grade 10/English B10 schindlers list.doc
2004.11.24 21:44 B G:\Documents and Settings\bilbo\My Documents\school\Grade 10\English B10\War on Terrorism.doc --> host215.ipowerweb.com /school/Grade 10/English B10 War on Terrorism.doc
2004.12.16 23:43 B G:\Documents and Settings\bilbo\My Documents\school\Grade 10\English B10\advertisements.doc --> host215.ipowerweb.com /school/Grade 10/English B10 advertisements.doc
2004.12.16 23:43 B G:\Documents and Settings\bilbo\My Documents\school\Grade 10\English B10\Chapter 1.doc --> host215.ipowerweb.com /school/Grade 10/English B10 Chapter 1.doc
2004.12.16 23:43 B G:\Documents and Settings\bilbo\My Documents\school\Grade 10\English B10\Chapter 2.doc --> host215.ipowerweb.com /school/Grade 10/English B10 Chapter 2.doc
2004.12.16 23:43 B G:\Documents and Settings\bilbo\My Documents\school\Grade 10\English B10\Chapter 3.doc --> host215.ipowerweb.com /school/Grade 10/English B10 Chapter 3.doc
2004.12.16 23:43 B G:\Documents and Settings\bilbo\My Documents\school\Grade 10\English B10\Chapter 4.doc --> host215.ipowerweb.com /school/Grade 10/English B10 Chapter 4.doc
2004.12.16 23:43 B G:\Documents and Settings\bilbo\My Documents\school\Grade 10\English B10\Chapter 5.doc --> host215.ipowerweb.com /school/Grade 10/English B10 Chapter 5.doc
2004.12.16 23:43 B G:\Documents and Settings\bilbo\My Documents\school\Grade 10\English B10\Chapter 6.doc --> host215.ipowerweb.com /school/Grade 10/English B10 Chapter 6.doc
2004.12.16 23:43 B G:\Documents and Settings\bilbo\My Documents\school\Grade 10\English B10\editor.rtf --> host215.ipowerweb.com /school/Grade 10/English B10 editor.rtf
2004.12.16 23:43 B G:\Documents and Settings\bilbo\My Documents\school\Grade 10\English B10\expository.doc --> host215.ipowerweb.com /school/Grade 10/English B10 expository.doc
2004.12.16 23:43 B G:\Documents and Settings\bilbo\My Documents\school\Grade 10\English B10\Mac Beth's Coat Of Arms.doc --> host215.ipowerweb.com /school/Grade 10/English B10 Mac Beth's Coat Of Arms.doc
2004.12.16 23:43 B G:\Documents and Settings\bilbo\My Documents\school\Grade 10\English B10\Mac Beth.doc --> host215.ipowerweb.com /school/Grade 10/English B10 Mac Beth.doc
2004.12.16 23:43 B G:\Documents and Settings\bilbo\My Documents\school\Grade 10\English B10\Mac Beth2.doc --> host215.ipowerweb.com /school/Grade 10/English B10 Mac Beth2.doc
2004.12.16 23:44 B G:\Documents and Settings\bilbo\My Documents\school\Grade 10\English B10\Macbet's Coat Of Arms 2.gif --> host215.ipowerweb.com /school/Grade 10/English B10 Macbet's Coat Of Arms 2.gif
2004.12.16 23:44 B G:\Documents and Settings\bilbo\My Documents\school\Grade 10\English B10\Macbet's Coat Of Arms.gif --> host215.ipowerweb.com /school/Grade 10/English B10 Macbet's Coat Of Arms.gif
2004.12.16 23:46 B G:\Documents and Settings\bilbo\My Documents\school\Grade 10\English B10\macbeth's shield.psd --> host215.ipowerweb.com /school/Grade 10/English B10 macbeth's shield.psd
2004.12.16 23:46 B G:\Documents and Settings\bilbo\My Documents\school\Grade 10\English B10\macbeth's shieldgif.gif --> host215.ipowerweb.com /school/Grade 10/English B10 macbeth's shieldgif.gif
2004.12.16 23:47 B G:\Documents and Settings\bilbo\My Documents\school\Grade 10\English B10\macbeth's shieldgifpsd.psd --> host215.ipowerweb.com /school/Grade 10/English B10 macbeth's shieldgifpsd.psd
2004.12.16 23:47 B G:\Documents and Settings\bilbo\My Documents\school\Grade 10\English B10\narcilsmall.gif --> host215.ipowerweb.com /school/Grade 10/English B10 narcilsmall.gif
2004.12.16 23:47 B G:\Documents and Settings\bilbo\My Documents\school\Grade 10\English B10\narcilsmall.psd --> host215.ipowerweb.com /school/Grade 10/English B10 narcilsmall.psd
2004.12.16 23:47 B G:\Documents and Settings\bilbo\My Documents\school\Grade 10\English B10\perfect 10 Final.doc --> host215.ipowerweb.com /school/Grade 10/English B10 perfect 10 Final.doc
2004.12.16 23:47 B G:\Documents and Settings\bilbo\My Documents\school\Grade 10\English B10\perfect 10 pre-write.doc --> host215.ipowerweb.com /school/Grade 10/English B10 perfect 10 pre-write.doc
2004.12.16 23:47 B G:\Documents and Settings\bilbo\My Documents\school\Grade 10\English B10\perfect 10 Rough.doc --> host215.ipowerweb.com /school/Grade 10/English B10 perfect 10 Rough.doc
2004.12.16 23:47 B G:\Documents and Settings\bilbo\My Documents\school\Grade 10\English B10\perfect 10 title page.doc --> host215.ipowerweb.com /school/Grade 10/English B10 perfect 10 title page.doc
2004.12.16 23:47 B G:\Documents and Settings\bilbo\My Documents\school\Grade 10\English B10\poem.doc --> host215.ipowerweb.com /school/Grade 10/English B10 poem.doc
2004.12.16 23:47 B G:\Documents and Settings\bilbo\My Documents\school\Grade 10\English B10\schindler-essay.txt --> host215.ipowerweb.com /school/Grade 10/English B10 schindler-essay.txt
2004.12.16 23:47 B G:\Documents and Settings\bilbo\My Documents\school\Grade 10\English B10\schindlers list.doc --> host215.ipowerweb.com /school/Grade 10/English B10 schindlers list.doc
2004.12.16 23:47 B G:\Documents and Settings\bilbo\My Documents\school\Grade 10\English B10\servant's letter.doc --> host215.ipowerweb.com /school/Grade 10/English B10 servant's letter.doc
2004.12.16 23:47 B G:\Documents and Settings\bilbo\My Documents\school\Grade 10\English B10\shield1.bmp --> host215.ipowerweb.com /school/Grade 10/English B10 shield1.bmp
2004.12.16 23:51 B G:\Documents and Settings\bilbo\My Documents\school\Grade 10\English B10\sword1.bmp --> host215.ipowerweb.com /school/Grade 10/English B10 sword1.bmp
2004.12.17 00:04 B G:\Documents and Settings\bilbo\My Documents\school\Grade 10\English B10\sword2.bmp --> host215.ipowerweb.com /school/Grade 10/English B10 sword2.bmp
2004.12.17 00:04 B G:\Documents and Settings\bilbo\My Documents\school\Grade 10\English B10\Thumbs.db --> host215.ipowerweb.com /school/Grade 10/English B10 Thumbs.db
2004.12.17 00:04 B G:\Documents and Settings\bilbo\My Documents\school\Grade 10\English B10\Time of the acts.doc --> host215.ipowerweb.com /school/Grade 10/English B10 Time of the acts.doc
2004.12.17 00:04 B G:\Documents and Settings\bilbo\My Documents\school\Grade 10\English B10\War on Terrorism.doc --> host215.ipowerweb.com /school/Grade 10/English B10 War on Terrorism.doc
2004.12.17 00:04 B G:\Documents and Settings\bilbo\My Documents\school\Grade 10\English B10\Witches Brew.doc --> host215.ipowerweb.com /school/Grade 10/English B10 Witches Brew.doc
2005.08.29 21:38 B °ðB\WS_FTP.LOG <-- Switch Skate /public_ftp/adam/school/Grade 10/English B10 WS_FTP.LOG
2005.08.29 21:38 B °ðB\~$c Beth's Coat Of Arms.doc <-- Switch Skate /public_ftp/adam/school/Grade 10/English B10 ~$c Beth's Coat Of Arms.doc
2005.08.29 21:38 B °ðB\~$rvant's letter.doc <-- Switch Skate /public_ftp/adam/school/Grade 10/English B10 ~$rvant's letter.doc
2005.08.29 21:39 B °ðB\~$tches Brew.doc <-- Switch Skate /public_ftp/adam/school/Grade 10/English B10 ~$tches Brew.doc
