2004.10.19 19:59 B G:\Documents and Settings\bilbo\My Documents\SwitchSkate\Next Design\V3\phpfiles\editmarquee.php --> host215.ipowerweb.com /public_html/phpfiles editmarquee.php
2004.10.19 20:01 B G:\Documents and Settings\bilbo\My Documents\SwitchSkate\Next Design\V3\phpfiles\editmarquee.php --> host215.ipowerweb.com /public_html/phpfiles editmarquee.php
2004.10.19 20:01 B G:\Documents and Settings\bilbo\My Documents\SwitchSkate\Next Design\V3\phpfiles\WS_FTP.LOG --> host215.ipowerweb.com /public_html/phpfiles WS_FTP.LOG
2004.10.19 20:02 B G:\Documents and Settings\bilbo\My Documents\SwitchSkate\Next Design\V3\phpfiles\editmarquee.php --> host215.ipowerweb.com /public_html/phpfiles editmarquee.php
2004.10.19 20:07 B G:\Documents and Settings\bilbo\My Documents\SwitchSkate\Next Design\V3\phpfiles\editmarquee.php --> host215.ipowerweb.com /public_html/phpfiles editmarquee.php
2004.10.19 20:07 B G:\Documents and Settings\bilbo\My Documents\SwitchSkate\Next Design\V3\phpfiles\WS_FTP.LOG --> host215.ipowerweb.com /public_html/phpfiles WS_FTP.LOG
2004.10.19 20:15 B G:\Documents and Settings\bilbo\My Documents\SwitchSkate\Next Design\V3\phpfiles\editmarquee.php --> host215.ipowerweb.com /public_html/phpfiles editmarquee.php
2004.10.19 20:15 B G:\Documents and Settings\bilbo\My Documents\SwitchSkate\Next Design\V3\phpfiles\WS_FTP.LOG --> host215.ipowerweb.com /public_html/phpfiles WS_FTP.LOG
2004.10.19 20:28 B G:\Documents and Settings\bilbo\My Documents\SwitchSkate\Next Design\V3\phpfiles\editmarquee.php --> host215.ipowerweb.com /public_html/phpfiles editmarquee.php
2004.10.19 20:28 B G:\Documents and Settings\bilbo\My Documents\SwitchSkate\Next Design\V3\phpfiles\WS_FTP.LOG --> host215.ipowerweb.com /public_html/phpfiles WS_FTP.LOG
2004.10.19 20:29 B G:\Documents and Settings\bilbo\My Documents\SwitchSkate\Next Design\V3\phpfiles\editmarquee.php --> host215.ipowerweb.com /public_html/phpfiles editmarquee.php
2004.10.19 20:29 B G:\Documents and Settings\bilbo\My Documents\SwitchSkate\Next Design\V3\phpfiles\WS_FTP.LOG --> host215.ipowerweb.com /public_html/phpfiles WS_FTP.LOG
2004.10.19 20:29 B G:\Documents and Settings\bilbo\My Documents\SwitchSkate\Next Design\V3\phpfiles\editmarquee.php --> host215.ipowerweb.com /public_html/phpfiles editmarquee.php
2004.10.19 20:29 B G:\Documents and Settings\bilbo\My Documents\SwitchSkate\Next Design\V3\phpfiles\WS_FTP.LOG --> host215.ipowerweb.com /public_html/phpfiles WS_FTP.LOG
2004.10.19 20:32 B G:\Documents and Settings\bilbo\My Documents\SwitchSkate\Next Design\V3\phpfiles\editmarquee.php --> host215.ipowerweb.com /public_html/phpfiles editmarquee.php
2004.10.19 20:32 B G:\Documents and Settings\bilbo\My Documents\SwitchSkate\Next Design\V3\phpfiles\WS_FTP.LOG --> host215.ipowerweb.com /public_html/phpfiles WS_FTP.LOG
2004.10.20 14:51 B G:\Documents and Settings\bilbo\My Documents\SwitchSkate\Next Design\V3\phpfiles\editmarquee.html --> host215.ipowerweb.com /public_html/phpfiles editmarquee.html
2004.10.20 14:51 B G:\Documents and Settings\bilbo\My Documents\SwitchSkate\Next Design\V3\phpfiles\editmarquee.php --> host215.ipowerweb.com /public_html/phpfiles editmarquee.php
2004.10.20 14:51 B G:\Documents and Settings\bilbo\My Documents\SwitchSkate\Next Design\V3\phpfiles\p.php --> host215.ipowerweb.com /public_html/phpfiles p.php
2004.10.20 14:51 B G:\Documents and Settings\bilbo\My Documents\SwitchSkate\Next Design\V3\phpfiles\WS_FTP.LOG --> host215.ipowerweb.com /public_html/phpfiles WS_FTP.LOG
2004.10.20 15:08 B G:\Documents and Settings\bilbo\My Documents\SwitchSkate\Next Design\V3\phpfiles\p.php --> host215.ipowerweb.com /public_html/phpfiles p.php
2004.10.20 15:08 B G:\Documents and Settings\bilbo\My Documents\SwitchSkate\Next Design\V3\phpfiles\WS_FTP.LOG --> host215.ipowerweb.com /public_html/phpfiles WS_FTP.LOG
2004.10.20 15:10 B G:\Documents and Settings\bilbo\My Documents\SwitchSkate\Next Design\V3\phpfiles\p.php --> host215.ipowerweb.com /public_html/phpfiles p.php
2004.10.20 15:10 B G:\Documents and Settings\bilbo\My Documents\SwitchSkate\Next Design\V3\phpfiles\WS_FTP.LOG --> host215.ipowerweb.com /public_html/phpfiles WS_FTP.LOG
2004.10.20 15:13 B G:\Documents and Settings\bilbo\My Documents\SwitchSkate\Next Design\V3\phpfiles\p.php --> host215.ipowerweb.com /public_html/phpfiles p.php
2004.10.20 15:13 B G:\Documents and Settings\bilbo\My Documents\SwitchSkate\Next Design\V3\phpfiles\WS_FTP.LOG --> host215.ipowerweb.com /public_html/phpfiles WS_FTP.LOG
2004.10.20 15:17 B G:\Documents and Settings\bilbo\My Documents\SwitchSkate\Next Design\V3\phpfiles\p.php --> host215.ipowerweb.com /public_html/phpfiles p.php
2004.10.20 15:18 B G:\Documents and Settings\bilbo\My Documents\SwitchSkate\Next Design\V3\phpfiles\p.php --> host215.ipowerweb.com /public_html/phpfiles p.php
2004.10.20 15:20 B G:\Documents and Settings\bilbo\My Documents\SwitchSkate\Next Design\V3\phpfiles\p.php --> host215.ipowerweb.com /public_html/phpfiles p.php
2004.10.20 15:21 B G:\Documents and Settings\bilbo\My Documents\SwitchSkate\Next Design\V3\phpfiles\p.php --> host215.ipowerweb.com /public_html/phpfiles p.php
2004.10.21 20:25 B G:\Documents and Settings\bilbo\My Documents\SwitchSkate\Next Design\V3\phpfiles\editmarquee.html --> host215.ipowerweb.com /public_html/phpfiles editmarquee.html
2004.10.21 20:25 B G:\Documents and Settings\bilbo\My Documents\SwitchSkate\Next Design\V3\phpfiles\WS_FTP.LOG --> host215.ipowerweb.com /public_html/phpfiles WS_FTP.LOG
2004.10.21 20:32 B G:\Documents and Settings\bilbo\My Documents\SwitchSkate\Next Design\V3\phpfiles\WS_FTP.LOG --> host215.ipowerweb.com /public_html/phpfiles WS_FTP.LOG
2004.10.21 21:17 B G:\Documents and Settings\bilbo\My Documents\SwitchSkate\Next Design\V3\phpfiles\WS_FTP.LOG --> host215.ipowerweb.com /public_html/phpfiles WS_FTP.LOG
2004.10.21 21:36 B G:\Documents and Settings\bilbo\My Documents\SwitchSkate\Next Design\V3\phpfiles\WS_FTP.LOG --> host215.ipowerweb.com /public_html/phpfiles WS_FTP.LOG
2004.10.21 21:48 B G:\Documents and Settings\bilbo\My Documents\SwitchSkate\Next Design\V3\phpfiles\WS_FTP.LOG --> host215.ipowerweb.com /public_html/phpfiles WS_FTP.LOG
2004.10.21 21:50 B G:\Documents and Settings\bilbo\My Documents\SwitchSkate\Next Design\V3\phpfiles\WS_FTP.LOG --> host215.ipowerweb.com /public_html/phpfiles WS_FTP.LOG
2004.10.21 21:58 B G:\Documents and Settings\bilbo\My Documents\SwitchSkate\Next Design\V3\phpfiles\WS_FTP.LOG --> host215.ipowerweb.com /public_html/phpfiles WS_FTP.LOG
2004.10.22 14:59 B G:\Documents and Settings\bilbo\My Documents\SwitchSkate\Next Design\V3\phpfiles\editmarquee.html <-- Switch Skate /public_html/phpfiles editmarquee.html
2004.10.22 16:05 B G:\Documents and Settings\bilbo\My Documents\SwitchSkate\Next Design\V3\phpfiles\WS_FTP.LOG --> host215.ipowerweb.com /public_html/phpfiles WS_FTP.LOG
2004.10.22 16:47 B G:\Documents and Settings\bilbo\My Documents\SwitchSkate\Next Design\V3\phpfiles\WS_FTP.LOG --> host215.ipowerweb.com /public_html/phpfiles WS_FTP.LOG
2004.10.22 16:47 B G:\Documents and Settings\bilbo\My Documents\SwitchSkate\Next Design\V3\phpfiles\WS_FTP.LOG --> host215.ipowerweb.com /public_html/phpfiles WS_FTP.LOG
2004.10.22 16:50 B G:\Documents and Settings\bilbo\My Documents\SwitchSkate\Next Design\V3\phpfiles\WS_FTP.LOG --> host215.ipowerweb.com /public_html/phpfiles WS_FTP.LOG
2004.10.22 16:51 B G:\Documents and Settings\bilbo\My Documents\SwitchSkate\Next Design\V3\phpfiles\WS_FTP.LOG --> host215.ipowerweb.com /public_html/phpfiles WS_FTP.LOG
2004.10.22 16:56 B G:\Documents and Settings\bilbo\My Documents\SwitchSkate\Next Design\V3\phpfiles\WS_FTP.LOG --> host215.ipowerweb.com /public_html/phpfiles WS_FTP.LOG
2004.10.22 16:58 B G:\Documents and Settings\bilbo\My Documents\SwitchSkate\Next Design\V3\phpfiles\WS_FTP.LOG --> host215.ipowerweb.com /public_html/phpfiles WS_FTP.LOG
2004.10.23 20:58 B G:\Documents and Settings\bilbo\My Documents\SwitchSkate\Next Design\V3\phpfiles\blank.html --> host215.ipowerweb.com /public_html/cpanel blank.html
2004.10.23 20:58 B G:\Documents and Settings\bilbo\My Documents\SwitchSkate\Next Design\V3\phpfiles\cpanel.php --> host215.ipowerweb.com /public_html/cpanel cpanel.php
2004.10.23 20:58 B G:\Documents and Settings\bilbo\My Documents\SwitchSkate\Next Design\V3\phpfiles\editmarquee.html --> host215.ipowerweb.com /public_html/cpanel editmarquee.html
2004.10.23 20:58 B G:\Documents and Settings\bilbo\My Documents\SwitchSkate\Next Design\V3\phpfiles\rightmenu.js --> host215.ipowerweb.com /public_html/cpanel rightmenu.js
2004.10.23 20:58 B G:\Documents and Settings\bilbo\My Documents\SwitchSkate\Next Design\V3\phpfiles\s.gif --> host215.ipowerweb.com /public_html/cpanel s.gif
2004.10.26 18:16 B G:\Documents and Settings\bilbo\My Documents\SwitchSkate\Next Design\V3\phpfiles\WS_FTP.LOG <-- Switch Skate /public_html/edit WS_FTP.LOG
2004.10.26 18:25 B G:\Documents and Settings\bilbo\My Documents\SwitchSkate\Next Design\V3\phpfiles\index.php --> host215.ipowerweb.com /public_html/edit index.php
