2004.12.15 18:32 B G:\Documents and Settings\bilbo\My Documents\Switch Skate REOPENED\Forums\Themes\In_Limbo_by_torb\inLimbo\address.gif --> host215.ipowerweb.com /public_html/forums/images/In_Limbo_by_torb/inLimbo address.gif
2004.12.15 18:32 B G:\Documents and Settings\bilbo\My Documents\Switch Skate REOPENED\Forums\Themes\In_Limbo_by_torb\inLimbo\aim.gif --> host215.ipowerweb.com /public_html/forums/images/In_Limbo_by_torb/inLimbo aim.gif
2004.12.15 18:32 B G:\Documents and Settings\bilbo\My Documents\Switch Skate REOPENED\Forums\Themes\In_Limbo_by_torb\inLimbo\arrow_dw.gif --> host215.ipowerweb.com /public_html/forums/images/In_Limbo_by_torb/inLimbo arrow_dw.gif
2004.12.15 18:32 B G:\Documents and Settings\bilbo\My Documents\Switch Skate REOPENED\Forums\Themes\In_Limbo_by_torb\inLimbo\arrow_up.gif --> host215.ipowerweb.com /public_html/forums/images/In_Limbo_by_torb/inLimbo arrow_up.gif
2004.12.15 18:32 B G:\Documents and Settings\bilbo\My Documents\Switch Skate REOPENED\Forums\Themes\In_Limbo_by_torb\inLimbo\bb_bold.gif --> host215.ipowerweb.com /public_html/forums/images/In_Limbo_by_torb/inLimbo bb_bold.gif
2004.12.15 18:32 B G:\Documents and Settings\bilbo\My Documents\Switch Skate REOPENED\Forums\Themes\In_Limbo_by_torb\inLimbo\bb_center.gif --> host215.ipowerweb.com /public_html/forums/images/In_Limbo_by_torb/inLimbo bb_center.gif
2004.12.15 18:32 B G:\Documents and Settings\bilbo\My Documents\Switch Skate REOPENED\Forums\Themes\In_Limbo_by_torb\inLimbo\bb_code.gif --> host215.ipowerweb.com /public_html/forums/images/In_Limbo_by_torb/inLimbo bb_code.gif
2004.12.15 18:32 B G:\Documents and Settings\bilbo\My Documents\Switch Skate REOPENED\Forums\Themes\In_Limbo_by_torb\inLimbo\bb_email.gif --> host215.ipowerweb.com /public_html/forums/images/In_Limbo_by_torb/inLimbo bb_email.gif
2004.12.15 18:32 B G:\Documents and Settings\bilbo\My Documents\Switch Skate REOPENED\Forums\Themes\In_Limbo_by_torb\inLimbo\bb_image.gif --> host215.ipowerweb.com /public_html/forums/images/In_Limbo_by_torb/inLimbo bb_image.gif
2004.12.15 18:32 B G:\Documents and Settings\bilbo\My Documents\Switch Skate REOPENED\Forums\Themes\In_Limbo_by_torb\inLimbo\bb_italicize.gif --> host215.ipowerweb.com /public_html/forums/images/In_Limbo_by_torb/inLimbo bb_italicize.gif
2004.12.15 18:32 B G:\Documents and Settings\bilbo\My Documents\Switch Skate REOPENED\Forums\Themes\In_Limbo_by_torb\inLimbo\bb_list.gif --> host215.ipowerweb.com /public_html/forums/images/In_Limbo_by_torb/inLimbo bb_list.gif
2004.12.15 18:32 B G:\Documents and Settings\bilbo\My Documents\Switch Skate REOPENED\Forums\Themes\In_Limbo_by_torb\inLimbo\bb_quote.gif --> host215.ipowerweb.com /public_html/forums/images/In_Limbo_by_torb/inLimbo bb_quote.gif
2004.12.15 18:32 B G:\Documents and Settings\bilbo\My Documents\Switch Skate REOPENED\Forums\Themes\In_Limbo_by_torb\inLimbo\bb_underline.gif --> host215.ipowerweb.com /public_html/forums/images/In_Limbo_by_torb/inLimbo bb_underline.gif
2004.12.15 18:32 B G:\Documents and Settings\bilbo\My Documents\Switch Skate REOPENED\Forums\Themes\In_Limbo_by_torb\inLimbo\bb_url.gif --> host215.ipowerweb.com /public_html/forums/images/In_Limbo_by_torb/inLimbo bb_url.gif
2004.12.15 18:32 B G:\Documents and Settings\bilbo\My Documents\Switch Skate REOPENED\Forums\Themes\In_Limbo_by_torb\inLimbo\bbrules.gif --> host215.ipowerweb.com /public_html/forums/images/In_Limbo_by_torb/inLimbo bbrules.gif
2004.12.15 18:32 B G:\Documents and Settings\bilbo\My Documents\Switch Skate REOPENED\Forums\Themes\In_Limbo_by_torb\inLimbo\cat.gif --> host215.ipowerweb.com /public_html/forums/images/In_Limbo_by_torb/inLimbo cat.gif
2004.12.15 18:32 B G:\Documents and Settings\bilbo\My Documents\Switch Skate REOPENED\Forums\Themes\In_Limbo_by_torb\inLimbo\contact.gif --> host215.ipowerweb.com /public_html/forums/images/In_Limbo_by_torb/inLimbo contact.gif
2004.12.15 18:32 B G:\Documents and Settings\bilbo\My Documents\Switch Skate REOPENED\Forums\Themes\In_Limbo_by_torb\inLimbo\cool.gif --> host215.ipowerweb.com /public_html/forums/images/In_Limbo_by_torb/inLimbo cool.gif
2004.12.15 18:32 B G:\Documents and Settings\bilbo\My Documents\Switch Skate REOPENED\Forums\Themes\In_Limbo_by_torb\inLimbo\dor_red_folder.gif --> host215.ipowerweb.com /public_html/forums/images/In_Limbo_by_torb/inLimbo dor_red_folder.gif
2004.12.15 18:32 B G:\Documents and Settings\bilbo\My Documents\Switch Skate REOPENED\Forums\Themes\In_Limbo_by_torb\inLimbo\dot_folder.gif --> host215.ipowerweb.com /public_html/forums/images/In_Limbo_by_torb/inLimbo dot_folder.gif
2004.12.15 18:32 B G:\Documents and Settings\bilbo\My Documents\Switch Skate REOPENED\Forums\Themes\In_Limbo_by_torb\inLimbo\dot_hot_folder.gif --> host215.ipowerweb.com /public_html/forums/images/In_Limbo_by_torb/inLimbo dot_hot_folder.gif
2004.12.15 18:32 B G:\Documents and Settings\bilbo\My Documents\Switch Skate REOPENED\Forums\Themes\In_Limbo_by_torb\inLimbo\downloads.gif --> host215.ipowerweb.com /public_html/forums/images/In_Limbo_by_torb/inLimbo downloads.gif
2004.12.15 18:32 B G:\Documents and Settings\bilbo\My Documents\Switch Skate REOPENED\Forums\Themes\In_Limbo_by_torb\inLimbo\edit.gif --> host215.ipowerweb.com /public_html/forums/images/In_Limbo_by_torb/inLimbo edit.gif
2004.12.15 18:32 B G:\Documents and Settings\bilbo\My Documents\Switch Skate REOPENED\Forums\Themes\In_Limbo_by_torb\inLimbo\email.gif --> host215.ipowerweb.com /public_html/forums/images/In_Limbo_by_torb/inLimbo email.gif
2004.12.15 18:32 B G:\Documents and Settings\bilbo\My Documents\Switch Skate REOPENED\Forums\Themes\In_Limbo_by_torb\inLimbo\faq.gif --> host215.ipowerweb.com /public_html/forums/images/In_Limbo_by_torb/inLimbo faq.gif
2004.12.15 18:32 B G:\Documents and Settings\bilbo\My Documents\Switch Skate REOPENED\Forums\Themes\In_Limbo_by_torb\inLimbo\find.gif --> host215.ipowerweb.com /public_html/forums/images/In_Limbo_by_torb/inLimbo find.gif
2004.12.15 18:32 B G:\Documents and Settings\bilbo\My Documents\Switch Skate REOPENED\Forums\Themes\In_Limbo_by_torb\inLimbo\folder.gif --> host215.ipowerweb.com /public_html/forums/images/In_Limbo_by_torb/inLimbo folder.gif
2004.12.15 18:32 B G:\Documents and Settings\bilbo\My Documents\Switch Skate REOPENED\Forums\Themes\In_Limbo_by_torb\inLimbo\header.gif --> host215.ipowerweb.com /public_html/forums/images/In_Limbo_by_torb/inLimbo header.gif
2004.12.15 18:32 B G:\Documents and Settings\bilbo\My Documents\Switch Skate REOPENED\Forums\Themes\In_Limbo_by_torb\inLimbo\home.gif --> host215.ipowerweb.com /public_html/forums/images/In_Limbo_by_torb/inLimbo home.gif
2004.12.15 18:32 B G:\Documents and Settings\bilbo\My Documents\Switch Skate REOPENED\Forums\Themes\In_Limbo_by_torb\inLimbo\hot_folder.gif --> host215.ipowerweb.com /public_html/forums/images/In_Limbo_by_torb/inLimbo hot_folder.gif
2004.12.15 18:32 B G:\Documents and Settings\bilbo\My Documents\Switch Skate REOPENED\Forums\Themes\In_Limbo_by_torb\inLimbo\hot_red_folder.gif --> host215.ipowerweb.com /public_html/forums/images/In_Limbo_by_torb/inLimbo hot_red_folder.gif
2004.12.15 18:32 B G:\Documents and Settings\bilbo\My Documents\Switch Skate REOPENED\Forums\Themes\In_Limbo_by_torb\inLimbo\icq.gif --> host215.ipowerweb.com /public_html/forums/images/In_Limbo_by_torb/inLimbo icq.gif
2004.12.15 18:32 B G:\Documents and Settings\bilbo\My Documents\Switch Skate REOPENED\Forums\Themes\In_Limbo_by_torb\inLimbo\icq_add.gif --> host215.ipowerweb.com /public_html/forums/images/In_Limbo_by_torb/inLimbo icq_add.gif
2004.12.15 18:32 B G:\Documents and Settings\bilbo\My Documents\Switch Skate REOPENED\Forums\Themes\In_Limbo_by_torb\inLimbo\inbox.gif --> host215.ipowerweb.com /public_html/forums/images/In_Limbo_by_torb/inLimbo inbox.gif
2004.12.15 18:32 B G:\Documents and Settings\bilbo\My Documents\Switch Skate REOPENED\Forums\Themes\In_Limbo_by_torb\inLimbo\ip.gif --> host215.ipowerweb.com /public_html/forums/images/In_Limbo_by_torb/inLimbo ip.gif
2004.12.15 18:32 B G:\Documents and Settings\bilbo\My Documents\Switch Skate REOPENED\Forums\Themes\In_Limbo_by_torb\inLimbo\ipost.gif --> host215.ipowerweb.com /public_html/forums/images/In_Limbo_by_torb/inLimbo ipost.gif
2004.12.15 18:32 B G:\Documents and Settings\bilbo\My Documents\Switch Skate REOPENED\Forums\Themes\In_Limbo_by_torb\inLimbo\lastpost.gif --> host215.ipowerweb.com /public_html/forums/images/In_Limbo_by_torb/inLimbo lastpost.gif
2004.12.15 18:32 B G:\Documents and Settings\bilbo\My Documents\Switch Skate REOPENED\Forums\Themes\In_Limbo_by_torb\inLimbo\lock_folder.gif --> host215.ipowerweb.com /public_html/forums/images/In_Limbo_by_torb/inLimbo lock_folder.gif
2004.12.15 18:32 B G:\Documents and Settings\bilbo\My Documents\Switch Skate REOPENED\Forums\Themes\In_Limbo_by_torb\inLimbo\locked_folder.gif --> host215.ipowerweb.com /public_html/forums/images/In_Limbo_by_torb/inLimbo locked_folder.gif
2004.12.15 18:32 B G:\Documents and Settings\bilbo\My Documents\Switch Skate REOPENED\Forums\Themes\In_Limbo_by_torb\inLimbo\locku2u.gif --> host215.ipowerweb.com /public_html/forums/images/In_Limbo_by_torb/inLimbo locku2u.gif
2004.12.15 18:32 B G:\Documents and Settings\bilbo\My Documents\Switch Skate REOPENED\Forums\Themes\In_Limbo_by_torb\inLimbo\members_list.gif --> host215.ipowerweb.com /public_html/forums/images/In_Limbo_by_torb/inLimbo members_list.gif
2004.12.15 18:32 B G:\Documents and Settings\bilbo\My Documents\Switch Skate REOPENED\Forums\Themes\In_Limbo_by_torb\inLimbo\msn.gif --> host215.ipowerweb.com /public_html/forums/images/In_Limbo_by_torb/inLimbo msn.gif
2004.12.15 18:32 B G:\Documents and Settings\bilbo\My Documents\Switch Skate REOPENED\Forums\Themes\In_Limbo_by_torb\inLimbo\newtopic.gif --> host215.ipowerweb.com /public_html/forums/images/In_Limbo_by_torb/inLimbo newtopic.gif
2004.12.15 18:32 B G:\Documents and Settings\bilbo\My Documents\Switch Skate REOPENED\Forums\Themes\In_Limbo_by_torb\inLimbo\newu2u.gif --> host215.ipowerweb.com /public_html/forums/images/In_Limbo_by_torb/inLimbo newu2u.gif
2004.12.15 18:32 B G:\Documents and Settings\bilbo\My Documents\Switch Skate REOPENED\Forums\Themes\In_Limbo_by_torb\inLimbo\online.gif --> host215.ipowerweb.com /public_html/forums/images/In_Limbo_by_torb/inLimbo online.gif
2004.12.15 18:32 B G:\Documents and Settings\bilbo\My Documents\Switch Skate REOPENED\Forums\Themes\In_Limbo_by_torb\inLimbo\outbox.gif --> host215.ipowerweb.com /public_html/forums/images/In_Limbo_by_torb/inLimbo outbox.gif
2004.12.15 18:32 B G:\Documents and Settings\bilbo\My Documents\Switch Skate REOPENED\Forums\Themes\In_Limbo_by_torb\inLimbo\pin.gif --> host215.ipowerweb.com /public_html/forums/images/In_Limbo_by_torb/inLimbo pin.gif
2004.12.15 18:32 B G:\Documents and Settings\bilbo\My Documents\Switch Skate REOPENED\Forums\Themes\In_Limbo_by_torb\inLimbo\poll.gif --> host215.ipowerweb.com /public_html/forums/images/In_Limbo_by_torb/inLimbo poll.gif
2004.12.15 18:32 B G:\Documents and Settings\bilbo\My Documents\Switch Skate REOPENED\Forums\Themes\In_Limbo_by_torb\inLimbo\pollbar-e.gif --> host215.ipowerweb.com /public_html/forums/images/In_Limbo_by_torb/inLimbo pollbar-e.gif
2004.12.15 18:32 B G:\Documents and Settings\bilbo\My Documents\Switch Skate REOPENED\Forums\Themes\In_Limbo_by_torb\inLimbo\pollbar-s.gif --> host215.ipowerweb.com /public_html/forums/images/In_Limbo_by_torb/inLimbo pollbar-s.gif
2004.12.15 18:32 B G:\Documents and Settings\bilbo\My Documents\Switch Skate REOPENED\Forums\Themes\In_Limbo_by_torb\inLimbo\pollbar.gif --> host215.ipowerweb.com /public_html/forums/images/In_Limbo_by_torb/inLimbo pollbar.gif
2004.12.15 18:32 B G:\Documents and Settings\bilbo\My Documents\Switch Skate REOPENED\Forums\Themes\In_Limbo_by_torb\inLimbo\pollsmall.gif --> host215.ipowerweb.com /public_html/forums/images/In_Limbo_by_torb/inLimbo pollsmall.gif
2004.12.15 18:32 B G:\Documents and Settings\bilbo\My Documents\Switch Skate REOPENED\Forums\Themes\In_Limbo_by_torb\inLimbo\profile.gif --> host215.ipowerweb.com /public_html/forums/images/In_Limbo_by_torb/inLimbo profile.gif
2004.12.15 18:32 B G:\Documents and Settings\bilbo\My Documents\Switch Skate REOPENED\Forums\Themes\In_Limbo_by_torb\inLimbo\quote.gif --> host215.ipowerweb.com /public_html/forums/images/In_Limbo_by_torb/inLimbo quote.gif
2004.12.15 18:32 B G:\Documents and Settings\bilbo\My Documents\Switch Skate REOPENED\Forums\Themes\In_Limbo_by_torb\inLimbo\red_folder.gif --> host215.ipowerweb.com /public_html/forums/images/In_Limbo_by_torb/inLimbo red_folder.gif
2004.12.15 18:32 B G:\Documents and Settings\bilbo\My Documents\Switch Skate REOPENED\Forums\Themes\In_Limbo_by_torb\inLimbo\reply.gif --> host215.ipowerweb.com /public_html/forums/images/In_Limbo_by_torb/inLimbo reply.gif
2004.12.15 18:32 B G:\Documents and Settings\bilbo\My Documents\Switch Skate REOPENED\Forums\Themes\In_Limbo_by_torb\inLimbo\report.gif --> host215.ipowerweb.com /public_html/forums/images/In_Limbo_by_torb/inLimbo report.gif
2004.12.15 18:32 B G:\Documents and Settings\bilbo\My Documents\Switch Skate REOPENED\Forums\Themes\In_Limbo_by_torb\inLimbo\search.gif --> host215.ipowerweb.com /public_html/forums/images/In_Limbo_by_torb/inLimbo search.gif
2004.12.15 18:32 B G:\Documents and Settings\bilbo\My Documents\Switch Skate REOPENED\Forums\Themes\In_Limbo_by_torb\inLimbo\site.gif --> host215.ipowerweb.com /public_html/forums/images/In_Limbo_by_torb/inLimbo site.gif
2004.12.15 18:32 B G:\Documents and Settings\bilbo\My Documents\Switch Skate REOPENED\Forums\Themes\In_Limbo_by_torb\inLimbo\star.gif --> host215.ipowerweb.com /public_html/forums/images/In_Limbo_by_torb/inLimbo star.gif
2004.12.15 18:32 B G:\Documents and Settings\bilbo\My Documents\Switch Skate REOPENED\Forums\Themes\In_Limbo_by_torb\inLimbo\stats.gif --> host215.ipowerweb.com /public_html/forums/images/In_Limbo_by_torb/inLimbo stats.gif
2004.12.15 18:33 B G:\Documents and Settings\bilbo\My Documents\Switch Skate REOPENED\Forums\Themes\In_Limbo_by_torb\inLimbo\Thumbs.db --> host215.ipowerweb.com /public_html/forums/images/In_Limbo_by_torb/inLimbo Thumbs.db
2004.12.15 18:33 B G:\Documents and Settings\bilbo\My Documents\Switch Skate REOPENED\Forums\Themes\In_Limbo_by_torb\inLimbo\todays_posts.gif --> host215.ipowerweb.com /public_html/forums/images/In_Limbo_by_torb/inLimbo todays_posts.gif
2004.12.15 18:33 B G:\Documents and Settings\bilbo\My Documents\Switch Skate REOPENED\Forums\Themes\In_Limbo_by_torb\inLimbo\u2u.gif --> host215.ipowerweb.com /public_html/forums/images/In_Limbo_by_torb/inLimbo u2u.gif
2004.12.15 18:33 B G:\Documents and Settings\bilbo\My Documents\Switch Skate REOPENED\Forums\Themes\In_Limbo_by_torb\inLimbo\yahoo.gif --> host215.ipowerweb.com /public_html/forums/images/In_Limbo_by_torb/inLimbo yahoo.gif
