2004.05.26 18:11 B E:\Documents and Settings\Adam Knox\My Documents\Web Sites\scripts\xmbforum\Files\images\greyalliance\smilies\biggrin.gif --> ftp.skate-world.net /public_html/forum/images/greyalliance/smilies biggrin.gif
2004.05.26 18:11 B E:\Documents and Settings\Adam Knox\My Documents\Web Sites\scripts\xmbforum\Files\images\greyalliance\smilies\cool.gif --> ftp.skate-world.net /public_html/forum/images/greyalliance/smilies cool.gif
2004.05.26 18:11 B E:\Documents and Settings\Adam Knox\My Documents\Web Sites\scripts\xmbforum\Files\images\greyalliance\smilies\mad.gif --> ftp.skate-world.net /public_html/forum/images/greyalliance/smilies mad.gif
2004.05.26 18:11 B E:\Documents and Settings\Adam Knox\My Documents\Web Sites\scripts\xmbforum\Files\images\greyalliance\smilies\nerd.gif --> ftp.skate-world.net /public_html/forum/images/greyalliance/smilies nerd.gif
2004.05.26 18:11 B E:\Documents and Settings\Adam Knox\My Documents\Web Sites\scripts\xmbforum\Files\images\greyalliance\smilies\sad.gif --> ftp.skate-world.net /public_html/forum/images/greyalliance/smilies sad.gif
2004.05.26 18:11 B E:\Documents and Settings\Adam Knox\My Documents\Web Sites\scripts\xmbforum\Files\images\greyalliance\smilies\shocked.gif --> ftp.skate-world.net /public_html/forum/images/greyalliance/smilies shocked.gif
2004.05.26 18:11 B E:\Documents and Settings\Adam Knox\My Documents\Web Sites\scripts\xmbforum\Files\images\greyalliance\smilies\smile.gif --> ftp.skate-world.net /public_html/forum/images/greyalliance/smilies smile.gif
2004.05.26 18:11 B E:\Documents and Settings\Adam Knox\My Documents\Web Sites\scripts\xmbforum\Files\images\greyalliance\smilies\Thumbs.db --> ftp.skate-world.net /public_html/forum/images/greyalliance/smilies Thumbs.db
2004.05.26 18:11 B E:\Documents and Settings\Adam Knox\My Documents\Web Sites\scripts\xmbforum\Files\images\greyalliance\smilies\tounge.gif --> ftp.skate-world.net /public_html/forum/images/greyalliance/smilies tounge.gif
2004.05.26 18:11 B E:\Documents and Settings\Adam Knox\My Documents\Web Sites\scripts\xmbforum\Files\images\greyalliance\smilies\wink.gif --> ftp.skate-world.net /public_html/forum/images/greyalliance/smilies wink.gif
2004.05.26 18:11 B E:\Documents and Settings\Adam Knox\My Documents\Web Sites\scripts\xmbforum\Files\images\greyalliance\smilies\xd.gif --> ftp.skate-world.net /public_html/forum/images/greyalliance/smilies xd.gif
2004.05.26 19:01 B E:\Documents and Settings\Adam Knox\My Documents\Web Sites\scripts\Xmbforum_noshop\Files\images\greyalliance\smilies\biggrin.gif --> ftp.skate-world.net /public_html/forum/images/greyalliance/smilies biggrin.gif
2004.05.26 19:01 B E:\Documents and Settings\Adam Knox\My Documents\Web Sites\scripts\Xmbforum_noshop\Files\images\greyalliance\smilies\cool.gif --> ftp.skate-world.net /public_html/forum/images/greyalliance/smilies cool.gif
2004.05.26 19:01 B E:\Documents and Settings\Adam Knox\My Documents\Web Sites\scripts\Xmbforum_noshop\Files\images\greyalliance\smilies\mad.gif --> ftp.skate-world.net /public_html/forum/images/greyalliance/smilies mad.gif
2004.05.26 19:02 B E:\Documents and Settings\Adam Knox\My Documents\Web Sites\scripts\Xmbforum_noshop\Files\images\greyalliance\smilies\nerd.gif --> ftp.skate-world.net /public_html/forum/images/greyalliance/smilies nerd.gif
2004.05.26 19:02 B E:\Documents and Settings\Adam Knox\My Documents\Web Sites\scripts\Xmbforum_noshop\Files\images\greyalliance\smilies\sad.gif --> ftp.skate-world.net /public_html/forum/images/greyalliance/smilies sad.gif
2004.05.26 19:02 B E:\Documents and Settings\Adam Knox\My Documents\Web Sites\scripts\Xmbforum_noshop\Files\images\greyalliance\smilies\shocked.gif --> ftp.skate-world.net /public_html/forum/images/greyalliance/smilies shocked.gif
2004.05.26 19:02 B E:\Documents and Settings\Adam Knox\My Documents\Web Sites\scripts\Xmbforum_noshop\Files\images\greyalliance\smilies\smile.gif --> ftp.skate-world.net /public_html/forum/images/greyalliance/smilies smile.gif
2004.05.26 19:02 B E:\Documents and Settings\Adam Knox\My Documents\Web Sites\scripts\Xmbforum_noshop\Files\images\greyalliance\smilies\Thumbs.db --> ftp.skate-world.net /public_html/forum/images/greyalliance/smilies Thumbs.db
2004.05.26 19:02 B E:\Documents and Settings\Adam Knox\My Documents\Web Sites\scripts\Xmbforum_noshop\Files\images\greyalliance\smilies\tounge.gif --> ftp.skate-world.net /public_html/forum/images/greyalliance/smilies tounge.gif
2004.05.26 19:02 B E:\Documents and Settings\Adam Knox\My Documents\Web Sites\scripts\Xmbforum_noshop\Files\images\greyalliance\smilies\wink.gif --> ftp.skate-world.net /public_html/forum/images/greyalliance/smilies wink.gif
2004.05.28 18:01 B E:\Documents and Settings\Adam Knox\My Documents\Web Sites\skate world\forumsite\images\greyalliance\smilies\WS_FTP.LOG <-- Skate world /public_html/forum/images/greyalliance/smilies WS_FTP.LOG
2004.05.28 18:01 B E:\Documents and Settings\Adam Knox\My Documents\Web Sites\skate world\forumsite\images\greyalliance\smilies\xd.gif <-- Skate world /public_html/forum/images/greyalliance/smilies xd.gif
2004.05.28 18:17 B E:\Documents and Settings\Adam Knox\My Documents\Web Sites\skate world\forumsite\images\greyalliance\smilies\biggrin.gif --> ftp.skate-world.net /public_html/images/greyalliance/smilies biggrin.gif
2004.05.28 18:17 B E:\Documents and Settings\Adam Knox\My Documents\Web Sites\skate world\forumsite\images\greyalliance\smilies\cool.gif --> ftp.skate-world.net /public_html/images/greyalliance/smilies cool.gif
2004.05.28 18:17 B E:\Documents and Settings\Adam Knox\My Documents\Web Sites\skate world\forumsite\images\greyalliance\smilies\mad.gif --> ftp.skate-world.net /public_html/images/greyalliance/smilies mad.gif
2004.05.28 18:17 B E:\Documents and Settings\Adam Knox\My Documents\Web Sites\skate world\forumsite\images\greyalliance\smilies\nerd.gif --> ftp.skate-world.net /public_html/images/greyalliance/smilies nerd.gif
2004.05.28 18:17 B E:\Documents and Settings\Adam Knox\My Documents\Web Sites\skate world\forumsite\images\greyalliance\smilies\sad.gif --> ftp.skate-world.net /public_html/images/greyalliance/smilies sad.gif
2004.05.28 18:17 B E:\Documents and Settings\Adam Knox\My Documents\Web Sites\skate world\forumsite\images\greyalliance\smilies\shocked.gif --> ftp.skate-world.net /public_html/images/greyalliance/smilies shocked.gif
2004.05.28 18:17 B E:\Documents and Settings\Adam Knox\My Documents\Web Sites\skate world\forumsite\images\greyalliance\smilies\smile.gif --> ftp.skate-world.net /public_html/images/greyalliance/smilies smile.gif
2004.05.28 18:17 B E:\Documents and Settings\Adam Knox\My Documents\Web Sites\skate world\forumsite\images\greyalliance\smilies\Thumbs.db --> ftp.skate-world.net /public_html/images/greyalliance/smilies Thumbs.db
2004.05.28 18:17 B E:\Documents and Settings\Adam Knox\My Documents\Web Sites\skate world\forumsite\images\greyalliance\smilies\tounge.gif --> ftp.skate-world.net /public_html/images/greyalliance/smilies tounge.gif
2004.05.28 18:17 B E:\Documents and Settings\Adam Knox\My Documents\Web Sites\skate world\forumsite\images\greyalliance\smilies\wink.gif --> ftp.skate-world.net /public_html/images/greyalliance/smilies wink.gif
2004.08.26 15:47 B E:\Documents and Settings\Adam Knox\Desktop\SKATE WORLD UNCLEAN\public_html\images\greyalliance\smilies\WS_FTP.LOG <-- Skate world /public_html/images/greyalliance/smilies WS_FTP.LOG
2004.08.26 15:47 B E:\Documents and Settings\Adam Knox\Desktop\SKATE WORLD UNCLEAN\public_html\images\greyalliance\smilies\xd.gif <-- Skate world /public_html/images/greyalliance/smilies xd.gif
2004.08.26 21:27 B E:\Documents and Settings\Adam Knox\Desktop\Skate world redone\forum\images\greyalliance\smilies\biggrin.gif --> ftp.skate-world.net /public_html/forum/images/greyalliance/smilies biggrin.gif
2004.08.26 21:27 B E:\Documents and Settings\Adam Knox\Desktop\Skate world redone\forum\images\greyalliance\smilies\cool.gif --> ftp.skate-world.net /public_html/forum/images/greyalliance/smilies cool.gif
2004.08.26 21:27 B E:\Documents and Settings\Adam Knox\Desktop\Skate world redone\forum\images\greyalliance\smilies\mad.gif --> ftp.skate-world.net /public_html/forum/images/greyalliance/smilies mad.gif
2004.08.26 21:27 B E:\Documents and Settings\Adam Knox\Desktop\Skate world redone\forum\images\greyalliance\smilies\nerd.gif --> ftp.skate-world.net /public_html/forum/images/greyalliance/smilies nerd.gif
2004.08.26 21:27 B E:\Documents and Settings\Adam Knox\Desktop\Skate world redone\forum\images\greyalliance\smilies\sad.gif --> ftp.skate-world.net /public_html/forum/images/greyalliance/smilies sad.gif
2004.08.26 21:27 B E:\Documents and Settings\Adam Knox\Desktop\Skate world redone\forum\images\greyalliance\smilies\shocked.gif --> ftp.skate-world.net /public_html/forum/images/greyalliance/smilies shocked.gif
2004.08.26 21:27 B E:\Documents and Settings\Adam Knox\Desktop\Skate world redone\forum\images\greyalliance\smilies\smile.gif --> ftp.skate-world.net /public_html/forum/images/greyalliance/smilies smile.gif
2004.08.26 21:27 B E:\Documents and Settings\Adam Knox\Desktop\Skate world redone\forum\images\greyalliance\smilies\Thumbs.db --> ftp.skate-world.net /public_html/forum/images/greyalliance/smilies Thumbs.db
2004.08.26 21:27 B E:\Documents and Settings\Adam Knox\Desktop\Skate world redone\forum\images\greyalliance\smilies\tounge.gif --> ftp.skate-world.net /public_html/forum/images/greyalliance/smilies tounge.gif
2004.08.26 21:27 B E:\Documents and Settings\Adam Knox\Desktop\Skate world redone\forum\images\greyalliance\smilies\wink.gif --> ftp.skate-world.net /public_html/forum/images/greyalliance/smilies wink.gif
2004.09.20 16:37 B E:\Documents and Settings\Adam Knox\My Documents\Skate World\backup\forum\images\greyalliance\smilies\WS_FTP.LOG <-- Skate world Temporary /public_html/forum/images/greyalliance/smilies WS_FTP.LOG
2004.09.20 16:37 B E:\Documents and Settings\Adam Knox\My Documents\Skate World\backup\forum\images\greyalliance\smilies\xd.gif <-- Skate world Temporary /public_html/forum/images/greyalliance/smilies xd.gif
2004.10.02 20:38 B G:\Documents and Settings\bilbo\My Documents\Skate World\backup\FOLDERS\forum\images\greyalliance\smilies\biggrin.gif --> host215.ipowerweb.com /public_html/forum/images/greyalliance/smilies biggrin.gif
2004.10.02 20:38 B G:\Documents and Settings\bilbo\My Documents\Skate World\backup\FOLDERS\forum\images\greyalliance\smilies\cool.gif --> host215.ipowerweb.com /public_html/forum/images/greyalliance/smilies cool.gif
2004.10.02 20:38 B G:\Documents and Settings\bilbo\My Documents\Skate World\backup\FOLDERS\forum\images\greyalliance\smilies\mad.gif --> host215.ipowerweb.com /public_html/forum/images/greyalliance/smilies mad.gif
2004.10.02 20:38 B G:\Documents and Settings\bilbo\My Documents\Skate World\backup\FOLDERS\forum\images\greyalliance\smilies\nerd.gif --> host215.ipowerweb.com /public_html/forum/images/greyalliance/smilies nerd.gif
2004.10.02 20:38 B G:\Documents and Settings\bilbo\My Documents\Skate World\backup\FOLDERS\forum\images\greyalliance\smilies\sad.gif --> host215.ipowerweb.com /public_html/forum/images/greyalliance/smilies sad.gif
2004.10.02 20:38 B G:\Documents and Settings\bilbo\My Documents\Skate World\backup\FOLDERS\forum\images\greyalliance\smilies\shocked.gif --> host215.ipowerweb.com /public_html/forum/images/greyalliance/smilies shocked.gif
2004.10.02 20:38 B G:\Documents and Settings\bilbo\My Documents\Skate World\backup\FOLDERS\forum\images\greyalliance\smilies\smile.gif --> host215.ipowerweb.com /public_html/forum/images/greyalliance/smilies smile.gif
2004.10.02 20:38 B G:\Documents and Settings\bilbo\My Documents\Skate World\backup\FOLDERS\forum\images\greyalliance\smilies\Thumbs.db --> host215.ipowerweb.com /public_html/forum/images/greyalliance/smilies Thumbs.db
2004.10.02 20:38 B G:\Documents and Settings\bilbo\My Documents\Skate World\backup\FOLDERS\forum\images\greyalliance\smilies\tounge.gif --> host215.ipowerweb.com /public_html/forum/images/greyalliance/smilies tounge.gif
2004.10.02 20:38 B G:\Documents and Settings\bilbo\My Documents\Skate World\backup\FOLDERS\forum\images\greyalliance\smilies\wink.gif --> host215.ipowerweb.com /public_html/forum/images/greyalliance/smilies wink.gif
2005.08.29 22:48 B °ðB\WS_FTP.LOG <-- Switch Skate /public_html/forums/images/greyalliance/smilies WS_FTP.LOG
2005.08.29 22:48 B °ðB\xd.gif <-- Switch Skate /public_html/forums/images/greyalliance/smilies xd.gif
