2004.12.20 16:16 B G:\Documents and Settings\bilbo\My Documents\Switch Skate REOPENED\Forums\Hacks\add these images to all new themes\b.gif --> host215.ipowerweb.com /public_html/forums/images/demiZe b.gif
2004.12.20 16:16 B G:\Documents and Settings\bilbo\My Documents\Switch Skate REOPENED\Forums\Hacks\add these images to all new themes\bb_hide.gif --> host215.ipowerweb.com /public_html/forums/images/demiZe bb_hide.gif
2004.12.20 16:16 B G:\Documents and Settings\bilbo\My Documents\Switch Skate REOPENED\Forums\Hacks\add these images to all new themes\g.gif --> host215.ipowerweb.com /public_html/forums/images/demiZe g.gif
2004.12.20 16:16 B G:\Documents and Settings\bilbo\My Documents\Switch Skate REOPENED\Forums\Hacks\add these images to all new themes\newbankrequest.gif --> host215.ipowerweb.com /public_html/forums/images/demiZe newbankrequest.gif
2004.12.20 16:16 B G:\Documents and Settings\bilbo\My Documents\Switch Skate REOPENED\Forums\Hacks\add these images to all new themes\online_guest.gif --> host215.ipowerweb.com /public_html/forums/images/demiZe online_guest.gif
2004.12.20 16:16 B G:\Documents and Settings\bilbo\My Documents\Switch Skate REOPENED\Forums\Hacks\add these images to all new themes\u2u_in.gif --> host215.ipowerweb.com /public_html/forums/images/demiZe u2u_in.gif
2004.12.20 16:16 B G:\Documents and Settings\bilbo\My Documents\Switch Skate REOPENED\Forums\Hacks\add these images to all new themes\u2u_none.gif --> host215.ipowerweb.com /public_html/forums/images/demiZe u2u_none.gif
2004.12.20 16:17 B G:\Documents and Settings\bilbo\My Documents\Switch Skate REOPENED\Forums\Hacks\add these images to all new themes\b.gif --> host215.ipowerweb.com /public_html/forums/images/demiZeBlood b.gif
2004.12.20 16:17 B G:\Documents and Settings\bilbo\My Documents\Switch Skate REOPENED\Forums\Hacks\add these images to all new themes\bb_hide.gif --> host215.ipowerweb.com /public_html/forums/images/demiZeBlood bb_hide.gif
2004.12.20 16:17 B G:\Documents and Settings\bilbo\My Documents\Switch Skate REOPENED\Forums\Hacks\add these images to all new themes\g.gif --> host215.ipowerweb.com /public_html/forums/images/demiZeBlood g.gif
2004.12.20 16:17 B G:\Documents and Settings\bilbo\My Documents\Switch Skate REOPENED\Forums\Hacks\add these images to all new themes\newbankrequest.gif --> host215.ipowerweb.com /public_html/forums/images/demiZeBlood newbankrequest.gif
2004.12.20 16:17 B G:\Documents and Settings\bilbo\My Documents\Switch Skate REOPENED\Forums\Hacks\add these images to all new themes\online_guest.gif --> host215.ipowerweb.com /public_html/forums/images/demiZeBlood online_guest.gif
2004.12.20 16:17 B G:\Documents and Settings\bilbo\My Documents\Switch Skate REOPENED\Forums\Hacks\add these images to all new themes\u2u_in.gif --> host215.ipowerweb.com /public_html/forums/images/demiZeBlood u2u_in.gif
2004.12.20 16:17 B G:\Documents and Settings\bilbo\My Documents\Switch Skate REOPENED\Forums\Hacks\add these images to all new themes\u2u_none.gif --> host215.ipowerweb.com /public_html/forums/images/demiZeBlood u2u_none.gif
2004.12.20 16:17 B G:\Documents and Settings\bilbo\My Documents\Switch Skate REOPENED\Forums\Hacks\add these images to all new themes\b.gif --> host215.ipowerweb.com /public_html/forums/images/demiZeClover b.gif
2004.12.20 16:17 B G:\Documents and Settings\bilbo\My Documents\Switch Skate REOPENED\Forums\Hacks\add these images to all new themes\bb_hide.gif --> host215.ipowerweb.com /public_html/forums/images/demiZeClover bb_hide.gif
2004.12.20 16:17 B G:\Documents and Settings\bilbo\My Documents\Switch Skate REOPENED\Forums\Hacks\add these images to all new themes\g.gif --> host215.ipowerweb.com /public_html/forums/images/demiZeClover g.gif
2004.12.20 16:17 B G:\Documents and Settings\bilbo\My Documents\Switch Skate REOPENED\Forums\Hacks\add these images to all new themes\newbankrequest.gif --> host215.ipowerweb.com /public_html/forums/images/demiZeClover newbankrequest.gif
2004.12.20 16:17 B G:\Documents and Settings\bilbo\My Documents\Switch Skate REOPENED\Forums\Hacks\add these images to all new themes\online_guest.gif --> host215.ipowerweb.com /public_html/forums/images/demiZeClover online_guest.gif
2004.12.20 16:17 B G:\Documents and Settings\bilbo\My Documents\Switch Skate REOPENED\Forums\Hacks\add these images to all new themes\u2u_in.gif --> host215.ipowerweb.com /public_html/forums/images/demiZeClover u2u_in.gif
2004.12.20 16:17 B G:\Documents and Settings\bilbo\My Documents\Switch Skate REOPENED\Forums\Hacks\add these images to all new themes\u2u_none.gif --> host215.ipowerweb.com /public_html/forums/images/demiZeClover u2u_none.gif
2004.12.20 16:17 B G:\Documents and Settings\bilbo\My Documents\Switch Skate REOPENED\Forums\Hacks\add these images to all new themes\b.gif --> host215.ipowerweb.com /public_html/forums/images/demiZeFire b.gif
2004.12.20 16:17 B G:\Documents and Settings\bilbo\My Documents\Switch Skate REOPENED\Forums\Hacks\add these images to all new themes\bb_hide.gif --> host215.ipowerweb.com /public_html/forums/images/demiZeFire bb_hide.gif
2004.12.20 16:17 B G:\Documents and Settings\bilbo\My Documents\Switch Skate REOPENED\Forums\Hacks\add these images to all new themes\g.gif --> host215.ipowerweb.com /public_html/forums/images/demiZeFire g.gif
2004.12.20 16:17 B G:\Documents and Settings\bilbo\My Documents\Switch Skate REOPENED\Forums\Hacks\add these images to all new themes\newbankrequest.gif --> host215.ipowerweb.com /public_html/forums/images/demiZeFire newbankrequest.gif
2004.12.20 16:17 B G:\Documents and Settings\bilbo\My Documents\Switch Skate REOPENED\Forums\Hacks\add these images to all new themes\online_guest.gif --> host215.ipowerweb.com /public_html/forums/images/demiZeFire online_guest.gif
2004.12.20 16:17 B G:\Documents and Settings\bilbo\My Documents\Switch Skate REOPENED\Forums\Hacks\add these images to all new themes\u2u_in.gif --> host215.ipowerweb.com /public_html/forums/images/demiZeFire u2u_in.gif
2004.12.20 16:17 B G:\Documents and Settings\bilbo\My Documents\Switch Skate REOPENED\Forums\Hacks\add these images to all new themes\u2u_none.gif --> host215.ipowerweb.com /public_html/forums/images/demiZeFire u2u_none.gif
2004.12.20 16:17 B G:\Documents and Settings\bilbo\My Documents\Switch Skate REOPENED\Forums\Hacks\add these images to all new themes\b.gif --> host215.ipowerweb.com /public_html/forums/images/demiZeJeans b.gif
2004.12.20 16:17 B G:\Documents and Settings\bilbo\My Documents\Switch Skate REOPENED\Forums\Hacks\add these images to all new themes\bb_hide.gif --> host215.ipowerweb.com /public_html/forums/images/demiZeJeans bb_hide.gif
2004.12.20 16:17 B G:\Documents and Settings\bilbo\My Documents\Switch Skate REOPENED\Forums\Hacks\add these images to all new themes\g.gif --> host215.ipowerweb.com /public_html/forums/images/demiZeJeans g.gif
2004.12.20 16:17 B G:\Documents and Settings\bilbo\My Documents\Switch Skate REOPENED\Forums\Hacks\add these images to all new themes\newbankrequest.gif --> host215.ipowerweb.com /public_html/forums/images/demiZeJeans newbankrequest.gif
2004.12.20 16:17 B G:\Documents and Settings\bilbo\My Documents\Switch Skate REOPENED\Forums\Hacks\add these images to all new themes\online_guest.gif --> host215.ipowerweb.com /public_html/forums/images/demiZeJeans online_guest.gif
2004.12.20 16:17 B G:\Documents and Settings\bilbo\My Documents\Switch Skate REOPENED\Forums\Hacks\add these images to all new themes\u2u_in.gif --> host215.ipowerweb.com /public_html/forums/images/demiZeJeans u2u_in.gif
2004.12.20 16:17 B G:\Documents and Settings\bilbo\My Documents\Switch Skate REOPENED\Forums\Hacks\add these images to all new themes\u2u_none.gif --> host215.ipowerweb.com /public_html/forums/images/demiZeJeans u2u_none.gif
2004.12.20 16:18 B G:\Documents and Settings\bilbo\My Documents\Switch Skate REOPENED\Forums\Hacks\add these images to all new themes\b.gif --> host215.ipowerweb.com /public_html/forums/images/demiZeRelax b.gif
2004.12.20 16:18 B G:\Documents and Settings\bilbo\My Documents\Switch Skate REOPENED\Forums\Hacks\add these images to all new themes\bb_hide.gif --> host215.ipowerweb.com /public_html/forums/images/demiZeRelax bb_hide.gif
2004.12.20 16:18 B G:\Documents and Settings\bilbo\My Documents\Switch Skate REOPENED\Forums\Hacks\add these images to all new themes\g.gif --> host215.ipowerweb.com /public_html/forums/images/demiZeRelax g.gif
2004.12.20 16:18 B G:\Documents and Settings\bilbo\My Documents\Switch Skate REOPENED\Forums\Hacks\add these images to all new themes\newbankrequest.gif --> host215.ipowerweb.com /public_html/forums/images/demiZeRelax newbankrequest.gif
2004.12.20 16:18 B G:\Documents and Settings\bilbo\My Documents\Switch Skate REOPENED\Forums\Hacks\add these images to all new themes\online_guest.gif --> host215.ipowerweb.com /public_html/forums/images/demiZeRelax online_guest.gif
2004.12.20 16:18 B G:\Documents and Settings\bilbo\My Documents\Switch Skate REOPENED\Forums\Hacks\add these images to all new themes\u2u_in.gif --> host215.ipowerweb.com /public_html/forums/images/demiZeRelax u2u_in.gif
2004.12.20 16:18 B G:\Documents and Settings\bilbo\My Documents\Switch Skate REOPENED\Forums\Hacks\add these images to all new themes\u2u_none.gif --> host215.ipowerweb.com /public_html/forums/images/demiZeRelax u2u_none.gif
2004.12.20 16:18 B G:\Documents and Settings\bilbo\My Documents\Switch Skate REOPENED\Forums\Hacks\add these images to all new themes\b.gif --> host215.ipowerweb.com /public_html/forums/images/demiZeSpliff b.gif
2004.12.20 16:18 B G:\Documents and Settings\bilbo\My Documents\Switch Skate REOPENED\Forums\Hacks\add these images to all new themes\bb_hide.gif --> host215.ipowerweb.com /public_html/forums/images/demiZeSpliff bb_hide.gif
2004.12.20 16:18 B G:\Documents and Settings\bilbo\My Documents\Switch Skate REOPENED\Forums\Hacks\add these images to all new themes\g.gif --> host215.ipowerweb.com /public_html/forums/images/demiZeSpliff g.gif
2004.12.20 16:18 B G:\Documents and Settings\bilbo\My Documents\Switch Skate REOPENED\Forums\Hacks\add these images to all new themes\newbankrequest.gif --> host215.ipowerweb.com /public_html/forums/images/demiZeSpliff newbankrequest.gif
2004.12.20 16:18 B G:\Documents and Settings\bilbo\My Documents\Switch Skate REOPENED\Forums\Hacks\add these images to all new themes\online_guest.gif --> host215.ipowerweb.com /public_html/forums/images/demiZeSpliff online_guest.gif
2004.12.20 16:18 B G:\Documents and Settings\bilbo\My Documents\Switch Skate REOPENED\Forums\Hacks\add these images to all new themes\u2u_in.gif --> host215.ipowerweb.com /public_html/forums/images/demiZeSpliff u2u_in.gif
2004.12.20 16:18 B G:\Documents and Settings\bilbo\My Documents\Switch Skate REOPENED\Forums\Hacks\add these images to all new themes\u2u_none.gif --> host215.ipowerweb.com /public_html/forums/images/demiZeSpliff u2u_none.gif
2004.12.20 16:20 B G:\Documents and Settings\bilbo\My Documents\Switch Skate REOPENED\Forums\Hacks\add these images to all new themes\b.gif --> host215.ipowerweb.com /public_html/forums/images/Rebirth b.gif
2004.12.20 16:20 B G:\Documents and Settings\bilbo\My Documents\Switch Skate REOPENED\Forums\Hacks\add these images to all new themes\bb_hide.gif --> host215.ipowerweb.com /public_html/forums/images/Rebirth bb_hide.gif
2004.12.20 16:20 B G:\Documents and Settings\bilbo\My Documents\Switch Skate REOPENED\Forums\Hacks\add these images to all new themes\g.gif --> host215.ipowerweb.com /public_html/forums/images/Rebirth g.gif
2004.12.20 16:20 B G:\Documents and Settings\bilbo\My Documents\Switch Skate REOPENED\Forums\Hacks\add these images to all new themes\newbankrequest.gif --> host215.ipowerweb.com /public_html/forums/images/Rebirth newbankrequest.gif
2004.12.20 16:20 B G:\Documents and Settings\bilbo\My Documents\Switch Skate REOPENED\Forums\Hacks\add these images to all new themes\online_guest.gif --> host215.ipowerweb.com /public_html/forums/images/Rebirth online_guest.gif
2004.12.20 16:20 B G:\Documents and Settings\bilbo\My Documents\Switch Skate REOPENED\Forums\Hacks\add these images to all new themes\u2u_in.gif --> host215.ipowerweb.com /public_html/forums/images/Rebirth u2u_in.gif
2004.12.20 16:20 B G:\Documents and Settings\bilbo\My Documents\Switch Skate REOPENED\Forums\Hacks\add these images to all new themes\u2u_none.gif --> host215.ipowerweb.com /public_html/forums/images/Rebirth u2u_none.gif
2004.12.20 16:20 B G:\Documents and Settings\bilbo\My Documents\Switch Skate REOPENED\Forums\Hacks\add these images to all new themes\b.gif --> host215.ipowerweb.com /public_html/forums/images/Reloaded b.gif
2004.12.20 16:20 B G:\Documents and Settings\bilbo\My Documents\Switch Skate REOPENED\Forums\Hacks\add these images to all new themes\bb_hide.gif --> host215.ipowerweb.com /public_html/forums/images/Reloaded bb_hide.gif
2004.12.20 16:20 B G:\Documents and Settings\bilbo\My Documents\Switch Skate REOPENED\Forums\Hacks\add these images to all new themes\g.gif --> host215.ipowerweb.com /public_html/forums/images/Reloaded g.gif
2004.12.20 16:20 B G:\Documents and Settings\bilbo\My Documents\Switch Skate REOPENED\Forums\Hacks\add these images to all new themes\newbankrequest.gif --> host215.ipowerweb.com /public_html/forums/images/Reloaded newbankrequest.gif
2004.12.20 16:20 B G:\Documents and Settings\bilbo\My Documents\Switch Skate REOPENED\Forums\Hacks\add these images to all new themes\online_guest.gif --> host215.ipowerweb.com /public_html/forums/images/Reloaded online_guest.gif
2004.12.20 16:20 B G:\Documents and Settings\bilbo\My Documents\Switch Skate REOPENED\Forums\Hacks\add these images to all new themes\u2u_in.gif --> host215.ipowerweb.com /public_html/forums/images/Reloaded u2u_in.gif
2004.12.20 16:20 B G:\Documents and Settings\bilbo\My Documents\Switch Skate REOPENED\Forums\Hacks\add these images to all new themes\u2u_none.gif --> host215.ipowerweb.com /public_html/forums/images/Reloaded u2u_none.gif
2004.12.20 16:34 B G:\Documents and Settings\bilbo\My Documents\Switch Skate REOPENED\Forums\Hacks\add these images to all new themes\b.gif --> host215.ipowerweb.com /public_html/forums/images/rebirth b.gif
2004.12.20 16:34 B G:\Documents and Settings\bilbo\My Documents\Switch Skate REOPENED\Forums\Hacks\add these images to all new themes\bb_hide.gif --> host215.ipowerweb.com /public_html/forums/images/rebirth bb_hide.gif
2004.12.20 16:34 B G:\Documents and Settings\bilbo\My Documents\Switch Skate REOPENED\Forums\Hacks\add these images to all new themes\g.gif --> host215.ipowerweb.com /public_html/forums/images/rebirth g.gif
2004.12.20 16:34 B G:\Documents and Settings\bilbo\My Documents\Switch Skate REOPENED\Forums\Hacks\add these images to all new themes\newbankrequest.gif --> host215.ipowerweb.com /public_html/forums/images/rebirth newbankrequest.gif
2004.12.20 16:34 B G:\Documents and Settings\bilbo\My Documents\Switch Skate REOPENED\Forums\Hacks\add these images to all new themes\online_guest.gif --> host215.ipowerweb.com /public_html/forums/images/rebirth online_guest.gif
2004.12.20 16:34 B G:\Documents and Settings\bilbo\My Documents\Switch Skate REOPENED\Forums\Hacks\add these images to all new themes\u2u_in.gif --> host215.ipowerweb.com /public_html/forums/images/rebirth u2u_in.gif
2004.12.20 16:34 B G:\Documents and Settings\bilbo\My Documents\Switch Skate REOPENED\Forums\Hacks\add these images to all new themes\u2u_none.gif --> host215.ipowerweb.com /public_html/forums/images/rebirth u2u_none.gif
2005.01.17 04:30 B G:\Documents and Settings\bilbo\My Documents\Switch Skate REOPENED\Forums\Hacks\add these images to all new themes\b.gif --> host215.ipowerweb.com /public_html/forums/images/deepblue b.gif
2005.01.17 04:30 B G:\Documents and Settings\bilbo\My Documents\Switch Skate REOPENED\Forums\Hacks\add these images to all new themes\bb_hide.gif --> host215.ipowerweb.com /public_html/forums/images/deepblue bb_hide.gif
2005.01.17 04:30 B G:\Documents and Settings\bilbo\My Documents\Switch Skate REOPENED\Forums\Hacks\add these images to all new themes\g.gif --> host215.ipowerweb.com /public_html/forums/images/deepblue g.gif
2005.01.17 04:30 B G:\Documents and Settings\bilbo\My Documents\Switch Skate REOPENED\Forums\Hacks\add these images to all new themes\newbankrequest.gif --> host215.ipowerweb.com /public_html/forums/images/deepblue newbankrequest.gif
2005.01.17 04:30 B G:\Documents and Settings\bilbo\My Documents\Switch Skate REOPENED\Forums\Hacks\add these images to all new themes\online_guest.gif --> host215.ipowerweb.com /public_html/forums/images/deepblue online_guest.gif
2005.01.17 04:30 B G:\Documents and Settings\bilbo\My Documents\Switch Skate REOPENED\Forums\Hacks\add these images to all new themes\u2u_in.gif --> host215.ipowerweb.com /public_html/forums/images/deepblue u2u_in.gif
2005.01.17 04:30 B G:\Documents and Settings\bilbo\My Documents\Switch Skate REOPENED\Forums\Hacks\add these images to all new themes\u2u_none.gif --> host215.ipowerweb.com /public_html/forums/images/deepblue u2u_none.gif
2005.01.17 04:30 B G:\Documents and Settings\bilbo\My Documents\Switch Skate REOPENED\Forums\Hacks\add these images to all new themes\b.gif --> host215.ipowerweb.com /public_html/forums/images/greenwave b.gif
2005.01.17 04:30 B G:\Documents and Settings\bilbo\My Documents\Switch Skate REOPENED\Forums\Hacks\add these images to all new themes\bb_hide.gif --> host215.ipowerweb.com /public_html/forums/images/greenwave bb_hide.gif
2005.01.17 04:30 B G:\Documents and Settings\bilbo\My Documents\Switch Skate REOPENED\Forums\Hacks\add these images to all new themes\g.gif --> host215.ipowerweb.com /public_html/forums/images/greenwave g.gif
2005.01.17 04:30 B G:\Documents and Settings\bilbo\My Documents\Switch Skate REOPENED\Forums\Hacks\add these images to all new themes\newbankrequest.gif --> host215.ipowerweb.com /public_html/forums/images/greenwave newbankrequest.gif
2005.01.17 04:31 B G:\Documents and Settings\bilbo\My Documents\Switch Skate REOPENED\Forums\Hacks\add these images to all new themes\online_guest.gif --> host215.ipowerweb.com /public_html/forums/images/greenwave online_guest.gif
2005.01.17 04:31 B G:\Documents and Settings\bilbo\My Documents\Switch Skate REOPENED\Forums\Hacks\add these images to all new themes\u2u_in.gif --> host215.ipowerweb.com /public_html/forums/images/greenwave u2u_in.gif
2005.01.17 04:31 B G:\Documents and Settings\bilbo\My Documents\Switch Skate REOPENED\Forums\Hacks\add these images to all new themes\u2u_none.gif --> host215.ipowerweb.com /public_html/forums/images/greenwave u2u_none.gif
2005.01.17 04:31 B G:\Documents and Settings\bilbo\My Documents\Switch Skate REOPENED\Forums\Hacks\add these images to all new themes\b.gif --> host215.ipowerweb.com /public_html/forums/images/metalstyle b.gif
2005.01.17 04:31 B G:\Documents and Settings\bilbo\My Documents\Switch Skate REOPENED\Forums\Hacks\add these images to all new themes\bb_hide.gif --> host215.ipowerweb.com /public_html/forums/images/metalstyle bb_hide.gif
2005.01.17 04:31 B G:\Documents and Settings\bilbo\My Documents\Switch Skate REOPENED\Forums\Hacks\add these images to all new themes\g.gif --> host215.ipowerweb.com /public_html/forums/images/metalstyle g.gif
2005.01.17 04:31 B G:\Documents and Settings\bilbo\My Documents\Switch Skate REOPENED\Forums\Hacks\add these images to all new themes\newbankrequest.gif --> host215.ipowerweb.com /public_html/forums/images/metalstyle newbankrequest.gif
2005.01.17 04:31 B G:\Documents and Settings\bilbo\My Documents\Switch Skate REOPENED\Forums\Hacks\add these images to all new themes\online_guest.gif --> host215.ipowerweb.com /public_html/forums/images/metalstyle online_guest.gif
2005.01.17 04:31 B G:\Documents and Settings\bilbo\My Documents\Switch Skate REOPENED\Forums\Hacks\add these images to all new themes\u2u_in.gif --> host215.ipowerweb.com /public_html/forums/images/metalstyle u2u_in.gif
2005.01.17 04:31 B G:\Documents and Settings\bilbo\My Documents\Switch Skate REOPENED\Forums\Hacks\add these images to all new themes\u2u_none.gif --> host215.ipowerweb.com /public_html/forums/images/metalstyle u2u_none.gif
