2004.12.15 18:28 B G:\Documents and Settings\bilbo\My Documents\Switch Skate REOPENED\Forums\Themes\halo\address.gif --> host215.ipowerweb.com /public_html/forums/images/halo address.gif
2004.12.15 18:28 B G:\Documents and Settings\bilbo\My Documents\Switch Skate REOPENED\Forums\Themes\halo\aim.gif --> host215.ipowerweb.com /public_html/forums/images/halo aim.gif
2004.12.15 18:28 B G:\Documents and Settings\bilbo\My Documents\Switch Skate REOPENED\Forums\Themes\halo\arrow_dw.gif --> host215.ipowerweb.com /public_html/forums/images/halo arrow_dw.gif
2004.12.15 18:28 B G:\Documents and Settings\bilbo\My Documents\Switch Skate REOPENED\Forums\Themes\halo\arrow_up.gif --> host215.ipowerweb.com /public_html/forums/images/halo arrow_up.gif
2004.12.15 18:28 B G:\Documents and Settings\bilbo\My Documents\Switch Skate REOPENED\Forums\Themes\halo\bar.gif --> host215.ipowerweb.com /public_html/forums/images/halo bar.gif
2004.12.15 18:28 B G:\Documents and Settings\bilbo\My Documents\Switch Skate REOPENED\Forums\Themes\halo\bb_bold.gif --> host215.ipowerweb.com /public_html/forums/images/halo bb_bold.gif
2004.12.15 18:28 B G:\Documents and Settings\bilbo\My Documents\Switch Skate REOPENED\Forums\Themes\halo\bb_center.gif --> host215.ipowerweb.com /public_html/forums/images/halo bb_center.gif
2004.12.15 18:28 B G:\Documents and Settings\bilbo\My Documents\Switch Skate REOPENED\Forums\Themes\halo\bb_code.gif --> host215.ipowerweb.com /public_html/forums/images/halo bb_code.gif
2004.12.15 18:28 B G:\Documents and Settings\bilbo\My Documents\Switch Skate REOPENED\Forums\Themes\halo\bb_email.gif --> host215.ipowerweb.com /public_html/forums/images/halo bb_email.gif
2004.12.15 18:28 B G:\Documents and Settings\bilbo\My Documents\Switch Skate REOPENED\Forums\Themes\halo\bb_image.gif --> host215.ipowerweb.com /public_html/forums/images/halo bb_image.gif
2004.12.15 18:28 B G:\Documents and Settings\bilbo\My Documents\Switch Skate REOPENED\Forums\Themes\halo\bb_italicize.gif --> host215.ipowerweb.com /public_html/forums/images/halo bb_italicize.gif
2004.12.15 18:28 B G:\Documents and Settings\bilbo\My Documents\Switch Skate REOPENED\Forums\Themes\halo\bb_list.gif --> host215.ipowerweb.com /public_html/forums/images/halo bb_list.gif
2004.12.15 18:28 B G:\Documents and Settings\bilbo\My Documents\Switch Skate REOPENED\Forums\Themes\halo\bb_quote.gif --> host215.ipowerweb.com /public_html/forums/images/halo bb_quote.gif
2004.12.15 18:28 B G:\Documents and Settings\bilbo\My Documents\Switch Skate REOPENED\Forums\Themes\halo\bb_underline.gif --> host215.ipowerweb.com /public_html/forums/images/halo bb_underline.gif
2004.12.15 18:28 B G:\Documents and Settings\bilbo\My Documents\Switch Skate REOPENED\Forums\Themes\halo\bb_url.gif --> host215.ipowerweb.com /public_html/forums/images/halo bb_url.gif
2004.12.15 18:28 B G:\Documents and Settings\bilbo\My Documents\Switch Skate REOPENED\Forums\Themes\halo\bbrules.gif --> host215.ipowerweb.com /public_html/forums/images/halo bbrules.gif
2004.12.15 18:28 B G:\Documents and Settings\bilbo\My Documents\Switch Skate REOPENED\Forums\Themes\halo\catbg.gif --> host215.ipowerweb.com /public_html/forums/images/halo catbg.gif
2004.12.15 18:28 B G:\Documents and Settings\bilbo\My Documents\Switch Skate REOPENED\Forums\Themes\halo\chat.gif --> host215.ipowerweb.com /public_html/forums/images/halo chat.gif
2004.12.15 18:28 B G:\Documents and Settings\bilbo\My Documents\Switch Skate REOPENED\Forums\Themes\halo\dot_folder.gif --> host215.ipowerweb.com /public_html/forums/images/halo dot_folder.gif
2004.12.15 18:28 B G:\Documents and Settings\bilbo\My Documents\Switch Skate REOPENED\Forums\Themes\halo\dot_hot_folder.gif --> host215.ipowerweb.com /public_html/forums/images/halo dot_hot_folder.gif
2004.12.15 18:28 B G:\Documents and Settings\bilbo\My Documents\Switch Skate REOPENED\Forums\Themes\halo\dot_hot_red_folder.gif --> host215.ipowerweb.com /public_html/forums/images/halo dot_hot_red_folder.gif
2004.12.15 18:28 B G:\Documents and Settings\bilbo\My Documents\Switch Skate REOPENED\Forums\Themes\halo\dot_red_folder.gif --> host215.ipowerweb.com /public_html/forums/images/halo dot_red_folder.gif
2004.12.15 18:28 B G:\Documents and Settings\bilbo\My Documents\Switch Skate REOPENED\Forums\Themes\halo\downloads.gif --> host215.ipowerweb.com /public_html/forums/images/halo downloads.gif
2004.12.15 18:28 B G:\Documents and Settings\bilbo\My Documents\Switch Skate REOPENED\Forums\Themes\halo\edit.gif --> host215.ipowerweb.com /public_html/forums/images/halo edit.gif
2004.12.15 18:28 B G:\Documents and Settings\bilbo\My Documents\Switch Skate REOPENED\Forums\Themes\halo\email.gif --> host215.ipowerweb.com /public_html/forums/images/halo email.gif
2004.12.15 18:28 B G:\Documents and Settings\bilbo\My Documents\Switch Skate REOPENED\Forums\Themes\halo\faq.gif --> host215.ipowerweb.com /public_html/forums/images/halo faq.gif
2004.12.15 18:28 B G:\Documents and Settings\bilbo\My Documents\Switch Skate REOPENED\Forums\Themes\halo\find.gif --> host215.ipowerweb.com /public_html/forums/images/halo find.gif
2004.12.15 18:28 B G:\Documents and Settings\bilbo\My Documents\Switch Skate REOPENED\Forums\Themes\halo\folder.gif --> host215.ipowerweb.com /public_html/forums/images/halo folder.gif
2004.12.15 18:28 B G:\Documents and Settings\bilbo\My Documents\Switch Skate REOPENED\Forums\Themes\halo\HALO+2-theme.xmb --> host215.ipowerweb.com /public_html/forums/images/halo HALO+2-theme.xmb
2004.12.15 18:28 B G:\Documents and Settings\bilbo\My Documents\Switch Skate REOPENED\Forums\Themes\halo\home.gif --> host215.ipowerweb.com /public_html/forums/images/halo home.gif
2004.12.15 18:28 B G:\Documents and Settings\bilbo\My Documents\Switch Skate REOPENED\Forums\Themes\halo\hot_folder.gif --> host215.ipowerweb.com /public_html/forums/images/halo hot_folder.gif
2004.12.15 18:28 B G:\Documents and Settings\bilbo\My Documents\Switch Skate REOPENED\Forums\Themes\halo\hot_red_folder.gif --> host215.ipowerweb.com /public_html/forums/images/halo hot_red_folder.gif
2004.12.15 18:28 B G:\Documents and Settings\bilbo\My Documents\Switch Skate REOPENED\Forums\Themes\halo\icq_add.gif --> host215.ipowerweb.com /public_html/forums/images/halo icq_add.gif
2004.12.15 18:28 B G:\Documents and Settings\bilbo\My Documents\Switch Skate REOPENED\Forums\Themes\halo\inbox.gif --> host215.ipowerweb.com /public_html/forums/images/halo inbox.gif
2004.12.15 18:28 B G:\Documents and Settings\bilbo\My Documents\Switch Skate REOPENED\Forums\Themes\halo\index.htm --> host215.ipowerweb.com /public_html/forums/images/halo index.htm
2004.12.15 18:28 B G:\Documents and Settings\bilbo\My Documents\Switch Skate REOPENED\Forums\Themes\halo\ip.gif --> host215.ipowerweb.com /public_html/forums/images/halo ip.gif
2004.12.15 18:28 B G:\Documents and Settings\bilbo\My Documents\Switch Skate REOPENED\Forums\Themes\halo\ipost.gif --> host215.ipowerweb.com /public_html/forums/images/halo ipost.gif
2004.12.15 18:28 B G:\Documents and Settings\bilbo\My Documents\Switch Skate REOPENED\Forums\Themes\halo\lastpost.gif --> host215.ipowerweb.com /public_html/forums/images/halo lastpost.gif
2004.12.15 18:28 B G:\Documents and Settings\bilbo\My Documents\Switch Skate REOPENED\Forums\Themes\halo\lock_folder.gif --> host215.ipowerweb.com /public_html/forums/images/halo lock_folder.gif
2004.12.15 18:28 B G:\Documents and Settings\bilbo\My Documents\Switch Skate REOPENED\Forums\Themes\halo\locku2u.gif --> host215.ipowerweb.com /public_html/forums/images/halo locku2u.gif
2004.12.15 18:28 B G:\Documents and Settings\bilbo\My Documents\Switch Skate REOPENED\Forums\Themes\halo\members_list.gif --> host215.ipowerweb.com /public_html/forums/images/halo members_list.gif
2004.12.15 18:28 B G:\Documents and Settings\bilbo\My Documents\Switch Skate REOPENED\Forums\Themes\halo\msn.gif --> host215.ipowerweb.com /public_html/forums/images/halo msn.gif
2004.12.15 18:28 B G:\Documents and Settings\bilbo\My Documents\Switch Skate REOPENED\Forums\Themes\halo\newmessage.gif --> host215.ipowerweb.com /public_html/forums/images/halo newmessage.gif
2004.12.15 18:28 B G:\Documents and Settings\bilbo\My Documents\Switch Skate REOPENED\Forums\Themes\halo\newtopic.gif --> host215.ipowerweb.com /public_html/forums/images/halo newtopic.gif
2004.12.15 18:28 B G:\Documents and Settings\bilbo\My Documents\Switch Skate REOPENED\Forums\Themes\halo\newu2u.gif --> host215.ipowerweb.com /public_html/forums/images/halo newu2u.gif
2004.12.15 18:28 B G:\Documents and Settings\bilbo\My Documents\Switch Skate REOPENED\Forums\Themes\halo\online.gif --> host215.ipowerweb.com /public_html/forums/images/halo online.gif
2004.12.15 18:28 B G:\Documents and Settings\bilbo\My Documents\Switch Skate REOPENED\Forums\Themes\halo\outbox.gif --> host215.ipowerweb.com /public_html/forums/images/halo outbox.gif
2004.12.15 18:28 B G:\Documents and Settings\bilbo\My Documents\Switch Skate REOPENED\Forums\Themes\halo\pin.gif --> host215.ipowerweb.com /public_html/forums/images/halo pin.gif
2004.12.15 18:28 B G:\Documents and Settings\bilbo\My Documents\Switch Skate REOPENED\Forums\Themes\halo\pixel.gif --> host215.ipowerweb.com /public_html/forums/images/halo pixel.gif
2004.12.15 18:28 B G:\Documents and Settings\bilbo\My Documents\Switch Skate REOPENED\Forums\Themes\halo\poll.gif --> host215.ipowerweb.com /public_html/forums/images/halo poll.gif
2004.12.15 18:28 B G:\Documents and Settings\bilbo\My Documents\Switch Skate REOPENED\Forums\Themes\halo\pollbar-e.gif --> host215.ipowerweb.com /public_html/forums/images/halo pollbar-e.gif
2004.12.15 18:28 B G:\Documents and Settings\bilbo\My Documents\Switch Skate REOPENED\Forums\Themes\halo\pollbar-s.gif --> host215.ipowerweb.com /public_html/forums/images/halo pollbar-s.gif
2004.12.15 18:28 B G:\Documents and Settings\bilbo\My Documents\Switch Skate REOPENED\Forums\Themes\halo\pollbar.gif --> host215.ipowerweb.com /public_html/forums/images/halo pollbar.gif
2004.12.15 18:28 B G:\Documents and Settings\bilbo\My Documents\Switch Skate REOPENED\Forums\Themes\halo\pollsmall.gif --> host215.ipowerweb.com /public_html/forums/images/halo pollsmall.gif
2004.12.15 18:28 B G:\Documents and Settings\bilbo\My Documents\Switch Skate REOPENED\Forums\Themes\halo\profile.gif --> host215.ipowerweb.com /public_html/forums/images/halo profile.gif
2004.12.15 18:28 B G:\Documents and Settings\bilbo\My Documents\Switch Skate REOPENED\Forums\Themes\halo\quote.gif --> host215.ipowerweb.com /public_html/forums/images/halo quote.gif
2004.12.15 18:28 B G:\Documents and Settings\bilbo\My Documents\Switch Skate REOPENED\Forums\Themes\halo\red_folder.gif --> host215.ipowerweb.com /public_html/forums/images/halo red_folder.gif
2004.12.15 18:28 B G:\Documents and Settings\bilbo\My Documents\Switch Skate REOPENED\Forums\Themes\halo\reply.gif --> host215.ipowerweb.com /public_html/forums/images/halo reply.gif
2004.12.15 18:28 B G:\Documents and Settings\bilbo\My Documents\Switch Skate REOPENED\Forums\Themes\halo\report.gif --> host215.ipowerweb.com /public_html/forums/images/halo report.gif
2004.12.15 18:28 B G:\Documents and Settings\bilbo\My Documents\Switch Skate REOPENED\Forums\Themes\halo\search.gif --> host215.ipowerweb.com /public_html/forums/images/halo search.gif
2004.12.15 18:28 B G:\Documents and Settings\bilbo\My Documents\Switch Skate REOPENED\Forums\Themes\halo\site.gif --> host215.ipowerweb.com /public_html/forums/images/halo site.gif
2004.12.15 18:28 B G:\Documents and Settings\bilbo\My Documents\Switch Skate REOPENED\Forums\Themes\halo\star.gif --> host215.ipowerweb.com /public_html/forums/images/halo star.gif
2004.12.15 18:29 B G:\Documents and Settings\bilbo\My Documents\Switch Skate REOPENED\Forums\Themes\halo\stats.gif --> host215.ipowerweb.com /public_html/forums/images/halo stats.gif
2004.12.15 18:29 B G:\Documents and Settings\bilbo\My Documents\Switch Skate REOPENED\Forums\Themes\halo\todays_posts.gif --> host215.ipowerweb.com /public_html/forums/images/halo todays_posts.gif
2004.12.15 18:29 B G:\Documents and Settings\bilbo\My Documents\Switch Skate REOPENED\Forums\Themes\halo\top.jpg --> host215.ipowerweb.com /public_html/forums/images/halo top.jpg
2004.12.15 18:29 B G:\Documents and Settings\bilbo\My Documents\Switch Skate REOPENED\Forums\Themes\halo\u2u.gif --> host215.ipowerweb.com /public_html/forums/images/halo u2u.gif
2004.12.15 18:29 B G:\Documents and Settings\bilbo\My Documents\Switch Skate REOPENED\Forums\Themes\halo\yahoo.gif --> host215.ipowerweb.com /public_html/forums/images/halo yahoo.gif
2004.12.19 17:46 B G:\Documents and Settings\bilbo\My Documents\Switch Skate REOPENED\Forums\Themes\halo\top.gif --> host215.ipowerweb.com /public_html/forums/images/halo top.gif
2004.12.19 17:46 B G:\Documents and Settings\bilbo\My Documents\Switch Skate REOPENED\Forums\Themes\halo\top.jpg --> host215.ipowerweb.com /public_html/forums/images/halo top.jpg
2004.12.19 17:46 B G:\Documents and Settings\bilbo\My Documents\Switch Skate REOPENED\Forums\Themes\halo\top.psd --> host215.ipowerweb.com /public_html/forums/images/halo top.psd
