2004.12.01 22:42 B G:\Documents and Settings\bilbo\My Documents\Switch Skate REOPENED\site\submit\comments.php --> host215.ipowerweb.com /public_html/site/submit comments.php
2004.12.01 22:42 B G:\Documents and Settings\bilbo\My Documents\Switch Skate REOPENED\site\submit\footer.php --> host215.ipowerweb.com /public_html/site/submit footer.php
2004.12.01 22:42 B G:\Documents and Settings\bilbo\My Documents\Switch Skate REOPENED\site\submit\handcomment.php --> host215.ipowerweb.com /public_html/site/submit handcomment.php
2004.12.01 22:42 B G:\Documents and Settings\bilbo\My Documents\Switch Skate REOPENED\site\submit\handlink.php --> host215.ipowerweb.com /public_html/site/submit handlink.php
2004.12.01 22:42 B G:\Documents and Settings\bilbo\My Documents\Switch Skate REOPENED\site\submit\handresume.php --> host215.ipowerweb.com /public_html/site/submit handresume.php
2004.12.01 22:42 B G:\Documents and Settings\bilbo\My Documents\Switch Skate REOPENED\site\submit\handtext.php --> host215.ipowerweb.com /public_html/site/submit handtext.php
2004.12.01 22:42 B G:\Documents and Settings\bilbo\My Documents\Switch Skate REOPENED\site\submit\handtheme.php --> host215.ipowerweb.com /public_html/site/submit handtheme.php
2004.12.01 22:42 B G:\Documents and Settings\bilbo\My Documents\Switch Skate REOPENED\site\submit\header.php --> host215.ipowerweb.com /public_html/site/submit header.php
2004.12.01 22:42 B G:\Documents and Settings\bilbo\My Documents\Switch Skate REOPENED\site\submit\index.php --> host215.ipowerweb.com /public_html/site/submit index.php
2004.12.01 22:42 B G:\Documents and Settings\bilbo\My Documents\Switch Skate REOPENED\site\submit\link.php --> host215.ipowerweb.com /public_html/site/submit link.php
2004.12.01 22:42 B G:\Documents and Settings\bilbo\My Documents\Switch Skate REOPENED\site\submit\resume.php --> host215.ipowerweb.com /public_html/site/submit resume.php
2004.12.01 22:42 B G:\Documents and Settings\bilbo\My Documents\Switch Skate REOPENED\site\submit\text.php --> host215.ipowerweb.com /public_html/site/submit text.php
2004.12.01 22:42 B G:\Documents and Settings\bilbo\My Documents\Switch Skate REOPENED\site\submit\theme.php --> host215.ipowerweb.com /public_html/site/submit theme.php
2004.12.01 22:47 B G:\Documents and Settings\bilbo\My Documents\Switch Skate REOPENED\site\submit\footer.php --> host215.ipowerweb.com /public_html/site/submit footer.php
2004.12.01 22:47 B G:\Documents and Settings\bilbo\My Documents\Switch Skate REOPENED\site\submit\header.php --> host215.ipowerweb.com /public_html/site/submit header.php
2004.12.01 22:47 B G:\Documents and Settings\bilbo\My Documents\Switch Skate REOPENED\site\submit\index.php --> host215.ipowerweb.com /public_html/site/submit index.php
2004.12.01 22:47 B G:\Documents and Settings\bilbo\My Documents\Switch Skate REOPENED\site\submit\link.php --> host215.ipowerweb.com /public_html/site/submit link.php
2004.12.01 22:47 B G:\Documents and Settings\bilbo\My Documents\Switch Skate REOPENED\site\submit\resume.php --> host215.ipowerweb.com /public_html/site/submit resume.php
2004.12.01 22:47 B G:\Documents and Settings\bilbo\My Documents\Switch Skate REOPENED\site\submit\text.php --> host215.ipowerweb.com /public_html/site/submit text.php
2004.12.01 22:47 B G:\Documents and Settings\bilbo\My Documents\Switch Skate REOPENED\site\submit\theme.php --> host215.ipowerweb.com /public_html/site/submit theme.php
2004.12.01 22:47 B G:\Documents and Settings\bilbo\My Documents\Switch Skate REOPENED\site\submit\WS_FTP.LOG --> host215.ipowerweb.com /public_html/site/submit WS_FTP.LOG
2004.12.02 21:26 B G:\Documents and Settings\bilbo\My Documents\Switch Skate REOPENED\site\submit\footer.php --> host215.ipowerweb.com /public_html/site/submit footer.php
2004.12.02 21:26 B G:\Documents and Settings\bilbo\My Documents\Switch Skate REOPENED\site\submit\header.php --> host215.ipowerweb.com /public_html/site/submit header.php
2004.12.02 21:26 B G:\Documents and Settings\bilbo\My Documents\Switch Skate REOPENED\site\submit\index.php --> host215.ipowerweb.com /public_html/site/submit index.php
2004.12.02 21:26 B G:\Documents and Settings\bilbo\My Documents\Switch Skate REOPENED\site\submit\link.php --> host215.ipowerweb.com /public_html/site/submit link.php
2004.12.02 21:26 B G:\Documents and Settings\bilbo\My Documents\Switch Skate REOPENED\site\submit\resume.php --> host215.ipowerweb.com /public_html/site/submit resume.php
2004.12.02 21:26 B G:\Documents and Settings\bilbo\My Documents\Switch Skate REOPENED\site\submit\text.php --> host215.ipowerweb.com /public_html/site/submit text.php
2004.12.02 21:26 B G:\Documents and Settings\bilbo\My Documents\Switch Skate REOPENED\site\submit\theme.php --> host215.ipowerweb.com /public_html/site/submit theme.php
2004.12.02 21:26 B G:\Documents and Settings\bilbo\My Documents\Switch Skate REOPENED\site\submit\WS_FTP.LOG --> host215.ipowerweb.com /public_html/site/submit WS_FTP.LOG
2004.12.03 20:00 B G:\Documents and Settings\bilbo\My Documents\Switch Skate REOPENED\site\submit\WS_FTP.LOG --> host215.ipowerweb.com /public_html/site/submit WS_FTP.LOG
2004.12.05 16:11 B G:\Documents and Settings\bilbo\My Documents\Switch Skate REOPENED\site\submit\comments.php --> host215.ipowerweb.com /public_html/site/submit comments.php
2004.12.05 16:11 B G:\Documents and Settings\bilbo\My Documents\Switch Skate REOPENED\site\submit\footer.php --> host215.ipowerweb.com /public_html/site/submit footer.php
2004.12.05 16:11 B G:\Documents and Settings\bilbo\My Documents\Switch Skate REOPENED\site\submit\handcomment.php --> host215.ipowerweb.com /public_html/site/submit handcomment.php
2004.12.05 16:11 B G:\Documents and Settings\bilbo\My Documents\Switch Skate REOPENED\site\submit\handlink.php --> host215.ipowerweb.com /public_html/site/submit handlink.php
2004.12.05 16:11 B G:\Documents and Settings\bilbo\My Documents\Switch Skate REOPENED\site\submit\handresume.php --> host215.ipowerweb.com /public_html/site/submit handresume.php
2004.12.05 16:11 B G:\Documents and Settings\bilbo\My Documents\Switch Skate REOPENED\site\submit\handtext.php --> host215.ipowerweb.com /public_html/site/submit handtext.php
2004.12.05 16:11 B G:\Documents and Settings\bilbo\My Documents\Switch Skate REOPENED\site\submit\handtheme.php --> host215.ipowerweb.com /public_html/site/submit handtheme.php
2004.12.05 16:11 B G:\Documents and Settings\bilbo\My Documents\Switch Skate REOPENED\site\submit\header.php --> host215.ipowerweb.com /public_html/site/submit header.php
2004.12.05 16:11 B G:\Documents and Settings\bilbo\My Documents\Switch Skate REOPENED\site\submit\index.php --> host215.ipowerweb.com /public_html/site/submit index.php
2004.12.05 16:11 B G:\Documents and Settings\bilbo\My Documents\Switch Skate REOPENED\site\submit\link.php --> host215.ipowerweb.com /public_html/site/submit link.php
2004.12.05 16:11 B G:\Documents and Settings\bilbo\My Documents\Switch Skate REOPENED\site\submit\resume.php --> host215.ipowerweb.com /public_html/site/submit resume.php
2004.12.05 16:11 B G:\Documents and Settings\bilbo\My Documents\Switch Skate REOPENED\site\submit\text.php --> host215.ipowerweb.com /public_html/site/submit text.php
2004.12.05 16:11 B G:\Documents and Settings\bilbo\My Documents\Switch Skate REOPENED\site\submit\theme.php --> host215.ipowerweb.com /public_html/site/submit theme.php
2004.12.05 16:16 B G:\Documents and Settings\bilbo\My Documents\Switch Skate REOPENED\site\submit\comments.php --> host215.ipowerweb.com /public_html/site/submit comments.php
2004.12.05 16:16 B G:\Documents and Settings\bilbo\My Documents\Switch Skate REOPENED\site\submit\handcomment.php --> host215.ipowerweb.com /public_html/site/submit handcomment.php
2004.12.05 16:16 B G:\Documents and Settings\bilbo\My Documents\Switch Skate REOPENED\site\submit\handlink.php --> host215.ipowerweb.com /public_html/site/submit handlink.php
2004.12.05 16:16 B G:\Documents and Settings\bilbo\My Documents\Switch Skate REOPENED\site\submit\handresume.php --> host215.ipowerweb.com /public_html/site/submit handresume.php
2004.12.05 16:16 B G:\Documents and Settings\bilbo\My Documents\Switch Skate REOPENED\site\submit\handtext.php --> host215.ipowerweb.com /public_html/site/submit handtext.php
2004.12.05 16:16 B G:\Documents and Settings\bilbo\My Documents\Switch Skate REOPENED\site\submit\handtheme.php --> host215.ipowerweb.com /public_html/site/submit handtheme.php
2004.12.05 16:16 B G:\Documents and Settings\bilbo\My Documents\Switch Skate REOPENED\site\submit\index.php --> host215.ipowerweb.com /public_html/site/submit index.php
2004.12.05 16:16 B G:\Documents and Settings\bilbo\My Documents\Switch Skate REOPENED\site\submit\link.php --> host215.ipowerweb.com /public_html/site/submit link.php
2004.12.05 16:16 B G:\Documents and Settings\bilbo\My Documents\Switch Skate REOPENED\site\submit\resume.php --> host215.ipowerweb.com /public_html/site/submit resume.php
2004.12.05 16:16 B G:\Documents and Settings\bilbo\My Documents\Switch Skate REOPENED\site\submit\text.php --> host215.ipowerweb.com /public_html/site/submit text.php
2004.12.05 16:16 B G:\Documents and Settings\bilbo\My Documents\Switch Skate REOPENED\site\submit\theme.php --> host215.ipowerweb.com /public_html/site/submit theme.php
2004.12.05 16:17 B G:\Documents and Settings\bilbo\My Documents\Switch Skate REOPENED\site\submit\index.php --> host215.ipowerweb.com /public_html/site/submit index.php
2004.12.20 17:20 B G:\Documents and Settings\bilbo\My Documents\Switch Skate REOPENED\site\submit\index.php --> host215.ipowerweb.com /public_html/site/submit index.php
2004.12.20 17:23 B G:\Documents and Settings\bilbo\My Documents\Switch Skate REOPENED\site\submit\picture.php --> host215.ipowerweb.com /public_html/site/submit picture.php
2004.12.20 17:36 B G:\Documents and Settings\bilbo\My Documents\Switch Skate REOPENED\site\submit\picture.php --> host215.ipowerweb.com /public_html/site/submit picture.php
2004.12.20 17:37 B G:\Documents and Settings\bilbo\My Documents\Switch Skate REOPENED\site\submit\picture.php --> host215.ipowerweb.com /public_html/site/submit picture.php
2004.12.20 18:42 B G:\Documents and Settings\bilbo\My Documents\Switch Skate REOPENED\site\submit\picture.php --> host215.ipowerweb.com /public_html/site/submit picture.php
2004.12.20 18:44 B G:\Documents and Settings\bilbo\My Documents\Switch Skate REOPENED\site\submit\picture.php --> host215.ipowerweb.com /public_html/site/submit picture.php
2004.12.20 18:44 B G:\Documents and Settings\bilbo\My Documents\Switch Skate REOPENED\site\submit\picture.php --> host215.ipowerweb.com /public_html/site/submit picture.php
2004.12.20 18:45 B G:\Documents and Settings\bilbo\My Documents\Switch Skate REOPENED\site\submit\picture.php --> host215.ipowerweb.com /public_html/site/submit picture.php
2004.12.20 18:46 B G:\Documents and Settings\bilbo\My Documents\Switch Skate REOPENED\site\submit\picture.php --> host215.ipowerweb.com /public_html/site/submit picture.php
2004.12.20 18:46 B G:\Documents and Settings\bilbo\My Documents\Switch Skate REOPENED\site\submit\picture.php --> host215.ipowerweb.com /public_html/site/submit picture.php
2004.12.20 18:46 B G:\Documents and Settings\bilbo\My Documents\Switch Skate REOPENED\site\submit\picture.php --> host215.ipowerweb.com /public_html/site/submit picture.php
2004.12.20 18:47 B G:\Documents and Settings\bilbo\My Documents\Switch Skate REOPENED\site\submit\picture.php --> host215.ipowerweb.com /public_html/site/submit picture.php
2004.12.22 14:38 B G:\Documents and Settings\bilbo\My Documents\Switch Skate REOPENED\site\submit\comments.php --> host215.ipowerweb.com /public_html/site/submit comments.php
2004.12.22 14:38 B G:\Documents and Settings\bilbo\My Documents\Switch Skate REOPENED\site\submit\handcomment.php --> host215.ipowerweb.com /public_html/site/submit handcomment.php
2004.12.22 14:38 B G:\Documents and Settings\bilbo\My Documents\Switch Skate REOPENED\site\submit\handlink.php --> host215.ipowerweb.com /public_html/site/submit handlink.php
2004.12.22 14:38 B G:\Documents and Settings\bilbo\My Documents\Switch Skate REOPENED\site\submit\handresume.php --> host215.ipowerweb.com /public_html/site/submit handresume.php
2004.12.22 14:38 B G:\Documents and Settings\bilbo\My Documents\Switch Skate REOPENED\site\submit\handtext.php --> host215.ipowerweb.com /public_html/site/submit handtext.php
2004.12.22 14:38 B G:\Documents and Settings\bilbo\My Documents\Switch Skate REOPENED\site\submit\handtheme.php --> host215.ipowerweb.com /public_html/site/submit handtheme.php
2004.12.22 14:39 B G:\Documents and Settings\bilbo\My Documents\Switch Skate REOPENED\site\submit\index.php --> host215.ipowerweb.com /public_html/site/submit index.php
2004.12.22 14:39 B G:\Documents and Settings\bilbo\My Documents\Switch Skate REOPENED\site\submit\link.php --> host215.ipowerweb.com /public_html/site/submit link.php
2004.12.22 14:39 B G:\Documents and Settings\bilbo\My Documents\Switch Skate REOPENED\site\submit\picture.php --> host215.ipowerweb.com /public_html/site/submit picture.php
2004.12.22 14:39 B G:\Documents and Settings\bilbo\My Documents\Switch Skate REOPENED\site\submit\resume.php --> host215.ipowerweb.com /public_html/site/submit resume.php
2004.12.22 14:39 B G:\Documents and Settings\bilbo\My Documents\Switch Skate REOPENED\site\submit\text.php --> host215.ipowerweb.com /public_html/site/submit text.php
2004.12.22 14:39 B G:\Documents and Settings\bilbo\My Documents\Switch Skate REOPENED\site\submit\theme.php --> host215.ipowerweb.com /public_html/site/submit theme.php
2004.12.22 14:39 B G:\Documents and Settings\bilbo\My Documents\Switch Skate REOPENED\site\submit\WS_FTP.LOG --> host215.ipowerweb.com /public_html/site/submit WS_FTP.LOG
2004.12.23 14:33 B G:\Documents and Settings\bilbo\My Documents\Switch Skate REOPENED\site\submit\upscheme.php --> host215.ipowerweb.com /public_html/site/submit upscheme.php
2004.12.23 14:44 B G:\Documents and Settings\bilbo\My Documents\Switch Skate REOPENED\site\submit\upscheme.php --> host215.ipowerweb.com /public_html/site/submit upscheme.php
2004.12.23 14:51 B G:\Documents and Settings\bilbo\My Documents\Switch Skate REOPENED\site\submit\upscheme.php --> host215.ipowerweb.com /public_html/site/submit upscheme.php
2004.12.23 14:51 B G:\Documents and Settings\bilbo\My Documents\Switch Skate REOPENED\site\submit\upscheme.php --> host215.ipowerweb.com /public_html/site/submit upscheme.php
2004.12.23 14:53 B G:\Documents and Settings\bilbo\My Documents\Switch Skate REOPENED\site\submit\upscheme.php --> host215.ipowerweb.com /public_html/site/submit upscheme.php
2004.12.23 14:55 B G:\Documents and Settings\bilbo\My Documents\Switch Skate REOPENED\site\submit\upscheme.php --> host215.ipowerweb.com /public_html/site/submit upscheme.php
2004.12.23 15:01 B G:\Documents and Settings\bilbo\My Documents\Switch Skate REOPENED\site\submit\upscheme.php --> host215.ipowerweb.com /public_html/site/submit upscheme.php
2004.12.23 15:02 B G:\Documents and Settings\bilbo\My Documents\Switch Skate REOPENED\site\submit\upscheme.php --> host215.ipowerweb.com /public_html/site/submit upscheme.php
2004.12.23 15:04 B G:\Documents and Settings\bilbo\My Documents\Switch Skate REOPENED\site\submit\upscheme.php --> host215.ipowerweb.com /public_html/site/submit upscheme.php
2004.12.23 15:06 B G:\Documents and Settings\bilbo\My Documents\Switch Skate REOPENED\site\submit\upscheme.php --> host215.ipowerweb.com /public_html/site/submit upscheme.php
2004.12.23 15:07 B G:\Documents and Settings\bilbo\My Documents\Switch Skate REOPENED\site\submit\upscheme.php --> host215.ipowerweb.com /public_html/site/submit upscheme.php
2004.12.23 15:07 B G:\Documents and Settings\bilbo\My Documents\Switch Skate REOPENED\site\submit\upscheme.php --> host215.ipowerweb.com /public_html/site/submit upscheme.php
2004.12.23 15:13 B G:\Documents and Settings\bilbo\My Documents\Switch Skate REOPENED\site\submit\upscheme.php --> host215.ipowerweb.com /public_html/site/submit upscheme.php
2004.12.23 15:14 B G:\Documents and Settings\bilbo\My Documents\Switch Skate REOPENED\site\submit\upscheme.php --> host215.ipowerweb.com /public_html/site/submit upscheme.php
2004.12.23 15:16 B G:\Documents and Settings\bilbo\My Documents\Switch Skate REOPENED\site\submit\upscheme.php --> host215.ipowerweb.com /public_html/site/submit upscheme.php
2004.12.23 15:16 B G:\Documents and Settings\bilbo\My Documents\Switch Skate REOPENED\site\submit\upscheme.php --> host215.ipowerweb.com /public_html/site/submit upscheme.php
2004.12.23 15:17 B G:\Documents and Settings\bilbo\My Documents\Switch Skate REOPENED\site\submit\upscheme.php --> host215.ipowerweb.com /public_html/site/submit upscheme.php
2004.12.23 15:28 B G:\Documents and Settings\bilbo\My Documents\Switch Skate REOPENED\site\submit\upscheme.php --> host215.ipowerweb.com /public_html/site/submit upscheme.php
