2004.11.05 06:29 B G:\Documents and Settings\bilbo\My Documents\SwitchSkate\Next Design\New\cp\ccontent\4563.php --> host215.ipowerweb.com /public_html/cp/ccontent 4563.php
2004.11.05 06:29 B G:\Documents and Settings\bilbo\My Documents\SwitchSkate\Next Design\New\cp\ccontent\text353.php --> host215.ipowerweb.com /public_html/cp/ccontent text353.php
2004.11.07 14:20 B G:\Documents and Settings\bilbo\My Documents\SwitchSkate\Next Design\New\cp\ccontent\4563.php --> host215.ipowerweb.com /public_html/cp/ccontent 4563.php
2004.11.07 14:20 B G:\Documents and Settings\bilbo\My Documents\SwitchSkate\Next Design\New\cp\ccontent\text353.php --> host215.ipowerweb.com /public_html/cp/ccontent text353.php
2004.11.07 14:20 B G:\Documents and Settings\bilbo\My Documents\SwitchSkate\Next Design\New\cp\ccontent\WS_FTP.LOG --> host215.ipowerweb.com /public_html/cp/ccontent WS_FTP.LOG
2004.11.07 14:38 B G:\Documents and Settings\bilbo\My Documents\SwitchSkate\Next Design\New\cp\ccontent\4563.php --> host215.ipowerweb.com /public_html/cp/ccontent 4563.php
2004.11.07 14:39 B G:\Documents and Settings\bilbo\My Documents\SwitchSkate\Next Design\New\cp\ccontent\text353.php --> host215.ipowerweb.com /public_html/cp/ccontent text353.php
2004.11.07 14:40 B G:\Documents and Settings\bilbo\My Documents\SwitchSkate\Next Design\New\cp\ccontent\text353.php --> host215.ipowerweb.com /public_html/cp/ccontent text353.php
2004.11.07 14:41 B G:\Documents and Settings\bilbo\My Documents\SwitchSkate\Next Design\New\cp\ccontent\4563.php --> host215.ipowerweb.com /public_html/cp/ccontent 4563.php
2004.11.07 14:43 B G:\Documents and Settings\bilbo\My Documents\SwitchSkate\Next Design\New\cp\ccontent\4563.php --> host215.ipowerweb.com /public_html/cp/ccontent 4563.php
2004.11.07 14:43 B G:\Documents and Settings\bilbo\My Documents\SwitchSkate\Next Design\New\cp\ccontent\text353.php --> host215.ipowerweb.com /public_html/cp/ccontent text353.php
2004.11.07 14:47 B G:\Documents and Settings\bilbo\My Documents\SwitchSkate\Next Design\New\cp\ccontent\4563.php --> host215.ipowerweb.com /public_html/ccontent 4563.php
2004.11.07 14:47 B G:\Documents and Settings\bilbo\My Documents\SwitchSkate\Next Design\New\cp\ccontent\6432.php --> host215.ipowerweb.com /public_html/ccontent 6432.php
2004.11.07 14:47 B G:\Documents and Settings\bilbo\My Documents\SwitchSkate\Next Design\New\cp\ccontent\text353.php --> host215.ipowerweb.com /public_html/ccontent text353.php
2004.11.07 14:47 B G:\Documents and Settings\bilbo\My Documents\SwitchSkate\Next Design\New\cp\ccontent\text786.php --> host215.ipowerweb.com /public_html/ccontent text786.php
2004.11.07 14:47 B G:\Documents and Settings\bilbo\My Documents\SwitchSkate\Next Design\New\cp\ccontent\WS_FTP.LOG --> host215.ipowerweb.com /public_html/ccontent WS_FTP.LOG
2004.11.07 14:48 B G:\Documents and Settings\bilbo\My Documents\SwitchSkate\Next Design\New\cp\ccontent\4563.php --> host215.ipowerweb.com /public_html/cp/ccontent 4563.php
2004.11.07 14:48 B G:\Documents and Settings\bilbo\My Documents\SwitchSkate\Next Design\New\cp\ccontent\6432.php --> host215.ipowerweb.com /public_html/cp/ccontent 6432.php
2004.11.07 14:48 B G:\Documents and Settings\bilbo\My Documents\SwitchSkate\Next Design\New\cp\ccontent\text353.php --> host215.ipowerweb.com /public_html/cp/ccontent text353.php
2004.11.07 14:48 B G:\Documents and Settings\bilbo\My Documents\SwitchSkate\Next Design\New\cp\ccontent\text786.php --> host215.ipowerweb.com /public_html/cp/ccontent text786.php
2004.11.07 14:48 B G:\Documents and Settings\bilbo\My Documents\SwitchSkate\Next Design\New\cp\ccontent\WS_FTP.LOG --> host215.ipowerweb.com /public_html/cp/ccontent WS_FTP.LOG
2004.11.09 17:33 B G:\Documents and Settings\bilbo\My Documents\SwitchSkate\Next Design\New\cp\ccontent\4563.php --> host215.ipowerweb.com /public_html/cp/ccontent 4563.php
2004.11.09 17:33 B G:\Documents and Settings\bilbo\My Documents\SwitchSkate\Next Design\New\cp\ccontent\6432.php --> host215.ipowerweb.com /public_html/cp/ccontent 6432.php
2004.11.09 17:33 B G:\Documents and Settings\bilbo\My Documents\SwitchSkate\Next Design\New\cp\ccontent\text345.php --> host215.ipowerweb.com /public_html/cp/ccontent text345.php
2004.11.09 17:33 B G:\Documents and Settings\bilbo\My Documents\SwitchSkate\Next Design\New\cp\ccontent\text353.php --> host215.ipowerweb.com /public_html/cp/ccontent text353.php
2004.11.09 17:33 B G:\Documents and Settings\bilbo\My Documents\SwitchSkate\Next Design\New\cp\ccontent\text786.php --> host215.ipowerweb.com /public_html/cp/ccontent text786.php
2004.11.09 17:33 B G:\Documents and Settings\bilbo\My Documents\SwitchSkate\Next Design\New\cp\ccontent\WS_FTP.LOG --> host215.ipowerweb.com /public_html/cp/ccontent WS_FTP.LOG
2004.11.09 17:36 B G:\Documents and Settings\bilbo\My Documents\SwitchSkate\Next Design\New\cp\ccontent\4563.php --> host215.ipowerweb.com /public_html/cp/ccontent 4563.php
2004.11.09 17:36 B G:\Documents and Settings\bilbo\My Documents\SwitchSkate\Next Design\New\cp\ccontent\text345.php --> host215.ipowerweb.com /public_html/cp/ccontent text345.php
2004.11.09 17:36 B G:\Documents and Settings\bilbo\My Documents\SwitchSkate\Next Design\New\cp\ccontent\text353.php --> host215.ipowerweb.com /public_html/cp/ccontent text353.php
2004.11.09 17:36 B G:\Documents and Settings\bilbo\My Documents\SwitchSkate\Next Design\New\cp\ccontent\WS_FTP.LOG --> host215.ipowerweb.com /public_html/cp/ccontent WS_FTP.LOG
2004.11.09 17:37 B G:\Documents and Settings\bilbo\My Documents\SwitchSkate\Next Design\New\cp\ccontent\4563.php --> host215.ipowerweb.com /public_html/cp/ccontent 4563.php
2004.11.09 17:38 B G:\Documents and Settings\bilbo\My Documents\SwitchSkate\Next Design\New\cp\ccontent\text345.php --> host215.ipowerweb.com /public_html/cp/ccontent text345.php
2004.11.09 17:38 B G:\Documents and Settings\bilbo\My Documents\SwitchSkate\Next Design\New\cp\ccontent\text353.php --> host215.ipowerweb.com /public_html/cp/ccontent text353.php
2004.11.09 17:38 B G:\Documents and Settings\bilbo\My Documents\SwitchSkate\Next Design\New\cp\ccontent\WS_FTP.LOG --> host215.ipowerweb.com /public_html/cp/ccontent WS_FTP.LOG
2004.11.09 17:38 B G:\Documents and Settings\bilbo\My Documents\SwitchSkate\Next Design\New\cp\ccontent\4563.php --> host215.ipowerweb.com /public_html/cp/ccontent 4563.php
2004.11.09 17:38 B G:\Documents and Settings\bilbo\My Documents\SwitchSkate\Next Design\New\cp\ccontent\text353.php --> host215.ipowerweb.com /public_html/cp/ccontent text353.php
2004.11.09 17:38 B G:\Documents and Settings\bilbo\My Documents\SwitchSkate\Next Design\New\cp\ccontent\WS_FTP.LOG --> host215.ipowerweb.com /public_html/cp/ccontent WS_FTP.LOG
2004.11.09 17:39 B G:\Documents and Settings\bilbo\My Documents\SwitchSkate\Next Design\New\cp\ccontent\4563.php --> host215.ipowerweb.com /public_html/cp/ccontent 4563.php
2004.11.09 17:39 B G:\Documents and Settings\bilbo\My Documents\SwitchSkate\Next Design\New\cp\ccontent\text353.php --> host215.ipowerweb.com /public_html/cp/ccontent text353.php
2004.11.09 17:39 B G:\Documents and Settings\bilbo\My Documents\SwitchSkate\Next Design\New\cp\ccontent\WS_FTP.LOG --> host215.ipowerweb.com /public_html/cp/ccontent WS_FTP.LOG
2004.11.09 17:40 B G:\Documents and Settings\bilbo\My Documents\SwitchSkate\Next Design\New\cp\ccontent\4563.php --> host215.ipowerweb.com /public_html/cp/ccontent 4563.php
2004.11.09 17:40 B G:\Documents and Settings\bilbo\My Documents\SwitchSkate\Next Design\New\cp\ccontent\6432.php --> host215.ipowerweb.com /public_html/cp/ccontent 6432.php
2004.11.09 17:40 B G:\Documents and Settings\bilbo\My Documents\SwitchSkate\Next Design\New\cp\ccontent\WS_FTP.LOG --> host215.ipowerweb.com /public_html/cp/ccontent WS_FTP.LOG
2004.11.11 06:06 B G:\Documents and Settings\bilbo\My Documents\SwitchSkate\Next Design\New\cp\ccontent\4293.php --> host215.ipowerweb.com /public_html/cp/ccontent 4293.php
2004.11.11 06:06 B G:\Documents and Settings\bilbo\My Documents\SwitchSkate\Next Design\New\cp\ccontent\4563.php --> host215.ipowerweb.com /public_html/cp/ccontent 4563.php
2004.11.11 06:06 B G:\Documents and Settings\bilbo\My Documents\SwitchSkate\Next Design\New\cp\ccontent\6426.php --> host215.ipowerweb.com /public_html/cp/ccontent 6426.php
2004.11.11 06:06 B G:\Documents and Settings\bilbo\My Documents\SwitchSkate\Next Design\New\cp\ccontent\6432.php --> host215.ipowerweb.com /public_html/cp/ccontent 6432.php
2004.11.11 06:06 B G:\Documents and Settings\bilbo\My Documents\SwitchSkate\Next Design\New\cp\ccontent\real633.php --> host215.ipowerweb.com /public_html/cp/ccontent real633.php
2004.11.11 06:06 B G:\Documents and Settings\bilbo\My Documents\SwitchSkate\Next Design\New\cp\ccontent\sub837.php --> host215.ipowerweb.com /public_html/cp/ccontent sub837.php
2004.11.11 06:06 B G:\Documents and Settings\bilbo\My Documents\SwitchSkate\Next Design\New\cp\ccontent\text345.php --> host215.ipowerweb.com /public_html/cp/ccontent text345.php
2004.11.11 06:06 B G:\Documents and Settings\bilbo\My Documents\SwitchSkate\Next Design\New\cp\ccontent\WS_FTP.LOG --> host215.ipowerweb.com /public_html/cp/ccontent WS_FTP.LOG
2004.11.11 06:15 B G:\Documents and Settings\bilbo\My Documents\SwitchSkate\Next Design\New\cp\ccontent\4293.php --> host215.ipowerweb.com /public_html/cp/ccontent 4293.php
2004.11.11 06:15 B G:\Documents and Settings\bilbo\My Documents\SwitchSkate\Next Design\New\cp\ccontent\sub837.php --> host215.ipowerweb.com /public_html/cp/ccontent sub837.php
2004.11.11 06:15 B G:\Documents and Settings\bilbo\My Documents\SwitchSkate\Next Design\New\cp\ccontent\WS_FTP.LOG --> host215.ipowerweb.com /public_html/cp/ccontent WS_FTP.LOG
2004.11.11 06:17 B G:\Documents and Settings\bilbo\My Documents\SwitchSkate\Next Design\New\cp\ccontent\sub837.php --> host215.ipowerweb.com /public_html/cp/ccontent sub837.php
2004.11.11 06:18 B G:\Documents and Settings\bilbo\My Documents\SwitchSkate\Next Design\New\cp\ccontent\sub837.php --> host215.ipowerweb.com /public_html/cp/ccontent sub837.php
2004.11.11 06:19 B G:\Documents and Settings\bilbo\My Documents\SwitchSkate\Next Design\New\cp\ccontent\4293.php --> host215.ipowerweb.com /public_html/cp/ccontent 4293.php
2004.11.11 06:20 B G:\Documents and Settings\bilbo\My Documents\SwitchSkate\Next Design\New\cp\ccontent\4293.php --> host215.ipowerweb.com /public_html/cp/ccontent 4293.php
2004.11.11 06:22 B G:\Documents and Settings\bilbo\My Documents\SwitchSkate\Next Design\New\cp\ccontent\4293.php --> host215.ipowerweb.com /public_html/cp/ccontent 4293.php
2004.11.11 06:26 B G:\Documents and Settings\bilbo\My Documents\SwitchSkate\Next Design\New\cp\ccontent\4293.php --> host215.ipowerweb.com /public_html/cp/ccontent 4293.php
2004.11.11 06:26 B G:\Documents and Settings\bilbo\My Documents\SwitchSkate\Next Design\New\cp\ccontent\4293.php --> host215.ipowerweb.com /public_html/cp/ccontent 4293.php
2004.11.11 06:31 B G:\Documents and Settings\bilbo\My Documents\SwitchSkate\Next Design\New\cp\ccontent\4293.php --> host215.ipowerweb.com /public_html/cp/ccontent 4293.php
2004.11.11 06:31 B G:\Documents and Settings\bilbo\My Documents\SwitchSkate\Next Design\New\cp\ccontent\4293.php --> host215.ipowerweb.com /public_html/cp/ccontent 4293.php
2004.11.11 06:52 B G:\Documents and Settings\bilbo\My Documents\SwitchSkate\Next Design\New\cp\ccontent\4293.php --> host215.ipowerweb.com /public_html/cp/ccontent 4293.php
2004.11.11 06:52 B G:\Documents and Settings\bilbo\My Documents\SwitchSkate\Next Design\New\cp\ccontent\sub837.php --> host215.ipowerweb.com /public_html/cp/ccontent sub837.php
2004.11.11 06:52 B G:\Documents and Settings\bilbo\My Documents\SwitchSkate\Next Design\New\cp\ccontent\WS_FTP.LOG --> host215.ipowerweb.com /public_html/cp/ccontent WS_FTP.LOG
2004.11.11 06:53 B G:\Documents and Settings\bilbo\My Documents\SwitchSkate\Next Design\New\cp\ccontent\4293.php --> host215.ipowerweb.com /public_html/cp/ccontent 4293.php
2004.11.11 06:53 B G:\Documents and Settings\bilbo\My Documents\SwitchSkate\Next Design\New\cp\ccontent\WS_FTP.LOG --> host215.ipowerweb.com /public_html/cp/ccontent WS_FTP.LOG
2004.11.11 07:02 B G:\Documents and Settings\bilbo\My Documents\SwitchSkate\Next Design\New\cp\ccontent\4293.php --> host215.ipowerweb.com /public_html/cp/ccontent 4293.php
2004.11.11 07:02 B G:\Documents and Settings\bilbo\My Documents\SwitchSkate\Next Design\New\cp\ccontent\WS_FTP.LOG --> host215.ipowerweb.com /public_html/cp/ccontent WS_FTP.LOG
2004.11.11 07:06 B G:\Documents and Settings\bilbo\My Documents\SwitchSkate\Next Design\New\cp\ccontent\4293.php --> host215.ipowerweb.com /public_html/cp/ccontent 4293.php
2004.11.11 07:06 B G:\Documents and Settings\bilbo\My Documents\SwitchSkate\Next Design\New\cp\ccontent\delete.php --> host215.ipowerweb.com /public_html/cp/ccontent delete.php
2004.11.11 07:07 B G:\Documents and Settings\bilbo\My Documents\SwitchSkate\Next Design\New\cp\ccontent\WS_FTP.LOG --> host215.ipowerweb.com /public_html/cp/ccontent WS_FTP.LOG
2004.11.11 07:12 B G:\Documents and Settings\bilbo\My Documents\SwitchSkate\Next Design\New\cp\ccontent\4293.php --> host215.ipowerweb.com /public_html/cp/ccontent 4293.php
2004.11.11 07:12 B G:\Documents and Settings\bilbo\My Documents\SwitchSkate\Next Design\New\cp\ccontent\delete.php --> host215.ipowerweb.com /public_html/cp/ccontent delete.php
2004.11.11 07:12 B G:\Documents and Settings\bilbo\My Documents\SwitchSkate\Next Design\New\cp\ccontent\WS_FTP.LOG --> host215.ipowerweb.com /public_html/cp/ccontent WS_FTP.LOG
2004.11.11 07:15 B G:\Documents and Settings\bilbo\My Documents\SwitchSkate\Next Design\New\cp\ccontent\4293.php --> host215.ipowerweb.com /public_html/cp/ccontent 4293.php
2004.11.11 07:15 B G:\Documents and Settings\bilbo\My Documents\SwitchSkate\Next Design\New\cp\ccontent\delete.php --> host215.ipowerweb.com /public_html/cp/ccontent delete.php
2004.11.11 07:15 B G:\Documents and Settings\bilbo\My Documents\SwitchSkate\Next Design\New\cp\ccontent\WS_FTP.LOG --> host215.ipowerweb.com /public_html/cp/ccontent WS_FTP.LOG
2004.11.11 07:16 B G:\Documents and Settings\bilbo\My Documents\SwitchSkate\Next Design\New\cp\ccontent\4293.php --> host215.ipowerweb.com /public_html/cp/ccontent 4293.php
2004.11.11 07:16 B G:\Documents and Settings\bilbo\My Documents\SwitchSkate\Next Design\New\cp\ccontent\delete.php --> host215.ipowerweb.com /public_html/cp/ccontent delete.php
2004.11.11 07:16 B G:\Documents and Settings\bilbo\My Documents\SwitchSkate\Next Design\New\cp\ccontent\WS_FTP.LOG --> host215.ipowerweb.com /public_html/cp/ccontent WS_FTP.LOG
2004.11.11 07:17 B G:\Documents and Settings\bilbo\My Documents\SwitchSkate\Next Design\New\cp\ccontent\4293.php --> host215.ipowerweb.com /public_html/cp/ccontent 4293.php
2004.11.11 07:17 B G:\Documents and Settings\bilbo\My Documents\SwitchSkate\Next Design\New\cp\ccontent\delete.php --> host215.ipowerweb.com /public_html/cp/ccontent delete.php
2004.11.11 07:17 B G:\Documents and Settings\bilbo\My Documents\SwitchSkate\Next Design\New\cp\ccontent\WS_FTP.LOG --> host215.ipowerweb.com /public_html/cp/ccontent WS_FTP.LOG
2004.11.11 07:20 B G:\Documents and Settings\bilbo\My Documents\SwitchSkate\Next Design\New\cp\ccontent\4293.php --> host215.ipowerweb.com /public_html/cp/ccontent 4293.php
2004.11.11 07:20 B G:\Documents and Settings\bilbo\My Documents\SwitchSkate\Next Design\New\cp\ccontent\delete.php --> host215.ipowerweb.com /public_html/cp/ccontent delete.php
2004.11.11 07:20 B G:\Documents and Settings\bilbo\My Documents\SwitchSkate\Next Design\New\cp\ccontent\WS_FTP.LOG --> host215.ipowerweb.com /public_html/cp/ccontent WS_FTP.LOG
2004.11.11 07:21 B G:\Documents and Settings\bilbo\My Documents\SwitchSkate\Next Design\New\cp\ccontent\4293.php --> host215.ipowerweb.com /public_html/cp/ccontent 4293.php
2004.11.11 07:21 B G:\Documents and Settings\bilbo\My Documents\SwitchSkate\Next Design\New\cp\ccontent\delete.php --> host215.ipowerweb.com /public_html/cp/ccontent delete.php
2004.11.11 07:21 B G:\Documents and Settings\bilbo\My Documents\SwitchSkate\Next Design\New\cp\ccontent\WS_FTP.LOG --> host215.ipowerweb.com /public_html/cp/ccontent WS_FTP.LOG
2004.11.11 07:22 B G:\Documents and Settings\bilbo\My Documents\SwitchSkate\Next Design\New\cp\ccontent\4293.php --> host215.ipowerweb.com /public_html/cp/ccontent 4293.php
2004.11.11 07:22 B G:\Documents and Settings\bilbo\My Documents\SwitchSkate\Next Design\New\cp\ccontent\delete.php --> host215.ipowerweb.com /public_html/cp/ccontent delete.php
2004.11.11 07:22 B G:\Documents and Settings\bilbo\My Documents\SwitchSkate\Next Design\New\cp\ccontent\WS_FTP.LOG --> host215.ipowerweb.com /public_html/cp/ccontent WS_FTP.LOG
2004.11.11 07:27 B G:\Documents and Settings\bilbo\My Documents\SwitchSkate\Next Design\New\cp\ccontent\4293.php --> host215.ipowerweb.com /public_html/cp/ccontent 4293.php
2004.11.11 07:27 B G:\Documents and Settings\bilbo\My Documents\SwitchSkate\Next Design\New\cp\ccontent\delete.php --> host215.ipowerweb.com /public_html/cp/ccontent delete.php
2004.11.11 07:27 B G:\Documents and Settings\bilbo\My Documents\SwitchSkate\Next Design\New\cp\ccontent\WS_FTP.LOG --> host215.ipowerweb.com /public_html/cp/ccontent WS_FTP.LOG
2004.11.11 07:28 B G:\Documents and Settings\bilbo\My Documents\SwitchSkate\Next Design\New\cp\ccontent\delete.php --> host215.ipowerweb.com /public_html/cp/ccontent delete.php
