2005.08.29 22:56 B C:\Documents and Settings\Adam.ADAMK\My Documents\Programming\Switch Skate\Layouts\Backups\File Backups\public_html\forums\images\moonglow\address.gif <-- Switch Skate /public_html/forums/images/moonglow address.gif
2005.08.29 22:56 B C:\Documents and Settings\Adam.ADAMK\My Documents\Programming\Switch Skate\Layouts\Backups\File Backups\public_html\forums\images\moonglow\aim.gif <-- Switch Skate /public_html/forums/images/moonglow aim.gif
2005.08.29 22:56 B C:\Documents and Settings\Adam.ADAMK\My Documents\Programming\Switch Skate\Layouts\Backups\File Backups\public_html\forums\images\moonglow\arrow_dw.gif <-- Switch Skate /public_html/forums/images/moonglow arrow_dw.gif
2005.08.29 22:56 B C:\Documents and Settings\Adam.ADAMK\My Documents\Programming\Switch Skate\Layouts\Backups\File Backups\public_html\forums\images\moonglow\arrow_up.gif <-- Switch Skate /public_html/forums/images/moonglow arrow_up.gif
2005.08.29 22:56 B C:\Documents and Settings\Adam.ADAMK\My Documents\Programming\Switch Skate\Layouts\Backups\File Backups\public_html\forums\images\moonglow\bar.gif <-- Switch Skate /public_html/forums/images/moonglow bar.gif
2005.08.29 22:56 B C:\Documents and Settings\Adam.ADAMK\My Documents\Programming\Switch Skate\Layouts\Backups\File Backups\public_html\forums\images\moonglow\bb_bold.gif <-- Switch Skate /public_html/forums/images/moonglow bb_bold.gif
2005.08.29 22:56 B C:\Documents and Settings\Adam.ADAMK\My Documents\Programming\Switch Skate\Layouts\Backups\File Backups\public_html\forums\images\moonglow\bb_center.gif <-- Switch Skate /public_html/forums/images/moonglow bb_center.gif
2005.08.29 22:56 B C:\Documents and Settings\Adam.ADAMK\My Documents\Programming\Switch Skate\Layouts\Backups\File Backups\public_html\forums\images\moonglow\bb_code.gif <-- Switch Skate /public_html/forums/images/moonglow bb_code.gif
2005.08.29 22:56 B C:\Documents and Settings\Adam.ADAMK\My Documents\Programming\Switch Skate\Layouts\Backups\File Backups\public_html\forums\images\moonglow\bb_email.gif <-- Switch Skate /public_html/forums/images/moonglow bb_email.gif
2005.08.29 22:56 B C:\Documents and Settings\Adam.ADAMK\My Documents\Programming\Switch Skate\Layouts\Backups\File Backups\public_html\forums\images\moonglow\bb_image.gif <-- Switch Skate /public_html/forums/images/moonglow bb_image.gif
2005.08.29 22:56 B C:\Documents and Settings\Adam.ADAMK\My Documents\Programming\Switch Skate\Layouts\Backups\File Backups\public_html\forums\images\moonglow\bb_italicize.gif <-- Switch Skate /public_html/forums/images/moonglow bb_italicize.gif
2005.08.29 22:56 B C:\Documents and Settings\Adam.ADAMK\My Documents\Programming\Switch Skate\Layouts\Backups\File Backups\public_html\forums\images\moonglow\bb_list.gif <-- Switch Skate /public_html/forums/images/moonglow bb_list.gif
2005.08.29 22:56 B C:\Documents and Settings\Adam.ADAMK\My Documents\Programming\Switch Skate\Layouts\Backups\File Backups\public_html\forums\images\moonglow\bb_quote.gif <-- Switch Skate /public_html/forums/images/moonglow bb_quote.gif
2005.08.29 22:56 B C:\Documents and Settings\Adam.ADAMK\My Documents\Programming\Switch Skate\Layouts\Backups\File Backups\public_html\forums\images\moonglow\bb_underline.gif <-- Switch Skate /public_html/forums/images/moonglow bb_underline.gif
2005.08.29 22:56 B C:\Documents and Settings\Adam.ADAMK\My Documents\Programming\Switch Skate\Layouts\Backups\File Backups\public_html\forums\images\moonglow\bb_url.gif <-- Switch Skate /public_html/forums/images/moonglow bb_url.gif
2005.08.29 22:56 B C:\Documents and Settings\Adam.ADAMK\My Documents\Programming\Switch Skate\Layouts\Backups\File Backups\public_html\forums\images\moonglow\bbrules.gif <-- Switch Skate /public_html/forums/images/moonglow bbrules.gif
2005.08.29 22:56 B C:\Documents and Settings\Adam.ADAMK\My Documents\Programming\Switch Skate\Layouts\Backups\File Backups\public_html\forums\images\moonglow\dot_folder.gif <-- Switch Skate /public_html/forums/images/moonglow dot_folder.gif
2005.08.29 22:56 B C:\Documents and Settings\Adam.ADAMK\My Documents\Programming\Switch Skate\Layouts\Backups\File Backups\public_html\forums\images\moonglow\dot_hot_folder.gif <-- Switch Skate /public_html/forums/images/moonglow dot_hot_folder.gif
2005.08.29 22:56 B C:\Documents and Settings\Adam.ADAMK\My Documents\Programming\Switch Skate\Layouts\Backups\File Backups\public_html\forums\images\moonglow\dot_hot_red_folder.gif <-- Switch Skate /public_html/forums/images/moonglow dot_hot_red_folder.gif
2005.08.29 22:56 B C:\Documents and Settings\Adam.ADAMK\My Documents\Programming\Switch Skate\Layouts\Backups\File Backups\public_html\forums\images\moonglow\dot_red_folder.gif <-- Switch Skate /public_html/forums/images/moonglow dot_red_folder.gif
2005.08.29 22:56 B C:\Documents and Settings\Adam.ADAMK\My Documents\Programming\Switch Skate\Layouts\Backups\File Backups\public_html\forums\images\moonglow\edit.gif <-- Switch Skate /public_html/forums/images/moonglow edit.gif
2005.08.29 22:56 B C:\Documents and Settings\Adam.ADAMK\My Documents\Programming\Switch Skate\Layouts\Backups\File Backups\public_html\forums\images\moonglow\email.gif <-- Switch Skate /public_html/forums/images/moonglow email.gif
2005.08.29 22:56 B C:\Documents and Settings\Adam.ADAMK\My Documents\Programming\Switch Skate\Layouts\Backups\File Backups\public_html\forums\images\moonglow\faq.gif <-- Switch Skate /public_html/forums/images/moonglow faq.gif
2005.08.29 22:56 B C:\Documents and Settings\Adam.ADAMK\My Documents\Programming\Switch Skate\Layouts\Backups\File Backups\public_html\forums\images\moonglow\find.gif <-- Switch Skate /public_html/forums/images/moonglow find.gif
2005.08.29 22:56 B C:\Documents and Settings\Adam.ADAMK\My Documents\Programming\Switch Skate\Layouts\Backups\File Backups\public_html\forums\images\moonglow\folder.gif <-- Switch Skate /public_html/forums/images/moonglow folder.gif
2005.08.29 22:56 B C:\Documents and Settings\Adam.ADAMK\My Documents\Programming\Switch Skate\Layouts\Backups\File Backups\public_html\forums\images\moonglow\forumhead2.gif <-- Switch Skate /public_html/forums/images/moonglow forumhead2.gif
2005.08.29 22:56 B C:\Documents and Settings\Adam.ADAMK\My Documents\Programming\Switch Skate\Layouts\Backups\File Backups\public_html\forums\images\moonglow\header.gif <-- Switch Skate /public_html/forums/images/moonglow header.gif
2005.08.29 22:56 B C:\Documents and Settings\Adam.ADAMK\My Documents\Programming\Switch Skate\Layouts\Backups\File Backups\public_html\forums\images\moonglow\home.gif <-- Switch Skate /public_html/forums/images/moonglow home.gif
2005.08.29 22:56 B C:\Documents and Settings\Adam.ADAMK\My Documents\Programming\Switch Skate\Layouts\Backups\File Backups\public_html\forums\images\moonglow\hot_folder.gif <-- Switch Skate /public_html/forums/images/moonglow hot_folder.gif
2005.08.29 22:56 B C:\Documents and Settings\Adam.ADAMK\My Documents\Programming\Switch Skate\Layouts\Backups\File Backups\public_html\forums\images\moonglow\hot_red_folder.gif <-- Switch Skate /public_html/forums/images/moonglow hot_red_folder.gif
2005.08.29 22:56 B C:\Documents and Settings\Adam.ADAMK\My Documents\Programming\Switch Skate\Layouts\Backups\File Backups\public_html\forums\images\moonglow\icq_add.gif <-- Switch Skate /public_html/forums/images/moonglow icq_add.gif
2005.08.29 22:56 B C:\Documents and Settings\Adam.ADAMK\My Documents\Programming\Switch Skate\Layouts\Backups\File Backups\public_html\forums\images\moonglow\inbox.gif <-- Switch Skate /public_html/forums/images/moonglow inbox.gif
2005.08.29 22:56 B C:\Documents and Settings\Adam.ADAMK\My Documents\Programming\Switch Skate\Layouts\Backups\File Backups\public_html\forums\images\moonglow\index.html <-- Switch Skate /public_html/forums/images/moonglow index.html
2005.08.29 22:56 B C:\Documents and Settings\Adam.ADAMK\My Documents\Programming\Switch Skate\Layouts\Backups\File Backups\public_html\forums\images\moonglow\ip.gif <-- Switch Skate /public_html/forums/images/moonglow ip.gif
2005.08.29 22:56 B C:\Documents and Settings\Adam.ADAMK\My Documents\Programming\Switch Skate\Layouts\Backups\File Backups\public_html\forums\images\moonglow\ipost.gif <-- Switch Skate /public_html/forums/images/moonglow ipost.gif
2005.08.29 22:56 B C:\Documents and Settings\Adam.ADAMK\My Documents\Programming\Switch Skate\Layouts\Backups\File Backups\public_html\forums\images\moonglow\lastpost.gif <-- Switch Skate /public_html/forums/images/moonglow lastpost.gif
2005.08.29 22:56 B C:\Documents and Settings\Adam.ADAMK\My Documents\Programming\Switch Skate\Layouts\Backups\File Backups\public_html\forums\images\moonglow\lock_folder.gif <-- Switch Skate /public_html/forums/images/moonglow lock_folder.gif
2005.08.29 22:56 B C:\Documents and Settings\Adam.ADAMK\My Documents\Programming\Switch Skate\Layouts\Backups\File Backups\public_html\forums\images\moonglow\locku2u.gif <-- Switch Skate /public_html/forums/images/moonglow locku2u.gif
2005.08.29 22:56 B C:\Documents and Settings\Adam.ADAMK\My Documents\Programming\Switch Skate\Layouts\Backups\File Backups\public_html\forums\images\moonglow\logo.gif <-- Switch Skate /public_html/forums/images/moonglow logo.gif
2005.08.29 22:56 B C:\Documents and Settings\Adam.ADAMK\My Documents\Programming\Switch Skate\Layouts\Backups\File Backups\public_html\forums\images\moonglow\logo.png <-- Switch Skate /public_html/forums/images/moonglow logo.png
2005.08.29 22:56 B C:\Documents and Settings\Adam.ADAMK\My Documents\Programming\Switch Skate\Layouts\Backups\File Backups\public_html\forums\images\moonglow\members_list.gif <-- Switch Skate /public_html/forums/images/moonglow members_list.gif
2005.08.29 22:56 B C:\Documents and Settings\Adam.ADAMK\My Documents\Programming\Switch Skate\Layouts\Backups\File Backups\public_html\forums\images\moonglow\msn.gif <-- Switch Skate /public_html/forums/images/moonglow msn.gif
2005.08.29 22:57 B C:\Documents and Settings\Adam.ADAMK\My Documents\Programming\Switch Skate\Layouts\Backups\File Backups\public_html\forums\images\moonglow\newtopic.gif <-- Switch Skate /public_html/forums/images/moonglow newtopic.gif
2005.08.29 22:57 B C:\Documents and Settings\Adam.ADAMK\My Documents\Programming\Switch Skate\Layouts\Backups\File Backups\public_html\forums\images\moonglow\newu2u.gif <-- Switch Skate /public_html/forums/images/moonglow newu2u.gif
2005.08.29 22:57 B C:\Documents and Settings\Adam.ADAMK\My Documents\Programming\Switch Skate\Layouts\Backups\File Backups\public_html\forums\images\moonglow\online.gif <-- Switch Skate /public_html/forums/images/moonglow online.gif
2005.08.29 22:57 B C:\Documents and Settings\Adam.ADAMK\My Documents\Programming\Switch Skate\Layouts\Backups\File Backups\public_html\forums\images\moonglow\online_guest.gif <-- Switch Skate /public_html/forums/images/moonglow online_guest.gif
2005.08.29 22:57 B C:\Documents and Settings\Adam.ADAMK\My Documents\Programming\Switch Skate\Layouts\Backups\File Backups\public_html\forums\images\moonglow\outbox.gif <-- Switch Skate /public_html/forums/images/moonglow outbox.gif
2005.08.29 22:57 B C:\Documents and Settings\Adam.ADAMK\My Documents\Programming\Switch Skate\Layouts\Backups\File Backups\public_html\forums\images\moonglow\pin.gif <-- Switch Skate /public_html/forums/images/moonglow pin.gif
2005.08.29 22:57 B C:\Documents and Settings\Adam.ADAMK\My Documents\Programming\Switch Skate\Layouts\Backups\File Backups\public_html\forums\images\moonglow\poll.gif <-- Switch Skate /public_html/forums/images/moonglow poll.gif
2005.08.29 22:57 B C:\Documents and Settings\Adam.ADAMK\My Documents\Programming\Switch Skate\Layouts\Backups\File Backups\public_html\forums\images\moonglow\pollbar-e.gif <-- Switch Skate /public_html/forums/images/moonglow pollbar-e.gif
2005.08.29 22:57 B C:\Documents and Settings\Adam.ADAMK\My Documents\Programming\Switch Skate\Layouts\Backups\File Backups\public_html\forums\images\moonglow\pollbar-s.gif <-- Switch Skate /public_html/forums/images/moonglow pollbar-s.gif
2005.08.29 22:57 B C:\Documents and Settings\Adam.ADAMK\My Documents\Programming\Switch Skate\Layouts\Backups\File Backups\public_html\forums\images\moonglow\pollbar.gif <-- Switch Skate /public_html/forums/images/moonglow pollbar.gif
2005.08.29 22:57 B C:\Documents and Settings\Adam.ADAMK\My Documents\Programming\Switch Skate\Layouts\Backups\File Backups\public_html\forums\images\moonglow\pollsmall.gif <-- Switch Skate /public_html/forums/images/moonglow pollsmall.gif
2005.08.29 22:57 B C:\Documents and Settings\Adam.ADAMK\My Documents\Programming\Switch Skate\Layouts\Backups\File Backups\public_html\forums\images\moonglow\preview.gif <-- Switch Skate /public_html/forums/images/moonglow preview.gif
2005.08.29 22:57 B C:\Documents and Settings\Adam.ADAMK\My Documents\Programming\Switch Skate\Layouts\Backups\File Backups\public_html\forums\images\moonglow\profile.gif <-- Switch Skate /public_html/forums/images/moonglow profile.gif
2005.08.29 22:57 B C:\Documents and Settings\Adam.ADAMK\My Documents\Programming\Switch Skate\Layouts\Backups\File Backups\public_html\forums\images\moonglow\quote.gif <-- Switch Skate /public_html/forums/images/moonglow quote.gif
2005.08.29 22:57 B C:\Documents and Settings\Adam.ADAMK\My Documents\Programming\Switch Skate\Layouts\Backups\File Backups\public_html\forums\images\moonglow\red_folder.gif <-- Switch Skate /public_html/forums/images/moonglow red_folder.gif
2005.08.29 22:57 B C:\Documents and Settings\Adam.ADAMK\My Documents\Programming\Switch Skate\Layouts\Backups\File Backups\public_html\forums\images\moonglow\reply.gif <-- Switch Skate /public_html/forums/images/moonglow reply.gif
2005.08.29 22:57 B C:\Documents and Settings\Adam.ADAMK\My Documents\Programming\Switch Skate\Layouts\Backups\File Backups\public_html\forums\images\moonglow\report.gif <-- Switch Skate /public_html/forums/images/moonglow report.gif
2005.08.29 22:57 B C:\Documents and Settings\Adam.ADAMK\My Documents\Programming\Switch Skate\Layouts\Backups\File Backups\public_html\forums\images\moonglow\search.gif <-- Switch Skate /public_html/forums/images/moonglow search.gif
2005.08.29 22:57 B C:\Documents and Settings\Adam.ADAMK\My Documents\Programming\Switch Skate\Layouts\Backups\File Backups\public_html\forums\images\moonglow\site.gif <-- Switch Skate /public_html/forums/images/moonglow site.gif
2005.08.29 22:57 B C:\Documents and Settings\Adam.ADAMK\My Documents\Programming\Switch Skate\Layouts\Backups\File Backups\public_html\forums\images\moonglow\Spirablitz-moonglow.xmb <-- Switch Skate /public_html/forums/images/moonglow Spirablitz-moonglow.xmb
2005.08.29 22:57 B C:\Documents and Settings\Adam.ADAMK\My Documents\Programming\Switch Skate\Layouts\Backups\File Backups\public_html\forums\images\moonglow\star.gif <-- Switch Skate /public_html/forums/images/moonglow star.gif
2005.08.29 22:57 B C:\Documents and Settings\Adam.ADAMK\My Documents\Programming\Switch Skate\Layouts\Backups\File Backups\public_html\forums\images\moonglow\stats.gif <-- Switch Skate /public_html/forums/images/moonglow stats.gif
2005.08.29 22:57 B C:\Documents and Settings\Adam.ADAMK\My Documents\Programming\Switch Skate\Layouts\Backups\File Backups\public_html\forums\images\moonglow\statsbar.gif <-- Switch Skate /public_html/forums/images/moonglow statsbar.gif
2005.08.29 22:57 B C:\Documents and Settings\Adam.ADAMK\My Documents\Programming\Switch Skate\Layouts\Backups\File Backups\public_html\forums\images\moonglow\todays_posts.gif <-- Switch Skate /public_html/forums/images/moonglow todays_posts.gif
2005.08.29 22:57 B C:\Documents and Settings\Adam.ADAMK\My Documents\Programming\Switch Skate\Layouts\Backups\File Backups\public_html\forums\images\moonglow\u2u.gif <-- Switch Skate /public_html/forums/images/moonglow u2u.gif
2005.08.29 22:57 B C:\Documents and Settings\Adam.ADAMK\My Documents\Programming\Switch Skate\Layouts\Backups\File Backups\public_html\forums\images\moonglow\yahoo.gif <-- Switch Skate /public_html/forums/images/moonglow yahoo.gif
