2004.08.24 17:57 B E:\Documents and Settings\Adam Knox\Desktop\last skate world\photoshop\design2\content\sb_reviews\index.html --> ftp.skate-world.net /public_html/content/sb_reviews index.html
2004.08.24 20:29 B E:\Documents and Settings\Adam Knox\Desktop\last skate world\photoshop\design2\content\sb_reviews\WS_FTP.LOG --> ftp.skate-world.net /public_html/content/sb_reviews WS_FTP.LOG
2004.08.24 20:52 B E:\Documents and Settings\Adam Knox\Desktop\last skate world\photoshop\design2\content\sb_reviews\index.html --> ftp.skate-world.net /public_html/content/sb_reviews index.html
2004.08.27 22:03 B E:\Documents and Settings\Adam Knox\Desktop\Skate World\1 Current Design\V15\content\sb_reviews\add.html --> ftp.skate-world.net /public_html/content/sb_reviews add.html
2004.08.27 22:13 B E:\Documents and Settings\Adam Knox\Desktop\Skate World\1 Current Design\V15\content\sb_reviews\add.html --> ftp.skate-world.net /public_html/content/sb_reviews add.html
2004.08.27 22:13 B E:\Documents and Settings\Adam Knox\Desktop\Skate World\1 Current Design\V15\content\sb_reviews\delete.html --> ftp.skate-world.net /public_html/content/sb_reviews delete.html
2004.08.27 22:13 B E:\Documents and Settings\Adam Knox\Desktop\Skate World\1 Current Design\V15\content\sb_reviews\WS_FTP.LOG --> ftp.skate-world.net /public_html/content/sb_reviews WS_FTP.LOG
2004.08.27 22:28 B E:\Documents and Settings\Adam Knox\Desktop\Skate World\1 Current Design\V15\content\sb_reviews\index.html --> ftp.skate-world.net /public_html/content/sb_reviews index.html
2004.08.27 22:28 B E:\Documents and Settings\Adam Knox\Desktop\Skate World\1 Current Design\V15\content\sb_reviews\index.html --> ftp.skate-world.net /public_html/content/sb_reviews index.html
2004.08.27 22:29 B E:\Documents and Settings\Adam Knox\Desktop\Skate World\1 Current Design\V15\content\sb_reviews\index.html --> ftp.skate-world.net /public_html/content/sb_reviews index.html
2004.08.27 22:35 B E:\Documents and Settings\Adam Knox\Desktop\Skate World\1 Current Design\V15\content\sb_reviews\add.html --> ftp.skate-world.net /public_html/content/sb_reviews add.html
2004.08.27 22:35 B E:\Documents and Settings\Adam Knox\Desktop\Skate World\1 Current Design\V15\content\sb_reviews\delete.html --> ftp.skate-world.net /public_html/content/sb_reviews delete.html
2004.08.27 22:35 B E:\Documents and Settings\Adam Knox\Desktop\Skate World\1 Current Design\V15\content\sb_reviews\index.html --> ftp.skate-world.net /public_html/content/sb_reviews index.html
2004.08.27 22:36 B E:\Documents and Settings\Adam Knox\Desktop\Skate World\1 Current Design\V15\content\sb_reviews\WS_FTP.LOG --> ftp.skate-world.net /public_html/content/sb_reviews WS_FTP.LOG
2004.08.27 22:54 B E:\Documents and Settings\Adam Knox\Desktop\Skate World\1 Current Design\V15\content\sb_reviews\add.html --> ftp.skate-world.net /public_html/content/sb_reviews add.html
2004.08.27 22:54 B E:\Documents and Settings\Adam Knox\Desktop\Skate World\1 Current Design\V15\content\sb_reviews\delete.html --> ftp.skate-world.net /public_html/content/sb_reviews delete.html
2004.08.27 22:54 B E:\Documents and Settings\Adam Knox\Desktop\Skate World\1 Current Design\V15\content\sb_reviews\index.html --> ftp.skate-world.net /public_html/content/sb_reviews index.html
2004.08.27 22:54 B E:\Documents and Settings\Adam Knox\Desktop\Skate World\1 Current Design\V15\content\sb_reviews\WS_FTP.LOG --> ftp.skate-world.net /public_html/content/sb_reviews WS_FTP.LOG
2004.08.27 23:22 B E:\Documents and Settings\Adam Knox\Desktop\Skate World\1 Current Design\V15\content\sb_reviews\add.html --> ftp.skate-world.net /public_html/content/sb_reviews add.html
2004.08.27 23:22 B E:\Documents and Settings\Adam Knox\Desktop\Skate World\1 Current Design\V15\content\sb_reviews\delete.html --> ftp.skate-world.net /public_html/content/sb_reviews delete.html
2004.08.27 23:22 B E:\Documents and Settings\Adam Knox\Desktop\Skate World\1 Current Design\V15\content\sb_reviews\index.html --> ftp.skate-world.net /public_html/content/sb_reviews index.html
2004.08.27 23:22 B E:\Documents and Settings\Adam Knox\Desktop\Skate World\1 Current Design\V15\content\sb_reviews\WS_FTP.LOG --> ftp.skate-world.net /public_html/content/sb_reviews WS_FTP.LOG
2004.08.28 09:41 B E:\Documents and Settings\Adam Knox\Desktop\Skate World\1 Current Design\V15\content\sb_reviews\index.html --> ftp.skate-world.net /public_html/content/sb_reviews index.html
2004.09.20 16:30 B E:\Documents and Settings\Adam Knox\My Documents\Skate World\backup\content\sb_reviews\WS_FTP.LOG <-- Skate world Temporary /public_html/content/sb_reviews WS_FTP.LOG
2004.10.02 19:37 B G:\Documents and Settings\bilbo\My Documents\SwitchSkate\Current Design\V1\content\sb_reviews\add.html --> host215.ipowerweb.com /public_html/content/sb_reviews add.html
2004.10.02 19:37 B G:\Documents and Settings\bilbo\My Documents\SwitchSkate\Current Design\V1\content\sb_reviews\delete.html --> host215.ipowerweb.com /public_html/content/sb_reviews delete.html
2004.10.02 19:37 B G:\Documents and Settings\bilbo\My Documents\SwitchSkate\Current Design\V1\content\sb_reviews\index.html --> host215.ipowerweb.com /public_html/content/sb_reviews index.html
2004.10.02 19:37 B G:\Documents and Settings\bilbo\My Documents\SwitchSkate\Current Design\V1\content\sb_reviews\WS_FTP.LOG --> host215.ipowerweb.com /public_html/content/sb_reviews WS_FTP.LOG
2004.10.02 22:20 B G:\Documents and Settings\bilbo\My Documents\SwitchSkate\Current Design\V1\content\sb_reviews\WS_FTP.LOG --> host215.ipowerweb.com /public_html/content/sb_reviews WS_FTP.LOG
2004.10.06 23:38 B G:\Documents and Settings\bilbo\My Documents\SwitchSkate\Current Design\V1\content\sb_reviews\add.html --> host215.ipowerweb.com /public_html/content/sb_reviews add.html
2004.10.06 23:38 B G:\Documents and Settings\bilbo\My Documents\SwitchSkate\Current Design\V1\content\sb_reviews\delete.html --> host215.ipowerweb.com /public_html/content/sb_reviews delete.html
2004.10.06 23:38 B G:\Documents and Settings\bilbo\My Documents\SwitchSkate\Current Design\V1\content\sb_reviews\index.html --> host215.ipowerweb.com /public_html/content/sb_reviews index.html
2004.10.06 23:38 B G:\Documents and Settings\bilbo\My Documents\SwitchSkate\Current Design\V1\content\sb_reviews\WS_FTP.LOG --> host215.ipowerweb.com /public_html/content/sb_reviews WS_FTP.LOG
2004.10.06 23:50 B G:\Documents and Settings\bilbo\My Documents\SwitchSkate\Current Design\V1\content\sb_reviews\WS_FTP.LOG --> host215.ipowerweb.com /public_html/content/sb_reviews WS_FTP.LOG
