2004.10.22 17:10 B G:\Documents and Settings\bilbo\My Documents\SwitchSkate\Next Design\V3\forum\backup\Files\header.php --> host215.ipowerweb.com /public_html/forum header.php
2004.10.22 17:11 B G:\Documents and Settings\bilbo\My Documents\SwitchSkate\Next Design\V3\forum\backup\Files\WS_FTP.LOG --> host215.ipowerweb.com /public_html/forum WS_FTP.LOG
2004.10.22 17:18 B G:\Documents and Settings\bilbo\My Documents\SwitchSkate\Next Design\V3\forum\backup\Files\buddy.php --> host215.ipowerweb.com /public_html/forum buddy.php
2004.10.22 17:18 B G:\Documents and Settings\bilbo\My Documents\SwitchSkate\Next Design\V3\forum\backup\Files\config.php --> host215.ipowerweb.com /public_html/forum config.php
2004.10.22 17:18 B G:\Documents and Settings\bilbo\My Documents\SwitchSkate\Next Design\V3\forum\backup\Files\cp.php --> host215.ipowerweb.com /public_html/forum cp.php
2004.10.22 17:18 B G:\Documents and Settings\bilbo\My Documents\SwitchSkate\Next Design\V3\forum\backup\Files\cp2.php --> host215.ipowerweb.com /public_html/forum cp2.php
2004.10.22 17:18 B G:\Documents and Settings\bilbo\My Documents\SwitchSkate\Next Design\V3\forum\backup\Files\dump_attachments.php --> host215.ipowerweb.com /public_html/forum dump_attachments.php
2004.10.22 17:18 B G:\Documents and Settings\bilbo\My Documents\SwitchSkate\Next Design\V3\forum\backup\Files\editprofile.php --> host215.ipowerweb.com /public_html/forum editprofile.php
2004.10.22 17:18 B G:\Documents and Settings\bilbo\My Documents\SwitchSkate\Next Design\V3\forum\backup\Files\faq.php --> host215.ipowerweb.com /public_html/forum faq.php
2004.10.22 17:18 B G:\Documents and Settings\bilbo\My Documents\SwitchSkate\Next Design\V3\forum\backup\Files\forumdisplay.php --> host215.ipowerweb.com /public_html/forum forumdisplay.php
2004.10.22 17:18 B G:\Documents and Settings\bilbo\My Documents\SwitchSkate\Next Design\V3\forum\backup\Files\functions.php --> host215.ipowerweb.com /public_html/forum functions.php
2004.10.22 17:18 B G:\Documents and Settings\bilbo\My Documents\SwitchSkate\Next Design\V3\forum\backup\Files\header.php --> host215.ipowerweb.com /public_html/forum header.php
2004.10.22 17:18 B G:\Documents and Settings\bilbo\My Documents\SwitchSkate\Next Design\V3\forum\backup\Files\index.php --> host215.ipowerweb.com /public_html/forum index.php
2004.10.22 17:19 B G:\Documents and Settings\bilbo\My Documents\SwitchSkate\Next Design\V3\forum\backup\Files\member.php --> host215.ipowerweb.com /public_html/forum member.php
2004.10.22 17:19 B G:\Documents and Settings\bilbo\My Documents\SwitchSkate\Next Design\V3\forum\backup\Files\memcp.php --> host215.ipowerweb.com /public_html/forum memcp.php
2004.10.22 17:19 B G:\Documents and Settings\bilbo\My Documents\SwitchSkate\Next Design\V3\forum\backup\Files\misc.php --> host215.ipowerweb.com /public_html/forum misc.php
2004.10.22 17:19 B G:\Documents and Settings\bilbo\My Documents\SwitchSkate\Next Design\V3\forum\backup\Files\phpinfo.php --> host215.ipowerweb.com /public_html/forum phpinfo.php
2004.10.22 17:19 B G:\Documents and Settings\bilbo\My Documents\SwitchSkate\Next Design\V3\forum\backup\Files\post.php --> host215.ipowerweb.com /public_html/forum post.php
2004.10.22 17:19 B G:\Documents and Settings\bilbo\My Documents\SwitchSkate\Next Design\V3\forum\backup\Files\stats.php --> host215.ipowerweb.com /public_html/forum stats.php
2004.10.22 17:19 B G:\Documents and Settings\bilbo\My Documents\SwitchSkate\Next Design\V3\forum\backup\Files\templates.xmb --> host215.ipowerweb.com /public_html/forum templates.xmb
2004.10.22 17:19 B G:\Documents and Settings\bilbo\My Documents\SwitchSkate\Next Design\V3\forum\backup\Files\today.php --> host215.ipowerweb.com /public_html/forum today.php
2004.10.22 17:19 B G:\Documents and Settings\bilbo\My Documents\SwitchSkate\Next Design\V3\forum\backup\Files\tools.php --> host215.ipowerweb.com /public_html/forum tools.php
2004.10.22 17:19 B G:\Documents and Settings\bilbo\My Documents\SwitchSkate\Next Design\V3\forum\backup\Files\topicadmin.php --> host215.ipowerweb.com /public_html/forum topicadmin.php
2004.10.22 17:19 B G:\Documents and Settings\bilbo\My Documents\SwitchSkate\Next Design\V3\forum\backup\Files\u2u.php --> host215.ipowerweb.com /public_html/forum u2u.php
2004.10.22 17:19 B G:\Documents and Settings\bilbo\My Documents\SwitchSkate\Next Design\V3\forum\backup\Files\u2uadmin.php --> host215.ipowerweb.com /public_html/forum u2uadmin.php
2004.10.22 17:19 B G:\Documents and Settings\bilbo\My Documents\SwitchSkate\Next Design\V3\forum\backup\Files\viewthread.php --> host215.ipowerweb.com /public_html/forum viewthread.php
2004.10.22 17:19 B G:\Documents and Settings\bilbo\My Documents\SwitchSkate\Next Design\V3\forum\backup\Files\WS_FTP.LOG --> host215.ipowerweb.com /public_html/forum WS_FTP.LOG
2004.10.22 17:19 B G:\Documents and Settings\bilbo\My Documents\SwitchSkate\Next Design\V3\forum\backup\Files\xmb.php --> host215.ipowerweb.com /public_html/forum xmb.php
2004.10.22 17:24 B G:\Documents and Settings\bilbo\My Documents\SwitchSkate\Next Design\V3\forum\backup\Files\config.php --> host215.ipowerweb.com /public_html/forum config.php
2004.10.22 17:27 B G:\Documents and Settings\bilbo\My Documents\SwitchSkate\Next Design\V3\forum\backup\Files\config.php --> host215.ipowerweb.com /public_html/forum config.php
