2004.10.22 17:13 B G:\Documents and Settings\bilbo\My Documents\SwitchSkate\Next Design\V3\forum\backup\Files\images\Mystic\address.gif --> host215.ipowerweb.com /public_html/forum/images/Mystic address.gif
2004.10.22 17:13 B G:\Documents and Settings\bilbo\My Documents\SwitchSkate\Next Design\V3\forum\backup\Files\images\Mystic\aim.gif --> host215.ipowerweb.com /public_html/forum/images/Mystic aim.gif
2004.10.22 17:13 B G:\Documents and Settings\bilbo\My Documents\SwitchSkate\Next Design\V3\forum\backup\Files\images\Mystic\arrow_dw.gif --> host215.ipowerweb.com /public_html/forum/images/Mystic arrow_dw.gif
2004.10.22 17:13 B G:\Documents and Settings\bilbo\My Documents\SwitchSkate\Next Design\V3\forum\backup\Files\images\Mystic\arrow_up.gif --> host215.ipowerweb.com /public_html/forum/images/Mystic arrow_up.gif
2004.10.22 17:13 B G:\Documents and Settings\bilbo\My Documents\SwitchSkate\Next Design\V3\forum\backup\Files\images\Mystic\banner.jpg --> host215.ipowerweb.com /public_html/forum/images/Mystic banner.jpg
2004.10.22 17:13 B G:\Documents and Settings\bilbo\My Documents\SwitchSkate\Next Design\V3\forum\backup\Files\images\Mystic\bar.jpg --> host215.ipowerweb.com /public_html/forum/images/Mystic bar.jpg
2004.10.22 17:13 B G:\Documents and Settings\bilbo\My Documents\SwitchSkate\Next Design\V3\forum\backup\Files\images\Mystic\bb_bold.gif --> host215.ipowerweb.com /public_html/forum/images/Mystic bb_bold.gif
2004.10.22 17:13 B G:\Documents and Settings\bilbo\My Documents\SwitchSkate\Next Design\V3\forum\backup\Files\images\Mystic\bb_center.gif --> host215.ipowerweb.com /public_html/forum/images/Mystic bb_center.gif
2004.10.22 17:13 B G:\Documents and Settings\bilbo\My Documents\SwitchSkate\Next Design\V3\forum\backup\Files\images\Mystic\bb_code.gif --> host215.ipowerweb.com /public_html/forum/images/Mystic bb_code.gif
2004.10.22 17:13 B G:\Documents and Settings\bilbo\My Documents\SwitchSkate\Next Design\V3\forum\backup\Files\images\Mystic\bb_email.gif --> host215.ipowerweb.com /public_html/forum/images/Mystic bb_email.gif
2004.10.22 17:13 B G:\Documents and Settings\bilbo\My Documents\SwitchSkate\Next Design\V3\forum\backup\Files\images\Mystic\bb_image.gif --> host215.ipowerweb.com /public_html/forum/images/Mystic bb_image.gif
2004.10.22 17:13 B G:\Documents and Settings\bilbo\My Documents\SwitchSkate\Next Design\V3\forum\backup\Files\images\Mystic\bb_italicize.gif --> host215.ipowerweb.com /public_html/forum/images/Mystic bb_italicize.gif
2004.10.22 17:13 B G:\Documents and Settings\bilbo\My Documents\SwitchSkate\Next Design\V3\forum\backup\Files\images\Mystic\bb_list.gif --> host215.ipowerweb.com /public_html/forum/images/Mystic bb_list.gif
2004.10.22 17:13 B G:\Documents and Settings\bilbo\My Documents\SwitchSkate\Next Design\V3\forum\backup\Files\images\Mystic\bb_quote.gif --> host215.ipowerweb.com /public_html/forum/images/Mystic bb_quote.gif
2004.10.22 17:13 B G:\Documents and Settings\bilbo\My Documents\SwitchSkate\Next Design\V3\forum\backup\Files\images\Mystic\bb_underline.gif --> host215.ipowerweb.com /public_html/forum/images/Mystic bb_underline.gif
2004.10.22 17:13 B G:\Documents and Settings\bilbo\My Documents\SwitchSkate\Next Design\V3\forum\backup\Files\images\Mystic\bb_url.gif --> host215.ipowerweb.com /public_html/forum/images/Mystic bb_url.gif
2004.10.22 17:13 B G:\Documents and Settings\bilbo\My Documents\SwitchSkate\Next Design\V3\forum\backup\Files\images\Mystic\bbrules.gif --> host215.ipowerweb.com /public_html/forum/images/Mystic bbrules.gif
2004.10.22 17:13 B G:\Documents and Settings\bilbo\My Documents\SwitchSkate\Next Design\V3\forum\backup\Files\images\Mystic\dot_folder.gif --> host215.ipowerweb.com /public_html/forum/images/Mystic dot_folder.gif
2004.10.22 17:13 B G:\Documents and Settings\bilbo\My Documents\SwitchSkate\Next Design\V3\forum\backup\Files\images\Mystic\dot_hot_folder.gif --> host215.ipowerweb.com /public_html/forum/images/Mystic dot_hot_folder.gif
2004.10.22 17:13 B G:\Documents and Settings\bilbo\My Documents\SwitchSkate\Next Design\V3\forum\backup\Files\images\Mystic\edit.gif --> host215.ipowerweb.com /public_html/forum/images/Mystic edit.gif
2004.10.22 17:13 B G:\Documents and Settings\bilbo\My Documents\SwitchSkate\Next Design\V3\forum\backup\Files\images\Mystic\email.gif --> host215.ipowerweb.com /public_html/forum/images/Mystic email.gif
2004.10.22 17:13 B G:\Documents and Settings\bilbo\My Documents\SwitchSkate\Next Design\V3\forum\backup\Files\images\Mystic\faq.gif --> host215.ipowerweb.com /public_html/forum/images/Mystic faq.gif
2004.10.22 17:13 B G:\Documents and Settings\bilbo\My Documents\SwitchSkate\Next Design\V3\forum\backup\Files\images\Mystic\find.gif --> host215.ipowerweb.com /public_html/forum/images/Mystic find.gif
2004.10.22 17:13 B G:\Documents and Settings\bilbo\My Documents\SwitchSkate\Next Design\V3\forum\backup\Files\images\Mystic\folder.gif --> host215.ipowerweb.com /public_html/forum/images/Mystic folder.gif
2004.10.22 17:13 B G:\Documents and Settings\bilbo\My Documents\SwitchSkate\Next Design\V3\forum\backup\Files\images\Mystic\home.gif --> host215.ipowerweb.com /public_html/forum/images/Mystic home.gif
2004.10.22 17:13 B G:\Documents and Settings\bilbo\My Documents\SwitchSkate\Next Design\V3\forum\backup\Files\images\Mystic\hot_folder.gif --> host215.ipowerweb.com /public_html/forum/images/Mystic hot_folder.gif
2004.10.22 17:13 B G:\Documents and Settings\bilbo\My Documents\SwitchSkate\Next Design\V3\forum\backup\Files\images\Mystic\hot_red_folder.gif --> host215.ipowerweb.com /public_html/forum/images/Mystic hot_red_folder.gif
2004.10.22 17:13 B G:\Documents and Settings\bilbo\My Documents\SwitchSkate\Next Design\V3\forum\backup\Files\images\Mystic\icq_add.gif --> host215.ipowerweb.com /public_html/forum/images/Mystic icq_add.gif
2004.10.22 17:13 B G:\Documents and Settings\bilbo\My Documents\SwitchSkate\Next Design\V3\forum\backup\Files\images\Mystic\inbox.gif --> host215.ipowerweb.com /public_html/forum/images/Mystic inbox.gif
2004.10.22 17:13 B G:\Documents and Settings\bilbo\My Documents\SwitchSkate\Next Design\V3\forum\backup\Files\images\Mystic\index.htm --> host215.ipowerweb.com /public_html/forum/images/Mystic index.htm
2004.10.22 17:13 B G:\Documents and Settings\bilbo\My Documents\SwitchSkate\Next Design\V3\forum\backup\Files\images\Mystic\ip.gif --> host215.ipowerweb.com /public_html/forum/images/Mystic ip.gif
2004.10.22 17:13 B G:\Documents and Settings\bilbo\My Documents\SwitchSkate\Next Design\V3\forum\backup\Files\images\Mystic\ipost.gif --> host215.ipowerweb.com /public_html/forum/images/Mystic ipost.gif
2004.10.22 17:13 B G:\Documents and Settings\bilbo\My Documents\SwitchSkate\Next Design\V3\forum\backup\Files\images\Mystic\lastpost.gif --> host215.ipowerweb.com /public_html/forum/images/Mystic lastpost.gif
2004.10.22 17:13 B G:\Documents and Settings\bilbo\My Documents\SwitchSkate\Next Design\V3\forum\backup\Files\images\Mystic\lock_folder.gif --> host215.ipowerweb.com /public_html/forum/images/Mystic lock_folder.gif
2004.10.22 17:13 B G:\Documents and Settings\bilbo\My Documents\SwitchSkate\Next Design\V3\forum\backup\Files\images\Mystic\locku2u.gif --> host215.ipowerweb.com /public_html/forum/images/Mystic locku2u.gif
2004.10.22 17:13 B G:\Documents and Settings\bilbo\My Documents\SwitchSkate\Next Design\V3\forum\backup\Files\images\Mystic\members_list.gif --> host215.ipowerweb.com /public_html/forum/images/Mystic members_list.gif
2004.10.22 17:13 B G:\Documents and Settings\bilbo\My Documents\SwitchSkate\Next Design\V3\forum\backup\Files\images\Mystic\msn.gif --> host215.ipowerweb.com /public_html/forum/images/Mystic msn.gif
2004.10.22 17:13 B G:\Documents and Settings\bilbo\My Documents\SwitchSkate\Next Design\V3\forum\backup\Files\images\Mystic\Mystic-theme.xmb --> host215.ipowerweb.com /public_html/forum/images/Mystic Mystic-theme.xmb
2004.10.22 17:13 B G:\Documents and Settings\bilbo\My Documents\SwitchSkate\Next Design\V3\forum\backup\Files\images\Mystic\newtopic.gif --> host215.ipowerweb.com /public_html/forum/images/Mystic newtopic.gif
2004.10.22 17:13 B G:\Documents and Settings\bilbo\My Documents\SwitchSkate\Next Design\V3\forum\backup\Files\images\Mystic\newu2u.gif --> host215.ipowerweb.com /public_html/forum/images/Mystic newu2u.gif
2004.10.22 17:13 B G:\Documents and Settings\bilbo\My Documents\SwitchSkate\Next Design\V3\forum\backup\Files\images\Mystic\online.gif --> host215.ipowerweb.com /public_html/forum/images/Mystic online.gif
2004.10.22 17:13 B G:\Documents and Settings\bilbo\My Documents\SwitchSkate\Next Design\V3\forum\backup\Files\images\Mystic\outbox.gif --> host215.ipowerweb.com /public_html/forum/images/Mystic outbox.gif
2004.10.22 17:13 B G:\Documents and Settings\bilbo\My Documents\SwitchSkate\Next Design\V3\forum\backup\Files\images\Mystic\pin.gif --> host215.ipowerweb.com /public_html/forum/images/Mystic pin.gif
2004.10.22 17:13 B G:\Documents and Settings\bilbo\My Documents\SwitchSkate\Next Design\V3\forum\backup\Files\images\Mystic\poll.gif --> host215.ipowerweb.com /public_html/forum/images/Mystic poll.gif
2004.10.22 17:13 B G:\Documents and Settings\bilbo\My Documents\SwitchSkate\Next Design\V3\forum\backup\Files\images\Mystic\pollbar-e.gif --> host215.ipowerweb.com /public_html/forum/images/Mystic pollbar-e.gif
2004.10.22 17:13 B G:\Documents and Settings\bilbo\My Documents\SwitchSkate\Next Design\V3\forum\backup\Files\images\Mystic\pollbar-s.gif --> host215.ipowerweb.com /public_html/forum/images/Mystic pollbar-s.gif
2004.10.22 17:13 B G:\Documents and Settings\bilbo\My Documents\SwitchSkate\Next Design\V3\forum\backup\Files\images\Mystic\pollbar.gif --> host215.ipowerweb.com /public_html/forum/images/Mystic pollbar.gif
2004.10.22 17:13 B G:\Documents and Settings\bilbo\My Documents\SwitchSkate\Next Design\V3\forum\backup\Files\images\Mystic\pollsmall.gif --> host215.ipowerweb.com /public_html/forum/images/Mystic pollsmall.gif
2004.10.22 17:13 B G:\Documents and Settings\bilbo\My Documents\SwitchSkate\Next Design\V3\forum\backup\Files\images\Mystic\profile.gif --> host215.ipowerweb.com /public_html/forum/images/Mystic profile.gif
2004.10.22 17:13 B G:\Documents and Settings\bilbo\My Documents\SwitchSkate\Next Design\V3\forum\backup\Files\images\Mystic\quote.gif --> host215.ipowerweb.com /public_html/forum/images/Mystic quote.gif
2004.10.22 17:13 B G:\Documents and Settings\bilbo\My Documents\SwitchSkate\Next Design\V3\forum\backup\Files\images\Mystic\red_folder.gif --> host215.ipowerweb.com /public_html/forum/images/Mystic red_folder.gif
2004.10.22 17:13 B G:\Documents and Settings\bilbo\My Documents\SwitchSkate\Next Design\V3\forum\backup\Files\images\Mystic\reply.gif --> host215.ipowerweb.com /public_html/forum/images/Mystic reply.gif
2004.10.22 17:13 B G:\Documents and Settings\bilbo\My Documents\SwitchSkate\Next Design\V3\forum\backup\Files\images\Mystic\report.gif --> host215.ipowerweb.com /public_html/forum/images/Mystic report.gif
2004.10.22 17:13 B G:\Documents and Settings\bilbo\My Documents\SwitchSkate\Next Design\V3\forum\backup\Files\images\Mystic\search.gif --> host215.ipowerweb.com /public_html/forum/images/Mystic search.gif
2004.10.22 17:13 B G:\Documents and Settings\bilbo\My Documents\SwitchSkate\Next Design\V3\forum\backup\Files\images\Mystic\site.gif --> host215.ipowerweb.com /public_html/forum/images/Mystic site.gif
2004.10.22 17:13 B G:\Documents and Settings\bilbo\My Documents\SwitchSkate\Next Design\V3\forum\backup\Files\images\Mystic\star.gif --> host215.ipowerweb.com /public_html/forum/images/Mystic star.gif
2004.10.22 17:13 B G:\Documents and Settings\bilbo\My Documents\SwitchSkate\Next Design\V3\forum\backup\Files\images\Mystic\stats.gif --> host215.ipowerweb.com /public_html/forum/images/Mystic stats.gif
2004.10.22 17:13 B G:\Documents and Settings\bilbo\My Documents\SwitchSkate\Next Design\V3\forum\backup\Files\images\Mystic\todays_posts.gif --> host215.ipowerweb.com /public_html/forum/images/Mystic todays_posts.gif
2004.10.22 17:13 B G:\Documents and Settings\bilbo\My Documents\SwitchSkate\Next Design\V3\forum\backup\Files\images\Mystic\u2u.gif --> host215.ipowerweb.com /public_html/forum/images/Mystic u2u.gif
2004.10.22 17:13 B G:\Documents and Settings\bilbo\My Documents\SwitchSkate\Next Design\V3\forum\backup\Files\images\Mystic\yahoo.gif --> host215.ipowerweb.com /public_html/forum/images/Mystic yahoo.gif
