2004.11.11 20:17 B G:\Documents and Settings\bilbo\My Documents\Switch Skate REOPENED\Site\panel\header.php --> host215.ipowerweb.com /public_html/panel header.php
2004.11.11 20:17 B G:\Documents and Settings\bilbo\My Documents\Switch Skate REOPENED\Site\panel\index.html --> host215.ipowerweb.com /public_html/panel index.html
2004.11.11 20:18 B G:\Documents and Settings\bilbo\My Documents\Switch Skate REOPENED\Site\panel\index.php --> host215.ipowerweb.com /public_html/panel index.php
2004.11.11 20:18 B G:\Documents and Settings\bilbo\My Documents\Switch Skate REOPENED\Site\panel\index.php --> host215.ipowerweb.com /public_html/panel index.php
2004.11.11 20:26 B G:\Documents and Settings\bilbo\My Documents\Switch Skate REOPENED\Site\panel\header.php --> host215.ipowerweb.com /public_html/panel header.php
2004.11.11 20:26 B G:\Documents and Settings\bilbo\My Documents\Switch Skate REOPENED\Site\panel\index.php --> host215.ipowerweb.com /public_html/panel index.php
2004.11.11 20:27 B G:\Documents and Settings\bilbo\My Documents\Switch Skate REOPENED\Site\panel\header.php --> host215.ipowerweb.com /public_html/panel header.php
2004.11.11 20:27 B G:\Documents and Settings\bilbo\My Documents\Switch Skate REOPENED\Site\panel\index.php --> host215.ipowerweb.com /public_html/panel index.php
2004.11.11 20:27 B G:\Documents and Settings\bilbo\My Documents\Switch Skate REOPENED\Site\panel\header.php --> host215.ipowerweb.com /public_html/panel header.php
2004.11.11 20:27 B G:\Documents and Settings\bilbo\My Documents\Switch Skate REOPENED\Site\panel\header.php --> host215.ipowerweb.com /public_html/panel header.php
2004.11.11 20:27 B G:\Documents and Settings\bilbo\My Documents\Switch Skate REOPENED\Site\panel\index.php --> host215.ipowerweb.com /public_html/panel index.php
2004.11.11 20:29 B G:\Documents and Settings\bilbo\My Documents\Switch Skate REOPENED\Site\panel\index.php --> host215.ipowerweb.com /public_html/panel index.php
2004.11.11 20:29 B G:\Documents and Settings\bilbo\My Documents\Switch Skate REOPENED\Site\panel\header.php --> host215.ipowerweb.com /public_html/panel header.php
2004.11.11 20:31 B G:\Documents and Settings\bilbo\My Documents\Switch Skate REOPENED\Site\panel\header.php --> host215.ipowerweb.com /public_html/panel header.php
2004.11.11 20:31 B G:\Documents and Settings\bilbo\My Documents\Switch Skate REOPENED\Site\panel\header.php --> host215.ipowerweb.com /public_html/panel header.php
2004.11.11 20:32 B G:\Documents and Settings\bilbo\My Documents\Switch Skate REOPENED\Site\panel\header.php --> host215.ipowerweb.com /public_html/panel header.php
2004.11.11 20:32 B G:\Documents and Settings\bilbo\My Documents\Switch Skate REOPENED\Site\panel\header.php --> host215.ipowerweb.com /public_html/panel header.php
2004.11.11 20:32 B G:\Documents and Settings\bilbo\My Documents\Switch Skate REOPENED\Site\panel\header.php --> host215.ipowerweb.com /public_html/panel header.php
2004.11.11 20:33 B G:\Documents and Settings\bilbo\My Documents\Switch Skate REOPENED\Site\panel\header.php --> host215.ipowerweb.com /public_html/panel header.php
2004.11.11 20:33 B G:\Documents and Settings\bilbo\My Documents\Switch Skate REOPENED\Site\panel\header.php --> host215.ipowerweb.com /public_html/panel header.php
2004.11.11 20:34 B G:\Documents and Settings\bilbo\My Documents\Switch Skate REOPENED\Site\panel\header.php --> host215.ipowerweb.com /public_html/panel header.php
2004.11.11 20:39 B G:\Documents and Settings\bilbo\My Documents\Switch Skate REOPENED\Site\panel\header.php --> host215.ipowerweb.com /public_html/panel header.php
2004.11.11 20:39 B G:\Documents and Settings\bilbo\My Documents\Switch Skate REOPENED\Site\panel\index.php --> host215.ipowerweb.com /public_html/panel index.php
2004.11.11 20:51 B G:\Documents and Settings\bilbo\My Documents\Switch Skate REOPENED\Site\panel\header.php --> host215.ipowerweb.com /public_html/panel header.php
2004.11.11 20:51 B G:\Documents and Settings\bilbo\My Documents\Switch Skate REOPENED\Site\panel\index.php --> host215.ipowerweb.com /public_html/panel index.php
2004.11.11 20:54 B G:\Documents and Settings\bilbo\My Documents\Switch Skate REOPENED\Site\panel\header.php --> host215.ipowerweb.com /public_html/panel header.php
2004.11.11 20:54 B G:\Documents and Settings\bilbo\My Documents\Switch Skate REOPENED\Site\panel\index.php --> host215.ipowerweb.com /public_html/panel index.php
2004.11.11 21:18 B G:\Documents and Settings\bilbo\My Documents\Switch Skate REOPENED\Site\panel\header.php --> host215.ipowerweb.com /public_html/panel header.php
2004.11.11 21:18 B G:\Documents and Settings\bilbo\My Documents\Switch Skate REOPENED\Site\panel\index.php --> host215.ipowerweb.com /public_html/panel index.php
2004.11.11 21:19 B G:\Documents and Settings\bilbo\My Documents\Switch Skate REOPENED\Site\panel\WS_FTP.LOG <-- Switch Skate /public_html/panel WS_FTP.LOG
2004.11.11 21:32 B G:\Documents and Settings\bilbo\My Documents\Switch Skate REOPENED\Site\panel\header.php --> host215.ipowerweb.com /public_html/panel header.php
2004.11.11 21:34 B G:\Documents and Settings\bilbo\My Documents\Switch Skate REOPENED\Site\panel\header.php --> host215.ipowerweb.com /public_html/panel header.php
2004.11.11 21:50 B G:\Documents and Settings\bilbo\My Documents\Switch Skate REOPENED\Site\panel\header.php --> host215.ipowerweb.com /public_html/panel header.php
2004.11.11 21:50 B G:\Documents and Settings\bilbo\My Documents\Switch Skate REOPENED\Site\panel\index.php --> host215.ipowerweb.com /public_html/panel index.php
2004.11.11 21:57 B G:\Documents and Settings\bilbo\My Documents\Switch Skate REOPENED\Site\panel\header.php --> host215.ipowerweb.com /public_html/panel header.php
2004.11.11 21:57 B G:\Documents and Settings\bilbo\My Documents\Switch Skate REOPENED\Site\panel\index.php --> host215.ipowerweb.com /public_html/panel index.php
2004.11.11 21:57 B G:\Documents and Settings\bilbo\My Documents\Switch Skate REOPENED\Site\panel\WS_FTP.LOG --> host215.ipowerweb.com /public_html/panel WS_FTP.LOG
2004.11.11 22:01 B G:\Documents and Settings\bilbo\My Documents\Switch Skate REOPENED\Site\panel\header.php --> host215.ipowerweb.com /public_html/panel header.php
2004.11.11 22:01 B G:\Documents and Settings\bilbo\My Documents\Switch Skate REOPENED\Site\panel\index.php --> host215.ipowerweb.com /public_html/panel index.php
2004.11.11 22:01 B G:\Documents and Settings\bilbo\My Documents\Switch Skate REOPENED\Site\panel\WS_FTP.LOG --> host215.ipowerweb.com /public_html/panel WS_FTP.LOG
2004.11.13 17:07 B G:\Documents and Settings\bilbo\My Documents\Switch Skate REOPENED\Site\panel\header.php --> host215.ipowerweb.com /public_html/panel header.php
2004.11.13 17:07 B G:\Documents and Settings\bilbo\My Documents\Switch Skate REOPENED\Site\panel\index.php --> host215.ipowerweb.com /public_html/panel index.php
2004.11.14 16:44 B G:\Documents and Settings\bilbo\My Documents\Switch Skate REOPENED\Site\panel\header.php --> host215.ipowerweb.com /public_html/panel header.php
2004.11.14 16:44 B G:\Documents and Settings\bilbo\My Documents\Switch Skate REOPENED\Site\panel\index.php --> host215.ipowerweb.com /public_html/panel index.php
2004.11.14 16:44 B G:\Documents and Settings\bilbo\My Documents\Switch Skate REOPENED\Site\panel\WS_FTP.LOG --> host215.ipowerweb.com /public_html/panel WS_FTP.LOG
2004.11.14 20:14 B G:\Documents and Settings\bilbo\My Documents\Switch Skate REOPENED\Site\panel\header.php --> host215.ipowerweb.com /public_html/panel/submissions header.php
2004.11.14 20:14 B G:\Documents and Settings\bilbo\My Documents\Switch Skate REOPENED\Site\panel\index.php --> host215.ipowerweb.com /public_html/panel/submissions index.php
2004.11.14 20:14 B G:\Documents and Settings\bilbo\My Documents\Switch Skate REOPENED\Site\panel\header.php --> host215.ipowerweb.com /public_html/panel header.php
2004.11.14 20:15 B G:\Documents and Settings\bilbo\My Documents\Switch Skate REOPENED\Site\panel\index.php --> host215.ipowerweb.com /public_html/panel index.php
2004.11.16 10:28 B G:\Documents and Settings\bilbo\My Documents\Switch Skate REOPENED\Site\panel\header.php --> host215.ipowerweb.com /public_html/panel header.php
2004.11.16 10:28 B G:\Documents and Settings\bilbo\My Documents\Switch Skate REOPENED\Site\panel\index.php --> host215.ipowerweb.com /public_html/panel index.php
2004.11.16 18:36 B G:\Documents and Settings\bilbo\My Documents\Switch Skate REOPENED\Site\panel\header.php --> host215.ipowerweb.com /public_html/panel header.php
2004.11.16 18:36 B G:\Documents and Settings\bilbo\My Documents\Switch Skate REOPENED\Site\panel\index.php --> host215.ipowerweb.com /public_html/panel index.php
2004.11.16 19:24 B G:\Documents and Settings\bilbo\My Documents\Switch Skate REOPENED\Site\panel\header.php --> host215.ipowerweb.com /public_html/panel header.php
2004.11.16 19:24 B G:\Documents and Settings\bilbo\My Documents\Switch Skate REOPENED\Site\panel\index.php --> host215.ipowerweb.com /public_html/panel index.php
2004.11.17 10:13 B G:\Documents and Settings\bilbo\My Documents\Switch Skate REOPENED\panel\header.php --> host215.ipowerweb.com /public_html/panel header.php
2004.11.17 10:13 B G:\Documents and Settings\bilbo\My Documents\Switch Skate REOPENED\panel\index.php --> host215.ipowerweb.com /public_html/panel index.php
2004.11.17 10:13 B G:\Documents and Settings\bilbo\My Documents\Switch Skate REOPENED\panel\WS_FTP.LOG --> host215.ipowerweb.com /public_html/panel WS_FTP.LOG
2004.11.17 10:20 B G:\Documents and Settings\bilbo\My Documents\Switch Skate REOPENED\panel\WS_FTP.LOG --> host215.ipowerweb.com /public_html/panel WS_FTP.LOG
2004.11.17 10:35 B G:\Documents and Settings\bilbo\My Documents\Switch Skate REOPENED\panel\index.php --> host215.ipowerweb.com /public_html/panel index.php
2004.11.17 10:35 B G:\Documents and Settings\bilbo\My Documents\Switch Skate REOPENED\panel\WS_FTP.LOG --> host215.ipowerweb.com /public_html/panel WS_FTP.LOG
2004.11.17 10:37 B G:\Documents and Settings\bilbo\My Documents\Switch Skate REOPENED\panel\index.php --> host215.ipowerweb.com /public_html/panel index.php
2004.11.17 10:40 B G:\Documents and Settings\bilbo\My Documents\Switch Skate REOPENED\panel\index.php --> host215.ipowerweb.com /public_html/panel index.php
2004.11.17 10:49 B G:\Documents and Settings\bilbo\My Documents\Switch Skate REOPENED\panel\index.php --> host215.ipowerweb.com /public_html/panel index.php
2004.11.17 10:50 B G:\Documents and Settings\bilbo\My Documents\Switch Skate REOPENED\panel\index.php --> host215.ipowerweb.com /public_html/panel index.php
2004.11.17 10:54 B G:\Documents and Settings\bilbo\My Documents\Switch Skate REOPENED\panel\index.php --> host215.ipowerweb.com /public_html/panel index.php
2004.11.17 18:52 B G:\Documents and Settings\bilbo\My Documents\Switch Skate REOPENED\panel\index.php --> host215.ipowerweb.com /public_html/panel index.php
2004.11.17 18:52 B G:\Documents and Settings\bilbo\My Documents\Switch Skate REOPENED\panel\WS_FTP.LOG --> host215.ipowerweb.com /public_html/panel WS_FTP.LOG
2004.11.19 12:58 B G:\Documents and Settings\bilbo\My Documents\Switch Skate REOPENED\panel\header.php --> host215.ipowerweb.com /public_html/panel header.php
2004.11.19 13:00 B G:\Documents and Settings\bilbo\My Documents\Switch Skate REOPENED\panel\header.php --> host215.ipowerweb.com /public_html/panel header.php
2004.11.19 13:01 B G:\Documents and Settings\bilbo\My Documents\Switch Skate REOPENED\panel\header.php --> host215.ipowerweb.com /public_html/panel header.php
2004.11.19 13:02 B G:\Documents and Settings\bilbo\My Documents\Switch Skate REOPENED\panel\header.php --> host215.ipowerweb.com /public_html/panel header.php
2004.11.19 13:03 B G:\Documents and Settings\bilbo\My Documents\Switch Skate REOPENED\panel\header.php --> host215.ipowerweb.com /public_html/panel header.php
2004.11.19 13:04 B G:\Documents and Settings\bilbo\My Documents\Switch Skate REOPENED\panel\header.php --> host215.ipowerweb.com /public_html/panel header.php
2004.11.19 13:04 B G:\Documents and Settings\bilbo\My Documents\Switch Skate REOPENED\panel\header.php --> host215.ipowerweb.com /public_html/panel header.php
2004.11.19 13:04 B G:\Documents and Settings\bilbo\My Documents\Switch Skate REOPENED\panel\header.php --> host215.ipowerweb.com /public_html/panel header.php
2004.11.19 13:05 B G:\Documents and Settings\bilbo\My Documents\Switch Skate REOPENED\panel\header.php --> host215.ipowerweb.com /public_html/panel header.php
2004.11.19 13:11 B G:\Documents and Settings\bilbo\My Documents\Switch Skate REOPENED\panel\index.php --> host215.ipowerweb.com /public_html/panel index.php
2004.11.19 13:12 B G:\Documents and Settings\bilbo\My Documents\Switch Skate REOPENED\panel\index.php --> host215.ipowerweb.com /public_html/panel index.php
2004.11.19 13:13 B G:\Documents and Settings\bilbo\My Documents\Switch Skate REOPENED\panel\index.php --> host215.ipowerweb.com /public_html/panel index.php
2004.11.19 13:16 B G:\Documents and Settings\bilbo\My Documents\Switch Skate REOPENED\panel\index.php --> host215.ipowerweb.com /public_html/panel index.php
2004.11.19 13:22 B G:\Documents and Settings\bilbo\My Documents\Switch Skate REOPENED\panel\index.php --> host215.ipowerweb.com /public_html/panel index.php
2004.11.19 13:22 B G:\Documents and Settings\bilbo\My Documents\Switch Skate REOPENED\panel\index.php --> host215.ipowerweb.com /public_html/panel index.php
2004.11.19 13:23 B G:\Documents and Settings\bilbo\My Documents\Switch Skate REOPENED\panel\index.php --> host215.ipowerweb.com /public_html/panel index.php
2004.11.19 13:23 B G:\Documents and Settings\bilbo\My Documents\Switch Skate REOPENED\panel\index.php --> host215.ipowerweb.com /public_html/panel index.php
2004.11.19 13:23 B G:\Documents and Settings\bilbo\My Documents\Switch Skate REOPENED\panel\header.php --> host215.ipowerweb.com /public_html/panel header.php
2004.11.19 13:26 B G:\Documents and Settings\bilbo\My Documents\Switch Skate REOPENED\panel\index.php --> host215.ipowerweb.com /public_html/panel index.php
2004.11.19 13:34 B G:\Documents and Settings\bilbo\My Documents\Switch Skate REOPENED\panel\index.php --> host215.ipowerweb.com /public_html/panel index.php
2004.11.19 13:36 B G:\Documents and Settings\bilbo\My Documents\Switch Skate REOPENED\panel\index.php --> host215.ipowerweb.com /public_html/panel index.php
2004.11.19 13:38 B G:\Documents and Settings\bilbo\My Documents\Switch Skate REOPENED\panel\index.php --> host215.ipowerweb.com /public_html/panel index.php
2004.11.19 13:39 B G:\Documents and Settings\bilbo\My Documents\Switch Skate REOPENED\panel\index.php --> host215.ipowerweb.com /public_html/panel index.php
2004.11.19 13:40 B G:\Documents and Settings\bilbo\My Documents\Switch Skate REOPENED\panel\index.php --> host215.ipowerweb.com /public_html/panel index.php
2004.11.19 13:42 B G:\Documents and Settings\bilbo\My Documents\Switch Skate REOPENED\panel\index.php --> host215.ipowerweb.com /public_html/panel index.php
2004.11.19 13:46 B G:\Documents and Settings\bilbo\My Documents\Switch Skate REOPENED\panel\index.php --> host215.ipowerweb.com /public_html/panel index.php
2004.11.19 13:49 B G:\Documents and Settings\bilbo\My Documents\Switch Skate REOPENED\panel\index.php --> host215.ipowerweb.com /public_html/panel index.php
2004.11.19 13:50 B G:\Documents and Settings\bilbo\My Documents\Switch Skate REOPENED\panel\index.php --> host215.ipowerweb.com /public_html/panel index.php
2004.11.19 13:53 B G:\Documents and Settings\bilbo\My Documents\Switch Skate REOPENED\panel\index.php --> host215.ipowerweb.com /public_html/panel index.php
2004.11.19 13:55 B G:\Documents and Settings\bilbo\My Documents\Switch Skate REOPENED\panel\index.php --> host215.ipowerweb.com /public_html/panel index.php
2004.11.19 13:56 B G:\Documents and Settings\bilbo\My Documents\Switch Skate REOPENED\panel\index.php --> host215.ipowerweb.com /public_html/panel index.php
2004.11.19 13:59 B G:\Documents and Settings\bilbo\My Documents\Switch Skate REOPENED\panel\index.php --> host215.ipowerweb.com /public_html/panel index.php
2004.11.19 13:59 B G:\Documents and Settings\bilbo\My Documents\Switch Skate REOPENED\panel\index.php --> host215.ipowerweb.com /public_html/panel index.php
2004.11.19 14:02 B G:\Documents and Settings\bilbo\My Documents\Switch Skate REOPENED\panel\index.php --> host215.ipowerweb.com /public_html/panel index.php
2004.11.19 14:03 B G:\Documents and Settings\bilbo\My Documents\Switch Skate REOPENED\panel\index.php --> host215.ipowerweb.com /public_html/panel index.php
2004.11.19 14:04 B G:\Documents and Settings\bilbo\My Documents\Switch Skate REOPENED\panel\index.php --> host215.ipowerweb.com /public_html/panel index.php
2004.11.19 14:08 B G:\Documents and Settings\bilbo\My Documents\Switch Skate REOPENED\panel\index.php --> host215.ipowerweb.com /public_html/panel index.php
2004.11.19 14:11 B G:\Documents and Settings\bilbo\My Documents\Switch Skate REOPENED\panel\index.php --> host215.ipowerweb.com /public_html/panel index.php
2004.11.19 14:15 B G:\Documents and Settings\bilbo\My Documents\Switch Skate REOPENED\panel\header.php --> host215.ipowerweb.com /public_html/panel header.php
2004.11.19 14:15 B G:\Documents and Settings\bilbo\My Documents\Switch Skate REOPENED\panel\index.php --> host215.ipowerweb.com /public_html/panel index.php
2004.11.19 14:16 B G:\Documents and Settings\bilbo\My Documents\Switch Skate REOPENED\panel\header.php --> host215.ipowerweb.com /public_html/panel header.php
2004.11.19 14:16 B G:\Documents and Settings\bilbo\My Documents\Switch Skate REOPENED\panel\index.php --> host215.ipowerweb.com /public_html/panel index.php
2004.11.19 14:17 B G:\Documents and Settings\bilbo\My Documents\Switch Skate REOPENED\panel\header.php --> host215.ipowerweb.com /public_html/panel header.php
2004.11.19 14:17 B G:\Documents and Settings\bilbo\My Documents\Switch Skate REOPENED\panel\index.php --> host215.ipowerweb.com /public_html/panel index.php
2004.11.19 14:24 B G:\Documents and Settings\bilbo\My Documents\Switch Skate REOPENED\panel\index.php --> host215.ipowerweb.com /public_html/panel index.php
2004.11.19 14:25 B G:\Documents and Settings\bilbo\My Documents\Switch Skate REOPENED\panel\index.php --> host215.ipowerweb.com /public_html/panel index.php
2004.11.19 14:25 B G:\Documents and Settings\bilbo\My Documents\Switch Skate REOPENED\panel\index.php --> host215.ipowerweb.com /public_html/panel index.php
2004.11.19 14:27 B G:\Documents and Settings\bilbo\My Documents\Switch Skate REOPENED\panel\index.php --> host215.ipowerweb.com /public_html/panel index.php
2004.11.19 14:28 B G:\Documents and Settings\bilbo\My Documents\Switch Skate REOPENED\panel\index.php --> host215.ipowerweb.com /public_html/panel index.php
2004.11.19 14:29 B G:\Documents and Settings\bilbo\My Documents\Switch Skate REOPENED\panel\index.php --> host215.ipowerweb.com /public_html/panel index.php
2004.11.19 14:30 B G:\Documents and Settings\bilbo\My Documents\Switch Skate REOPENED\panel\index.php --> host215.ipowerweb.com /public_html/panel index.php
2004.11.19 14:31 B G:\Documents and Settings\bilbo\My Documents\Switch Skate REOPENED\panel\index.php --> host215.ipowerweb.com /public_html/panel index.php
2004.11.19 14:33 B G:\Documents and Settings\bilbo\My Documents\Switch Skate REOPENED\panel\header.php --> host215.ipowerweb.com /public_html/panel header.php
2004.11.19 14:33 B G:\Documents and Settings\bilbo\My Documents\Switch Skate REOPENED\panel\index.php --> host215.ipowerweb.com /public_html/panel index.php
2004.11.19 16:36 B G:\Documents and Settings\bilbo\My Documents\Switch Skate REOPENED\panel\index.php --> host215.ipowerweb.com /public_html/panel index.php
2004.11.19 16:38 B G:\Documents and Settings\bilbo\My Documents\Switch Skate REOPENED\panel\index.php --> host215.ipowerweb.com /public_html/panel index.php
2004.11.19 16:39 B G:\Documents and Settings\bilbo\My Documents\Switch Skate REOPENED\panel\index.php --> host215.ipowerweb.com /public_html/panel index.php
2004.11.19 16:40 B G:\Documents and Settings\bilbo\My Documents\Switch Skate REOPENED\panel\index.php --> host215.ipowerweb.com /public_html/panel index.php
2004.11.19 16:45 B G:\Documents and Settings\bilbo\My Documents\Switch Skate REOPENED\panel\index.php --> host215.ipowerweb.com /public_html/panel index.php
2004.11.19 16:47 B G:\Documents and Settings\bilbo\My Documents\Switch Skate REOPENED\panel\index.php --> host215.ipowerweb.com /public_html/panel index.php
2004.11.19 16:55 B G:\Documents and Settings\bilbo\My Documents\Switch Skate REOPENED\panel\header.php --> host215.ipowerweb.com /public_html/panel header.php
2004.11.19 16:56 B G:\Documents and Settings\bilbo\My Documents\Switch Skate REOPENED\panel\header.php --> host215.ipowerweb.com /public_html/panel header.php
2004.11.19 16:56 B G:\Documents and Settings\bilbo\My Documents\Switch Skate REOPENED\panel\header.php --> host215.ipowerweb.com /public_html/panel header.php
2004.11.19 16:57 B G:\Documents and Settings\bilbo\My Documents\Switch Skate REOPENED\panel\header.php --> host215.ipowerweb.com /public_html/panel header.php
2004.11.19 16:57 B G:\Documents and Settings\bilbo\My Documents\Switch Skate REOPENED\panel\header.php --> host215.ipowerweb.com /public_html/panel header.php
2004.11.19 16:58 B G:\Documents and Settings\bilbo\My Documents\Switch Skate REOPENED\panel\header.php --> host215.ipowerweb.com /public_html/panel header.php
2004.11.19 16:59 B G:\Documents and Settings\bilbo\My Documents\Switch Skate REOPENED\panel\header.php --> host215.ipowerweb.com /public_html/panel header.php
2004.11.19 17:05 B G:\Documents and Settings\bilbo\My Documents\Switch Skate REOPENED\panel\header.php --> host215.ipowerweb.com /public_html/panel header.php
2004.11.19 17:06 B G:\Documents and Settings\bilbo\My Documents\Switch Skate REOPENED\panel\header.php --> host215.ipowerweb.com /public_html/panel header.php
2004.11.19 17:18 B G:\Documents and Settings\bilbo\My Documents\Switch Skate REOPENED\panel\header.php --> host215.ipowerweb.com /public_html/panel header.php
2004.11.19 17:18 B G:\Documents and Settings\bilbo\My Documents\Switch Skate REOPENED\panel\index.php --> host215.ipowerweb.com /public_html/panel index.php
2004.11.19 17:20 B G:\Documents and Settings\bilbo\My Documents\Switch Skate REOPENED\panel\header.php --> host215.ipowerweb.com /public_html/panel header.php
2004.11.19 17:20 B G:\Documents and Settings\bilbo\My Documents\Switch Skate REOPENED\panel\index.php --> host215.ipowerweb.com /public_html/panel index.php
2004.11.19 17:21 B G:\Documents and Settings\bilbo\My Documents\Switch Skate REOPENED\panel\header.php --> host215.ipowerweb.com /public_html/panel header.php
2004.11.19 17:22 B G:\Documents and Settings\bilbo\My Documents\Switch Skate REOPENED\panel\header.php --> host215.ipowerweb.com /public_html/panel header.php
2004.11.19 17:22 B G:\Documents and Settings\bilbo\My Documents\Switch Skate REOPENED\panel\header.php --> host215.ipowerweb.com /public_html/panel header.php
2004.11.19 17:23 B G:\Documents and Settings\bilbo\My Documents\Switch Skate REOPENED\panel\header.php --> host215.ipowerweb.com /public_html/panel header.php
2004.11.19 17:24 B G:\Documents and Settings\bilbo\My Documents\Switch Skate REOPENED\panel\header.php --> host215.ipowerweb.com /public_html/panel header.php
2004.11.19 17:31 B G:\Documents and Settings\bilbo\My Documents\Switch Skate REOPENED\panel\header.php --> host215.ipowerweb.com /public_html/panel/basics header.php
2004.11.19 17:49 B G:\Documents and Settings\bilbo\My Documents\Switch Skate REOPENED\panel\header.php --> host215.ipowerweb.com /public_html/panel/basics header.php
2004.11.19 17:49 B G:\Documents and Settings\bilbo\My Documents\Switch Skate REOPENED\panel\header.php --> host215.ipowerweb.com /public_html/panel header.php
2004.11.19 17:50 B G:\Documents and Settings\bilbo\My Documents\Switch Skate REOPENED\panel\header.php --> host215.ipowerweb.com /public_html/panel header.php
2004.11.19 17:50 B G:\Documents and Settings\bilbo\My Documents\Switch Skate REOPENED\panel\header.php --> host215.ipowerweb.com /public_html/panel/basics header.php
2004.11.20 11:58 B G:\Documents and Settings\bilbo\My Documents\Switch Skate REOPENED\panel\index.php --> host215.ipowerweb.com /public_html/panel index.php
2004.11.20 12:06 B G:\Documents and Settings\bilbo\My Documents\Switch Skate REOPENED\panel\header.php --> host215.ipowerweb.com /public_html/panel header.php
2004.11.20 12:06 B G:\Documents and Settings\bilbo\My Documents\Switch Skate REOPENED\panel\header.php --> host215.ipowerweb.com /public_html/panel/submissions header.php
2004.11.20 12:06 B G:\Documents and Settings\bilbo\My Documents\Switch Skate REOPENED\panel\header.php --> host215.ipowerweb.com /public_html/panel/submissions header.php
2004.11.20 12:06 B G:\Documents and Settings\bilbo\My Documents\Switch Skate REOPENED\panel\header.php --> host215.ipowerweb.com /public_html/panel/basics header.php
2004.11.20 17:17 B G:\Documents and Settings\bilbo\My Documents\Switch Skate REOPENED\panel\header.php --> host215.ipowerweb.com /public_html/panel/submissions header.php
2004.11.20 21:34 B G:\Documents and Settings\bilbo\My Documents\Switch Skate REOPENED\panel\header.php --> host215.ipowerweb.com /public_html/panel header.php
2004.11.20 21:37 B G:\Documents and Settings\bilbo\My Documents\Switch Skate REOPENED\panel\header.php --> host215.ipowerweb.com /public_html/panel header.php
2004.11.20 21:41 B G:\Documents and Settings\bilbo\My Documents\Switch Skate REOPENED\panel\header.php --> host215.ipowerweb.com /public_html/panel header.php
2004.11.20 21:41 B G:\Documents and Settings\bilbo\My Documents\Switch Skate REOPENED\panel\header.php --> host215.ipowerweb.com /public_html/panel/submissions header.php
2004.11.20 21:41 B G:\Documents and Settings\bilbo\My Documents\Switch Skate REOPENED\panel\header.php --> host215.ipowerweb.com /public_html/panel/basics header.php
2004.11.20 21:42 B G:\Documents and Settings\bilbo\My Documents\Switch Skate REOPENED\panel\header.php --> host215.ipowerweb.com /public_html/panel header.php
2004.11.20 21:42 B G:\Documents and Settings\bilbo\My Documents\Switch Skate REOPENED\panel\header.php --> host215.ipowerweb.com /public_html/panel/submissions header.php
2004.11.20 21:43 B G:\Documents and Settings\bilbo\My Documents\Switch Skate REOPENED\panel\header.php --> host215.ipowerweb.com /public_html/panel/basics header.php
2004.11.20 21:46 B G:\Documents and Settings\bilbo\My Documents\Switch Skate REOPENED\panel\index.php --> host215.ipowerweb.com /public_html/panel index.php
2004.11.20 21:46 B G:\Documents and Settings\bilbo\My Documents\Switch Skate REOPENED\panel\index.php --> host215.ipowerweb.com /public_html/panel index.php
2004.11.20 21:47 B G:\Documents and Settings\bilbo\My Documents\Switch Skate REOPENED\panel\index.php --> host215.ipowerweb.com /public_html/panel index.php
2004.11.20 21:50 B G:\Documents and Settings\bilbo\My Documents\Switch Skate REOPENED\panel\header.php --> host215.ipowerweb.com /public_html/panel header.php
2004.11.20 21:50 B G:\Documents and Settings\bilbo\My Documents\Switch Skate REOPENED\panel\header.php --> host215.ipowerweb.com /public_html/panel/submissions header.php
2004.11.20 21:50 B G:\Documents and Settings\bilbo\My Documents\Switch Skate REOPENED\panel\header.php --> host215.ipowerweb.com /public_html/panel/basics header.php
2004.11.21 16:31 B G:\Documents and Settings\bilbo\My Documents\Switch Skate REOPENED\panel\index.php --> host215.ipowerweb.com /public_html/panel index.php
2004.11.21 16:32 B G:\Documents and Settings\bilbo\My Documents\Switch Skate REOPENED\panel\index.php --> host215.ipowerweb.com /public_html/panel index.php
2004.11.21 16:32 B G:\Documents and Settings\bilbo\My Documents\Switch Skate REOPENED\panel\index.php --> host215.ipowerweb.com /public_html/panel index.php
2004.11.22 10:35 B G:\Documents and Settings\bilbo\My Documents\Switch Skate REOPENED\panel\header.php --> host215.ipowerweb.com /public_html/panel/submissions header.php
2004.11.22 10:35 B G:\Documents and Settings\bilbo\My Documents\Switch Skate REOPENED\panel\header.php --> host215.ipowerweb.com /public_html/panel/submissions header.php
2004.11.22 10:36 B G:\Documents and Settings\bilbo\My Documents\Switch Skate REOPENED\panel\header.php --> host215.ipowerweb.com /public_html/panel header.php
2004.11.22 10:36 B G:\Documents and Settings\bilbo\My Documents\Switch Skate REOPENED\panel\header.php --> host215.ipowerweb.com /public_html/panel/content header.php
2004.11.22 10:36 B G:\Documents and Settings\bilbo\My Documents\Switch Skate REOPENED\panel\header.php --> host215.ipowerweb.com /public_html/panel/basics header.php
2004.11.22 10:36 B G:\Documents and Settings\bilbo\My Documents\Switch Skate REOPENED\panel\header.php --> host215.ipowerweb.com /public_html/panel/basics header.php
2004.11.22 10:37 B G:\Documents and Settings\bilbo\My Documents\Switch Skate REOPENED\panel\header.php --> host215.ipowerweb.com /public_html/panel header.php
2004.11.22 15:56 B G:\Documents and Settings\bilbo\My Documents\Switch Skate REOPENED\panel\index.php --> host215.ipowerweb.com /public_html/panel index.php
2004.11.22 16:01 B G:\Documents and Settings\bilbo\My Documents\Switch Skate REOPENED\panel\header.php --> host215.ipowerweb.com /public_html/panel/submissions header.php
2004.11.22 16:01 B G:\Documents and Settings\bilbo\My Documents\Switch Skate REOPENED\panel\header.php --> host215.ipowerweb.com /public_html/panel/basics header.php
2004.11.22 16:01 B G:\Documents and Settings\bilbo\My Documents\Switch Skate REOPENED\panel\header.php --> host215.ipowerweb.com /public_html/panel/content header.php
2004.11.22 16:01 B G:\Documents and Settings\bilbo\My Documents\Switch Skate REOPENED\panel\header.php --> host215.ipowerweb.com /public_html/panel/submissions header.php
2004.11.22 16:01 B G:\Documents and Settings\bilbo\My Documents\Switch Skate REOPENED\panel\header.php --> host215.ipowerweb.com /public_html/panel header.php
2004.11.22 16:01 B G:\Documents and Settings\bilbo\My Documents\Switch Skate REOPENED\panel\index.php --> host215.ipowerweb.com /public_html/panel index.php
2004.11.23 14:59 B G:\Documents and Settings\bilbo\My Documents\Switch Skate REOPENED\panel\index.php --> host215.ipowerweb.com /public_html/panel index.php
2004.11.23 15:51 B G:\Documents and Settings\bilbo\My Documents\Switch Skate REOPENED\panel\header.php --> host215.ipowerweb.com /public_html/panel header.php
2004.11.23 15:52 B G:\Documents and Settings\bilbo\My Documents\Switch Skate REOPENED\panel\header.php --> host215.ipowerweb.com /public_html/panel/submissions header.php
2004.11.23 15:52 B G:\Documents and Settings\bilbo\My Documents\Switch Skate REOPENED\panel\header.php --> host215.ipowerweb.com /public_html/panel/content header.php
2004.11.23 15:52 B G:\Documents and Settings\bilbo\My Documents\Switch Skate REOPENED\panel\header.php --> host215.ipowerweb.com /public_html/panel/basics header.php
2004.11.23 15:52 B G:\Documents and Settings\bilbo\My Documents\Switch Skate REOPENED\panel\header.php --> host215.ipowerweb.com /public_html/panel/basics header.php
2004.11.23 15:52 B G:\Documents and Settings\bilbo\My Documents\Switch Skate REOPENED\panel\header.php --> host215.ipowerweb.com /public_html/panel header.php
2004.11.23 15:52 B G:\Documents and Settings\bilbo\My Documents\Switch Skate REOPENED\panel\header.php --> host215.ipowerweb.com /public_html/panel/content header.php
2004.11.23 15:52 B G:\Documents and Settings\bilbo\My Documents\Switch Skate REOPENED\panel\header.php --> host215.ipowerweb.com /public_html/panel/submissions header.php
2004.11.23 16:23 B G:\Documents and Settings\bilbo\My Documents\Switch Skate REOPENED\panel\header.php --> host215.ipowerweb.com /public_html/panel header.php
2004.11.23 16:23 B G:\Documents and Settings\bilbo\My Documents\Switch Skate REOPENED\panel\header.php --> host215.ipowerweb.com /public_html/panel header.php
2004.11.23 16:28 B G:\Documents and Settings\bilbo\My Documents\Switch Skate REOPENED\panel\header.php --> host215.ipowerweb.com /public_html/panel header.php
2004.11.26 15:48 B G:\Documents and Settings\bilbo\My Documents\Switch Skate REOPENED\panel\header.php --> host215.ipowerweb.com /public_html/panel header.php
2004.11.26 15:48 B G:\Documents and Settings\bilbo\My Documents\Switch Skate REOPENED\panel\header.php --> host215.ipowerweb.com /public_html/panel/submissions header.php
2004.11.26 15:48 B G:\Documents and Settings\bilbo\My Documents\Switch Skate REOPENED\panel\header.php --> host215.ipowerweb.com /public_html/panel/content header.php
2004.11.26 15:48 B G:\Documents and Settings\bilbo\My Documents\Switch Skate REOPENED\panel\header.php --> host215.ipowerweb.com /public_html/panel/basics header.php
2004.11.26 15:59 B G:\Documents and Settings\bilbo\My Documents\Switch Skate REOPENED\panel\header.php --> host215.ipowerweb.com /public_html/panel/content header.php
2004.11.26 15:59 B G:\Documents and Settings\bilbo\My Documents\Switch Skate REOPENED\panel\header.php --> host215.ipowerweb.com /public_html/panel header.php
2004.11.26 15:59 B G:\Documents and Settings\bilbo\My Documents\Switch Skate REOPENED\panel\header.php --> host215.ipowerweb.com /public_html/panel/basics header.php
2004.11.26 15:59 B G:\Documents and Settings\bilbo\My Documents\Switch Skate REOPENED\panel\header.php --> host215.ipowerweb.com /public_html/panel header.php
2004.11.26 16:00 B G:\Documents and Settings\bilbo\My Documents\Switch Skate REOPENED\panel\header.php --> host215.ipowerweb.com /public_html/panel/submissions header.php
2004.11.26 18:14 B G:\Documents and Settings\bilbo\My Documents\Switch Skate REOPENED\panel\header.php --> host215.ipowerweb.com /public_html/panel header.php
2004.11.26 18:14 B G:\Documents and Settings\bilbo\My Documents\Switch Skate REOPENED\panel\header.php --> host215.ipowerweb.com /public_html/panel/submissions header.php
2004.11.26 18:14 B G:\Documents and Settings\bilbo\My Documents\Switch Skate REOPENED\panel\header.php --> host215.ipowerweb.com /public_html/panel/content header.php
2004.11.26 18:15 B G:\Documents and Settings\bilbo\My Documents\Switch Skate REOPENED\panel\header.php --> host215.ipowerweb.com /public_html/panel/basics header.php
2004.11.26 20:58 B G:\Documents and Settings\bilbo\My Documents\Switch Skate REOPENED\panel\header.php --> host215.ipowerweb.com /public_html/panel header.php
2004.11.26 20:58 B G:\Documents and Settings\bilbo\My Documents\Switch Skate REOPENED\panel\header.php --> host215.ipowerweb.com /public_html/panel/submissions header.php
2004.11.26 20:58 B G:\Documents and Settings\bilbo\My Documents\Switch Skate REOPENED\panel\header.php --> host215.ipowerweb.com /public_html/panel/content header.php
2004.11.26 20:58 B G:\Documents and Settings\bilbo\My Documents\Switch Skate REOPENED\panel\header.php --> host215.ipowerweb.com /public_html/panel/basics header.php
2004.11.26 20:59 B G:\Documents and Settings\bilbo\My Documents\Switch Skate REOPENED\panel\header.php --> host215.ipowerweb.com /public_html/panel/basics header.php
2004.11.26 20:59 B G:\Documents and Settings\bilbo\My Documents\Switch Skate REOPENED\panel\header.php --> host215.ipowerweb.com /public_html/panel/content header.php
2004.11.26 20:59 B G:\Documents and Settings\bilbo\My Documents\Switch Skate REOPENED\panel\header.php --> host215.ipowerweb.com /public_html/panel/submissions header.php
2004.11.26 20:59 B G:\Documents and Settings\bilbo\My Documents\Switch Skate REOPENED\panel\header.php --> host215.ipowerweb.com /public_html/panel header.php
2004.11.26 20:59 B G:\Documents and Settings\bilbo\My Documents\Switch Skate REOPENED\panel\header.php --> host215.ipowerweb.com /public_html/panel header.php
2004.11.26 20:59 B G:\Documents and Settings\bilbo\My Documents\Switch Skate REOPENED\panel\header.php --> host215.ipowerweb.com /public_html/panel header.php
2004.11.26 21:00 B G:\Documents and Settings\bilbo\My Documents\Switch Skate REOPENED\panel\header.php --> host215.ipowerweb.com /public_html/panel header.php
2004.11.26 21:00 B G:\Documents and Settings\bilbo\My Documents\Switch Skate REOPENED\panel\header.php --> host215.ipowerweb.com /public_html/panel header.php
2004.11.26 21:00 B G:\Documents and Settings\bilbo\My Documents\Switch Skate REOPENED\panel\header.php --> host215.ipowerweb.com /public_html/panel header.php
2004.11.26 21:01 B G:\Documents and Settings\bilbo\My Documents\Switch Skate REOPENED\panel\header.php --> host215.ipowerweb.com /public_html/panel/basics header.php
2004.11.26 21:01 B G:\Documents and Settings\bilbo\My Documents\Switch Skate REOPENED\panel\header.php --> host215.ipowerweb.com /public_html/panel/content header.php
2004.11.26 21:01 B G:\Documents and Settings\bilbo\My Documents\Switch Skate REOPENED\panel\header.php --> host215.ipowerweb.com /public_html/panel/submissions header.php
2004.11.26 21:01 B G:\Documents and Settings\bilbo\My Documents\Switch Skate REOPENED\panel\header.php --> host215.ipowerweb.com /public_html/panel/submissions header.php
2004.11.27 04:53 B G:\Documents and Settings\bilbo\My Documents\Switch Skate REOPENED\panel\header.php --> host215.ipowerweb.com /public_html/panel header.php
2004.11.27 04:53 B G:\Documents and Settings\bilbo\My Documents\Switch Skate REOPENED\panel\header.php --> host215.ipowerweb.com /public_html/panel header.php
2004.11.27 04:54 B G:\Documents and Settings\bilbo\My Documents\Switch Skate REOPENED\panel\header.php --> host215.ipowerweb.com /public_html/panel header.php
2004.11.27 04:54 B G:\Documents and Settings\bilbo\My Documents\Switch Skate REOPENED\panel\header.php --> host215.ipowerweb.com /public_html/panel header.php
2004.11.27 04:55 B G:\Documents and Settings\bilbo\My Documents\Switch Skate REOPENED\panel\header.php --> host215.ipowerweb.com /public_html/panel header.php
2004.11.27 04:56 B G:\Documents and Settings\bilbo\My Documents\Switch Skate REOPENED\panel\header.php --> host215.ipowerweb.com /public_html/panel header.php
2004.11.27 04:56 B G:\Documents and Settings\bilbo\My Documents\Switch Skate REOPENED\panel\header.php --> host215.ipowerweb.com /public_html/panel header.php
2004.11.27 04:57 B G:\Documents and Settings\bilbo\My Documents\Switch Skate REOPENED\panel\header.php --> host215.ipowerweb.com /public_html/panel header.php
2004.11.27 04:57 B G:\Documents and Settings\bilbo\My Documents\Switch Skate REOPENED\panel\header.php --> host215.ipowerweb.com /public_html/panel header.php
2004.11.27 04:58 B G:\Documents and Settings\bilbo\My Documents\Switch Skate REOPENED\panel\header.php --> host215.ipowerweb.com /public_html/panel/submissions header.php
2004.11.27 04:58 B G:\Documents and Settings\bilbo\My Documents\Switch Skate REOPENED\panel\header.php --> host215.ipowerweb.com /public_html/panel/content header.php
2004.11.27 04:58 B G:\Documents and Settings\bilbo\My Documents\Switch Skate REOPENED\panel\header.php --> host215.ipowerweb.com /public_html/panel/basics header.php
2004.11.27 04:59 B G:\Documents and Settings\bilbo\My Documents\Switch Skate REOPENED\panel\header.php --> host215.ipowerweb.com /public_html/panel/basics header.php
2004.11.27 04:59 B G:\Documents and Settings\bilbo\My Documents\Switch Skate REOPENED\panel\header.php --> host215.ipowerweb.com /public_html/panel/content header.php
2004.11.27 05:00 B G:\Documents and Settings\bilbo\My Documents\Switch Skate REOPENED\panel\header.php --> host215.ipowerweb.com /public_html/panel/submissions header.php
2004.11.27 05:00 B G:\Documents and Settings\bilbo\My Documents\Switch Skate REOPENED\panel\header.php --> host215.ipowerweb.com /public_html/panel/submissions header.php
2004.11.27 05:00 B G:\Documents and Settings\bilbo\My Documents\Switch Skate REOPENED\panel\header.php --> host215.ipowerweb.com /public_html/panel header.php
2004.11.27 05:01 B G:\Documents and Settings\bilbo\My Documents\Switch Skate REOPENED\panel\header.php --> host215.ipowerweb.com /public_html/panel/submissions header.php
2004.11.27 05:01 B G:\Documents and Settings\bilbo\My Documents\Switch Skate REOPENED\panel\header.php --> host215.ipowerweb.com /public_html/panel/content header.php
2004.11.27 05:01 B G:\Documents and Settings\bilbo\My Documents\Switch Skate REOPENED\panel\header.php --> host215.ipowerweb.com /public_html/panel/basics header.php
2004.11.27 05:06 B G:\Documents and Settings\bilbo\My Documents\Switch Skate REOPENED\panel\header.php --> host215.ipowerweb.com /public_html/panel/basics header.php
2004.11.27 05:07 B G:\Documents and Settings\bilbo\My Documents\Switch Skate REOPENED\panel\header.php --> host215.ipowerweb.com /public_html/panel/basics header.php
2004.11.27 05:07 B G:\Documents and Settings\bilbo\My Documents\Switch Skate REOPENED\panel\header.php --> host215.ipowerweb.com /public_html/panel/basics header.php
2004.11.27 05:08 B G:\Documents and Settings\bilbo\My Documents\Switch Skate REOPENED\panel\header.php --> host215.ipowerweb.com /public_html/panel/basics header.php
2004.11.27 05:12 B G:\Documents and Settings\bilbo\My Documents\Switch Skate REOPENED\panel\header.php --> host215.ipowerweb.com /public_html/panel/basics header.php
2004.11.27 05:12 B G:\Documents and Settings\bilbo\My Documents\Switch Skate REOPENED\panel\header.php --> host215.ipowerweb.com /public_html/panel/basics header.php
2004.11.27 05:12 B G:\Documents and Settings\bilbo\My Documents\Switch Skate REOPENED\panel\header.php --> host215.ipowerweb.com /public_html/panel/submissions header.php
2004.11.27 05:13 B G:\Documents and Settings\bilbo\My Documents\Switch Skate REOPENED\panel\header.php --> host215.ipowerweb.com /public_html/panel/content header.php
2004.11.27 05:13 B G:\Documents and Settings\bilbo\My Documents\Switch Skate REOPENED\panel\header.php --> host215.ipowerweb.com /public_html/panel header.php
2004.11.27 05:13 B G:\Documents and Settings\bilbo\My Documents\Switch Skate REOPENED\panel\chlog.php --> host215.ipowerweb.com /public_html/panel chlog.php
2004.11.27 05:13 B G:\Documents and Settings\bilbo\My Documents\Switch Skate REOPENED\panel\login.php --> host215.ipowerweb.com /public_html/panel login.php
2004.11.27 05:13 B G:\Documents and Settings\bilbo\My Documents\Switch Skate REOPENED\panel\login.html --> host215.ipowerweb.com /public_html/panel login.html
2004.11.27 05:13 B G:\Documents and Settings\bilbo\My Documents\Switch Skate REOPENED\panel\logout.php --> host215.ipowerweb.com /public_html/panel logout.php
2004.11.27 05:14 B G:\Documents and Settings\bilbo\My Documents\Switch Skate REOPENED\panel\login.html --> host215.ipowerweb.com /public_html/panel login.html
2004.11.27 05:14 B G:\Documents and Settings\bilbo\My Documents\Switch Skate REOPENED\panel\logout.php --> host215.ipowerweb.com /public_html/panel logout.php
2004.11.27 05:18 B G:\Documents and Settings\bilbo\My Documents\Switch Skate REOPENED\panel\login.html --> host215.ipowerweb.com /public_html/panel login.html
2004.11.27 05:18 B G:\Documents and Settings\bilbo\My Documents\Switch Skate REOPENED\panel\logout.php --> host215.ipowerweb.com /public_html/panel logout.php
2004.11.27 05:18 B G:\Documents and Settings\bilbo\My Documents\Switch Skate REOPENED\panel\login.html --> host215.ipowerweb.com /public_html/panel login.html
2004.11.27 05:19 B G:\Documents and Settings\bilbo\My Documents\Switch Skate REOPENED\panel\logout.php --> host215.ipowerweb.com /public_html/panel logout.php
2004.11.27 05:21 B G:\Documents and Settings\bilbo\My Documents\Switch Skate REOPENED\panel\login.html --> host215.ipowerweb.com /public_html/panel login.html
2004.11.27 05:21 B G:\Documents and Settings\bilbo\My Documents\Switch Skate REOPENED\panel\logout.php --> host215.ipowerweb.com /public_html/panel logout.php
2004.11.27 05:25 B G:\Documents and Settings\bilbo\My Documents\Switch Skate REOPENED\panel\chlog.php --> host215.ipowerweb.com /public_html/panel chlog.php
2004.11.27 05:26 B G:\Documents and Settings\bilbo\My Documents\Switch Skate REOPENED\panel\chlog.php --> host215.ipowerweb.com /public_html/panel chlog.php
2004.11.27 05:27 B G:\Documents and Settings\bilbo\My Documents\Switch Skate REOPENED\panel\chlog.php --> host215.ipowerweb.com /public_html/panel chlog.php
2004.11.27 05:28 B G:\Documents and Settings\bilbo\My Documents\Switch Skate REOPENED\panel\chlog.php --> host215.ipowerweb.com /public_html/panel chlog.php
2004.11.27 05:31 B G:\Documents and Settings\bilbo\My Documents\Switch Skate REOPENED\panel\logout.php --> host215.ipowerweb.com /public_html/panel logout.php
2004.11.27 05:31 B G:\Documents and Settings\bilbo\My Documents\Switch Skate REOPENED\panel\logout.php --> host215.ipowerweb.com /public_html/panel logout.php
2004.11.27 05:32 B G:\Documents and Settings\bilbo\My Documents\Switch Skate REOPENED\panel\chlog.php --> host215.ipowerweb.com /public_html/panel chlog.php
2004.11.27 05:32 B G:\Documents and Settings\bilbo\My Documents\Switch Skate REOPENED\panel\header.php --> host215.ipowerweb.com /public_html/panel header.php
2004.11.27 05:32 B G:\Documents and Settings\bilbo\My Documents\Switch Skate REOPENED\panel\index.php --> host215.ipowerweb.com /public_html/panel index.php
2004.11.27 05:32 B G:\Documents and Settings\bilbo\My Documents\Switch Skate REOPENED\panel\login.html --> host215.ipowerweb.com /public_html/panel login.html
2004.11.27 05:32 B G:\Documents and Settings\bilbo\My Documents\Switch Skate REOPENED\panel\logout.php --> host215.ipowerweb.com /public_html/panel logout.php
2004.11.27 05:33 B G:\Documents and Settings\bilbo\My Documents\Switch Skate REOPENED\panel\chlog.php --> host215.ipowerweb.com /public_html/panel chlog.php
2004.11.27 05:34 B G:\Documents and Settings\bilbo\My Documents\Switch Skate REOPENED\panel\chlog.php --> host215.ipowerweb.com /public_html/panel chlog.php
2004.11.27 05:35 B G:\Documents and Settings\bilbo\My Documents\Switch Skate REOPENED\panel\chlog.php --> host215.ipowerweb.com /public_html/panel chlog.php
2004.11.27 05:36 B G:\Documents and Settings\bilbo\My Documents\Switch Skate REOPENED\panel\chlog.php --> host215.ipowerweb.com /public_html/panel chlog.php
2004.11.27 05:37 B G:\Documents and Settings\bilbo\My Documents\Switch Skate REOPENED\panel\chlog.php --> host215.ipowerweb.com /public_html/panel chlog.php
2004.11.27 05:38 B G:\Documents and Settings\bilbo\My Documents\Switch Skate REOPENED\panel\chlog.php --> host215.ipowerweb.com /public_html/panel chlog.php
2004.11.27 05:42 B G:\Documents and Settings\bilbo\My Documents\Switch Skate REOPENED\panel\header.php --> host215.ipowerweb.com /public_html/panel header.php
2004.11.27 05:42 B G:\Documents and Settings\bilbo\My Documents\Switch Skate REOPENED\panel\header.php --> host215.ipowerweb.com /public_html/panel/submissions header.php
2004.11.27 05:42 B G:\Documents and Settings\bilbo\My Documents\Switch Skate REOPENED\panel\header.php --> host215.ipowerweb.com /public_html/panel/content header.php
2004.11.27 05:42 B G:\Documents and Settings\bilbo\My Documents\Switch Skate REOPENED\panel\header.php --> host215.ipowerweb.com /public_html/panel/basics header.php
2004.11.27 05:43 B G:\Documents and Settings\bilbo\My Documents\Switch Skate REOPENED\panel\header.php --> host215.ipowerweb.com /public_html/panel/basics header.php
2004.11.27 05:43 B G:\Documents and Settings\bilbo\My Documents\Switch Skate REOPENED\panel\header.php --> host215.ipowerweb.com /public_html/panel header.php
2004.11.27 05:43 B G:\Documents and Settings\bilbo\My Documents\Switch Skate REOPENED\panel\header.php --> host215.ipowerweb.com /public_html/panel/content header.php
2004.11.27 05:43 B G:\Documents and Settings\bilbo\My Documents\Switch Skate REOPENED\panel\header.php --> host215.ipowerweb.com /public_html/panel/submissions header.php
2004.11.27 05:47 B G:\Documents and Settings\bilbo\My Documents\Switch Skate REOPENED\panel\header.php --> host215.ipowerweb.com /public_html/panel/submissions header.php
2004.11.27 05:47 B G:\Documents and Settings\bilbo\My Documents\Switch Skate REOPENED\panel\header.php --> host215.ipowerweb.com /public_html/panel/content header.php
2004.11.27 05:47 B G:\Documents and Settings\bilbo\My Documents\Switch Skate REOPENED\panel\header.php --> host215.ipowerweb.com /public_html/panel/basics header.php
2004.11.27 05:48 B G:\Documents and Settings\bilbo\My Documents\Switch Skate REOPENED\panel\header.php --> host215.ipowerweb.com /public_html/panel header.php
2004.11.28 14:21 B G:\Documents and Settings\bilbo\My Documents\Switch Skate REOPENED\panel\header.php --> host215.ipowerweb.com /public_html/panel header.php
2004.11.28 14:21 B G:\Documents and Settings\bilbo\My Documents\Switch Skate REOPENED\panel\header.php --> host215.ipowerweb.com /public_html/panel/submissions header.php
2004.11.28 14:21 B G:\Documents and Settings\bilbo\My Documents\Switch Skate REOPENED\panel\header.php --> host215.ipowerweb.com /public_html/panel/content header.php
2004.11.28 14:21 B G:\Documents and Settings\bilbo\My Documents\Switch Skate REOPENED\panel\header.php --> host215.ipowerweb.com /public_html/panel/basics header.php
2004.12.02 16:33 B G:\Documents and Settings\bilbo\My Documents\Switch Skate REOPENED\panel\index.php <-- Switch Skate /public_html/panel index.php
2004.12.02 16:33 B G:\Documents and Settings\bilbo\My Documents\Switch Skate REOPENED\panel\login.html <-- Switch Skate /public_html/panel login.html
2004.12.03 20:02 B G:\Documents and Settings\bilbo\My Documents\Switch Skate REOPENED\panel\chlog.php --> host215.ipowerweb.com /public_html/panel chlog.php
2004.12.03 20:02 B G:\Documents and Settings\bilbo\My Documents\Switch Skate REOPENED\panel\header.php --> host215.ipowerweb.com /public_html/panel header.php
2004.12.03 20:02 B G:\Documents and Settings\bilbo\My Documents\Switch Skate REOPENED\panel\logout.php --> host215.ipowerweb.com /public_html/panel logout.php
2004.12.03 20:02 B G:\Documents and Settings\bilbo\My Documents\Switch Skate REOPENED\panel\WS_FTP.LOG --> host215.ipowerweb.com /public_html/panel WS_FTP.LOG
2004.12.05 12:40 B G:\Documents and Settings\bilbo\My Documents\Switch Skate REOPENED\panel\header.php --> host215.ipowerweb.com /public_html/panel header.php
2004.12.05 12:40 B G:\Documents and Settings\bilbo\My Documents\Switch Skate REOPENED\panel\header.php --> host215.ipowerweb.com /public_html/panel/submissions header.php
2004.12.05 12:40 B G:\Documents and Settings\bilbo\My Documents\Switch Skate REOPENED\panel\header.php --> host215.ipowerweb.com /public_html/panel/content header.php
2004.12.05 12:40 B G:\Documents and Settings\bilbo\My Documents\Switch Skate REOPENED\panel\header.php --> host215.ipowerweb.com /public_html/panel/basics header.php
2004.12.05 14:23 B G:\Documents and Settings\bilbo\My Documents\Switch Skate REOPENED\panel\header.php --> host215.ipowerweb.com /public_html/panel header.php
2004.12.05 14:24 B G:\Documents and Settings\bilbo\My Documents\Switch Skate REOPENED\panel\header.php --> host215.ipowerweb.com /public_html/panel/submissions header.php
2004.12.05 14:24 B G:\Documents and Settings\bilbo\My Documents\Switch Skate REOPENED\panel\header.php --> host215.ipowerweb.com /public_html/panel/content header.php
2004.12.05 14:24 B G:\Documents and Settings\bilbo\My Documents\Switch Skate REOPENED\panel\header.php --> host215.ipowerweb.com /public_html/panel/basics header.php
2004.12.05 14:25 B G:\Documents and Settings\bilbo\My Documents\Switch Skate REOPENED\panel\header.php --> host215.ipowerweb.com /public_html/panel header.php
2004.12.05 14:26 B G:\Documents and Settings\bilbo\My Documents\Switch Skate REOPENED\panel\header.php --> host215.ipowerweb.com /public_html/panel/submissions header.php
2004.12.05 14:26 B G:\Documents and Settings\bilbo\My Documents\Switch Skate REOPENED\panel\header.php --> host215.ipowerweb.com /public_html/panel/content header.php
2004.12.05 14:26 B G:\Documents and Settings\bilbo\My Documents\Switch Skate REOPENED\panel\header.php --> host215.ipowerweb.com /public_html/panel/basics header.php
2004.12.05 14:29 B G:\Documents and Settings\bilbo\My Documents\Switch Skate REOPENED\panel\index.php --> host215.ipowerweb.com /public_html/panel index.php
2004.12.05 14:30 B G:\Documents and Settings\bilbo\My Documents\Switch Skate REOPENED\panel\header.php --> host215.ipowerweb.com /public_html/panel header.php
2004.12.05 14:31 B G:\Documents and Settings\bilbo\My Documents\Switch Skate REOPENED\panel\header.php --> host215.ipowerweb.com /public_html/panel/submissions header.php
2004.12.05 14:31 B G:\Documents and Settings\bilbo\My Documents\Switch Skate REOPENED\panel\header.php --> host215.ipowerweb.com /public_html/panel/content header.php
2004.12.05 14:31 B G:\Documents and Settings\bilbo\My Documents\Switch Skate REOPENED\panel\header.php --> host215.ipowerweb.com /public_html/panel/basics header.php
2004.12.05 14:47 B G:\Documents and Settings\bilbo\My Documents\Switch Skate REOPENED\panel\index.php --> host215.ipowerweb.com /public_html/panel index.php
2004.12.05 14:47 B G:\Documents and Settings\bilbo\My Documents\Switch Skate REOPENED\panel\index.php --> host215.ipowerweb.com /public_html/panel index.php
2004.12.05 14:48 B G:\Documents and Settings\bilbo\My Documents\Switch Skate REOPENED\panel\index.php --> host215.ipowerweb.com /public_html/panel index.php
2004.12.05 14:50 B G:\Documents and Settings\bilbo\My Documents\Switch Skate REOPENED\panel\index.php --> host215.ipowerweb.com /public_html/panel index.php
2004.12.05 14:52 B G:\Documents and Settings\bilbo\My Documents\Switch Skate REOPENED\panel\index.php --> host215.ipowerweb.com /public_html/panel index.php
2004.12.05 14:52 B G:\Documents and Settings\bilbo\My Documents\Switch Skate REOPENED\panel\index.php --> host215.ipowerweb.com /public_html/panel index.php
2004.12.05 14:53 B G:\Documents and Settings\bilbo\My Documents\Switch Skate REOPENED\panel\index.php --> host215.ipowerweb.com /public_html/panel index.php
2004.12.05 14:53 B G:\Documents and Settings\bilbo\My Documents\Switch Skate REOPENED\panel\index.php --> host215.ipowerweb.com /public_html/panel index.php
2004.12.05 14:57 B G:\Documents and Settings\bilbo\My Documents\Switch Skate REOPENED\panel\index.php --> host215.ipowerweb.com /public_html/panel index.php
2004.12.05 14:57 B G:\Documents and Settings\bilbo\My Documents\Switch Skate REOPENED\panel\index.php --> host215.ipowerweb.com /public_html/panel index.php
2004.12.05 15:05 B G:\Documents and Settings\bilbo\My Documents\Switch Skate REOPENED\panel\index.php --> host215.ipowerweb.com /public_html/panel index.php
2004.12.05 15:06 B G:\Documents and Settings\bilbo\My Documents\Switch Skate REOPENED\panel\index.php --> host215.ipowerweb.com /public_html/panel index.php
2004.12.05 15:06 B G:\Documents and Settings\bilbo\My Documents\Switch Skate REOPENED\panel\header.php --> host215.ipowerweb.com /public_html/panel header.php
2004.12.05 15:12 B G:\Documents and Settings\bilbo\My Documents\Switch Skate REOPENED\panel\index.php --> host215.ipowerweb.com /public_html/panel index.php
2004.12.05 15:13 B G:\Documents and Settings\bilbo\My Documents\Switch Skate REOPENED\panel\index.php --> host215.ipowerweb.com /public_html/panel index.php
2004.12.05 15:14 B G:\Documents and Settings\bilbo\My Documents\Switch Skate REOPENED\panel\index.php --> host215.ipowerweb.com /public_html/panel index.php
2004.12.05 15:18 B G:\Documents and Settings\bilbo\My Documents\Switch Skate REOPENED\panel\index.php --> host215.ipowerweb.com /public_html/panel index.php
2004.12.05 15:18 B G:\Documents and Settings\bilbo\My Documents\Switch Skate REOPENED\panel\index.php --> host215.ipowerweb.com /public_html/panel index.php
2004.12.05 15:19 B G:\Documents and Settings\bilbo\My Documents\Switch Skate REOPENED\panel\index.php --> host215.ipowerweb.com /public_html/panel index.php
2004.12.06 21:52 B G:\Documents and Settings\bilbo\My Documents\Switch Skate REOPENED\panel\header.php --> host215.ipowerweb.com /public_html/panel header.php
2004.12.06 21:52 B G:\Documents and Settings\bilbo\My Documents\Switch Skate REOPENED\panel\header.php --> host215.ipowerweb.com /public_html/panel/submissions header.php
2004.12.06 21:52 B G:\Documents and Settings\bilbo\My Documents\Switch Skate REOPENED\panel\header.php --> host215.ipowerweb.com /public_html/panel/content header.php
2004.12.06 21:52 B G:\Documents and Settings\bilbo\My Documents\Switch Skate REOPENED\panel\header.php --> host215.ipowerweb.com /public_html/panel/basics header.php
2004.12.06 21:53 B G:\Documents and Settings\bilbo\My Documents\Switch Skate REOPENED\panel\header.php --> host215.ipowerweb.com /public_html/panel/basics header.php
2004.12.06 21:53 B G:\Documents and Settings\bilbo\My Documents\Switch Skate REOPENED\panel\header.php --> host215.ipowerweb.com /public_html/panel header.php
2004.12.06 21:54 B G:\Documents and Settings\bilbo\My Documents\Switch Skate REOPENED\panel\header.php --> host215.ipowerweb.com /public_html/panel header.php
2004.12.06 21:55 B G:\Documents and Settings\bilbo\My Documents\Switch Skate REOPENED\panel\header.php --> host215.ipowerweb.com /public_html/panel header.php
2004.12.06 21:59 B G:\Documents and Settings\bilbo\My Documents\Switch Skate REOPENED\panel\header.php --> host215.ipowerweb.com /public_html/panel header.php
2004.12.06 22:00 B G:\Documents and Settings\bilbo\My Documents\Switch Skate REOPENED\panel\header.php --> host215.ipowerweb.com /public_html/panel header.php
2004.12.06 22:00 B G:\Documents and Settings\bilbo\My Documents\Switch Skate REOPENED\panel\header.php --> host215.ipowerweb.com /public_html/panel header.php
2004.12.06 22:02 B G:\Documents and Settings\bilbo\My Documents\Switch Skate REOPENED\panel\header.php --> host215.ipowerweb.com /public_html/panel/submissions header.php
2004.12.06 22:02 B G:\Documents and Settings\bilbo\My Documents\Switch Skate REOPENED\panel\header.php --> host215.ipowerweb.com /public_html/panel/content header.php
2004.12.06 22:02 B G:\Documents and Settings\bilbo\My Documents\Switch Skate REOPENED\panel\header.php --> host215.ipowerweb.com /public_html/panel/basics header.php
2004.12.06 23:18 B G:\Documents and Settings\bilbo\My Documents\Switch Skate REOPENED\panel\index.php --> host215.ipowerweb.com /public_html/panel index.php
2004.12.20 16:11 B G:\Documents and Settings\bilbo\My Documents\Switch Skate REOPENED\panel\index.php --> host215.ipowerweb.com /public_html/panel index.php
2004.12.20 18:56 B G:\Documents and Settings\bilbo\My Documents\Switch Skate REOPENED\panel\index.php --> host215.ipowerweb.com /public_html/panel index.php
2004.12.20 18:59 B G:\Documents and Settings\bilbo\My Documents\Switch Skate REOPENED\panel\index.php --> host215.ipowerweb.com /public_html/panel index.php
2004.12.20 19:05 B G:\Documents and Settings\bilbo\My Documents\Switch Skate REOPENED\panel\header.php --> host215.ipowerweb.com /public_html/panel header.php
2004.12.20 19:05 B G:\Documents and Settings\bilbo\My Documents\Switch Skate REOPENED\panel\header.php --> host215.ipowerweb.com /public_html/panel/submissions header.php
2004.12.20 19:05 B G:\Documents and Settings\bilbo\My Documents\Switch Skate REOPENED\panel\header.php --> host215.ipowerweb.com /public_html/panel/content header.php
2004.12.20 19:05 B G:\Documents and Settings\bilbo\My Documents\Switch Skate REOPENED\panel\header.php --> host215.ipowerweb.com /public_html/panel/basics header.php
2004.12.20 19:12 B G:\Documents and Settings\bilbo\My Documents\Switch Skate REOPENED\panel\header.php --> host215.ipowerweb.com /public_html/panel header.php
2004.12.20 19:12 B G:\Documents and Settings\bilbo\My Documents\Switch Skate REOPENED\panel\index.php --> host215.ipowerweb.com /public_html/panel index.php
2004.12.20 19:12 B G:\Documents and Settings\bilbo\My Documents\Switch Skate REOPENED\panel\header.php --> host215.ipowerweb.com /public_html/panel/submissions header.php
2004.12.20 19:12 B G:\Documents and Settings\bilbo\My Documents\Switch Skate REOPENED\panel\header.php --> host215.ipowerweb.com /public_html/panel/content header.php
2004.12.20 19:12 B G:\Documents and Settings\bilbo\My Documents\Switch Skate REOPENED\panel\header.php --> host215.ipowerweb.com /public_html/panel/basics header.php
2004.12.20 19:21 B G:\Documents and Settings\bilbo\My Documents\Switch Skate REOPENED\panel\header.php --> host215.ipowerweb.com /public_html/panel header.php
2004.12.20 19:21 B G:\Documents and Settings\bilbo\My Documents\Switch Skate REOPENED\panel\header.php --> host215.ipowerweb.com /public_html/panel/submissions header.php
2004.12.20 19:21 B G:\Documents and Settings\bilbo\My Documents\Switch Skate REOPENED\panel\header.php --> host215.ipowerweb.com /public_html/panel/content header.php
2004.12.20 19:23 B G:\Documents and Settings\bilbo\My Documents\Switch Skate REOPENED\panel\header.php --> host215.ipowerweb.com /public_html/panel/content header.php
2004.12.20 19:23 B G:\Documents and Settings\bilbo\My Documents\Switch Skate REOPENED\panel\header.php --> host215.ipowerweb.com /public_html/panel/basics header.php
2004.12.20 19:30 B G:\Documents and Settings\bilbo\My Documents\Switch Skate REOPENED\panel\index.php --> host215.ipowerweb.com /public_html/panel index.php
2004.12.20 20:04 B G:\Documents and Settings\bilbo\My Documents\Switch Skate REOPENED\panel\index.php --> host215.ipowerweb.com /public_html/panel index.php
2004.12.22 13:22 B G:\Documents and Settings\bilbo\My Documents\Switch Skate REOPENED\panel\header.php --> host215.ipowerweb.com /public_html/panel header.php
2004.12.22 13:22 B G:\Documents and Settings\bilbo\My Documents\Switch Skate REOPENED\panel\header.php --> host215.ipowerweb.com /public_html/panel/submissions header.php
2004.12.22 13:22 B G:\Documents and Settings\bilbo\My Documents\Switch Skate REOPENED\panel\header.php --> host215.ipowerweb.com /public_html/panel/content header.php
2004.12.22 13:22 B G:\Documents and Settings\bilbo\My Documents\Switch Skate REOPENED\panel\header.php --> host215.ipowerweb.com /public_html/panel/content header.php
2004.12.22 13:23 B G:\Documents and Settings\bilbo\My Documents\Switch Skate REOPENED\panel\header.php --> host215.ipowerweb.com /public_html/panel/basics header.php
2004.12.25 18:39 B G:\Documents and Settings\bilbo\My Documents\Switch Skate REOPENED\panel\header.php --> host215.ipowerweb.com /public_html/panel header.php
2004.12.25 18:39 B G:\Documents and Settings\bilbo\My Documents\Switch Skate REOPENED\panel\header.php --> host215.ipowerweb.com /public_html/panel/submissions header.php
2004.12.25 18:39 B G:\Documents and Settings\bilbo\My Documents\Switch Skate REOPENED\panel\header.php --> host215.ipowerweb.com /public_html/panel/content header.php
2004.12.25 18:39 B G:\Documents and Settings\bilbo\My Documents\Switch Skate REOPENED\panel\header.php --> host215.ipowerweb.com /public_html/panel/basics header.php
2005.01.27 23:23 B G:\Documents and Settings\bilbo\My Documents\Programming\Web Sites\Switch Skate\panel\header.php --> host215.ipowerweb.com /public_html/panel header.php
2005.01.27 23:23 B G:\Documents and Settings\bilbo\My Documents\Programming\Web Sites\Switch Skate\panel\index.php --> host215.ipowerweb.com /public_html/panel index.php
2005.01.27 23:23 B G:\Documents and Settings\bilbo\My Documents\Programming\Web Sites\Switch Skate\panel\header.php --> host215.ipowerweb.com /public_html/panel/submissions header.php
2005.01.27 23:24 B G:\Documents and Settings\bilbo\My Documents\Programming\Web Sites\Switch Skate\panel\header.php --> host215.ipowerweb.com /public_html/panel/submissions header.php
2005.01.27 23:24 B G:\Documents and Settings\bilbo\My Documents\Programming\Web Sites\Switch Skate\panel\header.php --> host215.ipowerweb.com /public_html/panel/content header.php
2005.01.27 23:24 B G:\Documents and Settings\bilbo\My Documents\Programming\Web Sites\Switch Skate\panel\header.php --> host215.ipowerweb.com /public_html/panel/basics header.php
