2005.08.29 22:01 B C:\Documents and Settings\Adam.ADAMK\My Documents\Programming\Switch Skate\Layouts\Backups\File Backups\public_html\20\images\border.psd <-- Switch Skate /public_html/20/images border.psd
2005.08.29 22:01 B C:\Documents and Settings\Adam.ADAMK\My Documents\Programming\Switch Skate\Layouts\Backups\File Backups\public_html\20\images\bottom.gif <-- Switch Skate /public_html/20/images bottom.gif
2005.08.29 22:01 B C:\Documents and Settings\Adam.ADAMK\My Documents\Programming\Switch Skate\Layouts\Backups\File Backups\public_html\20\images\cbb2.gif <-- Switch Skate /public_html/20/images cbb2.gif
2005.08.29 22:02 B C:\Documents and Settings\Adam.ADAMK\My Documents\Programming\Switch Skate\Layouts\Backups\File Backups\public_html\20\images\cbb3.gif <-- Switch Skate /public_html/20/images cbb3.gif
2005.08.29 22:02 B C:\Documents and Settings\Adam.ADAMK\My Documents\Programming\Switch Skate\Layouts\Backups\File Backups\public_html\20\images\cbbshort.gif <-- Switch Skate /public_html/20/images cbbshort.gif
2005.08.29 22:02 B C:\Documents and Settings\Adam.ADAMK\My Documents\Programming\Switch Skate\Layouts\Backups\File Backups\public_html\20\images\cbbshort.psd <-- Switch Skate /public_html/20/images cbbshort.psd
2005.08.29 22:02 B C:\Documents and Settings\Adam.ADAMK\My Documents\Programming\Switch Skate\Layouts\Backups\File Backups\public_html\20\images\cbbwide.gif <-- Switch Skate /public_html/20/images cbbwide.gif
2005.08.29 22:02 B C:\Documents and Settings\Adam.ADAMK\My Documents\Programming\Switch Skate\Layouts\Backups\File Backups\public_html\20\images\cbbwide.psd <-- Switch Skate /public_html/20/images cbbwide.psd
2005.08.29 22:02 B C:\Documents and Settings\Adam.ADAMK\My Documents\Programming\Switch Skate\Layouts\Backups\File Backups\public_html\20\images\contentbox.psd <-- Switch Skate /public_html/20/images contentbox.psd
2005.08.29 22:02 B C:\Documents and Settings\Adam.ADAMK\My Documents\Programming\Switch Skate\Layouts\Backups\File Backups\public_html\20\images\ctboxbg.gif <-- Switch Skate /public_html/20/images ctboxbg.gif
2005.08.29 22:02 B C:\Documents and Settings\Adam.ADAMK\My Documents\Programming\Switch Skate\Layouts\Backups\File Backups\public_html\20\images\ctboxbg.psd <-- Switch Skate /public_html/20/images ctboxbg.psd
2005.08.29 22:02 B C:\Documents and Settings\Adam.ADAMK\My Documents\Programming\Switch Skate\Layouts\Backups\File Backups\public_html\20\images\favicon.ico <-- Switch Skate /public_html/20/images favicon.ico
2005.08.29 22:02 B C:\Documents and Settings\Adam.ADAMK\My Documents\Programming\Switch Skate\Layouts\Backups\File Backups\public_html\20\images\favicon.psd <-- Switch Skate /public_html/20/images favicon.psd
2005.08.29 22:02 B C:\Documents and Settings\Adam.ADAMK\My Documents\Programming\Switch Skate\Layouts\Backups\File Backups\public_html\20\images\favicon2.psd <-- Switch Skate /public_html/20/images favicon2.psd
2005.08.29 22:02 B C:\Documents and Settings\Adam.ADAMK\My Documents\Programming\Switch Skate\Layouts\Backups\File Backups\public_html\20\images\headerwhole.gif <-- Switch Skate /public_html/20/images headerwhole.gif
2005.08.29 22:03 B C:\Documents and Settings\Adam.ADAMK\My Documents\Programming\Switch Skate\Layouts\Backups\File Backups\public_html\20\images\headerwhole.psd <-- Switch Skate /public_html/20/images headerwhole.psd
2005.08.29 22:03 B C:\Documents and Settings\Adam.ADAMK\My Documents\Programming\Switch Skate\Layouts\Backups\File Backups\public_html\20\images\headerwholec.gif <-- Switch Skate /public_html/20/images headerwholec.gif
2005.08.29 22:04 B C:\Documents and Settings\Adam.ADAMK\My Documents\Programming\Switch Skate\Layouts\Backups\File Backups\public_html\20\images\headerwholec.psd <-- Switch Skate /public_html/20/images headerwholec.psd
2005.08.29 22:04 B C:\Documents and Settings\Adam.ADAMK\My Documents\Programming\Switch Skate\Layouts\Backups\File Backups\public_html\20\images\sitelayout-wavecontent.psd <-- Switch Skate /public_html/20/images sitelayout-wavecontent.psd
2005.08.29 22:04 B C:\Documents and Settings\Adam.ADAMK\My Documents\Programming\Switch Skate\Layouts\Backups\File Backups\public_html\20\images\sslogo.psd <-- Switch Skate /public_html/20/images sslogo.psd
2005.08.29 22:04 B C:\Documents and Settings\Adam.ADAMK\My Documents\Programming\Switch Skate\Layouts\Backups\File Backups\public_html\20\images\top.gif <-- Switch Skate /public_html/20/images top.gif
2005.08.29 22:04 B C:\Documents and Settings\Adam.ADAMK\My Documents\Programming\Switch Skate\Layouts\Backups\File Backups\public_html\20\images\top.psd <-- Switch Skate /public_html/20/images top.psd
2005.08.29 22:04 B C:\Documents and Settings\Adam.ADAMK\My Documents\Programming\Switch Skate\Layouts\Backups\File Backups\public_html\20\images\tut1.gif <-- Switch Skate /public_html/20/images tut1.gif
2005.08.29 22:05 B C:\Documents and Settings\Adam.ADAMK\My Documents\Programming\Switch Skate\Layouts\Backups\File Backups\public_html\20\images\tut1.psd <-- Switch Skate /public_html/20/images tut1.psd
2005.08.29 22:05 B C:\Documents and Settings\Adam.ADAMK\My Documents\Programming\Switch Skate\Layouts\Backups\File Backups\public_html\20\images\vert.gif <-- Switch Skate /public_html/20/images vert.gif
