2005.08.29 23:00 B C:\Documents and Settings\Adam.ADAMK\My Documents\Programming\Switch Skate\Layouts\Backups\File Backups\public_html\forums\images\rebirth\address.gif <-- Switch Skate /public_html/forums/images/rebirth address.gif
2005.08.29 23:00 B C:\Documents and Settings\Adam.ADAMK\My Documents\Programming\Switch Skate\Layouts\Backups\File Backups\public_html\forums\images\rebirth\aim.gif <-- Switch Skate /public_html/forums/images/rebirth aim.gif
2005.08.29 23:01 B C:\Documents and Settings\Adam.ADAMK\My Documents\Programming\Switch Skate\Layouts\Backups\File Backups\public_html\forums\images\rebirth\arrow_dw.gif <-- Switch Skate /public_html/forums/images/rebirth arrow_dw.gif
2005.08.29 23:01 B C:\Documents and Settings\Adam.ADAMK\My Documents\Programming\Switch Skate\Layouts\Backups\File Backups\public_html\forums\images\rebirth\arrow_up.gif <-- Switch Skate /public_html/forums/images/rebirth arrow_up.gif
2005.08.29 23:01 B C:\Documents and Settings\Adam.ADAMK\My Documents\Programming\Switch Skate\Layouts\Backups\File Backups\public_html\forums\images\rebirth\b.gif <-- Switch Skate /public_html/forums/images/rebirth b.gif
2005.08.29 23:01 B C:\Documents and Settings\Adam.ADAMK\My Documents\Programming\Switch Skate\Layouts\Backups\File Backups\public_html\forums\images\rebirth\bb_bold.gif <-- Switch Skate /public_html/forums/images/rebirth bb_bold.gif
2005.08.29 23:01 B C:\Documents and Settings\Adam.ADAMK\My Documents\Programming\Switch Skate\Layouts\Backups\File Backups\public_html\forums\images\rebirth\bb_center.gif <-- Switch Skate /public_html/forums/images/rebirth bb_center.gif
2005.08.29 23:01 B C:\Documents and Settings\Adam.ADAMK\My Documents\Programming\Switch Skate\Layouts\Backups\File Backups\public_html\forums\images\rebirth\bb_code.gif <-- Switch Skate /public_html/forums/images/rebirth bb_code.gif
2005.08.29 23:01 B C:\Documents and Settings\Adam.ADAMK\My Documents\Programming\Switch Skate\Layouts\Backups\File Backups\public_html\forums\images\rebirth\bb_email.gif <-- Switch Skate /public_html/forums/images/rebirth bb_email.gif
2005.08.29 23:01 B C:\Documents and Settings\Adam.ADAMK\My Documents\Programming\Switch Skate\Layouts\Backups\File Backups\public_html\forums\images\rebirth\bb_hide.gif <-- Switch Skate /public_html/forums/images/rebirth bb_hide.gif
2005.08.29 23:01 B C:\Documents and Settings\Adam.ADAMK\My Documents\Programming\Switch Skate\Layouts\Backups\File Backups\public_html\forums\images\rebirth\bb_image.gif <-- Switch Skate /public_html/forums/images/rebirth bb_image.gif
2005.08.29 23:01 B C:\Documents and Settings\Adam.ADAMK\My Documents\Programming\Switch Skate\Layouts\Backups\File Backups\public_html\forums\images\rebirth\bb_italicize.gif <-- Switch Skate /public_html/forums/images/rebirth bb_italicize.gif
2005.08.29 23:01 B C:\Documents and Settings\Adam.ADAMK\My Documents\Programming\Switch Skate\Layouts\Backups\File Backups\public_html\forums\images\rebirth\bb_list.gif <-- Switch Skate /public_html/forums/images/rebirth bb_list.gif
2005.08.29 23:01 B C:\Documents and Settings\Adam.ADAMK\My Documents\Programming\Switch Skate\Layouts\Backups\File Backups\public_html\forums\images\rebirth\bb_quote.gif <-- Switch Skate /public_html/forums/images/rebirth bb_quote.gif
2005.08.29 23:01 B C:\Documents and Settings\Adam.ADAMK\My Documents\Programming\Switch Skate\Layouts\Backups\File Backups\public_html\forums\images\rebirth\bb_underline.gif <-- Switch Skate /public_html/forums/images/rebirth bb_underline.gif
2005.08.29 23:01 B C:\Documents and Settings\Adam.ADAMK\My Documents\Programming\Switch Skate\Layouts\Backups\File Backups\public_html\forums\images\rebirth\bb_url.gif <-- Switch Skate /public_html/forums/images/rebirth bb_url.gif
2005.08.29 23:01 B C:\Documents and Settings\Adam.ADAMK\My Documents\Programming\Switch Skate\Layouts\Backups\File Backups\public_html\forums\images\rebirth\bbrules.gif <-- Switch Skate /public_html/forums/images/rebirth bbrules.gif
2005.08.29 23:01 B C:\Documents and Settings\Adam.ADAMK\My Documents\Programming\Switch Skate\Layouts\Backups\File Backups\public_html\forums\images\rebirth\comment.gif <-- Switch Skate /public_html/forums/images/rebirth comment.gif
2005.08.29 23:01 B C:\Documents and Settings\Adam.ADAMK\My Documents\Programming\Switch Skate\Layouts\Backups\File Backups\public_html\forums\images\rebirth\confirm.gif <-- Switch Skate /public_html/forums/images/rebirth confirm.gif
2005.08.29 23:01 B C:\Documents and Settings\Adam.ADAMK\My Documents\Programming\Switch Skate\Layouts\Backups\File Backups\public_html\forums\images\rebirth\dot_folder.gif <-- Switch Skate /public_html/forums/images/rebirth dot_folder.gif
2005.08.29 23:01 B C:\Documents and Settings\Adam.ADAMK\My Documents\Programming\Switch Skate\Layouts\Backups\File Backups\public_html\forums\images\rebirth\dot_hot_folder.gif <-- Switch Skate /public_html/forums/images/rebirth dot_hot_folder.gif
2005.08.29 23:01 B C:\Documents and Settings\Adam.ADAMK\My Documents\Programming\Switch Skate\Layouts\Backups\File Backups\public_html\forums\images\rebirth\dot_hot_red_folder.gif <-- Switch Skate /public_html/forums/images/rebirth dot_hot_red_folder.gif
2005.08.29 23:01 B C:\Documents and Settings\Adam.ADAMK\My Documents\Programming\Switch Skate\Layouts\Backups\File Backups\public_html\forums\images\rebirth\dot_red_folder.gif <-- Switch Skate /public_html/forums/images/rebirth dot_red_folder.gif
2005.08.29 23:01 B C:\Documents and Settings\Adam.ADAMK\My Documents\Programming\Switch Skate\Layouts\Backups\File Backups\public_html\forums\images\rebirth\download.gif <-- Switch Skate /public_html/forums/images/rebirth download.gif
2005.08.29 23:01 B C:\Documents and Settings\Adam.ADAMK\My Documents\Programming\Switch Skate\Layouts\Backups\File Backups\public_html\forums\images\rebirth\edit.gif <-- Switch Skate /public_html/forums/images/rebirth edit.gif
2005.08.29 23:01 B C:\Documents and Settings\Adam.ADAMK\My Documents\Programming\Switch Skate\Layouts\Backups\File Backups\public_html\forums\images\rebirth\email.gif <-- Switch Skate /public_html/forums/images/rebirth email.gif
2005.08.29 23:01 B C:\Documents and Settings\Adam.ADAMK\My Documents\Programming\Switch Skate\Layouts\Backups\File Backups\public_html\forums\images\rebirth\error.gif <-- Switch Skate /public_html/forums/images/rebirth error.gif
2005.08.29 23:01 B C:\Documents and Settings\Adam.ADAMK\My Documents\Programming\Switch Skate\Layouts\Backups\File Backups\public_html\forums\images\rebirth\faq.gif <-- Switch Skate /public_html/forums/images/rebirth faq.gif
2005.08.29 23:01 B C:\Documents and Settings\Adam.ADAMK\My Documents\Programming\Switch Skate\Layouts\Backups\File Backups\public_html\forums\images\rebirth\find.gif <-- Switch Skate /public_html/forums/images/rebirth find.gif
2005.08.29 23:01 B C:\Documents and Settings\Adam.ADAMK\My Documents\Programming\Switch Skate\Layouts\Backups\File Backups\public_html\forums\images\rebirth\folder.gif <-- Switch Skate /public_html/forums/images/rebirth folder.gif
2005.08.29 23:01 B C:\Documents and Settings\Adam.ADAMK\My Documents\Programming\Switch Skate\Layouts\Backups\File Backups\public_html\forums\images\rebirth\forumhead2.gif <-- Switch Skate /public_html/forums/images/rebirth forumhead2.gif
2005.08.29 23:01 B C:\Documents and Settings\Adam.ADAMK\My Documents\Programming\Switch Skate\Layouts\Backups\File Backups\public_html\forums\images\rebirth\g.gif <-- Switch Skate /public_html/forums/images/rebirth g.gif
2005.08.29 23:01 B C:\Documents and Settings\Adam.ADAMK\My Documents\Programming\Switch Skate\Layouts\Backups\File Backups\public_html\forums\images\rebirth\home.gif <-- Switch Skate /public_html/forums/images/rebirth home.gif
2005.08.29 23:01 B C:\Documents and Settings\Adam.ADAMK\My Documents\Programming\Switch Skate\Layouts\Backups\File Backups\public_html\forums\images\rebirth\hot_folder.gif <-- Switch Skate /public_html/forums/images/rebirth hot_folder.gif
2005.08.29 23:01 B C:\Documents and Settings\Adam.ADAMK\My Documents\Programming\Switch Skate\Layouts\Backups\File Backups\public_html\forums\images\rebirth\hot_red_folder.gif <-- Switch Skate /public_html/forums/images/rebirth hot_red_folder.gif
2005.08.29 23:01 B C:\Documents and Settings\Adam.ADAMK\My Documents\Programming\Switch Skate\Layouts\Backups\File Backups\public_html\forums\images\rebirth\icq_add.gif <-- Switch Skate /public_html/forums/images/rebirth icq_add.gif
2005.08.29 23:01 B C:\Documents and Settings\Adam.ADAMK\My Documents\Programming\Switch Skate\Layouts\Backups\File Backups\public_html\forums\images\rebirth\inbox.gif <-- Switch Skate /public_html/forums/images/rebirth inbox.gif
2005.08.29 23:01 B C:\Documents and Settings\Adam.ADAMK\My Documents\Programming\Switch Skate\Layouts\Backups\File Backups\public_html\forums\images\rebirth\index.html <-- Switch Skate /public_html/forums/images/rebirth index.html
2005.08.29 23:01 B C:\Documents and Settings\Adam.ADAMK\My Documents\Programming\Switch Skate\Layouts\Backups\File Backups\public_html\forums\images\rebirth\ip.gif <-- Switch Skate /public_html/forums/images/rebirth ip.gif
2005.08.29 23:01 B C:\Documents and Settings\Adam.ADAMK\My Documents\Programming\Switch Skate\Layouts\Backups\File Backups\public_html\forums\images\rebirth\ipost.gif <-- Switch Skate /public_html/forums/images/rebirth ipost.gif
2005.08.29 23:01 B C:\Documents and Settings\Adam.ADAMK\My Documents\Programming\Switch Skate\Layouts\Backups\File Backups\public_html\forums\images\rebirth\lastpost.gif <-- Switch Skate /public_html/forums/images/rebirth lastpost.gif
2005.08.29 23:01 B C:\Documents and Settings\Adam.ADAMK\My Documents\Programming\Switch Skate\Layouts\Backups\File Backups\public_html\forums\images\rebirth\lock_folder.gif <-- Switch Skate /public_html/forums/images/rebirth lock_folder.gif
2005.08.29 23:01 B C:\Documents and Settings\Adam.ADAMK\My Documents\Programming\Switch Skate\Layouts\Backups\File Backups\public_html\forums\images\rebirth\locku2u.gif <-- Switch Skate /public_html/forums/images/rebirth locku2u.gif
2005.08.29 23:01 B C:\Documents and Settings\Adam.ADAMK\My Documents\Programming\Switch Skate\Layouts\Backups\File Backups\public_html\forums\images\rebirth\logo.gif <-- Switch Skate /public_html/forums/images/rebirth logo.gif
2005.08.29 23:01 B C:\Documents and Settings\Adam.ADAMK\My Documents\Programming\Switch Skate\Layouts\Backups\File Backups\public_html\forums\images\rebirth\members_list.gif <-- Switch Skate /public_html/forums/images/rebirth members_list.gif
2005.08.29 23:01 B C:\Documents and Settings\Adam.ADAMK\My Documents\Programming\Switch Skate\Layouts\Backups\File Backups\public_html\forums\images\rebirth\msn.gif <-- Switch Skate /public_html/forums/images/rebirth msn.gif
2005.08.29 23:01 B C:\Documents and Settings\Adam.ADAMK\My Documents\Programming\Switch Skate\Layouts\Backups\File Backups\public_html\forums\images\rebirth\newbankrequest.gif <-- Switch Skate /public_html/forums/images/rebirth newbankrequest.gif
2005.08.29 23:01 B C:\Documents and Settings\Adam.ADAMK\My Documents\Programming\Switch Skate\Layouts\Backups\File Backups\public_html\forums\images\rebirth\newmessage.gif <-- Switch Skate /public_html/forums/images/rebirth newmessage.gif
2005.08.29 23:01 B C:\Documents and Settings\Adam.ADAMK\My Documents\Programming\Switch Skate\Layouts\Backups\File Backups\public_html\forums\images\rebirth\newtopic.gif <-- Switch Skate /public_html/forums/images/rebirth newtopic.gif
2005.08.29 23:01 B C:\Documents and Settings\Adam.ADAMK\My Documents\Programming\Switch Skate\Layouts\Backups\File Backups\public_html\forums\images\rebirth\newu2u.gif <-- Switch Skate /public_html/forums/images/rebirth newu2u.gif
2005.08.29 23:01 B C:\Documents and Settings\Adam.ADAMK\My Documents\Programming\Switch Skate\Layouts\Backups\File Backups\public_html\forums\images\rebirth\online.gif <-- Switch Skate /public_html/forums/images/rebirth online.gif
2005.08.29 23:01 B C:\Documents and Settings\Adam.ADAMK\My Documents\Programming\Switch Skate\Layouts\Backups\File Backups\public_html\forums\images\rebirth\online_guest.gif <-- Switch Skate /public_html/forums/images/rebirth online_guest.gif
2005.08.29 23:01 B C:\Documents and Settings\Adam.ADAMK\My Documents\Programming\Switch Skate\Layouts\Backups\File Backups\public_html\forums\images\rebirth\outbox.gif <-- Switch Skate /public_html/forums/images/rebirth outbox.gif
2005.08.29 23:01 B C:\Documents and Settings\Adam.ADAMK\My Documents\Programming\Switch Skate\Layouts\Backups\File Backups\public_html\forums\images\rebirth\pin.gif <-- Switch Skate /public_html/forums/images/rebirth pin.gif
2005.08.29 23:01 B C:\Documents and Settings\Adam.ADAMK\My Documents\Programming\Switch Skate\Layouts\Backups\File Backups\public_html\forums\images\rebirth\pixel.gif <-- Switch Skate /public_html/forums/images/rebirth pixel.gif
2005.08.29 23:01 B C:\Documents and Settings\Adam.ADAMK\My Documents\Programming\Switch Skate\Layouts\Backups\File Backups\public_html\forums\images\rebirth\poll.gif <-- Switch Skate /public_html/forums/images/rebirth poll.gif
2005.08.29 23:01 B C:\Documents and Settings\Adam.ADAMK\My Documents\Programming\Switch Skate\Layouts\Backups\File Backups\public_html\forums\images\rebirth\pollbar-e.gif <-- Switch Skate /public_html/forums/images/rebirth pollbar-e.gif
2005.08.29 23:01 B C:\Documents and Settings\Adam.ADAMK\My Documents\Programming\Switch Skate\Layouts\Backups\File Backups\public_html\forums\images\rebirth\pollbar-s.gif <-- Switch Skate /public_html/forums/images/rebirth pollbar-s.gif
2005.08.29 23:01 B C:\Documents and Settings\Adam.ADAMK\My Documents\Programming\Switch Skate\Layouts\Backups\File Backups\public_html\forums\images\rebirth\pollbar.gif <-- Switch Skate /public_html/forums/images/rebirth pollbar.gif
2005.08.29 23:01 B C:\Documents and Settings\Adam.ADAMK\My Documents\Programming\Switch Skate\Layouts\Backups\File Backups\public_html\forums\images\rebirth\pollsmall.gif <-- Switch Skate /public_html/forums/images/rebirth pollsmall.gif
2005.08.29 23:01 B C:\Documents and Settings\Adam.ADAMK\My Documents\Programming\Switch Skate\Layouts\Backups\File Backups\public_html\forums\images\rebirth\preview-1.gif <-- Switch Skate /public_html/forums/images/rebirth preview-1.gif
2005.08.29 23:01 B C:\Documents and Settings\Adam.ADAMK\My Documents\Programming\Switch Skate\Layouts\Backups\File Backups\public_html\forums\images\rebirth\preview-2.jpg <-- Switch Skate /public_html/forums/images/rebirth preview-2.jpg
2005.08.29 23:01 B C:\Documents and Settings\Adam.ADAMK\My Documents\Programming\Switch Skate\Layouts\Backups\File Backups\public_html\forums\images\rebirth\profile.gif <-- Switch Skate /public_html/forums/images/rebirth profile.gif
2005.08.29 23:01 B C:\Documents and Settings\Adam.ADAMK\My Documents\Programming\Switch Skate\Layouts\Backups\File Backups\public_html\forums\images\rebirth\quote.gif <-- Switch Skate /public_html/forums/images/rebirth quote.gif
2005.08.29 23:01 B C:\Documents and Settings\Adam.ADAMK\My Documents\Programming\Switch Skate\Layouts\Backups\File Backups\public_html\forums\images\rebirth\rebirth-header.gif <-- Switch Skate /public_html/forums/images/rebirth rebirth-header.gif
2005.08.29 23:01 B C:\Documents and Settings\Adam.ADAMK\My Documents\Programming\Switch Skate\Layouts\Backups\File Backups\public_html\forums\images\rebirth\rebirth-header.png <-- Switch Skate /public_html/forums/images/rebirth rebirth-header.png
2005.08.29 23:01 B C:\Documents and Settings\Adam.ADAMK\My Documents\Programming\Switch Skate\Layouts\Backups\File Backups\public_html\forums\images\rebirth\Rebirth-theme.xmb <-- Switch Skate /public_html/forums/images/rebirth Rebirth-theme.xmb
2005.08.29 23:02 B C:\Documents and Settings\Adam.ADAMK\My Documents\Programming\Switch Skate\Layouts\Backups\File Backups\public_html\forums\images\rebirth\red_folder.gif <-- Switch Skate /public_html/forums/images/rebirth red_folder.gif
2005.08.29 23:02 B C:\Documents and Settings\Adam.ADAMK\My Documents\Programming\Switch Skate\Layouts\Backups\File Backups\public_html\forums\images\rebirth\red_hot_folder.gif <-- Switch Skate /public_html/forums/images/rebirth red_hot_folder.gif
2005.08.29 23:02 B C:\Documents and Settings\Adam.ADAMK\My Documents\Programming\Switch Skate\Layouts\Backups\File Backups\public_html\forums\images\rebirth\reply.gif <-- Switch Skate /public_html/forums/images/rebirth reply.gif
2005.08.29 23:02 B C:\Documents and Settings\Adam.ADAMK\My Documents\Programming\Switch Skate\Layouts\Backups\File Backups\public_html\forums\images\rebirth\report.gif <-- Switch Skate /public_html/forums/images/rebirth report.gif
2005.08.29 23:02 B C:\Documents and Settings\Adam.ADAMK\My Documents\Programming\Switch Skate\Layouts\Backups\File Backups\public_html\forums\images\rebirth\search.gif <-- Switch Skate /public_html/forums/images/rebirth search.gif
2005.08.29 23:02 B C:\Documents and Settings\Adam.ADAMK\My Documents\Programming\Switch Skate\Layouts\Backups\File Backups\public_html\forums\images\rebirth\site.gif <-- Switch Skate /public_html/forums/images/rebirth site.gif
2005.08.29 23:02 B C:\Documents and Settings\Adam.ADAMK\My Documents\Programming\Switch Skate\Layouts\Backups\File Backups\public_html\forums\images\rebirth\star.gif <-- Switch Skate /public_html/forums/images/rebirth star.gif
2005.08.29 23:02 B C:\Documents and Settings\Adam.ADAMK\My Documents\Programming\Switch Skate\Layouts\Backups\File Backups\public_html\forums\images\rebirth\stats.gif <-- Switch Skate /public_html/forums/images/rebirth stats.gif
2005.08.29 23:02 B C:\Documents and Settings\Adam.ADAMK\My Documents\Programming\Switch Skate\Layouts\Backups\File Backups\public_html\forums\images\rebirth\statsbar.gif <-- Switch Skate /public_html/forums/images/rebirth statsbar.gif
2005.08.29 23:02 B C:\Documents and Settings\Adam.ADAMK\My Documents\Programming\Switch Skate\Layouts\Backups\File Backups\public_html\forums\images\rebirth\statsbarbday.gif <-- Switch Skate /public_html/forums/images/rebirth statsbarbday.gif
2005.08.29 23:02 B C:\Documents and Settings\Adam.ADAMK\My Documents\Programming\Switch Skate\Layouts\Backups\File Backups\public_html\forums\images\rebirth\todays_posts.gif <-- Switch Skate /public_html/forums/images/rebirth todays_posts.gif
2005.08.29 23:02 B C:\Documents and Settings\Adam.ADAMK\My Documents\Programming\Switch Skate\Layouts\Backups\File Backups\public_html\forums\images\rebirth\u2u.gif <-- Switch Skate /public_html/forums/images/rebirth u2u.gif
2005.08.29 23:02 B C:\Documents and Settings\Adam.ADAMK\My Documents\Programming\Switch Skate\Layouts\Backups\File Backups\public_html\forums\images\rebirth\u2u_in.gif <-- Switch Skate /public_html/forums/images/rebirth u2u_in.gif
2005.08.29 23:02 B C:\Documents and Settings\Adam.ADAMK\My Documents\Programming\Switch Skate\Layouts\Backups\File Backups\public_html\forums\images\rebirth\u2u_none.gif <-- Switch Skate /public_html/forums/images/rebirth u2u_none.gif
2005.08.29 23:02 B C:\Documents and Settings\Adam.ADAMK\My Documents\Programming\Switch Skate\Layouts\Backups\File Backups\public_html\forums\images\rebirth\yahoo.gif <-- Switch Skate /public_html/forums/images/rebirth yahoo.gif
2005.08.29 23:02 B C:\Documents and Settings\Adam.ADAMK\My Documents\Programming\Switch Skate\Layouts\Backups\File Backups\public_html\forums\images\Rebirth\address.gif <-- Switch Skate /public_html/forums/images/Rebirth address.gif
2005.08.29 23:02 B C:\Documents and Settings\Adam.ADAMK\My Documents\Programming\Switch Skate\Layouts\Backups\File Backups\public_html\forums\images\Rebirth\aim.gif <-- Switch Skate /public_html/forums/images/Rebirth aim.gif
2005.08.29 23:02 B C:\Documents and Settings\Adam.ADAMK\My Documents\Programming\Switch Skate\Layouts\Backups\File Backups\public_html\forums\images\Rebirth\arrow_dw.gif <-- Switch Skate /public_html/forums/images/Rebirth arrow_dw.gif
2005.08.29 23:02 B C:\Documents and Settings\Adam.ADAMK\My Documents\Programming\Switch Skate\Layouts\Backups\File Backups\public_html\forums\images\Rebirth\arrow_up.gif <-- Switch Skate /public_html/forums/images/Rebirth arrow_up.gif
2005.08.29 23:02 B C:\Documents and Settings\Adam.ADAMK\My Documents\Programming\Switch Skate\Layouts\Backups\File Backups\public_html\forums\images\Rebirth\bar.gif <-- Switch Skate /public_html/forums/images/Rebirth bar.gif
2005.08.29 23:02 B C:\Documents and Settings\Adam.ADAMK\My Documents\Programming\Switch Skate\Layouts\Backups\File Backups\public_html\forums\images\Rebirth\bar.jpg <-- Switch Skate /public_html/forums/images/Rebirth bar.jpg
2005.08.29 23:02 B C:\Documents and Settings\Adam.ADAMK\My Documents\Programming\Switch Skate\Layouts\Backups\File Backups\public_html\forums\images\Rebirth\bb_bold.gif <-- Switch Skate /public_html/forums/images/Rebirth bb_bold.gif
2005.08.29 23:02 B C:\Documents and Settings\Adam.ADAMK\My Documents\Programming\Switch Skate\Layouts\Backups\File Backups\public_html\forums\images\Rebirth\bb_center.gif <-- Switch Skate /public_html/forums/images/Rebirth bb_center.gif
2005.08.29 23:02 B C:\Documents and Settings\Adam.ADAMK\My Documents\Programming\Switch Skate\Layouts\Backups\File Backups\public_html\forums\images\Rebirth\bb_code.gif <-- Switch Skate /public_html/forums/images/Rebirth bb_code.gif
2005.08.29 23:02 B C:\Documents and Settings\Adam.ADAMK\My Documents\Programming\Switch Skate\Layouts\Backups\File Backups\public_html\forums\images\Rebirth\bb_email.gif <-- Switch Skate /public_html/forums/images/Rebirth bb_email.gif
2005.08.29 23:02 B C:\Documents and Settings\Adam.ADAMK\My Documents\Programming\Switch Skate\Layouts\Backups\File Backups\public_html\forums\images\Rebirth\bb_image.gif <-- Switch Skate /public_html/forums/images/Rebirth bb_image.gif
2005.08.29 23:02 B C:\Documents and Settings\Adam.ADAMK\My Documents\Programming\Switch Skate\Layouts\Backups\File Backups\public_html\forums\images\Rebirth\bb_italicize.gif <-- Switch Skate /public_html/forums/images/Rebirth bb_italicize.gif
2005.08.29 23:02 B C:\Documents and Settings\Adam.ADAMK\My Documents\Programming\Switch Skate\Layouts\Backups\File Backups\public_html\forums\images\Rebirth\bb_list.gif <-- Switch Skate /public_html/forums/images/Rebirth bb_list.gif
2005.08.29 23:02 B C:\Documents and Settings\Adam.ADAMK\My Documents\Programming\Switch Skate\Layouts\Backups\File Backups\public_html\forums\images\Rebirth\bb_quote.gif <-- Switch Skate /public_html/forums/images/Rebirth bb_quote.gif
2005.08.29 23:02 B C:\Documents and Settings\Adam.ADAMK\My Documents\Programming\Switch Skate\Layouts\Backups\File Backups\public_html\forums\images\Rebirth\bb_underline.gif <-- Switch Skate /public_html/forums/images/Rebirth bb_underline.gif
2005.08.29 23:02 B C:\Documents and Settings\Adam.ADAMK\My Documents\Programming\Switch Skate\Layouts\Backups\File Backups\public_html\forums\images\Rebirth\bb_url.gif <-- Switch Skate /public_html/forums/images/Rebirth bb_url.gif
2005.08.29 23:02 B C:\Documents and Settings\Adam.ADAMK\My Documents\Programming\Switch Skate\Layouts\Backups\File Backups\public_html\forums\images\Rebirth\bbrules.gif <-- Switch Skate /public_html/forums/images/Rebirth bbrules.gif
2005.08.29 23:02 B C:\Documents and Settings\Adam.ADAMK\My Documents\Programming\Switch Skate\Layouts\Backups\File Backups\public_html\forums\images\Rebirth\code.gif <-- Switch Skate /public_html/forums/images/Rebirth code.gif
2005.08.29 23:02 B C:\Documents and Settings\Adam.ADAMK\My Documents\Programming\Switch Skate\Layouts\Backups\File Backups\public_html\forums\images\Rebirth\dot_folder.gif <-- Switch Skate /public_html/forums/images/Rebirth dot_folder.gif
2005.08.29 23:02 B C:\Documents and Settings\Adam.ADAMK\My Documents\Programming\Switch Skate\Layouts\Backups\File Backups\public_html\forums\images\Rebirth\dot_hot_folder.gif <-- Switch Skate /public_html/forums/images/Rebirth dot_hot_folder.gif
2005.08.29 23:02 B C:\Documents and Settings\Adam.ADAMK\My Documents\Programming\Switch Skate\Layouts\Backups\File Backups\public_html\forums\images\Rebirth\dot_hot_red_folder.gif <-- Switch Skate /public_html/forums/images/Rebirth dot_hot_red_folder.gif
2005.08.29 23:02 B C:\Documents and Settings\Adam.ADAMK\My Documents\Programming\Switch Skate\Layouts\Backups\File Backups\public_html\forums\images\Rebirth\dot_red_folder.gif <-- Switch Skate /public_html/forums/images/Rebirth dot_red_folder.gif
2005.08.29 23:02 B C:\Documents and Settings\Adam.ADAMK\My Documents\Programming\Switch Skate\Layouts\Backups\File Backups\public_html\forums\images\Rebirth\edit.gif <-- Switch Skate /public_html/forums/images/Rebirth edit.gif
2005.08.29 23:02 B C:\Documents and Settings\Adam.ADAMK\My Documents\Programming\Switch Skate\Layouts\Backups\File Backups\public_html\forums\images\Rebirth\email.gif <-- Switch Skate /public_html/forums/images/Rebirth email.gif
2005.08.29 23:02 B C:\Documents and Settings\Adam.ADAMK\My Documents\Programming\Switch Skate\Layouts\Backups\File Backups\public_html\forums\images\Rebirth\faq.gif <-- Switch Skate /public_html/forums/images/Rebirth faq.gif
2005.08.29 23:02 B C:\Documents and Settings\Adam.ADAMK\My Documents\Programming\Switch Skate\Layouts\Backups\File Backups\public_html\forums\images\Rebirth\find.gif <-- Switch Skate /public_html/forums/images/Rebirth find.gif
2005.08.29 23:02 B C:\Documents and Settings\Adam.ADAMK\My Documents\Programming\Switch Skate\Layouts\Backups\File Backups\public_html\forums\images\Rebirth\folder.gif <-- Switch Skate /public_html/forums/images/Rebirth folder.gif
2005.08.29 23:02 B C:\Documents and Settings\Adam.ADAMK\My Documents\Programming\Switch Skate\Layouts\Backups\File Backups\public_html\forums\images\Rebirth\hot_folder.gif <-- Switch Skate /public_html/forums/images/Rebirth hot_folder.gif
2005.08.29 23:02 B C:\Documents and Settings\Adam.ADAMK\My Documents\Programming\Switch Skate\Layouts\Backups\File Backups\public_html\forums\images\Rebirth\hot_red_folder.gif <-- Switch Skate /public_html/forums/images/Rebirth hot_red_folder.gif
2005.08.29 23:02 B C:\Documents and Settings\Adam.ADAMK\My Documents\Programming\Switch Skate\Layouts\Backups\File Backups\public_html\forums\images\Rebirth\icq_add.gif <-- Switch Skate /public_html/forums/images/Rebirth icq_add.gif
2005.08.29 23:02 B C:\Documents and Settings\Adam.ADAMK\My Documents\Programming\Switch Skate\Layouts\Backups\File Backups\public_html\forums\images\Rebirth\inbox.gif <-- Switch Skate /public_html/forums/images/Rebirth inbox.gif
2005.08.29 23:02 B C:\Documents and Settings\Adam.ADAMK\My Documents\Programming\Switch Skate\Layouts\Backups\File Backups\public_html\forums\images\Rebirth\index.htm <-- Switch Skate /public_html/forums/images/Rebirth index.htm
2005.08.29 23:02 B C:\Documents and Settings\Adam.ADAMK\My Documents\Programming\Switch Skate\Layouts\Backups\File Backups\public_html\forums\images\Rebirth\ip.gif <-- Switch Skate /public_html/forums/images/Rebirth ip.gif
2005.08.29 23:02 B C:\Documents and Settings\Adam.ADAMK\My Documents\Programming\Switch Skate\Layouts\Backups\File Backups\public_html\forums\images\Rebirth\ipost.gif <-- Switch Skate /public_html/forums/images/Rebirth ipost.gif
2005.08.29 23:02 B C:\Documents and Settings\Adam.ADAMK\My Documents\Programming\Switch Skate\Layouts\Backups\File Backups\public_html\forums\images\Rebirth\lock_folder.gif <-- Switch Skate /public_html/forums/images/Rebirth lock_folder.gif
2005.08.29 23:02 B C:\Documents and Settings\Adam.ADAMK\My Documents\Programming\Switch Skate\Layouts\Backups\File Backups\public_html\forums\images\Rebirth\locku2u.gif <-- Switch Skate /public_html/forums/images/Rebirth locku2u.gif
2005.08.29 23:02 B C:\Documents and Settings\Adam.ADAMK\My Documents\Programming\Switch Skate\Layouts\Backups\File Backups\public_html\forums\images\Rebirth\logo.gif <-- Switch Skate /public_html/forums/images/Rebirth logo.gif
2005.08.29 23:02 B C:\Documents and Settings\Adam.ADAMK\My Documents\Programming\Switch Skate\Layouts\Backups\File Backups\public_html\forums\images\Rebirth\members_list.gif <-- Switch Skate /public_html/forums/images/Rebirth members_list.gif
2005.08.29 23:02 B C:\Documents and Settings\Adam.ADAMK\My Documents\Programming\Switch Skate\Layouts\Backups\File Backups\public_html\forums\images\Rebirth\msn.gif <-- Switch Skate /public_html/forums/images/Rebirth msn.gif
2005.08.29 23:02 B C:\Documents and Settings\Adam.ADAMK\My Documents\Programming\Switch Skate\Layouts\Backups\File Backups\public_html\forums\images\Rebirth\newtopic.gif <-- Switch Skate /public_html/forums/images/Rebirth newtopic.gif
2005.08.29 23:02 B C:\Documents and Settings\Adam.ADAMK\My Documents\Programming\Switch Skate\Layouts\Backups\File Backups\public_html\forums\images\Rebirth\newu2u.gif <-- Switch Skate /public_html/forums/images/Rebirth newu2u.gif
2005.08.29 23:02 B C:\Documents and Settings\Adam.ADAMK\My Documents\Programming\Switch Skate\Layouts\Backups\File Backups\public_html\forums\images\Rebirth\online.gif <-- Switch Skate /public_html/forums/images/Rebirth online.gif
2005.08.29 23:02 B C:\Documents and Settings\Adam.ADAMK\My Documents\Programming\Switch Skate\Layouts\Backups\File Backups\public_html\forums\images\Rebirth\outbox.gif <-- Switch Skate /public_html/forums/images/Rebirth outbox.gif
2005.08.29 23:02 B C:\Documents and Settings\Adam.ADAMK\My Documents\Programming\Switch Skate\Layouts\Backups\File Backups\public_html\forums\images\Rebirth\pin.gif <-- Switch Skate /public_html/forums/images/Rebirth pin.gif
2005.08.29 23:02 B C:\Documents and Settings\Adam.ADAMK\My Documents\Programming\Switch Skate\Layouts\Backups\File Backups\public_html\forums\images\Rebirth\poll.gif <-- Switch Skate /public_html/forums/images/Rebirth poll.gif
2005.08.29 23:02 B C:\Documents and Settings\Adam.ADAMK\My Documents\Programming\Switch Skate\Layouts\Backups\File Backups\public_html\forums\images\Rebirth\pollbar-e.gif <-- Switch Skate /public_html/forums/images/Rebirth pollbar-e.gif
2005.08.29 23:02 B C:\Documents and Settings\Adam.ADAMK\My Documents\Programming\Switch Skate\Layouts\Backups\File Backups\public_html\forums\images\Rebirth\pollbar-s.gif <-- Switch Skate /public_html/forums/images/Rebirth pollbar-s.gif
2005.08.29 23:02 B C:\Documents and Settings\Adam.ADAMK\My Documents\Programming\Switch Skate\Layouts\Backups\File Backups\public_html\forums\images\Rebirth\pollbar.gif <-- Switch Skate /public_html/forums/images/Rebirth pollbar.gif
2005.08.29 23:02 B C:\Documents and Settings\Adam.ADAMK\My Documents\Programming\Switch Skate\Layouts\Backups\File Backups\public_html\forums\images\Rebirth\pollsmall.gif <-- Switch Skate /public_html/forums/images/Rebirth pollsmall.gif
2005.08.29 23:02 B C:\Documents and Settings\Adam.ADAMK\My Documents\Programming\Switch Skate\Layouts\Backups\File Backups\public_html\forums\images\Rebirth\profile.gif <-- Switch Skate /public_html/forums/images/Rebirth profile.gif
2005.08.29 23:02 B C:\Documents and Settings\Adam.ADAMK\My Documents\Programming\Switch Skate\Layouts\Backups\File Backups\public_html\forums\images\Rebirth\quote.gif <-- Switch Skate /public_html/forums/images/Rebirth quote.gif
2005.08.29 23:02 B C:\Documents and Settings\Adam.ADAMK\My Documents\Programming\Switch Skate\Layouts\Backups\File Backups\public_html\forums\images\Rebirth\red_folder.gif <-- Switch Skate /public_html/forums/images/Rebirth red_folder.gif
2005.08.29 23:02 B C:\Documents and Settings\Adam.ADAMK\My Documents\Programming\Switch Skate\Layouts\Backups\File Backups\public_html\forums\images\Rebirth\reply.gif <-- Switch Skate /public_html/forums/images/Rebirth reply.gif
2005.08.29 23:02 B C:\Documents and Settings\Adam.ADAMK\My Documents\Programming\Switch Skate\Layouts\Backups\File Backups\public_html\forums\images\Rebirth\report.gif <-- Switch Skate /public_html/forums/images/Rebirth report.gif
2005.08.29 23:02 B C:\Documents and Settings\Adam.ADAMK\My Documents\Programming\Switch Skate\Layouts\Backups\File Backups\public_html\forums\images\Rebirth\search.gif <-- Switch Skate /public_html/forums/images/Rebirth search.gif
2005.08.29 23:02 B C:\Documents and Settings\Adam.ADAMK\My Documents\Programming\Switch Skate\Layouts\Backups\File Backups\public_html\forums\images\Rebirth\site.gif <-- Switch Skate /public_html/forums/images/Rebirth site.gif
2005.08.29 23:02 B C:\Documents and Settings\Adam.ADAMK\My Documents\Programming\Switch Skate\Layouts\Backups\File Backups\public_html\forums\images\Rebirth\star.gif <-- Switch Skate /public_html/forums/images/Rebirth star.gif
2005.08.29 23:02 B C:\Documents and Settings\Adam.ADAMK\My Documents\Programming\Switch Skate\Layouts\Backups\File Backups\public_html\forums\images\Rebirth\stats.gif <-- Switch Skate /public_html/forums/images/Rebirth stats.gif
2005.08.29 23:02 B C:\Documents and Settings\Adam.ADAMK\My Documents\Programming\Switch Skate\Layouts\Backups\File Backups\public_html\forums\images\Rebirth\statsbar.gif <-- Switch Skate /public_html/forums/images/Rebirth statsbar.gif
2005.08.29 23:02 B C:\Documents and Settings\Adam.ADAMK\My Documents\Programming\Switch Skate\Layouts\Backups\File Backups\public_html\forums\images\Rebirth\todays_posts.gif <-- Switch Skate /public_html/forums/images/Rebirth todays_posts.gif
2005.08.29 23:02 B C:\Documents and Settings\Adam.ADAMK\My Documents\Programming\Switch Skate\Layouts\Backups\File Backups\public_html\forums\images\Rebirth\u2u.gif <-- Switch Skate /public_html/forums/images/Rebirth u2u.gif
2005.08.29 23:02 B C:\Documents and Settings\Adam.ADAMK\My Documents\Programming\Switch Skate\Layouts\Backups\File Backups\public_html\forums\images\Rebirth\yahoo.gif <-- Switch Skate /public_html/forums/images/Rebirth yahoo.gif
