2005.06.06 18:28 A E:\Documents and Settings\Adam\My Documents\Web Design\Switch Skate\2006 Design\Test Template 5\index.php --> host215.ipowerweb.com /public_html/2006 index.php
2005.06.06 22:14 A E:\Documents and Settings\Adam\My Documents\Web Design\Switch Skate\2006 Design\Test Template 5\table_layout.php --> host215.ipowerweb.com /public_html/2006 table_layout.php
2005.06.06 22:15 A E:\Documents and Settings\Adam\My Documents\Web Design\Switch Skate\2006 Design\Test Template 5\table_layout.php --> host215.ipowerweb.com /public_html/2006 table_layout.php
2005.06.06 22:25 A E:\Documents and Settings\Adam\My Documents\Web Design\Switch Skate\2006 Design\Test Template 5\table_layout.php --> host215.ipowerweb.com /public_html/2006 table_layout.php
2005.06.06 22:25 A E:\Documents and Settings\Adam\My Documents\Web Design\Switch Skate\2006 Design\Test Template 5\siteprocess.php --> host215.ipowerweb.com /public_html/2006 siteprocess.php
2005.06.06 22:26 A E:\Documents and Settings\Adam\My Documents\Web Design\Switch Skate\2006 Design\Test Template 5\table_layout.php --> host215.ipowerweb.com /public_html/2006 table_layout.php
2005.06.06 22:26 A E:\Documents and Settings\Adam\My Documents\Web Design\Switch Skate\2006 Design\Test Template 5\table_layout.php --> host215.ipowerweb.com /public_html/2006 table_layout.php
2005.06.06 22:27 A E:\Documents and Settings\Adam\My Documents\Web Design\Switch Skate\2006 Design\Test Template 5\table_layout.php --> host215.ipowerweb.com /public_html/2006 table_layout.php
2005.06.06 22:27 A E:\Documents and Settings\Adam\My Documents\Web Design\Switch Skate\2006 Design\Test Template 5\table_layout.php --> host215.ipowerweb.com /public_html/2006 table_layout.php
2005.06.06 22:28 A E:\Documents and Settings\Adam\My Documents\Web Design\Switch Skate\2006 Design\Test Template 5\table_layout.php --> host215.ipowerweb.com /public_html/2006 table_layout.php
2005.06.06 22:28 A E:\Documents and Settings\Adam\My Documents\Web Design\Switch Skate\2006 Design\Test Template 5\siteprocess.php --> host215.ipowerweb.com /public_html/2006 siteprocess.php
2005.06.07 15:55 A E:\Documents and Settings\Adam\My Documents\Web Design\Switch Skate\2006 Design\Test Template 5\table_layout2.php --> host215.ipowerweb.com /public_html/2006 table_layout2.php
2005.06.07 15:56 A E:\Documents and Settings\Adam\My Documents\Web Design\Switch Skate\2006 Design\Test Template 5\table_layout2.php --> host215.ipowerweb.com /public_html/2006 table_layout2.php
2005.06.07 15:58 A E:\Documents and Settings\Adam\My Documents\Web Design\Switch Skate\2006 Design\Test Template 5\table_layout2.php --> host215.ipowerweb.com /public_html/2006 table_layout2.php
2005.06.07 16:04 A E:\Documents and Settings\Adam\My Documents\Web Design\Switch Skate\2006 Design\Test Template 5\table_layout2.php --> host215.ipowerweb.com /public_html/2006 table_layout2.php
2005.06.07 16:05 A E:\Documents and Settings\Adam\My Documents\Web Design\Switch Skate\2006 Design\Test Template 5\table_layout2.php --> host215.ipowerweb.com /public_html/2006 table_layout2.php
2005.06.07 16:06 A E:\Documents and Settings\Adam\My Documents\Web Design\Switch Skate\2006 Design\Test Template 5\table_layout2.php --> host215.ipowerweb.com /public_html/2006 table_layout2.php
2005.06.07 16:07 A E:\Documents and Settings\Adam\My Documents\Web Design\Switch Skate\2006 Design\Test Template 5\table_layout2.php --> host215.ipowerweb.com /public_html/2006 table_layout2.php
2005.06.07 16:10 A E:\Documents and Settings\Adam\My Documents\Web Design\Switch Skate\2006 Design\Test Template 5\table_layout2.php --> host215.ipowerweb.com /public_html/2006 table_layout2.php
2005.06.07 16:10 A E:\Documents and Settings\Adam\My Documents\Web Design\Switch Skate\2006 Design\Test Template 5\table_layout2.php --> host215.ipowerweb.com /public_html/2006 table_layout2.php
2005.06.07 16:11 A E:\Documents and Settings\Adam\My Documents\Web Design\Switch Skate\2006 Design\Test Template 5\table_layout2.php --> host215.ipowerweb.com /public_html/2006 table_layout2.php
2005.06.07 16:12 A E:\Documents and Settings\Adam\My Documents\Web Design\Switch Skate\2006 Design\Test Template 5\table_layout2.php --> host215.ipowerweb.com /public_html/2006 table_layout2.php
2005.06.07 16:14 A E:\Documents and Settings\Adam\My Documents\Web Design\Switch Skate\2006 Design\Test Template 5\table_layout2.php --> host215.ipowerweb.com /public_html/2006 table_layout2.php
2005.06.07 16:15 A E:\Documents and Settings\Adam\My Documents\Web Design\Switch Skate\2006 Design\Test Template 5\table_layout2.php --> host215.ipowerweb.com /public_html/2006 table_layout2.php
2005.06.07 16:18 A E:\Documents and Settings\Adam\My Documents\Web Design\Switch Skate\2006 Design\Test Template 5\table_layout2.php --> host215.ipowerweb.com /public_html/2006 table_layout2.php
2005.06.07 16:20 A E:\Documents and Settings\Adam\My Documents\Web Design\Switch Skate\2006 Design\Test Template 5\table_layout2.php --> host215.ipowerweb.com /public_html/2006 table_layout2.php
2005.06.07 16:26 A E:\Documents and Settings\Adam\My Documents\Web Design\Switch Skate\2006 Design\Test Template 5\table_layout2.php --> host215.ipowerweb.com /public_html/2006 table_layout2.php
2005.06.07 16:26 A E:\Documents and Settings\Adam\My Documents\Web Design\Switch Skate\2006 Design\Test Template 5\table_layout.php --> host215.ipowerweb.com /public_html/2006 table_layout.php
2005.06.07 16:30 A E:\Documents and Settings\Adam\My Documents\Web Design\Switch Skate\2006 Design\Test Template 5\table_layout.php --> host215.ipowerweb.com /public_html/2006 table_layout.php
2005.06.07 16:32 A E:\Documents and Settings\Adam\My Documents\Web Design\Switch Skate\2006 Design\Test Template 5\table_layout.php --> host215.ipowerweb.com /public_html/2006 table_layout.php
2005.06.07 18:34 A E:\Documents and Settings\Adam\My Documents\Web Design\Switch Skate\2006 Design\Test Template 5\index.php --> host215.ipowerweb.com /public_html/2006 index.php
2005.06.07 18:35 A E:\Documents and Settings\Adam\My Documents\Web Design\Switch Skate\2006 Design\Test Template 5\index.php --> host215.ipowerweb.com /public_html/2006 index.php
2005.06.07 18:36 A E:\Documents and Settings\Adam\My Documents\Web Design\Switch Skate\2006 Design\Test Template 5\index.php --> host215.ipowerweb.com /public_html/2006 index.php
2005.06.07 18:55 A E:\Documents and Settings\Adam\My Documents\Web Design\Switch Skate\2006 Design\Test Template 5\index.php --> host215.ipowerweb.com /public_html/2006 index.php
2005.06.07 18:56 A E:\Documents and Settings\Adam\My Documents\Web Design\Switch Skate\2006 Design\Test Template 5\index.php --> host215.ipowerweb.com /public_html/2006 index.php
2005.06.07 18:56 A E:\Documents and Settings\Adam\My Documents\Web Design\Switch Skate\2006 Design\Test Template 5\index.php --> host215.ipowerweb.com /public_html/2006 index.php
2005.06.07 18:57 A E:\Documents and Settings\Adam\My Documents\Web Design\Switch Skate\2006 Design\Test Template 5\table_layout.php --> host215.ipowerweb.com /public_html/2006 table_layout.php
2005.06.07 18:57 A E:\Documents and Settings\Adam\My Documents\Web Design\Switch Skate\2006 Design\Test Template 5\table_layout.php --> host215.ipowerweb.com /public_html/2006 table_layout.php
2005.06.07 18:58 A E:\Documents and Settings\Adam\My Documents\Web Design\Switch Skate\2006 Design\Test Template 5\table_layout.php --> host215.ipowerweb.com /public_html/2006 table_layout.php
2005.06.07 19:00 A E:\Documents and Settings\Adam\My Documents\Web Design\Switch Skate\2006 Design\Test Template 5\table_layout.php --> host215.ipowerweb.com /public_html/2006 table_layout.php
2005.06.07 19:01 A E:\Documents and Settings\Adam\My Documents\Web Design\Switch Skate\2006 Design\Test Template 5\table_layout.php --> host215.ipowerweb.com /public_html/2006 table_layout.php
2005.06.07 19:01 A E:\Documents and Settings\Adam\My Documents\Web Design\Switch Skate\2006 Design\Test Template 5\table_layout.php --> host215.ipowerweb.com /public_html/2006 table_layout.php
2005.06.07 19:02 A E:\Documents and Settings\Adam\My Documents\Web Design\Switch Skate\2006 Design\Test Template 5\table_layout.php --> host215.ipowerweb.com /public_html/2006 table_layout.php
2005.06.07 19:02 A E:\Documents and Settings\Adam\My Documents\Web Design\Switch Skate\2006 Design\Test Template 5\table_layout.php --> host215.ipowerweb.com /public_html/2006 table_layout.php
2005.06.07 19:04 A E:\Documents and Settings\Adam\My Documents\Web Design\Switch Skate\2006 Design\Test Template 5\table_layout.php --> host215.ipowerweb.com /public_html/2006 table_layout.php
2005.06.07 19:05 A E:\Documents and Settings\Adam\My Documents\Web Design\Switch Skate\2006 Design\Test Template 5\table_layout.php --> host215.ipowerweb.com /public_html/2006 table_layout.php
2005.06.07 19:06 A E:\Documents and Settings\Adam\My Documents\Web Design\Switch Skate\2006 Design\Test Template 5\table_layout.php --> host215.ipowerweb.com /public_html/2006 table_layout.php
2005.06.07 19:11 A E:\Documents and Settings\Adam\My Documents\Web Design\Switch Skate\2006 Design\Test Template 5\table_layout.php --> host215.ipowerweb.com /public_html/2006 table_layout.php
2005.06.07 19:11 A E:\Documents and Settings\Adam\My Documents\Web Design\Switch Skate\2006 Design\Test Template 5\table_layout.php --> host215.ipowerweb.com /public_html/2006 table_layout.php
2005.06.07 19:12 A E:\Documents and Settings\Adam\My Documents\Web Design\Switch Skate\2006 Design\Test Template 5\table_layout.php --> host215.ipowerweb.com /public_html/2006 table_layout.php
2005.06.07 19:13 A E:\Documents and Settings\Adam\My Documents\Web Design\Switch Skate\2006 Design\Test Template 5\table_layout.php --> host215.ipowerweb.com /public_html/2006 table_layout.php
2005.06.07 19:14 A E:\Documents and Settings\Adam\My Documents\Web Design\Switch Skate\2006 Design\Test Template 5\table_layout.php --> host215.ipowerweb.com /public_html/2006 table_layout.php
2005.06.07 19:15 A E:\Documents and Settings\Adam\My Documents\Web Design\Switch Skate\2006 Design\Test Template 5\table_layout.php --> host215.ipowerweb.com /public_html/2006 table_layout.php
2005.06.07 19:16 A E:\Documents and Settings\Adam\My Documents\Web Design\Switch Skate\2006 Design\Test Template 5\table_layout.php --> host215.ipowerweb.com /public_html/2006 table_layout.php
2005.06.07 19:19 A E:\Documents and Settings\Adam\My Documents\Web Design\Switch Skate\2006 Design\Test Template 5\table_layout.php --> host215.ipowerweb.com /public_html/2006 table_layout.php
2005.06.07 19:19 A E:\Documents and Settings\Adam\My Documents\Web Design\Switch Skate\2006 Design\Test Template 5\table_layout.php --> host215.ipowerweb.com /public_html/2006 table_layout.php
2005.06.07 19:21 A E:\Documents and Settings\Adam\My Documents\Web Design\Switch Skate\2006 Design\Test Template 5\table_layout.php --> host215.ipowerweb.com /public_html/2006 table_layout.php
2005.06.07 19:22 A E:\Documents and Settings\Adam\My Documents\Web Design\Switch Skate\2006 Design\Test Template 5\table_layout.php --> host215.ipowerweb.com /public_html/2006 table_layout.php
2005.06.07 19:22 A E:\Documents and Settings\Adam\My Documents\Web Design\Switch Skate\2006 Design\Test Template 5\table_layout.php --> host215.ipowerweb.com /public_html/2006 table_layout.php
2005.06.07 19:22 A E:\Documents and Settings\Adam\My Documents\Web Design\Switch Skate\2006 Design\Test Template 5\table_layout.php --> host215.ipowerweb.com /public_html/2006 table_layout.php
2005.06.07 19:23 A E:\Documents and Settings\Adam\My Documents\Web Design\Switch Skate\2006 Design\Test Template 5\table_layout.php --> host215.ipowerweb.com /public_html/2006 table_layout.php
2005.06.07 19:23 A E:\Documents and Settings\Adam\My Documents\Web Design\Switch Skate\2006 Design\Test Template 5\table_layout.php --> host215.ipowerweb.com /public_html/2006 table_layout.php
2005.06.07 19:23 A E:\Documents and Settings\Adam\My Documents\Web Design\Switch Skate\2006 Design\Test Template 5\table_layout.php --> host215.ipowerweb.com /public_html/2006 table_layout.php
2005.06.07 19:29 A E:\Documents and Settings\Adam\My Documents\Web Design\Switch Skate\2006 Design\Test Template 5\table_layout.php --> host215.ipowerweb.com /public_html/2006 table_layout.php
2005.06.07 19:35 A E:\Documents and Settings\Adam\My Documents\Web Design\Switch Skate\2006 Design\Test Template 5\table_layout.php --> host215.ipowerweb.com /public_html/2006 table_layout.php
2005.06.07 19:57 A E:\Documents and Settings\Adam\My Documents\Web Design\Switch Skate\2006 Design\Test Template 5\table_layout.php --> host215.ipowerweb.com /public_html/2006 table_layout.php
2005.06.07 19:58 A E:\Documents and Settings\Adam\My Documents\Web Design\Switch Skate\2006 Design\Test Template 5\index.php --> host215.ipowerweb.com /public_html/2006 index.php
2005.06.07 20:01 A E:\Documents and Settings\Adam\My Documents\Web Design\Switch Skate\2006 Design\Test Template 5\index.php --> host215.ipowerweb.com /public_html/2006 index.php
2005.06.07 20:04 A E:\Documents and Settings\Adam\My Documents\Web Design\Switch Skate\2006 Design\Test Template 5\index.php --> host215.ipowerweb.com /public_html/2006 index.php
2005.06.07 20:47 A E:\Documents and Settings\Adam\My Documents\Web Design\Switch Skate\2006 Design\Test Template 5\news.php --> host215.ipowerweb.com /public_html/2006 news.php
2005.06.07 20:47 A E:\Documents and Settings\Adam\My Documents\Web Design\Switch Skate\2006 Design\Test Template 5\index.php --> host215.ipowerweb.com /public_html/2006 index.php
2005.06.07 20:47 A E:\Documents and Settings\Adam\My Documents\Web Design\Switch Skate\2006 Design\Test Template 5\siteprocess.php --> host215.ipowerweb.com /public_html/2006 siteprocess.php
2005.06.07 20:48 A E:\Documents and Settings\Adam\My Documents\Web Design\Switch Skate\2006 Design\Test Template 5\news.php --> host215.ipowerweb.com /public_html/2006 news.php
2005.06.07 20:49 A E:\Documents and Settings\Adam\My Documents\Web Design\Switch Skate\2006 Design\Test Template 5\news.php --> host215.ipowerweb.com /public_html/2006 news.php
2005.06.07 20:49 A E:\Documents and Settings\Adam\My Documents\Web Design\Switch Skate\2006 Design\Test Template 5\news.php --> host215.ipowerweb.com /public_html/2006 news.php
2005.06.07 21:03 A E:\Documents and Settings\Adam\My Documents\Web Design\Switch Skate\2006 Design\Test Template 5\index.php --> host215.ipowerweb.com /public_html/2006 index.php
2005.06.07 21:03 A E:\Documents and Settings\Adam\My Documents\Web Design\Switch Skate\2006 Design\Test Template 5\news.php --> host215.ipowerweb.com /public_html/2006 news.php
2005.06.07 21:03 A E:\Documents and Settings\Adam\My Documents\Web Design\Switch Skate\2006 Design\Test Template 5\index.php --> host215.ipowerweb.com /public_html/2006 index.php
2005.06.07 21:03 A E:\Documents and Settings\Adam\My Documents\Web Design\Switch Skate\2006 Design\Test Template 5\news.php --> host215.ipowerweb.com /public_html/2006 news.php
2005.06.07 21:05 A E:\Documents and Settings\Adam\My Documents\Web Design\Switch Skate\2006 Design\Test Template 5\news.php --> host215.ipowerweb.com /public_html/2006 news.php
2005.06.07 21:07 A E:\Documents and Settings\Adam\My Documents\Web Design\Switch Skate\2006 Design\Test Template 5\news.php --> host215.ipowerweb.com /public_html/2006 news.php
2005.06.07 21:07 A E:\Documents and Settings\Adam\My Documents\Web Design\Switch Skate\2006 Design\Test Template 5\index.php --> host215.ipowerweb.com /public_html/2006 index.php
2005.06.07 21:08 A E:\Documents and Settings\Adam\My Documents\Web Design\Switch Skate\2006 Design\Test Template 5\index.php --> host215.ipowerweb.com /public_html/2006 index.php
2005.06.07 21:08 A E:\Documents and Settings\Adam\My Documents\Web Design\Switch Skate\2006 Design\Test Template 5\index.php --> host215.ipowerweb.com /public_html/2006 index.php
2005.06.07 21:12 A E:\Documents and Settings\Adam\My Documents\Web Design\Switch Skate\2006 Design\Test Template 5\index.php --> host215.ipowerweb.com /public_html/2006 index.php
2005.06.07 21:14 A E:\Documents and Settings\Adam\My Documents\Web Design\Switch Skate\2006 Design\Test Template 5\index.php --> host215.ipowerweb.com /public_html/2006 index.php
2005.06.07 21:15 A E:\Documents and Settings\Adam\My Documents\Web Design\Switch Skate\2006 Design\Test Template 5\index.php --> host215.ipowerweb.com /public_html/2006 index.php
2005.06.07 21:15 A E:\Documents and Settings\Adam\My Documents\Web Design\Switch Skate\2006 Design\Test Template 5\index.php --> host215.ipowerweb.com /public_html/2006 index.php
2005.06.07 21:16 A E:\Documents and Settings\Adam\My Documents\Web Design\Switch Skate\2006 Design\Test Template 5\index.php --> host215.ipowerweb.com /public_html/2006 index.php
2005.06.08 23:05 B E:\Documents and Settings\Adam\My Documents\Web Design\Switch Skate\2006 Design\Test Template 5\index.php --> host215.ipowerweb.com /public_html/2006 index.php
2005.06.08 23:08 B E:\Documents and Settings\Adam\My Documents\Web Design\Switch Skate\2006 Design\Test Template 5\index.php --> host215.ipowerweb.com /public_html/2006 index.php
2005.06.08 23:17 B E:\Documents and Settings\Adam\My Documents\Web Design\Switch Skate\2006 Design\Test Template 5\index.php --> host215.ipowerweb.com /public_html/2006 index.php
2005.06.08 23:30 B E:\Documents and Settings\Adam\My Documents\Web Design\Switch Skate\2006 Design\Test Template 5\index.php --> host215.ipowerweb.com /public_html/2006 index.php
2005.06.08 23:31 B E:\Documents and Settings\Adam\My Documents\Web Design\Switch Skate\2006 Design\Test Template 5\index.php --> host215.ipowerweb.com /public_html/2006 index.php
2005.06.08 23:31 B E:\Documents and Settings\Adam\My Documents\Web Design\Switch Skate\2006 Design\Test Template 5\index.php --> host215.ipowerweb.com /public_html/2006 index.php
2005.06.08 23:32 B E:\Documents and Settings\Adam\My Documents\Web Design\Switch Skate\2006 Design\Test Template 5\index.php --> host215.ipowerweb.com /public_html/2006 index.php
2005.06.08 23:32 B E:\Documents and Settings\Adam\My Documents\Web Design\Switch Skate\2006 Design\Test Template 5\index.php --> host215.ipowerweb.com /public_html/2006 index.php
2005.06.08 23:33 B E:\Documents and Settings\Adam\My Documents\Web Design\Switch Skate\2006 Design\Test Template 5\index.php --> host215.ipowerweb.com /public_html/2006 index.php
2005.06.08 23:34 B E:\Documents and Settings\Adam\My Documents\Web Design\Switch Skate\2006 Design\Test Template 5\index.php --> host215.ipowerweb.com /public_html/2006 index.php
2005.06.14 16:09 B E:\Documents and Settings\Adam\My Documents\Web Design\Switch Skate\2006 Design\Test Template 5\index.php --> host215.ipowerweb.com /public_html/2006 index.php
2005.06.14 16:09 B E:\Documents and Settings\Adam\My Documents\Web Design\Switch Skate\2006 Design\Test Template 5\index.php --> host215.ipowerweb.com /public_html/2006 index.php
2005.06.14 22:26 B E:\Documents and Settings\Adam\My Documents\Web Design\Switch Skate\2006 Design\Test Template 5\index.php --> host215.ipowerweb.com /public_html/2006 index.php
2005.06.14 22:26 B E:\Documents and Settings\Adam\My Documents\Web Design\Switch Skate\2006 Design\Test Template 5\index.php --> host215.ipowerweb.com /public_html/2006 index.php
2005.06.14 22:27 B E:\Documents and Settings\Adam\My Documents\Web Design\Switch Skate\2006 Design\Test Template 5\index.php --> host215.ipowerweb.com /public_html/2006 index.php
2005.06.14 22:27 B E:\Documents and Settings\Adam\My Documents\Web Design\Switch Skate\2006 Design\Test Template 5\index.php --> host215.ipowerweb.com /public_html/2006 index.php
2005.06.14 22:28 B E:\Documents and Settings\Adam\My Documents\Web Design\Switch Skate\2006 Design\Test Template 5\index.php --> host215.ipowerweb.com /public_html/2006 index.php
2005.06.14 22:28 B E:\Documents and Settings\Adam\My Documents\Web Design\Switch Skate\2006 Design\Test Template 5\blank.php --> host215.ipowerweb.com /public_html/2006 blank.php
2005.06.14 22:28 B E:\Documents and Settings\Adam\My Documents\Web Design\Switch Skate\2006 Design\Test Template 5\index.php --> host215.ipowerweb.com /public_html/2006 index.php
2005.06.14 22:32 B E:\Documents and Settings\Adam\My Documents\Web Design\Switch Skate\2006 Design\Test Template 5\blank.php --> host215.ipowerweb.com /public_html/2006 blank.php
2005.06.14 22:32 B E:\Documents and Settings\Adam\My Documents\Web Design\Switch Skate\2006 Design\Test Template 5\index.php --> host215.ipowerweb.com /public_html/2006 index.php
2005.06.14 22:32 B E:\Documents and Settings\Adam\My Documents\Web Design\Switch Skate\2006 Design\Test Template 5\news.php --> host215.ipowerweb.com /public_html/2006 news.php
2005.06.14 22:32 B E:\Documents and Settings\Adam\My Documents\Web Design\Switch Skate\2006 Design\Test Template 5\siteprocess.php --> host215.ipowerweb.com /public_html/2006 siteprocess.php
2005.06.14 22:32 B E:\Documents and Settings\Adam\My Documents\Web Design\Switch Skate\2006 Design\Test Template 5\sviewtext.php --> host215.ipowerweb.com /public_html/2006 sviewtext.php
2005.06.14 22:33 B E:\Documents and Settings\Adam\My Documents\Web Design\Switch Skate\2006 Design\Test Template 5\sviewtext.php --> host215.ipowerweb.com /public_html/2006 sviewtext.php
2005.06.16 15:18 B E:\Documents and Settings\Adam\My Documents\Web Design\Switch Skate\2006 Design\Test Template 5\header.php <-- Switch Skate /public_html/forums header.php
2005.06.16 15:19 B E:\Documents and Settings\Adam\My Documents\Web Design\Switch Skate\2006 Design\Test Template 5\header.php --> host215.ipowerweb.com /public_html/forums header.php
2005.06.16 15:23 B E:\Documents and Settings\Adam\My Documents\Web Design\Switch Skate\2006 Design\Test Template 5\header.php <-- Switch Skate /public_html/forums header.php
2005.06.16 15:23 B E:\Documents and Settings\Adam\My Documents\Web Design\Switch Skate\2006 Design\Test Template 5\header.php --> host215.ipowerweb.com /public_html/forums header.php
2005.06.23 12:45 B E:\Documents and Settings\Adam\My Documents\Web Design\Switch Skate\2006 Design\Test Template 5\sviewtext.php --> host215.ipowerweb.com /public_html/2006 sviewtext.php
2005.06.23 12:46 B E:\Documents and Settings\Adam\My Documents\Web Design\Switch Skate\2006 Design\Test Template 5\sviewtext.php --> host215.ipowerweb.com /public_html/2006 sviewtext.php
2005.06.23 12:46 B E:\Documents and Settings\Adam\My Documents\Web Design\Switch Skate\2006 Design\Test Template 5\sviewtext.php --> host215.ipowerweb.com /public_html/2006 sviewtext.php
2005.06.23 12:47 B E:\Documents and Settings\Adam\My Documents\Web Design\Switch Skate\2006 Design\Test Template 5\index.php --> host215.ipowerweb.com /public_html/2006 index.php
2005.06.23 12:47 B E:\Documents and Settings\Adam\My Documents\Web Design\Switch Skate\2006 Design\Test Template 5\index.php --> host215.ipowerweb.com /public_html/2006 index.php
2005.06.23 12:48 B E:\Documents and Settings\Adam\My Documents\Web Design\Switch Skate\2006 Design\Test Template 5\sviewtext.php --> host215.ipowerweb.com /public_html/2006 sviewtext.php
2005.06.23 13:17 B E:\Documents and Settings\Adam\My Documents\Web Design\Switch Skate\2006 Design\Test Template 5\sviewtext.php --> host215.ipowerweb.com /public_html/2006 sviewtext.php
2005.06.23 13:31 B E:\Documents and Settings\Adam\My Documents\Web Design\Switch Skate\2006 Design\Test Template 5\index.php --> host215.ipowerweb.com /public_html/2006 index.php
2005.06.23 13:31 B E:\Documents and Settings\Adam\My Documents\Web Design\Switch Skate\2006 Design\Test Template 5\sviewtext.php --> host215.ipowerweb.com /public_html/2006 sviewtext.php
2005.06.23 13:32 B E:\Documents and Settings\Adam\My Documents\Web Design\Switch Skate\2006 Design\Test Template 5\sviewtext.php --> host215.ipowerweb.com /public_html/2006 sviewtext.php
2005.06.23 13:34 B E:\Documents and Settings\Adam\My Documents\Web Design\Switch Skate\2006 Design\Test Template 5\sviewtext.php --> host215.ipowerweb.com /public_html/2006 sviewtext.php
2005.06.23 13:36 B E:\Documents and Settings\Adam\My Documents\Web Design\Switch Skate\2006 Design\Test Template 5\sviewtext.php --> host215.ipowerweb.com /public_html/2006 sviewtext.php
2005.06.23 13:37 B E:\Documents and Settings\Adam\My Documents\Web Design\Switch Skate\2006 Design\Test Template 5\sviewtext.php --> host215.ipowerweb.com /public_html/2006 sviewtext.php
2005.06.23 13:39 B E:\Documents and Settings\Adam\My Documents\Web Design\Switch Skate\2006 Design\Test Template 5\sviewtext.php --> host215.ipowerweb.com /public_html/2006 sviewtext.php
2005.06.23 13:56 B E:\Documents and Settings\Adam\My Documents\Web Design\Switch Skate\2006 Design\Test Template 5\sviewtext.php --> host215.ipowerweb.com /public_html/2006 sviewtext.php
2005.06.23 13:56 B E:\Documents and Settings\Adam\My Documents\Web Design\Switch Skate\2006 Design\Test Template 5\index.php --> host215.ipowerweb.com /public_html/2006 index.php
2005.06.23 13:57 B E:\Documents and Settings\Adam\My Documents\Web Design\Switch Skate\2006 Design\Test Template 5\index.php --> host215.ipowerweb.com /public_html/2006 index.php
2005.06.23 13:57 B E:\Documents and Settings\Adam\My Documents\Web Design\Switch Skate\2006 Design\Test Template 5\sviewtext.php --> host215.ipowerweb.com /public_html/2006 sviewtext.php
2005.06.23 13:59 B E:\Documents and Settings\Adam\My Documents\Web Design\Switch Skate\2006 Design\Test Template 5\sviewtext.php --> host215.ipowerweb.com /public_html/2006 sviewtext.php
2005.06.23 14:00 B E:\Documents and Settings\Adam\My Documents\Web Design\Switch Skate\2006 Design\Test Template 5\index.php --> host215.ipowerweb.com /public_html/2006 index.php
2005.06.23 14:03 B E:\Documents and Settings\Adam\My Documents\Web Design\Switch Skate\2006 Design\Test Template 5\index.php --> host215.ipowerweb.com /public_html/2006 index.php
2005.06.23 14:03 B E:\Documents and Settings\Adam\My Documents\Web Design\Switch Skate\2006 Design\Test Template 5\sviewtext.php --> host215.ipowerweb.com /public_html/2006 sviewtext.php
2005.06.23 14:05 B E:\Documents and Settings\Adam\My Documents\Web Design\Switch Skate\2006 Design\Test Template 5\index.php --> host215.ipowerweb.com /public_html/2006 index.php
2005.06.23 14:06 B E:\Documents and Settings\Adam\My Documents\Web Design\Switch Skate\2006 Design\Test Template 5\index.php --> host215.ipowerweb.com /public_html/2006 index.php
2005.06.25 17:28 B E:\Documents and Settings\Adam\My Documents\Web Design\Switch Skate\2006 Design\Test Template 5\index.php --> host215.ipowerweb.com /public_html/2006 index.php
2005.06.25 17:29 B E:\Documents and Settings\Adam\My Documents\Web Design\Switch Skate\2006 Design\Test Template 5\index.php --> host215.ipowerweb.com /public_html/2006 index.php
2005.06.25 17:30 B E:\Documents and Settings\Adam\My Documents\Web Design\Switch Skate\2006 Design\Test Template 5\index.php --> host215.ipowerweb.com /public_html/2006 index.php
2005.06.25 17:30 B E:\Documents and Settings\Adam\My Documents\Web Design\Switch Skate\2006 Design\Test Template 5\index.php --> host215.ipowerweb.com /public_html/2006 index.php
2005.06.25 17:33 B E:\Documents and Settings\Adam\My Documents\Web Design\Switch Skate\2006 Design\Test Template 5\index.php --> host215.ipowerweb.com /public_html/2006 index.php
2005.06.25 17:36 B E:\Documents and Settings\Adam\My Documents\Web Design\Switch Skate\2006 Design\Test Template 5\index.php --> host215.ipowerweb.com /public_html/2006 index.php
2005.06.25 17:38 B E:\Documents and Settings\Adam\My Documents\Web Design\Switch Skate\2006 Design\Test Template 5\index.php --> host215.ipowerweb.com /public_html/2006 index.php
2005.06.25 17:38 B E:\Documents and Settings\Adam\My Documents\Web Design\Switch Skate\2006 Design\Test Template 5\index.php --> host215.ipowerweb.com /public_html/2006 index.php
2005.06.25 17:40 B E:\Documents and Settings\Adam\My Documents\Web Design\Switch Skate\2006 Design\Test Template 5\index.php --> host215.ipowerweb.com /public_html/2006 index.php
2005.06.25 18:16 B E:\Documents and Settings\Adam\My Documents\Web Design\Switch Skate\2006 Design\Test Template 5\index.php --> host215.ipowerweb.com /public_html/2006 index.php
2005.06.25 18:18 B E:\Documents and Settings\Adam\My Documents\Web Design\Switch Skate\2006 Design\Test Template 5\index.php --> host215.ipowerweb.com /public_html/2006 index.php
2005.06.25 18:18 B E:\Documents and Settings\Adam\My Documents\Web Design\Switch Skate\2006 Design\Test Template 5\index.php --> host215.ipowerweb.com /public_html/2006 index.php
2005.06.25 18:19 B E:\Documents and Settings\Adam\My Documents\Web Design\Switch Skate\2006 Design\Test Template 5\index.php --> host215.ipowerweb.com /public_html/2006 index.php
2005.06.25 18:20 B E:\Documents and Settings\Adam\My Documents\Web Design\Switch Skate\2006 Design\Test Template 5\index.php --> host215.ipowerweb.com /public_html/2006 index.php
2005.06.25 18:30 B E:\Documents and Settings\Adam\My Documents\Web Design\Switch Skate\2006 Design\Test Template 5\index.php --> host215.ipowerweb.com /public_html/2006 index.php
2005.06.25 18:31 B E:\Documents and Settings\Adam\My Documents\Web Design\Switch Skate\2006 Design\Test Template 5\index.php --> host215.ipowerweb.com /public_html/2006 index.php
2005.06.25 18:35 B E:\Documents and Settings\Adam\My Documents\Web Design\Switch Skate\2006 Design\Test Template 5\index.php --> host215.ipowerweb.com /public_html/2006 index.php
2005.06.25 18:41 B E:\Documents and Settings\Adam\My Documents\Web Design\Switch Skate\2006 Design\Test Template 5\index.php --> host215.ipowerweb.com /public_html/2006 index.php
2005.06.25 18:42 B E:\Documents and Settings\Adam\My Documents\Web Design\Switch Skate\2006 Design\Test Template 5\index.php --> host215.ipowerweb.com /public_html/2006 index.php
2005.06.25 19:00 B E:\Documents and Settings\Adam\My Documents\Web Design\Switch Skate\2006 Design\Test Template 5\index.php --> host215.ipowerweb.com /public_html/2006 index.php
2005.06.25 19:03 B E:\Documents and Settings\Adam\My Documents\Web Design\Switch Skate\2006 Design\Test Template 5\index.php --> host215.ipowerweb.com /public_html/2006 index.php
2005.06.25 19:03 B E:\Documents and Settings\Adam\My Documents\Web Design\Switch Skate\2006 Design\Test Template 5\index.php --> host215.ipowerweb.com /public_html/2006 index.php
2005.06.25 19:05 B E:\Documents and Settings\Adam\My Documents\Web Design\Switch Skate\2006 Design\Test Template 5\index.php --> host215.ipowerweb.com /public_html/2006 index.php
2005.06.25 19:05 B E:\Documents and Settings\Adam\My Documents\Web Design\Switch Skate\2006 Design\Test Template 5\index.php --> host215.ipowerweb.com /public_html/2006 index.php
2005.06.25 19:07 B E:\Documents and Settings\Adam\My Documents\Web Design\Switch Skate\2006 Design\Test Template 5\index.php --> host215.ipowerweb.com /public_html/2006 index.php
2005.06.25 19:09 B E:\Documents and Settings\Adam\My Documents\Web Design\Switch Skate\2006 Design\Test Template 5\index.php --> host215.ipowerweb.com /public_html/2006 index.php
2005.06.25 19:10 B E:\Documents and Settings\Adam\My Documents\Web Design\Switch Skate\2006 Design\Test Template 5\index.php --> host215.ipowerweb.com /public_html/2006 index.php
2005.06.25 19:11 B E:\Documents and Settings\Adam\My Documents\Web Design\Switch Skate\2006 Design\Test Template 5\index.php --> host215.ipowerweb.com /public_html/2006 index.php
2005.06.25 19:13 B E:\Documents and Settings\Adam\My Documents\Web Design\Switch Skate\2006 Design\Test Template 5\index.php --> host215.ipowerweb.com /public_html/2006 index.php
2005.06.25 19:14 B E:\Documents and Settings\Adam\My Documents\Web Design\Switch Skate\2006 Design\Test Template 5\sviewtext.php --> host215.ipowerweb.com /public_html/2006 sviewtext.php
2005.06.25 19:16 B E:\Documents and Settings\Adam\My Documents\Web Design\Switch Skate\2006 Design\Test Template 5\index.php --> host215.ipowerweb.com /public_html/2006 index.php
2005.06.25 19:19 B E:\Documents and Settings\Adam\My Documents\Web Design\Switch Skate\2006 Design\Test Template 5\index.php --> host215.ipowerweb.com /public_html/2006 index.php
2005.06.25 19:21 B E:\Documents and Settings\Adam\My Documents\Web Design\Switch Skate\2006 Design\Test Template 5\index.php --> host215.ipowerweb.com /public_html/2006 index.php
2005.06.25 20:19 B E:\Documents and Settings\Adam\My Documents\Web Design\Switch Skate\2006 Design\Test Template 5\index.php --> host215.ipowerweb.com /public_html/2006 index.php
2005.06.25 20:20 B E:\Documents and Settings\Adam\My Documents\Web Design\Switch Skate\2006 Design\Test Template 5\index.php --> host215.ipowerweb.com /public_html/2006 index.php
2005.06.25 20:21 B E:\Documents and Settings\Adam\My Documents\Web Design\Switch Skate\2006 Design\Test Template 5\index.php --> host215.ipowerweb.com /public_html/2006 index.php
2005.06.25 20:24 B E:\Documents and Settings\Adam\My Documents\Web Design\Switch Skate\2006 Design\Test Template 5\index.php --> host215.ipowerweb.com /public_html/2006 index.php
2005.06.25 20:24 B E:\Documents and Settings\Adam\My Documents\Web Design\Switch Skate\2006 Design\Test Template 5\index.php --> host215.ipowerweb.com /public_html/2006 index.php
2005.06.25 20:30 B E:\Documents and Settings\Adam\My Documents\Web Design\Switch Skate\2006 Design\Test Template 5\index.php --> host215.ipowerweb.com /public_html/2006 index.php
2005.06.25 20:38 B E:\Documents and Settings\Adam\My Documents\Web Design\Switch Skate\2006 Design\Test Template 5\index.php --> host215.ipowerweb.com /public_html/2006 index.php
2005.06.25 20:47 B E:\Documents and Settings\Adam\My Documents\Web Design\Switch Skate\2006 Design\Test Template 5\index.php --> host215.ipowerweb.com /public_html/2006 index.php
2005.06.25 20:48 B E:\Documents and Settings\Adam\My Documents\Web Design\Switch Skate\2006 Design\Test Template 5\index.php --> host215.ipowerweb.com /public_html/2006 index.php
2005.06.25 20:51 B E:\Documents and Settings\Adam\My Documents\Web Design\Switch Skate\2006 Design\Test Template 5\index.php --> host215.ipowerweb.com /public_html/2006 index.php
2005.06.25 20:58 B E:\Documents and Settings\Adam\My Documents\Web Design\Switch Skate\2006 Design\Test Template 5\index.php --> host215.ipowerweb.com /public_html/2006 index.php
2005.06.25 20:59 B E:\Documents and Settings\Adam\My Documents\Web Design\Switch Skate\2006 Design\Test Template 5\index.php --> host215.ipowerweb.com /public_html/2006 index.php
2005.06.25 21:04 B E:\Documents and Settings\Adam\My Documents\Web Design\Switch Skate\2006 Design\Test Template 5\index.php --> host215.ipowerweb.com /public_html/2006 index.php
2005.06.25 21:05 B E:\Documents and Settings\Adam\My Documents\Web Design\Switch Skate\2006 Design\Test Template 5\index.php --> host215.ipowerweb.com /public_html/2006 index.php
2005.06.25 21:09 B E:\Documents and Settings\Adam\My Documents\Web Design\Switch Skate\2006 Design\Test Template 5\index.php --> host215.ipowerweb.com /public_html/2006 index.php
2005.06.25 21:10 B E:\Documents and Settings\Adam\My Documents\Web Design\Switch Skate\2006 Design\Test Template 5\index.php --> host215.ipowerweb.com /public_html/2006 index.php
2005.06.25 21:12 B E:\Documents and Settings\Adam\My Documents\Web Design\Switch Skate\2006 Design\Test Template 5\index.php --> host215.ipowerweb.com /public_html/2006 index.php
2005.06.25 21:14 B E:\Documents and Settings\Adam\My Documents\Web Design\Switch Skate\2006 Design\Test Template 5\index.php --> host215.ipowerweb.com /public_html/2006 index.php
2005.06.25 21:37 B E:\Documents and Settings\Adam\My Documents\Web Design\Switch Skate\2006 Design\Test Template 5\siteprocess.php --> host215.ipowerweb.com /public_html/2006 siteprocess.php
2005.06.25 21:38 B E:\Documents and Settings\Adam\My Documents\Web Design\Switch Skate\2006 Design\Test Template 5\siteprocess.php --> host215.ipowerweb.com /public_html/2006 siteprocess.php
2005.06.25 21:39 B E:\Documents and Settings\Adam\My Documents\Web Design\Switch Skate\2006 Design\Test Template 5\siteprocess.php --> host215.ipowerweb.com /public_html/2006 siteprocess.php
2005.06.25 21:40 B E:\Documents and Settings\Adam\My Documents\Web Design\Switch Skate\2006 Design\Test Template 5\siteprocess.php --> host215.ipowerweb.com /public_html/2006 siteprocess.php
2005.06.25 21:41 B E:\Documents and Settings\Adam\My Documents\Web Design\Switch Skate\2006 Design\Test Template 5\siteprocess.php --> host215.ipowerweb.com /public_html/2006 siteprocess.php
2005.06.25 21:43 B E:\Documents and Settings\Adam\My Documents\Web Design\Switch Skate\2006 Design\Test Template 5\siteprocess.php --> host215.ipowerweb.com /public_html/2006 siteprocess.php
2005.06.25 21:44 B E:\Documents and Settings\Adam\My Documents\Web Design\Switch Skate\2006 Design\Test Template 5\siteprocess.php --> host215.ipowerweb.com /public_html/2006 siteprocess.php
2005.06.25 21:48 B E:\Documents and Settings\Adam\My Documents\Web Design\Switch Skate\2006 Design\Test Template 5\siteprocess.php --> host215.ipowerweb.com /public_html/2006 siteprocess.php
2005.06.25 21:49 B E:\Documents and Settings\Adam\My Documents\Web Design\Switch Skate\2006 Design\Test Template 5\siteprocess.php --> host215.ipowerweb.com /public_html/2006 siteprocess.php
2005.06.25 21:50 B E:\Documents and Settings\Adam\My Documents\Web Design\Switch Skate\2006 Design\Test Template 5\siteprocess.php --> host215.ipowerweb.com /public_html/2006 siteprocess.php
2005.06.25 21:54 B E:\Documents and Settings\Adam\My Documents\Web Design\Switch Skate\2006 Design\Test Template 5\siteprocess.php --> host215.ipowerweb.com /public_html/2006 siteprocess.php
2005.06.25 21:56 B E:\Documents and Settings\Adam\My Documents\Web Design\Switch Skate\2006 Design\Test Template 5\siteprocess.php --> host215.ipowerweb.com /public_html/2006 siteprocess.php
2005.06.25 21:58 B E:\Documents and Settings\Adam\My Documents\Web Design\Switch Skate\2006 Design\Test Template 5\siteprocess.php --> host215.ipowerweb.com /public_html/2006 siteprocess.php
2005.06.25 21:58 B E:\Documents and Settings\Adam\My Documents\Web Design\Switch Skate\2006 Design\Test Template 5\siteprocess.php --> host215.ipowerweb.com /public_html/2006 siteprocess.php
2005.06.25 21:59 B E:\Documents and Settings\Adam\My Documents\Web Design\Switch Skate\2006 Design\Test Template 5\siteprocess.php --> host215.ipowerweb.com /public_html/2006 siteprocess.php
2005.06.28 12:19 B E:\Documents and Settings\Adam\My Documents\Web Design\Switch Skate\2006 Design\Test Template 5\index.php --> host215.ipowerweb.com /public_html/2006 index.php
2005.06.28 12:19 B E:\Documents and Settings\Adam\My Documents\Web Design\Switch Skate\2006 Design\Test Template 5\index.php --> host215.ipowerweb.com /public_html/2006 index.php
2005.06.28 12:20 B E:\Documents and Settings\Adam\My Documents\Web Design\Switch Skate\2006 Design\Test Template 5\index.php --> host215.ipowerweb.com /public_html/2006 index.php
2005.06.28 12:21 B E:\Documents and Settings\Adam\My Documents\Web Design\Switch Skate\2006 Design\Test Template 5\index.php --> host215.ipowerweb.com /public_html/2006 index.php
2005.06.28 12:40 B E:\Documents and Settings\Adam\My Documents\Web Design\Switch Skate\2006 Design\Test Template 5\index.php --> host215.ipowerweb.com /public_html/2006 index.php
2005.06.28 12:51 B E:\Documents and Settings\Adam\My Documents\Web Design\Switch Skate\2006 Design\Test Template 5\index.php --> host215.ipowerweb.com /public_html/2006 index.php
2005.06.28 12:52 B E:\Documents and Settings\Adam\My Documents\Web Design\Switch Skate\2006 Design\Test Template 5\index.php --> host215.ipowerweb.com /public_html/2006 index.php
2005.06.28 12:53 B E:\Documents and Settings\Adam\My Documents\Web Design\Switch Skate\2006 Design\Test Template 5\index.php --> host215.ipowerweb.com /public_html/2006 index.php
2005.06.28 12:54 B E:\Documents and Settings\Adam\My Documents\Web Design\Switch Skate\2006 Design\Test Template 5\index.php --> host215.ipowerweb.com /public_html/2006 index.php
2005.06.28 12:55 B E:\Documents and Settings\Adam\My Documents\Web Design\Switch Skate\2006 Design\Test Template 5\index.php --> host215.ipowerweb.com /public_html/2006 index.php
2005.06.28 12:56 B E:\Documents and Settings\Adam\My Documents\Web Design\Switch Skate\2006 Design\Test Template 5\index.php --> host215.ipowerweb.com /public_html/2006 index.php
2005.06.28 12:56 B E:\Documents and Settings\Adam\My Documents\Web Design\Switch Skate\2006 Design\Test Template 5\index.php --> host215.ipowerweb.com /public_html/2006 index.php
2005.06.28 12:56 B E:\Documents and Settings\Adam\My Documents\Web Design\Switch Skate\2006 Design\Test Template 5\index.php --> host215.ipowerweb.com /public_html/2006 index.php
2005.06.28 12:56 B E:\Documents and Settings\Adam\My Documents\Web Design\Switch Skate\2006 Design\Test Template 5\index.php --> host215.ipowerweb.com /public_html/2006 index.php
2005.06.28 12:57 B E:\Documents and Settings\Adam\My Documents\Web Design\Switch Skate\2006 Design\Test Template 5\index.php --> host215.ipowerweb.com /public_html/2006 index.php
2005.06.28 12:57 B E:\Documents and Settings\Adam\My Documents\Web Design\Switch Skate\2006 Design\Test Template 5\index.php --> host215.ipowerweb.com /public_html/2006 index.php
2005.06.28 12:58 B E:\Documents and Settings\Adam\My Documents\Web Design\Switch Skate\2006 Design\Test Template 5\index.php --> host215.ipowerweb.com /public_html/2006 index.php
2005.06.28 12:58 B E:\Documents and Settings\Adam\My Documents\Web Design\Switch Skate\2006 Design\Test Template 5\index.php --> host215.ipowerweb.com /public_html/2006 index.php
2005.06.28 12:59 B E:\Documents and Settings\Adam\My Documents\Web Design\Switch Skate\2006 Design\Test Template 5\index.php --> host215.ipowerweb.com /public_html/2006 index.php
2005.06.28 12:59 B E:\Documents and Settings\Adam\My Documents\Web Design\Switch Skate\2006 Design\Test Template 5\index.php --> host215.ipowerweb.com /public_html/2006 index.php
2005.06.28 13:00 B E:\Documents and Settings\Adam\My Documents\Web Design\Switch Skate\2006 Design\Test Template 5\index.php --> host215.ipowerweb.com /public_html/2006 index.php
2005.06.28 13:00 B E:\Documents and Settings\Adam\My Documents\Web Design\Switch Skate\2006 Design\Test Template 5\index.php --> host215.ipowerweb.com /public_html/2006 index.php
2005.06.28 13:03 B E:\Documents and Settings\Adam\My Documents\Web Design\Switch Skate\2006 Design\Test Template 5\index.php --> host215.ipowerweb.com /public_html/2006 index.php
2005.06.28 13:03 B E:\Documents and Settings\Adam\My Documents\Web Design\Switch Skate\2006 Design\Test Template 5\index.php --> host215.ipowerweb.com /public_html/2006 index.php
2005.06.28 13:04 B E:\Documents and Settings\Adam\My Documents\Web Design\Switch Skate\2006 Design\Test Template 5\index.php --> host215.ipowerweb.com /public_html/2006 index.php
2005.06.28 13:04 B E:\Documents and Settings\Adam\My Documents\Web Design\Switch Skate\2006 Design\Test Template 5\index.php --> host215.ipowerweb.com /public_html/2006 index.php
2005.06.28 13:05 B E:\Documents and Settings\Adam\My Documents\Web Design\Switch Skate\2006 Design\Test Template 5\index.php --> host215.ipowerweb.com /public_html/2006 index.php
2005.06.28 13:05 B E:\Documents and Settings\Adam\My Documents\Web Design\Switch Skate\2006 Design\Test Template 5\index.php --> host215.ipowerweb.com /public_html/2006 index.php
2005.06.28 13:10 B E:\Documents and Settings\Adam\My Documents\Web Design\Switch Skate\2006 Design\Test Template 5\index.php --> host215.ipowerweb.com /public_html/2006 index.php
2005.06.28 14:12 B E:\Documents and Settings\Adam\My Documents\Web Design\Switch Skate\2006 Design\Test Template 5\index.php --> host215.ipowerweb.com /public_html/2006 index.php
2005.06.28 14:14 B E:\Documents and Settings\Adam\My Documents\Web Design\Switch Skate\2006 Design\Test Template 5\index.php --> host215.ipowerweb.com /public_html/2006 index.php
2005.06.28 14:14 B E:\Documents and Settings\Adam\My Documents\Web Design\Switch Skate\2006 Design\Test Template 5\skatepics.php --> host215.ipowerweb.com /public_html/2006 skatepics.php
2005.06.28 14:16 B E:\Documents and Settings\Adam\My Documents\Web Design\Switch Skate\2006 Design\Test Template 5\index.php --> host215.ipowerweb.com /public_html/2006 index.php
2005.06.28 14:16 B E:\Documents and Settings\Adam\My Documents\Web Design\Switch Skate\2006 Design\Test Template 5\index.php --> host215.ipowerweb.com /public_html/2006 index.php
2005.06.28 14:17 B E:\Documents and Settings\Adam\My Documents\Web Design\Switch Skate\2006 Design\Test Template 5\index.php --> host215.ipowerweb.com /public_html/2006 index.php
2005.06.28 14:17 B E:\Documents and Settings\Adam\My Documents\Web Design\Switch Skate\2006 Design\Test Template 5\index.php --> host215.ipowerweb.com /public_html/2006 index.php
2005.06.28 14:18 B E:\Documents and Settings\Adam\My Documents\Web Design\Switch Skate\2006 Design\Test Template 5\index.php --> host215.ipowerweb.com /public_html/2006 index.php
2005.06.28 14:18 B E:\Documents and Settings\Adam\My Documents\Web Design\Switch Skate\2006 Design\Test Template 5\index.php --> host215.ipowerweb.com /public_html/2006 index.php
2005.06.28 14:19 B E:\Documents and Settings\Adam\My Documents\Web Design\Switch Skate\2006 Design\Test Template 5\index.php --> host215.ipowerweb.com /public_html/2006 index.php
2005.06.28 14:20 B E:\Documents and Settings\Adam\My Documents\Web Design\Switch Skate\2006 Design\Test Template 5\index.php --> host215.ipowerweb.com /public_html/2006 index.php
2005.06.29 19:23 B E:\Documents and Settings\Adam\My Documents\Web Design\Switch Skate\2006 Design\Test Template 5\skatepics.php --> host215.ipowerweb.com /public_html/2006 skatepics.php
2005.06.29 19:24 B E:\Documents and Settings\Adam\My Documents\Web Design\Switch Skate\2006 Design\Test Template 5\skatepics.php --> host215.ipowerweb.com /public_html/2006 skatepics.php
2005.06.29 19:28 B E:\Documents and Settings\Adam\My Documents\Web Design\Switch Skate\2006 Design\Test Template 5\index.php --> host215.ipowerweb.com /public_html/2006 index.php
2005.07.07 08:46 B E:\Documents and Settings\Adam\My Documents\Web Design\Switch Skate\2006 Design\Test Template 5\index.php --> host215.ipowerweb.com /public_html/2006 index.php
2005.07.07 08:48 B E:\Documents and Settings\Adam\My Documents\Web Design\Switch Skate\2006 Design\Test Template 5\index.php --> host215.ipowerweb.com /public_html/2006 index.php
2005.07.07 08:49 B E:\Documents and Settings\Adam\My Documents\Web Design\Switch Skate\2006 Design\Test Template 5\index.php --> host215.ipowerweb.com /public_html/2006 index.php
2005.07.07 08:49 B E:\Documents and Settings\Adam\My Documents\Web Design\Switch Skate\2006 Design\Test Template 5\index.php --> host215.ipowerweb.com /public_html/2006 index.php
2005.07.07 08:49 B E:\Documents and Settings\Adam\My Documents\Web Design\Switch Skate\2006 Design\Test Template 5\index.php --> host215.ipowerweb.com /public_html/2006 index.php
2005.07.07 09:11 B E:\Documents and Settings\Adam\My Documents\Web Design\Switch Skate\2006 Design\Test Template 5\skatepics.php --> host215.ipowerweb.com /public_html/2006 skatepics.php
2005.07.11 13:03 B E:\Documents and Settings\Adam\My Documents\Web Design\Switch Skate\2006 Design\Test Template 5\skatepics.php --> host215.ipowerweb.com /public_html/2006 skatepics.php
2005.07.11 13:03 B E:\Documents and Settings\Adam\My Documents\Web Design\Switch Skate\2006 Design\Test Template 5\skatepics.php --> host215.ipowerweb.com /public_html/2006 skatepics.php
2005.07.11 13:05 B E:\Documents and Settings\Adam\My Documents\Web Design\Switch Skate\2006 Design\Test Template 5\skatepics.php --> host215.ipowerweb.com /public_html/2006 skatepics.php
2005.07.11 13:05 B E:\Documents and Settings\Adam\My Documents\Web Design\Switch Skate\2006 Design\Test Template 5\skatepics.php --> host215.ipowerweb.com /public_html/2006 skatepics.php
2005.07.11 13:06 B E:\Documents and Settings\Adam\My Documents\Web Design\Switch Skate\2006 Design\Test Template 5\skatepics.php --> host215.ipowerweb.com /public_html/2006 skatepics.php
2005.07.11 13:06 B E:\Documents and Settings\Adam\My Documents\Web Design\Switch Skate\2006 Design\Test Template 5\skatepics.php --> host215.ipowerweb.com /public_html/2006 skatepics.php
2005.07.11 13:07 B E:\Documents and Settings\Adam\My Documents\Web Design\Switch Skate\2006 Design\Test Template 5\skatepics.php --> host215.ipowerweb.com /public_html/2006 skatepics.php
2005.07.11 13:29 B E:\Documents and Settings\Adam\My Documents\Web Design\Switch Skate\2006 Design\Test Template 5\skatepics.php --> host215.ipowerweb.com /public_html/2006 skatepics.php
2005.07.11 13:33 B E:\Documents and Settings\Adam\My Documents\Web Design\Switch Skate\2006 Design\Test Template 5\skatepics.php --> host215.ipowerweb.com /public_html/2006 skatepics.php
2005.07.11 13:34 B E:\Documents and Settings\Adam\My Documents\Web Design\Switch Skate\2006 Design\Test Template 5\skatepics.php --> host215.ipowerweb.com /public_html/2006 skatepics.php
2005.07.11 13:34 B E:\Documents and Settings\Adam\My Documents\Web Design\Switch Skate\2006 Design\Test Template 5\skatepics.php --> host215.ipowerweb.com /public_html/2006 skatepics.php
2005.07.11 13:35 B E:\Documents and Settings\Adam\My Documents\Web Design\Switch Skate\2006 Design\Test Template 5\skatepics.php --> host215.ipowerweb.com /public_html/2006 skatepics.php
2005.07.11 13:37 B E:\Documents and Settings\Adam\My Documents\Web Design\Switch Skate\2006 Design\Test Template 5\skatepics.php --> host215.ipowerweb.com /public_html/2006 skatepics.php
2005.07.11 13:37 B E:\Documents and Settings\Adam\My Documents\Web Design\Switch Skate\2006 Design\Test Template 5\skatepics.php --> host215.ipowerweb.com /public_html/2006 skatepics.php
2005.07.11 13:38 B E:\Documents and Settings\Adam\My Documents\Web Design\Switch Skate\2006 Design\Test Template 5\skatepics.php --> host215.ipowerweb.com /public_html/2006 skatepics.php
2005.07.11 13:38 B E:\Documents and Settings\Adam\My Documents\Web Design\Switch Skate\2006 Design\Test Template 5\skatepics.php --> host215.ipowerweb.com /public_html/2006 skatepics.php
2005.07.11 13:39 B E:\Documents and Settings\Adam\My Documents\Web Design\Switch Skate\2006 Design\Test Template 5\skatepics.php --> host215.ipowerweb.com /public_html/2006 skatepics.php
2005.07.11 13:40 B E:\Documents and Settings\Adam\My Documents\Web Design\Switch Skate\2006 Design\Test Template 5\skatepics.php --> host215.ipowerweb.com /public_html/2006 skatepics.php
2005.07.11 13:41 B E:\Documents and Settings\Adam\My Documents\Web Design\Switch Skate\2006 Design\Test Template 5\skatepics.php --> host215.ipowerweb.com /public_html/2006 skatepics.php
2005.07.11 13:41 B E:\Documents and Settings\Adam\My Documents\Web Design\Switch Skate\2006 Design\Test Template 5\skatepics.php --> host215.ipowerweb.com /public_html/2006 skatepics.php
2005.07.11 13:42 B E:\Documents and Settings\Adam\My Documents\Web Design\Switch Skate\2006 Design\Test Template 5\skatepics.php --> host215.ipowerweb.com /public_html/2006 skatepics.php
2005.07.11 13:42 B E:\Documents and Settings\Adam\My Documents\Web Design\Switch Skate\2006 Design\Test Template 5\skatepics.php --> host215.ipowerweb.com /public_html/2006 skatepics.php
2005.07.11 13:48 B E:\Documents and Settings\Adam\My Documents\Web Design\Switch Skate\2006 Design\Test Template 5\skatepics.php --> host215.ipowerweb.com /public_html/2006 skatepics.php
2005.07.11 13:48 B E:\Documents and Settings\Adam\My Documents\Web Design\Switch Skate\2006 Design\Test Template 5\skatepics.php --> host215.ipowerweb.com /public_html/2006 skatepics.php
2005.07.11 15:36 B E:\Documents and Settings\Adam\My Documents\Web Design\Switch Skate\2006 Design\Test Template 5\skatepics.php --> host215.ipowerweb.com /public_html/2006 skatepics.php
2005.07.11 15:40 B E:\Documents and Settings\Adam\My Documents\Web Design\Switch Skate\2006 Design\Test Template 5\skatepics.php --> host215.ipowerweb.com /public_html/2006 skatepics.php
2005.07.11 15:41 B E:\Documents and Settings\Adam\My Documents\Web Design\Switch Skate\2006 Design\Test Template 5\skatepics.php --> host215.ipowerweb.com /public_html/2006 skatepics.php
2005.07.11 15:42 B E:\Documents and Settings\Adam\My Documents\Web Design\Switch Skate\2006 Design\Test Template 5\skatepics.php --> host215.ipowerweb.com /public_html/2006 skatepics.php
2005.07.11 15:42 B E:\Documents and Settings\Adam\My Documents\Web Design\Switch Skate\2006 Design\Test Template 5\skatepics.php --> host215.ipowerweb.com /public_html/2006 skatepics.php
2005.07.11 15:43 B E:\Documents and Settings\Adam\My Documents\Web Design\Switch Skate\2006 Design\Test Template 5\skatepics.php --> host215.ipowerweb.com /public_html/2006 skatepics.php
2005.07.11 15:43 B E:\Documents and Settings\Adam\My Documents\Web Design\Switch Skate\2006 Design\Test Template 5\skatepics.php --> host215.ipowerweb.com /public_html/2006 skatepics.php
2005.07.11 15:44 B E:\Documents and Settings\Adam\My Documents\Web Design\Switch Skate\2006 Design\Test Template 5\skatepics.php --> host215.ipowerweb.com /public_html/2006 skatepics.php
2005.07.11 15:44 B E:\Documents and Settings\Adam\My Documents\Web Design\Switch Skate\2006 Design\Test Template 5\skatepics.php --> host215.ipowerweb.com /public_html/2006 skatepics.php
2005.07.11 15:45 B E:\Documents and Settings\Adam\My Documents\Web Design\Switch Skate\2006 Design\Test Template 5\skatepics.php --> host215.ipowerweb.com /public_html/2006 skatepics.php
2005.07.11 15:48 B E:\Documents and Settings\Adam\My Documents\Web Design\Switch Skate\2006 Design\Test Template 5\index.php --> host215.ipowerweb.com /public_html/2006 index.php
2005.07.11 15:49 B E:\Documents and Settings\Adam\My Documents\Web Design\Switch Skate\2006 Design\Test Template 5\index.php --> host215.ipowerweb.com /public_html/2006 index.php
2005.07.11 15:49 B E:\Documents and Settings\Adam\My Documents\Web Design\Switch Skate\2006 Design\Test Template 5\skatepics.php --> host215.ipowerweb.com /public_html/2006 skatepics.php
2005.07.11 15:49 B E:\Documents and Settings\Adam\My Documents\Web Design\Switch Skate\2006 Design\Test Template 5\skatepics.php --> host215.ipowerweb.com /public_html/2006 skatepics.php
2005.07.11 15:50 B E:\Documents and Settings\Adam\My Documents\Web Design\Switch Skate\2006 Design\Test Template 5\skatepics.php --> host215.ipowerweb.com /public_html/2006 skatepics.php
2005.07.11 16:00 B E:\Documents and Settings\Adam\My Documents\Web Design\Switch Skate\2006 Design\Test Template 5\skatepics.php --> host215.ipowerweb.com /public_html/2006 skatepics.php
2005.07.11 16:07 B E:\Documents and Settings\Adam\My Documents\Web Design\Switch Skate\2006 Design\Test Template 5\skatepics.php --> host215.ipowerweb.com /public_html/2006 skatepics.php
2005.07.11 16:08 B E:\Documents and Settings\Adam\My Documents\Web Design\Switch Skate\2006 Design\Test Template 5\skatepics.php --> host215.ipowerweb.com /public_html/2006 skatepics.php
2005.07.11 16:09 B E:\Documents and Settings\Adam\My Documents\Web Design\Switch Skate\2006 Design\Test Template 5\skatepics.php --> host215.ipowerweb.com /public_html/2006 skatepics.php
2005.07.11 16:09 B E:\Documents and Settings\Adam\My Documents\Web Design\Switch Skate\2006 Design\Test Template 5\skatepics.php --> host215.ipowerweb.com /public_html/2006 skatepics.php
2005.07.11 16:17 B E:\Documents and Settings\Adam\My Documents\Web Design\Switch Skate\2006 Design\Test Template 5\skatepics.php --> host215.ipowerweb.com /public_html/2006 skatepics.php
2005.07.11 16:18 B E:\Documents and Settings\Adam\My Documents\Web Design\Switch Skate\2006 Design\Test Template 5\skatepics.php --> host215.ipowerweb.com /public_html/2006 skatepics.php
2005.07.11 16:25 B E:\Documents and Settings\Adam\My Documents\Web Design\Switch Skate\2006 Design\Test Template 5\skatepics.php --> host215.ipowerweb.com /public_html/2006 skatepics.php
2005.07.11 16:26 B E:\Documents and Settings\Adam\My Documents\Web Design\Switch Skate\2006 Design\Test Template 5\skatepics.php --> host215.ipowerweb.com /public_html/2006 skatepics.php
2005.07.11 16:27 B E:\Documents and Settings\Adam\My Documents\Web Design\Switch Skate\2006 Design\Test Template 5\skatepics.php --> host215.ipowerweb.com /public_html/2006 skatepics.php
2005.07.11 16:27 B E:\Documents and Settings\Adam\My Documents\Web Design\Switch Skate\2006 Design\Test Template 5\skatepics.php --> host215.ipowerweb.com /public_html/2006 skatepics.php
2005.07.11 16:28 B E:\Documents and Settings\Adam\My Documents\Web Design\Switch Skate\2006 Design\Test Template 5\skatepics.php --> host215.ipowerweb.com /public_html/2006 skatepics.php
2005.07.11 16:28 B E:\Documents and Settings\Adam\My Documents\Web Design\Switch Skate\2006 Design\Test Template 5\skatepics.php --> host215.ipowerweb.com /public_html/2006 skatepics.php
2005.07.11 16:28 B E:\Documents and Settings\Adam\My Documents\Web Design\Switch Skate\2006 Design\Test Template 5\skatepics.php --> host215.ipowerweb.com /public_html/2006 skatepics.php
2005.07.11 16:36 B E:\Documents and Settings\Adam\My Documents\Web Design\Switch Skate\2006 Design\Test Template 5\sviewtext.php --> host215.ipowerweb.com /public_html/2006 sviewtext.php
2005.07.11 16:40 B E:\Documents and Settings\Adam\My Documents\Web Design\Switch Skate\2006 Design\Test Template 5\sviewtext.php --> host215.ipowerweb.com /public_html/2006 sviewtext.php
2005.07.11 16:41 B E:\Documents and Settings\Adam\My Documents\Web Design\Switch Skate\2006 Design\Test Template 5\sviewtext.php --> host215.ipowerweb.com /public_html/2006 sviewtext.php
2005.07.11 16:42 B E:\Documents and Settings\Adam\My Documents\Web Design\Switch Skate\2006 Design\Test Template 5\index.php --> host215.ipowerweb.com /public_html/2006 index.php
2005.07.11 16:43 B E:\Documents and Settings\Adam\My Documents\Web Design\Switch Skate\2006 Design\Test Template 5\index.php --> host215.ipowerweb.com /public_html/2006 index.php
2005.07.11 16:43 B E:\Documents and Settings\Adam\My Documents\Web Design\Switch Skate\2006 Design\Test Template 5\sviewtext.php --> host215.ipowerweb.com /public_html/2006 sviewtext.php
2005.07.11 16:43 B E:\Documents and Settings\Adam\My Documents\Web Design\Switch Skate\2006 Design\Test Template 5\sviewtext.php --> host215.ipowerweb.com /public_html/2006 sviewtext.php
2005.07.11 16:44 B E:\Documents and Settings\Adam\My Documents\Web Design\Switch Skate\2006 Design\Test Template 5\sviewtext.php --> host215.ipowerweb.com /public_html/2006 sviewtext.php
2005.07.11 16:45 B E:\Documents and Settings\Adam\My Documents\Web Design\Switch Skate\2006 Design\Test Template 5\sviewtext.php --> host215.ipowerweb.com /public_html/2006 sviewtext.php
2005.07.11 16:45 B E:\Documents and Settings\Adam\My Documents\Web Design\Switch Skate\2006 Design\Test Template 5\index.php --> host215.ipowerweb.com /public_html/2006 index.php
2005.07.11 16:53 B E:\Documents and Settings\Adam\My Documents\Web Design\Switch Skate\2006 Design\Test Template 5\index.php --> host215.ipowerweb.com /public_html/2006 index.php
2005.07.11 16:53 B E:\Documents and Settings\Adam\My Documents\Web Design\Switch Skate\2006 Design\Test Template 5\index.php --> host215.ipowerweb.com /public_html/2006 index.php
2005.07.11 16:55 B E:\Documents and Settings\Adam\My Documents\Web Design\Switch Skate\2006 Design\Test Template 5\sviewtext.php --> host215.ipowerweb.com /public_html/2006 sviewtext.php
2005.07.11 17:02 B E:\Documents and Settings\Adam\My Documents\Web Design\Switch Skate\2006 Design\Test Template 5\blank.php --> host215.ipowerweb.com /public_html/2006 blank.php
2005.07.11 17:02 B E:\Documents and Settings\Adam\My Documents\Web Design\Switch Skate\2006 Design\Test Template 5\index.php --> host215.ipowerweb.com /public_html/2006 index.php
2005.07.11 17:02 B E:\Documents and Settings\Adam\My Documents\Web Design\Switch Skate\2006 Design\Test Template 5\news.php --> host215.ipowerweb.com /public_html/2006 news.php
2005.07.11 17:02 B E:\Documents and Settings\Adam\My Documents\Web Design\Switch Skate\2006 Design\Test Template 5\siteprocess.php --> host215.ipowerweb.com /public_html/2006 siteprocess.php
2005.07.11 17:02 B E:\Documents and Settings\Adam\My Documents\Web Design\Switch Skate\2006 Design\Test Template 5\skatepics.php --> host215.ipowerweb.com /public_html/2006 skatepics.php
2005.07.11 17:02 B E:\Documents and Settings\Adam\My Documents\Web Design\Switch Skate\2006 Design\Test Template 5\sviewtext.php --> host215.ipowerweb.com /public_html/2006 sviewtext.php
2005.07.11 17:03 B E:\Documents and Settings\Adam\My Documents\Web Design\Switch Skate\2006 Design\Test Template 5\process.php --> host215.ipowerweb.com /public_html/2006/cp process.php
2005.08.29 22:24 B C:\Documents and Settings\Adam.ADAMK\My Documents\Programming\Switch Skate\Layouts\Backups\File Backups\public_html\2006\site\cp\WS_FTP.LOG <-- Switch Skate /public_html/2006/site/cp WS_FTP.LOG
2005.08.29 22:24 B C:\Documents and Settings\Adam.ADAMK\My Documents\Programming\Switch Skate\Layouts\Backups\File Backups\public_html\2006\site\cp\~1st-index.php <-- Switch Skate /public_html/2006/site/cp ~1st-index.php
