2005.01.17 04:27 B G:\Documents and Settings\bilbo\My Documents\Switch Skate REOPENED\Forums\Themes\metalstyle\address.gif --> host215.ipowerweb.com /public_html/forums/images/metalstyle address.gif
2005.01.17 04:27 B G:\Documents and Settings\bilbo\My Documents\Switch Skate REOPENED\Forums\Themes\metalstyle\aim.gif --> host215.ipowerweb.com /public_html/forums/images/metalstyle aim.gif
2005.01.17 04:27 B G:\Documents and Settings\bilbo\My Documents\Switch Skate REOPENED\Forums\Themes\metalstyle\arrow_dw.gif --> host215.ipowerweb.com /public_html/forums/images/metalstyle arrow_dw.gif
2005.01.17 04:27 B G:\Documents and Settings\bilbo\My Documents\Switch Skate REOPENED\Forums\Themes\metalstyle\arrow_up.gif --> host215.ipowerweb.com /public_html/forums/images/metalstyle arrow_up.gif
2005.01.17 04:27 B G:\Documents and Settings\bilbo\My Documents\Switch Skate REOPENED\Forums\Themes\metalstyle\bb_bold.gif --> host215.ipowerweb.com /public_html/forums/images/metalstyle bb_bold.gif
2005.01.17 04:27 B G:\Documents and Settings\bilbo\My Documents\Switch Skate REOPENED\Forums\Themes\metalstyle\bb_center.gif --> host215.ipowerweb.com /public_html/forums/images/metalstyle bb_center.gif
2005.01.17 04:27 B G:\Documents and Settings\bilbo\My Documents\Switch Skate REOPENED\Forums\Themes\metalstyle\bb_code.gif --> host215.ipowerweb.com /public_html/forums/images/metalstyle bb_code.gif
2005.01.17 04:27 B G:\Documents and Settings\bilbo\My Documents\Switch Skate REOPENED\Forums\Themes\metalstyle\bb_email.gif --> host215.ipowerweb.com /public_html/forums/images/metalstyle bb_email.gif
2005.01.17 04:27 B G:\Documents and Settings\bilbo\My Documents\Switch Skate REOPENED\Forums\Themes\metalstyle\bb_image.gif --> host215.ipowerweb.com /public_html/forums/images/metalstyle bb_image.gif
2005.01.17 04:27 B G:\Documents and Settings\bilbo\My Documents\Switch Skate REOPENED\Forums\Themes\metalstyle\bb_italicize.gif --> host215.ipowerweb.com /public_html/forums/images/metalstyle bb_italicize.gif
2005.01.17 04:27 B G:\Documents and Settings\bilbo\My Documents\Switch Skate REOPENED\Forums\Themes\metalstyle\bb_list.gif --> host215.ipowerweb.com /public_html/forums/images/metalstyle bb_list.gif
2005.01.17 04:27 B G:\Documents and Settings\bilbo\My Documents\Switch Skate REOPENED\Forums\Themes\metalstyle\bb_quote.gif --> host215.ipowerweb.com /public_html/forums/images/metalstyle bb_quote.gif
2005.01.17 04:27 B G:\Documents and Settings\bilbo\My Documents\Switch Skate REOPENED\Forums\Themes\metalstyle\bb_underline.gif --> host215.ipowerweb.com /public_html/forums/images/metalstyle bb_underline.gif
2005.01.17 04:27 B G:\Documents and Settings\bilbo\My Documents\Switch Skate REOPENED\Forums\Themes\metalstyle\bb_url.gif --> host215.ipowerweb.com /public_html/forums/images/metalstyle bb_url.gif
2005.01.17 04:27 B G:\Documents and Settings\bilbo\My Documents\Switch Skate REOPENED\Forums\Themes\metalstyle\bbrules.gif --> host215.ipowerweb.com /public_html/forums/images/metalstyle bbrules.gif
2005.01.17 04:27 B G:\Documents and Settings\bilbo\My Documents\Switch Skate REOPENED\Forums\Themes\metalstyle\boardheader.gif --> host215.ipowerweb.com /public_html/forums/images/metalstyle boardheader.gif
2005.01.17 04:27 B G:\Documents and Settings\bilbo\My Documents\Switch Skate REOPENED\Forums\Themes\metalstyle\categorybar.gif --> host215.ipowerweb.com /public_html/forums/images/metalstyle categorybar.gif
2005.01.17 04:27 B G:\Documents and Settings\bilbo\My Documents\Switch Skate REOPENED\Forums\Themes\metalstyle\dot_folder.gif --> host215.ipowerweb.com /public_html/forums/images/metalstyle dot_folder.gif
2005.01.17 04:27 B G:\Documents and Settings\bilbo\My Documents\Switch Skate REOPENED\Forums\Themes\metalstyle\dot_hot_folder.gif --> host215.ipowerweb.com /public_html/forums/images/metalstyle dot_hot_folder.gif
2005.01.17 04:27 B G:\Documents and Settings\bilbo\My Documents\Switch Skate REOPENED\Forums\Themes\metalstyle\dot_hot_red_folder.gif --> host215.ipowerweb.com /public_html/forums/images/metalstyle dot_hot_red_folder.gif
2005.01.17 04:27 B G:\Documents and Settings\bilbo\My Documents\Switch Skate REOPENED\Forums\Themes\metalstyle\dot_red_folder.gif --> host215.ipowerweb.com /public_html/forums/images/metalstyle dot_red_folder.gif
2005.01.17 04:27 B G:\Documents and Settings\bilbo\My Documents\Switch Skate REOPENED\Forums\Themes\metalstyle\edit.gif --> host215.ipowerweb.com /public_html/forums/images/metalstyle edit.gif
2005.01.17 04:27 B G:\Documents and Settings\bilbo\My Documents\Switch Skate REOPENED\Forums\Themes\metalstyle\email.gif --> host215.ipowerweb.com /public_html/forums/images/metalstyle email.gif
2005.01.17 04:27 B G:\Documents and Settings\bilbo\My Documents\Switch Skate REOPENED\Forums\Themes\metalstyle\faq.gif --> host215.ipowerweb.com /public_html/forums/images/metalstyle faq.gif
2005.01.17 04:27 B G:\Documents and Settings\bilbo\My Documents\Switch Skate REOPENED\Forums\Themes\metalstyle\find.gif --> host215.ipowerweb.com /public_html/forums/images/metalstyle find.gif
2005.01.17 04:27 B G:\Documents and Settings\bilbo\My Documents\Switch Skate REOPENED\Forums\Themes\metalstyle\folder.gif --> host215.ipowerweb.com /public_html/forums/images/metalstyle folder.gif
2005.01.17 04:27 B G:\Documents and Settings\bilbo\My Documents\Switch Skate REOPENED\Forums\Themes\metalstyle\forumhead.gif --> host215.ipowerweb.com /public_html/forums/images/metalstyle forumhead.gif
2005.01.17 04:27 B G:\Documents and Settings\bilbo\My Documents\Switch Skate REOPENED\Forums\Themes\metalstyle\home.gif --> host215.ipowerweb.com /public_html/forums/images/metalstyle home.gif
2005.01.17 04:27 B G:\Documents and Settings\bilbo\My Documents\Switch Skate REOPENED\Forums\Themes\metalstyle\hot_folder.gif --> host215.ipowerweb.com /public_html/forums/images/metalstyle hot_folder.gif
2005.01.17 04:27 B G:\Documents and Settings\bilbo\My Documents\Switch Skate REOPENED\Forums\Themes\metalstyle\hot_red_folder.gif --> host215.ipowerweb.com /public_html/forums/images/metalstyle hot_red_folder.gif
2005.01.17 04:27 B G:\Documents and Settings\bilbo\My Documents\Switch Skate REOPENED\Forums\Themes\metalstyle\icq_add.gif --> host215.ipowerweb.com /public_html/forums/images/metalstyle icq_add.gif
2005.01.17 04:27 B G:\Documents and Settings\bilbo\My Documents\Switch Skate REOPENED\Forums\Themes\metalstyle\inbox.gif --> host215.ipowerweb.com /public_html/forums/images/metalstyle inbox.gif
2005.01.17 04:27 B G:\Documents and Settings\bilbo\My Documents\Switch Skate REOPENED\Forums\Themes\metalstyle\ip.gif --> host215.ipowerweb.com /public_html/forums/images/metalstyle ip.gif
2005.01.17 04:27 B G:\Documents and Settings\bilbo\My Documents\Switch Skate REOPENED\Forums\Themes\metalstyle\ipost.gif --> host215.ipowerweb.com /public_html/forums/images/metalstyle ipost.gif
2005.01.17 04:27 B G:\Documents and Settings\bilbo\My Documents\Switch Skate REOPENED\Forums\Themes\metalstyle\lastpost.gif --> host215.ipowerweb.com /public_html/forums/images/metalstyle lastpost.gif
2005.01.17 04:27 B G:\Documents and Settings\bilbo\My Documents\Switch Skate REOPENED\Forums\Themes\metalstyle\lock_folder.gif --> host215.ipowerweb.com /public_html/forums/images/metalstyle lock_folder.gif
2005.01.17 04:27 B G:\Documents and Settings\bilbo\My Documents\Switch Skate REOPENED\Forums\Themes\metalstyle\locku2u.gif --> host215.ipowerweb.com /public_html/forums/images/metalstyle locku2u.gif
2005.01.17 04:27 B G:\Documents and Settings\bilbo\My Documents\Switch Skate REOPENED\Forums\Themes\metalstyle\members_list.gif --> host215.ipowerweb.com /public_html/forums/images/metalstyle members_list.gif
2005.01.17 04:27 B G:\Documents and Settings\bilbo\My Documents\Switch Skate REOPENED\Forums\Themes\metalstyle\metalheader.gif --> host215.ipowerweb.com /public_html/forums/images/metalstyle metalheader.gif
2005.01.17 04:27 B G:\Documents and Settings\bilbo\My Documents\Switch Skate REOPENED\Forums\Themes\metalstyle\msn.gif --> host215.ipowerweb.com /public_html/forums/images/metalstyle msn.gif
2005.01.17 04:27 B G:\Documents and Settings\bilbo\My Documents\Switch Skate REOPENED\Forums\Themes\metalstyle\newmessage.gif --> host215.ipowerweb.com /public_html/forums/images/metalstyle newmessage.gif
2005.01.17 04:27 B G:\Documents and Settings\bilbo\My Documents\Switch Skate REOPENED\Forums\Themes\metalstyle\newtopic.gif --> host215.ipowerweb.com /public_html/forums/images/metalstyle newtopic.gif
2005.01.17 04:27 B G:\Documents and Settings\bilbo\My Documents\Switch Skate REOPENED\Forums\Themes\metalstyle\newu2u.gif --> host215.ipowerweb.com /public_html/forums/images/metalstyle newu2u.gif
2005.01.17 04:27 B G:\Documents and Settings\bilbo\My Documents\Switch Skate REOPENED\Forums\Themes\metalstyle\online.gif --> host215.ipowerweb.com /public_html/forums/images/metalstyle online.gif
2005.01.17 04:27 B G:\Documents and Settings\bilbo\My Documents\Switch Skate REOPENED\Forums\Themes\metalstyle\outbox.gif --> host215.ipowerweb.com /public_html/forums/images/metalstyle outbox.gif
2005.01.17 04:27 B G:\Documents and Settings\bilbo\My Documents\Switch Skate REOPENED\Forums\Themes\metalstyle\pin.gif --> host215.ipowerweb.com /public_html/forums/images/metalstyle pin.gif
2005.01.17 04:27 B G:\Documents and Settings\bilbo\My Documents\Switch Skate REOPENED\Forums\Themes\metalstyle\pixel.gif --> host215.ipowerweb.com /public_html/forums/images/metalstyle pixel.gif
2005.01.17 04:27 B G:\Documents and Settings\bilbo\My Documents\Switch Skate REOPENED\Forums\Themes\metalstyle\poll.gif --> host215.ipowerweb.com /public_html/forums/images/metalstyle poll.gif
2005.01.17 04:27 B G:\Documents and Settings\bilbo\My Documents\Switch Skate REOPENED\Forums\Themes\metalstyle\pollbar-e.gif --> host215.ipowerweb.com /public_html/forums/images/metalstyle pollbar-e.gif
2005.01.17 04:27 B G:\Documents and Settings\bilbo\My Documents\Switch Skate REOPENED\Forums\Themes\metalstyle\pollbar-s.gif --> host215.ipowerweb.com /public_html/forums/images/metalstyle pollbar-s.gif
2005.01.17 04:27 B G:\Documents and Settings\bilbo\My Documents\Switch Skate REOPENED\Forums\Themes\metalstyle\pollbar.gif --> host215.ipowerweb.com /public_html/forums/images/metalstyle pollbar.gif
2005.01.17 04:27 B G:\Documents and Settings\bilbo\My Documents\Switch Skate REOPENED\Forums\Themes\metalstyle\pollsmall.gif --> host215.ipowerweb.com /public_html/forums/images/metalstyle pollsmall.gif
2005.01.17 04:27 B G:\Documents and Settings\bilbo\My Documents\Switch Skate REOPENED\Forums\Themes\metalstyle\profile.gif --> host215.ipowerweb.com /public_html/forums/images/metalstyle profile.gif
2005.01.17 04:27 B G:\Documents and Settings\bilbo\My Documents\Switch Skate REOPENED\Forums\Themes\metalstyle\quote.gif --> host215.ipowerweb.com /public_html/forums/images/metalstyle quote.gif
2005.01.17 04:27 B G:\Documents and Settings\bilbo\My Documents\Switch Skate REOPENED\Forums\Themes\metalstyle\red_folder.gif --> host215.ipowerweb.com /public_html/forums/images/metalstyle red_folder.gif
2005.01.17 04:27 B G:\Documents and Settings\bilbo\My Documents\Switch Skate REOPENED\Forums\Themes\metalstyle\reply.gif --> host215.ipowerweb.com /public_html/forums/images/metalstyle reply.gif
2005.01.17 04:27 B G:\Documents and Settings\bilbo\My Documents\Switch Skate REOPENED\Forums\Themes\metalstyle\report.gif --> host215.ipowerweb.com /public_html/forums/images/metalstyle report.gif
2005.01.17 04:27 B G:\Documents and Settings\bilbo\My Documents\Switch Skate REOPENED\Forums\Themes\metalstyle\search.gif --> host215.ipowerweb.com /public_html/forums/images/metalstyle search.gif
2005.01.17 04:27 B G:\Documents and Settings\bilbo\My Documents\Switch Skate REOPENED\Forums\Themes\metalstyle\sendpm.gif --> host215.ipowerweb.com /public_html/forums/images/metalstyle sendpm.gif
2005.01.17 04:27 B G:\Documents and Settings\bilbo\My Documents\Switch Skate REOPENED\Forums\Themes\metalstyle\site.gif --> host215.ipowerweb.com /public_html/forums/images/metalstyle site.gif
2005.01.17 04:27 B G:\Documents and Settings\bilbo\My Documents\Switch Skate REOPENED\Forums\Themes\metalstyle\star.gif --> host215.ipowerweb.com /public_html/forums/images/metalstyle star.gif
2005.01.17 04:27 B G:\Documents and Settings\bilbo\My Documents\Switch Skate REOPENED\Forums\Themes\metalstyle\stats.gif --> host215.ipowerweb.com /public_html/forums/images/metalstyle stats.gif
2005.01.17 04:27 B G:\Documents and Settings\bilbo\My Documents\Switch Skate REOPENED\Forums\Themes\metalstyle\todays_posts.gif --> host215.ipowerweb.com /public_html/forums/images/metalstyle todays_posts.gif
2005.01.17 04:27 B G:\Documents and Settings\bilbo\My Documents\Switch Skate REOPENED\Forums\Themes\metalstyle\u2u.gif --> host215.ipowerweb.com /public_html/forums/images/metalstyle u2u.gif
2005.01.17 04:27 B G:\Documents and Settings\bilbo\My Documents\Switch Skate REOPENED\Forums\Themes\metalstyle\xmbheader.gif --> host215.ipowerweb.com /public_html/forums/images/metalstyle xmbheader.gif
2005.01.17 04:27 B G:\Documents and Settings\bilbo\My Documents\Switch Skate REOPENED\Forums\Themes\metalstyle\yahoo.gif --> host215.ipowerweb.com /public_html/forums/images/metalstyle yahoo.gif
