2004.08.26 15:35 B E:\Documents and Settings\Adam Knox\Desktop\SKATE WORLD UNCLEAN\public_html\abclick\help\domain.php <-- Skate world /public_html/abclick/help domain.php
2004.08.26 15:35 B E:\Documents and Settings\Adam Knox\Desktop\SKATE WORLD UNCLEAN\public_html\abclick\help\end.php <-- Skate world /public_html/abclick/help end.php
2004.08.26 15:35 B E:\Documents and Settings\Adam Knox\Desktop\SKATE WORLD UNCLEAN\public_html\abclick\help\help.php <-- Skate world /public_html/abclick/help help.php
2004.08.26 15:35 B E:\Documents and Settings\Adam Knox\Desktop\SKATE WORLD UNCLEAN\public_html\abclick\help\raw.php <-- Skate world /public_html/abclick/help raw.php
2004.08.26 15:35 B E:\Documents and Settings\Adam Knox\Desktop\SKATE WORLD UNCLEAN\public_html\abclick\help\start.php <-- Skate world /public_html/abclick/help start.php
2004.08.26 15:35 B E:\Documents and Settings\Adam Knox\Desktop\SKATE WORLD UNCLEAN\public_html\abclick\help\uni.php <-- Skate world /public_html/abclick/help uni.php
2004.08.26 19:21 B E:\Documents and Settings\Adam Knox\Desktop\Skate world redone\abclick\help\domain.php --> ftp.skate-world.net /public_html/abclick/help domain.php
2004.08.26 19:21 B E:\Documents and Settings\Adam Knox\Desktop\Skate world redone\abclick\help\end.php --> ftp.skate-world.net /public_html/abclick/help end.php
2004.08.26 19:21 B E:\Documents and Settings\Adam Knox\Desktop\Skate world redone\abclick\help\help.php --> ftp.skate-world.net /public_html/abclick/help help.php
2004.08.26 19:21 B E:\Documents and Settings\Adam Knox\Desktop\Skate world redone\abclick\help\raw.php --> ftp.skate-world.net /public_html/abclick/help raw.php
2004.08.26 19:21 B E:\Documents and Settings\Adam Knox\Desktop\Skate world redone\abclick\help\start.php --> ftp.skate-world.net /public_html/abclick/help start.php
2004.08.26 19:21 B E:\Documents and Settings\Adam Knox\Desktop\Skate world redone\abclick\help\uni.php --> ftp.skate-world.net /public_html/abclick/help uni.php
2004.08.27 05:33 B E:\Documents and Settings\Adam Knox\Desktop\Skate World\Scripts\abclick\help\WS_FTP.LOG <-- Skate world /public_html/abclick/help WS_FTP.LOG
2004.10.05 06:31 B G:\Documents and Settings\bilbo\My Documents\SwitchSkate\Skate World\Scripts\abclick\help\domain.php --> host215.ipowerweb.com /public_html/abclick/help domain.php
2004.10.05 06:31 B G:\Documents and Settings\bilbo\My Documents\SwitchSkate\Skate World\Scripts\abclick\help\end.php --> host215.ipowerweb.com /public_html/abclick/help end.php
2004.10.05 06:31 B G:\Documents and Settings\bilbo\My Documents\SwitchSkate\Skate World\Scripts\abclick\help\help.php --> host215.ipowerweb.com /public_html/abclick/help help.php
2004.10.05 06:31 B G:\Documents and Settings\bilbo\My Documents\SwitchSkate\Skate World\Scripts\abclick\help\raw.php --> host215.ipowerweb.com /public_html/abclick/help raw.php
2004.10.05 06:31 B G:\Documents and Settings\bilbo\My Documents\SwitchSkate\Skate World\Scripts\abclick\help\start.php --> host215.ipowerweb.com /public_html/abclick/help start.php
2004.10.05 06:31 B G:\Documents and Settings\bilbo\My Documents\SwitchSkate\Skate World\Scripts\abclick\help\uni.php --> host215.ipowerweb.com /public_html/abclick/help uni.php
2004.10.26 18:47 B G:\Documents and Settings\bilbo\My Documents\SwitchSkate\Next Design\New\cp\clicks\help\WS_FTP.LOG <-- Switch Skate /public_html/cp/clicks/help WS_FTP.LOG
