2004.12.15 18:36 B G:\Documents and Settings\bilbo\My Documents\Switch Skate REOPENED\Forums\Themes\XtremeGreen\xtremegreen\address.gif --> host215.ipowerweb.com /public_html/forums/images/XtremeGreen/xtremegreen address.gif
2004.12.15 18:36 B G:\Documents and Settings\bilbo\My Documents\Switch Skate REOPENED\Forums\Themes\XtremeGreen\xtremegreen\aim.gif --> host215.ipowerweb.com /public_html/forums/images/XtremeGreen/xtremegreen aim.gif
2004.12.15 18:36 B G:\Documents and Settings\bilbo\My Documents\Switch Skate REOPENED\Forums\Themes\XtremeGreen\xtremegreen\arrow_dw.gif --> host215.ipowerweb.com /public_html/forums/images/XtremeGreen/xtremegreen arrow_dw.gif
2004.12.15 18:36 B G:\Documents and Settings\bilbo\My Documents\Switch Skate REOPENED\Forums\Themes\XtremeGreen\xtremegreen\arrow_up.gif --> host215.ipowerweb.com /public_html/forums/images/XtremeGreen/xtremegreen arrow_up.gif
2004.12.15 18:36 B G:\Documents and Settings\bilbo\My Documents\Switch Skate REOPENED\Forums\Themes\XtremeGreen\xtremegreen\bb_bold.gif --> host215.ipowerweb.com /public_html/forums/images/XtremeGreen/xtremegreen bb_bold.gif
2004.12.15 18:36 B G:\Documents and Settings\bilbo\My Documents\Switch Skate REOPENED\Forums\Themes\XtremeGreen\xtremegreen\bb_center.gif --> host215.ipowerweb.com /public_html/forums/images/XtremeGreen/xtremegreen bb_center.gif
2004.12.15 18:36 B G:\Documents and Settings\bilbo\My Documents\Switch Skate REOPENED\Forums\Themes\XtremeGreen\xtremegreen\bb_code.gif --> host215.ipowerweb.com /public_html/forums/images/XtremeGreen/xtremegreen bb_code.gif
2004.12.15 18:36 B G:\Documents and Settings\bilbo\My Documents\Switch Skate REOPENED\Forums\Themes\XtremeGreen\xtremegreen\bb_email.gif --> host215.ipowerweb.com /public_html/forums/images/XtremeGreen/xtremegreen bb_email.gif
2004.12.15 18:36 B G:\Documents and Settings\bilbo\My Documents\Switch Skate REOPENED\Forums\Themes\XtremeGreen\xtremegreen\bb_image.gif --> host215.ipowerweb.com /public_html/forums/images/XtremeGreen/xtremegreen bb_image.gif
2004.12.15 18:36 B G:\Documents and Settings\bilbo\My Documents\Switch Skate REOPENED\Forums\Themes\XtremeGreen\xtremegreen\bb_italicize.gif --> host215.ipowerweb.com /public_html/forums/images/XtremeGreen/xtremegreen bb_italicize.gif
2004.12.15 18:36 B G:\Documents and Settings\bilbo\My Documents\Switch Skate REOPENED\Forums\Themes\XtremeGreen\xtremegreen\bb_list.gif --> host215.ipowerweb.com /public_html/forums/images/XtremeGreen/xtremegreen bb_list.gif
2004.12.15 18:36 B G:\Documents and Settings\bilbo\My Documents\Switch Skate REOPENED\Forums\Themes\XtremeGreen\xtremegreen\bb_quote.gif --> host215.ipowerweb.com /public_html/forums/images/XtremeGreen/xtremegreen bb_quote.gif
2004.12.15 18:36 B G:\Documents and Settings\bilbo\My Documents\Switch Skate REOPENED\Forums\Themes\XtremeGreen\xtremegreen\bb_underline.gif --> host215.ipowerweb.com /public_html/forums/images/XtremeGreen/xtremegreen bb_underline.gif
2004.12.15 18:36 B G:\Documents and Settings\bilbo\My Documents\Switch Skate REOPENED\Forums\Themes\XtremeGreen\xtremegreen\bb_url.gif --> host215.ipowerweb.com /public_html/forums/images/XtremeGreen/xtremegreen bb_url.gif
2004.12.15 18:36 B G:\Documents and Settings\bilbo\My Documents\Switch Skate REOPENED\Forums\Themes\XtremeGreen\xtremegreen\bbrules.gif --> host215.ipowerweb.com /public_html/forums/images/XtremeGreen/xtremegreen bbrules.gif
2004.12.15 18:36 B G:\Documents and Settings\bilbo\My Documents\Switch Skate REOPENED\Forums\Themes\XtremeGreen\xtremegreen\blank_head.gif --> host215.ipowerweb.com /public_html/forums/images/XtremeGreen/xtremegreen blank_head.gif
2004.12.15 18:36 B G:\Documents and Settings\bilbo\My Documents\Switch Skate REOPENED\Forums\Themes\XtremeGreen\xtremegreen\dot_folder.gif --> host215.ipowerweb.com /public_html/forums/images/XtremeGreen/xtremegreen dot_folder.gif
2004.12.15 18:36 B G:\Documents and Settings\bilbo\My Documents\Switch Skate REOPENED\Forums\Themes\XtremeGreen\xtremegreen\dot_hot_folder.gif --> host215.ipowerweb.com /public_html/forums/images/XtremeGreen/xtremegreen dot_hot_folder.gif
2004.12.15 18:36 B G:\Documents and Settings\bilbo\My Documents\Switch Skate REOPENED\Forums\Themes\XtremeGreen\xtremegreen\dot_hot_red_folder.gif --> host215.ipowerweb.com /public_html/forums/images/XtremeGreen/xtremegreen dot_hot_red_folder.gif
2004.12.15 18:36 B G:\Documents and Settings\bilbo\My Documents\Switch Skate REOPENED\Forums\Themes\XtremeGreen\xtremegreen\dot_red_folder.gif --> host215.ipowerweb.com /public_html/forums/images/XtremeGreen/xtremegreen dot_red_folder.gif
2004.12.15 18:36 B G:\Documents and Settings\bilbo\My Documents\Switch Skate REOPENED\Forums\Themes\XtremeGreen\xtremegreen\edit.gif --> host215.ipowerweb.com /public_html/forums/images/XtremeGreen/xtremegreen edit.gif
2004.12.15 18:36 B G:\Documents and Settings\bilbo\My Documents\Switch Skate REOPENED\Forums\Themes\XtremeGreen\xtremegreen\email.gif --> host215.ipowerweb.com /public_html/forums/images/XtremeGreen/xtremegreen email.gif
2004.12.15 18:36 B G:\Documents and Settings\bilbo\My Documents\Switch Skate REOPENED\Forums\Themes\XtremeGreen\xtremegreen\faq.gif --> host215.ipowerweb.com /public_html/forums/images/XtremeGreen/xtremegreen faq.gif
2004.12.15 18:36 B G:\Documents and Settings\bilbo\My Documents\Switch Skate REOPENED\Forums\Themes\XtremeGreen\xtremegreen\find.gif --> host215.ipowerweb.com /public_html/forums/images/XtremeGreen/xtremegreen find.gif
2004.12.15 18:36 B G:\Documents and Settings\bilbo\My Documents\Switch Skate REOPENED\Forums\Themes\XtremeGreen\xtremegreen\folder.gif --> host215.ipowerweb.com /public_html/forums/images/XtremeGreen/xtremegreen folder.gif
2004.12.15 18:36 B G:\Documents and Settings\bilbo\My Documents\Switch Skate REOPENED\Forums\Themes\XtremeGreen\xtremegreen\green.gif --> host215.ipowerweb.com /public_html/forums/images/XtremeGreen/xtremegreen green.gif
2004.12.15 18:36 B G:\Documents and Settings\bilbo\My Documents\Switch Skate REOPENED\Forums\Themes\XtremeGreen\xtremegreen\home.gif --> host215.ipowerweb.com /public_html/forums/images/XtremeGreen/xtremegreen home.gif
2004.12.15 18:36 B G:\Documents and Settings\bilbo\My Documents\Switch Skate REOPENED\Forums\Themes\XtremeGreen\xtremegreen\hot_folder.gif --> host215.ipowerweb.com /public_html/forums/images/XtremeGreen/xtremegreen hot_folder.gif
2004.12.15 18:36 B G:\Documents and Settings\bilbo\My Documents\Switch Skate REOPENED\Forums\Themes\XtremeGreen\xtremegreen\hot_red_folder.gif --> host215.ipowerweb.com /public_html/forums/images/XtremeGreen/xtremegreen hot_red_folder.gif
2004.12.15 18:36 B G:\Documents and Settings\bilbo\My Documents\Switch Skate REOPENED\Forums\Themes\XtremeGreen\xtremegreen\icq_add.gif --> host215.ipowerweb.com /public_html/forums/images/XtremeGreen/xtremegreen icq_add.gif
2004.12.15 18:36 B G:\Documents and Settings\bilbo\My Documents\Switch Skate REOPENED\Forums\Themes\XtremeGreen\xtremegreen\inbox.gif --> host215.ipowerweb.com /public_html/forums/images/XtremeGreen/xtremegreen inbox.gif
2004.12.15 18:36 B G:\Documents and Settings\bilbo\My Documents\Switch Skate REOPENED\Forums\Themes\XtremeGreen\xtremegreen\index.html --> host215.ipowerweb.com /public_html/forums/images/XtremeGreen/xtremegreen index.html
2004.12.15 18:36 B G:\Documents and Settings\bilbo\My Documents\Switch Skate REOPENED\Forums\Themes\XtremeGreen\xtremegreen\install.php --> host215.ipowerweb.com /public_html/forums/images/XtremeGreen/xtremegreen install.php
2004.12.15 18:36 B G:\Documents and Settings\bilbo\My Documents\Switch Skate REOPENED\Forums\Themes\XtremeGreen\xtremegreen\ip.gif --> host215.ipowerweb.com /public_html/forums/images/XtremeGreen/xtremegreen ip.gif
2004.12.15 18:36 B G:\Documents and Settings\bilbo\My Documents\Switch Skate REOPENED\Forums\Themes\XtremeGreen\xtremegreen\ipost.gif --> host215.ipowerweb.com /public_html/forums/images/XtremeGreen/xtremegreen ipost.gif
2004.12.15 18:36 B G:\Documents and Settings\bilbo\My Documents\Switch Skate REOPENED\Forums\Themes\XtremeGreen\xtremegreen\lastpost.gif --> host215.ipowerweb.com /public_html/forums/images/XtremeGreen/xtremegreen lastpost.gif
2004.12.15 18:36 B G:\Documents and Settings\bilbo\My Documents\Switch Skate REOPENED\Forums\Themes\XtremeGreen\xtremegreen\lock_folder.gif --> host215.ipowerweb.com /public_html/forums/images/XtremeGreen/xtremegreen lock_folder.gif
2004.12.15 18:36 B G:\Documents and Settings\bilbo\My Documents\Switch Skate REOPENED\Forums\Themes\XtremeGreen\xtremegreen\locku2u.gif --> host215.ipowerweb.com /public_html/forums/images/XtremeGreen/xtremegreen locku2u.gif
2004.12.15 18:36 B G:\Documents and Settings\bilbo\My Documents\Switch Skate REOPENED\Forums\Themes\XtremeGreen\xtremegreen\members_list.gif --> host215.ipowerweb.com /public_html/forums/images/XtremeGreen/xtremegreen members_list.gif
2004.12.15 18:36 B G:\Documents and Settings\bilbo\My Documents\Switch Skate REOPENED\Forums\Themes\XtremeGreen\xtremegreen\msn.gif --> host215.ipowerweb.com /public_html/forums/images/XtremeGreen/xtremegreen msn.gif
2004.12.15 18:36 B G:\Documents and Settings\bilbo\My Documents\Switch Skate REOPENED\Forums\Themes\XtremeGreen\xtremegreen\newtopic.gif --> host215.ipowerweb.com /public_html/forums/images/XtremeGreen/xtremegreen newtopic.gif
2004.12.15 18:36 B G:\Documents and Settings\bilbo\My Documents\Switch Skate REOPENED\Forums\Themes\XtremeGreen\xtremegreen\newu2u.gif --> host215.ipowerweb.com /public_html/forums/images/XtremeGreen/xtremegreen newu2u.gif
2004.12.15 18:36 B G:\Documents and Settings\bilbo\My Documents\Switch Skate REOPENED\Forums\Themes\XtremeGreen\xtremegreen\online.gif --> host215.ipowerweb.com /public_html/forums/images/XtremeGreen/xtremegreen online.gif
2004.12.15 18:36 B G:\Documents and Settings\bilbo\My Documents\Switch Skate REOPENED\Forums\Themes\XtremeGreen\xtremegreen\online2.gif --> host215.ipowerweb.com /public_html/forums/images/XtremeGreen/xtremegreen online2.gif
2004.12.15 18:36 B G:\Documents and Settings\bilbo\My Documents\Switch Skate REOPENED\Forums\Themes\XtremeGreen\xtremegreen\outbox.gif --> host215.ipowerweb.com /public_html/forums/images/XtremeGreen/xtremegreen outbox.gif
2004.12.15 18:36 B G:\Documents and Settings\bilbo\My Documents\Switch Skate REOPENED\Forums\Themes\XtremeGreen\xtremegreen\pin.gif --> host215.ipowerweb.com /public_html/forums/images/XtremeGreen/xtremegreen pin.gif
2004.12.15 18:36 B G:\Documents and Settings\bilbo\My Documents\Switch Skate REOPENED\Forums\Themes\XtremeGreen\xtremegreen\pixel.gif --> host215.ipowerweb.com /public_html/forums/images/XtremeGreen/xtremegreen pixel.gif
2004.12.15 18:36 B G:\Documents and Settings\bilbo\My Documents\Switch Skate REOPENED\Forums\Themes\XtremeGreen\xtremegreen\poll.gif --> host215.ipowerweb.com /public_html/forums/images/XtremeGreen/xtremegreen poll.gif
2004.12.15 18:36 B G:\Documents and Settings\bilbo\My Documents\Switch Skate REOPENED\Forums\Themes\XtremeGreen\xtremegreen\pollbar-e.gif --> host215.ipowerweb.com /public_html/forums/images/XtremeGreen/xtremegreen pollbar-e.gif
2004.12.15 18:36 B G:\Documents and Settings\bilbo\My Documents\Switch Skate REOPENED\Forums\Themes\XtremeGreen\xtremegreen\pollbar-s.gif --> host215.ipowerweb.com /public_html/forums/images/XtremeGreen/xtremegreen pollbar-s.gif
2004.12.15 18:36 B G:\Documents and Settings\bilbo\My Documents\Switch Skate REOPENED\Forums\Themes\XtremeGreen\xtremegreen\pollbar.gif --> host215.ipowerweb.com /public_html/forums/images/XtremeGreen/xtremegreen pollbar.gif
2004.12.15 18:36 B G:\Documents and Settings\bilbo\My Documents\Switch Skate REOPENED\Forums\Themes\XtremeGreen\xtremegreen\pollsmall.gif --> host215.ipowerweb.com /public_html/forums/images/XtremeGreen/xtremegreen pollsmall.gif
2004.12.15 18:36 B G:\Documents and Settings\bilbo\My Documents\Switch Skate REOPENED\Forums\Themes\XtremeGreen\xtremegreen\profile.gif --> host215.ipowerweb.com /public_html/forums/images/XtremeGreen/xtremegreen profile.gif
2004.12.15 18:36 B G:\Documents and Settings\bilbo\My Documents\Switch Skate REOPENED\Forums\Themes\XtremeGreen\xtremegreen\quote.gif --> host215.ipowerweb.com /public_html/forums/images/XtremeGreen/xtremegreen quote.gif
2004.12.15 18:36 B G:\Documents and Settings\bilbo\My Documents\Switch Skate REOPENED\Forums\Themes\XtremeGreen\xtremegreen\red_folder.gif --> host215.ipowerweb.com /public_html/forums/images/XtremeGreen/xtremegreen red_folder.gif
2004.12.15 18:36 B G:\Documents and Settings\bilbo\My Documents\Switch Skate REOPENED\Forums\Themes\XtremeGreen\xtremegreen\reply.gif --> host215.ipowerweb.com /public_html/forums/images/XtremeGreen/xtremegreen reply.gif
2004.12.15 18:36 B G:\Documents and Settings\bilbo\My Documents\Switch Skate REOPENED\Forums\Themes\XtremeGreen\xtremegreen\report.gif --> host215.ipowerweb.com /public_html/forums/images/XtremeGreen/xtremegreen report.gif
2004.12.15 18:36 B G:\Documents and Settings\bilbo\My Documents\Switch Skate REOPENED\Forums\Themes\XtremeGreen\xtremegreen\search.gif --> host215.ipowerweb.com /public_html/forums/images/XtremeGreen/xtremegreen search.gif
2004.12.15 18:36 B G:\Documents and Settings\bilbo\My Documents\Switch Skate REOPENED\Forums\Themes\XtremeGreen\xtremegreen\site.gif --> host215.ipowerweb.com /public_html/forums/images/XtremeGreen/xtremegreen site.gif
2004.12.15 18:36 B G:\Documents and Settings\bilbo\My Documents\Switch Skate REOPENED\Forums\Themes\XtremeGreen\xtremegreen\space2.gif --> host215.ipowerweb.com /public_html/forums/images/XtremeGreen/xtremegreen space2.gif
2004.12.15 18:36 B G:\Documents and Settings\bilbo\My Documents\Switch Skate REOPENED\Forums\Themes\XtremeGreen\xtremegreen\star.gif --> host215.ipowerweb.com /public_html/forums/images/XtremeGreen/xtremegreen star.gif
2004.12.15 18:36 B G:\Documents and Settings\bilbo\My Documents\Switch Skate REOPENED\Forums\Themes\XtremeGreen\xtremegreen\stats.gif --> host215.ipowerweb.com /public_html/forums/images/XtremeGreen/xtremegreen stats.gif
2004.12.15 18:37 B G:\Documents and Settings\bilbo\My Documents\Switch Skate REOPENED\Forums\Themes\XtremeGreen\xtremegreen\Thumbs.db --> host215.ipowerweb.com /public_html/forums/images/XtremeGreen/xtremegreen Thumbs.db
2004.12.15 18:37 B G:\Documents and Settings\bilbo\My Documents\Switch Skate REOPENED\Forums\Themes\XtremeGreen\xtremegreen\todays_posts.gif --> host215.ipowerweb.com /public_html/forums/images/XtremeGreen/xtremegreen todays_posts.gif
2004.12.15 18:37 B G:\Documents and Settings\bilbo\My Documents\Switch Skate REOPENED\Forums\Themes\XtremeGreen\xtremegreen\u2u.gif --> host215.ipowerweb.com /public_html/forums/images/XtremeGreen/xtremegreen u2u.gif
2004.12.15 18:37 B G:\Documents and Settings\bilbo\My Documents\Switch Skate REOPENED\Forums\Themes\XtremeGreen\xtremegreen\yahoo.gif --> host215.ipowerweb.com /public_html/forums/images/XtremeGreen/xtremegreen yahoo.gif
