2005.01.17 04:29 B G:\Documents and Settings\bilbo\My Documents\Switch Skate REOPENED\Forums\Themes\greenwave\address.gif --> host215.ipowerweb.com /public_html/forums/images/greenwave address.gif
2005.01.17 04:29 B G:\Documents and Settings\bilbo\My Documents\Switch Skate REOPENED\Forums\Themes\greenwave\aim.gif --> host215.ipowerweb.com /public_html/forums/images/greenwave aim.gif
2005.01.17 04:29 B G:\Documents and Settings\bilbo\My Documents\Switch Skate REOPENED\Forums\Themes\greenwave\arrow_dw.gif --> host215.ipowerweb.com /public_html/forums/images/greenwave arrow_dw.gif
2005.01.17 04:29 B G:\Documents and Settings\bilbo\My Documents\Switch Skate REOPENED\Forums\Themes\greenwave\arrow_up.gif --> host215.ipowerweb.com /public_html/forums/images/greenwave arrow_up.gif
2005.01.17 04:29 B G:\Documents and Settings\bilbo\My Documents\Switch Skate REOPENED\Forums\Themes\greenwave\bb_bold.gif --> host215.ipowerweb.com /public_html/forums/images/greenwave bb_bold.gif
2005.01.17 04:29 B G:\Documents and Settings\bilbo\My Documents\Switch Skate REOPENED\Forums\Themes\greenwave\bb_center.gif --> host215.ipowerweb.com /public_html/forums/images/greenwave bb_center.gif
2005.01.17 04:29 B G:\Documents and Settings\bilbo\My Documents\Switch Skate REOPENED\Forums\Themes\greenwave\bb_code.gif --> host215.ipowerweb.com /public_html/forums/images/greenwave bb_code.gif
2005.01.17 04:29 B G:\Documents and Settings\bilbo\My Documents\Switch Skate REOPENED\Forums\Themes\greenwave\bb_email.gif --> host215.ipowerweb.com /public_html/forums/images/greenwave bb_email.gif
2005.01.17 04:29 B G:\Documents and Settings\bilbo\My Documents\Switch Skate REOPENED\Forums\Themes\greenwave\bb_image.gif --> host215.ipowerweb.com /public_html/forums/images/greenwave bb_image.gif
2005.01.17 04:29 B G:\Documents and Settings\bilbo\My Documents\Switch Skate REOPENED\Forums\Themes\greenwave\bb_italicize.gif --> host215.ipowerweb.com /public_html/forums/images/greenwave bb_italicize.gif
2005.01.17 04:29 B G:\Documents and Settings\bilbo\My Documents\Switch Skate REOPENED\Forums\Themes\greenwave\bb_list.gif --> host215.ipowerweb.com /public_html/forums/images/greenwave bb_list.gif
2005.01.17 04:29 B G:\Documents and Settings\bilbo\My Documents\Switch Skate REOPENED\Forums\Themes\greenwave\bb_quote.gif --> host215.ipowerweb.com /public_html/forums/images/greenwave bb_quote.gif
2005.01.17 04:29 B G:\Documents and Settings\bilbo\My Documents\Switch Skate REOPENED\Forums\Themes\greenwave\bb_underline.gif --> host215.ipowerweb.com /public_html/forums/images/greenwave bb_underline.gif
2005.01.17 04:29 B G:\Documents and Settings\bilbo\My Documents\Switch Skate REOPENED\Forums\Themes\greenwave\bb_url.gif --> host215.ipowerweb.com /public_html/forums/images/greenwave bb_url.gif
2005.01.17 04:29 B G:\Documents and Settings\bilbo\My Documents\Switch Skate REOPENED\Forums\Themes\greenwave\bbrules.gif --> host215.ipowerweb.com /public_html/forums/images/greenwave bbrules.gif
2005.01.17 04:29 B G:\Documents and Settings\bilbo\My Documents\Switch Skate REOPENED\Forums\Themes\greenwave\catbar.gif --> host215.ipowerweb.com /public_html/forums/images/greenwave catbar.gif
2005.01.17 04:29 B G:\Documents and Settings\bilbo\My Documents\Switch Skate REOPENED\Forums\Themes\greenwave\dot_folder.gif --> host215.ipowerweb.com /public_html/forums/images/greenwave dot_folder.gif
2005.01.17 04:29 B G:\Documents and Settings\bilbo\My Documents\Switch Skate REOPENED\Forums\Themes\greenwave\dot_hot_folder.gif --> host215.ipowerweb.com /public_html/forums/images/greenwave dot_hot_folder.gif
2005.01.17 04:29 B G:\Documents and Settings\bilbo\My Documents\Switch Skate REOPENED\Forums\Themes\greenwave\dot_hot_red_folder.gif --> host215.ipowerweb.com /public_html/forums/images/greenwave dot_hot_red_folder.gif
2005.01.17 04:29 B G:\Documents and Settings\bilbo\My Documents\Switch Skate REOPENED\Forums\Themes\greenwave\dot_red_folder.gif --> host215.ipowerweb.com /public_html/forums/images/greenwave dot_red_folder.gif
2005.01.17 04:29 B G:\Documents and Settings\bilbo\My Documents\Switch Skate REOPENED\Forums\Themes\greenwave\edit.gif --> host215.ipowerweb.com /public_html/forums/images/greenwave edit.gif
2005.01.17 04:29 B G:\Documents and Settings\bilbo\My Documents\Switch Skate REOPENED\Forums\Themes\greenwave\email.gif --> host215.ipowerweb.com /public_html/forums/images/greenwave email.gif
2005.01.17 04:30 B G:\Documents and Settings\bilbo\My Documents\Switch Skate REOPENED\Forums\Themes\greenwave\faq.gif --> host215.ipowerweb.com /public_html/forums/images/greenwave faq.gif
2005.01.17 04:30 B G:\Documents and Settings\bilbo\My Documents\Switch Skate REOPENED\Forums\Themes\greenwave\find.gif --> host215.ipowerweb.com /public_html/forums/images/greenwave find.gif
2005.01.17 04:30 B G:\Documents and Settings\bilbo\My Documents\Switch Skate REOPENED\Forums\Themes\greenwave\folder.gif --> host215.ipowerweb.com /public_html/forums/images/greenwave folder.gif
2005.01.17 04:30 B G:\Documents and Settings\bilbo\My Documents\Switch Skate REOPENED\Forums\Themes\greenwave\header.gif --> host215.ipowerweb.com /public_html/forums/images/greenwave header.gif
2005.01.17 04:30 B G:\Documents and Settings\bilbo\My Documents\Switch Skate REOPENED\Forums\Themes\greenwave\home.gif --> host215.ipowerweb.com /public_html/forums/images/greenwave home.gif
2005.01.17 04:30 B G:\Documents and Settings\bilbo\My Documents\Switch Skate REOPENED\Forums\Themes\greenwave\hot_folder.gif --> host215.ipowerweb.com /public_html/forums/images/greenwave hot_folder.gif
2005.01.17 04:30 B G:\Documents and Settings\bilbo\My Documents\Switch Skate REOPENED\Forums\Themes\greenwave\hot_red_folder.gif --> host215.ipowerweb.com /public_html/forums/images/greenwave hot_red_folder.gif
2005.01.17 04:30 B G:\Documents and Settings\bilbo\My Documents\Switch Skate REOPENED\Forums\Themes\greenwave\icq_add.gif --> host215.ipowerweb.com /public_html/forums/images/greenwave icq_add.gif
2005.01.17 04:30 B G:\Documents and Settings\bilbo\My Documents\Switch Skate REOPENED\Forums\Themes\greenwave\inbox.gif --> host215.ipowerweb.com /public_html/forums/images/greenwave inbox.gif
2005.01.17 04:30 B G:\Documents and Settings\bilbo\My Documents\Switch Skate REOPENED\Forums\Themes\greenwave\ip.gif --> host215.ipowerweb.com /public_html/forums/images/greenwave ip.gif
2005.01.17 04:30 B G:\Documents and Settings\bilbo\My Documents\Switch Skate REOPENED\Forums\Themes\greenwave\ipost.gif --> host215.ipowerweb.com /public_html/forums/images/greenwave ipost.gif
2005.01.17 04:30 B G:\Documents and Settings\bilbo\My Documents\Switch Skate REOPENED\Forums\Themes\greenwave\lastpost.gif --> host215.ipowerweb.com /public_html/forums/images/greenwave lastpost.gif
2005.01.17 04:30 B G:\Documents and Settings\bilbo\My Documents\Switch Skate REOPENED\Forums\Themes\greenwave\lock_folder.gif --> host215.ipowerweb.com /public_html/forums/images/greenwave lock_folder.gif
2005.01.17 04:30 B G:\Documents and Settings\bilbo\My Documents\Switch Skate REOPENED\Forums\Themes\greenwave\locku2u.gif --> host215.ipowerweb.com /public_html/forums/images/greenwave locku2u.gif
2005.01.17 04:30 B G:\Documents and Settings\bilbo\My Documents\Switch Skate REOPENED\Forums\Themes\greenwave\members_list.gif --> host215.ipowerweb.com /public_html/forums/images/greenwave members_list.gif
2005.01.17 04:30 B G:\Documents and Settings\bilbo\My Documents\Switch Skate REOPENED\Forums\Themes\greenwave\msn.gif --> host215.ipowerweb.com /public_html/forums/images/greenwave msn.gif
2005.01.17 04:30 B G:\Documents and Settings\bilbo\My Documents\Switch Skate REOPENED\Forums\Themes\greenwave\newmessage.gif --> host215.ipowerweb.com /public_html/forums/images/greenwave newmessage.gif
2005.01.17 04:30 B G:\Documents and Settings\bilbo\My Documents\Switch Skate REOPENED\Forums\Themes\greenwave\newtopic.gif --> host215.ipowerweb.com /public_html/forums/images/greenwave newtopic.gif
2005.01.17 04:30 B G:\Documents and Settings\bilbo\My Documents\Switch Skate REOPENED\Forums\Themes\greenwave\newu2u.gif --> host215.ipowerweb.com /public_html/forums/images/greenwave newu2u.gif
2005.01.17 04:30 B G:\Documents and Settings\bilbo\My Documents\Switch Skate REOPENED\Forums\Themes\greenwave\online.gif --> host215.ipowerweb.com /public_html/forums/images/greenwave online.gif
2005.01.17 04:30 B G:\Documents and Settings\bilbo\My Documents\Switch Skate REOPENED\Forums\Themes\greenwave\outbox.gif --> host215.ipowerweb.com /public_html/forums/images/greenwave outbox.gif
2005.01.17 04:30 B G:\Documents and Settings\bilbo\My Documents\Switch Skate REOPENED\Forums\Themes\greenwave\pin.gif --> host215.ipowerweb.com /public_html/forums/images/greenwave pin.gif
2005.01.17 04:30 B G:\Documents and Settings\bilbo\My Documents\Switch Skate REOPENED\Forums\Themes\greenwave\pixel.gif --> host215.ipowerweb.com /public_html/forums/images/greenwave pixel.gif
2005.01.17 04:30 B G:\Documents and Settings\bilbo\My Documents\Switch Skate REOPENED\Forums\Themes\greenwave\poll.gif --> host215.ipowerweb.com /public_html/forums/images/greenwave poll.gif
2005.01.17 04:30 B G:\Documents and Settings\bilbo\My Documents\Switch Skate REOPENED\Forums\Themes\greenwave\pollbar-e.gif --> host215.ipowerweb.com /public_html/forums/images/greenwave pollbar-e.gif
2005.01.17 04:30 B G:\Documents and Settings\bilbo\My Documents\Switch Skate REOPENED\Forums\Themes\greenwave\pollbar-s.gif --> host215.ipowerweb.com /public_html/forums/images/greenwave pollbar-s.gif
2005.01.17 04:30 B G:\Documents and Settings\bilbo\My Documents\Switch Skate REOPENED\Forums\Themes\greenwave\pollbar.gif --> host215.ipowerweb.com /public_html/forums/images/greenwave pollbar.gif
2005.01.17 04:30 B G:\Documents and Settings\bilbo\My Documents\Switch Skate REOPENED\Forums\Themes\greenwave\pollsmall.gif --> host215.ipowerweb.com /public_html/forums/images/greenwave pollsmall.gif
2005.01.17 04:30 B G:\Documents and Settings\bilbo\My Documents\Switch Skate REOPENED\Forums\Themes\greenwave\profile.gif --> host215.ipowerweb.com /public_html/forums/images/greenwave profile.gif
2005.01.17 04:30 B G:\Documents and Settings\bilbo\My Documents\Switch Skate REOPENED\Forums\Themes\greenwave\quote.gif --> host215.ipowerweb.com /public_html/forums/images/greenwave quote.gif
2005.01.17 04:30 B G:\Documents and Settings\bilbo\My Documents\Switch Skate REOPENED\Forums\Themes\greenwave\red_folder.gif --> host215.ipowerweb.com /public_html/forums/images/greenwave red_folder.gif
2005.01.17 04:30 B G:\Documents and Settings\bilbo\My Documents\Switch Skate REOPENED\Forums\Themes\greenwave\red_hot_folder.gif --> host215.ipowerweb.com /public_html/forums/images/greenwave red_hot_folder.gif
2005.01.17 04:30 B G:\Documents and Settings\bilbo\My Documents\Switch Skate REOPENED\Forums\Themes\greenwave\reply.gif --> host215.ipowerweb.com /public_html/forums/images/greenwave reply.gif
2005.01.17 04:30 B G:\Documents and Settings\bilbo\My Documents\Switch Skate REOPENED\Forums\Themes\greenwave\report.gif --> host215.ipowerweb.com /public_html/forums/images/greenwave report.gif
2005.01.17 04:30 B G:\Documents and Settings\bilbo\My Documents\Switch Skate REOPENED\Forums\Themes\greenwave\search.gif --> host215.ipowerweb.com /public_html/forums/images/greenwave search.gif
2005.01.17 04:30 B G:\Documents and Settings\bilbo\My Documents\Switch Skate REOPENED\Forums\Themes\greenwave\site.gif --> host215.ipowerweb.com /public_html/forums/images/greenwave site.gif
2005.01.17 04:30 B G:\Documents and Settings\bilbo\My Documents\Switch Skate REOPENED\Forums\Themes\greenwave\star.gif --> host215.ipowerweb.com /public_html/forums/images/greenwave star.gif
2005.01.17 04:30 B G:\Documents and Settings\bilbo\My Documents\Switch Skate REOPENED\Forums\Themes\greenwave\stats.gif --> host215.ipowerweb.com /public_html/forums/images/greenwave stats.gif
2005.01.17 04:30 B G:\Documents and Settings\bilbo\My Documents\Switch Skate REOPENED\Forums\Themes\greenwave\Thumbs.db --> host215.ipowerweb.com /public_html/forums/images/greenwave Thumbs.db
2005.01.17 04:30 B G:\Documents and Settings\bilbo\My Documents\Switch Skate REOPENED\Forums\Themes\greenwave\todays_posts.gif --> host215.ipowerweb.com /public_html/forums/images/greenwave todays_posts.gif
2005.01.17 04:30 B G:\Documents and Settings\bilbo\My Documents\Switch Skate REOPENED\Forums\Themes\greenwave\u2u.gif --> host215.ipowerweb.com /public_html/forums/images/greenwave u2u.gif
2005.01.17 04:30 B G:\Documents and Settings\bilbo\My Documents\Switch Skate REOPENED\Forums\Themes\greenwave\yahoo.gif --> host215.ipowerweb.com /public_html/forums/images/greenwave yahoo.gif
