2005.08.29 23:13 B C:\Documents and Settings\Adam.ADAMK\My Documents\Programming\Switch Skate\Layouts\Backups\File Backups\public_html\forums\buddy.php <-- Switch Skate /public_html/forums buddy.php
2005.08.29 23:13 B C:\Documents and Settings\Adam.ADAMK\My Documents\Programming\Switch Skate\Layouts\Backups\File Backups\public_html\forums\config.php <-- Switch Skate /public_html/forums config.php
2005.08.29 23:13 B C:\Documents and Settings\Adam.ADAMK\My Documents\Programming\Switch Skate\Layouts\Backups\File Backups\public_html\forums\cp.php <-- Switch Skate /public_html/forums cp.php
2005.08.29 23:13 B C:\Documents and Settings\Adam.ADAMK\My Documents\Programming\Switch Skate\Layouts\Backups\File Backups\public_html\forums\cp2.php <-- Switch Skate /public_html/forums cp2.php
2005.08.29 23:13 B C:\Documents and Settings\Adam.ADAMK\My Documents\Programming\Switch Skate\Layouts\Backups\File Backups\public_html\forums\dump_attachments.php <-- Switch Skate /public_html/forums dump_attachments.php
2005.08.29 23:13 B C:\Documents and Settings\Adam.ADAMK\My Documents\Programming\Switch Skate\Layouts\Backups\File Backups\public_html\forums\editprofile.php <-- Switch Skate /public_html/forums editprofile.php
2005.08.29 23:13 B C:\Documents and Settings\Adam.ADAMK\My Documents\Programming\Switch Skate\Layouts\Backups\File Backups\public_html\forums\faq.php <-- Switch Skate /public_html/forums faq.php
2005.08.29 23:13 B C:\Documents and Settings\Adam.ADAMK\My Documents\Programming\Switch Skate\Layouts\Backups\File Backups\public_html\forums\forumdisplay.php <-- Switch Skate /public_html/forums forumdisplay.php
2005.08.29 23:13 B C:\Documents and Settings\Adam.ADAMK\My Documents\Programming\Switch Skate\Layouts\Backups\File Backups\public_html\forums\functions.php <-- Switch Skate /public_html/forums functions.php
2005.08.29 23:13 B C:\Documents and Settings\Adam.ADAMK\My Documents\Programming\Switch Skate\Layouts\Backups\File Backups\public_html\forums\header.php <-- Switch Skate /public_html/forums header.php
2005.08.29 23:13 B C:\Documents and Settings\Adam.ADAMK\My Documents\Programming\Switch Skate\Layouts\Backups\File Backups\public_html\forums\index.php <-- Switch Skate /public_html/forums index.php
2005.08.29 23:13 B C:\Documents and Settings\Adam.ADAMK\My Documents\Programming\Switch Skate\Layouts\Backups\File Backups\public_html\forums\member.php <-- Switch Skate /public_html/forums member.php
2005.08.29 23:13 B C:\Documents and Settings\Adam.ADAMK\My Documents\Programming\Switch Skate\Layouts\Backups\File Backups\public_html\forums\memcp.php <-- Switch Skate /public_html/forums memcp.php
2005.08.29 23:13 B C:\Documents and Settings\Adam.ADAMK\My Documents\Programming\Switch Skate\Layouts\Backups\File Backups\public_html\forums\misc.php <-- Switch Skate /public_html/forums misc.php
2005.08.29 23:13 B C:\Documents and Settings\Adam.ADAMK\My Documents\Programming\Switch Skate\Layouts\Backups\File Backups\public_html\forums\phpinfo.php <-- Switch Skate /public_html/forums phpinfo.php
2005.08.29 23:13 B C:\Documents and Settings\Adam.ADAMK\My Documents\Programming\Switch Skate\Layouts\Backups\File Backups\public_html\forums\portal.php <-- Switch Skate /public_html/forums portal.php
2005.08.29 23:13 B C:\Documents and Settings\Adam.ADAMK\My Documents\Programming\Switch Skate\Layouts\Backups\File Backups\public_html\forums\portal_cp.php <-- Switch Skate /public_html/forums portal_cp.php
2005.08.29 23:13 B C:\Documents and Settings\Adam.ADAMK\My Documents\Programming\Switch Skate\Layouts\Backups\File Backups\public_html\forums\post.php <-- Switch Skate /public_html/forums post.php
2005.08.29 23:13 B C:\Documents and Settings\Adam.ADAMK\My Documents\Programming\Switch Skate\Layouts\Backups\File Backups\public_html\forums\shop.php <-- Switch Skate /public_html/forums shop.php
2005.08.29 23:13 B C:\Documents and Settings\Adam.ADAMK\My Documents\Programming\Switch Skate\Layouts\Backups\File Backups\public_html\forums\shop_admin.php <-- Switch Skate /public_html/forums shop_admin.php
2005.08.29 23:13 B C:\Documents and Settings\Adam.ADAMK\My Documents\Programming\Switch Skate\Layouts\Backups\File Backups\public_html\forums\shop_bank.php <-- Switch Skate /public_html/forums shop_bank.php
2005.08.29 23:13 B C:\Documents and Settings\Adam.ADAMK\My Documents\Programming\Switch Skate\Layouts\Backups\File Backups\public_html\forums\shop_category.php <-- Switch Skate /public_html/forums shop_category.php
2005.08.29 23:13 B C:\Documents and Settings\Adam.ADAMK\My Documents\Programming\Switch Skate\Layouts\Backups\File Backups\public_html\forums\shop_edit.php <-- Switch Skate /public_html/forums shop_edit.php
2005.08.29 23:14 B C:\Documents and Settings\Adam.ADAMK\My Documents\Programming\Switch Skate\Layouts\Backups\File Backups\public_html\forums\shop_item.php <-- Switch Skate /public_html/forums shop_item.php
2005.08.29 23:14 B C:\Documents and Settings\Adam.ADAMK\My Documents\Programming\Switch Skate\Layouts\Backups\File Backups\public_html\forums\shop_search.php <-- Switch Skate /public_html/forums shop_search.php
2005.08.29 23:14 B C:\Documents and Settings\Adam.ADAMK\My Documents\Programming\Switch Skate\Layouts\Backups\File Backups\public_html\forums\shop_stats.php <-- Switch Skate /public_html/forums shop_stats.php
2005.08.29 23:14 B C:\Documents and Settings\Adam.ADAMK\My Documents\Programming\Switch Skate\Layouts\Backups\File Backups\public_html\forums\stats.php <-- Switch Skate /public_html/forums stats.php
2005.08.29 23:14 B C:\Documents and Settings\Adam.ADAMK\My Documents\Programming\Switch Skate\Layouts\Backups\File Backups\public_html\forums\templates.xmb <-- Switch Skate /public_html/forums templates.xmb
2005.08.29 23:14 B C:\Documents and Settings\Adam.ADAMK\My Documents\Programming\Switch Skate\Layouts\Backups\File Backups\public_html\forums\today.php <-- Switch Skate /public_html/forums today.php
2005.08.29 23:14 B C:\Documents and Settings\Adam.ADAMK\My Documents\Programming\Switch Skate\Layouts\Backups\File Backups\public_html\forums\tools.php <-- Switch Skate /public_html/forums tools.php
2005.08.29 23:14 B C:\Documents and Settings\Adam.ADAMK\My Documents\Programming\Switch Skate\Layouts\Backups\File Backups\public_html\forums\topicadmin.php <-- Switch Skate /public_html/forums topicadmin.php
2005.08.29 23:14 B C:\Documents and Settings\Adam.ADAMK\My Documents\Programming\Switch Skate\Layouts\Backups\File Backups\public_html\forums\u2u.php <-- Switch Skate /public_html/forums u2u.php
2005.08.29 23:14 B C:\Documents and Settings\Adam.ADAMK\My Documents\Programming\Switch Skate\Layouts\Backups\File Backups\public_html\forums\u2uadmin.php <-- Switch Skate /public_html/forums u2uadmin.php
2005.08.29 23:14 B C:\Documents and Settings\Adam.ADAMK\My Documents\Programming\Switch Skate\Layouts\Backups\File Backups\public_html\forums\viewthread.php <-- Switch Skate /public_html/forums viewthread.php
2005.08.29 23:14 B C:\Documents and Settings\Adam.ADAMK\My Documents\Programming\Switch Skate\Layouts\Backups\File Backups\public_html\forums\xmb.php <-- Switch Skate /public_html/forums xmb.php
