2004.08.24 11:22 B E:\Documents and Settings\Adam Knox\Desktop\last skate world\photoshop\design2\content\sb_articles\add.html --> ftp.skate-world.net /public_html/content/sb_articles add.html
2004.08.24 11:22 B E:\Documents and Settings\Adam Knox\Desktop\last skate world\photoshop\design2\content\sb_articles\add_links.php --> ftp.skate-world.net /public_html/content/sb_articles add_links.php
2004.08.24 11:22 B E:\Documents and Settings\Adam Knox\Desktop\last skate world\photoshop\design2\content\sb_articles\delete.php --> ftp.skate-world.net /public_html/content/sb_articles delete.php
2004.08.24 11:22 B E:\Documents and Settings\Adam Knox\Desktop\last skate world\photoshop\design2\content\sb_articles\delete_links.php --> ftp.skate-world.net /public_html/content/sb_articles delete_links.php
2004.08.24 11:22 B E:\Documents and Settings\Adam Knox\Desktop\last skate world\photoshop\design2\content\sb_articles\links.php --> ftp.skate-world.net /public_html/content/sb_articles links.php
2004.08.24 11:52 B E:\Documents and Settings\Adam Knox\Desktop\last skate world\photoshop\design2\content\sb_articles\WS_FTP.LOG --> ftp.skate-world.net /public_html/content/sb_articles WS_FTP.LOG
2004.08.24 11:53 B E:\Documents and Settings\Adam Knox\Desktop\last skate world\photoshop\design2\content\sb_articles\add.html --> ftp.skate-world.net /public_html/content/sb_articles add.html
2004.08.24 11:53 B E:\Documents and Settings\Adam Knox\Desktop\last skate world\photoshop\design2\content\sb_articles\add_links.php --> ftp.skate-world.net /public_html/content/sb_articles add_links.php
2004.08.24 11:53 B E:\Documents and Settings\Adam Knox\Desktop\last skate world\photoshop\design2\content\sb_articles\delete.php --> ftp.skate-world.net /public_html/content/sb_articles delete.php
2004.08.24 11:53 B E:\Documents and Settings\Adam Knox\Desktop\last skate world\photoshop\design2\content\sb_articles\delete_links.php --> ftp.skate-world.net /public_html/content/sb_articles delete_links.php
2004.08.24 11:53 B E:\Documents and Settings\Adam Knox\Desktop\last skate world\photoshop\design2\content\sb_articles\links.php --> ftp.skate-world.net /public_html/content/sb_articles links.php
2004.08.24 11:57 B E:\Documents and Settings\Adam Knox\Desktop\last skate world\photoshop\design2\content\sb_articles\links.php --> ftp.skate-world.net /public_html/content/sb_articles links.php
2004.08.24 17:57 B E:\Documents and Settings\Adam Knox\Desktop\last skate world\photoshop\design2\content\sb_reviews\trucks\add.html --> ftp.skate-world.net /public_html/content/sb_reviews/trucks add.html
2004.08.24 17:57 B E:\Documents and Settings\Adam Knox\Desktop\last skate world\photoshop\design2\content\sb_reviews\trucks\add_links.php --> ftp.skate-world.net /public_html/content/sb_reviews/trucks add_links.php
2004.08.24 17:57 B E:\Documents and Settings\Adam Knox\Desktop\last skate world\photoshop\design2\content\sb_reviews\trucks\delete.php --> ftp.skate-world.net /public_html/content/sb_reviews/trucks delete.php
2004.08.24 17:57 B E:\Documents and Settings\Adam Knox\Desktop\last skate world\photoshop\design2\content\sb_reviews\trucks\delete_links.php --> ftp.skate-world.net /public_html/content/sb_reviews/trucks delete_links.php
2004.08.24 17:57 B E:\Documents and Settings\Adam Knox\Desktop\last skate world\photoshop\design2\content\sb_reviews\trucks\index.php --> ftp.skate-world.net /public_html/content/sb_reviews/trucks index.php
2004.08.24 17:57 B E:\Documents and Settings\Adam Knox\Desktop\last skate world\photoshop\design2\content\sb_reviews\trucks\WS_FTP.LOG --> ftp.skate-world.net /public_html/content/sb_reviews/trucks WS_FTP.LOG
2004.08.24 20:51 B E:\Documents and Settings\Adam Knox\Desktop\last skate world\photoshop\design2\content\sb_reviews\trucks\add.html --> ftp.skate-world.net /public_html/content/sb_reviews/trucks add.html
2004.08.24 20:51 B E:\Documents and Settings\Adam Knox\Desktop\last skate world\photoshop\design2\content\sb_reviews\trucks\add_links.php --> ftp.skate-world.net /public_html/content/sb_reviews/trucks add_links.php
2004.08.24 20:51 B E:\Documents and Settings\Adam Knox\Desktop\last skate world\photoshop\design2\content\sb_reviews\trucks\delete.php --> ftp.skate-world.net /public_html/content/sb_reviews/trucks delete.php
2004.08.24 20:51 B E:\Documents and Settings\Adam Knox\Desktop\last skate world\photoshop\design2\content\sb_reviews\trucks\delete_links.php --> ftp.skate-world.net /public_html/content/sb_reviews/trucks delete_links.php
2004.08.24 20:51 B E:\Documents and Settings\Adam Knox\Desktop\last skate world\photoshop\design2\content\sb_reviews\trucks\index.php --> ftp.skate-world.net /public_html/content/sb_reviews/trucks index.php
2004.08.24 20:51 B E:\Documents and Settings\Adam Knox\Desktop\last skate world\photoshop\design2\content\sb_reviews\trucks\add.html --> ftp.skate-world.net /public_html/content/sb_reviews/trucks add.html
2004.08.24 20:51 B E:\Documents and Settings\Adam Knox\Desktop\last skate world\photoshop\design2\content\sb_reviews\trucks\add_links.php --> ftp.skate-world.net /public_html/content/sb_reviews/trucks add_links.php
2004.08.24 20:52 B E:\Documents and Settings\Adam Knox\Desktop\last skate world\photoshop\design2\content\sb_reviews\trucks\delete.php --> ftp.skate-world.net /public_html/content/sb_reviews/trucks delete.php
2004.08.24 20:52 B E:\Documents and Settings\Adam Knox\Desktop\last skate world\photoshop\design2\content\sb_reviews\trucks\delete_links.php --> ftp.skate-world.net /public_html/content/sb_reviews/trucks delete_links.php
2004.08.24 20:52 B E:\Documents and Settings\Adam Knox\Desktop\last skate world\photoshop\design2\content\sb_reviews\trucks\index.php --> ftp.skate-world.net /public_html/content/sb_reviews/trucks index.php
2004.08.26 13:08 B E:\Documents and Settings\Adam Knox\Desktop\last skate world\photoshop\design2\content\sb_reviews\trucks\add_links.php --> ftp.skate-world.net /public_html/content/sb_reviews/trucks add_links.php
2004.08.26 13:08 B E:\Documents and Settings\Adam Knox\Desktop\last skate world\photoshop\design2\content\sb_reviews\trucks\delete.php --> ftp.skate-world.net /public_html/content/sb_reviews/trucks delete.php
2004.08.26 13:08 B E:\Documents and Settings\Adam Knox\Desktop\last skate world\photoshop\design2\content\sb_reviews\trucks\delete_links.php --> ftp.skate-world.net /public_html/content/sb_reviews/trucks delete_links.php
2004.08.26 13:09 B E:\Documents and Settings\Adam Knox\Desktop\last skate world\photoshop\design2\content\sb_reviews\trucks\index.php --> ftp.skate-world.net /public_html/content/sb_reviews/trucks index.php
2004.08.27 22:03 B E:\Documents and Settings\Adam Knox\Desktop\Skate World\1 Current Design\V15\content\sb_reviews\trucks\delete.php --> ftp.skate-world.net /public_html/content/sb_reviews/trucks delete.php
2004.08.27 22:13 B E:\Documents and Settings\Adam Knox\Desktop\Skate World\1 Current Design\V15\content\sb_reviews\trucks\delete.php --> ftp.skate-world.net /public_html/content/sb_reviews/trucks delete.php
2004.08.27 22:13 B E:\Documents and Settings\Adam Knox\Desktop\Skate World\1 Current Design\V15\content\sb_reviews\trucks\WS_FTP.LOG --> ftp.skate-world.net /public_html/content/sb_reviews/trucks WS_FTP.LOG
2004.08.27 22:35 B E:\Documents and Settings\Adam Knox\Desktop\Skate World\1 Current Design\V15\content\sb_reviews\trucks\delete.php --> ftp.skate-world.net /public_html/content/sb_reviews/trucks delete.php
2004.08.27 22:35 B E:\Documents and Settings\Adam Knox\Desktop\Skate World\1 Current Design\V15\content\sb_reviews\trucks\WS_FTP.LOG --> ftp.skate-world.net /public_html/content/sb_reviews/trucks WS_FTP.LOG
2004.08.27 22:54 B E:\Documents and Settings\Adam Knox\Desktop\Skate World\1 Current Design\V15\content\sb_reviews\trucks\delete.php --> ftp.skate-world.net /public_html/content/sb_reviews/trucks delete.php
2004.08.27 22:54 B E:\Documents and Settings\Adam Knox\Desktop\Skate World\1 Current Design\V15\content\sb_reviews\trucks\WS_FTP.LOG --> ftp.skate-world.net /public_html/content/sb_reviews/trucks WS_FTP.LOG
2004.08.27 23:21 B E:\Documents and Settings\Adam Knox\Desktop\Skate World\1 Current Design\V15\content\sb_reviews\trucks\delete.php --> ftp.skate-world.net /public_html/content/sb_reviews/trucks delete.php
2004.08.27 23:21 B E:\Documents and Settings\Adam Knox\Desktop\Skate World\1 Current Design\V15\content\sb_reviews\trucks\WS_FTP.LOG --> ftp.skate-world.net /public_html/content/sb_reviews/trucks WS_FTP.LOG
2004.09.20 16:30 B E:\Documents and Settings\Adam Knox\My Documents\Skate World\backup\content\sb_reviews\trucks\WS_FTP.LOG <-- Skate world Temporary /public_html/content/sb_reviews/trucks WS_FTP.LOG
2004.10.02 19:36 B G:\Documents and Settings\bilbo\My Documents\SwitchSkate\Current Design\V1\content\sb_reviews\trucks\add.html --> host215.ipowerweb.com /public_html/content/sb_reviews/trucks add.html
2004.10.02 19:36 B G:\Documents and Settings\bilbo\My Documents\SwitchSkate\Current Design\V1\content\sb_reviews\trucks\add_links.php --> host215.ipowerweb.com /public_html/content/sb_reviews/trucks add_links.php
2004.10.02 19:36 B G:\Documents and Settings\bilbo\My Documents\SwitchSkate\Current Design\V1\content\sb_reviews\trucks\delete.php --> host215.ipowerweb.com /public_html/content/sb_reviews/trucks delete.php
2004.10.02 19:36 B G:\Documents and Settings\bilbo\My Documents\SwitchSkate\Current Design\V1\content\sb_reviews\trucks\delete_links.php --> host215.ipowerweb.com /public_html/content/sb_reviews/trucks delete_links.php
2004.10.02 19:36 B G:\Documents and Settings\bilbo\My Documents\SwitchSkate\Current Design\V1\content\sb_reviews\trucks\index.php --> host215.ipowerweb.com /public_html/content/sb_reviews/trucks index.php
2004.10.02 19:36 B G:\Documents and Settings\bilbo\My Documents\SwitchSkate\Current Design\V1\content\sb_reviews\trucks\WS_FTP.LOG --> host215.ipowerweb.com /public_html/content/sb_reviews/trucks WS_FTP.LOG
2004.10.02 22:20 B G:\Documents and Settings\bilbo\My Documents\SwitchSkate\Current Design\V1\content\sb_reviews\trucks\WS_FTP.LOG --> host215.ipowerweb.com /public_html/content/sb_reviews/trucks WS_FTP.LOG
2004.10.06 23:38 B G:\Documents and Settings\bilbo\My Documents\SwitchSkate\Current Design\V1\content\sb_reviews\trucks\WS_FTP.LOG --> host215.ipowerweb.com /public_html/content/sb_reviews/trucks WS_FTP.LOG
2004.10.06 23:50 B G:\Documents and Settings\bilbo\My Documents\SwitchSkate\Current Design\V1\content\sb_reviews\trucks\WS_FTP.LOG --> host215.ipowerweb.com /public_html/content/sb_reviews/trucks WS_FTP.LOG
